ARM GAS  C:\Users\Luczia\AppData\Local\Temp\ccloqnvH.s 			page 1


   1              		.cpu cortex-m4
   2              		.eabi_attribute 20, 1
   3              		.eabi_attribute 21, 1
   4              		.eabi_attribute 23, 3
   5              		.eabi_attribute 24, 1
   6              		.eabi_attribute 25, 1
   7              		.eabi_attribute 26, 1
   8              		.eabi_attribute 30, 6
   9              		.eabi_attribute 34, 1
  10              		.eabi_attribute 18, 4
  11              		.file	"board.c"
  12              		.section	.gnu.lto_.inline.803e843d,"",%progbits
  13 0000 789C6363 		.ascii	"x\234cc``\230\306\200\000,\014\014\202\002\014\014L"
  13      606098C6 
  13      80002C0C 
  13      0C82020C 
  13      0C4C
  14 0012 720DBF18 		.ascii	"r\015\277\030\201\034&\220\030#\203\316\037\00641f\036"
  14      811C2690 
  14      182383CE 
  14      1F063431 
  14      661E
  15 0024 0610836C 		.ascii	"\006\020\203l\212\201U\014\310`Z \017\267\204\013F\260"
  15      8A81550C 
  15      C8605A20 
  15      0FB7840B 
  15      46B0
  16 0036 303033A1 		.ascii	"003\241\3121\000\000\024x\007\225"
  16      CA310000 
  16      14780795 
  17              		.text
  18              		.section	.gnu.lto_gpio_init.803e843d,"",%progbits
  19 0000 789CA594 		.ascii	"x\234\245\224\315k\023A\024\300\347\355\354G\223\232"
  19      CD6B1341 
  19      14C0E7ED 
  19      EC47939A 
  20 0010 1E0441A1 		.ascii	"\036\004A\241\207\036\204\320K\227\252\027A\360\240"
  20      871E84D0 
  20      4B97AA17 
  20      41F0A0
  21 001f 15444430 		.ascii	"\025DD0E\360T\232\210m@L1\177@7\241\322j<\210\230\026"
  21      45F0549A 
  21      886D404C 
  21      317F4037 
  21      A1D26A3C 
  22 0036 96A83928 		.ascii	"\226\2509(Z\265\215\242ml\2545\3066~\306~Z{\266\250"
  22      5AB58DA2 
  22      6D6CAC35 
  22      C6367EC6 
  22      7E5A7BB6 
  23 004b B404A1FF 		.ascii	"\264\004\241\377@\364\275\267\015H{\220%\303\316\333"
  23      40F4BDB7 
  23      0D487B90 
  23      25C3CEDB 
  24 005b 9D9D79BF 		.ascii	"\235\235y\277\375\315\014\263\272\020bH\023\342\004"
  24      FDCD0CB3 
  24      BA106248 
ARM GAS  C:\Users\Luczia\AppData\Local\Temp\ccloqnvH.s 			page 2


  24      13E204
  25 006a DE776115 		.ascii	"\336wa\025R\200\"\260\002`\003D\257\002\275pM\336\224"
  25      528022B0 
  25      02600344 
  25      AF02BD70 
  25      4DDE94
  26 007d 50E8FF39 		.ascii	"P\350\3779\2414\337\267\260\344\207\246\274\267\254"
  26      A134DFB7 
  26      B0E487A6 
  26      BCB7AC
  27 008c 394BA6A4 		.ascii	"9K\246\244\020\203Rp\201g\320\214\303\346\373\236\244"
  27      10835270 
  27      8167D08C 
  27      C3E6FB9E 
  27      A4
  28 009d 64027B00 		.ascii	"d\002{\000Tln\224\354\325\006j*\320\204\315\304\217"
  28      546C6E94 
  28      ECD5066A 
  28      2AD084CD 
  28      C48F
  29 00af 0731451E 		.ascii	"\0071E\036\006\201\317\326\230]\006\377=\313\212[\371"
  29      0681CFD6 
  29      985D06FF 
  29      3DCB8A5B 
  29      F9
  30 00c0 F25D69ED 		.ascii	"\362]i\355MI\011\343 \021\010c\320\010\317\241Q\340"
  30      4D4909E3 
  30      20110863 
  30      D008CFA1 
  30      51E0
  31 00d2 2B0159F0 		.ascii	"+\001Y\360\343\360\265J\346\227*\3338u\274|\247X\277"
  31      E3F0B54A 
  31      E6972ADB 
  31      3875BC7C 
  31      A758BF
  32 00e5 993ABDDB 		.ascii	"\231:\275\333\266\362jJ\252\360bk\256*`\002\374\224"
  32      B6F26A4A 
  32      AAF0626B 
  32      AE2A6002 
  32      FC94
  33 00f7 F0FD6925 		.ascii	"\360\375i%\351\323UG\026r\240\013\232^fA\313[\225?\375"
  33      E9D35547 
  33      1672A00B 
  33      9A5E6641 
  33      CB5B953F 
  34 010c 08D9638F 		.ascii	"\010\331c\217zv\002\346h\012\005IA\245\240Q\320)\030"
  34      7A7602E6 
  34      680A0549 
  34      41A5A051 
  34      D02918
  35 011f 143C4048 		.ascii	"\024<@H/\220\224\020\003<\367+\022WL\256C<\2676<\323"
  35      2F909410 
  35      033CF72B 
  35      12574CAE 
  35      433CB736 
  36 0135 40745B02 		.ascii	"@t[\002~t\360ra\326\240\271\253,=Y(\025\3654\334\216"
  36      7E74F072 
ARM GAS  C:\Users\Luczia\AppData\Local\Temp\ccloqnvH.s 			page 3


  36      61D6A0B9 
  36      AB2C3D59 
  36      2815F534 
  37 014b E10A36A5 		.ascii	"\341\0126\245$\016\362\300K\364\244\276\215\304\215"
  37      240EF2C0 
  37      4BF4A4BE 
  37      8DC48D
  38 015a 153047AC 		.ascii	"\0250G\254\353\334e\300$\244!\311px\005\246X\207\302"
  38      EBDC65C0 
  38      24A421C9 
  38      707805A6 
  38      5887C2
  39 016d D2D5618D 		.ascii	"\322\325a\215\320\377r\3456n:\210\222u\266\364\302\324"
  39      D0FF72E5 
  39      366E3A88 
  39      9275B6F4 
  39      C2D4
  40 017f 2679399B 		.ascii	"&y9\233\313\372\220\334\027#\262\007^3\23177\017&\212"
  40      CBFA90DC 
  40      1723B207 
  40      5E339937 
  40      370F268A 
  41 0193 0A167F58 		.ascii	"\012\026\177X\025W\\\232\276a\236B\274\3026Swjo\031"
  41      15575C9A 
  41      BE619E42 
  41      BCC23653 
  41      776A6F19 
  42 01a7 C53B344D 		.ascii	"\305;4Mj\212\243\366\250\252&]\252\3150O%^\261F\265"
  42      6A8AA3F6 
  42      A8AA265D 
  42      AACD304F 
  42      255EB146 
  43 01bc 778CD208 		.ascii	"w\214\322\010\365\236\324\244\243\366\270\252\246\272"
  43      F59ED4A4 
  43      A3F6B8AA 
  43      A6BA
  44 01ca 54FBC03C 		.ascii	"T\373\300<\235x\037kT\373\304(\203P\237IMu\324F\252"
  44      9D781F6B 
  44      54FBC428 
  44      83509F49 
  44      4D75D446 
  45 01df 6A9A4BB5 		.ascii	"j\232K\265\022\363\352\210\367\245F\265YFy\0105Gj\232"
  45      12F3EA88 
  45      F7A546B5 
  45      59467908 
  45      35476A9A 
  46 01f3 A3365A55 		.ascii	"\2436ZU\333J\374\237\332<\363\274\304[\250Qm\221Q\365"
  46      DB4AFC9F 
  46      DA3CF3BC 
  46      C45BA851 
  46      6D9151F5 
  47 0207 845A2235 		.ascii	"\204Z\"5\335Q\313T\325\014\227j_\231\267\203x\3135\252"
  47      DD51CB54 
  47      D50C976A 
  47      5F99B783 
  47      78CB35AA 
  48 021b 7D63948F 		.ascii	"}c\224\217P+\244f\210\337\020O\257&\201\377[T\006\350"
ARM GAS  C:\Users\Luczia\AppData\Local\Temp\ccloqnvH.s 			page 4


  48      502BA466 
  48      88DF104F 
  48      AF2681FF 
  48      5B5406E8 
  49 022f FCE2913B 		.ascii	"\374\342\221;\324\322b\342\025\352\016\007\303\221h"
  49      D4D262E2 
  49      15EA0E07 
  49      C39168
  50 023e EBC15633 		.ascii	"\353\301V3\0225\273;/\230\301H\347\245sQ3\320\336\021"
  50      1235BB3B 
  50      2F98C148 
  50      E7A57351 
  50      33D0DE11 
  51 0252 683FB97F 		.ascii	"h?\271\177\337\261\003\035G\217\007\216\234:\323v\372"
  51      DFB1031D 
  51      478F078E 
  51      9C3AD376 
  51      FA
  52 0263 ACD3D712 		.ascii	"\254\323\327\022\022ZWO8\322\243\207\"\027\317\207\273"
  52      125A574F 
  52      38D2A387 
  52      2217CF87 
  52      BB
  53 0274 FE024308 		.ascii	"\376\002C\010\335\214"
  53      DD8C
  54              		.text
  55              		.section	.gnu.lto_stm32_gpio_init.803e843d,"",%progbits
  56 0000 789C8DD6 		.ascii	"x\234\215\326oL\033e\030\000\360{\356\275\266\327\226"
  56      6F4C1B65 
  56      1800F07B 
  56      EEBDB6D7 
  56      96
  57 0011 168819BA 		.ascii	"\026\210\031\272\204\017K\026>,K\250\250_LL\374\240"
  57      840F4B16 
  57      3E2C4BA8 
  57      A85F4C4C 
  57      FCA0
  58 0023 33D1C498 		.ascii	"3\321\304\230\310b\342\247e\233&[\262\204D\022\277\366"
  58      C862E2A7 
  58      659B265B 
  58      B2844412 
  58      BFF6
  59 0035 8032BA4D 		.ascii	"\2002\272M\027\242\014gs3M\026\003\206,\314\270\015"
  59      17A20C67 
  59      73334D16 
  59      03862CCC 
  59      B80D
  60 0047 CAE6A845 		.ascii	"\312\346\250E\360\017\262\301\004t\242S\230\260\311"
  60      F00FB2C1 
  60      0474A253 
  60      98B0C9
  61 0056 9F095B99 		.ascii	"\237\011[\231\033\377\352\363\274\357\335\016J\357\326"
  61      1BFFEAF3 
  61      BCEFDD0E 
  61      4AEFD6
  62 0065 068EE7EE 		.ascii	"\006\216\347\356\275\367y~\317{\327;\334\222$%\375\222"
  62      BDF7797E 
ARM GAS  C:\Users\Luczia\AppData\Local\Temp\ccloqnvH.s 			page 5


  62      CF7BD73B 
  62      DC922425 
  62      FD92
  63 0077 F41AFEDD 		.ascii	"\364\032\376\335\216\277\222K\002Y\302_`\270e\240\340"
  63      8EBF924B 
  63      0259C25F 
  63      60B865A0 
  63      E0
  64 0088 5601C001 		.ascii	"V\001\300\001\220\3022S \014\037\260&\006\251\206\251"
  64      90C23253 
  64      200C1FB0 
  64      2606A986 
  64      A9
  65 0099 84BCA345 		.ascii	"\204\274\243E\303O\362\223\264\357\2246\2501\035\247"
  65      C34FF293 
  65      B4EF9436 
  65      A8311DA7 
  66 00a9 3433897F 		.ascii	"43\211\177\340+\330!\341y\023_\256\235\010\270\025q"
  66      E02BD821 
  66      E179135F 
  66      AE9D08B8 
  66      1571
  67 00bb 1CCE811B 		.ascii	"\034\316\201\033\363H2\016\014E\316\352\354\030\316"
  67      F348320E 
  67      0C45CEEA 
  67      EC18CE
  68 00ca 01507077 		.ascii	"\001Ppwa v3H\2732l\303\335\305\213\221\353A\366\"P\212"
  68      61207633 
  68      48BB326C 
  68      C3DDC58B 
  68      91EB41F6 
  69 00e1 CEBB0D37 		.ascii	"\316\273\0157\324\262\323\232V\253%\357\267\271c\255"
  69      D4B2D39A 
  69      56AB25EF 
  69      B7B963AD 
  70 00f1 C9C8369D 		.ascii	"\311\3106\2351\350\000\206Y\341\002\224\302y(\025U;"
  70      31E80086 
  70      59E10294 
  70      C2792815 
  70      553B
  71 0103 A10C671C 		.ascii	"\241\014g\034\235I\035\367\263]|v\363\361\276\0320f"
  71      9D491DF7 
  71      B35D7C76 
  71      F3F1BE1A 
  71      3066
  72 0115 2FED7C34 		.ascii	"/\355|49\221cr\027\224\265_s%\265\265L\203\226\034\335"
  72      39916372 
  72      1794B55F 
  72      7325B5B5 
  72      4C83961C 
  73 012a D99FEE7D 		.ascii	"\331\237\356}b;H:Sd\3340F\221B\221\213\"7E\036\212T"
  73      623B483A 
  73      5364DC30 
  73      46914291 
  73      8B223745 
  74 0141 8ABC14F9 		.ascii	"\212\274\024\371h\343\247\335\002\212\002\024\005)*"
  74      68E3A7DD 
ARM GAS  C:\Users\Luczia\AppData\Local\Temp\ccloqnvH.s 			page 6


  74      028A0214 
  74      05292A
  75 0150 A4A888A2 		.ascii	"\244\250\210\242b\212\266\320\246\204v\267R$IQ\276j"
  75      628AB6D0 
  75      A68476B7 
  75      52244951 
  75      BE6A
  76 0162 4718AE3C 		.ascii	"G\030\256<\233\206\332\364\355\313\357\322Z\305\030"
  76      9B86DAF4 
  76      EDCBEFD2 
  76      5AC518
  77 0171 60079153 		.ascii	"`\007\221S\275S^Z\032\005\264\371\250\246\300E\004O"
  77      BD535E5A 
  77      1A05B4F9 
  77      A8A6C045 
  77      044F
  78 0183 43AACB2B 		.ascii	"C\252\313+\316\241\325l\256O]\365\210s\250\351K\251"
  78      CEA1D56C 
  78      AE4F5DF5 
  78      8873A8E9 
  78      4BA9
  79 0195 813E771C 		.ascii	"\201>w\034>\253\301\313\203\355\2720\021\\\2426ql\264"
  79      3EABC1CB 
  79      83EDBA30 
  79      115CA236 
  79      716CB4
  80 01a8 A3AB2310 		.ascii	"\243\253#\020:\243E@gn\370\032\342p\202W\207\313\020"
  80      3AA34540 
  80      676EF81A 
  80      E2708257 
  80      87CB10
  81 01bb 92A8B82A 		.ascii	"\222\250\270*\3222\243N\335\203\303 \216(\242V\343H"
  81      D232A34E 
  81      DD83C320 
  81      8E28A256 
  81      E348
  82 01cd FF870AD5 		.ascii	"\377\207\012\325b\220a\320-0\303G\371I9k3\233\332I\253"
  82      629061D0 
  82      2D30C347 
  82      F949396B 
  82      339BDA49 
  83 01e2 F63710C2 		.ascii	"\3667\020\302\374\353\313\273\262\333\314\235\333e\223"
  83      FCEBCBBB 
  83      B2DBCC9D 
  83      DB6593
  84 01f1 3B65E5EE 		.ascii	";e\345\356\331\330\227\307\354k\305\354K\025\311'\273"
  84      D9D897C7 
  84      EC6BC5EC 
  84      4B15C927 
  84      BB
  85 0202 463A03A2 		.ascii	"F:\003\242/m%\223)\204o\037\337\232\307\246|\257U\276"
  85      2F6D2593 
  85      29846F1F 
  85      DF9AC7A6 
  85      7CAF55BE 
  86 0216 8F5A53D7 		.ascii	"\217ZS\327\013\274\331\255m\311\231\333\2739w\015\015"
  86      0BBCD9AD 
ARM GAS  C:\Users\Luczia\AppData\Local\Temp\ccloqnvH.s 			page 7


  86      6DC999DB 
  86      BB39770D 
  86      0D
  87 0227 B9E13B2B 		.ascii	"\271\341;+\373\367Fs\255\335.\221\313\227\235\334\237"
  87      FBF74673 
  87      ADDD2E91 
  87      CB979DDC 
  87      9F
  88 0238 33B9CF06 		.ascii	"3\271\317\006\376\003O\315\277\357?n\\\267\202M\367"
  88      FE034FCD 
  88      BFEF3F6E 
  88      5CB7824D 
  88      F7
  89 0249 430093E7 		.ascii	"C\000\223\347s\375\013lj\365[\265~\242E\012\360\357"
  89      73FD0B6C 
  89      6AF55BB5 
  89      7EA2450A 
  89      F0EF
  90 025b 0033BE03 		.ascii	"\0003\276\003F\331`v?\2059k\004mj\014\360\0322\325\270"
  90      46D96076 
  90      3F85396B 
  90      046D6A0C 
  90      F01A32D5 
  91 0270 B2B19FA2 		.ascii	"\262\261\237\242M\375\024c\362|\372)\262\251u\325\252"
  91      4DFD1463 
  91      F27CFA29 
  91      B2A975D5 
  91      AA
  92 0281 3548FD14 		.ascii	"5H\375\024\363~\224\215\375\224d\367\2635g\215\022\333"
  92      F37E948D 
  92      FD9464F7 
  92      B335678D 
  92      12DB
  93 0293 8B3F6455 		.ascii	"\213?dU\271\206\035\315B}\374L\011\177\262\342\311\211"
  93      B9861DCD 
  93      427DFC4C 
  93      097FB2E2 
  93      C989
  94 02a5 C4EC9827 		.ascii	"\304\354\230'\274\252\251:\3634\323\322\302\317\020"
  94      BCAAA93A 
  94      F334D3D2 
  94      C2CF10
  95 02b4 A681F4D8 		.ascii	"\246\201\364\330\304\025\240\233[\005M\243\207\3100"
  95      C415A09B 
  95      5B054DA3 
  95      87C830
  96 02c3 94AE7F6E 		.ascii	"\224\256\177nx\371s\243n\251\373^\020\247?\205\007\342"
  96      78F973A3 
  96      6EA9FB5E 
  96      10A73F85 
  96      07E2
  97 02d5 7483E1B1 		.ascii	"t\203\341\261\207CsQ?\331\212t\274kF\361\0050b\310z"
  97      87437351 
  97      3FD98A74 
  97      BC6B46F1 
  97      053062C8 
  98 02ea 6299F902 		.ascii	"b\231\371\002\2245jZ|B\326\361f\370\205\333\214\211"
ARM GAS  C:\Users\Luczia\AppData\Local\Temp\ccloqnvH.s 			page 8


  98      94356A5A 
  98      7C42D6F1 
  98      66F885DB 
  98      8C89
  99 02fc CB9F7F74 		.ascii	"\313\237\177tA\305d'q8\250\343]\360+\204\304\033\340"
  99      41C56427 
  99      7138A8E3 
  99      5DF02B84 
  99      C41BE0
 100 030f 3A8475BC 		.ascii	":\204u\274\332DO8\320\177\023\364Xj\271\307k\320\243"
 100      DA444F38 
 100      D07F13F4 
 100      586AB9C7 
 100      6BD0A3
 101 0322 441FE3F4 		.ascii	"D\037\343\364\307[\177w\264\376\301\255\212\215\365"
 101      C75B7F77 
 101      B4FEC1AD 
 101      8A8DF5
 102 0331 8669FDD3 		.ascii	"\206i\375\323\262N:X\377\022\326\246\324\247\303\001"
 102      B24E3A58 
 102      FF12D6A6 
 102      D4A7C301 
 103 0341 C3DA48D6 		.ascii	"\303\332H\326\361<\255\023\216\326\233\334\352\262\261"
 103      F13CAD13 
 103      8ED69BDC 
 103      EAB2B1
 104 0350 FE6D5A27 		.ascii	"\376mZ'-\353\202\203uJX\243mM\247\231a=I\326[yZo;Z\377"
 104      2DEB8283 
 104      754A58A3 
 104      6D4DA799 
 104      613D49D6 
 105 036b E156B78D 		.ascii	"\341V\267\215u\332\264\316X\326U\007\353\254\260\216"
 105      75DAB4CE 
 105      58D65507 
 105      EBACB08E 
 106 037b B50FCCA8 		.ascii	"\265\017\314\250\2065N\326\271<\255w\034\255\377r\253"
 106      86354ED6 
 106      B93CAD77 
 106      1CADFF72 
 106      AB
 107 038c C7C63A6F 		.ascii	"\307\306:oZ\027,\353\027O\332[\357\012\353`\313\255"
 107      5A172CEB 
 107      174FDA5B 
 107      EF0AEB60 
 107      CBAD
 108 039e A8CBB0B6 		.ascii	"\250\313\260\266\222\365^\236\326\264\243u\221[U\033"
 108      92F55E9E 
 108      D6B4A375 
 108      915B551B 
 109 03ae EB7DD3FA 		.ascii	"\353}\323\372\237e=\357`} \254\037/\266\214\233\326"
 109      9F653DEF 
 109      607D20AC 
 109      1F2FB68C 
 109      9BD6
 110 03c0 B3647D98 		.ascii	"\263d}\230\247u\311\321\272\314\255^\033\353\212i]\265"
 110      A775C9D1 
 110      BACCAD5E 
ARM GAS  C:\Users\Luczia\AppData\Local\Temp\ccloqnvH.s 			page 9


 110      1BEB8A69 
 110      5DB5
 111 03d2 ACE30ED6 		.ascii	"\254\343\016\3265a\355=\3276lZ;\311\232\311\323\252"
 111      3561ED3D 
 111      D7366C5A 
 111      3BC99AC9 
 111      D3AA
 112 03e4 C94ED61A 		.ascii	"\311N\326\032\231\254>\033k\255lX\353\344G\3269\007"
 112      99AC3E1B 
 112      6BAD6C58 
 112      EBE447D6 
 112      3907
 113 03f6 6B44E6D6 		.ascii	"kD\346\326\245\311\336c\346\375\232$k\275\234\237\365"
 113      A5C9DE63 
 113      E6FD9A24 
 113      6BBD9C9F 
 113      F5
 114 0407 B0A3B581 		.ascii	"\260\243\265\201[\3756\326\250i=\"\254w\2406\336\256"
 114      5BFD36D6 
 114      A8693D22 
 114      AC77A036 
 114      DEAE
 115 0419 F3F718FF 		.ascii	"\363\367\030\377\0077JB|q\274P^\036\302\237\375\007"
 115      07374A42 
 115      7C71BC50 
 115      5E1EC29F 
 115      FD07
 116 042b 0EEE3B58 		.ascii	"\016\356;XU]\361|E\250\252:t`\357\241\320\276\252\275"
 116      555DF17C 
 116      45A8AA3A 
 116      7460EFA1 
 116      D0BEAABD 
 117 043f EFBD531D 		.ascii	"\357\275S\035\252\334\275\247r\367\353\317>\363\312"
 117      AADCBDA7 
 117      72F7EBCF 
 117      3EF3CA
 118 044e 737B5E7E 		.ascii	"s{^~\265\362\2457\336\332\365\346\333b\254|\277\344"
 118      B5F2A537 
 118      DEDAF5E6 
 118      DB62AC7C 
 118      BFE4
 119 0460 7ABFEA50 		.ascii	"z\277\352P\371\323|[\361?\346U\332\315"
 119      F9D37C5B 
 119      F13FE655 
 119      DACD
 120              		.text
 121              		.section	.gnu.lto_gpio_default_config.803e843d,"",%progbits
 122 0000 789CDD93 		.ascii	"x\234\335\223\313/\003Q\024\306\347\364\266Sm=bgAXK"
 122      CB2F0351 
 122      14C6E7F4 
 122      B6536D3D 
 122      62674158 
 123 0015 58F7CFF2 		.ascii	"X\367\317\362'\\%\342\025*\214x&R\357v!\224\276<\332"
 123      275C25E2 
 123      152A8C78 
 123      2652EF76 
 123      2194BE3C 
ARM GAS  C:\Users\Luczia\AppData\Local\Temp\ccloqnvH.s 			page 10


 124 002a A255AFB2 		.ascii	"\242U\257\262h\261\021\025\257\020J\330\264\036\255"
 124      68B11115 
 124      AF104AD8 
 124      B41EAD
 125 0039 737B2FC9 		.ascii	"s{/\311M\272\2615\213\371\362}3s\276_\316\314\250\212"
 125      4DBAB135 
 125      8BF9F27D 
 125      3373BE5F 
 125      CECCA88A 
 126 004d A2D4E815 		.ascii	"\242\324\350\025\005\024~\014\020Xx\364g\313\272\310"
 126      05147E0C 
 126      105878F4 
 126      67CBBAC8 
 127 005d 18C110ED 		.ascii	"\030\301\020\355\364\373\307\013\3416\237'\030\234\307"
 127      F4FBC70B 
 127      E1369F27 
 127      189CC7
 128 006c E65DBF41 		.ascii	"\346]\277A>_\201Q\334\327\367a\260zh\373\004m\032#\240"
 128      3E5F8151 
 128      DCD7F761 
 128      B07A68FB 
 128      046D1A23 
 129 0081 E1253754 		.ascii	"\341%7Tk\004\270\350`\205\011\341N\017\313L\014\334"
 129      6B04B8E8 
 129      608509E1 
 129      4E0FCB4C 
 129      0CDC
 130 0093 A94C947F 		.ascii	"\251L\224\1776\303\233vy\305\012C\314\333\303\356Y\243"
 130      36C39B76 
 130      79C50A43 
 130      CCDBC3EE 
 130      59A3
 131 00a5 3C33F0D7 		.ascii	"<3\360\327\231\363\211\303\007\263X{-\372\255\257h\233"
 131      99F389C3 
 131      07B3587B 
 131      2DFAADAF 
 131      689B
 132 00b7 91FBE444 		.ascii	"\221\373\344DR\207\311M\374\365M\334Amt\316\200\321"
 132      5287C94D 
 132      FCF54DDC 
 132      416D74CE 
 132      80D1
 133 00c9 95C39DB5 		.ascii	"\225\303\235\265\310\305\033\305\212\327y\361Z\261\342"
 133      C8C51BC5 
 133      8AD779F1 
 133      5AB1E2
 134 00d8 EBCCE281 		.ascii	"\353\314\342\201E\214\355\256\302\300\325\233\3520\211"
 134      458CEDAE 
 134      C2C0D59B 
 134      EA3089
 135 00e7 000F1523 		.ascii	"\000\017\025#[\377`\253\250N8\007\034\254\332y\373\351"
 135      5BFF60AB 
 135      A84E3807 
 135      1CACDA79 
 135      FBE9
 136 00f9 179F4933 		.ascii	"\027\237I3\265Ub\222Z\312\215\233e\230\255b0\233\322"
 136      B5556292 
ARM GAS  C:\Users\Luczia\AppData\Local\Temp\ccloqnvH.s 			page 11


 136      5ACA8D9B 
 136      6598AD62 
 136      309BD2
 137 010c 16C21C26 		.ascii	"\026\302\034&\304a\036O\026\322\352ow\035&}3G\015<\320"
 137      C4611E4F 
 137      16D2EA6F 
 137      771D267D 
 137      33470D3C 
 138 0121 3A234ED6 		.ascii	":#N\326\034\275\234\034\021|!=z\232\336\246\006\361"
 138      1CBD9C1C 
 138      117C213D 
 138      7A9ADEA6 
 138      06F1
 139 0133 4C983D72 		.ascii	"L\230=r\241=i\252\014\022\343 ;\022HT\002\211p\220\000"
 139      A13D69AA 
 139      0C12E320 
 139      3B124854 
 139      02897090 
 140 0148 07C92C8D 		.ascii	"\007\311,\215\004K\305\320D=\006\243C\317\241\362\037"
 140      044BC5D0 
 140      443D06A3 
 140      43CFA1F2 
 140      1F
 141 0159 B2B30248 		.ascii	"\262\263\002Hv6g\027Q\202\266R\306\222\034\316$u\342"
 141      76366717 
 141      5182B652 
 141      C6921CCE 
 141      2475E2
 142 016c 2D9EE60A 		.ascii	"-\236\346\012?OK*\322\003?\223l\2057y\377\2455\312|"
 142      3F4F4B2A 
 142      D2033F93 
 142      6C853779 
 142      FFA535CA 
 143 0181 71695187 		.ascii	"qiQ\207\234\357@\342\333\347|{\234\357\316\321?%\226"
 143      9CEF40E2 
 143      DBE77C7B 
 143      9CEFCED1 
 143      3F2596
 144 0194 6DC7D93A 		.ascii	"m\307\331:\215\030\341\010\254\032)\201]&&\330fb\206"
 144      8D18E108 
 144      AC1A2981 
 144      5D2626D8 
 144      666286
 145 01a7 20130BAC 		.ascii	" \023\013\2542)\005?\2232\3601)\007/\223\012\360\200"
 145      3229053F 
 145      9332F031 
 145      29072F93 
 145      0AF080
 146 01ba 5581633C 		.ascii	"U\201c<}\003\274\377?\232"
 146      7D03BCFF 
 146      3F9A
 147              		.text
 148              		.section	.gnu.lto___early_init.803e843d,"",%progbits
 149 0000 789C6363 		.ascii	"x\234cc``8\001\304v@,\012\304\014\314\014\214L\014@"
 149      60603801 
 149      C476402C 
 149      0AC40CCC 
ARM GAS  C:\Users\Luczia\AppData\Local\Temp\ccloqnvH.s 			page 12


 149      0C8C4C0C 
 150 0015 CCC808E4 		.ascii	"\314\310\010\34402\32431\3263\3660Oaf<\324\376l'\223"
 150      3032D433 
 150      31D633F6 
 150      304F6166 
 150      3CD4FE6C 
 151 002b E6F20620 		.ascii	"\346\362\006 80\375\012_[C\253\304\034f\006\206i\314"
 151      3830FD0A 
 151      5F5B43AB 
 151      C41C6606 
 151      8669CC
 152 003e 0C60C0B8 		.ascii	"\014`\300\270\231Q\223\001\250\354\321\306\177Sy\331"
 152      99519301 
 152      A8ECD1C6 
 152      7F5379D9 
 153 004e 5820E28C 		.ascii	"X \342\214[\030\331\030@\006\255\277\304z\240\341\337"
 153      5B18D918 
 153      4006ADBF 
 153      C47AA0E1 
 153      DF
 154 005f FFF68603 		.ascii	"\377\366\206\003g\0263\336\365ca`\350\000\353\353d\006"
 154      671633DE 
 154      F5636160 
 154      E800EBEB 
 154      6406
 155 0071 5AC6FC86 		.ascii	"Z\306\374\206\261y\301\346\271\314`\325@#v\356|s\233"
 155      B179C1E6 
 155      B9CC60D5 
 155      402376EE 
 155      7C739B
 156 0084 BDFE6F03 		.ascii	"\275\376o\003\307\034f\306i\314@\355\214[\031\353\031"
 156      C71C66C6 
 156      69CC40ED 
 156      8C5B19EB 
 156      19
 157 0095 E6009582 		.ascii	"\346\000\225\202\024n\225\305\256\016\344\352mPu\357"
 157      146E95C5 
 157      AE0EE4EA 
 157      6D5075EF 
 158 00a5 189B16EC 		.ascii	"\030\233\026\354\236\313\010V\010\002\035 S\200\012"
 158      9ECB0856 
 158      08021D20 
 158      53800A
 159 00b4 6CF4F4F4 		.ascii	"l\364\364\364\201(9#3)3\277\330\320\322P?\277X?#1G?"
 159      81283923 
 159      332933BF 
 159      D8D0D250 
 159      3FBF583F 
 160 00cc 293FB128 		.ascii	")?\261(\245X?8$>8\304\327\330\310\315$\336\3053\330"
 160      A5583F38 
 160      243E38C4 
 160      D7D8C8CD 
 160      24DEC533 
 161 00e1 D93FCC35 		.ascii	"\331?\3145(\022\"\247\227\314\000\000T\007O\224"
 161      281222A7 
 161      97CC0000 
 161      54074F94 
ARM GAS  C:\Users\Luczia\AppData\Local\Temp\ccloqnvH.s 			page 13


 162              		.text
 163              		.section	.gnu.lto_boardInit.803e843d,"",%progbits
 164 0000 789C6363 		.ascii	"x\234cc``(\001b; \026\005b\006f\006F&\006 fd\004r\030"
 164      60602801 
 164      623B2016 
 164      05620666 
 164      06462606 
 165 001a 19EA9918 		.ascii	"\031\352\231\030\353\031{\230\24703\036j\177\266\223"
 165      EB197B98 
 165      A730331E 
 165      6A7FB693 
 166 002a 49737903 		.ascii	"Isy\003\020\034\230\276A\250\255\241Ub\0163\003\303"
 166      101C98BE 
 166      41A8ADA1 
 166      55620E33 
 166      03C3
 167 003c 34660630 		.ascii	"4f\0060`\334\314\250\311\000T\366h\343\277\251\274l"
 167      60DCCCA8 
 167      C90054F6 
 167      68E3BFA9 
 167      BC6C
 168 004e 2C1071C6 		.ascii	",\020q\306-\214l\014 \203\326_b=\320\360\357\177{\303"
 168      2D8C6C0C 
 168      2083D65F 
 168      623DD0F0 
 168      EF7F7BC3 
 169 0062 812F8B18 		.ascii	"\201/\213\030\267\006\001m\350\000\353\353d\0062\231"
 169      B706016D 
 169      E800EBEB 
 169      64063299 
 170 0072 DF313629 		.ascii	"\33716)\200\225\202@\0073P\003P\324FOO\037\210\2223"
 170      80958240 
 170      07335003 
 170      50D4464F 
 170      4F1F8892 
 171 0087 329332F3 		.ascii	"2\2232\363\213\015-\015\365\363\213\3653\022s\364\223"
 171      8B0D2D0D 
 171      F5F38BF5 
 171      331273F4 
 171      93
 172 0098 F2138B52 		.ascii	"\362\023\213R\212\365\203C\342\203C|\215\215\334L\342"
 172      8AF58343 
 172      E283437C 
 172      8D8DDC4C 
 172      E2
 173 00a9 5D3C839D 		.ascii	"]<\203\235\375\303\\\203\"!rz\311\014\000kK3\257"
 173      FDC35C83 
 173      2221727A 
 173      C90C006B 
 173      4B33AF
 174              		.text
 175              		.section	.gnu.lto_.symbol_nodes.803e843d,"",%progbits
 176 0000 789C5DCB 		.ascii	"x\234]\313A\016\202@\014\005\320?\177\204k\220x\022"
 176      410E8240 
 176      0C05D03F 
 176      7F846B90 
 176      7812
ARM GAS  C:\Users\Luczia\AppData\Local\Temp\ccloqnvH.s 			page 14


 177 0012 3D5987C0 		.ascii	"=Y\207\300\032\215W\230K\030W\232\331\210\012g a\313"
 177      1A8D5798 
 177      4B18579A 
 177      D9880A67 
 177      2061CB
 178 0025 198845CB 		.ascii	"\031\210E\313B\027\315k\376os\000W\035\260\245\000\307"
 178      4217CD6B 
 178      FE6F7300 
 178      571DB0A5 
 178      00C7
 179 0037 1E50CEE5 		.ascii	"\036P\316\345-\344\232=(\356/\313\356D\275\005<\237"
 179      2DE49A3D 
 179      28EE2FCB 
 179      EE44BD05 
 179      3C9F
 180 0049 14AEE5A5 		.ascii	"\024\256\345\245\334\353\371\213\342\177\022\327Q6\237"
 180      DCEBF98B 
 180      E27F12D7 
 180      51369F
 181 0058 040861A7 		.ascii	"\004\010a\247_\016\210\315T,&s4\253\303\327h&s4\253"
 181      5F0E88CD 
 181      542C2673 
 181      34ABC3D7 
 181      68267334 
 182 006d 93F58BBA 		.ascii	"\223\365\213\272\304av\336gH*\336\204\3134\332"
 182      C46176DE 
 182      67482ADE 
 182      84CB34DA 
 183              		.text
 184              		.section	.gnu.lto_.refs.803e843d,"",%progbits
 185 0000 789C0DC3 		.ascii	"x\234\015\303\331\015\000\020\024\000\260\247\037\022"
 185      D90D0010 
 185      1400B0A7 
 185      1F12
 186 000e 23B8D97F 		.ascii	"#\270\331\177I\2324G\304\372K\242\322\350\014&\213\315"
 186      499A3447 
 186      C4FA4BA2 
 186      D2E80C26 
 186      8BCD
 187 0020 E1C60315 		.ascii	"\341\306\003\025\361\001X"
 187      F10158
 188              		.text
 189              		.section	.gnu.lto_.decls.803e843d,"",%progbits
 190 0000 789CCD58 		.ascii	"x\234\315XkPTI\226\276y\263\012\212\242\000\027\210"
 190      6B505449 
 190      96BE79B3 
 190      0A8AA200 
 190      1788
 191 0012 1E7BDB8E 		.ascii	"\036{\333\216 :\030\233\215\211\221\207v\367N\317\304"
 191      203A189B 
 191      8D899187 
 191      76F74ECF 
 191      C4
 192 0023 ECD8408B 		.ascii	"\354\330@\213\261\316\310\026N\317t\014\261\3254`7\261"
 192      B1CEC816 
 192      4ECF740C 
 192      B1D53460 
ARM GAS  C:\Users\Luczia\AppData\Local\Temp\ccloqnvH.s 			page 15


 192      37B1
 193 0035 48B9506E 		.ascii	"H\271Pn\330\261?\366\362P\220\207\274\244\025P\333g"
 193      D8B13FF6 
 193      F2509087 
 193      BCA41550 
 193      DB67
 194 0047 2B42A3B6 		.ascii	"+B\243\266\"\002*%\012*\012\"*\"\017\005TT|\361PDD\331"
 194      22022A25 
 194      0A2A0A22 
 194      2A220F05 
 194      54547CF1 
 195 005f 9399B7A8 		.ascii	"\223\231\267\250\254K\021\343\364\354\217\255\340\220"
 195      AC4B11E3 
 195      F4EC8FAD 
 195      E090
 196 006d F7DCFCF2 		.ascii	"\367\334\374\362\234\223\347\234<\231y\035\004A\310"
 196      9C93E79C 
 196      3C99791D 
 196      0441C8
 197 007c 795710FE 		.ascii	"yW\020\376\254\022\004/Q\020&\341\347\000\357N\012\326"
 197      AC12042F 
 197      511026E1 
 197      E700EF4E 
 197      0AD6
 198 008e 9F1AC813 		.ascii	"\237\032\310\023\011\302\317\200\336\006z\007\350] "
 198      09C2CF80 
 198      DE067A07 
 198      E85D20
 199 009d F8137E87 		.ascii	"\370\023~\207\004\233\337?\201\014-\264_\000\271\223"
 199      049BDF3F 
 199      810C2DB4 
 199      5F00B993 
 200 00ad 7140FF00 		.ascii	"q@\377\000\230Nh\337\007\352\000Z\010\374,\240\233\360"
 200      984E68DF 
 200      07EA005A 
 200      08FC2CA0 
 200      9BF0
 201 00bf EC0AD406 		.ascii	"\354\012\324\006$\002\177\011Z\035\264\227\211Nh/B\213"
 201      24027F09 
 201      5A1DB497 
 201      894E682F 
 201      428B
 202 00d1 A1BD0AAD 		.ascii	"\241\275\012\255\006\332fh\235\241m\205V+\353\367T\350"
 202      06DA6668 
 202      9DA16D85 
 202      562BEBF7 
 202      54E8
 203 00e3 273F5F91 		.ascii	"'?_\221\311\345m \272\263\001\233%\353\315A\314\256"
 203      C9E56D20 
 203      BAB3019B 
 203      25EBCD41 
 203      CCAE
 204 00f5 5CA07F01 		.ascii	"\\\240\177\001\312\223m\364\200V\007m\034\264\251@\377"
 204      CA936DF4 
 204      8056076D 
 204      1CB4A940 
 204      FF
ARM GAS  C:\Users\Luczia\AppData\Local\Temp\ccloqnvH.s 			page 16


 205 0106 03F411D0 		.ascii	"\003\364\021\320\002\240\017\200~\015\024\000\364!\320"
 205      02A00F80 
 205      7E0D1400 
 205      F421D0
 206 0115 AF80FC81 		.ascii	"\257\200\374\201>\006\002\225\324?\2363\370%\021\000"
 206      3E060295 
 206      D43F9E33 
 206      F8251100 
 207 0125 58B6A35D 		.ascii	"X\266\243]`:g\011l.d\376d\356d\336d\316d\276d\256o\242"
 207      603A6709 
 207      6C2E64FE 
 207      64EE64DE 
 207      64CE64BE 
 208 013d D7DE6FBE 		.ascii	"\327\336o\276\254\213\314?\0370o\3118\362\356m9\216"
 208      AC8BCC3F 
 208      1F306FC9 
 208      38F2EE6D 
 208      398E
 209 014f EFDA19FB 		.ascii	"\357\332\031\373\221\310l\377B\346\311\363;vp\0330*"
 209      91C86CFF 
 209      42E6C9F3 
 209      3B76701B 
 209      302A
 210 0161 CDBBB551 		.ascii	"\315\273\265Qu\023u\223^4\013!y\326\374\217\360\223"
 210      75137593 
 210      5E340B21 
 210      79D6FC8F 
 210      F093
 211 0173 961FE967 		.ascii	"\226\037\351g\000\021Y:\031j\272|\031\013$\012V\254"
 211      0011593A 
 211      196ABA7C 
 211      190B240A 
 211      56AC
 212 0185 75042795 		.ascii	"u\004'\225\033\214\350O\240\246\360\266P\313d\363\220"
 212      1B8CE84F 
 212      A0A6F0B6 
 212      50CB64F3 
 212      90
 213 0196 553D9AC2 		.ascii	"U=\232\302X\360\234T45\310\256\207\261\354\204\253\017"
 213      58F09C54 
 213      3435C8AE 
 213      87B1EC84 
 213      AB0F
 214 01a8 33CB753D 		.ascii	"3\313u=\350\006@?\207\214\322\254@\344\355\013sO\275"
 214      E806403F 
 214      878CD2AC 
 214      40E4ED0B 
 214      734FBD
 215 01bb 8845FA5C 		.ascii	"\210E\372\\\260\271}\324\015\353\350\363\261-\017n9"
 215      B0B97DD4 
 215      0DEBE8F3 
 215      B12D0F6E 
 215      39
 216 01cc CF2B93D8 		.ascii	"\317+\223\330O\263\011\013\350\010\302\026\207^J9\260"
 216      4FB3090B 
 216      E808C216 
 216      875E4A39 
ARM GAS  C:\Users\Luczia\AppData\Local\Temp\ccloqnvH.s 			page 17


 216      B0
 217 01dd 196760E4 		.ascii	"\031g`\344\256E*`\207\232\212n\271\002\353\251E^\300"
 217      AE452A60 
 217      879A8A6E 
 217      B902EBA9 
 217      455EC0
 218 01f0 3E4EB9D3 		.ascii	">N\271\323\343\314zg\003\333:xa\213\314\316\002\266"
 218      E3CC7A67 
 218      03DB3A78 
 218      618BCCCE 
 218      02B6
 219 0202 6BDDDAAD 		.ascii	"k\335\332\255\016\370\337\250\226\356\263%\245D\316"
 219      0EF8DFA8 
 219      96EEB325 
 219      A544CE
 220 0211 FB5A44E6 		.ascii	"\373ZD\346\342\006\257\366?\254z\341\302^\021Dk\366"
 220      E206AFF6 
 220      3FAC7AE1 
 220      C25E1144 
 220      6BF6
 221 0223 F02E47FC 		.ascii	"\360.G\374\031y\026o^\177\331\345\212\264>i\222\224"
 221      1979166F 
 221      5E7FD9E5 
 221      8AB43E69 
 221      9294
 222 0235 246D4B96 		.ascii	"$mK\226\234B\004T\205\346\240\243h\216\200N\"\0372\246"
 222      9C420454 
 222      85E6A0A3 
 222      688E804E 
 222      221F32A6 
 223 0249 12CD13D0 		.ascii	"\022\315\023\320\011xy\034^~Ol7_\334\374\333\302aI\362"
 223      0978791C 
 223      5E7E4F6C 
 223      375FDCFC 
 223      DBC26149 
 224 025e 4266A445 		.ascii	"Bf\244E\265\010S\014x\353}-\233L\311\256\334\035\016"
 224      B508530C 
 224      78EB7D2D 
 224      9B4CC9AE 
 224      DC1D0E
 225 0271 F82CA23A 		.ascii	"\370,\242:j\212\357\324\2133\3518=\263\216\352\367\032"
 225      6A8AEFD4 
 225      8B33E938 
 225      3DB38EEA 
 225      F71A
 226 0283 D6489288 		.ascii	"\326H\222\210N\201\216:\253\016P\311\224\364Uw%\212"
 226      4E818E3A 
 226      AB0E50C9 
 226      94F45577 
 226      258A
 227 0295 F807E6E8 		.ascii	"\370\007\346\350\242\232\247\215j\346\021\015\260O\362"
 227      A29AA78D 
 227      6AE6110D 
 227      B04FF2
 228 02a4 EB9B447C 		.ascii	"\353\233D|\220\365\365\267'\027:\340J\306\344\274\272"
 228      90F5F5B7 
 228      27173AE0 
ARM GAS  C:\Users\Luczia\AppData\Local\Temp\ccloqnvH.s 			page 18


 228      4AC6E4BC 
 228      BA
 229 02b5 2E39E05A 		.ascii	".9\340Z\306d=\031\333\256\302\015\2149z\374Q\000\223"
 229      C6643D19 
 229      DBAEC20D 
 229      8C397AFC 
 229      510093
 230 02c8 3007B8EA 		.ascii	"0\007\270\352\356!\2633\013@\017\002\376z\362\3636\027"
 230      EE21B333 
 230      0B400F02 
 230      FE7AF2F3 
 230      3617
 231 02da 7C81429D 		.ascii	"|\201B\235\222\332GO\251\221\267\267\207\267\267\267"
 231      92DA474F 
 231      A991B7B7 
 231      87B7B7B7 
 232 02ea 8FB7F70E 		.ascii	"\217\267\367\01623\363\305\216\337\024\234Y+\345DP\213"
 232      3233F3C5 
 232      8EDF149C 
 232      592BE544 
 232      508B
 233 02fc 9BC0E216 		.ascii	"\233\300\342\026\344a\235i5\374\023\220?\374\023\030"
 233      E4619D69 
 233      35FC1390 
 233      3FFC1318 
 234 030c 7E603796 		.ascii	"~`7\226v\315\246\340z%\270\306\012\316%\336\310\001"
 234      76CDA6E0 
 234      7A25B8C6 
 234      0ACE25DE 
 234      C801
 235 031e 422A015D 		.ascii	"B*\001]\000\300y\332G\340\340\021t\005\034\330\212\274"
 235      00C079DA 
 235      47E0E011 
 235      74051CD8 
 235      8ABC
 236 0330 511BD025 		.ascii	"Q\033\320%\240\313@\027\201\256\0025#o\232^L_\207U\337"
 236      A0CB4017 
 236      81AE0235 
 236      236F9A5E 
 236      4C5F8755 
 237 0345 59A5BE06 		.ascii	"Y\245\276\006\245q\215Vp\243\022\354\253\300\366Y\261"
 237      A5718D56 
 237      70A312EC 
 237      ABC0F659 
 237      B1
 238 0356 67EC0BAE 		.ascii	"g\354\013\256\"\377\345\2706\024`\310~\202\022\344\220"
 238      22FFE5B8 
 238      361460C8 
 238      7E8212E4 
 238      90
 239 0367 5A4D1C2D 		.ascii	"ZM\034-p,\222\314)\230\312:f\337)L\026\303\267Z5\237"
 239      702C92CC 
 239      2998CA3A 
 239      66DF294C 
 239      16C3B75A 
 240 037d B36B2503 		.ascii	"\263k%\003C\370N\325\025\276v\304\3531\315\310\262-"
 240      43F84ED5 
ARM GAS  C:\Users\Luczia\AppData\Local\Temp\ccloqnvH.s 			page 19


 240      15BE76C4 
 240      EB31CDC8 
 240      B22D
 241 038f C7C7B4C8 		.ascii	"\307\307\264\310\303\307\256k\321u\360\350\337\342]"
 241      C3C7AE6B 
 241      D175F0E8 
 241      DFE25D
 242 039e 795A1F92 		.ascii	"yZ\037\222Y\265\303\270k\326\\%\223\244\352\273\363"
 242      59B5C3B8 
 242      6BD65C25 
 242      93A4EABB 
 242      F3
 243 03af 4A1FBA7A 		.ascii	"J\037\272z\310\372\322f\324'\374Ue$\023s\033\312\235"
 243      C8FAD266 
 243      D427FC55 
 243      65241373 
 243      1BCA9D
 244 03c2 74E953AB 		.ascii	"t\351S\253\011up\323\026P'\322\311\300\223\235g\352"
 244      097570D3 
 244      165027D2 
 244      C9C0939D 
 244      67EA
 245 03d4 742A91BD 		.ascii	"t*\221\275Cq*\201\253+\356\254\256\034\230\334\320\343"
 245      43712A81 
 245      AB2BEEAC 
 245      AE1C98DC 
 245      D0E3
 246 03e6 828BA95B 		.ascii	"\202\213\251[\320\246\326\203\301ZX\245\311o\264J\311"
 246      D0A6D683 
 246      C15A58A5 
 246      C96FB44A 
 246      C9
 247 03f7 0A4C3A7C 		.ascii	"\012L:|\326\005oc\243\2636\324\325\251\360\367\214\331"
 247      D6056F63 
 247      A3B336D4 
 247      D5A9F0F7 
 247      8CD9
 248 0409 59989BAA 		.ascii	"Y\230\233\252\306\245\214)\311\3139\240\305?0\306R\272"
 248      C6A58C29 
 248      C9CB39A0 
 248      C53F30C6 
 248      52BA
 249 041b 3C59E9AA 		.ascii	"<Y\351\252\237|nvc\366\210\304\204}\327\306\235\360"
 249      9F7C6E76 
 249      63F688C4 
 249      847DD7C6 
 249      9DF0
 250 042d 7E06DD3D 		.ascii	"~\006\335=\376r\220\224\262\271\244\224a\256\220\315"
 250      FE729094 
 250      B2B9A494 
 250      61AE90CD 
 251 043d 6585ACF6 		.ascii	"e\205\254\366\374\271\357u\270\202\305\264\274hb\302"
 251      FCB9EF75 
 251      B882C5B4 
 251      BC6862C2 
 252 044d CD526572 		.ascii	"\315Rer\222%\265\217\200n\203\251w\210\375\017\300\376"
 252      9225B58F 
ARM GAS  C:\Users\Luczia\AppData\Local\Temp\ccloqnvH.s 			page 20


 252      806E83A9 
 252      7788FD0F 
 252      C0FE
 253 045f B9B2FDF7 		.ascii	"\271\262\375\367\340\345]\256\222\315\335\230J\252\314"
 253      E0E55DAE 
 253      92CDDD98 
 253      4AAACC
 254 046e 00E4D07D 		.ascii	"\000\344\320}k\344\346\312E\346Dng\277\026\233\231\216"
 254      6BE4E6CA 
 254      45E6446E 
 254      67BF169B 
 254      998E
 255 0480 A4968291 		.ascii	"\244\226\202\221\031u<\236YGu\300iZ\311\036\201\216"
 255      19753C9E 
 255      594775C0 
 255      695AC91E 
 255      818E
 256 0492 87561D03 		.ascii	"\207V\035\003\226J\2264\266\343\230\006\237\243JT\243"
 256      964A9634 
 256      B6E39806 
 256      9FA34A54 
 256      A3
 257 04a3 7B2BDA5C 		.ascii	"{+\332\\\021T\026.=E\201\013\360\240\234\233#\240p\010"
 257      1154162E 
 257      3D45810B 
 257      F0A09C9B 
 257      23A07008 
 258 04b7 5263D866 		.ascii	"Rc\330f\225?y\341W<|[\222\322uT\335\023PG\006L\231\251"
 258      953F79E1 
 258      573C7C5B 
 258      92D27554 
 258      DD135047 
 259 04cf 5CBC03EF 		.ascii	"\\\274\003\357\024J\346$L\301\375v\301\267\271\305{"
 259      144AE624 
 259      4CC1FD76 
 259      C1B7B9C5 
 259      7B
 260 04e0 A3584BD2 		.ascii	"\243XK\322|\320v\361\202\325g\352\036\034\326BE\364"
 260      7CD076F1 
 260      82D567EA 
 260      1E1CD642 
 260      45F4
 261 04f2 F46162DB 		.ascii	"\364ab\333\212\335w&Kg\375\350\332\354\003\271\243\310"
 261      8ADD7726 
 261      4B67FDE8 
 261      DAEC03B9 
 261      A3C8
 262 0504 73860A02 		.ascii	"s\206\012\002bG\213]\023\251\025D\373\255\231\321y\004"
 262      62478B5D 
 262      13A91544 
 262      FBAD99D1 
 262      7904
 263 0516 0DC94917 		.ascii	"\015\311I\027\220\325#\004M<\362\034<\362\024<\362\314"
 263      90D52304 
 263      4D3CF21C 
 263      3CF2143C 
 263      F2CC
ARM GAS  C:\Users\Luczia\AppData\Local\Temp\ccloqnvH.s 			page 21


 264 0528 66653617 		.ascii	"fe6\027\317N\204\021\004ek4j\252\316;\354\344\011B\023"
 264      CF4E8411 
 264      04656B34 
 264      6AAACE3B 
 264      ECE40942 
 265 053d 67162AD8 		.ascii	"g\026*\330H\204A)\247\256V\350p\272\212\246\340\235"
 265      48844129 
 265      A7AE56E8 
 265      70BA8AA6 
 265      E09D
 266 054f F3FB9334 		.ascii	"\363\373\2234x=c\2666\225\237W\343<\306\324\224\226"
 266      783D63B6 
 266      36959F57 
 266      E33CC6D4 
 266      9496
 267 0561 B78A7813 		.ascii	"\267\212x\023c\312\252\0063\020\336\306\230\241\324"
 267      63CAAA06 
 267      3310DEC6 
 267      98A1D4
 268 0570 FD26BC87 		.ascii	"\375&\274\207=\027\217t\337wb\351\357\003lv\313w\235"
 268      3D178F74 
 268      DF7762E9 
 268      EF036C76 
 268      CB779D
 269 0583 1AB638CC 		.ascii	"\032\2668\314d9\214m\277\235\007[\034\305\3522[\222"
 269      64398C6D 
 269      BF9D075B 
 269      1CC5EA32 
 269      5B92
 270 0595 2F924DC7 		.ascii	"/\222M\307\233\354;>\244\331!\245$K\346\376\"\331\325"
 270      9BEC3B3E 
 270      A4D921A5 
 270      244BE6FE 
 270      22D9D5
 271 05a8 37C1D5AF 		.ascii	"7\301\325\257\300y\251\242\3752\310\340u\357\260\022"
 271      C079A9A2 
 271      FD32C8E0 
 271      75EFB012 
 272 05b8 4BD02F94 		.ascii	"K\320/\224h\333\022K\340\343\377h\205\217\333\207\373"
 272      68DB124B 
 272      E0E3FF68 
 272      858FDB87 
 272      FB
 273 05c9 5BD1C31C 		.ascii	"[\321\303\034\372\245\022\3350Mx\335\034+\274G\011\257"
 273      FAA512DD 
 273      304D78DD 
 273      1C2BBC47 
 273      09AF
 274 05db E6E03695 		.ascii	"\346\3406\225Z\022\347\240I\332I\360$\360\353D\037\224"
 274      5A12E7A0 
 274      49DA49F0 
 274      24F0EB44 
 274      1F94
 275 05ed 2E7AA324 		.ascii	".z\243$\240L\2405@)@\311@Y@k\201\322\2002D\313R!\332"
 275      A04CA035 
 275      402940C9 
 275      4059406B 
ARM GAS  C:\Users\Luczia\AppData\Local\Temp\ccloqnvH.s 			page 22


 275      81D28032 
 276 0606 1B39ED37 		.ascii	"\0339\3557\224\332\273\255S\223\323\250\310\235\246"
 276      94DABBAD 
 276      5393D3A8 
 276      C89DA6
 277 0615 11A06C37 		.ascii	"\021\240l7.\"\352\006\037\203\327vc\300y\251\225S\014"
 277      2E22EA06 
 277      1F83D776 
 277      63C079A9 
 277      95530C
 278 0628 47187B8A 		.ascii	"G\030{\212y/\015pN\235\260\357T\213pXE\257\213\265\014"
 278      792F0D70 
 278      4E9DB0EF 
 278      548B7058 
 278      45AF8BB5 
 279 063d 3E0609DC 		.ascii	">\006\011\334k\337\251\376\362\256hn\032;\254\306?\322"
 279      6BDFA9FE 
 279      F2AE686E 
 279      1A3BACC6 
 279      3FD2
 280 064f FC124F1C 		.ascii	"\374\022O\034\331}\334\021\371x\310+}\263\003Y\3519"
 280      D97DDC11 
 280      F978C82B 
 280      7DB30359 
 280      E939
 281 0661 3078BD38 		.ascii	"0x\2758U\262\310\344g\210\006\312\206 \374\324\200\200"
 281      55B2C8E4 
 281      678806CA 
 281      8620FCD4 
 281      8080
 282 0673 2D5BCACB 		.ascii	"-[\312\313\2070\277\255\345\210\374\266\226+\352d#\000"
 282      8730BFAD 
 282      E588FCB6 
 282      962BEA64 
 282      2300
 283 0685 DB96BAA6 		.ascii	"\333\226\272\246\303\211\356l\344u\027\242[\333\335"
 283      C389EE6C 
 283      E47517A2 
 283      5BDBDD
 284 0694 DC8786D9 		.ascii	"\334\207\206\331\337R\323\222\245Y\"\372\342\255\251"
 284      DF52D392 
 284      A55922FA 
 284      E2ADA9
 285 06a3 4226A07C 		.ascii	"B&\240|q6\374\317\023UL@\357\332\274\032\365{\333$\263"
 285      7136FCCF 
 285      13554C40 
 285      EFDABC1A 
 285      F57BDB24 
 286 06b8 999EDB4A 		.ascii	"\231\236\333J\252\357I\222VEP\250\302Z\240+\310\361"
 286      AAEF4992 
 286      564550A8 
 286      C25AA02B 
 286      C8F1
 287 06ca 1C1D86D4 		.ascii	"\034\035\206\324D\207\300\373\002\332 \276G\016\227"
 287      4487C0FB 
 287      02DA20BE 
 287      470E97
ARM GAS  C:\Users\Luczia\AppData\Local\Temp\ccloqnvH.s 			page 23


 288 06d9 13D78E62 		.ascii	"\023\327\216b\\+/\355\314\311\015\352\031\325~K\325"
 288      5C2B2FED 
 288      CCC90DEA 
 288      19D57E4B 
 288      D5
 289 06ea C6C95A2B 		.ascii	"\306\311Z+\022\017w\272\310Z[\177\001QJ\222\310\266"
 289      120F77BA 
 289      C85A5B7F 
 289      01514A92 
 289      C8B6
 290 06fc 00205460 		.ascii	"\000 T`\3651<\332j\335H\265\016=\312nv\303\027\231\326"
 290      F5313CDA 
 290      6ADD48B5 
 290      0E3DCA6E 
 290      76C31799 
 291 0711 CE8C6DB7 		.ascii	"\316\214m\267\020H\332\006\222\332\252u6\2426YEmR\212"
 291      1048DA06 
 291      92DAAA75 
 291      36A23659 
 291      456D528A 
 292 0725 2AA4A22E 		.ascii	"*\244\242.\364w\3777\356b\222\366\355\315\275\242\225"
 292      F477FF37 
 292      EE6292F6 
 292      EDCDBDA2 
 292      95
 293 0736 25D52DB6 		.ascii	"%\325-\266\021Td\025T\244\024TL\005I\367j\272\334p?"
 293      11546415 
 293      54A41454 
 293      4C0549F7 
 293      6ABADC70 
 294 074b 9394BD2F 		.ascii	"\223\224\275/\375\204\023H\352\201\354\231\334\212O"
 294      FD841348 
 294      EA81EC99 
 294      DC8A4F
 295 075a BCEA6949 		.ascii	"\274\352iI\314\361\244>@\233\255\2426\213\354\316\203"
 295      CCF1A43E 
 295      409BADA2 
 295      368BECCE 
 295      83
 296 076b B65011F5 		.ascii	"\266P\021\365[\022\217;\343#j*\242\261k\254\327\221"
 296      5B128F3B 
 296      E3236A2A 
 296      A2B16BAC 
 296      D791
 297 077d 95C30972 		.ascii	"\225\303\011r\350\036\310\232\354\322\311\207p7\356"
 297      E81EC89A 
 297      ECD2C987 
 297      7037EE
 298 078c 50EE2E1F 		.ascii	"P\356.\037\312\017\034Ky$\237f\314\204\317X\223\275"
 298      CA0F1C4B 
 298      79249F66 
 298      CC84CF58 
 298      93BD
 299 079e CE113732 		.ascii	"\316\02172a#{\177\334\252a\235{I\347\375W\015\017\324"
 299      61237B7F 
 299      DCAA619D 
 299      7B49E7FD 
ARM GAS  C:\Users\Luczia\AppData\Local\Temp\ccloqnvH.s 			page 24


 299      570D0FD4 
 300 07b2 F812EB2C 		.ascii	"\370\022\353,k:\323%_\267\322H\347\345\347-\251Z\334"
 300      6B3AD325 
 300      5FB7D248 
 300      E7E5E72D 
 300      A95ADC
 301 07c5 CE3A27EF 		.ascii	"\316:'\357_\337)W\345A\302"
 301      5FDF2957 
 301      E541C2
 302 07d0 A757E4EF 		.ascii	"\247W\344\357t\3037Y\347\345\376\355):\326\331B\370"
 302      74C33759 
 302      E7E5FEED 
 302      293AD6D9 
 302      42F8
 303 07e2 F5D9870E 		.ascii	"\365\331\207\016jq?\353\334\333\277y\275\334\371\317"
 303      6A713FEB 
 303      DCDBBF79 
 303      BDDCF9CF 
 304 07f2 24E04D47 		.ascii	"$\340MGo\250\361#\326\3275\334\226\352\214\2372f\377"
 304      6FA8F123 
 304      D6D735DC 
 304      96EA8C9F 
 304      3266FF
 305 0805 C4863D0E 		.ascii	"\304\206=\016\370%cR\233\236\355\021q\222\003a\234\357"
 305      F8256352 
 305      9B9EED11 
 305      71920361 
 305      9CEF
 306 0817 9CB95D8E 		.ascii	"\234\271]\216\344\273\005-\363l\213\274\330\341W8\234"
 306      E4BB052D 
 306      F36C8BBC 
 306      D8E15738 
 306      9C
 307 0828 2249793A 		.ascii	"\"Iy:z\310\334\011\016=\004\013d\352\024\271C\2649\034"
 307      7AC8DC09 
 307      0E3D040B 
 307      64EA14B9 
 307      43B4391C 
 308 083c C3880ED8 		.ascii	"\303\210\016\330\366H\035 \360\022%|\257h\377\202\261"
 308      F6481D20 
 308      F012257C 
 308      AF68FF82 
 308      B1
 309 084d 0D56F377 		.ascii	"\015V\363w\264\357\220\274\224\217\302R\256\204\245"
 309      B4EF90BC 
 309      948FC252 
 309      AE84A5
 310 085c 7A18A802 		.ascii	"z\030\250\002\250\006\350G\240#@U@\007\201\252\247\352"
 310      A806E847 
 310      A0234055 
 310      400781AA 
 310      A7EA
 311 086e 2A51DCFA 		.ascii	"*Q\334\3723r('j\313\225j\253\221\322\312\201)\360\017"
 311      33722827 
 311      6ACB956A 
 311      AB91D2CA 
 311      8129F00F 
ARM GAS  C:\Users\Luczia\AppData\Local\Temp\ccloqnvH.s 			page 25


 312 0882 4A7099C8 		.ascii	"Jp\231\310\2256\202\035\346f\264G\211\376~\232\003\306"
 312      9536821D 
 312      E666B447 
 312      89FE7E9A 
 312      03C6
 313 0894 DFB288DE 		.ascii	"\337\262\210\336\257\004\373*\212\373\343o\351\245\344"
 313      AF04FB2A 
 313      8AFBE36F 
 313      E9A5E4
 314 08a3 90B2B6D3 		.ascii	"\220\262\266\323\302_\350\236/\221\332N$\355VJ\332\245"
 314      C25FE89E 
 314      2F91DA4E 
 314      24ED564A 
 314      DAA5
 315 08b5 3472FC6D 		.ascii	"4r\374m\253\221\007\224\350\355Jt\0357\245R%z\0377%"
 315      AB910794 
 315      E8ED4A74 
 315      1D37A552 
 315      257A1F37 
 316 08ca 489386CB 		.ascii	"H\223\206\313\327^\251\360:\232&\342\245\222\254\247"
 316      D75EA9F0 
 316      3A9A26E2 
 316      A592ACA7 
 317 08da AECA3B8C 		.ascii	"\256\312;\214%z\350\004\004\355\247\004\220y\343u\021"
 317      257AE804 
 317      04EDA704 
 317      9079E375 
 317      11
 318 08eb ADFDC741 		.ascii	"\255\375\307A\3001\353\302=$\312\227\231+\243W\317\251"
 318      C031EBC2 
 318      3D24CA97 
 318      992BA357 
 318      CFA9
 319 08fd 6D2F33F6 		.ascii	"m/3\366\024\013o\254\025d\236.\250/\324\374|\247\324"
 319      140B6FAC 
 319      15649E2E 
 319      A82FD4FC 
 319      7CA7D4
 320 0910 0265A8BF 		.ascii	"\002e\250\277x68<\004\325\202\234\255L?\227\227\344"
 320      7836383C 
 320      04D5829C 
 320      AD4C3F97 
 320      97E4
 321 0922 CDBFC381 		.ascii	"\315\277\303\201\330,\376\234\\\254\216W\255u\325\312"
 321      D82CFE9C 
 321      5CAC8E57 
 321      AD75D5CA 
 322 0932 9F16D2FE 		.ascii	"\237\026\322\376\352\245\005\235\024\2650\352H\377\271"
 322      EAA5059D 
 322      14B530EA 
 322      48FFB9
 323 0941 062D5BA6 		.ascii	"\006-[\246\022Y\375\346\206\314G\010o\244\236Ei\275"
 323      1259FDE6 
 323      86CC4708 
 323      6FA49E45 
 323      69BD
 324 0953 A997E5CE 		.ascii	"\251\227\345\3161\302W>.\255t\221\017e\264:\324=ow\301"
ARM GAS  C:\Users\Luczia\AppData\Local\Temp\ccloqnvH.s 			page 26


 324      31C2573E 
 324      2EAD7491 
 324      0F65B43A 
 324      D43D6F77 
 325 0968 5B183877 		.ascii	"[\0308wp8\337\201\350\227\344]\013FY7\2553\"\234\360"
 325      7038DF81 
 325      E897E45D 
 325      0B465937 
 325      AD33229C 
 326 097d 21D9901F 		.ascii	"!\331\220\037\275/UV\354|\242q\317\221#\366;\025\273"
 326      BD2F5556 
 326      EC7CA271 
 326      CF9123F6 
 326      3B15BB
 327 0990 FBC3CCD8 		.ascii	"\373\303\314\330&~Vt\267\214!\350\215U}\203\256x\217"
 327      267E5674 
 327      B78C21E8 
 327      8D557D83 
 327      AE788F
 328 09a3 ACE7D4B3 		.ascii	"\254\347\324\263\021g\\\312\230\256\035\033v\253\230"
 328      11675CCA 
 328      98AE1D1B 
 328      76AB98
 329 09b2 85F7E8D6 		.ascii	"\205\367\350\32691\221\242\302\007XgR\315\365\\\371"
 329      393191A2 
 329      C2075867 
 329      52CDF55C 
 329      F9
 330 09c3 46D5432F 		.ascii	"F\325C/\\I\371\273\034p5\353|\371x\317\240\003>\315"
 330      5C49F9BB 
 330      1C7035EB 
 330      7CF978CF 
 330      A0033ECD 
 331 09d7 98CADE82 		.ascii	"\230\312\336\202Z\271\314\265\323;\362\310\346!\035"
 331      5AB9CCB5 
 331      D33BF2C8 
 331      E6211D
 332 09e6 6E669D6B 		.ascii	"nf\235kv]\311t\304\355\214\031\351\314j\320\341>\306"
 332      765DC974 
 332      C4ED8C19 
 332      E9CC6AD0 
 332      E13EC6
 333 09f9 9C3E7BEB 		.ascii	"\234>{\353\262\006?dLF}E\203\\G\317\022>\361\336\201"
 333      B2063F64 
 333      4C467D45 
 333      835C47CF 
 333      123EF1DE 
 334 0a0e 548C4765 		.ascii	"T\214Ge\005\262\347\334e\317\015\265\234Jw\302\222#"
 334      05B2E7DC 
 334      65CF0DB5 
 334      9C4A77C2 
 334      9223
 335 0a20 ED6C5A97 		.ascii	"\355lZ\227\007;]\032c&\213\007\267\350p\016c\216\355"
 335      073B5D1A 
 335      63268B07 
 335      B7E8700E 
 335      638EED
ARM GAS  C:\Users\Luczia\AppData\Local\Temp\ccloqnvH.s 			page 27


 336 0a33 5C53A2C1 		.ascii	"\\S\242\301E\214\251\251<\326 \177\330\361#\247\357"
 336      458CA9A9 
 336      3CD6207F 
 336      D8F123A7 
 336      EF
 337 0a44 E6AC2E1D 		.ascii	"\346\254.\035\336\301\372\312\357\245\232\035\361>y"
 337      DEC1FACA 
 337      EFA59A1D 
 337      F13E79
 338 0a53 54D38B32 		.ascii	"T\323\2132W\374\243\314tV\370\342c\354y\373\275\252"
 338      57FCA3CC 
 338      7456F8E2 
 338      63EC79FB 
 338      BDAA
 339 0a65 7C375CCF 		.ascii	"|7\\\317\230\336\356\273\351\256\270\2311kk\013\216"
 339      98DEEEBB 
 339      E9AEB899 
 339      316B6B0B 
 339      8E
 340 0a76 3BE176C6 		.ascii	";\341v\306\234\356\2013`/{~\220n\276.\342\001\306\224"
 340      9CEE8133 
 340      602F7B7E 
 340      906EBE2E 
 340      E201C694 
 341 0a8a 5465F5AA 		.ascii	"Te\365\252\361\010cnU\246\214\252\360s\306\224Nlmq\302"
 341      F108636E 
 341      55A68CAA 
 341      F073C694 
 341      4E6C6D71 
 342 0a9f 138C69A9 		.ascii	"\023\214i\251\356\271\343\212S4l{\331\333\335\357(\347"
 342      EEB9E38A 
 342      53346C7B 
 342      D9DBDDEF 
 342      28E7
 343 0ab1 0CF91EB5 		.ascii	"\014\371\036\265\353h\017\234\334Ri\247\327\221g\033"
 343      EB680F9C 
 343      DC5269A7 
 343      D791671B 
 344 0ac1 2090DED3 		.ascii	" \220\336\323~\264\342\263\223\375\324\341\376Z\272"
 344      7EB4E2B3 
 344      93FDD4E1 
 344      FE5ABA
 345 0ad0 BAE6E0AE 		.ascii	"\272\346\340\256K\211\244\222\221\363\037\334)\320k"
 345      4B89A492 
 345      91F31FDC 
 345      29D06B
 346 0adf FE40D762 		.ascii	"\376@\327bSQ\340\3465\274\016[\277\241\364)\341\325"
 346      5351E0E6 
 346      35BC0E5B 
 346      BFA1F429 
 346      E1D5
 347 0af1 D34E971D 		.ascii	"\323N\227\035\026<\021\177G\211\237v\302\257\343\341"
 347      163C117F 
 347      47899F76 
 347      C2AFE3E1 
 348 0b01 F79470DF 		.ascii	"\367\224p\337i58\003\263\002\007\311\215.\310pK\312"
 348      69353803 
ARM GAS  C:\Users\Luczia\AppData\Local\Temp\ccloqnvH.s 			page 28


 348      B30207C9 
 348      8D2EC870 
 348      4BCA
 349 0b13 A3F3A252 		.ascii	"\243\363\242Rz:'\275G)}\372\321x\234\307\267+\361\327"
 349      7A3A27BD 
 349      47297DFA 
 349      D1789CC7 
 349      B72BF1D7 
 350 0b27 C46978DE 		.ascii	"\304ix\336\372^\373\362\371\352\314[\337\246\264\376"
 350      FA5EFBF2 
 350      F9EACC5B 
 350      DFA6B4FE 
 351 0b37 AAB298B7 		.ascii	"\252\262\230\267fr\360\006%\374\264r\262\343i\2341\367"
 351      6672F006 
 351      25FCB472 
 351      B2E3699C 
 351      31F7
 352 0b49 EDBA92BF 		.ascii	"\355\272\222\277\250\247sq\355P\242\313\246\355~\215"
 352      A8A77371 
 352      ED50A2CB 
 352      A6ED7E8D 
 353 0b59 E99C3137 		.ascii	"\351\23417\225\306L*\343\332\312{\246_)~\372\325m\200"
 353      95C64C2A 
 353      E3DACA7B 
 353      A65F297E 
 353      FAD56D80 
 354 0b6d C7DFB29F 		.ascii	"\307\337\262\237f\234\370\016>P\335Jx\327\264@\365\361"
 354      669CF80E 
 354      3E50DD4A 
 354      78D7B440 
 354      F5F1
 355 0b7f F84EFBB3 		.ascii	"\370N\373\263\345\363&\223\2037*\3413\035v\006\300\033"
 355      E5F32693 
 355      83372AE1 
 355      331D7606 
 355      C01B
 356 0b91 ECD8F05A 		.ascii	"\354\330\360Z\336+S\260\017\032\205\235\351\011\271"
 356      DE2B53B0 
 356      0F1A859D 
 356      E909B9
 357 0ba0 BB606FF4 		.ascii	"\273`o\364\002\332\307@\022<\217C\373\010h\004h\010"
 357      02DAC740 
 357      123C8F43 
 357      FB086804 
 357      6808
 358 0bb2 680C2815 		.ascii	"h\014(\025\336\277\204v\002\3509\271\323\000?\014\355"
 358      DEBF8476 
 358      02E839B9 
 358      D3003F0C 
 358      ED
 359 0bc3 53A049A0 		.ascii	"S\240I\240t\340\037B\233\010m2\320\032\240A\340_\221"
 359      74E01F42 
 359      9B086D32 
 359      D01AA041 
 359      E05F91
 360 0bd6 BB0F3C3F 		.ascii	"\273\017<?\203v\035\264k\261\315\3054\203\233\315\025"
 360      83761DB4 
ARM GAS  C:\Users\Luczia\AppData\Local\Temp\ccloqnvH.s 			page 29


 360      6BB1CDC5 
 360      34839BCD 
 360      15
 361 0be7 E56CF629 		.ascii	"\345l\366)'\337\307\207\342\266\375\025\314\1775\355"
 361      27DFC787 
 361      E2B6FD15 
 361      CC7F35ED 
 362 0bf7 CBE032E9 		.ascii	"\313\3402\351\222\375\202\302\307\242\221\227\177\327"
 362      92FD82C2 
 362      C7A29197 
 362      7FD7
 363 0c05 7E6A70E6 		.ascii	"~jp\346\014\360\326_T\302\233\254\326\313G\2574\\(I"
 363      0CF0D65F 
 363      54C29BAC 
 363      D6CB47AF 
 363      345C2849 
 364 0c19 B3086AFA 		.ascii	"\263\010j\372\275z4\003\227\034\226$8\363\020a\315\366"
 364      BD7A3403 
 364      971C9624 
 364      38F31061 
 364      CDF6
 365 0c2b 85D9E40D 		.ascii	"\205\331\344\015\237\010\017\224\370\272i\370V>\317"
 365      9F080F94 
 365      F8BA69F8 
 365      563ECF
 366 0c3a 6ED8CF4B 		.ascii	"n\330\317K\376\373\006\017\277n\277\336\360Y\317[s\312"
 366      FEFB060F 
 366      BF6EBFDE 
 366      F059CF5B 
 366      73CA
 367 0c4c BE35FC1A 		.ascii	"\2765\374\032\344=w\331~\334m\002\303\213?g?\353\247"
 367      E43D77D9 
 367      7EDC6D02 
 367      C38B3F67 
 367      3FEBA7
 368 0c5f 4E8FCFCA 		.ascii	"N\217\317\312\312\272\235q\023\335\202\304\336\347U"
 368      CABA9D71 
 368      13DD82C4 
 368      DEE755
 369 0c6e C5A2F2F4 		.ascii	"\305\242\362\364hY\016h=\254\202\377/+BN\222LL>\320"
 369      68590E68 
 369      3DAC82FF 
 369      2F2B424E 
 369      924C4C3E 
 370 0c83 A12CEC81 		.ascii	"\241,\354\2012\361\324\221\364\265\345HZ\333v\241\315"
 370      32F1D491 
 370      F4B5E548 
 370      5ADB76A1 
 370      CD
 371 0c94 91FF7840 		.ascii	"\221\377x@\200\326sX6\246\337\304IK>\2725\017\237\264"
 371      80D67358 
 371      36A6DFC4 
 371      494B3EBA 
 371      350F9FB4 
 372 0ca8 F9D240AE 		.ascii	"\371\322@\256\375Vp\216\014\316\241\340\316\374Ge.<"
 372      FD56708E 
 372      0CCEA1E0 
ARM GAS  C:\Users\Luczia\AppData\Local\Temp\ccloqnvH.s 			page 30


 372      CEFC4765 
 372      2E3C
 373 0cba B8D6F6B3 		.ascii	"\270\326\366\263\204\014\316\245\340+w\223\3169\331"
 373      840CCEA5 
 373      E02B7793 
 373      CE39D9
 374 0cc9 FFCC2FBC 		.ascii	"\377\314/\274\3717~\224\207=@\330w\023/\013]y\315\337"
 374      F9377E94 
 374      873D40D8 
 374      77132F0B 
 374      5D79CDDF 
 375 0cdd DA98992F 		.ascii	"\332\230\231/k&\255\323W+c\214\206\230\270\030\323\257"
 375      6B26ADD3 
 375      572B638C 
 375      8698B818 
 375      D3AF
 376 0cef E7CDF385 		.ascii	"\347\315\363\205\277\310\257c\276\2141&\370\377\312"
 376      BFC8AF63 
 376      BE8C3126 
 376      F8FFCA
 377 0cfe DFD798E0 		.ascii	"\337\327\230\340\373uD\254\357\227\306\210\370\250\004"
 377      FB7544AC 
 377      EF97C688 
 377      F8A804
 378 0d0d DFB06586 		.ascii	"\337\260e\206\260e\277\237\037\360\351\002C\320\342"
 378      B065BF9F 
 378      1FF0E902 
 378      43D0E2
 379 0d1c B0C0A59F 		.ascii	"\260\300\245\237\005\353?g}\363\"5\213\376\360G\257"
 379      05EB3F67 
 379      7DF32235 
 379      8BFEF047 
 379      AF
 380 0d2d 407F7F41 		.ascii	"@\177\177A\025\261<>Vk0\254\212\2113\315\0170\230\226"
 380      15B13C3E 
 380      566B30AC 
 380      8A8933CD 
 380      0F309896 
 381 0d41 477E1C4E 		.ascii	"G~\034N%&\230VE\305\030\303MFclB\370Wq\253\274\350\223"
 381      25269856 
 381      45C518C3 
 381      4D46636C 
 381      42F85771 
 382 0d59 5744FC0A 		.ascii	"WD\374\012\257\350\025_FGEEG\205\1774\317\317+\300\317"
 382      AFE8155F 
 382      46474545 
 382      47857F34 
 382      CFCF2BC0 
 383 0d6e FFA3FF5C 		.ascii	"\377\243\377\\\020\016\357\177\031g\214\213\376et\304"
 383      100EEF7F 
 383      19678C8B 
 383      FE6574C4 
 384 0d7e 9731E131 		.ascii	"\2271\3411q\221\261\253\242\242\303WD\200\254\270\350"
 384      7191B1AB 
 384      A2A2C357 
 384      4480ACB8 
 384      E8
ARM GAS  C:\Users\Luczia\AppData\Local\Temp\ccloqnvH.s 			page 31


 385 0d8f 704354F4 		.ascii	"pCT\364\362\210U\261&\203\351\233\225\321\011\363\276"
 385      F28855B1 
 385      2683E99B 
 385      95D109F3 
 385      BE
 386 0da0 1634167D 		.ascii	"\0264\026}\177\371?\325\227\360MB\270!\301\024\005\302"
 386      7FF93FD5 
 386      97F04D42 
 386      B821C114 
 386      05C2
 387 0db2 41093646 		.ascii	"A\0116F\305\253W\256Z\031\025\357hLX\031\035\035\025"
 387      C5AB57AE 
 387      5A1915EF 
 387      684C5819 
 387      1D1D15
 388 0dc5 EF602406 		.ascii	"\357`$\006\304\253W\030\243\242\343\311\324\277\376"
 388      C4AB5718 
 388      A3A2E3C9 
 388      D4BFFE
 389 0dd4 CDDFE144 		.ascii	"\315\337\341DAGc\221\020mZ\265\322`R-\374T\277D\275"
 389      41476391 
 389      106D5AB5 
 389      D260522D 
 389      FC54BF44 
 390 0de9 6469E0BF 		.ascii	"di\340\277\352U\237\204\351\365\350O(D\035\031\033\035"
 390      EA559F84 
 390      E9F5E84F 
 390      28441D19 
 390      1B1D
 391 0dfb 112FBBD7 		.ascii	"\021/\273\327\377C\203Icy\3000jF\335+\215\361&\242\032"
 391      FF438349 
 391      6379C030 
 391      6A46DD2B 
 391      8DF126A2 
 392 0e10 F4FA2E59 		.ascii	"\364\372.Y\022\344\273(t\361\322\377\012\360M0\255\000"
 392      12E4BB28 
 392      74F1D2FF 
 392      0AF04D30 
 392      AD00
 393 0e22 97119D64 		.ascii	"\227\021\235drK\203\364xq\220^\035\372\307\320 \275"
 393      724B83F4 
 393      7871905E 
 393      1DFAC7D0 
 393      20BD
 394 0e34 E3D2B0D0 		.ascii	"\343\322\260\320\340\340 \275\303\322e\237\207\006\353"
 394      E0E020BD 
 394      C3D2659F 
 394      8706EB
 395 0e43 D5BF5F1A 		.ascii	"\325\277_\032\024\254'\026\205\350\254\243\014&7\216"
 395      14AC2716 
 395      85E8ACA3 
 395      0C26378E 
 396 0e53 2129A433 		.ascii	"!)\2443\030\300\276\330o(\343D\247\265\030\236f1Xd\254"
 396      18C0BED8 
 396      6F28E344 
 396      A7B5189E 
 396      66315864 
ARM GAS  C:\Users\Luczia\AppData\Local\Temp\ccloqnvH.s 			page 32


 397 0e68 31F23F68 		.ascii	"1\362?h\327o\337\304R\331O\253W\223\036Cll\024\215\266"
 397      D76FDFC4 
 397      52D94FAB 
 397      57931E43 
 397      6C6C148D 
 398 0e7d 3FD8EA41 		.ascii	"?\330\352A\025Zr \322\030\267<\346+\207\320\220\240"
 398      155A7220 
 398      D218B73C 
 398      E62B87D0 
 398      90A0
 399 0e8f 08538443 		.ascii	"\010S\204C\350\"\326|\312\232`\326\004\261&\2205\237"
 399      E822D67C 
 399      CA9A60D6 
 399      04B12690 
 399      359F
 400 0ea1 B066216B 		.ascii	"\260f!k\026\223\306\205\212d\242\014&uXX\340\"\275\223"
 400      1693C685 
 400      8A64A20C 
 400      26755858 
 400      E022BD93 
 401 0eb5 3E382C58 		.ascii	">8,X\377Yp\320\20780\014\202\020\024h}\365\201\323\302"
 401      FF5970D0 
 401      8738300C 
 401      82101468 
 401      7DF581D3 
 402 0eca D04F0296 		.ascii	"\320O\002\226\204\006\377AO\236\374\331\223\245w\201"
 402      8406FF41 
 402      4F9EFCD9 
 402      93A57781 
 403 0eda D3C2904F 		.ascii	"\323\302\220O\346\313\275!S\270\020%n\276#\221\002o"
 403      E6CBBD21 
 403      53B81025 
 403      6EBE2391 
 403      026F
 404 0eec 48EBCFF7 		.ascii	"H\353\317\367\0048\022\011\264'DF\204\330\"\3745d\254"
 404      04381209 
 404      B4274446 
 404      84D822FC 
 404      3564AC
 405 0eff 3E6C999E 		.ascii	">l\231\236<\370\223\207\251>?\015\031\315\372B,\240"
 405      3CF89387 
 405      A93E3F0D 
 405      19CDFA42 
 405      2CA0
 406 0f11 1006C281 		.ascii	"\020\006\302\201\213\365\252\300O\027\351\035C\227,"
 406      8BF5AAC0 
 406      4F17E91D 
 406      43972C
 407 0f20 21AD18A8 		.ascii	"!\255\030\250\327\302\343\342\2000\302}l/4\221\306\025"
 407      D7C2E3E2 
 407      8030C27D 
 407      6C2F3491 
 407      C615
 408 0f32 2B8C71BE 		.ascii	"+\214q\276\321\253M\020\025.04\256\313\027\370}\260"
 408      D1AB4D10 
 408      152E3034 
 408      AECB17F8 
ARM GAS  C:\Users\Luczia\AppData\Local\Temp\ccloqnvH.s 			page 33


 408      7DB0
 409 0f44 7A3584C5 		.ascii	"z5\204\305Y\037\030hX\0061\012\212^\376\277p\254\246"
 409      591F1868 
 409      5806310A 
 409      8A5EFEBF 
 409      70ACA6
 410 0f57 69       		.ascii	"i"
 411              		.text
 412              		.section	.gnu.lto_.symtab.803e843d,"",%progbits
 413 0000 5F5F6561 		.ascii	"__early_init\000"
 413      726C795F 
 413      696E6974 
 413      00
 414 000d 00       		.ascii	"\000"
 415 000e 00       		.ascii	"\000"
 416 000f 00       		.ascii	"\000"
 417 0010 00000000 		.ascii	"\000\000\000\000\000\000\000\000"
 417      00000000 
 418 0018 19010000 		.ascii	"\031\001\000\000"
 419 001c 626F6172 		.ascii	"boardInit\000"
 419      64496E69 
 419      7400
 420 0026 00       		.ascii	"\000"
 421 0027 00       		.ascii	"\000"
 422 0028 00       		.ascii	"\000"
 423 0029 00000000 		.ascii	"\000\000\000\000\000\000\000\000"
 423      00000000 
 424 0031 1B010000 		.ascii	"\033\001\000\000"
 425 0035 73746D33 		.ascii	"stm32_clock_init\000"
 425      325F636C 
 425      6F636B5F 
 425      696E6974 
 425      00
 426 0046 00       		.ascii	"\000"
 427 0047 02       		.ascii	"\002"
 428 0048 00       		.ascii	"\000"
 429 0049 00000000 		.ascii	"\000\000\000\000\000\000\000\000"
 429      00000000 
 430 0051 1D010000 		.ascii	"\035\001\000\000"
 431              		.text
 432              		.section	.gnu.lto_.opts,"",%progbits
 433 0000 272D666D 		.ascii	"'-fmath-errno' '-fsigned-zeros' '-ftrapping-math' '"
 433      6174682D 
 433      6572726E 
 433      6F272027 
 433      2D667369 
 434 0033 2D666E6F 		.ascii	"-fno-trapv' '-fno-strict-overflow' '-fno-openmp' '-"
 434      2D747261 
 434      70762720 
 434      272D666E 
 434      6F2D7374 
 435 0066 666E6F2D 		.ascii	"fno-openacc' '-mcpu=cortex-m4' '-mthumb' '-O0' '-fo"
 435      6F70656E 
 435      61636327 
 435      20272D6D 
 435      6370753D 
 436 0099 6D69742D 		.ascii	"mit-frame-pointer' '-falign-functions=16' '-ffuncti"
ARM GAS  C:\Users\Luczia\AppData\Local\Temp\ccloqnvH.s 			page 34


 436      6672616D 
 436      652D706F 
 436      696E7465 
 436      72272027 
 437 00cc 6F6E2D73 		.ascii	"on-sections' '-fdata-sections' '-fno-common' '-flto"
 437      65637469 
 437      6F6E7327 
 437      20272D66 
 437      64617461 
 438 00ff 2700     		.ascii	"'\000"
 439              		.text
 440              		.comm	__gnu_lto_v1,1,1
 441              		.comm	__gnu_lto_slim,1,1
 442              		.ident	"GCC: (GNU Tools for Arm Embedded Processors 7-2017-q4-major) 7.2.1 20170904 (release) [ARM
ARM GAS  C:\Users\Luczia\AppData\Local\Temp\ccloqnvH.s 			page 35


DEFINED SYMBOLS
                            *ABS*:00000000 board.c
                            *COM*:00000001 __gnu_lto_v1
                            *COM*:00000001 __gnu_lto_slim

NO UNDEFINED SYMBOLS
