ARM GAS  C:\Users\Luczia\AppData\Local\Temp\cc5BIX18.s 			page 1


   1              		.cpu cortex-m4
   2              		.eabi_attribute 20, 1
   3              		.eabi_attribute 21, 1
   4              		.eabi_attribute 23, 3
   5              		.eabi_attribute 24, 1
   6              		.eabi_attribute 25, 1
   7              		.eabi_attribute 26, 1
   8              		.eabi_attribute 30, 6
   9              		.eabi_attribute 34, 1
  10              		.eabi_attribute 18, 4
  11              		.file	"ch.cpp"
  12              		.section	.gnu.lto_.inline.803eecdf,"",%progbits
  13 0000 789C6363 		.ascii	"x\234cc``\210c@\000\026 bf``b\371\240\007d3\201\204"
  13      60608863 
  13      40001620 
  13      62666060 
  13      62F9A007 
  14 0018 98304458 		.ascii	"\2300DX\030\270\244\201\"l\007\354`\"\314< u\023\374"
  14      18B8A481 
  14      226C07EC 
  14      6022CC3C 
  14      207513FC 
  15 002c 98B8811C 		.ascii	"\230\270\201\034V\006N\021Ti\026\001\006\006\306\011"
  15      56064E11 
  15      54691601 
  15      0606C609 
  16 003c 7E0C0055 		.ascii	"~\014\000U\246\007\037"
  16      A6071F
  17              		.text
  18              		.section	.gnu.lto__ZL19chSysGetIdleThreadXv.803eecdf,"",%progbits
  19 0000 789C6590 		.ascii	"x\234e\220\273K\003A\020\306\347\2739\317\010\232\302"
  19      BB4B0341 
  19      10C6E7BB 
  19      39CF089A 
  19      C2
  20 0011 C626481A 		.ascii	"\306&H\032\22149R\372\357\370\200\004D\301\250\220*"
  20      91343952 
  20      FAEFF880 
  20      0444C1A8 
  20      902A
  21 0023 4B62F059 		.ascii	"Kb\360Y\2111\020\016\015XX\371\3023\232\250pZ\250\215"
  21      8931100E 
  21      0D5858F9 
  21      C2339AA8 
  21      705AA88D 
  22 0037 F840B0D0 		.ascii	"\370@\260\320JA\214\217\200\245\212\321YM\347q\273\267"
  22      4A418C8F 
  22      80A58AD1 
  22      594DE771 
  22      BBB7
  23 0049 33BF99EF 		.ascii	"3\277\231\357\233[\213\210\246@\024\222o@\026\231\004"
  23      9B5B8B88 
  23      A6401492 
  23      6F401699 
  23      04
  24 005a 83648165 		.ascii	"\203d\201eg\010\"P\322`$1\303s\214\213\261u\207\247"
  24      67082250 
ARM GAS  C:\Users\Luczia\AppData\Local\Temp\cc5BIX18.s 			page 2


  24      D2602431 
  24      C3738C8B 
  24      B17587A7 
  25 006e D9618229 		.ascii	"\331a\202)\341\333i\376\336\257C (\341K\365\310m\016"
  25      E1DB69FE 
  25      DEAF4320 
  25      28E14BF5 
  25      C86D0E
  26 0081 2D2B9552 		.ascii	"-+\225R^\256\334^q\317U\223\303\006\315K\271\213\000"
  26      5EAEDC5E 
  26      71CF5593 
  26      C306CD4B 
  26      B98B00
  27 0094 36A14DB0 		.ascii	"6\241M\260\205\020I\365\335F-\333b\231\232J\262\010"
  27      851049F5 
  27      DD462DDB 
  27      62999A4A 
  27      B208
  28 00a6 4BAC0802 		.ascii	"K\254\010\0026^\337\017\254\216%\245f\225W{o]JgN\224"
  28      365EDF0F 
  28      AC8E25A5 
  28      6695577B 
  28      6F5D4A67 
  29 00bc F95F478A 		.ascii	"\371_G\212\267\321\261v\331\340\251\332\367\270\362"
  29      B7D1B176 
  29      D9E0A9DA 
  29      F7B8F2
  30 00cb AA8967F7 		.ascii	"\252\211g\367\252M\312t)MhU\232\324G~B\252\\Y\\\363"
  30      AA4DCA74 
  30      294D6855 
  30      9AD4477E 
  30      42AA5C59 
  31 00e1 6B933C1B 		.ascii	"k\223<\033b1\2379<k\324\2033\364(\245\322\313Mc\362"
  31      62319F39 
  31      3C6BD483 
  31      33F428A5 
  31      D2CB4D63 
  32 00f6 4BF92451 		.ascii	"K\371$Q\320\215\222s\323o\263\376\002\026\340\260\211"
  32      D08D9273 
  32      D36FB3FE 
  32      0216E0B0 
  32      89
  33 0107 925CC08E 		.ascii	"\222\\\300\216v\025P<\276\375\364\331+J\236\302\250"
  33      7615503C 
  33      BEFDF4D9 
  33      2B4A9EC2 
  33      A8
  34 0118 C30D28A3 		.ascii	"\303\015(\243\200\354\257\235\320\217\353t\306\250\323"
  34      80ECAF9D 
  34      D08FEB74 
  34      C6A8D3
  35 0127 55E9B5B0 		.ascii	"U\351\265\260\013;\313\370\243\271\257\335@\035>\010"
  35      0B3BCBF8 
  35      A3B9AFDD 
  35      401D3E08 
  36 0137 34B0A7A1 		.ascii	"4\260\247\241\241\377e\037\366\357\300\"\304\217r\363"
  36      A1FF651F 
ARM GAS  C:\Users\Luczia\AppData\Local\Temp\cc5BIX18.s 			page 3


  36      F6EFC022 
  36      C48F72F3 
  37 0147 39E9A922 		.ascii	"9\351\251\"\025\254\017\255\345'\264\214\234:\303a["
  37      15AC0FAD 
  37      E527B48C 
  37      9C3AC361 
  37      5B
  38 0158 DE9E68AC 		.ascii	"\336\236h\254;6\030\217tE\354\301\270=4l\307\006z\372"
  38      3B36188F 
  38      7445ECC1 
  38      B83D346C 
  38      C7067AFA 
  39 016c 477AFB04 		.ascii	"Gz\373\004\304\023\361p\224~\000\001g\207p"
  39      C413F170 
  39      947E0001 
  39      678770
  40              		.text
  41              		.section	.gnu.lto__ZN10chibios_rt15ThreadReferenceC2EP9ch_thread.803eecdf,"",%progbits
  42 0000 789C6D52 		.ascii	"x\234mR\301K\024q\024\376}\2777;\213X\235:z\330C\262"
  42      C14B1471 
  42      14FE7DBF 
  42      373B8B58 
  42      9D3A7AD8 
  43 0016 78D949BA 		.ascii	"x\331I\272l\321\377\022&\302n\227\035v\255\216\2766"
  43      6CD1FF12 
  43      26C26E97 
  43      1D76AD8E 
  43      BE36
  44 0028 C58D3A84 		.ascii	"\305\215:\204\244\3220\211 \322\245(\331\315\254\254"
  44      A4D23089 
  44      20D2A528 
  44      D9CDACAC 
  45 0038 C6219644 		.ascii	"\306!\226D$\225\002\017!\221\030*eD\020\004b\2757uX"
  45      2495020F 
  45      2191182A 
  45      65441004 
  45      62BD3775 
  46 004d 4A98F9CD 		.ascii	"J\230\371\315{\277\367}\357\373\336c\\c\314Yk\314\031"
  46      7BBFF77D 
  46      EFFBDE63 
  46      5C63CC59 
  46      6BCC19
  47 0060 F976C86B 		.ascii	"\371v\310k\034\003IaAr\022 W0\003\2260\200\033t\213"
  47      1C034961 
  47      41721220 
  47      57300396 
  47      30801B74 
  48 0075 B03AF830 		.ascii	"\260:\3700\244\353\024\222\201#\351\267\345`\363\230"
  48      A4EB1492 
  48      8123E9B7 
  48      E560F398 
  49 0085 A64046D2 		.ascii	"\246@F\322\317{\315\306\221\256\273\314U\216\306W\262"
  49      CF7BCDC6 
  49      91AEBBCC 
  49      558EC657 
  49      B2
  50 0096 AB8D156E 		.ascii	"\253\215\025n\013\311\2321\2017\320\201:T\004\217\320"
ARM GAS  C:\Users\Luczia\AppData\Local\Temp\cc5BIX18.s 			page 4


  50      0BC99A31 
  50      8137D081 
  50      3A54048F 
  50      D0
  51 00a7 25E0EFEF 		.ascii	"%\340\357\357\276n\266\321)\030\211\347\342O[\224\235"
  51      BE6EB6D1 
  51      291889E7 
  51      E24F5B94 
  51      9D
  52 00b8 E69B42FC 		.ascii	"\346\233B\374q\207\026\033\221\022\011\263\240V\256"
  52      7187161B 
  52      911209B3 
  52      A056AE
  53 00c7 5C193C46 		.ascii	"\\\031<FV\030\257\266\366\327\332)\237\260\227\006\227"
  53      5618AFB6 
  53      F6D7DA29 
  53      9FB09706 
  53      97
  54 00d8 D65D61AB 		.ascii	"\326]a\253\354\376\024\361\211\220\034\314\375K\225"
  54      ECFE14F1 
  54      89901CCC 
  54      FD4B95
  55 00e7 D19E20AB 		.ascii	"\321\236 \253\370\2173\007\243G]'\261\365\024nr\240"
  55      F88F3307 
  55      A3475D27 
  55      B1F5146E 
  55      72A0
  56 00f9 E53EC99F 		.ascii	"\345>\311\237iA\016Y\201\326f\276\374\\p;\247\230G8"
  56      69410E59 
  56      81D666BE 
  56      FC5C703B 
  56      A7984738 
  57 010d 6A4ED0F4 		.ascii	"jN\320\364\325\241\327\354\374?\233\200\347\321\371"
  57      D5A1D7EC 
  57      FC3F9B80 
  57      E7D1F9
  58 011c 602D15F1 		.ascii	"`-\025\361\301\257af\233\266P\307\016T\3345\31205R\340"
  58      C1AF6166 
  58      9BB650C7 
  58      0E54DC35 
  58      CA303552 
  59 0131 350D6917 		.ascii	"5\015i\027\361\373\235\215\372=\253\242\24236\024\277"
  59      F1FB9D8D 
  59      FA3DABA2 
  59      A2333614 
  59      BF
  60 0142 49EB4653 		.ascii	"I\353FS\311h\363\361r\323\235\304\304\025f\316\204\344"
  60      C968F3F1 
  60      72D39DC4 
  60      C41566CE 
  60      84E4
  61 0154 0664F15C 		.ascii	"\006d\361\\\225\360\002\223\352\353\366\207h$\225\237"
  61      95F00293 
  61      EAEBF687 
  61      6824959F 
  62 0164 E51AA46A 		.ascii	"\345\032\244j\360\022y\263\213j\260xA\275\267\366\263"
  62      F01279B3 
ARM GAS  C:\Users\Luczia\AppData\Local\Temp\cc5BIX18.s 			page 5


  62      8B6AB078 
  62      41BDB7F6 
  62      B3
  63 0175 87F54B6B 		.ascii	"\207\365Kk\277H\373I\355\355\360\372F\273w\237\377\224"
  63      BF48FB49 
  63      EDEDF0FA 
  63      46BB779F 
  63      FF94
  64 0187 1C2C88C2 		.ascii	"\034,\210\302hb\0251\274@\026\250\235w\266\353\307\325"
  64      68621531 
  64      BC4016A8 
  64      9D77B6EB 
  64      C7D5
  65 0199 6B909849 		.ascii	"k\220\230I\346\020\014m\313\2772.\301\036\252\231\277"
  65      E6100C6D 
  65      CBBF322E 
  65      C11EAA99 
  65      BF
  66 01aa 6565D648 		.ascii	"ee\326H\366'\250\223\271\234'Oo\241x\276X\252t\237\356"
  66      F627A893 
  66      B99C274F 
  66      6FA178BE 
  66      58AA749F 
  67 01bf F64A15EF 		.ascii	"\366J\025\357RO\271X\272X\361z}\377\334\345r\217\357"
  67      524FB958 
  67      BA58F17A 
  67      7DFFDCE5 
  67      728FEF
  68 01d2 F7952529 		.ascii	"\367\225%)\344\012\276o\234\376B\261b\373\375\337\022"
  68      E40ABE6F 
  68      9CFE42B1 
  68      62FBFDDF 
  68      12
  69 01e3 9EC222   		.ascii	"\236\302\""
  70              		.text
  71              		.section	.gnu.lto__ZN10chibios_rt6System14getIdleThreadXEv.803eecdf,"",%progbits
  72 0000 789C6D51 		.ascii	"x\234mQMK\033Q\024\275g\356db\026\351\017\220,\334d"
  72      4D4B1B51 
  72      14BD67EE 
  72      646216E9 
  72      0F902CDC 
  73 0015 E126695C 		.ascii	"\341&i\\\245\377\240\377B\254\024\314*!\241\272\234"
  73      A5FFA0FF 
  73      42AC14CC 
  73      2A21A1BA 
  73      9C
  74 0026 47E2474A 		.ascii	"G\342GJ\255\330\326F\032\006\024B4;+\255\037\261\026"
  74      ADD8D646 
  74      1A061442 
  74      343B2BAD 
  74      1FB116
  75 0039 A6826016 		.ascii	"\246\202`\026\205\352\266\245\024\273\021\011B\301\225"
  75      85EAB6A5 
  75      14BB1109 
  75      42C195
  76 0048 60EA7929 		.ascii	"`\352y).\304>\336\233y\347\236s\357=\227\347\211\310"
  76      2EC43EDE 
ARM GAS  C:\Users\Luczia\AppData\Local\Temp\cc5BIX18.s 			page 6


  76      9B79E79E 
  76      73EF3D97 
  76      E789C8
  77 005b 1E4446F8 		.ascii	"\036DF\370O\360\210+p\204\007\312\257\202\224@|G\341"
  77      4FF0882B 
  77      708407CA 
  77      AF829440 
  77      7C47E1
  78 006e 635E9714 		.ascii	"c^\227\024\307\323\357\003}\241\201\012\\\302?_\353"
  78      C7D3EF03 
  78      7DA1810A 
  78      5CC23F5F 
  78      EB
  79 007f BF1F5808 		.ascii	"\277\037X\010\014\0216?W\3661\274n\270\302\345\253l"
  79      0C11363F 
  79      57F631BC 
  79      6EB8C2E5 
  79      AB6C
  80 0091 B332F338 		.ascii	"\2632\3638PGjT\177D\002\037`{`\013\303B\361\351f\357"
  80      50476A54 
  80      7F44021F 
  80      607B600B 
  80      C342F1E9 
  81 00a7 6DDC732D 		.ascii	"m\334s-\313\3406<v\022\207\304\356B\343g,\3310f\321"
  81      CBE0363C 
  81      761287C4 
  81      EE42E367 
  81      2CD93066 
  82 00bc 84BD37F1 		.ascii	"\204\2757\361z+\234\036\272_\2069;HR~8\377\252\354Q"
  82      7A2B9C1E 
  82      BA5F8639 
  82      3B48527E 
  82      38FFAAEC 
  83 00d1 1EB2E9B7 		.ascii	"\036\262\351\267/\316\221q\377+\336Er\343$\022\232\336"
  83      2FCE9171 
  83      FF2BDE45 
  83      72E32412 
  83      9ADE
  84 00e3 DF39135E 		.ascii	"\3379\023^T\260\326\030\214B\002e\367\252u \317\231"
  84      54B0D618 
  84      8C420265 
  84      F7AA7520 
  84      CF99
  85 00f5 25DA45A5 		.ascii	"%\332E\245u\271\222\260~\352\012\226o\267\273\337\243"
  85      75B992B0 
  85      7EEA0A96 
  85      6FB7BBDF 
  85      A3
  86 0106 FEB51908 		.ascii	"\376\265\031\010\324\255)-\242\015\237y\021\351b\246"
  86      D4AD292D 
  86      A20D9F79 
  86      11E962A6 
  87 0116 E5F68DDF 		.ascii	"\345\366\215\337\225y5[\011{\224\221\330\234=}\031#"
  87      9579355B 
  87      097B9491 
  87      D89C3D7D 
  87      1923
ARM GAS  C:\Users\Luczia\AppData\Local\Temp\cc5BIX18.s 			page 7


  88 0128 C1C529A2 		.ascii	"\301\305)\242\326\307\277a?\301g\207@\007\344\034\345"
  88      D6C7BF61 
  88      3FC16787 
  88      4007E41C 
  88      E5
  89 0139 5A2767A3 		.ascii	"Z'g\243v$\253`\350\340G\247\357\302B\226y\367+|\035"
  89      7624AB60 
  89      E8E047A7 
  89      EFC24296 
  89      79F72B7C 
  90 014e C96E9B2A 		.ascii	"\311n\233*\354t\330G\266o\231\316\365\214\317\264\314"
  90      EC74D847 
  90      B66F99CE 
  90      F58CCFB4 
  90      CC
  91 015f CB05CAAB 		.ascii	"\313\005\312\253kz[\306\216T\265~\351\345a*\225\346"
  91      6B7A5BC6 
  91      8E54B57E 
  91      E9E5612A 
  91      95E6
  92 0171 1E9FC83D 		.ascii	"\036\237\310=\311\345K\231G\231t\276\224\236\034+\346"
  92      C9E54B99 
  92      479974BE 
  92      949E1C2B 
  92      E6
  93 0182 F2CF4AE9 		.ascii	"\362\317J\351\361Bat\2528V(<-\022L\244\210\345\006\333"
  93      F1426174 
  93      AA385628 
  93      3C2D124C 
  93      A488E506 
  94 0197 9795AE   		.ascii	"\227\225\256"
  95              		.text
  96              		.section	.gnu.lto__ZN10chibios_rt10_thd_startEPv.803eecdf,"",%progbits
  97 0000 789C6D90 		.ascii	"x\234m\220\317+DQ\024\307\317\367\2357\017\211\235\222"
  97      CF2B4451 
  97      14C7CFF7 
  97      9D370F89 
  97      9D92
  98 0012 2C2C9446 		.ascii	",,\224F\231g\022\362\327hH\314j\246\231\260\343\032"
  98      996712F2 
  98      D76848CC 
  98      6AA699B0 
  98      E31A
  99 0024 34185999 		.ascii	"4\030Y\231Q\323K\023\311\222\311o\206\246YX\221Hbca"
  99      51D34B13 
  99      C992C96F 
  99      86A65958 
  99      91486263 
 100 0039 4A1952CA 		.ascii	"J\031R\312B\322p\356\263\261p\272\367\275\373\275\357"
 100      42D270EE 
 100      B3B170BA 
 100      F7BDFBBD 
 100      EF
 101 004a 7B3EE79C 		.ascii	"{>\347\234g\021\321\012\210\272\344]'\233\230`\220l"
 101      6711D10A 
 101      88BAE45D 
 101      279B9860 
ARM GAS  C:\Users\Luczia\AppData\Local\Temp\cc5BIX18.s 			page 8


 101      906C
 102 005c C82581C6 		.ascii	"\310%\201\306\015\214c\236\027\031\205\370\343\201\341"
 102      0D8C639E 
 102      171985F8 
 102      E381E1
 103 006b 5D5712F9 		.ascii	"]W\022\371\245e\377\244\232\256w\230(\305\344\006\266"
 103      A565FFA4 
 103      9AAE7798 
 103      28C5E406 
 103      B6
 104 007c E015D7E5 		.ascii	"\340\025\327\345\324\246\303\011v\0300E\276\235\247"
 104      D4A6C309 
 104      76183045 
 104      BE9DA7
 105 008b 8BB55A1A 		.ascii	"\213\265Z\032h\022\371\254\022\307\340\016\220\234\327"
 105      6812F9AC 
 105      12C7E00E 
 105      909CD7
 106 009a 163EB246 		.ascii	"\026>\262F\313\232R1\225?[e\325\3540c\027,@\354\240"
 106      CB9A5231 
 106      953F5B65 
 106      D5EC3063 
 106      172C40EC 
 107 00af 11DB6824 		.ascii	"\021\333h$\271\"\354\241E\373\037\262\345d\215e\376"
 107      B922ECA1 
 107      45FB1FB2 
 107      E5648D65 
 107      FE
 108 00c0 16C43E2C 		.ascii	"\026\304>,\322\035n\\y\362\252\374\035W\371\367U\354"
 108      D21D6E5C 
 108      79F2AAFC 
 108      1D57F9F7 
 108      55EC
 109 00d2 D458901C 		.ascii	"\324X\220\034\323\220\207\307\204\233I3n\203\263,Sq"
 109      D39087C7 
 109      849B4933 
 109      6E83B32C 
 109      5371
 110 00e4 09B1C3A7 		.ascii	"\011\261\303\247\2731\235\235f\01045]\270\250\320\375"
 110      BB319D9D 
 110      66083435 
 110      5DB8A8D0 
 110      FD
 111 00f5 596E4FB9 		.ascii	"YnO\271\302\371\251\225\301\362\204\014\331\344pE\232"
 111      C2F9A995 
 111      C1F2840C 
 111      D9E47045 
 111      9A
 112 0106 4D1C481F 		.ascii	"M\034H\037\372\333u\374\366\276\332n\023<\016\221A\322"
 112      FADB75FC 
 112      F6BEDA6E 
 112      133C0E91 
 112      41D2
 113 0118 C5E20836 		.ascii	"\305\342\0106\011\365k\016\277P\343/\324\374\017\352"
 113      09F56B0E 
 113      BF50E32F 
 113      D4FC0FEA 
ARM GAS  C:\Users\Luczia\AppData\Local\Temp\cc5BIX18.s 			page 9


 114 0128 91CAC869 		.ascii	"\221\312\310i(\216\205C/\230\312|\272\331\332\\,eo\314"
 114      288E8543 
 114      2F98CA7C 
 114      BAD9DA5C 
 114      2C656FCC 
 115 013c EE4E872B 		.ascii	"\356N\207+\205\245\313\267j\343\011\272I\204\303U\364"
 115      85A5CBB7 
 115      6AE309BA 
 115      4984C355 
 115      F4
 116 014d 8A58E6B9 		.ascii	"\212X\346\271\301\265\353\230a\371\0132Z\273\317g\313"
 116      C1B5EB98 
 116      61F90B32 
 116      5ABBCF67 
 116      CB
 117 015e EA1F0AF6 		.ascii	"\352\037\012\366\005CQ\177\217\337\016E\355\221@$\030"
 117      0543517F 
 117      8FDF0E45 
 117      ED914024 
 117      18
 118 016f 1A8EDAFD 		.ascii	"\032\216\332\375\341p\357h$\020\016\017DD\014\371D\023"
 118      E170EF68 
 118      24100E0F 
 118      44440CF9 
 118      4413
 119 0181 0722833F 		.ascii	"\007\"\203?\260\327\214\320"
 119      B0D78CD0 
 120              		.text
 121              		.section	.gnu.lto_.symbol_nodes.803eecdf,"",%progbits
 122 0000 789C6363 		.ascii	"x\234cc``\270\003\304\014L{\031\353\031\030&\234c`\000"
 122      6060B803 
 122      C40C4C7B 
 122      19EB1918 
 122      269C6360 
 123 0015 523B1B0E 		.ascii	"R;\033\0166\26010\260^`fP\000\311\235c\252g\204\310"
 123      36B03130 
 123      B05E6066 
 123      5000C99D 
 123      63AA6784 
 124 002a C547F919 		.ascii	"\305G\371\031\032$gd&e\346\027\307\027\225\030\232\206"
 124      1A246764 
 124      2665E617 
 124      C7179518 
 124      9A86
 125 003c 6414A526 		.ascii	"d\024\245&\246\004\245\246\245\026\245\346%\247:\233"
 125      A604A5A6 
 125      A516A5E6 
 125      25A73A9B 
 126 004c BA065826 		.ascii	"\272\006X&g\304\227\200\205\031\230\031v58\002\0158"
 126      67C49780 
 126      85199819 
 126      76353802 
 126      0D38
 127 005e CF54CF44 		.ascii	"\317T\317D\226\001L\014\263\032\\\200\006\234f\256g"
 127      96014C0C 
 127      B31A5C80 
 127      069C66AE 
ARM GAS  C:\Users\Luczia\AppData\Local\Temp\cc5BIX18.s 			page 10


 127      67
 128 006f 86B96E57 		.ascii	"\206\271nW#\310\3103\314\365,(\"\314,\014\014\213\037"
 128      23C8C833 
 128      CCF52C28 
 128      22CC2C0C 
 128      0C8B1F
 129 0082 FC636466 		.ascii	"\374cdfaf8\014\244YX\031\036\003)\006\006\000]\353C"
 129      6166380C 
 129      A4595819 
 129      1E032906 
 129      06005DEB 
 130 0097 93       		.ascii	"\223"
 131              		.text
 132              		.section	.gnu.lto_.refs.803eecdf,"",%progbits
 133 0000 789C6363 		.ascii	"x\234cc``\340\006bF bddffb`\000\000\001k\000\036"
 133      6060E006 
 133      62462062 
 133      64646666 
 133      62600000 
 134              		.text
 135              		.section	.gnu.lto_.decls.803eecdf,"",%progbits
 136 0000 789CB57A 		.ascii	"x\234\265z\011PTY\226h\336ws\201$\001\013\234\036{\306"
 136      09505459 
 136      9668DE77 
 136      73812401 
 136      0B9C1E7B 
 137 0015 E976BA9D 		.ascii	"\351v\272\235\032f\252[\305\252\256e\242c\242g*\214"
 137      1A66AA5B 
 137      C5AAAE65 
 137      A263A267 
 137      2A8C
 138 0027 EE8998E9 		.ascii	"\356\211\230\351\351\230\377;\376\237\376\376\316F\310"
 138      E998FF3B 
 138      FE9FFEFE 
 138      CE46C8
 139 0036 52BAD826 		.ascii	"R\272\330&\363aUuLD?6\005Q@@6A\022Q\001\021AEApIAQD"
 139      F3615575 
 139      4C443F36 
 139      05514040 
 139      36411251 
 140 0054 16115016 		.ascii	"\026\021P\026\331T\304\205EP\224E\230s\357}\231\357"
 140      D954C485 
 140      45509445 
 140      9873EF7D 
 140      99EF
 141 0066 6592A956 		.ascii	"e\222\251V\314\377\251\227\367\316{\347\236\375\234"
 141      CCFFA997 
 141      F7CE7BE7 
 141      9EFD9C
 142 0075 BB3DB542 		.ascii	"\273=\265B\2418\376S\205\342\017Z\205B@\012\305\022"
 142      A138FE53 
 142      85E20F5A 
 142      8542400A 
 142      C512
 143 0087 FC54F0EC 		.ascii	"\374T\360\354\222B\372\0218\013\336\025A;\012\355$\264"
 143      9242FA11 
 143      380BDE15 
ARM GAS  C:\Users\Luczia\AppData\Local\Temp\cc5BIX18.s 			page 11


 143      413B0AED 
 143      24B4
 144 0099 2A68F05F 		.ascii	"*h\360_\021\305)\354~\376X\241\320\300\325\007\332J"
 144      11C529EC 
 144      7EFE58A1 
 144      D0C0D507 
 144      DA4A
 145 00ab 68BF05A4 		.ascii	"h\277\005\244h\300\021\240m%\015`@Q\374\001\356\203"
 145      68C011A0 
 145      6D250D60 
 145      4051FC01 
 145      EE83
 146 00bd A06D13E9 		.ascii	"\240m\023\351\020\372\234H/\306\201\346\277B\0077\031"
 146      10FA9C48 
 146      2FC681E6 
 146      BF420737 
 146      19
 147 00ce CD43801B 		.ascii	"\315C\200\033\3131\332;\341\272\003Z\201H'_\274\026"
 147      CB31DA3B 
 147      E1BA035A 
 147      8148275F 
 147      BC16
 148 00e0 89D77807 		.ascii	"\211\327x\007Z\006\240\345.\243E\372\021:\011\200\227"
 148      5A06A0E5 
 148      2EA345FA 
 148      113A0980 
 148      97
 149 00f1 09D75D1C 		.ascii	"\011\327]\034\243\177\0041|\"+\3217K\324\235<Nt\240"
 149      A37F0431 
 149      7C222BD1 
 149      374BD49D 
 149      3C4E74A0 
 150 0105 190E4860 		.ascii	"\031\016H`>\305\357dt\365\320R\000/\231\320\205\226"
 150      3EC5EF64 
 150      74F5D052 
 150      002F99D0 
 150      8596
 151 0117 012D075A 		.ascii	"\001-\007Z6\307h\244\213\327*\244X\366K\307hq\244\366"
 151      36C768A4 
 151      8BD72AA4 
 151      58F64BC7 
 151      6871A4F6 
 152 012b 81F700BA 		.ascii	"\201\367\000\272K\336\242\025\010\211\234\345?\002/"
 152      4BDEA215 
 152      08899CE5 
 152      3F022F
 153 013a 597FE43D 		.ascii	"Y\177\344=C\340\220\365%\303ZN_\304\205\306)$\\\251"
 153      43E090F5 
 153      25C35A4E 
 153      5FC485C6 
 153      29245CA9 
 154 014e 878CAABC 		.ascii	"\207\214\252\2743\"?\005\025E.\013\225L\024\017I\354"
 154      33223F05 
 154      15452E0B 
 154      954C140F 
 154      49EC
 155 0160 910DC78A 		.ascii	"\221\015\307\212/\243\212l\235\234h\317lN\214\320\371"
ARM GAS  C:\Users\Luczia\AppData\Local\Temp\cc5BIX18.s 			page 12


 155      2FA38A6C 
 155      9D9C68CF 
 155      6C4E8CD0 
 155      F9
 156 0171 74F771DD 		.ascii	"t\367q\335 \352\007\324\177\007k\272\205\"\362\264\253"
 156      20EA07D4 
 156      7F076BBA 
 156      8522F2B4 
 156      AB
 157 0182 E5E83E77 		.ascii	"\345\350>w\314\321\373\226\301\2522\015^M\357\223\347"
 157      CCD1FB96 
 157      C1AA320D 
 157      5E4DEF93 
 157      E7
 158 0193 2E15E8D6 		.ascii	".\025\350\326\035\023\330\317-\027+\320\031\204\255"
 158      1D13D8CF 
 158      2D172BD0 
 158      1984AD
 159 01a2 061DA83D 		.ascii	"\006\035\250=\037\303\341\377E1\257,\275\264x'b\344"
 159      1FC3E1FF 
 159      4531AF2C 
 159      BDB47827 
 159      62E4
 160 01b4 A3451C80 		.ascii	"\243E\034\200\355\2237\362<\000\\\251E+\000\274\031"
 160      ED9337F2 
 160      3C005CA9 
 160      452B00BC 
 160      19
 161 01c5 5B918BD9 		.ascii	"[\221\213\331[%\200\317\232s\356y\261\267k\000\254\032"
 161      5B2580CF 
 161      9A73EE79 
 161      B1B76B00 
 161      AC1A
 162 01d7 2FADF264 		.ascii	"/\255\362do-\204V\361Hn\222\216\301\237\002\330\321"
 162      6F2D8456 
 162      F1486E92 
 162      8EC19F02 
 162      D8D1
 163 01e9 D67F18E3 		.ascii	"\326\177\030\343/)\233\273\327JJ\011\241\277\326\"\242"
 163      2F299BBB 
 163      D74A4A09 
 163      A1BFD622 
 163      A2
 164 01fa B6373C2A 		.ascii	"\2667<*\177zv\326\223=\"\030\355\311S\2074\230'\367"
 164      7F7A76D6 
 164      933D2218 
 164      EDC95387 
 164      349827F7 
 165 020e DC40F77C 		.ascii	"\334@\367|\237\027\322\372\305\013B\264`\216\021\334"
 165      9F17D2FA 
 165      C50B42B4 
 165      608E11DC 
 166 021e 7FA140E7 		.ascii	"\177\241@\347\320jT\213V+\320e\344\007}\300^\227\340"
 166      D06A548B 
 166      562BD065 
 166      E4077DC0 
 166      5E97E0
ARM GAS  C:\Users\Luczia\AppData\Local\Temp\cc5BIX18.s 			page 13


 167 0231 89059E1C 		.ascii	"\211\005\236\034!:Z\226\362\377>{J\020\326\240z\244"
 167      213A5A96 
 167      F2FF3E7B 
 167      4A10D6A0 
 167      7AA4
 168 0243 457508A4 		.ascii	"Eu\010\244C\353\210\265\011*\241_rh\357A5\036A\224A"
 168      43EB88B5 
 168      092AA15F 
 168      7268EF41 
 168      351E4194 
 169 0258 EDFE0757 		.ascii	"\355\376\007W8W\014\256\272`p\376\007\015q\202\300\241"
 169      38570CAE 
 169      BA6070FE 
 169      070D7182 
 169      C0A1
 170 026a 06607045 		.ascii	"\006`pEb\000\374\030\007!}>\337\0237Qop\0231\373\017"
 170      6200FC18 
 170      07217D3E 
 170      DF133751 
 170      6F701331 
 171 0280 BB54E1BA 		.ascii	"\273T\341\272s\016\003=\237v\356$\034\032\201\3035\211"
 171      730E033D 
 171      9F76EE24 
 171      1C1A81C3 
 171      3589
 172 0292 43839543 		.ascii	"C\203\225C\337\251=\365n\030n\010\220S\373\374\272\212"
 172      DFA93DF5 
 172      6E186E08 
 172      9053FBFC 
 172      BA8A
 173 02a4 59DB0DC0 		.ascii	"Y\333\015\300\224\276\331s\0368\227\275+}\031{\332\033"
 173      94BED973 
 173      1E3897BD 
 173      2B7D197B 
 173      DA1B
 174 02b6 1730C0EA 		.ascii	"\0270\300\352\246\225\242\233\346\322\316\236\366\300"
 174      A695A29B 
 174      E6D2CE9E 
 174      F6C0
 175 02c4 45EC65C5 		.ascii	"E\354e\305\245\271:w\\\306\200\313\367n]Sa\013\003\314"
 175      A5B93A77 
 175      5CC680CB 
 175      F76E5D53 
 175      610B03CC 
 176 02d8 75433FC6 		.ascii	"uC?\3067\331}\315\276scn\270\213\001E\323\305\317\021"
 176      37D97DCD 
 176      BE73636E 
 176      B88B0145 
 176      D3C5CF11 
 177 02ec 1E61C0C2 		.ascii	"\036a\300\302\341\326;nx\222\001\227^w\347j\361,\003"
 177      E1D63B6E 
 177      78920197 
 177      5E77E76A 
 177      F12C03
 178 02ff ACA1E4C3 		.ascii	"\254\241\344\303B\351\314Hc\203\226I! \200k\253\316"
 178      42E9CC48 
 178      63839649 
ARM GAS  C:\Users\Luczia\AppData\Local\Temp\cc5BIX18.s 			page 14


 178      2120806B 
 178      ABCE
 179 0311 3588E26F 		.ascii	"5\210\342o\0000\346~\336\220\027\216R\322\256\015\311"
 179      0030E67E 
 179      DE90178E 
 179      52D2AE0D 
 179      C9
 180 0322 B1BBB578 		.ascii	"\261\273\265x\027\005\270\0277\237f\253]Y\262\337\271"
 180      1705B817 
 180      379F66AB 
 180      5D59B2DF 
 180      B9
 181 0333 25AFAB7F 		.ascii	"%\257\253\177\006\365B\213\372\234\030q\377\364\335"
 181      06F5428B 
 181      FA9C1871 
 181      FFF4DD
 182 0342 47EE8CB1 		.ascii	"G\356\214\261\037\211\213\232\351\303j\234\301\030\017"
 182      1F898B9A 
 182      E9C36A9C 
 182      C1180F
 183 0351 2F2DFE1E 		.ascii	"/-\376\036\347\263\373\235\226\266\353Z\\\304\200\204"
 183      E7B3FB9D 
 183      96B6EB5A 
 183      5CC48084 
 184 0361 63090D5E 		.ascii	"c\011\015^\370,\003\016^\254}\252\301\215\014\260\346"
 184      F82C030E 
 184      5EAC7DAA 
 184      C18D0CB0 
 184      E6
 185 0372 840FCB89 		.ascii	"\204\017\313\211\342\307\003\013\030\337a\357\206\372"
 185      E2C7030B 
 185      18DF61EF 
 185      86FA
 186 0380 AE5678E1 		.ascii	"\256Vx\341\036\006\324\276\334_\353\215\207\030\320"
 186      1E06D4BE 
 186      DC5FEB8D 
 186      8718D0
 187 038f 7C6F694A 		.ascii	"|oiJ\213G\031P\225\263hQ\342\011\006\304\355)\313$v"
 187      8B471950 
 187      95B36851 
 187      E20906C4 
 187      ED29CB24 
 188 03a4 52B34CD1 		.ascii	"R\263L\321\300\243\373\223sg\224\354\021\321\356kx\224"
 188      C0A3FB93 
 188      736794EC 
 188      11D1EE6B 
 188      7894
 189 03b6 97DD77C2 		.ascii	"\227\335w\302\013O3\013]\270U\035\353\211\374\264\326"
 189      0B4F330B 
 189      5DB8551D 
 189      EB89FCB4 
 189      D6
 190 03c7 44F8387B 		.ascii	"D\3708{\222$\302\004\030`L2\200\232\350\037OP\034\215"
 190      9224C204 
 190      18604C32 
 190      809AE81F 
 190      4F501C8D 
ARM GAS  C:\Users\Luczia\AppData\Local\Temp\cc5BIX18.s 			page 15


 191 03db 380E4624 		.ascii	"8\016F$o\321Sx\362\004\236\000\203\251\331\311J%~\315"
 191      6FD15378 
 191      F2049E00 
 191      83A9D9C9 
 191      4A257ECD 
 192 03ef 189C4A5B 		.ascii	"\030\234J[\310\362\222\030\234\337x\232&\302\0240\230"
 192      C8F29218 
 192      9CDF789A 
 192      26C21430 
 192      98
 193 0400 94184C20 		.ascii	"\224\030L \227\034\2369\3410$\314g\353p\234\212r\330"
 193      971C9E39 
 193      E13024CC 
 193      67EB709C 
 193      8A72D8
 194 0413 5F77F014 		.ascii	"_w\360\024g\3430\320\363\243.\232\010/\200\303\264\304"
 194      67E330D0 
 194      F3A32E9A 
 194      082F80C3 
 194      B4C4
 195 0425 61CA3587 		.ascii	"a\3125\207\347N8T\226\267\214x\340D\312\001%\356\033"
 195      E74E3854 
 195      96B78C78 
 195      E044CA01 
 195      25EE1B
 196 0438 3BE28573 		.ascii	";\342\205s\0300?\232\336\215\230\323t\000F\327v\357"
 196      18303F9A 
 196      DE8D98D3 
 196      740046D7 
 196      76EF
 197 044a F566B139 		.ascii	"\365f\2619HCw.~Q\211\213\030\356\355\335\267z\325\270"
 197      4843772E 
 197      7E51898B 
 197      18EEEDDD 
 197      B77AD5B8 
 198 045e 9CC959D5 		.ascii	"\234\311Y\325\3247\217mr\316\251~\206^\203\210\363\357"
 198      D4378F6D 
 198      72CEA97E 
 198      865E8388 
 198      F3EF
 199 0470 24E28213 		.ascii	"$\342\202\023\021\033Z\315\323n\3704\343tvo*dY-\003"
 199      111B5ACD 
 199      D36EF834 
 199      E374766F 
 199      2A64592D 
 200 0485 FAB3126B 		.ascii	"\372\263\022k=p\013\003.$OU\273\343N\006\354|5\\\341"
 200      3D700B03 
 200      2E244F55 
 200      BBE34E06 
 200      EC7C355C 
 201 049a 8DFB1990 		.ascii	"\215\373\031\220?\177\245\302\003?`\300\343\030\313"
 201      3F7FA5C2 
 201      033F60C0 
 201      E318CB
 202 04a9 9012BF60 		.ascii	"\220\022\277`@y\334\375\0227Pj5\004\022\222\325\333"
 202      4079DCFD 
 202      1237506A 
ARM GAS  C:\Users\Luczia\AppData\Local\Temp\cc5BIX18.s 			page 16


 202      35041292 
 202      D5DB
 203 04bb D5ACDE56 		.ascii	"\325\254\336VZ\246\313\224x\216\251u\242\354\376\357"
 203      5AA6CB94 
 203      788EA975 
 203      A2ECFEEF 
 204 04cb 6501B42E 		.ascii	"e\001\264.\216Z?\201\323\242\235\234M\265\325\242f\321"
 204      8E5A3F81 
 204      D3A29D9C 
 204      4DB5D5A2 
 204      66D1
 205 04dd 825028E0 		.ascii	"\202P(\340U\012\364\341j\264\001\364\212\347\374\350"
 205      550AF4E1 
 205      6AB401F4 
 205      8AE7FCE8 
 206 04ed 3BB4835B 		.ascii	";\264\203[\215\3428\252WI~\361eO\034\253\246\324\373"
 206      8DE238AA 
 206      57497EF1 
 206      654F1CAB 
 206      A6D4FB
 207 0500 CB265AB0 		.ascii	"\313&Z\260,|~p\212\206\317n \277K\"\017\334\234\323"
 207      2C7C7E70 
 207      8A86CF6E 
 207      20BF4B22 
 207      0FDC9CD3 
 208 0514 4F74423F 		.ascii	"OtB?:\355\3261w\274\233\321\217\276\222rSc\255\020\366"
 208      3AEDD631 
 208      77BC9BD1 
 208      8FBE9272 
 208      5363AD10 
 209 0529 7D931DFB 		.ascii	"}\223\035\373Z\003l\003\253\264I \303\036I\206\335\234"
 209      5A036C03 
 209      ABB44920 
 209      C31E4986 
 209      DD9C
 210 053b 5824F6E5 		.ascii	"X$\366\345\214\254\302\351j\0269\273\027\3131\316a\274"
 210      8CACC2E9 
 210      6A1639BB 
 210      17CB31CE 
 210      61BC
 211 054d C6928AAB 		.ascii	"\306\222\212\253\324\316y\2459\347\325\016A\222\012"
 211      D4CE79A5 
 211      39E7D50E 
 211      41920A
 212 055c 6CF63A61 		.ascii	"l\366:as7obZ\211\0172>\207\352\313ojp1\343\323\375\242"
 212      73376F62 
 212      5A890F32 
 212      3E87EACB 
 212      6F6A7031 
 213 0574 294D4A88 		.ascii	")MJ\210\036\240\221\0114\3669\322p\"F\206\023s\215\307"
 213      1EA09109 
 213      34F639D2 
 213      70224686 
 213      13738DC7 
 214 0588 3E18146B 		.ascii	">\030\024k\361*2\002\244g}\210O0\256c\207[N\222r\350"
 214      F12A3202 
 214      A4677D88 
ARM GAS  C:\Users\Luczia\AppData\Local\Temp\cc5BIX18.s 			page 17


 214      4F30AE63 
 214      875B4E92 
 215 059e A7457F94 		.ascii	"\247E\177\224E\211\037\213\222\334\275\303\231\356\270"
 215      45891F8B 
 215      92DCBDC3 
 215      99EEB8
 216 05ad 9AC994FD 		.ascii	"\232\311\224\375\242r\3366\246U\304\010\357E\371+P+"
 216      A272DE36 
 216      A655C408 
 216      EF45F92B 
 216      502B
 217 05bf 04F30D12 		.ascii	"\004\363\015\022\336\007\200\257\037\341\273\037\370"
 217      DE0780AF 
 217      1FE1BB1F 
 217      F8
 218 05cc E670D2B8 		.ascii	"\346p\322\270\374~\036\035\227\363@\376\\I~?\321\004"
 218      FC7E1E1D 
 218      97F340FE 
 218      5C497E3F 
 218      D104
 219 05de 3B638B93 		.ascii	";c\213\223=p=\343\220\236<\334\253\221\027\232\2534"
 219      3D703DE3 
 219      909E3CDC 
 219      AB91179A 
 219      AB34
 220 05f0 520AA06B 		.ascii	"R\012\240k\276\3245OR}\231\024fG)H*\225\367^V\342\033"
 220      BED4354F 
 220      527D9914 
 220      66472948 
 220      2A95F75E 
 221 0607 8CC58B84 		.ascii	"\214\305\213\2041\263k%\016\271P\242\007\337\255\337"
 221      31B36B25 
 221      0EB950A2 
 221      07DFADDF 
 222 0617 25084A54 		.ascii	"%\010JT\010\242\034\224D)\260z\262f\367\213X\017\335"
 222      08A21C94 
 222      4429B07A 
 222      B266F78B 
 222      580FDD
 223 062a 2EDB1845 		.ascii	".\333\030E\021\255\251\257@\2079\2358\371\212\036>\323"
 223      11ADA9AF 
 223      4087399D 
 223      38F98A1E 
 223      3ED3
 224 063c 85708286 		.ascii	"\205p\202\206\315\331\212\016\247kq\022\003:_\235\237"
 224      CDD98A0E 
 224      A76B7112 
 224      033A5F9D 
 224      9F
 225 064d D3E1140A 		.ascii	"\323\341\024\012(\013\223\222\236i\241;\371\257\365"
 225      280B9392 
 225      9E69A13B 
 225      F9AFF5
 226 065c CB1140DC 		.ascii	"\313\021@\334\311?\242R`\227#\270\321\253\023\327\037"
 226      C93FA252 
 226      609723B8 
 226      D1AB13D7 
ARM GAS  C:\Users\Luczia\AppData\Local\Temp\cc5BIX18.s 			page 18


 226      1F
 227 066d 03E9C92B 		.ascii	"\003\351\311+\005:\012\342\227X\3057\013f7\005y\201"
 227      053A0AE2 
 227      9758C537 
 227      0B663705 
 227      7981
 228 067f 8A393609 		.ascii	"\21296\011DE\344\206DB\367\341g\032\255H*\376\215\244"
 228      4445E486 
 228      4442F7E1 
 228      671AAD48 
 228      2AFE8DA4 
 229 0693 00DB92BA 		.ascii	"\000\333\222\272g\310M\256d\231\235\222\307mJ^j\216"
 229      67C84DAE 
 229      64999D92 
 229      C76D4A5E 
 229      6A8E
 230 06a5 29F1C0FB 		.ascii	")\361\300\373\230^\303\257\013\356k\360~\006\274\312"
 230      985EC3AF 
 230      0BEE6BF0 
 230      7E06BCCA 
 231 06b5 6A3CE489 		.ascii	"j<\344\211\013\030\220z\254\355\266\032\037f@\377\361"
 231      0B18907A 
 231      ACEDB61A 
 231      1F6640FF 
 231      F1
 232 06c6 C5736A5C 		.ascii	"\305sj\\\314\200\374\276g0\231-\245\000\327\2654:\012"
 232      CC80FCBE 
 232      6730992D 
 232      A500D7B5 
 232      343A0A
 233 06d9 85DA4FC6 		.ascii	"\205\332O\306\370w\337\221\352\352\031\020UO93g\215"
 233      F877DF91 
 233      EAEA1910 
 233      554F3933 
 233      678D
 234 06eb E77E2F4A 		.ascii	"\347~/J\020\020:\315\351P\245\344*\212\002\244\007\243"
 234      10103ACD 
 234      E950A5E4 
 234      2A8A02A4 
 234      07A3
 235 06fd 1B6EB9E1 		.ascii	"\033n\271\341J\306\347\331x\307\202'\256f\2000{\241"
 235      4AC6E7D9 
 235      78C78227 
 235      AE668030 
 235      7BA1
 236 070f 478DCF31 		.ascii	"G\215\3171\240w\337\253Aw|\221\001\327:\023/*q\035\003"
 236      A077DFAB 
 236      41777C91 
 236      01D73A13 
 236      2F2A711D 
 237 0724 8A9A0605 		.ascii	"\212\232\006\005\025\276\302\200s\273\232\026\334\360"
 237      15BEC280 
 237      73BB9A16 
 237      DCF0
 238 0732 3506E4D4 		.ascii	"5\006\344\324\354\214\326\342&\006\314^H\253t\303-\014"
 238      EC8CD6E2 
 238      2606CC5E 
ARM GAS  C:\Users\Luczia\AppData\Local\Temp\cc5BIX18.s 			page 19


 238      48AB74C3 
 238      2D0C
 239 0744 285D9A4E 		.ascii	"(]\232N\326\341>\321\006\347n\036\344X6\256\005\360"
 239      D6E13ED1 
 239      06E76E1E 
 239      E45836AE 
 239      05F0
 240 0756 A825F11A 		.ascii	"\250%\361\032f\243\217\031\346\340\036\331\303\025u"
 240      66A38F19 
 240      E6E01ED9 
 240      C31575
 241 0765 9E682DF9 		.ascii	"\236h-\371\371\372\221\277\007\211\336\226\253\257\361"
 241      F9FA91BF 
 241      0789DE96 
 241      ABAFF1
 242 0774 A3D25D7B 		.ascii	"\243\322]{\242\314uL\265\263\240\3325\316W\262\303\035"
 242      A2CC754C 
 242      B5B3A0DA 
 242      35CE57B2 
 242      C31D
 243 0786 EA8473E4 		.ascii	"\352\204s\344\257\202u\351\371mN\264%\026S\364*G\364"
 243      AF8275E9 
 243      F96D4EB4 
 243      251653F4 
 243      2A47F4
 244 0799 2CCE117D 		.ascii	",\316\021}X\206~\312\021\375\001\245\356/a\317\375_"
 244      58867ECA 
 244      11FD01A5 
 244      EE2F61CF 
 244      FD5F
 245 07ab 09BBD611 		.ascii	"\011\273\326\021\373\3062Y\206e\350\027\034\321\327"
 245      FBC63259 
 245      8665E817 
 245      1CD1D7
 246 07ba DB68EF25 		.ascii	"\333h\357%.L\201\206\224\012T\007\241w\011\304D\215"
 246      2E4C8186 
 246      940A5407 
 246      A17709C4 
 246      448D
 247 07cc E062D201 		.ascii	"\340b\322\001"
 248 07d0 5C49EFAF 		.ascii	"\\I\357\257rk\321\015hM\320\032\2405C\253\207v\035\332"
 248      726BD10D 
 248      684DD01A 
 248      A03543AB 
 248      87761DDA 
 249 07e4 656857B8 		.ascii	"ehW\270\265\012\026\020f\010\210\226\336\025QB\354*"
 249      B50A1610 
 249      66088896 
 249      DE155142 
 249      EC2A
 250 07f6 4AC1620B 		.ascii	"J\301b\013\010\005\272H\222\200I\327\325\357s\260P\270"
 250      0805BA48 
 250      928049D7 
 250      D5EF73B0 
 250      50B8
 251 0808 B6818A57 		.ascii	"\266\201\212W\355\334T2\335\247d\312\234s\256\273\014"
 251      EDDC5432 
ARM GAS  C:\Users\Luczia\AppData\Local\Temp\cc5BIX18.s 			page 20


 251      DDA764CA 
 251      9C73AEBB 
 251      0C
 252 0819 FBB10CFB 		.ascii	"\373\261\014\373\274S\325\345\206\252\223y\241\306\271"
 252      BC53D5E5 
 252      86AA9379 
 252      A1C6B9
 253 0828 8F296D88 		.ascii	"\217)m\210\234\221\346\252\335Zy>\312q\025\250\305\226"
 253      9C91E6AA 
 253      DD5A793E 
 253      CA7115A8 
 253      C596
 254 083a 8F9D6553 		.ascii	"\217\235eS\017t\370\200\033K\264s\007_z\3422\012\340"
 254      0F74F880 
 254      1B4BB473 
 254      075F7AE2 
 254      320AE0
 255 084d 1DD9A5B9 		.ascii	"\035\331\245\271\032\344\273\326o\2578e\241\206\267"
 255      1AE4BBD6 
 255      6FAF3865 
 255      A186B7
 256 085c F1BB05C6 		.ascii	"\361\273\005\306\276)\032\236\334\267\213\206e\242B"
 256      BE291A9E 
 256      DCB78B86 
 256      65A242
 257 086b 59CC7990 		.ascii	"Y\314y\220\310B\022\230\241\223 \356M\347~\025=Q\302"
 257      C8421298 
 257      A19320EE 
 257      4DE77E15 
 257      3D51C2
 258 087e 3C4190DA 		.ascii	"<A\220\332d\236h\025\313Qi\364\3031\214k\230\234C\205"
 258      649E6815 
 258      CB5169F4 
 258      C3318C6B 
 258      989C4385 
 259 0892 ED904D17 		.ascii	"\355\220M\027\031\360d\244\264\213\303\327\031\220;"
 259      19F064A4 
 259      B48BC3D7 
 259      19903B
 260 08a1 50D72F4E 		.ascii	"P\327/N\341/\023\370\314@z\202N\314 \262N}83\323\245"
 260      E12F13F8 
 260      CC407A82 
 260      4ECC20B2 
 260      4E7D3833 
 261 08b7 C61D0CF9 		.ascii	"\306\035\014\371\324R\311\016\214{(\360\323\301\266"
 261      D452C90E 
 261      8C7B28F0 
 261      D3C1B6
 262 08c6 2B739075 		.ascii	"+s\220u\276ku\276\360g\255\016R\014\376\371\371\221"
 262      BE6B75BE 
 262      F067AD0E 
 262      520CFEF9 
 262      F991
 263 08d8 0BFC5D09 		.ascii	"\013\374]\011\331\006o\326B\332\351t$\367h\376\261\037"
 263      D9066FD6 
 263      42DAE974 
 263      24F768FE 
ARM GAS  C:\Users\Luczia\AppData\Local\Temp\cc5BIX18.s 			page 21


 263      B11F
 264 08ea BCF6D3F9 		.ascii	"\274\366\323\371\3721\315\007rU\213\317G\343\205T\035"
 264      FA31CD07 
 264      72558BCF 
 264      47E38554 
 264      1D
 265 08fb 4CAD74A8 		.ascii	"L\255t\250\031&\200}\256\342\337.\244\273\001\2038\021"
 265      1926807D 
 265      AEE2DF2E 
 265      A4BB0183 
 265      3811
 266 090d A5613FDA 		.ascii	"\245a?\332\205X\226\334\247\342\265\350.\204n/\2610"
 266      855896DC 
 266      A7E2B5E8 
 266      2E846E2F 
 266      B130
 267 091f FA2D67CB 		.ascii	"\372-g\313\233\242\037\012\207V\241~0o\213s.\324\276"
 267      9BA21F0A 
 267      8756A17E 
 267      306F8B73 
 267      2ED4BE
 268 0932 B22018B0 		.ascii	"\262 \030\260\013\202~\026\004vB\334\201\274\272M\362"
 268      0B827E16 
 268      047642DC 
 268      81BCBA4D 
 268      F2
 269 0943 6A2F301E 		.ascii	"j/0\036\022\205H\201\373d\020\"\011\332\036h\273\241"
 269      12854881 
 269      FB641022 
 269      09DA1E68 
 269      BBA1
 270 0955 2542DB05 		.ascii	"%B\333\005-\001Z<\264\235\320v@\233\006A\307\240\215"
 270      2D015A3C 
 270      B49DD076 
 270      409B0641 
 270      C7A08D
 271 0968 407B00ED 		.ascii	"@{\000\355\036\264ah\203v\341\321[\242jil\020R\002\240"
 271      1EB46168 
 271      8376E1D1 
 271      5BA26A69 
 271      6C105202 
 272 097d F6A26E70 		.ascii	"\366\242np\367\220\\\370\363\310y\322\333\204K\371\377"
 272      F7905CF8 
 272      F3C879D2 
 272      DB844BF9 
 272      FF
 273 098e 2ADC6293 		.ascii	"*\334b\223O!\315x\262\330\276\210\034\204\273\260\254"
 273      4F21CD78 
 273      B2D8BE88 
 273      1C84BBB0 
 273      AC
 274 099f 7EF537AD 		.ascii	"~\3657\255d\370\367\301\023M\316\361\035=\321g\347\211"
 274      64F8F7C1 
 274      134DCEF1 
 274      1D3DD167 
 274      E789
 275 09b1 FBCC138C 		.ascii	"\373\314\023\214\334\310u\221=Y\246\366:\222\353\261"
ARM GAS  C:\Users\Luczia\AppData\Local\Temp\cc5BIX18.s 			page 22


 275      DCC87591 
 275      3D59A6F6 
 275      3A92EBB1 
 276 09c1 670F9933 		.ascii	"g\017\2313\365OQ\264*<\004\264A\021\3356k\031p\025m"
 276      F54F51B4 
 276      2A3C04B4 
 276      4111DD36 
 276      6B197015 
 277 09d6 368CA790 		.ascii	"6\214\247\220\273\217D[>\201\373\307`\217Q;{\214\027"
 277      BB8F445B 
 277      3E81FBC7 
 277      608F513B 
 277      7B8C17
 278 09e9 8BFA9148 		.ascii	"\213\372\221H\273\005\034\036\271\250R\316\031<q\305"
 278      BB051C1E 
 278      B9A852CE 
 278      193C71C5 
 279 09f9 401ECA7E 		.ascii	"@\036\312~\254\262\021\016\315N9\310JE\1771+\025\004"
 279      ACB2110E 
 279      CD4E39C8 
 279      4A457F31 
 279      2B1504
 280 0a0c A91D49A5 		.ascii	"\251\035I\245\342&\331\307b\003\375\303\343\252=\205"
 280      E226D9C7 
 280      6203FDC3 
 280      E3AA3D85 
 281 0a1c A9645646 		.ascii	"\251dVF\254\322!-\302\240\217\315p\003%\252\254\222"
 281      ACD2212D 
 281      C2A08FCD 
 281      700325AA 
 281      AC92
 282 0a2e 2456A3C6 		.ascii	"$V\243\306\001m\310\321\326\003\016q\270\254\006N\201"
 282      016DC8D1 
 282      D6030E71 
 282      B8AC064E 
 282      81
 283 0a3f 3A93A26A 		.ascii	":\223\242j\317\340~\302\336n\3712\273\021\255&\3370"
 283      CFE07EC2 
 283      DE6EF932 
 283      BB11AD26 
 283      DF30
 284 0a51 B02DA3FD 		.ascii	"\260-\243\375\314\005mf\203\221|f\003\202qOf\203a;\033"
 284      CC056D66 
 284      83917C66 
 284      0382714F 
 284      6683613B 
 285 0a66 2CA644C1 		.ascii	",\246D\301\364\232\350v_2\301\244\275\011\022\255&x"
 285      F49AE876 
 285      5F32C1A4 
 285      BD0912AD 
 285      2678
 286 0a78 CEAD4423 		.ascii	"\316\255D#\216&x \213\237T\247r\306A\376\221\256\244"
 286      8E267820 
 286      8B9F54A7 
 286      72C641FE 
 286      91AEA4
 287 0a8b 1BB98F85 		.ascii	"\033\271\217\205<\213\201\026\015m\021\\\375\032\332"
ARM GAS  C:\Users\Luczia\AppData\Local\Temp\cc5BIX18.s 			page 23


 287      3C8B8116 
 287      0D6D115C 
 287      FD1ADA
 288 0a9a 4B6833D0 		.ascii	"Kh3\320^\330\331\347\372/\230\323I\234?\004\306\204"
 288      5ED8D9E7 
 288      FA2F98D3 
 288      499C3F04 
 288      C684
 289 0aac 8A13F330 		.ascii	"\212\023\3630\344\226\213\262$\033}\033v\335\3373\322"
 289      E4968BB2 
 289      241B7D1B 
 289      76DDDF33 
 289      D2
 290 0abd AF00F991 		.ascii	"\257\000\371\221kdYB\316\332%\344+'\245q\026\336\276"
 290      6B645942 
 290      CEDA25E4 
 290      2B27A571 
 290      16DEBE
 291 0ad0 A2AB75F0 		.ascii	"\242\253u\360\306\254\350\031r?\017\232\315\311\003"
 291      C6ACE819 
 291      723F0F9A 
 291      CDC903
 292 0adf 1A0CDB7A 		.ascii	"\032\014\333zN51\305F\001\262S\361\030d\230uQ\237Y\207"
 292      4E3531C5 
 292      4601B253 
 292      F1186498 
 292      75519F59 
 293 0af4 C7196B48 		.ascii	"\307\031kH1'\341\332&\"\3332\3101\001Fv\250\004\263"
 293      3127E1DA 
 293      2622DB32 
 293      C8310146 
 293      76A804B3 
 294 0b08 0551A497 		.ascii	"\005Q\244\2272\347\317 ,slk\221\350X\262\0171\3676\213"
 294      32E7CF20 
 294      2C736C6B 
 294      91E858B2 
 294      0F31F736 
 295 0b1d 759D13ED 		.ascii	"u\235\023\355\273\004&[|'\223\0110\274I&[b&s1\332\240"
 295      BB04265B 
 295      7C279309 
 295      30BC4926 
 295      5B622673 
 296 0b34 28080D71 		.ascii	"(\010\015q\300\261\205\347\354\035\262\372#d\226\244"
 296      C0B185E7 
 296      EC1DB2FA 
 296      236496A4 
 297 0b44 F06448E2 		.ascii	"\360dH\342XZ\242\252\275*j\001\003\205\300\275I\011"
 297      585AA2AA 
 297      BD2A6A01 
 297      0385C0BD 
 297      4909
 298 0b56 62981AB1 		.ascii	"b\230\032\261t\022\225\243\336\206\375\3703\026$\004"
 298      741295A3 
 298      DE86FDF8 
 298      33162404 
 299 0b66 39DA3532 		.ascii	"9\33252\263\371L\265\017M8@R\220X\247\006\217\221M\023"
 299      B3F94CB5 
ARM GAS  C:\Users\Luczia\AppData\Local\Temp\cc5BIX18.s 			page 24


 299      0F4D3840 
 299      529058A7 
 299      068F914D 
 300 0b7b 8FFBC414 		.ascii	"\217\373\304\024\012Y\033\350\276A\2548\242\211+&\226"
 300      0A591BE8 
 300      BE41AC38 
 300      A2892B26 
 300      96
 301 0b8c 4435B221 		.ascii	"D5\262!\343\361\217\263\242-Q\230\256\376S\234!\177"
 301      E3F18FB3 
 301      A22D5198 
 301      AEFE539C 
 301      217F
 302 0b9e 28E15E17 		.ascii	"(\341^\027q\311*?\335\031\256\314\213#\307D/\302\252"
 302      71C92A3F 
 302      DD19AECC 
 302      8B23C744 
 302      2FC2AA
 303 0bb1 12653B8E 		.ascii	"\022e;\216\253\313\347\365=\0370\023\300\372\014\035"
 303      ABCBE7F5 
 303      3D1F3013 
 303      C0FA0C1D 
 304 0bc1 718E2EA3 		.ascii	"q\216.\243>\374\267R\225.w\304v\262\306\220\241W8G\227"
 304      3EFCB752 
 304      952E77C4 
 304      76B2C690 
 304      A1573847 
 305 0bd6 79A3E5A8 		.ascii	"y\243\345\250\350;2\003<\341\210\276|\325P'R'\203t\207"
 305      E83B3203 
 305      3CE188BE 
 305      7CD55027 
 305      52278374 
 306 0beb 737419F5 		.ascii	"st\031\365\271\277\221\006\3116\307Ar\231\257\305\271"
 306      B9BF9106 
 306      C936C741 
 306      7299AFC5 
 306      B9
 307 0bfc 2841EA92 		.ascii	"(A\352\222\315E;9yq}\372\234D/\011\362\036i)9$/\256"
 307      CD453B39 
 307      79717DFA 
 307      9C442F09 
 307      F21E6929 
 308 0c14 B9AAB9A9 		.ascii	"\271\252\271\251XZ\003\254l\373\336\304\266e'\246iM"
 308      585A03AC 
 308      6CFBDEC4 
 308      B66527A6 
 308      694D
 309 0c26 90BA6469 		.ascii	"\220\272di\335I\322Z\226W\373\260\274T\301$sY\251\262"
 309      DD49D25A 
 309      9657FBB0 
 309      BC54C124 
 309      7359A9B2 
 310 0c3a 4D2533DE 		.ascii	"M%3\3364\225\264\245\342H\206F\020\334(\335\333R\"\366"
 310      3495B4A5 
 310      E2488646 
 310      10DC28DD 
 310      DB5222F6 
ARM GAS  C:\Users\Luczia\AppData\Local\Temp\cc5BIX18.s 			page 25


 311 0c4e 5155C826 		.ascii	"QU\310&\364\375\221\\\267U\031\224A\214\260\202\243"
 311      F4FD915C 
 311      B7551994 
 311      418CB082 
 311      A3
 312 0c5f 0E856846 		.ascii	"\016\205hFg\251\000\231x\025\374\015S2\344\333\273\342"
 312      67A90099 
 312      7815FC0D 
 312      5332E4DB 
 312      BBE2
 313 0c71 16B91F98 		.ascii	"\026\271\037\230\005\313\240`ijT\345\265\356\020\332"
 313      05CBA060 
 313      696A54E5 
 313      B5EE10DA 
 314 0c81 A0E32F28 		.ascii	"\240\343/(\036\252\226\310\237&Z\241J\230\262\240S0"
 314      1EAA96C8 
 314      9F265AA1 
 314      4A98B2A0 
 314      5330
 315 0c93 D242B8E1 		.ascii	"\322B\270\341\037\220}\257\361\2523\336\370\004\333"
 315      1F907DAF 
 315      F1AA33DE 
 315      F804DB
 316 0ca2 63DAB92F 		.ascii	"c\332\271/\321\242\305\203\014\230>\224|\302\033?a\300"
 316      D1A2C583 
 316      0C983E94 
 316      7CC21B3F 
 316      61C0
 317 0cb4 AEC1ACFF 		.ascii	"\256\301\254\377\304\211\0360\274\321\303\256\227\011"
 317      C4891E30 
 317      BCD1C3AE 
 317      9709
 318 0cc2 295E1F94 		.ascii	")^\037\224P+\276|\254j<C<\363\273\357\240\\l\263\"\025"
 318      502BBE7C 
 318      AC6A3C43 
 318      3CF3BBEF 
 318      A05C6CB3 
 319 0cd8 2E31BF60 		.ascii	".1\277`\277\007\276\352A\3277;\023/'\"\264\326\317\227"
 319      BF07BEEA 
 319      41D7373B 
 319      132F2722 
 319      B4D6CF97 
 320 0cec C4539465 		.ascii	"\304S\224e$\007\347W\306\012\011j\252^\016\364,\300"
 320      2407E757 
 320      C60A096A 
 320      AA5E0EF4 
 320      2CC0
 321 0cfe 6F988434 		.ascii	"o\230\2044\344\340l\301\"0\254\003\200\235\207?\240"
 321      E4E06CC1 
 321      2230AC03 
 321      809D873F 
 321      A0
 322 0d0f DEDA8FB1 		.ascii	"\336\332\217\261uH\2577\333\017\225f\360\000A\007Tz"
 322      7548AF37 
 322      DB0F9566 
 322      F0004107 
 322      547A
ARM GAS  C:\Users\Luczia\AppData\Local\Temp\cc5BIX18.s 			page 26


 323 0d21 9F8FAD83 		.ascii	"\237\217\255\203\006\331\360yp\343,\302\267=\330\306"
 323      06D9F079 
 323      70E32CC2 
 323      B73DD8C6 
 324 0d31 4845E365 		.ascii	"HE\343e\244\344X9$\266\205g\017\252\316\334\343\344"
 324      A4E45839 
 324      24B68567 
 324      0FAACEDC 
 324      E3E4
 325 0d43 4BBA02BB 		.ascii	"K\272\002\27388\204\255K\272\346\370\370<\017\332\031"
 325      383884AD 
 325      4BBAE6F8 
 325      F83C0FDA 
 325      19
 326 0d54 9EA1424C 		.ascii	"\236\241BL{W\347DU\342\357fJN$\357$'\036\301\337%{Q"
 326      7B57E744 
 326      55E2EF66 
 326      4A4E24EF 
 326      24271EC1 
 327 0d6c 804BC892 		.ascii	"\200K\310\222\016{\232\006r18\322\014\216\234\311\303"
 327      0E7B9A06 
 327      723138D2 
 327      0C8E9CC9 
 327      C3
 328 0d7d 876384E2 		.ascii	"\207c\204\342\266\024\341#\202\211\0162\353\020u\263"
 328      B614E123 
 328      82890E32 
 328      EB1075B3 
 329 0d8d B1831B8B 		.ascii	"\261\203\033\213\250\033\317\367\\\312\361\304\367\231"
 329      A81BCFF7 
 329      5CCAF1C4 
 329      F799
 330 0d9b 36137167 		.ascii	"6\023qg\017\252q\232\216\002\335=\257j\274\200\356 "
 330      0FAA719A 
 330      8E02DD3D 
 330      AF6ABC80 
 330      EE20
 331 0dad D06D4312 		.ascii	"\320mC\022\315\022\211f1\026\367\242\216RZqS\367\033"
 331      CD128966 
 331      3116F7A2 
 331      8E525A71 
 331      53F71B
 332 0dc0 DDB19975 		.ascii	"\335\261\231u\317n\236\231\322\341F\006\244\246T\214"
 332      CF6E9E99 
 332      D2E14606 
 332      A4A6548C 
 333 0dd0 EBF00005 		.ascii	"\353\360\000\005\270\331\261\242\036\214|\331rU \323"
 333      B8D9B1A2 
 333      1E8C7CD9 
 333      725520D3 
 334 0de0 1464DBB3 		.ascii	"\024d\333\263*\007k\037\027-\017\367\242\325\305\321"
 334      2A076B1F 
 334      172D0FF7 
 334      A2D5C5D1 
 335 0df0 741F4B3B 		.ascii	"t\037K;\362\276L\346\310c\230\255<+\257N>Ex\204q\354"
 335      F2BE4CE6 
 335      C86398AD 
ARM GAS  C:\Users\Luczia\AppData\Local\Temp\cc5BIX18.s 			page 27


 335      3C2BAF4E 
 335      3E457884 
 336 0e06 AAD83FEE 		.ascii	"\252\330?\356%\317\005\342\004\311\214'\354r!\251\347"
 336      25CF05E2 
 336      04C98C27 
 336      EC7221A9 
 336      E7
 337 0e17 68924A34 		.ascii	"h\222J4\341\304\001\315\371\256QA\320*\011\022\252\000"
 337      E1C401CD 
 337      F9AE5141 
 337      D02A0912 
 337      AA00
 338 0e29 46C799B6 		.ascii	"F\307\231\266\245\216\026<I\265\336\323\233\235\246"
 338      A58E163C 
 338      49B5DED3 
 338      9B9DA6
 339 0e38 C2473C29 		.ascii	"\302G<)\333\202\243\355Y\036\370\212\247\030\357\307"
 339      DB82A3ED 
 339      591EF88A 
 339      A718EFC7 
 340 0e48 8FCD5768 		.ascii	"\217\315Wh\251\207\365\326\3500\347$Vx\312\005\203\360"
 340      A987F5D6 
 340      E830E724 
 340      5678CA05 
 340      83F0
 341 0e5a 97E43A43 		.ascii	"\227\344:C\345:\215E\301\352\307v\226)\211`\026X\355"
 341      E53A8D45 
 341      C1EAC776 
 341      96298960 
 341      1658ED
 342 0e6d C4E21CC1 		.ascii	"\304\342\034\301\022-\220\335T@C\2256\023\240S\216\222"
 342      122D90DD 
 342      54404395 
 342      3613A053 
 342      8E92
 343 0e7f 5551C9EA 		.ascii	"UQ\311\352/\014%y\3406\2530\015\226\236Q\361\2547\376"
 343      2F0C2579 
 343      E036AB30 
 343      0D969E51 
 343      F1AC37FE 
 344 0e93 3D725E37 		.ascii	"=r^7ZxS<\012\266\304\223\343\205\205\205\263\247\305"
 344      5A78533C 
 344      0AB6C493 
 344      E3858585 
 344      B3A7C5
 345 0ea6 4D2D8120 		.ascii	"M-\201 4\237\314I\024\327\350\026r\376\2271\322<\345"
 345      349FCC49 
 345      14D7E816 
 345      72FE9731 
 345      D23CE5
 346 0eb9 8E6F314D 		.ascii	"\216o1M;J\343\307\264\354e:y9t\257\363\245x8h\216\""
 346      3B4AE3C7 
 346      B4EC653A 
 346      793974AF 
 346      F3A57838 
 347 0ed0 D4268662 		.ascii	"\324&\206b\016y\343~\206\275s\374H\227\270{\035O\260"
 347      0E79E37E 
ARM GAS  C:\Users\Luczia\AppData\Local\Temp\cc5BIX18.s 			page 28


 347      86BD73FC 
 347      4897B87B 
 347      1D4FB0
 348 0ee3 9B6FDF8E 		.ascii	"\233o\337\216v\027y\323\263\304\033\005\263\311\336"
 348      761779D3 
 348      B3C41B05 
 348      B3C9DE
 349 0ef2 789861BF 		.ascii	"x\230a\277\256\331\177C\213\2370\240\"%*\012\343i\006"
 349      AED97F43 
 349      8B9F30A0 
 349      22252A0A 
 349      E36906
 350 0f05 0C3F3CDB 		.ascii	"\014?<\333\257$\271\025\363\226\355\313\262\350\201"
 350      AF24B915 
 350      F396EDCB 
 350      B2E881
 351 0f14 6A4FFC9A 		.ascii	"jO\374\232\36527\305\267\270\343d/\012\274\314\036\030"
 351      F53237C5 
 351      B7B8E364 
 351      2F0ABCCC 
 351      1E18
 352 0f26 47389F01 		.ascii	"G8\237\001c7\036\034T\212*\023\271z\257Wwh\304#N*WQ"
 352      63371E1C 
 352      548A2A13 
 352      B97AAF57 
 352      7768C423 
 353 0f3e 6C6DB73B 		.ascii	"lm\267;>\306\260\217\026\016\036\020\015\262D\245\351"
 353      3EC6B08F 
 353      160E1E10 
 353      0DB244A5 
 353      E9
 354 0f4f 3C33AED4 		.ascii	"<3\256\324J'E\344\205l\357\006\223\275\327\365\253Q"
 354      4A2745E4 
 354      856CEF06 
 354      93BDD7F5 
 354      AB51
 355 0f61 33A65BAF 		.ascii	"3\246[\257\345\265W\023\335\361)F\252\375\321\201T\035"
 355      E5B55713 
 355      DDF12946 
 355      AAFDD181 
 355      541D
 356 0f73 AE66C048 		.ascii	"\256f\300H\346\3505->\307\200]7\257>q\307\026\006\\"
 356      E6E8352D 
 356      3EC7805D 
 356      37AF3E71 
 356      C716065C 
 357 0f87 E9A94F55 		.ascii	"\351\251OU\341>\006\344\345-v\250\360\020\003j\256\232"
 357      E13E06E4 
 357      E52D76A8 
 357      F010036A 
 357      AE9A
 358 0f99 5F7AE251 		.ascii	"_z\342Q\021\255#"
 358      11AD23
 359 0fa0 A7CD13C7 		.ascii	"\247\315\023\307zS\340\371\201v(P\361\0148\337\223:"
 359      7A53E0F9 
 359      81762850 
 359      F10C38DF 
ARM GAS  C:\Users\Luczia\AppData\Local\Temp\cc5BIX18.s 			page 29


 359      933A
 360 0fb2 EA890F31 		.ascii	"\352\211\0171\340N\307\361\022\017\\\304\200\361\314"
 360      E04EC7F1 
 360      120F5CC4 
 360      80F1CC
 361 0fc1 5FE15276 		.ascii	"_\341Rv\333\260\230\222\251\304\015\014H\260\354\272"
 361      DBB09892 
 361      A9C40D0C 
 361      48B0ECBA 
 362 0fd1 ACC5FD0C 		.ascii	"\254\305\375\014H>\335\273\340\215\357Q\200\213k=\363"
 362      483EDDBB 
 362      E08DEF51 
 362      808B6B3D 
 362      F3
 363 0fe2 C8E591FB 		.ascii	"\310\345\221\373\000vz\214;\361Z#n\273\367c-\272\213"
 363      00767A8C 
 363      3BF15A23 
 363      6EBBF763 
 363      2DBA8B
 364 0ff5 971FE6D6 		.ascii	"\227\037\346\326MU\024\211\237\034`"
 364      4D551489 
 364      9F1C60
 365 1000 D939C74A 		.ascii	"\3319\307Jv\3161\261\330Y\243\303\031+\350H\2206\221"
 365      76CE31B1 
 365      D859A3C3 
 365      192BE848 
 365      903691
 366 1013 DBA3425A 		.ascii	"\333\243BZ\266\245n\225B#\223B\201\356Q\243\337\307"
 366      B6A56E95 
 366      42239342 
 366      81EE51A3 
 366      DFC7
 367 1025 ABD103B0 		.ascii	"\253\321\003\260:\331h'O\330\346\373\322\322\037\227"
 367      3AD96827 
 367      4FD8E6FB 
 367      D2D21F97 
 368 1035 1085656C 		.ascii	"\020\205elW2\266\215\207j\026DP\005\234r\307\253\315"
 368      5732B68D 
 368      876A1644 
 368      50059C72 
 368      C7ABCD
 369 1048 C8BA77CF 		.ascii	"\310\272w\317zk\320c\314\266\356\311\225\355\267\307"
 369      7A6BD063 
 369      CCB6EEC9 
 369      95EDB7C7 
 370 1058 B4ADB0D5 		.ascii	"\264\255\260\325.\005}\016+W\340=\312<^P5\014#\341\001"
 370      2E057D0E 
 370      2B57E03D 
 370      CA3C5E50 
 370      350C23E1 
 371 106d 267CC793 		.ascii	"&|\307\223\306A\316Nx!\246B\336\375)\355>\006\335\307"
 371      C641CE4E 
 371      7821A642 
 371      DEFD29ED 
 371      3E06DDC7 
 372 1081 45D19FDA 		.ascii	"E\321\237\332DG\364\036H\326f\\\350V\342\302\025\354"
 372      4447F41E 
ARM GAS  C:\Users\Luczia\AppData\Local\Temp\cc5BIX18.s 			page 30


 372      48D6665C 
 372      E856E2C2 
 372      15EC
 373 1093 B8E9EEB5 		.ascii	"\270\351\356\265\021\015>C\201\357\037\315\276<\244"
 373      110D3E43 
 373      81EF1FCD 
 373      BE3CA4
 374 10a2 422BD7D2 		.ascii	"B+\327\322\275/_[[\353\347\347\353\347k\335\377Ju\272"
 374      BD2F5F5B 
 374      5BEBE7E7 
 374      EBE76BDD 
 374      FF4A75BA 
 375 10b6 F28F55FA 		.ascii	"\362\217U\372\241gx%\212S\372\322\373%\230}\314C{\011"
 375      A1677825 
 375      8A53FAD2 
 375      FB25987D 
 375      CC437B09 
 376 10ca 6D0ADB96 		.ascii	"m\012\333\226\202\344\024%\313\275\365A\034\235*MCA"
 376      82E41425 
 376      CBBDF541 
 376      1C9D2A4D 
 376      4341
 377 10dc 6D057F92 		.ascii	"m\005\177\222\216N\246J\316\367\030f JHG\322\211\334"
 377      8E4EA64A 
 377      CEF71866 
 377      204A4847 
 377      D289DC
 378 10ef BF000ECF 		.ascii	"\277\000\016\317\261|\2619sl5\233^B\305l\003\362\323"
 378      B17CB139 
 378      736C359B 
 378      5E42C56C 
 378      03F2D3
 379 1102 CB0677F9 		.ascii	"\313\006w\371\344\262\375Glr\011\3107\235\"\313g\213"
 379      E4B2FD47 
 379      6C7209C8 
 379      379D22CB 
 379      678B
 380 1114 A5ABE86C 		.ascii	"\245\253\350l\021\220\024D\000:x\264c\333R\254\253\324"
 380      11901444 
 380      003A78B4 
 380      63DB52AC 
 380      ABD4
 381 1126 4B5C8C02 		.ascii	"K\\\214\002\225[\242f\357\274\0150\007\332\274\0225"
 381      955BA266 
 381      EFBC0D30 
 381      07DABC12 
 381      35
 382 1137 23F7B376 		.ascii	"#\367\263vZ\265\224\212Z\221\011|\007f<\\J:~\224I\372"
 382      5AB5948A 
 382      5A91097C 
 382      07663C5C 
 382      4A3A7E94 
 383 114d 4A2E69A7 		.ascii	"J.i\247$i\313QQ\322\005\240\322\365m%]\004\351\026D"
 383      2469CB51 
 383      51D205A0 
 383      D2F56D25 
 383      5D04E916 
ARM GAS  C:\Users\Luczia\AppData\Local\Temp\cc5BIX18.s 			page 31


 384 1162 49C9FD6B 		.ascii	"I\311\375k;I\033\216\312$%K\215\2057I:R\302$]\220Kz"
 384      3B491B8E 
 384      CA24254B 
 384      8D853749 
 384      3A52C224 
 385 117a 5B92B4A1 		.ascii	"[\222\264\241\304\213\315\347\005\010\255;\3376Zb \026"
 385      C48BCDE7 
 385      0508AD3B 
 385      DF365A62 
 385      2016
 386 118c 4947D289 		.ascii	"IG\322\211\334G+\327\242(\245\335\026`\261\024-d\325"
 386      DC472BD7 
 386      A228A5DD 
 386      1660B114 
 386      2D64D5
 387 119f 49B05D47 		.ascii	"I\260]GK\217l\367\252\033;\303\226\251\266\230\317T"
 387      4B8F6CF7 
 387      AA1B3BC3 
 387      96A9B698 
 387      CF54
 388 11b1 032449B5 		.ascii	"\003$I\265\036\214m\273[\371l\241I^\221\314\241\357"
 388      1E8C6DBB 
 388      5BF96CA1 
 388      495E91CC 
 388      A1EF
 389 11c3 7B6D93CA 		.ascii	"{m\223\312eS\374dP\200$\030\231\342'\301\375\036Pf7"
 389      6553FC64 
 389      50802418 
 389      99E227C1 
 389      FD1E5066 
 390 11d8 B45DD012 		.ascii	"\264]\320\022\240\305C\333\241\364\223M\367\033\362"
 390      A0C543DB 
 390      A1F4934D 
 390      F71BF2
 391 11e7 56449B63 		.ascii	"VD\233c\021\332I$`\034\304\313\177\237\203\350\2362"
 391      11DA4924 
 391      601CC4CB 
 391      7F9F83E8 
 391      9E32
 392 11f9 2D730FB1 		.ascii	"-s\017\2610\331S\"\335m\346_v\012\322\225/.\375H-\357"
 392      30D95322 
 392      DD6DE65F 
 392      760AD295 
 392      2F2EFD48 
 393 120f C30CDDB5 		.ascii	"\303\014\335\265\271g\016\370\034*4\027`Rr\321\260\210"
 393      B9670EF8 
 393      1C2A3417 
 393      605272D1 
 393      B088
 394 1221 3E04F56D 		.ascii	">\004\365m\020St\372\031V\"\010e]D3\235\017\306\010"
 394      105374FA 
 394      19562208 
 394      655D4433 
 394      9D0FC608 
 395 1235 D0E7DFB5 		.ascii	"\320\347\337\265\012'\344e\3024\034\370^!\245\016e\227"
 395      0A27E465 
 395      C2341CF8 
ARM GAS  C:\Users\Luczia\AppData\Local\Temp\cc5BIX18.s 			page 32


 395      5E21A50E 
 395      6597
 396 1247 AEB709F6 		.ascii	"\256\267\011\366C\314\346\2212\342#X\266\354\316[\315"
 396      43CCE691 
 396      32E22358 
 396      B6ECCE5B 
 396      CD
 397 1258 FA403545 		.ascii	"\372@5EOD\211F\226\367\221\257\037\300\011\304\315\304"
 397      4F448946 
 397      96F791AF 
 397      1FC009C4 
 397      CDC4
 398 126a F0D21A45 		.ascii	"\360\322\032E\364PK\231\232,\310\010\225Ii\011\203&"
 398      F4504B99 
 398      9A2CC808 
 398      95496909 
 398      8326
 399 127c C419E958 		.ascii	"\304\031\351X\307R\253\332'Et\326\317\224\024\261\011"
 399      C752ABDA 
 399      274574D6 
 399      CF9414B1 
 399      09
 400 128d D85D2732 		.ascii	"\330]'2\241\024\245\217u\232@g\241\035\273\300H\317"
 400      A114A58F 
 400      759A4067 
 400      A11DBBC0 
 400      48CF
 401 129f 58692FBB 		.ascii	"Xi/\273{\252\027\311\027\021r[(P\252\322:\3219\030\325"
 401      7BAA17C9 
 401      1711725B 
 401      2850AAD2 
 401      3AD13918 
 402 12b4 D9E4895F 		.ascii	"\331\344\211_\260^\207\347\346'\3119\344\373\344\313"
 402      B05E87E7 
 402      E627C939 
 402      E4FBE4CB 
 403 12c4 232CFB16 		.ascii	"#,\373\026\340}\266\032\273\330\324xD\207\347(2w<ga"
 403      E07DB61A 
 403      BBD8D478 
 403      4487E728 
 403      32773C67 
 404 12d9 C1DB3A9C 		.ascii	"\301\333:\234\303\\T\345\247\260\315DQ\026\304\317\373"
 404      C35C54E5 
 404      A7B0CD44 
 404      5116C4CF 
 404      FB
 405 12ea 643CDAA7 		.ascii	"d<\332\247\\\215\322\225\262O\0012\351W\027\231J-\312"
 405      5C8DD295 
 405      B24F0132 
 405      E9571799 
 405      4A2DCA
 406 12fd 50DA46F3 		.ascii	"P\332F\363\367E\035.\354\355\035\321\342\270\367\330"
 406      F7451D2E 
 406      ECED1DD1 
 406      E2B8F7D8 
 407 130d 471D6DFB 		.ascii	"G\035m\373\246]2\330\357\202\301\371\215\227\351\007"
 407      A65D32D8 
ARM GAS  C:\Users\Luczia\AppData\Local\Temp\cc5BIX18.s 			page 33


 407      EF82C1F9 
 407      8D97E907 
 408 131d 0339C020 		.ascii	"\0039\300 [b\000\374\030\207\230T\241\206\303I\224\003"
 408      5B6200FC 
 408      18879854 
 408      A186C349 
 408      9403
 409 132f 1A6D1A6F 		.ascii	"\032m\032ou\307Y\014\250\312\270<\317\341c\024po9\360"
 409      75C7590C 
 409      A8CAB83C 
 409      CFE16314 
 409      706F39F0 
 410 1343 E2880659 		.ascii	"\342\210\006Y\207>\277#\326\321+\376!Yr\232\301\230"
 410      873EBF23 
 410      D6D12BFE 
 410      2159729A 
 410      C198
 411 1355 079492C3 		.ascii	"\007\224\222\303\362\224\216i[\007^\272D\3024\037\344"
 411      F2948E69 
 411      5B075EBA 
 411      44C2341F 
 411      E4
 412 1366 348B4955 		.ascii	"4\213IU\004\367G <\016C;\004\255\020Z\201]\312.\226"
 412      04F74720 
 412      3C0E433B 
 412      04AD105A 
 412      815DCA2E 
 413 137b B1943D48 		.ascii	"\261\224=H\242\305\314R\326\274<e\2775u\226\034\213"
 413      A2C5CC52 
 413      D6BC3C65 
 413      BF357596 
 413      1C8B
 414 138d E52B32CD 		.ascii	"\345+2\315$\377 r\320\015\0108\263,\236\226\247k\177"
 414      24FF2072 
 414      D00D0838 
 414      B32C9E96 
 414      A76B7F
 415 13a0 B9B8C904 		.ascii	"\271\270\311\004\321\202\366*\031\272\353t]<\356\223"
 415      D182F62A 
 415      19BAEB74 
 415      5D3CEE93 
 416 13b0 5628146F 		.ascii	"V(\024o\240\246O\023\321m\376Z\357\2705\326\263.;\332"
 416      A0A64F13 
 416      D16DFE5A 
 416      EFB835D6 
 416      B32E3BDA 
 417 13c4 128D2976 		.ascii	"\022\215)v\256Sly1-cYd\266\317\242t\254>]\3329\254A"
 417      AE536C79 
 417      312D6359 
 417      64B6CFA2 
 417      74AC3E5D 
 418 13dc ECA0DCB6 		.ascii	"\354\240\334\266%\372\272T\334L${\262\227A\321R\327"
 418      25FABA54 
 418      DC4C247B 
 418      B29741D1 
 418      52D7
 419 13ee 92934DA3 		.ascii	"\222\223M\243m\254\212\021\021\032El\233\211\035v\244"
ARM GAS  C:\Users\Luczia\AppData\Local\Temp\cc5BIX18.s 			page 34


 419      6DAC8A11 
 419      111A456C 
 419      9B891D76 
 419      A4
 420 13ff 00FDFA36 		.ascii	"\000\375\37266\014\020\342\365\216\304eV\264s\331E\240"
 420      360C10E2 
 420      F58EC465 
 420      56B473D9 
 420      45A0
 421 1411 7781D03B 		.ascii	"w\201\320;\006n*\025]F\356\313\300M\305\320\216B+Q\312"
 421      066E2A15 
 421      5D46EECB 
 421      C04DC5D0 
 421      8E422B51 
 422 1426 F7FE1BFA 		.ascii	"\367\376\033\372\331\366\024\301\276&+\017W\331\370"
 422      D9F614C1 
 422      BE262B0F 
 422      57D9F8
 423 1435 181B0328 		.ascii	"\030\033\003(\003\253\016Q\0275\300*\377\212SE\255'"
 423      03AB0E51 
 423      1735C02A 
 423      FF8A5345 
 423      AD27
 424 1447 C543092F 		.ascii	"\305C\011/\312\225\370\002K\255G\027\237\014\250\255"
 424      CA95F802 
 424      4BAD4717 
 424      9F0CA8AD 
 425 1457 6BE86522 		.ascii	"k\350e\"V\274\223\210\342\366\330\265\030z\376R\016"
 425      56BC9388 
 425      E2F6D8B5 
 425      187AFE52 
 425      0E
 426 1468 F8C7A57C 		.ascii	"\370\307\245|+U\212\233J\263Y\217\022<q\263\230o\327"
 426      2B558A9B 
 426      4AB3598F 
 426      123C71B3 
 426      986FD7
 427 147b 661EB8E1 		.ascii	"f\036\270\341\016\006\3144f\226z\342\036&P\316\354\271"
 427      0E06CC34 
 427      66967AE2 
 427      1E2650CE 
 427      ECB9
 428 148d 7A976B83 		.ascii	"z\227k\203\323JWk\203Y\2666\250\204\030:\245\\\2766"
 428      D34A576B 
 428      8359B636 
 428      A884183A 
 428      A55CBE36 
 429 14a1 183A5697 		.ascii	"\030:V\227\240\306\243\214\2379*\361\226J^\022\311*"
 429      A0C6A38C 
 429      9F392AF1 
 429      964A5E12 
 429      C92A
 430 14b3 582A8955 		.ascii	"X*\211U\266\222X\\\225^\352\201\307\230`\225\263\261"
 430      B692585C 
 430      955EEA81 
 430      C7986095 
 430      B3B1
ARM GAS  C:\Users\Luczia\AppData\Local\Temp\cc5BIX18.s 			page 35


 431 14c5 FD1CF2D3 		.ascii	"\375\034\362\323\331\364-\211\241,k '\252%\226\254\267"
 431      D9F42D89 
 431      A12C6B20 
 431      27AA2596 
 431      ACB7
 432 14d7 0BE2E82C 		.ascii	"\013\342\350,( \321\177\376\254vA\211g\230T\226\312"
 432      2820D17F 
 432      FEAC7641 
 432      89679854 
 432      96CA
 433 14e9 9A533A9C 		.ascii	"\232S:\234\340\303\276EY\310\253\022\027\210+\311:v"
 433      E0C3BE45 
 433      59C8AB12 
 433      17882BC9 
 433      3A76
 434 14fb 2025455C 		.ascii	" %E\\M\232\311b\262\314<\235\207q\016\303\265\314W\367"
 434      4D9AC962 
 434      B2CC3C9D 
 434      87710EC3 
 434      B5CC57F7 
 435 150f EAF0010A 		.ascii	"\352\360\001\012h\237w\357=\355\205X\261\322\371Z\353"
 435      689F77EF 
 435      3DED8558 
 435      B1D2F95A 
 435      EB
 436 1520 D54C8E4F 		.ascii	"\325L\216O,\331\036\271\006\276\261H\262\326-/(\027"
 436      2CD91EB9 
 436      06BEB148 
 436      B2D62D2F 
 436      2817
 437 1532 A0889E57 		.ascii	"\240\210\236W\222\357\222A\322:\321\365\344\276\021"
 437      92EF9241 
 437      D23AD1F5 
 437      E4BE11
 438 1541 5CDE00ED 		.ascii	"\\\336\000\355\012\264\313\320\352\225\366\007z\220"
 438      0AB4CBD0 
 438      EA95F607 
 438      7A90
 439 154f 6C4B8DD2 		.ascii	"lK\215\322\316\375E\340R\247t\271\375K\016\313Z\305"
 439      CEFD45E0 
 439      52A774B9 
 439      FD4B0ECB 
 439      5AC5
 440 1561 390031E0 		.ascii	"9\0001\340\031Gt'\037\215\374+K6\342\342\223\316\321"
 440      19477427 
 440      1F8DFC2B 
 440      4B36E2E2 
 440      93CED1
 441 1574 E525AB55 		.ascii	"\345%\253U,YW\225\354\010\263\316E\342\313\277\230\260"
 441      2C595795 
 441      EC08B3CE 
 441      45E2CBBF 
 441      98B0
 442 1586 1B19AF2A 		.ascii	"\033\031\257*\227o\263\332\254s\351]\254#-.D\321\211"
 442      976FB3DA 
 442      AC73E95D 
 442      AC232D2E 
ARM GAS  C:\Users\Luczia\AppData\Local\Temp\cc5BIX18.s 			page 36


 442      44D189
 443 1599 2CCD4E65 		.ascii	",\315Ne\221o\012\267\262d\247H\262\241\245V\311\346"
 443      916F0AB7 
 443      B264A748 
 443      B2A1A556 
 443      C9E6
 444 15ab 02833BF6 		.ascii	"\002\203;\366&(\361q\346\373\303\227f,Z|\225\001\013"
 444      2628F171 
 444      E6FBC397 
 444      662C5A7C 
 444      95010B
 445 15be 27CB16D4 		.ascii	"'\313\026\324\270\237\002\352\213\267\026\273\335\020"
 445      B89F02EA 
 445      8BB716BB 
 445      DD10
 446 15cc FB70489C 		.ascii	"\373pH\234E\365\310&]\315@\271\375\315\006\037\351v"
 446      45F5C826 
 446      5DCD40B9 
 446      FDCD061F 
 446      E976
 447 15de 3061FB1B 		.ascii	"0a\373\033\253\376L\267H\336\352 '\344\345S@9\365f\247"
 447      ABFE4CB7 
 447      48DEEA20 
 447      27E4E553 
 447      4039F566 
 448 15f3 D497D74E 		.ascii	"\324\227\327N\333\014\365\026\330\274]\264?\271\277"
 448      DB0CF516 
 448      D8BC5DB4 
 448      3FB9BF
 449 1602 09366F85 		.ascii	"\0116o\205\326\006\255\305\256v\266t3s\022\354\0332"
 449      D606ADC5 
 449      AE76B674 
 449      337312EC 
 449      1B32
 450 1614 733689E6 		.ascii	"s6\211\346L\273~\362\261\006?\244F\343^\247u\\RC\366"
 450      4CBB7EF2 
 450      B1063FA4 
 450      46E35EA7 
 450      755C5243 
 451 1629 D872BC36 		.ascii	"\330r\2746&\203\344x\027t\356\220\362\246\375\015s\347"
 451      2683E478 
 451      1774EE90 
 451      F2A6FD0D 
 451      73E7
 452 163b CE77908C 		.ascii	"\316w\220\214\354\316\236\037\333\310\362{5\331\203"
 452      ECCE9E1F 
 452      DBC8F27B 
 452      35D983
 453 164a B9FBCC22 		.ascii	"\271\373\314\"\356U\014\222\374\256hI\312\365\304\257"
 453      EE550C92 
 453      FCAE6849 
 453      CAF5C4AF 
 454 165a 995BDB2B 		.ascii	"\231[\333+\2375\270\341\030_6\235\333\033\225\306\341"
 454      9F35B8E1 
 454      185F369D 
 454      DB1B95C6 
 454      E1
ARM GAS  C:\Users\Luczia\AppData\Local\Temp\cc5BIX18.s 			page 37


 455 166b 340674EF 		.ascii	"4\006t\357|~]\205\013(\340\326X]\223\301\201\303Y\356"
 455      7C7E5D85 
 455      0B28E0D6 
 455      585D93C1 
 455      81C359EE 
 456 167f DB92B2B9 		.ascii	"\333\222\262\271ILJ\353\241\314\240\353\254$k\327>\207"
 456      494C4AEB 
 456      A1CCA0EB 
 456      AC246BD7 
 456      3E87
 457 1691 43994157 		.ascii	"C\231AWA\"\256\205\305\357\251\010Z\257\314\274=\313"
 457      4122AE85 
 457      C5EFA908 
 457      5AAFCCBC 
 457      3DCB
 458 16a3 26427720 		.ascii	"&Bw wn\223\334\031\000\253\014\212\026\"\367\367\301"
 458      776E93DC 
 458      1900AB0C 
 458      8A1622F7 
 458      F7C1
 459 16b5 32C3D0FA 		.ascii	"2\303\320\372\241\335\2056\004\355\236]\376\314\364"
 459      A1DD8536 
 459      04ED9E5D 
 459      FECCF4
 460 16c4 C9CED5CB 		.ascii	"\311\316\325\313\235\353 \017\305\206>\331\367\034\035"
 460      9DEB200F 
 460      C5863ED9 
 460      F71C1D
 461 16d3 CE95909F 		.ascii	"\316\225\220\2374\337\225\221\357S:\240\333\037\212"
 461      34DF9591 
 461      EF533AA0 
 461      DB1F8A
 462 16e2 912948AF 		.ascii	"\221)H\257O\032\235<Y\317x\006\225N\317x\300A\367'2"
 462      4F1A9D3C 
 462      59CF7806 
 462      954ECF78 
 462      C041F727 
 463 16f7 1E297189 		.ascii	"\036)q\211/\373\332\364\366\365\004\235<\270r\353\223"
 463      2FFBDAF4 
 463      F6F5049D 
 463      3CB872EB 
 463      93
 464 1708 E9070BD0 		.ascii	"\351\007\013\320\375\201\024\\\203\313\203\313f\272"
 464      FD81145C 
 464      83CB83CB 
 464      66BA
 465 1716 916F613A 		.ascii	"\221oa:\362\241\324\371\353\375J|\206\005K\333\363B"
 465      F2A1D4F9 
 465      EBFD4A7C 
 465      86054BDB 
 465      F342
 466 1728 18022F31 		.ascii	"\030\002/1\240\316\\\363\027\270\211\335?O\353\031\360"
 466      A0CE5CF3 
 466      17B889DD 
 466      3F4FEB19 
 466      F0
 467 1739 C22D0C78 		.ascii	"\302-\014xTv\353\026\306\235L\342\306W\311\223\330\325"
ARM GAS  C:\Users\Luczia\AppData\Local\Temp\cc5BIX18.s 			page 38


 467      5476EB16 
 467      C69D4CE2 
 467      C657C993 
 467      D8D5
 468 174b 583CEE7C 		.ascii	"X<\356|,\036\350\371i\007\235\330\217A\031x\352d(\276"
 468      2C1EE8F9 
 468      69079DD8 
 468      8F411978 
 468      EA6428BE 
 469 175f D1300DB3 		.ascii	"\3210\015\263\353\273\214\335\263\302\321N5\236\244"
 469      EBBB8CDD 
 469      B3C2D14E 
 469      359EA4
 470 176e 80BAB4AA 		.ascii	"\200\272\264\252$SE\306.?\253\221Z\343=^\265\011\361"
 470      245345C6 
 470      2E3FAB91 
 470      5AE33D5E 
 470      B509F1
 471 1781 7F8966C8 		.ascii	"\177\211f\310to\212M\203\247$\003-\333\222x\001BM\211"
 471      746F8A4D 
 471      83A72403 
 471      2DDB9278 
 471      01424D89 
 472 1795 067A0EF7 		.ascii	"\006z\016\367\323`\220g\322\324\227T\265L\015+\306D"
 472      D3609067 
 472      D2D49754 
 472      B54C0D2B 
 472      C644
 473 17a7 BE2720DF 		.ascii	"\276' \337\324\233\212q\303Nv\360>\345l\3216\376\011"
 473      D49B8A71 
 473      C34E76F0 
 473      3EE56CD1 
 473      36FE09
 474 17ba 59B391FE 		.ascii	"Y\263\221\376\223\262\310\237\260E\376\267\222.\035"
 474      93B2C89F 
 474      B045FEB7 
 474      922E1D
 475 17c9 6B1E5EEA 		.ascii	"k\036^\352,\321\""
 475      2CD122
 476 17d0 F29D99EF 		.ascii	"\362\235\231\357Zi\012[]\326\"\320\004&E\350\0040\232"
 476      5A690A5B 
 476      5DD622D0 
 476      042645E8 
 476      04309A
 477 17e3 87ABADDC 		.ascii	"\207\253\255\334\310OxE\221\037\263\214$h\217dr\215"
 477      C84F7845 
 477      911FB38C 
 477      24688F64 
 477      728D
 478 17f5 2AA5CD94 		.ascii	"*\245\315\224\247b\004\223\263\314\363\230\221\264}"
 478      A7620493 
 478      B3CCF398 
 478      91B47D
 479 1804 6B750E3B 		.ascii	"ku\016;\004\374\360\357\305\243T\302X\024\300\026\222"
 479      04FCF0EF 
 479      C5A354C2 
 479      5814C016 
ARM GAS  C:\Users\Luczia\AppData\Local\Temp\cc5BIX18.s 			page 39


 479      92
 480 1815 2E2A750D 		.ascii	".*u\015L!\317\222)\344+\320s^\324\231\334\317\201\316"
 480      4C21CF92 
 480      29E42BD0 
 480      735ED499 
 480      DCCF81CE 
 481 1829 2FA12D40 		.ascii	"/\241-@\233\205\366Z)\337\026\034\376\222\261\"\223"
 481      9B85F65A 
 481      29DF161C 
 481      FE92B122 
 481      93
 482 183a 488B2898 		.ascii	"H\213(\230m6:`\237\350\344@?\204\371\222\030\365\261"
 482      6D363A60 
 482      9FE8E440 
 482      3F84F992 
 482      18F5B1
 483 184d 2899CDDA 		.ascii	"(\231\315\332\265XB'\033\330q\2613\236\270x%\215\354"
 483      B5584227 
 483      1BD871B1 
 483      339EB878 
 483      258DEC
 484 1860 8684F813 		.ascii	"\206\204\370\023\236\362\\l\256O\"\271(\250|\321\242"
 484      9EF25C6C 
 484      AE4F22B9 
 484      28A87CD1 
 484      A2
 485 1871 14B4F3CB 		.ascii	"\024\264\363\313s\321\246\330\322;*FX?k\232\345\376"
 485      73D1A6D8 
 485      D23B2A46 
 485      583F6B9A 
 485      E5FE
 486 1883 AA501864 		.ascii	"\252P\030d\036MNn\022\204\002\2162\253f\323y\033Y\005"
 486      1E4D4E6E 
 486      1284028E 
 486      32AB66D3 
 486      791B5905 
 487 1897 79027FA3 		.ascii	"y\002\177\243T\177E\366}\237\237\275\353%\237\251\222"
 487      547F45F6 
 487      7D9F9FBD 
 487      EB259FA9 
 487      92
 488 18a8 2ED21425 		.ascii	".\322\024%ZE\247(\344\012\310\2173_\367k~X\300\022\247"
 488      5A45A728 
 488      E40AC88F 
 488      335FF76B 
 488      7E58C012 
 489 18bd 51555C2E 		.ascii	"QU\\.\230\311\231(=g\245\222\240\030\325\017I\356\337"
 489      98C99928 
 489      3D67A592 
 489      A018D50F 
 489      49EEDF
 490 18d0 89CFD259 		.ascii	"\211\317\322Y\211\306\273:VD\261\204(w\241\376>\211"
 490      89C6BB3A 
 490      5644B184 
 490      2877A1FE 
 490      3E89
 491 18e2 49F1C8F4 		.ascii	"I\361\310\364\345c\325\261S\013m{\255_!\222C\323\035"
ARM GAS  C:\Users\Luczia\AppData\Local\Temp\cc5BIX18.s 			page 40


 491      E563D5B1 
 491      530B6D7B 
 491      AD5F2192 
 491      43D31D
 492 18f5 2AD7E3B6 		.ascii	"*\327\343\266c\006((69\364Cq*\233y\246\036MN\"\317D"
 492      63062828 
 492      3639F443 
 492      712A9B79 
 492      A61E4D4E 
 493 190c 49CB1D76 		.ascii	"I\313\035vZ\356TyR\201\340J\216\036\322^\314y\211Z6"
 493      5AEE5479 
 493      5281E04A 
 493      8E1ED25E 
 493      CC79895A 
 494 1921 1CC07142 		.ascii	"\034\300qB\024\242J\026Y\225\214\247J\216\217\274*\267"
 494      14A24A16 
 494      59958CA7 
 494      4A8E8FBC 
 494      2AB7
 495 1933 FB3C3DD3 		.ascii	"\373<=\323n\216\237 Z.\201Zn\344nk\275\335\007\373\344"
 495      6E8E9F20 
 495      5A2E815A 
 495      6EE46E6B 
 495      BDDD07FB 
 496 1948 785242DE 		.ascii	"xRB\336%\"\357\242\310\227\367\015\306Z\315<q@sm\207"
 496      2522EFA2 
 496      C897F70D 
 496      C65ACD3C 
 496      7140736D 
 497 195d 10CD5109 		.ascii	"\020\315Q\011NZ%H\244\022T\\4\277\366\302\2254\336\320"
 497      4E5A2548 
 497      A412545C 
 497      34BFF6C2 
 497      9534DED0 
 498 1971 B1DD4BE9 		.ascii	"\261\335K\351*\371a\335o\264\262\303\272=\252U\326e"
 498      2AF961DD 
 498      6FB4B2C3 
 498      BA3DAA55 
 498      D665
 499 1983 2C171593 		.ascii	",\027\025\223\232\250\262.3\330\327\372\311*\035\332"
 499      9AA8B22E 
 499      33D8D7FA 
 499      C92A1DDA 
 500 1993 ADC262ED 		.ascii	"\255\302b\355\221\317X\241\243d\373$\225\037A\025\215"
 500      91CF58A1 
 500      A364FB24 
 500      951F4115 
 500      8D
 501 19a4 DA593FF4 		.ascii	"\332Y?\364\310S\256\023\241\"\351\224\"\352\224Bu\352"
 501      C853AE13 
 501      A122E994 
 501      22EA9442 
 501      75EA
 502 19b6 883D948A 		.ascii	"\210=\224\212\360e&\353tJ\271\205\303\235\014h\035="
 502      F06526EB 
 502      744AB985 
 502      C39D0C68 
ARM GAS  C:\Users\Luczia\AppData\Local\Temp\cc5BIX18.s 			page 41


 502      1D3D
 503 19c8 72CF1B4F 		.ascii	"r\317\033OR\000\347\237):\342a=@\247\007\357Y\347\357"
 503      5200E79F 
 503      293AE261 
 503      3D40A707 
 503      EF59E7EF 
 504 19dc B7154443 		.ascii	"\267\025DC4\000\035\264W\205Q\206\223h \017\255\325"
 504      34001DB4 
 504      57855186 
 504      9368200F 
 504      ADD5
 505 19ee 295EE056 		.ascii	")^\340VQ\2444\225t\360\232\252\242%\323\002\306\261"
 505      51A43495 
 505      74F09AAA 
 505      A225D302 
 505      C6B1
 506 1a00 3894CC7D 		.ascii	"8\224\314}\240\024A'\347\270\344>\035\302\206\374\261"
 506      A0144127 
 506      E7B8E43E 
 506      1DC286FC 
 506      B1
 507 1a11 1EA2DF89 		.ascii	"\036\242\337\211\352o\323\311\325\314\260\213\235LQ"
 507      EA6FD3C9 
 507      D5CCB08B 
 507      9D4C51
 508 1a20 CD4CAAE6 		.ascii	"\315L\252\346\275\331\027\236\364\020\025@\361\024\365"
 508      BDD9179E 
 508      F4101540 
 508      F114F5
 509 1a2f 5E52493B 		.ascii	"^RI;\222\237\222\333\235\242f\253\310!y\226\012$\":"
 509      929F92DB 
 509      9DA266AB 
 509      C8217996 
 509      0A24223A 
 510 1a43 9063BCC3 		.ascii	"\220c\274\303\331\017\355\342\012Pd\374rD~\344\372]"
 510      D90FEDE2 
 510      0A5064FC 
 510      72447EE4 
 510      FA5D
 511 1a55 FD6FFED9 		.ascii	"\375o\376\331\377\263\300m\377\343\033\323\317\015\374"
 511      FFB3C06D 
 511      FFE31BD3 
 511      CF0DFC
 512 1a64 3F058518 		.ascii	"?\005\205\030\376\3476\243! \350\177o_\277n\035\371"
 512      FEE736A3 
 512      2120E87F 
 512      6F5FBF6E 
 512      1DF9
 513 1a76 1FB82D78 		.ascii	"\037\270-xKp\270\311\3773\377\365\341\246\365\333\003"
 513      4B70B8C9 
 513      FF33FFF5 
 513      E1A6F5DB 
 513      03
 514 1a87 8CC1E191 		.ascii	"\214\301\341\221\246\365\201\021\021\372\257\214\001"
 514      A6F58111 
 514      11FAAF8C 
 514      01
ARM GAS  C:\Users\Luczia\AppData\Local\Temp\cc5BIX18.s 			page 42


 515 1a94 11110623 		.ascii	"\021\021\006#\000\333\326\001\254\375\371/\177\275\346"
 515      00DBD601 
 515      ACFDF92F 
 515      7FBDE6
 516 1aa3 F30F3EF0 		.ascii	"\363\017>\360\367W\370:\241\347\006\177C\"\240\267V"
 516      F757F83A 
 516      A1E7067F 
 516      4322A0B7 
 516      56
 517 1ab4 AF8F0C0E 		.ascii	"\257\217\014\016\343?\334\250\347\277\010\374\273\315"
 517      E33FDCA8 
 517      E7BF08FC 
 517      BBCD
 518 1ac2 94BE898F 		.ascii	"\224\276\211\217\014\012\016\337\314\207\207\207\230"
 518      0C0A0EDF 
 518      CC878787 
 518      98
 519 1acf 366F0D8B 		.ascii	"6o\015\213\\C\357\326\004\030C\327\030B\267\030\202"
 519      5C43EFD6 
 519      041843D7 
 519      1842B718 
 519      82
 520 1ae0 820C419B 		.ascii	"\202\014A\233?Y\267a\315\306\015\376\237\374\307G\233"
 520      3F59B761 
 520      CDC60DFE 
 520      9FFCC747 
 520      9B
 521 1af1 E1F98FC3 		.ascii	"\341\371\217\303\302\303\014?6\004l\011\336\034\034"
 521      C2C30C3F 
 521      36046C09 
 521      DE1C1C
 522 1b00 16181219 		.ascii	"\026\030\022\031d\330\034\032\000\264\302\014\233\365"
 522      64D81C1A 
 522      00B4C20C 
 522      9BF5
 523 1b0e 41862F02 		.ascii	"A\206/\002\"Cx=\377M\204\301\264n\233\302\315\312\357"
 523      2243783D 
 523      FF4D84C1 
 523      B46E9BC2 
 523      CDCAEF
 524 1b21 FFFC3FE5 		.ascii	"\377\374?\345g\372\306\264Yo\342\203\20080\321\360D"
 524      67FAC6B4 
 524      596FE283 
 524      803830D1 
 524      F044
 525 1b33 393DFF33 		.ascii	"9=\3773gf\013\014\017\015\015\017[\037\021n\344M\353"
 525      67660B0C 
 525      0F0D0D0F 
 525      5B1F116E 
 525      E44DEB
 526 1b46 FFE1DFFE 		.ascii	"\377\341\337\376\345\363\177\371\232<\213\010\016!\366"
 526      E5F37FF9 
 526      9A3C8B08 
 526      0E21F6
 527 1b55 FBF9E79F 		.ascii	"\373\371\347\237\003\276UZM(\377u\010H\250\0143|\315"
 527      03BE555A 
 527      4D28FF75 
ARM GAS  C:\Users\Luczia\AppData\Local\Temp\cc5BIX18.s 			page 43


 527      0848A80C 
 527      337CCD
 528 1b68 ABC2BF0A 		.ascii	"\253\302\277\0123\030U\377\021i\2104\370\370\177\034"
 528      331855FF 
 528      11698834 
 528      F8F87F1C 
 529 1b78 B84DCF53 		.ascii	"\270M\317Ss\232\364\364\321\012\307\007\312\010\243"
 529      739AF4F4 
 529      D10AC707 
 529      CA08A3
 530 1b87 61BBB7DD 		.ascii	"a\273\267\335#=\357\376)\240\205F\362\206\257\335\254"
 530      233DEFFE 
 530      29A08546 
 530      F286AFDD 
 530      AC
 531 1b98 371AFA57 		.ascii	"7\032\372W\317\273\031\"\014a\240\301V\017\303vC\030"
 531      CFBB1922 
 531      0C61A0C1 
 531      560FC376 
 531      4318
 532 1baa 1F1A60FA 		.ascii	"\037\032`\372\022\036\206\232\266\322\256\232\257\002"
 532      121E869A 
 532      B6D2AE9A 
 532      AF02
 533 1bb8 827978F9 		.ascii	"\202yx\371\236\377Od\214\210p\336\016\260\227\034\320"
 533      9EFF4F64 
 533      8C8870DE 
 533      0EB0971C 
 533      D0
 534 1bc9 F328526D 		.ascii	"\363(Rm\370\212\020S\177\305\203:\021p1\031B#p`\030"
 534      F88A1053 
 534      7FC5833A 
 534      11703119 
 534      42237060 
 535 1bde EFAED78B 		.ascii	"\357\256\327\213\336\320\210W\025<\325\363^\376\033"
 535      DED08857 
 535      153CD5F3 
 535      5EFE1B
 536 1bed 81266005 		.ascii	"\201&`\005Dl\0137\032tr@c\"\262\231\266\252\240\001"
 536      446C0B37 
 536      1A747240 
 536      6322B299 
 536      B6AAA001 
 537 1c01 FE573C6F 		.ascii	"\376W<o\214\360a\034\365F\303\027\006\243!,\020\364"
 537      8CF0611C 
 537      F546C317 
 537      06A3212C 
 537      10F4
 538 1c13 042EE15B 		.ascii	"\004.\341[~\037\341f\370:\230\017\014\0172\250\215A"
 538      7E1FE166 
 538      F83A980F 
 538      0C0F32A8 
 538      8D41
 539 1c25 DF400FEF 		.ascii	"\337@\017\357_~f\223\366\327\274~\223\022\272\230\334"
 539      5F7E6693 
 539      F6D7BC7E 
 539      9312BA98 
ARM GAS  C:\Users\Luczia\AppData\Local\Temp\cc5BIX18.s 			page 44


 539      DC
 540 1c36 59147E0A 		.ascii	"Y\024~\012bX\257<y\016\344\277\010\011\330j\322\360"
 540      6258AF3C 
 540      790EE4BF 
 540      0809D86A 
 540      D2F0
 541 1c48 A1400120 		.ascii	"\241@\001 \023\037\300\033\334xz!,\002\266\004\230\014"
 541      131FC01B 
 541      DC787A21 
 541      2C02B604 
 541      980C
 542 1c5a 620C7FFC 		.ascii	"b\014\177\374\021\030\313z\2435\361_\006\204\004o\015"
 542      1118CB7A 
 542      A335F15F 
 542      0684046F 
 542      0D
 543 1c6b D3F3FEEF 		.ascii	"\323\363\376\357\034\003\333\002A=p\2722, \324\200\002"
 543      1C03DB02 
 543      413D70BA 
 543      322C20D4 
 543      8002
 544 1c7d 9581DB02 		.ascii	"\225\201\333\002\214\252\360\220 \360y\230\341+\203"
 544      8CAAF090 
 544      20F07998 
 544      E12B83
 545 1c8c 1107F25F 		.ascii	"\021\007\362_s\246\010.\304\010\371\263\025\342P\317"
 545      73A6082E 
 545      C408F9B3 
 545      15E250CF 
 546 1c9c 63A3BF3F 		.ascii	"c\243\277?\264\015\234\3613\316\370)g\374\2043~\314"
 546      B40D9CF1 
 546      33CEF829 
 546      67FC8433 
 546      7ECC
 547 1cae 197FC219 		.ascii	"\031\177\302\031?\362\364\367'\324\211}\241\233\207"
 547      3FF2F4F7 
 547      27D4897D 
 547      A19B87
 548 1cbd ECFE27DF 		.ascii	"\354\376'\337N \375\366OBA(p\011\245\021\030\036\006"
 548      4E20FDF6 
 548      4F424128 
 548      7009A511 
 548      181E06
 549 1cd0 C1C2EBE4 		.ascii	"\301\302\353\344\200\222\246\262dXw\333\235*4\002\222"
 549      8092A6B2 
 549      645877DB 
 549      9D2A3402 
 549      92
 550 1ce1 C94D740F 		.ascii	"\311Mt\017\377\327\316X\033\371\365b\026\301\013\010"
 550      FFD7CE58 
 550      1BF9F562 
 550      16C10B08 
 551 1cf1 1060E6F7 		.ascii	"\020`\346\367V<S\340\266 @\374\321\333\021\2771Y\223"
 551      563C53E0 
 551      B62040FC 
 551      D1DB11BF 
 551      315993
ARM GAS  C:\Users\Luczia\AppData\Local\Temp\cc5BIX18.s 			page 45


 552 1d04 E9EDDC21 		.ascii	"\351\355\334!\310\336\015\357\033Bo\235\3767\277\364"
 552      C8DE0DEF 
 552      1B426F9D 
 552      FE37BFF4 
 553 1d14 DF20A2E9 		.ascii	"\337 \242\351\215\274\377OXy\3737k\024~\276q\323\257"
 553      8DBCFF4F 
 553      5879FB37 
 553      6B147EBE 
 553      71D3AF
 554 1d27 24AB68A5 		.ascii	"$\253h\245 \375\376\233\373m\322J/7|\233\312\273-\""
 554      20FDFE9B 
 554      FB6DD24A 
 554      2F377C9B 
 554      CABB2D22 
 555 1d3b 42E1ED40 		.ascii	"B\341\355@L\247\327\223(\325\007\362\341\3065o\027\331"
 555      4CA7D793 
 555      28D507F2 
 555      E1C6356F 
 555      17D9
 556 1d4d 5F2E32F4 		.ascii	"_.2\364%\225\211\365\365s\350\3731\224u\336\020\352"
 556      259589F5 
 556      F573E8FB 
 556      319475DE 
 556      10EA
 557 1d5f FFD156BB 		.ascii	"\377\321V\273\332\276i\373\2378C\333\244fW/{\354o\245"
 557      DABE69FB 
 557      9F3843DB 
 557      A466572F 
 557      7BEC6FA5 
 558 1d73 1EC08AEF 		.ascii	"\036\300\212\3579j\260\001d\015\202\322\033`\3447\375"
 558      396AB001 
 558      640D82D2 
 558      1B60E437 
 558      FD
 559 1d84 6ABB5682 		.ascii	"j\273V\202\270\300m\332\320\000\210y\312\011\007m\331"
 559      B8C06DDA 
 559      D0008879 
 559      CA09076D 
 559      D9
 560 1d95 EA16121E 		.ascii	"\352\026\022\036\370\245\036*\214&\330d$W\367\210\200"
 560      F8A51E2A 
 560      8C26D864 
 560      2457F788 
 560      80
 561 1da6 B0E0403D 		.ascii	"\260\340@=\324\005V\325LTD\0303\266Dn\365v\200u\274"
 561      D40556D5 
 561      4C544418 
 561      33B6446E 
 561      F5768075 
 562 1dbb 31000ACB 		.ascii	"1\000\012\313\226\310/\300TjvQF\232 -##6B\363\377\363"
 562      96C82FC0 
 562      546A7651 
 562      469A202D 
 562      23233642 
 563 1dd2 5FB29A4C 		.ascii	"_\262\232L\321h\005\325\363Pb~\315o\2042\263- \204W"
 563      D16805D5 
 563      F350627E 
ARM GAS  C:\Users\Luczia\AppData\Local\Temp\cc5BIX18.s 			page 46


 563      CD6F8432 
 563      B32D2084 
 564 1de7 831CA6F0 		.ascii	"\203\034\246\3600\227x\376\372M\030\004s\371~\203~\023"
 564      309778FE 
 564      FA4D1804 
 564      73F97E83 
 564      7E13
 565 1df9 67FA0A87 		.ascii	"g\372\012\207\361\021\177\346\012E\277\351O\235\277"
 565      F1117FE6 
 565      0A45BFE9 
 565      4F9DBF
 566 1e08 DAA4E483 		.ascii	"\332\244\344\203C\015\356D!\270\352\371\267g\030\301"
 566      430DEE44 
 566      21B8EAF9 
 566      B76718C1 
 567 1e18 23239091 		.ascii	"##\220\221\224\273\320\010%\311\"\237\345\264W8>\370"
 567      94BBD008 
 567      25C9229F 
 567      E5B45738 
 567      3EF8
 568 1e2a 9BB75326 		.ascii	"\233\267S&\350@\032G\360F\245)\370\017\326\012\352\377"
 568      E8401A47 
 568      F046A529 
 568      F80FD60A 
 568      EAFF
 569 1e3c B15841C9 		.ascii	"\261XA\311\215\273)\322D\206#C\220\257\377'6\036\314"
 569      8DBB29D2 
 569      44862343 
 569      90AFFF27 
 569      361ECC
 570 1e4f EC7AFEBD 		.ascii	"\354z\376\275eO\274\344\276\202\332\274\235'\243\217"
 570      654FBCE4 
 570      BE82DABC 
 570      9D27A38F 
 571 1e5f 2AC810C2 		.ascii	"*\310\020\302\007x\302; k0n\017\010\321\363\312/\"\303"
 571      0778C23B 
 571      206B306E 
 571      0F08D1F3 
 571      CA2F22C3 
 572 1e73 02DDB6F3 		.ascii	"\002\335\266\363\344\242\347\231J\333\203\215|$y\011"
 572      E4A2E799 
 572      4ADB838D 
 572      7C247909 
 573 1e83 4A1B5738 		.ascii	"J\033W8>\300\021\001Fo\273'z~\325\306\215\216hl\300"
 573      3EC01101 
 573      466FBB27 
 573      7A7ED5C6 
 573      8D8E686C 
 574 1e98 FB8EF3C7 		.ascii	"\373\216\363\307n!\001&\236\300\177\342\344%\014-F:"
 574      6E210126 
 574      9EC07FE2 
 574      E4250C2D 
 574      463A
 575 1eaa 92FA7F08 		.ascii	"\222\372\177\010\275I\270~C\237{\332A\232\300H#$)\257"
 575      BD49B87E 
 575      439F7BDA 
 575      419AC048 
ARM GAS  C:\Users\Luczia\AppData\Local\Temp\cc5BIX18.s 			page 47


 575      232429AF 
 576 1ebe 931EC148 		.ascii	"\223\036\301H\363\231-N\335mw\034\037\252\016\377\342"
 576      F3992D4E 
 576      DD6D771C 
 576      1FAA0EFF 
 576      E2
 577 1ecf 0B938107 		.ascii	"\013\223\201\007\367\321\021\025\324\344C\365\2010&"
 577      F7D11115 
 577      D4E443F5 
 577      813026
 578 1ede 6D3106F0 		.ascii	"m1\006\360\301\34100\255p|\360\376\333=G\312\243\207"
 578      C1E13030 
 578      AD707CF0 
 578      FEDB3D47 
 578      CAA387
 579 1ef1 9418BCB7 		.ascii	"\224\030\274\267^\277\235\337\022\242\007O\322\031\326"
 579      5EBF9DDF 
 579      12A2074F 
 579      D219D6
 580 1f00 0AFD76B8 		.ascii	"\012\375v\270]\367\217PpX\202\377\231C\262Jo6i\245\373"
 580      5DF78F50 
 580      705882FF 
 580      9943B24A 
 580      6F3669A5 
 581 1f15 FF02B9C9 		.ascii	"\377\002\271\311\352\331"
 581      EAD9
 582              		.text
 583              		.section	.gnu.lto_.symtab.803eecdf,"",%progbits
 584 0000 5F5A4E31 		.ascii	"_ZN10chibios_rt15ThreadReferenceC2EP9ch_thread\000"
 584      30636869 
 584      62696F73 
 584      5F727431 
 584      35546872 
 585 002f 5F5A4E31 		.ascii	"_ZN10chibios_rt15ThreadReferenceC5EP9ch_thread\000"
 585      30636869 
 585      62696F73 
 585      5F727431 
 585      35546872 
 586 005e 01       		.ascii	"\001"
 587 005f 00       		.ascii	"\000"
 588 0060 00000000 		.ascii	"\000\000\000\000\000\000\000\000"
 588      00000000 
 589 0068 A7010000 		.ascii	"\247\001\000\000"
 590 006c 5F5A4E31 		.ascii	"_ZN10chibios_rt15ThreadReferenceC1EP9ch_thread\000"
 590      30636869 
 590      62696F73 
 590      5F727431 
 590      35546872 
 591 009b 5F5A4E31 		.ascii	"_ZN10chibios_rt15ThreadReferenceC5EP9ch_thread\000"
 591      30636869 
 591      62696F73 
 591      5F727431 
 591      35546872 
 592 00ca 01       		.ascii	"\001"
 593 00cb 00       		.ascii	"\000"
 594 00cc 00000000 		.ascii	"\000\000\000\000\000\000\000\000"
 594      00000000 
ARM GAS  C:\Users\Luczia\AppData\Local\Temp\cc5BIX18.s 			page 48


 595 00d4 AA010000 		.ascii	"\252\001\000\000"
 596 00d8 5F5A4E31 		.ascii	"_ZN10chibios_rt6System14getIdleThreadXEv\000"
 596      30636869 
 596      62696F73 
 596      5F727436 
 596      53797374 
 597 0101 00       		.ascii	"\000"
 598 0102 00       		.ascii	"\000"
 599 0103 00       		.ascii	"\000"
 600 0104 00000000 		.ascii	"\000\000\000\000\000\000\000\000"
 600      00000000 
 601 010c B2010000 		.ascii	"\262\001\000\000"
 602 0110 5F5A4E31 		.ascii	"_ZN10chibios_rt10_thd_startEPv\000"
 602      30636869 
 602      62696F73 
 602      5F727431 
 602      305F7468 
 603 012f 00       		.ascii	"\000"
 604 0130 00       		.ascii	"\000"
 605 0131 00       		.ascii	"\000"
 606 0132 00000000 		.ascii	"\000\000\000\000\000\000\000\000"
 606      00000000 
 607 013a B7010000 		.ascii	"\267\001\000\000"
 608 013e 636800   		.ascii	"ch\000"
 609 0141 00       		.ascii	"\000"
 610 0142 02       		.ascii	"\002"
 611 0143 00       		.ascii	"\000"
 612 0144 00000000 		.ascii	"\000\000\000\000\000\000\000\000"
 612      00000000 
 613 014c 81020000 		.ascii	"\201\002\000\000"
 614              		.text
 615              		.section	.gnu.lto_.opts,"",%progbits
 616 0000 272D666D 		.ascii	"'-fmath-errno' '-fsigned-zeros' '-ftrapping-math' '"
 616      6174682D 
 616      6572726E 
 616      6F272027 
 616      2D667369 
 617 0033 2D666E6F 		.ascii	"-fno-trapv' '-fno-strict-overflow' '-fno-openmp' '-"
 617      2D747261 
 617      70762720 
 617      272D666E 
 617      6F2D7374 
 618 0066 666E6F2D 		.ascii	"fno-openacc' '-mcpu=cortex-m4' '-mthumb' '-O0' '-fo"
 618      6F70656E 
 618      61636327 
 618      20272D6D 
 618      6370753D 
 619 0099 6D69742D 		.ascii	"mit-frame-pointer' '-falign-functions=16' '-ffuncti"
 619      6672616D 
 619      652D706F 
 619      696E7465 
 619      72272027 
 620 00cc 6F6E2D73 		.ascii	"on-sections' '-fdata-sections' '-fno-common' '-flto"
 620      65637469 
 620      6F6E7327 
 620      20272D66 
 620      64617461 
ARM GAS  C:\Users\Luczia\AppData\Local\Temp\cc5BIX18.s 			page 49


 621 00ff 2720272D 		.ascii	"' '-fno-exceptions'\000"
 621      666E6F2D 
 621      65786365 
 621      7074696F 
 621      6E732700 
 622              		.text
 623              		.comm	__gnu_lto_v1,1,1
 624              		.comm	__gnu_lto_slim,1,1
 625              		.ident	"GCC: (GNU Tools for Arm Embedded Processors 7-2017-q4-major) 7.2.1 20170904 (release) [ARM
ARM GAS  C:\Users\Luczia\AppData\Local\Temp\cc5BIX18.s 			page 50


DEFINED SYMBOLS
                            *ABS*:00000000 ch.cpp
                            *COM*:00000001 __gnu_lto_v1
                            *COM*:00000001 __gnu_lto_slim

NO UNDEFINED SYMBOLS
