ARM GAS  C:\Users\Luczia\AppData\Local\Temp\cc0uic1f.s 			page 1


   1              		.cpu cortex-m4
   2              		.eabi_attribute 20, 1
   3              		.eabi_attribute 21, 1
   4              		.eabi_attribute 23, 3
   5              		.eabi_attribute 24, 1
   6              		.eabi_attribute 25, 1
   7              		.eabi_attribute 26, 1
   8              		.eabi_attribute 30, 6
   9              		.eabi_attribute 34, 1
  10              		.eabi_attribute 18, 4
  11              		.file	"chcore_v7m.c"
  12              		.section	.gnu.lto_.inline.803ee128,"",%progbits
  13 0000 789C6363 		.ascii	"x\234cc``\350e@\0006\006\006\026f\006\006&\226\017z"
  13      6060E865 
  13      40003606 
  13      06166606 
  13      0626960F 
  14 0015 0C2C0C4C 		.ascii	"\014,\014L !F\014\021&\006\026\036 \311\264@\036\256"
  14      2021460C 
  14      11260616 
  14      1E20C9B4 
  14      401EAE
  15 0028 860B4830 		.ascii	"\206\013H0c\027fa`\347\007\012sL\360C\021fe\020\326"
  15      63176661 
  15      60E7070A 
  15      734CF043 
  15      11666510 
  16 003d 050A4B3D 		.ascii	"\005\012K=\270\305\210\"\316\304\015c1\000\000\212\027"
  16      B8C58822 
  16      CEC40D63 
  16      3100008A 
  16      17
  17 004e 0822     		.ascii	"\010\""
  18              		.text
  19              		.section	.gnu.lto_port_lock.803ee128,"",%progbits
  20 0000 789C7D50 		.ascii	"x\234}P\317K\025Q\024>\337\334\361\031jQ\213v.\346-"
  20      CF4B1551 
  20      143EDFDC 
  20      F1196A51 
  20      8B762EE6 
  21 0015 5E21C4BB 		.ascii	"^!\304\273\272\210jYo\345\342A\370\376\000\311i\310"
  21      BA886A59 
  21      6FE5E241 
  21      F8FE00C9 
  21      69C8
  22 0027 81C69199 		.ascii	"\201\306\221\231W\350\312\313\313xV\356z\251<\206,-"
  22      57E8CACB 
  22      CB7856EE 
  22      7AA93C86 
  22      2C2D
  23 0039 AA4556F6 		.ascii	"\252EV\366\303|\246N\265\211\240(\241] \250\025\025"
  23      C37CA64E 
  23      B589A028 
  23      A15D20A8 
  23      1515
  24 004b 14458B56 		.ascii	"\024E\213V\326\271\243H\253\016\367\007\347\334\363"
  24      D6B9A348 
ARM GAS  C:\Users\Luczia\AppData\Local\Temp\cc0uic1f.s 			page 2


  24      AB0EF707 
  24      E7DCF3
  25 005a 7DE7FB6E 		.ascii	"}\347\373n\212\210&@t\231\357\335\274I\020\014\342\015"
  25      8A882640 
  25      7499EFDD 
  25      BC49100C 
  25      E20D
  26 006c 2E1268C0 		.ascii	".\022h\300\300\000\206EE\340Y\371\343\254\321rCq\304"
  26      C0008645 
  26      45E059F9 
  26      E3ACD172 
  26      4371C4
  27 007f A3BFF63C 		.ascii	"\243\277\366<=\253\316\267F\202hDP\022\270\217\026\342"
  27      3DABCEB7 
  27      46826844 
  27      5012B88F 
  27      16E2
  28 0091 BE957BEB 		.ascii	"\276\225{\353\227\266\247\314\215:\036 \305,\004~x;"
  28      97B6A7CC 
  28      8D3A1E20 
  28      C52C047E 
  28      783B
  29 00a3 78371217 		.ascii	"x7\022\027D$\000\223\323\037\257\252\253;tj\300\342"
  29      44240093 
  29      D31FAFAA 
  29      AB3B746A 
  29      C0E2
  30 00b5 F4FACBA5 		.ascii	"\364\372\313\245\305Fq\020\232\342\326\324\325\261\246"
  30      C5467110 
  30      9AE2D6D4 
  30      D5B1A6
  31 00c4 CCA45225 		.ascii	"\314\244R%\025\277\301\013eFB`\006\202)\361\010\315"
  31      15BFC10B 
  31      65464260 
  31      068229F1 
  31      08CD
  32 00d6 7888E68D 		.ascii	"x\210\346\215\221\217\221\271\263T\027\253\365?e\025"
  32      918F91B9 
  32      B35417AB 
  32      F53F6515 
  33 00e6 AF5DC3CC 		.ascii	"\257]\303\314\247m\246\221\224\211\206\022]\347\004"
  33      A76DA691 
  33      94898612 
  33      5DE704
  34 00f5 BB115F50 		.ascii	"\273\021_P*RU\030\314]\376\254\346M=V\300\302,\023}"
  34      2A525518 
  34      CC5DFEAC 
  34      E64D3D56 
  34      C0C22C13 
  35 010a 45696572 		.ascii	"Eier\270\266\214-\355\203\211\307\213\225\275H\230\264"
  35      B8B68C2D 
  35      ED8389C7 
  35      8B95BD48 
  35      98B4
  36 011c 8711817F 		.ascii	"\207\021\201\177\275\241\206\024\346\2645>\300\006\317"
  36      BDA18614 
  36      E6B4353E 
ARM GAS  C:\Users\Luczia\AppData\Local\Temp\cc0uic1f.s 			page 3


  36      C006CF
  37 012b 68F4C4F8 		.ascii	"h\364\304\370\364\357\206t\005\343j\314\212\204\251"
  37      F4EF8674 
  37      05E36ACC 
  37      8A84A9
  38 013a 01B757E7 		.ascii	"\001\267W\347\224\226Dx\2024\351\312\373j\255\322\240"
  38      94964478 
  38      8234E9CA 
  38      FB6AADD2 
  38      A0
  39 014b 45CEC3AC 		.ascii	"E\316\303\254jqXH\276\343\346\302\363\017M\351\321M"
  39      6A715848 
  39      BEE3E6C2 
  39      F30F4DE9 
  39      D14D
  40 015d 709D6EFD 		.ascii	"p\235n\37595\375\2561\001/j0b\230\364\015\245+\337_"
  40      3935FDAE 
  40      31012F6A 
  40      306298F4 
  40      0DA52BDF 
  41 0172 EF4AFE55 		.ascii	"\357J\376U\307\020\013#n\331\237\315J^v\267\333\345"
  41      C7100B23 
  41      6ED99FCD 
  41      4A5E76B7 
  41      DBE5
  42 0184 FA61DBA1 		.ascii	"\372a\333\2416\351\207\322\366=\317\357\221\275~P\014"
  42      36E987D2 
  42      F63DCFEF 
  42      91BD7E50 
  42      0C
  43 0195 E5E18E7C 		.ascii	"\345\341\216|.\337\307\035\266\0378\235\247\017x\331"
  43      2EDFC71D 
  43      B61F389D 
  43      A70F78D9 
  44 01a5 6EAAEF3A 		.ascii	"n\252\357:\026:G\003\367\310\177\320N_Qce._h/\310\034"
  44      163A4703 
  44      F7C87FD0 
  44      4E5F5163 
  44      652E5F68 
  45 01bc 83657B8F 		.ascii	"\203e{\217}\362\324qG\332^\350\206\235'l\233\251v\346"
  45      7DF2D471 
  45      47DA5EE8 
  45      869D276C 
  45      9BA976E6 
  46 01d0 0B1D96A6 		.ascii	"\013\035\226\246\353\015\334}V\246\225\214\200\352="
  46      EB0DDC7D 
  46      56A6958C 
  46      80EA3D
  47 01df C7F3837E 		.ascii	"\307\363\203~\372\013%-\256\273"
  47      FA0B252D 
  47      AEBB
  48              		.text
  49              		.section	.gnu.lto_port_unlock.803ee128,"",%progbits
  50 0000 789C7D50 		.ascii	"x\234}P\317KTQ\024>\337\273\317\231P\213Z\270s1\263"
  50      CF4B5451 
  50      143EDFBB 
  50      CF99508B 
ARM GAS  C:\Users\Luczia\AppData\Local\Temp\cc0uic1f.s 			page 4


  50      5AB87331 
  51 0015 184488B9 		.ascii	"\030D\210\271\272\210jY\263r1\020\316\037 \371z\344"
  51      BA886A59 
  51      B3723110 
  51      CE1F20F9 
  51      7AE4
  52 0027 839E4FDE 		.ascii	"\203\236O\336\233\302V^FEKwM\243\014\217,-\252EV\366"
  52      9BC2565E 
  52      46454B77 
  52      4DA30C8F 
  52      2C2DAA45 
  53 003d D3B1F465 		.ascii	"\323\261\364e\233\010\302\222\332H\020(%\024\004\375"
  53      9B08C292 
  53      DA481028 
  53      251404FD 
  54 004d 58B4B2CE 		.ascii	"X\264\262\316}\206\264\352p\177p\316=\337w\276\357&"
  54      7D86B4EA 
  54      707F70CE 
  54      3DDF77BE 
  54      EF26
  55 005f 88681A44 		.ascii	"\210h\032D\227\370n\342M\202`\020op\221@\003\006\006"
  55      97F86EE2 
  55      4D826010 
  55      6F709140 
  55      030606
  56 0072 302ECA02 		.ascii	"0.\312\002\313#\237\346\215\326\353\212#\232x\333\362"
  56      CB239FE6 
  56      8DD6EB8A 
  56      239A78DB 
  56      F2
  57 0083 6C589D6F 		.ascii	"lX\235o\013\005QEP\034\270\207V\342\276\365\273[\027"
  57      0B055145 
  57      501CB887 
  57      56E2BEF5 
  57      BB5B17
  58 0096 7727CCED 		.ascii	"w'\314\355:\356#\301,\004~x3t'\024c\"\024\200\311\351"
  58      3AEE23C1 
  58      2C047E78 
  58      33742714 
  58      63221480 
  59 00ac B757D58D 		.ascii	"\267W\325\215=:5\220\342\364\332\313\325\245\006q\010"
  59      3D3A3590 
  59      E2F4DACB 
  59      D5A50671 
  59      08
  60 00bd 9AE2E6EC 		.ascii	"\232\342\346\354\225\311\306\314\214R%\025\275\306\013"
  60      95C9C6CC 
  60      8C522515 
  60      BDC60B
  61 00cc 658642E0 		.ascii	"e\206B\340\021\004S\342!\232\361\000\315\333#\037#s"
  61      110453E2 
  61      219AF100 
  61      CDDB231F 
  61      2373
  62 00de 7BB52E52 		.ascii	"{\265.R[\277GT\364\363*~l\3562\215\270L4\032\353:'\330"
  62      5BBF4754 
  62      F4F32A7E 
ARM GAS  C:\Users\Luczia\AppData\Local\Temp\cc0uic1f.s 			page 5


  62      6CEE328D 
  62      B84C341A 
  63 00f6 8DF88C52 		.ascii	"\215\370\214R\221\252\302`\356\312\360\362JR\217\025"
  63      91AAC260 
  63      EECAF0F2 
  63      4A528F15 
  64 0106 20CC33D1 		.ascii	" \3143\321\027\224\326g\306k\037\260\243}(\366xa\255"
  64      1794D667 
  64      C66B1FB0 
  64      A37D28F6 
  64      7861AD
  65 0119 053193F6 		.ascii	"\0051\223\366P\021\370\327\033jH`A[\343\203yhP\243\247"
  65      5011F8D7 
  65      1B6A4860 
  65      415BE383 
  65      796850A3 
  66 012e A7E67ED5 		.ascii	"\247\346~\325\247\313\230R\223\251P\230\032pkcAiI\204"
  66      A7CB9852 
  66      93A95098 
  66      1A706B63 
  66      41694984 
  67 0142 274893AE 		.ascii	"'H\223\256\274\257\326\312\365Z\344S\230U-\016\213\361"
  67      BCAFD6CA 
  67      F55AE453 
  67      98552D0E 
  67      8BF1
  68 0154 77DC587C 		.ascii	"w\334X|\376\2611=\361\027\\\247[\277\317\316\275k\210"
  68      FEB1313D 
  68      F1175CA7 
  68      5BBFCFCE 
  68      BD6B88
  69 0167 C14B1A8C 		.ascii	"\301K\032\214\010&}E\351\362\346\312\276\370_u\214\262"
  69      08267D45 
  69      E9F2E6CA 
  69      BEF85F75 
  69      8CB2
  70 0179 30E29603 		.ascii	"0\342\226\003\331\254\344e\3658\335\216\027\264\037"
  70      D9ACE465 
  70      F538DD8E 
  70      17B41F
  71 0188 6E975E20 		.ascii	"n\227^ -\317u\275^\331\347\371\305@\036\351\314\347"
  71      2DCF75BD 
  71      5ED9E7F9 
  71      C5401EE9 
  71      CCE7
  72 019a F2FDDC61 		.ascii	"\362\375\334ay\276\335u\346\240\233\355\241d\367\361"
  72      79BEDD75 
  72      E6A09BED 
  72      A164F7F1 
  73 01aa C03EE63B 		.ascii	"\300>\346;G\377\203\266\373\213\032+s\371BGA\346\030"
  73      47FF83B6 
  73      FB8B1A2B 
  73      73F94247 
  73      41E618
  74 01bd 2C3B7AAD 		.ascii	",;z\255S\247O\330\322r\003'\350:iYL\2657_\350Li\272"
  74      53A74FD8 
  74      D2720327 
ARM GAS  C:\Users\Luczia\AppData\Local\Temp\cc0uic1f.s 			page 6


  74      E83A6959 
  74      4CB5375F 
  75 01d5 3EDFD99F 		.ascii	">\337\331\237\312\264\221\341S\322\265]\317?K\177\000"
  75      CAB491E1 
  75      53D2B55D 
  75      CF3F4B7F 
  75      00
  76 01e6 8568AF09 		.ascii	"\205h\257\011"
  77              		.text
  78              		.section	.gnu.lto_port_lock_from_isr.803ee128,"",%progbits
  79 0000 789C6363 		.ascii	"x\234cc``X\004\304\346@,\012\304\014\314\014\214L\014"
  79      60605804 
  79      C4E6402C 
  79      0AC40CCC 
  79      0C8C4C0C 
  80 0014 40CCC808 		.ascii	"@\314\310\010\34402\32431\3263\3660Oaf<\324\376l'\223"
  80      E43032D4 
  80      3331D633 
  80      F6304F61 
  80      663CD4FE 
  81 002b E6F20620 		.ascii	"\346\362\006 80}\222\326\301\326\206.\2039\314\014\014"
  81      38307D92 
  81      D6C1D686 
  81      2E8339CC 
  81      0C0C
  82 003d D39819C0 		.ascii	"\323\230\031\300\200q3\243&\003P\335\243\215\377\246"
  82      807133A3 
  82      260350DD 
  82      A38DFFA6 
  83 004d F2B2B140 		.ascii	"\362\262\261@\304\031\2670\2621\200LZ\177\211\365@\303"
  83      C419B730 
  83      B231804C 
  83      5A7F89F5 
  83      40C3
  84 005f BFFFED0D 		.ascii	"\277\377\355\015\007\336,e\234\371\212\003(\331\001"
  84      07DE2C65 
  84      9CF98A03 
  84      28D901
  85 006e D6D8C90C 		.ascii	"\326\330\311\014\264\216\371\015c\363\202\365W\014\301"
  85      B48EF90D 
  85      63F382F5 
  85      570CC1
  86 007d CA8166EC 		.ascii	"\312\201f\354\334\371\3466{\375\337\006\2169\314\214"
  86      DCF9E636 
  86      7BFDDF06 
  86      8E39CC8C 
  87 008d D39881FA 		.ascii	"\323\230\201\372\031\2672\3263\314\001*}\307\330\264"
  87      19B732D6 
  87      33CC012A 
  87      7DC7D8B4 
  88 009d 60F31541 		.ascii	"`\363\025A\260B\020\350\000\311\002M0\325\323\323\007"
  88      B04210E8 
  88      00C9024D 
  88      30D5D3D3 
  88      07
  89 00ae A2E48CCC 		.ascii	"\242\344\214\314\244\314\374bCKC\375\374b\375\344\374"
  89      A4CCFC62 
ARM GAS  C:\Users\Luczia\AppData\Local\Temp\cc0uic1f.s 			page 7


  89      434B43FD 
  89      FC62FDE4 
  89      FC
  90 00bf DCDCFC3C 		.ascii	"\334\334\374<\375\202\374\242\222b}\307 _g\337\012\240"
  90      FD82FCA2 
  90      92627DC7 
  90      205F67DF 
  90      0AA0
  91 00d1 8AE4FCA2 		.ascii	"\212\344\374\242\324\3702\363\\\275\014\006\000~\031"
  91      D4F832F3 
  91      5CBD0C06 
  91      007E19
  92 00e0 439E     		.ascii	"C\236"
  93              		.text
  94              		.section	.gnu.lto_port_unlock_from_isr.803ee128,"",%progbits
  95 0000 789C6363 		.ascii	"x\234cc``X\004\304\346@,\012\304\014\314\014\214L\014"
  95      60605804 
  95      C4E6402C 
  95      0AC40CCC 
  95      0C8C4C0C 
  96 0014 40CCC808 		.ascii	"@\314\310\010\34402\32431\3263\3660Oaf<\324\376l'\223"
  96      E43032D4 
  96      3331D633 
  96      F6304F61 
  96      663CD4FE 
  97 002b E6F20620 		.ascii	"\346\362\006 80}\207\326\301\326\206.\2039\314\014\014"
  97      38307D87 
  97      D6C1D686 
  97      2E8339CC 
  97      0C0C
  98 003d D39819C0 		.ascii	"\323\230\031\300\200q3\243&\003P\335\243\215\377\246"
  98      807133A3 
  98      260350DD 
  98      A38DFFA6 
  99 004d F2B2B140 		.ascii	"\362\262\261@\304\031\2670\2621\200LZ\177\211\365@\303"
  99      C419B730 
  99      B231804C 
  99      5A7F89F5 
  99      40C3
 100 005f BFFFED0D 		.ascii	"\277\377\355\015\007\376,e\334\377\212\003(\331\001"
 100      07FE2C65 
 100      DCFF8A03 
 100      28D901
 101 006e D6D8C90C 		.ascii	"\326\330\311\014\264\216\371\015c\363\202\337W\014\301"
 101      B48EF90D 
 101      63F382DF 
 101      570CC1
 102 007d CA8166EC 		.ascii	"\312\201f\354\334\371\3466{\375\337\006\2169\314\214"
 102      DCF9E636 
 102      7BFDDF06 
 102      8E39CC8C 
 103 008d D39881FA 		.ascii	"\323\230\201\372\031\2672\3263\314\001*}\307\330\264"
 103      19B732D6 
 103      33CC012A 
 103      7DC7D8B4 
 104 009d E0FF1541 		.ascii	"\340\377\025A\260B\020\350\000\311\002M0\325\323\323"
 104      B04210E8 
ARM GAS  C:\Users\Luczia\AppData\Local\Temp\cc0uic1f.s 			page 8


 104      00C9024D 
 104      30D5D3D3 
 105 00ad 07A2E48C 		.ascii	"\007\242\344\214\314\244\314\374bCKC\375\374b\375\344"
 105      CCA4CCFC 
 105      62434B43 
 105      FDFC62FD 
 105      E4
 106 00be FCDCDCFC 		.ascii	"\374\334\334\374<\375\202\374\242\222b}\307 _g\337\012"
 106      3CFD82FC 
 106      A292627D 
 106      C7205F67 
 106      DF0A
 107 00d0 A08AE4FC 		.ascii	"\240\212\344\374\242\324\3702\363\\\275\014\006\000"
 107      A2D4F832 
 107      F35CBD0C 
 107      0600
 108 00de F0D54492 		.ascii	"\360\325D\222"
 109              		.text
 110              		.section	.gnu.lto_SVC_Handler.803ee128,"",%progbits
 111 0000 789C7D93 		.ascii	"x\234}\223\335K\024Q\030\306\317;gv\366#5\360.Xb\205"
 111      DD4B1451 
 111      18C6CF3B 
 111      6776F623 
 111      35F02E58 
 112 0016 F6421027 		.ascii	"\366B\020'/\242\272\360\242\274IH\012\367\017\220\232"
 112      2FA2BAF0 
 112      A2BC4948 
 112      0AF70F90 
 112      9A
 113 0027 36955C67 		.ascii	"6\225\\g\331]\303\273\235\\MM\355\"m\225aB\323\013\013"
 113      D95DC3BB 
 113      9D5C4D4D 
 113      ED226D95 
 113      6142D30B 
 114 003c 3135CDFC 		.ascii	"15\315\374H\035-\277\012\351\203\242\213\302@E\374*"
 114      481D2DBF 
 114      0AE983A2 
 114      8BC24045 
 114      FC2A
 115 004e C80B4948 		.ascii	"\310\013IH\353=g\027\221\254\206\235\331=\317y\316\363"
 115      EB3D6717 
 115      91AC869D 
 115      D93DCF79 
 115      CEF3
 116 0060 BEF33B67 		.ascii	"\276\363;g%BH\037%\244\037\277\235x\023\221\200@\360"
 116      2542481F 
 116      25A41FBF 
 116      9D781391 
 116      8040F0
 117 0073 06148102 		.ascii	"\006\024\201\002\240\004$,P\010C-m\2400Q\271<(\244\266"
 117      A004242C 
 117      5008432D 
 117      6DA03051 
 117      B93C28A4 
 118 0088 6B78998D 		.ascii	"kx\231\215?\217h\017L0\320\032\245\204_\320\013\251"
 118      3F8F680F 
 118      4C30D01A 
ARM GAS  C:\Users\Luczia\AppData\Local\Temp\cc0uic1f.s 			page 9


 118      A5845FD0 
 118      0BA9
 119 009a 046D6FCB 		.ascii	"\004mo\313\273\015ZC\015L\020q\370}N_LbC\001\\8\274"
 119      BB0D5A43 
 119      0D4C1071 
 119      F87D4E5F 
 119      4C624301 
 120 00b1 35BBD47A 		.ascii	"5\273\324z\230\236\002\346\\\033[\335Np\267iZ\231fN"
 120      989E02E6 
 120      5C1B5BDD 
 120      4E70B769 
 120      5A99664E 
 121 00c5 351D6D8D 		.ascii	"5\035m\215h3\232hP\012\375@1\025\236\200\023\372\200"
 121      68339A68 
 121      500AFD40 
 121      31159E80 
 121      13FA80
 122 00d8 F7C6EC0B 		.ascii	"\367\306\354\013=\273w\023%\021\236\202;V\024\006@\302"
 122      3DBB7713 
 122      25119E82 
 122      3B561406 
 122      40C2
 123 00ea 16898549 		.ascii	"\026\211\205Ih\230^_\272g\243\231<\273\266c\363\021"
 123      68985E5F 
 123      BA67A399 
 123      3CBBB663 
 123      F311
 124 00fc 8D676FE5 		.ascii	"\215go\345\353\232Y\3562\250\010\203\007\223a\210/\356"
 124      EB9A59EE 
 124      32A80883 
 124      07936188 
 124      2FEE
 125 010e F9BA3D2E 		.ascii	"\371\272=.\261\005w4\363\315\270\300;\021\311\001\363"
 125      B1057734 
 125      F3CDB8C0 
 125      3B11C901 
 125      F3
 126 011f 30372FD7 		.ascii	"07/\327L\216Z\351y^\351\325\307\325\017B\274\322\027"
 126      4C8E5AE9 
 126      795EE9D5 
 126      C7D50F42 
 126      BCD217
 127 0132 FDD8D8C0 		.ascii	"\375\330\330\300\012\313\000V\355\331_\252\215\034\250"
 127      0ACB0056 
 127      EDD95FAA 
 127      8D1CA8
 128 0141 B63C967C 		.ascii	"\266<\226|?R\361\257\202\243\340\356zg1\265\335_\225"
 128      3F52F1AF 
 128      82A3E0EE 
 128      7A6731B5 
 128      DD5F95
 129 0154 88DD5939 		.ascii	"\210\335Y9=\257\013\207\200\030\324\"\260\007n\032\276"
 129      3DAF0B87 
 129      8018D422 
 129      B0076E1A 
 129      BE
 130 0165 BC853FAD 		.ascii	"\274\205?\255\374]l\274\206\235M:x\277\204T\361-\252"
ARM GAS  C:\Users\Luczia\AppData\Local\Temp\cc0uic1f.s 			page 10


 130      FC5D6CBC 
 130      869D4D3A 
 130      78BF8454 
 130      F12DAA
 131 0178 A6B8BD74 		.ascii	"\246\270\275t\035n,t\325m\275\206=\242\345\261\035\355"
 131      1D6E2C74 
 131      D56DBD86 
 131      3DA2E5B1 
 131      1DED
 132 018a 96CE7137 		.ascii	"\226\316q7\243\032\245\260\237\370\010\223\307@\002"
 132      A31AA5B0 
 132      9FF80893 
 132      C74002
 133 0199 93013763 		.ascii	"\223\0017c\324\243,!z;\332,\246\264A\263\326\204|%\266"
 133      D4A32C21 
 133      7A3BDA2C 
 133      A6B441B3 
 133      D6847C25 
 134 01ae 6867A162 		.ascii	"hg\241b\321.\262\2234\016)|\343\246\026z\207$T`\002"
 134      D12EB293 
 134      340E297C 
 134      E3A6167A 
 134      87245460 
 135 01c3 449DDA70 		.ascii	"D\235\332p\3469\210d\015\312\242\333\035\221\335z\312"
 135      E6398864 
 135      0DCAA2DB 
 135      1D91DD7A 
 135      CA
 136 01d4 12756AE7 		.ascii	"\022uj\347S\330%6KW\360\3705\342\0174\275w\020\235:"
 136      53D82536 
 136      4B57F0F8 
 136      35E20F34 
 136      BD77109D 
 137 01e9 703EB6A2 		.ascii	"p>\266\242l\331\024Y\213:\005\224\231\266YYMc\012\246"
 137      6CD91459 
 137      8B3A0594 
 137      99B65959 
 137      4D630AA6 
 138 01fd 032A11E3 		.ascii	"\003*\021\343\346\\\2573&YP\335\177\012\001\\\360\002"
 138      E65CAF33 
 138      265950DD 
 138      7F0A015C 
 138      F002
 139 020f D9F2753B 		.ascii	"\331\362u;\275\0111\227\200\306\275ZV\034\023\206\251"
 139      BD093197 
 139      80C6BD5A 
 139      561C1386 
 139      A9
 140 0220 B36E3EF9 		.ascii	"\263n>\371\017J\365\243\022c\034\207$\354\203D`\022"
 140      0F4AF5A3 
 140      12631C87 
 140      24EC8344 
 140      6012
 141 0232 014D3136 		.ascii	"\001M16\370`\177\236v\006\250\265\371\361\017GJ_\034"
 141      F8607F9E 
 141      7606A8B5 
 141      F9F10F47 
ARM GAS  C:\Users\Luczia\AppData\Local\Temp\cc0uic1f.s 			page 11


 141      4A5F1C
 142 0245 90952DE8 		.ascii	"\220\225-\350\\\034\326l\034\320t\034\320g}\250\301"
 142      5C1CD66C 
 142      1CD0741C 
 142      D0677DA8 
 142      C1
 143 0256 C100CD30 		.ascii	"\301\000\3150@V\234\231E@\033\020iy\230\310\0179z\006"
 143      40569C99 
 143      45401B10 
 143      697998C8 
 143      0F397A06 
 144 026a 07373E59 		.ascii	"\0077>Y\303;\232\315\240\266(c\004/!\214\233l'\337\240"
 144      C33B9ACD 
 144      A0B62863 
 144      042F218C 
 144      9B6C27DF 
 145 027f ACA5AB0E 		.ascii	"\254\245\253\016\270\221]U\010\201`\374\211\364t\031"
 145      B8915D55 
 145      088160FC 
 145      89F47419 
 146 028f 3F4A41E1 		.ascii	"?JA\341\345B5\230q:CV\203\262\242\372|j\261\354W\003"
 146      E5423598 
 146      713A4356 
 146      83B2A2FA 
 146      7C6AB1EC 
 147 02a5 A1A07C26 		.ascii	"\241\240|&7'+\247\024\035\212\032\360\346]?\351KW\210"
 147      37272BA7 
 147      141D8A1A 
 147      F0E65D3F 
 147      E94B5788 
 148 02b9 A8844AFD 		.ascii	"\250\204J\375I!\325\177\341\352\305\200\252xB\227\224"
 148      4921D57F 
 148      E1EAC580 
 148      AA784297 
 148      94
 149 02ca 6B52C01B 		.ascii	"kR\300\033,)\012\235\375O\240\2674\304\342\344\254\034"
 149      2C290A9D 
 149      FD4FA0B7 
 149      34C4E2E4 
 149      AC1C
 150 02dc 4FB647CE 		.ascii	"O\266G\316\302<9\273X)*\271\342\225\025_\2600\230\227"
 150      C23C39BB 
 150      58292AB9 
 150      E295155F 
 150      B0309897 
 151 02f0 AF28E905 		.ascii	"\257(\351\005$!'\327\343r\037Os\371\203~B3\003(xr\331"
 151      242127D7 
 151      E3721F4F 
 151      73F9837E 
 151      42330328 
 152 0307 200D5522 		.ascii	" \015U\"\004\310o\267lW\341"
 152      04C86FB7 
 152      6C57E1
 153              		.text
 154              		.section	.gnu.lto__port_irq_epilogue.803ee128,"",%progbits
 155 0000 789C9D55 		.ascii	"x\234\235U\335O\024W\024\277g\356\314\354\207\273`\021"
 155      DD4F1457 
ARM GAS  C:\Users\Luczia\AppData\Local\Temp\cc0uic1f.s 			page 12


 155      14BF67EE 
 155      CCEC87BB 
 155      6011
 156 0012 9A36F101 		.ascii	"\2326\361\001\222\356\203\211a4i\323\366\301\207\226"
 156      92EE8389 
 156      613469D3 
 156      F6C18796 
 157 0022 271F481B 		.ascii	"'\037H\033\370\003L;b%\025\226\354\256\015o\014\362"
 157      F8034C3B 
 157      62251596 
 157      ECAE0D6F 
 157      0CF2
 158 0034 B158499B 		.ascii	"\261XI\2334\262\220\315\322\335@R4\015\265\212\025\027"
 158      34B290CD 
 158      D2DD4052 
 158      340DB58A 
 158      1517
 159 0046 51D615F1 		.ascii	"Q\326\025\361\023)\337V,iA\024\020\232\224\032R\214"
 159      1329DF56 
 159      2C694114 
 159      109A941A 
 159      528C
 160 0058 40CFB933 		.ascii	"@\317\2713\202J\265I'\273g\367\236{\356\357w\356\357"
 160      824AB549 
 160      27BB67F7 
 160      9E7BEEEF 
 160      77EEEF
 161 006b 9C7B4765 		.ascii	"\234{Ge\214\305T\306\316\340o\036~\231\223\201\304\360"
 161      8CC554C6 
 161      CEE06F1E 
 161      7E999381 
 161      C4F0
 162 007d 2B71C60C 		.ascii	"+q\306\014\311\216F\346 \243G\226\024\362\250\344Q\300"
 162      C98E46E6 
 162      20A34796 
 162      14F2A8E4 
 162      51C0
 163 008f 861E5558 		.ascii	"\206\036UX\0338\320\332\205u\000 \004\2602\211\313\212"
 163      1B38D0DA 
 163      85750020 
 163      04B03289 
 163      CB8A
 164 00a1 6AB33BA0 		.ascii	"j\263;\240\014j\371Q\016\311\340\375\270\264\255\305"
 164      0C6AF951 
 164      0EC9E0FD 
 164      B8B4ADC5 
 165 00b1 C02751FF 		.ascii	"\300'Q\377\310VmT\275\021A\202\020g\342\2016\330\306"
 165      C8566D54 
 165      BD114182 
 165      1067E281 
 165      36D8C6
 166 00c4 306CE2E4 		.ascii	"0l\342\344J\235[\225M?\234F\006t\366W\376\030\341Gx"
 166      4A9D5B95 
 166      4D3F9C46 
 166      0674F657 
 166      FE18E147 
 167 00d9 8403C838 		.ascii	"\204\003\3108\374\2637<\231BC\0112q\370\345\265{M\251"
ARM GAS  C:\Users\Luczia\AppData\Local\Temp\cc0uic1f.s 			page 13


 167      FCB3373C 
 167      99424309 
 167      3271F8E5 
 167      B57B4DA9 
 168 00ed FC3DA0E5 		.ascii	"\374=\240\345\263]3K.O\263a\0342\022\213\321\264\346"
 168      B35D334B 
 168      2E4FB361 
 168      1C32128B 
 168      D1B4E6
 169 0100 0AE3AA21 		.ascii	"\012\343\252!G8\207v\340\010\011g`+\374\004[\005\345"
 169      47388776 
 169      E0080967 
 169      602BFC04 
 169      5B05E5
 170 0113 3A1B9C05 		.ascii	":\033\234\005\217 \023\316\223\363K\027U\302\370\306"
 170      8F2013CE 
 170      93F34B17 
 170      55C2F8C6 
 171 0123 488C445D 		.ascii	"H\214D]\341c\211\312\314\010\027)\375\373\372J\261\251"
 171      E16389CA 
 171      CC081729 
 171      FDFBFA4A 
 171      B1A9
 172 0135 C563E932 		.ascii	"\305c\3512t\020P\034\324\020\027\351\334?r\371\202\215"
 172      7410501C 
 172      D41017E9 
 172      DC3F72F9 
 172      828D
 173 0147 EF12FF6F 		.ascii	"\357\022\377o\214\316\014KVj\017\032\336\352:;M\014"
 173      8CCE0C4B 
 173      566A0F1A 
 173      DEEA3A3B 
 173      4D0C
 174 0159 80C8D0F9 		.ascii	"\200\310\320\371\312\344\316\023\3469T\342\002&H\006"
 174      CAE4CE13 
 174      E63954E2 
 174      02264806 
 175 0169 15562865 		.ascii	"\025V(e\214\271\362\360^\243\235\007A0\324~\277\360"
 175      8CB9F2F0 
 175      5EA39D07 
 175      4130D47E 
 175      BFF0
 176 017b 03B71850 		.ascii	"\003\267\030P\342\357\254\315\313\320\265\021\037\022"
 176      E2EFACCD 
 176      CBD0B511 
 176      1F12
 177 0189 E0A16C09 		.ascii	"\340\241l\011\375\205=?h\330\321uj:Vn&\267a\333p\021"
 177      FD853D3F 
 177      68D8D175 
 177      6A3A566E 
 177      26B761DB 
 178 019f 3C270694 		.ascii	"<'\006\224\204\261\262\032D\236\364\350\312\364-\317"
 178      84B1B21A 
 178      449EF4E8 
 178      CAF42DCF 
 179 01af EBC0225C 		.ascii	"\353\300\"\\\221\320\250\234\214LF!\243\242\261\271"
 179      91D0A89C 
ARM GAS  C:\Users\Luczia\AppData\Local\Temp\cc0uic1f.s 			page 14


 179      8C4C4621 
 179      A3A2B1B9 
 180 01bf 18E5EB16 		.ascii	"\030\345\353\0266Mpoa\304\234N\021\031L\310\306jD+\034"
 180      364D706F 
 180      61C49C4E 
 180      11194CC8 
 180      C66A442B 
 181 01d4 E6D87C7C 		.ascii	"\346\330||\016*b\177}\315EM0\275x|n\314V\266l\330#\334"
 181      0E2A627F 
 181      7DCD454D 
 181      30BD787C 
 181      6ECC56B6 
 182 01ec 1EA20048 		.ascii	"\036\242\000HB\031\256u\260Y8\364hzyR\245\3100\247f"
 182      4219AE75 
 182      B05938F4 
 182      687A7952 
 182      A5C830A7 
 183 0201 298F771E 		.ascii	")\217w\036U\250;\0240\356T\030)p\011\023\237\205d\207"
 183      55A83B14 
 183      30EE5418 
 183      29700913 
 183      9F856487 
 184 0215 C38C9130 		.ascii	"\303\214\2210&T\225\354\263\2311\004\337\231\354\355"
 184      265495EC 
 184      B3993104 
 184      DF99ECED 
 185 0225 5163F06D 		.ascii	"Qc\360m9\326\021K\355D \350\246\355\342\334H{G\273["
 185      39D6114B 
 185      ED4420E8 
 185      A6EDE2DC 
 185      487B47BB 
 186 023a 6B352ACB 		.ascii	"k5*\313ij\023\\\206\030\324\211L\241\0074\004\256xR"
 186      696A135C 
 186      8618D489 
 186      4CA10734 
 186      04AE7852 
 187 024e 7D5C31A1 		.ascii	"}\\1\241\271\211>\177s\252I&t\025\214\315p\005\201\246"
 187      B9893E7F 
 187      73AA4926 
 187      74158CCD 
 187      700581A6 
 188 0262 A072ECD2 		.ascii	"\240r\354\322\333V\020F\234\230\213/\271\315\010\006"
 188      DB561046 
 188      9C988B2F 
 188      B9CD0806 
 189 0272 572D610F 		.ascii	"W-a\017s\204\345\017\241|\242\255v\261\017\314r\343"
 189      7384E50F 
 189      A17CA2AD 
 189      76B10FCC 
 189      72E3
 190 0284 09A14D85 		.ascii	"\011\241M\205\276\012E\345\254f\210\032\015\230\205"
 190      BE0A45E5 
 190      AC66881A 
 190      0D9885
 191 0293 8B125B9E 		.ascii	"\213\022[\236\250\232t\310\244\3055\310\022\251\366"
 191      A89A74C8 
 191      A4C535C8 
ARM GAS  C:\Users\Luczia\AppData\Local\Temp\cc0uic1f.s 			page 15


 191      12A9F6
 192 02a2 4CB475A8 		.ascii	"L\264u\250\350\201\353 \207\371\026\234\271\201\347"
 192      E881EB20 
 192      87F9169C 
 192      B981E7
 193 02b1 16150ACD 		.ascii	"\026\025\012\315<i\021\355\023\346\351b\002\271\360"
 193      3C6911ED 
 193      13E6E962 
 193      02B9F0
 194 02c0 40F369EC 		.ascii	"@\363i\354\233z$\305\220!'\013\363\014\234\027\361K"
 194      9B7A24C5 
 194      9021270B 
 194      F30C9C17 
 194      F14B
 195 02d2 C9E67E99 		.ascii	"\311\346~\231\3728\314\021)\203|\013\301\343\334\364"
 195      FA38CC11 
 195      29837C0B 
 195      C1E3DCF4 
 196 02e2 B8D049FB 		.ascii	"\270\320I\373\216T\267\016\3565]n\364b\002\203\277w"
 196      8E54B70E 
 196      EE355D6E 
 196      F4620283 
 196      BF77
 197 02f4 8714F39C 		.ascii	"\207\024\363\234\376\266\272\272\232\0127\205\364X\241"
 197      FEB6BABA 
 197      9A0A3785 
 197      F458A1
 198 0303 C62A2745 		.ascii	"\306*'E>+=\337 }l\037\226\024\241\334\320k\211?\024"
 198      3E2B3DDF 
 198      207D6C1F 
 198      9614A1DC 
 198      D06B893F 
 199 0318 BC3DBE09 		.ascii	"\274=\276\011\3057\353\222\002\267\204\370\342\206\351"
 199      C537EB92 
 199      02B784F8 
 199      E286E9
 200 0327 038D6E86 		.ascii	"\003\215n\206\251\307}\016BK\005\214\261\303\317&\341"
 200      A9C77D0E 
 200      424B058C 
 200      B1C3CF26 
 200      E1
 201 0338 42F0FC70 		.ascii	"B\360\374p\272\231\232\202xk\033L\30313\025\036\037"
 201      BA999A82 
 201      786B1B4C 
 201      C3313315 
 201      1E1F
 202 034a 80170E70 		.ascii	"\200\027\016p\375\210S\241\326\264\0160\177\366:\202"
 202      FD8853A1 
 202      D6B40E30 
 202      7FF63A82 
 203 035a 7E3C7603 		.ascii	"~<v\003T\220\001q\376X\013\255n\212\236\372\333\231"
 203      54900171 
 203      FE580BAD 
 203      6E8A9EFA 
 203      DB99
 204 036c 75DAAACA 		.ascii	"u\332\252\312fZ\320:y\316\260\213\252\014ZU\271\033"
 204      665AD03A 
ARM GAS  C:\Users\Luczia\AppData\Local\Temp\cc0uic1f.s 			page 16


 204      79CEB08B 
 204      AA0C5A55 
 204      B91B
 205 037e EE38EAA4 		.ascii	"\3568\352\244\252\014QU\322pf\030\253B\015\336U\367"
 205      AA0C5155 
 205      D2706618 
 205      AB420DDE 
 205      55F7
 206 0390 A699A3FA 		.ascii	"\246\231\243\372|\213\277\026\242\352\300\210h\3614"
 206      7C8BBF16 
 206      A2EAC088 
 206      68F134
 207 039f B379BA61 		.ascii	"\263y\272a=tMB\033v\317\350Z\367\340\345\314q\243\217"
 207      3D744D42 
 207      1B76CFE8 
 207      5AF7E0E5 
 207      CC71A38F 
 208 03b3 838DA331 		.ascii	"\203\215\2431\260\324~N\336\342\377\222\367\266\220"
 208      B0D47E4E 
 208      DEE2FF92 
 208      F7B690
 209 03c2 5722797F 		.ascii	"W\"y\177\021\362>M\252\006W/\2008|\310\002w03bT\237"
 209      11F23E4D 
 209      AA06572F 
 209      80387CC8 
 209      02773033 
 210 03d9 32CEFF5F 		.ascii	"2\316\377_\306\261u\306\273/cD\026\370\325b\304\327"
 210      C6B175C6 
 210      BB2F6344 
 210      16F8D562 
 210      C4D7
 211 03eb 0DA75FBB 		.ascii	"\015\247_\273uG\264\207^rG\320{i\334\272#h\201c\255"
 211      7547B487 
 211      5E7247D0 
 211      7B69DCBA 
 211      23688163 
 212 0400 DD81FD41 		.ascii	"\335\201\375A\3577zj\250\225\360\377;\331\331\032~\364"
 212      EF377A6A 
 212      A895F0FF 
 212      3BD9D91A 
 212      7EF4
 213 0412 FD859F16 		.ascii	"\375\205\237\026z\375;\337\337\251y\375\232\356-*\362"
 213      7AFD3BDF 
 213      DFA979FD 
 213      9AEE2D2A 
 213      F2
 214 0423 166B255E 		.ascii	"\026k%^_\300\257}\220\227\233\223[\212\021\272\327W"
 214      5FC0AF7D 
 214      90979B93 
 214      5B8A11BA 
 214      D757
 215 0435 B0E78B77 		.ascii	"\260\347\213w\213\262u&\353\201\322\022\325W\340?x "
 215      8BB27526 
 215      EB81D212 
 215      D557E03F 
 215      7820
 216 0447 F0E12B10 		.ascii	"\360\341+\020\012J\003\264^\313\311\315\337\235\257"
ARM GAS  C:\Users\Luczia\AppData\Local\Temp\cc0uic1f.s 			page 17


 216      0A4A03B4 
 216      5ECBC9CD 
 216      DF9DAF
 217 0456 E52080B6 		.ascii	"\345 \200\266\273X?ppo\201\246\027\371\013\375{>\323"
 217      BB583F70 
 217      706F81A6 
 217      17F90BFD 
 217      7B3ED3
 218 0469 F5ECFD2C 		.ascii	"\365\354\375,%\340-\371h\337\307>\257\236\037\370D\377"
 218      25E02DF9 
 218      68DFC73E 
 218      AF9E1FF8 
 218      44FF
 219 047b DC959B97 		.ascii	"\334\225\233\227\237\351\331\261=\263\304_\302\370."
 219      9FE9D9B1 
 219      3DB3C45F 
 219      C2F82E
 220 048a 1F73E5E6 		.ascii	"\037s\345\346\347\321`;z\231\344c\377\000#\217H'"
 220      E7D1603B 
 220      7A99E463 
 220      FF00238F 
 220      4827
 221              		.text
 222              		.section	.gnu.lto_.symbol_nodes.803ee128,"",%progbits
 223 0000 789C5DC8 		.ascii	"x\234]\310\273\015\302@\020\204\341\331Y\337\341.\334"
 223      BB0DC240 
 223      1084E1D9 
 223      59DFE12E 
 223      DC
 224 0011 0A54B647 		.ascii	"\012T\266GB\000\001\206\012\220.\340U\001dn\200\234"
 224      42000186 
 224      0A902EE0 
 224      5501646E 
 224      809C
 225 0023 0C89D435 		.ascii	"\014\211\3245 \026,\007\276`\364k\276\010\340\351\003"
 225      20162C07 
 225      BE60F46B 
 225      BE08E0E9 
 225      03
 226 0034 B76240FB 		.ascii	"\267b@\373\000<\267\324\245\350\326\212Ii;1\226\266"
 226      003CB7D4 
 226      A5E8D68A 
 226      49693B31 
 226      96B6
 227 0046 17D3D28E 		.ascii	"\027\323\322\216\264j\264\373r\341r\242\205\211\310"
 227      B46AB4FB 
 227      72E172A2 
 227      8589C8
 228 0055 8516FF02 		.ascii	"\205\026\377\002\244\303\334\341J\233M\340L\253GH\016"
 228      A4C3DCE1 
 228      4A9B4DE0 
 228      4CAB4748 
 228      0E
 229 0066 4A20BF3E 		.ascii	"J \277>\242*C+\305{\3257\0328\374P#\257\177_\2217}\203"
 229      A22A432B 
 229      C57BD537 
 229      1A38FC50 
ARM GAS  C:\Users\Luczia\AppData\Local\Temp\cc0uic1f.s 			page 18


 229      23AF7F5F 
 230 007e 2FD5DF3A 		.ascii	"/\325\337:\015"
 230      0D
 231              		.text
 232              		.section	.gnu.lto_.refs.803ee128,"",%progbits
 233 0000 789C6363 		.ascii	"x\234cc``\340\004b&V&6a&v\021\006\000\001\374\000O"
 233      6060E004 
 233      62265626 
 233      36612676 
 233      11060001 
 234              		.text
 235              		.section	.gnu.lto_.decls.803ee128,"",%progbits
 236 0000 789CBD58 		.ascii	"x\234\275XyL\024Y\032\257W\257\201n\356\2403\353&$k"
 236      794C1459 
 236      1AAF57AF 
 236      816EEEA0 
 236      33EB2624 
 237 0015 1C93E18F 		.ascii	"\034\223\341\217\035\021\307\315\270\233\315f\020u\364"
 237      1D11C7CD 
 237      B89BCD66 
 237      1075F4
 238 0024 0F774D33 		.ascii	"\017wM33\331\203\244\207iz\224]\240\265\273\331\321"
 238      33D983A4 
 238      87697A94 
 238      5DA0B5BB 
 238      D9D1
 239 0036 6CB25308 		.ascii	"l\262S\010\214(\036\250\214r\250\240\340\015\212\007"
 239      8C281EA8 
 239      8C72A8A0 
 239      E00D8A07 
 240 0046 88A272C9 		.ascii	"\210\242r\311\251\240\242\202 \310!\002\"\002\342\215"
 240      A9A0A282 
 240      20C82102 
 240      2202E28D 
 241 0056 08FBBDF7 		.ascii	"\010\373\275\367\252\272\212\022\234\331\311f+~]|\257"
 241      AABA8A12 
 241      9CD9C966 
 241      2B7E5D7C 
 241      AF
 242 0067 BEF7FBCE 		.ascii	"\276\367\373\316\367\325W:r\034\367\3314\216\033\306"
 242      F7D5573A 
 242      721CF7D9 
 242      348E1BC6 
 243 0077 1CF76B9E 		.ascii	"\034\367k\236\343\306\340r\202\265bN\276t@\005@\027"
 243      E3C6E072 
 243      82B5624E 
 243      BE744005 
 243      4017
 244 0089 800AC567 		.ascii	"\200\012\305g\245@e@\025@U@\327\271\267\257o\021\307"
 244      A5406540 
 244      15405540 
 244      D7B9B7AF 
 244      6F11C7
 245 009c 39C2FD2B 		.ascii	"9\302\375+ /\240\251@M@\035@\335\242\014/b?\232`\377"
 245      202FA0A9 
 245      404D401D 
 245      40DDA20C 
ARM GAS  C:\Users\Luczia\AppData\Local\Temp\cc0uic1f.s 			page 19


 245      2F623F9A 
 246 00b2 BF7EE2FE 		.ascii	"\277~\342\376\013\223\354\377\016\366cq\177?\3209\305"
 246      0B93ECFF 
 246      0EF66371 
 246      7F3FD039 
 246      C5
 247 00c3 9E4251AF 		.ascii	"\236BQ\257\372\212~\307\236bQ\227\372Z\007{\234Uv:#"
 247      FA8A7EC7 
 247      9E625197 
 247      FA5A077B 
 247      9C55763A 
 248 00d8 66EB8740 		.ascii	"f\353\207@\356\210\331\254\304\323p,\206^\360\354=\304"
 248      EE88D9AC 
 248      C4D3702C 
 248      865EF0EC 
 248      3DC4
 249 00ea B0E1C6BD 		.ascii	"\260\341\306\275\217\306c\307\003?e\022\354\010\304"
 249      8FC663C7 
 249      033F6512 
 249      EC08C4
 250 00f9 F0AF28B0 		.ascii	"\360\257(\260\303`m\016b:\235\200\206`\315 \306\314"
 250      C3606D0E 
 250      623A9D80 
 250      8660CD20 
 250      C6CC
 251 010b 0CFC358E 		.ascii	"\014\3745\216\371\367W\022[ \004\244\345X.\211-$.\304"
 251      F9F75712 
 251      5B2004A4 
 251      E5582E89 
 251      2D242EC4 
 252 011f 1E924F29 		.ascii	"\036\222O)\267\305\242\377+a}\225\312\276D\214\216n"
 252      B7C5A2FF 
 252      2B617D95 
 252      CABE448C 
 252      8E6E
 253 0131 BBB753D3 		.ascii	"\273\267S\323\212Z\310\023\344\211\010\242J\210\362"
 253      8A5AC813 
 253      E48908A2 
 253      4A88F2
 254 0140 63D2256A 		.ascii	"c\322%j%\240Hz\310\244\324\333\3503\304\210\347dYy\207"
 254      25A0487A 
 254      C8A4D4DB 
 254      E833C488 
 254      E7645979 
 255 0155 0255B119 		.ascii	"\002U\261\031\321\213\243\246(m\241\226\211\346!Y=\262"
 255      D18BA3A6 
 255      286DA196 
 255      89E62159 
 255      3DB2
 256 0167 CB48F20A 		.ascii	"\313H\362\012Td\337\364\266ub,I\020n\365m<\346\332\206"
 256      5464DFF4 
 256      B675622C 
 256      49106EF5 
 256      6D3CE6DA 
 257 017c EE82E85F 		.ascii	"\356\202\350_8.A\033\216\310\352\201\027/\343\3351O"
 257      382E411B 
 257      8EC8EA81 
ARM GAS  C:\Users\Luczia\AppData\Local\Temp\cc0uic1f.s 			page 20


 257      172FE3DD 
 257      314F
 258 018e FFCE595F 		.ascii	"\377\316Y_\225\342\201]\351\337\257\326\245\3469\316"
 258      95E2815D 
 258      E9DFAFD6 
 258      A5E639CE 
 259 019e CA12D8A5 		.ascii	"\312\022\330\245]\2179\224\207\260\024\320\262\261\027"
 259      5D8F3994 
 259      87B014D0 
 259      B2B117
 260 01ad 451EF118 		.ascii	"E\036\361\030y9#\036\330\272\301+\273]\200\235\352\214"
 260      7939231E 
 260      D8BAC12B 
 260      BB5D809D 
 260      EA8C
 261 01bf 3C81CDDA 		.ascii	"<\201\315\3328\226\3500m\007\331\230\020-x\362\350\253"
 261      3896E830 
 261      6D07D998 
 261      102D78F2 
 261      E8AB
 262 01d1 F7D159E4 		.ascii	"\367\321Y\344\215\362\2217\030y\016\301aF\021\032\206"
 262      8DF29137 
 262      18790EC1 
 262      6146111A 
 262      86
 263 01e2 949F1077 		.ascii	"\224\237\020w\315cF\272PT$\0245$\373\244F\307o\022\322"
 263      CD6346BA 
 263      50542414 
 263      3524FBA4 
 263      46C76F12 
 264 01f7 D1622285 		.ascii	"\321b\"\205r\021Fg\320,\342q.\321\215N\2436\204N\241"
 264      72114667 
 264      D02CE271 
 264      2ED18D4E 
 264      A336844E 
 265 020c 5670A100 		.ascii	"Vp\241\000\315\200\335mi\335\333\335\260\200\250\311"
 265      CD80DD6D 
 265      69DDDBDD 
 265      B080A8C9 
 266 021c A5291917 		.ascii	"\245)\031\027\234D\250\272=8E(Z+\010\351<\205:/C\235"
 266      9C44A8BA 
 266      3D384528 
 266      5A2B08E9 
 266      3C853A2F 
 267 0232 57435DA0 		.ascii	"WC]\240P\245\317\353\263\235\360F\006\325\032Wh\023"
 267      50A5CFEB 
 267      B39DF046 
 267      06D51A57 
 267      6813
 268 0244 91AA0F8D 		.ascii	"\221\252\017\215G\272(#]T#\025R\244\252\316\354\022"
 268      47BA2823 
 268      5D542315 
 268      52A4AACE 
 268      EC12
 269 0256 779CC690 		.ascii	"w\234\306\220\016\014\276\331\244\025\241:\016\217\207"
 269      0E0CBED9 
 269      A415A13A 
ARM GAS  C:\Users\Luczia\AppData\Local\Temp\cc0uic1f.s 			page 21


 269      0E8F87
 270 0265 2A92A18A 		.ascii	"*\222\241\212\324P\305\024\352P\331\323\375\030\237"
 270      D450C514 
 270      EA50D9D3 
 270      FD189F
 271 0274 66507B2F 		.ascii	"fP{/\254\335\211\000*\035\240*\362\347u\237\026\204"
 271      ACDD8900 
 271      2A1DA02A 
 271      F2E7759F 
 271      1684
 272 0286 5808B186 		.ascii	"X\010\261\206b\225\310X%j\254R\212\325:\370\244\302"
 272      6295C858 
 272      256AAC52 
 272      8AD53AF8 
 272      A4C2
 273 0298 053F6758 		.ascii	"\005?gX\335{\333\263\334D\254\272_1\253\004f\325%\031"
 273      DD7BDBB3 
 273      DC44ACBA 
 273      5F31AB04 
 273      66D52519 
 274 02ac E9921AA9 		.ascii	"\351\222\032\251\214\"=\2529y\322\003\257gEs+\356L\036"
 274      8C223DAA 
 274      3979D203 
 274      AF674573 
 274      2BEE4C1E 
 275 02c0 71B04D20 		.ascii	"q\260M \011\234;\232\323#\3049\323,\243r\031\251\\\254"
 275      099C3B9A 
 275      D323C439 
 275      D32CA372 
 275      19A95CAC 
 276 02d4 1D544111 		.ascii	"\035TA\021\332\333\366\017\271\3404\206\320\022\273"
 276      DADBF60F 
 276      B9E03486 
 276      D012BB
 277 02e3 6DC44344 		.ascii	"m\304CD\030\372w\212P\302\354\250\224wWJ\273\253\350"
 277      18FA778A 
 277      50C2ECA8 
 277      9477574A 
 277      BBABE8
 278 02f6 EEF4A4E7 		.ascii	"\356\364\244\347\017\034\361)\266\273\246\354F\222\023"
 278      0F1CF129 
 278      B6BBA6EC 
 278      469213
 279 0305 AEA18C26 		.ascii	"\256\241\214&\365R^\277\013\322y#\2506\344\263N\020"
 279      F5525EBF 
 279      0BD27923 
 279      A836E4B3 
 279      4E10
 280 0317 C0ADE804 		.ascii	"\300\255\350\004O\260\374co4\333\233CW\221\017\272\202"
 280      4FB0FC63 
 280      6F34DB9B 
 280      4357910F 
 280      BA82
 281 0329 E075816A 		.ascii	"\340u\201j@\244\026\0122E\320\322\225\024!N\020<\351"
 281      40A4160A 
 281      3245D0D2 
 281      9514214E 
ARM GAS  C:\Users\Luczia\AppData\Local\Temp\cc0uic1f.s 			page 22


 281      103CE9
 282 033c 9F07A4AA 		.ascii	"\237\007\244\252\347\010\213.\213\332Y\301\216\225\017"
 282      E7088B2E 
 282      8BDA59C1 
 282      8E950F
 283 034b 666995C5 		.ascii	"fi\225\305MD\344\352\2766\256\272\037u\357\336\257\023"
 283      4D44E4EA 
 283      BE36AEBA 
 283      1F75EFDE 
 283      AF13
 284 035d 5DBBD3F4 		.ascii	"]\273\323\364\373\341\323B\214\003\021A\325\262s\325"
 284      FBE1D342 
 284      8C031141 
 284      D5B273D5 
 285 036d 9273D7A9 		.ascii	"\222s\327\251s-\225\207\217b8K\037:#r\274=`\351x\337"
 285      732D9587 
 285      8F62384B 
 285      1F3A2372 
 285      BC3D60E9 
 286 0383 D9576E6C 		.ascii	"\331Wnl\211\200\326m\031\312t\302#\314\375\35319\273"
 286      8980D66D 
 286      19CA74C2 
 286      23CCFDEB 
 286      3139BB
 287 0396 303B891A 		.ascii	"0;\211\032`\037\327\244\334sg'qz\"\346[\033_7\273#g"
 287      601FD7A4 
 287      DC736727 
 287      717A22E6 
 287      5B1B5F37 
 288 03ad 9F381289 		.ascii	"\2378\022\211\364hA\267\230C\365`\353-\260\025\335\206"
 288      F46841B7 
 288      9843F560 
 288      EB2DB015 
 288      DD86
 289 03bf 58002431 		.ascii	"X\000$1\003\335\200\305:X\244\256\027\215\365\374!y"
 289      03DD80C5 
 289      3A58A4AE 
 289      178DF5FC 
 289      2179
 290 03d1 4810A6A3 		.ascii	"H\020\246\243\006\344\214n\312\246~\350\314\334:\234"
 290      06E48C6E 
 290      CAA67EE8 
 290      CCDC3A9C 
 291 03e1 B9759F23 		.ascii	"\271u\237#\356\307\304\002\276 \365~\031?\231\216;\223"
 291      EEC7C402 
 291      BE20F57E 
 291      193F998E 
 291      3B93
 292 03f3 EB189D51 		.ascii	"\353\030\235Q\036Kj\256\011t4\312:@%\271\301*(\332:"
 292      1E4B6AAE 
 292      097434CA 
 292      3A4025B9 
 292      C12A28DA 
 293 0408 38B4DDD1 		.ascii	"8\264\335\3219\216l\240\310\304M\011\233C\315D\024\371"
 293      398E6CA0 
 293      C8C44D09 
 293      9B43CD44 
ARM GAS  C:\Users\Luczia\AppData\Local\Temp\cc0uic1f.s 			page 23


 293      14F9
 294 041a D2CC924A 		.ascii	"\322\314\222J|ya\330\025\337\320\320J\310\212>2\250"
 294      7C7961D8 
 294      15DFD0D0 
 294      4AC88A3E 
 294      32A8
 295 042c 413EAC12 		.ascii	"A>\254\022\234\025\031m\007u-rFi\332\007\277#\313\264"
 295      9C15196D 
 295      07752D72 
 295      4669DA07 
 295      BF23CBB4 
 296 0440 14C89D7A 		.ascii	"\024\310\235z\"d\010x\232\275n\356\202\037\355T]\033"
 296      22640878 
 296      9ABD6EEE 
 296      821FED54 
 296      5D1B
 297 0452 00B622AA 		.ascii	"\000\266\"\252pmA\377k\215W\002-\005A\370\024Ql\271"
 297      706D41FF 
 297      6B8D5702 
 297      2D0541F8 
 297      14516CB9 
 298 0466 143A9097 		.ascii	"\024:\220\227d$e`G\347\353\354s\356,[\216\300\026^\211"
 298      64246560 
 298      47E7EBEC 
 298      73EE2C5B 
 298      8EC0165E 
 299 047b 39EF32A9 		.ascii	"9\3572\251{\235\222{\367\230\272\247\033b_\210\251v"
 299      7B9D927B 
 299      F798BAA7 
 299      1B625F88 
 299      A976
 300 048d 22BDA16B 		.ascii	"\"\275\241k\327fW\226\352y\344\035\327\221x\031\251"
 300      D7665796 
 300      EA79E41D 
 300      D7917819 
 300      A9
 301 049e 8DE902B0 		.ascii	"\215\351\002\260\373\024\254\233\032\323\311\214\351"
 301      FB14AC9B 
 301      1AD3C98C 
 301      E9
 302 04ab A6C63474 		.ascii	"\246\3064t\225\204\340\3334\\\350H\366\236\034w\334"
 302      9584E0DB 
 302      345CE848 
 302      F69E1C77 
 302      DC
 303 04bc C598F892 		.ascii	"\305\230\370\222\322]\216\032\236C\017h\234`\245\342"
 303      D25D8E1A 
 303      9E430F68 
 303      9C60A5E2 
 304 04cc 506E3182 		.ascii	"Pn1\202\025\232\027R\335\260\266\363\306\276sn\223v"
 304      159A1752 
 304      DDB0B6F3 
 304      C6BE736E 
 304      9376
 305 04de F93E7A0E 		.ascii	"\371>z\016\036\"\361 \014\247e\267\363b\033\354\336"
 305      1E22F120 
 305      0CA765B7 
ARM GAS  C:\Users\Luczia\AppData\Local\Temp\cc0uic1f.s 			page 24


 305      F3621BEC 
 305      DE
 306 04ef 83EF0C6C 		.ascii	"\203\357\014l\2066\037%|Z\311\023I\324#\345\037\365"
 306      86361F25 
 306      7C5AC913 
 306      49D423E5 
 306      1FF5
 307 0501 220DE1C6 		.ascii	"\"\015\341\306\267\235G\364d\244\215\274Nvw\335`/3\332"
 307      B79D47F4 
 307      64A48DBC 
 307      4E7677DD 
 307      602F33DA 
 308 0515 25E470F5 		.ascii	"%\344p\365#Wz\214\340\016\302\3751\367\333\\X\260\246"
 308      23577A8C 
 308      E00EC2FD 
 308      31F7DB5C 
 308      58B0A6
 309 0528 011B959B 		.ascii	"\001\033\225\233\261\305\025\237q\240\376\2455?\206"
 309      B1C5159F 
 309      71A0FEA5 
 309      353F86
 310 0537 567F9E32 		.ascii	"V\177\2362|\375XO\2173r\365Q\340\202#\366\002~\002\211"
 310      7CFD584F 
 310      8F3372F5 
 310      51E08223 
 310      F6027E02 
 311 054c 37B88AC5 		.ascii	"7\270\212\305\311*w \037\327\334[G\032\357\020rE\217"
 311      C92A7720 
 311      1FD7DC5B 
 311      471AEF10 
 311      72458F
 312 055f E5D235B8 		.ascii	"\345\3225\2702gw\354<r[\207_0e\322\273\321\213\275\033"
 312      326777EC 
 312      3C725B87 
 312      5F3065D2 
 312      BBD18BBD 
 313 0574 1FEE6A6A 		.ascii	"\037\356jjr\305\303\354\331\251\212\307\025:\034\345"
 313      72C5C3EC 
 313      D9A98AC7 
 313      153A1CE5 
 314 0584 48999482 		.ascii	"H\231\224\202\247\325\016LP\013l\343\265\034x1\307\262"
 314      A7D50E4C 
 314      500B6CE3 
 314      B51C7831 
 314      C7B2
 315 0596 67DF6794 		.ascii	"g\337g\224\276r\303q\2149\324\333:\202q<c^\237-\023"
 315      BE72C371 
 315      8C39D4DB 
 315      3A82713C 
 315      635E9F2D 
 316 05ab B4783363 		.ascii	"\264x3c\016V4Vx\340\255\214\221Z\201\027m\005\350XO"
 316      0E563456 
 316      78E0AD8C 
 316      915A8117 
 316      6D05E858 
 317 05c0 E12E6756 		.ascii	"\341.gV.\002\274\263\235\177\250\315_\215f\222\313g"
 317      2E02BCB3 
ARM GAS  C:\Users\Luczia\AppData\Local\Temp\cc0uic1f.s 			page 25


 317      9D7FA8CD 
 317      5F8D6692 
 317      CB67
 318 05d2 E6949933 		.ascii	"\346\224\2313\367\021\367I\003\277Z\327#\010\333\\\251"
 318      F711F749 
 318      03BF5AD7 
 318      2308DB5C 
 318      A9
 319 05e3 6FC3E0DB 		.ascii	"o\303\340\333:~\212\034\215\2274\322~\360\303\261\015"
 319      3A7E8A1C 
 319      8D9734D2 
 319      7EF0C3B1 
 319      0D
 320 05f4 D57F8677 		.ascii	"\325\177\206wG\014\246\322O\325\322\003j\351\241?\311"
 320      470CA6D2 
 320      4FD5D203 
 320      6AE9A13F 
 320      C9
 321 0605 D2AF26C6 		.ascii	"\322\257&\306\256G\262x\207B\374\265Z\334W-\335\244"
 321      AE47B278 
 321      8742FCB5 
 321      5ADC572D 
 321      DDA4
 322 0617 901E9950 		.ascii	"\220\036\231P\232Z\302rX\177\3253J\200\271\001\2048"
 322      9A5AC272 
 322      587FD533 
 322      4A80B901 
 322      8438
 323 0629 317D9C1D 		.ascii	"1}\234\035\251\376\266\327\276h\241r6\205\032\234\330"
 323      A9FEB6D7 
 323      BE68A172 
 323      36851A9C 
 323      D8
 324 063a 2BA679AB 		.ascii	"+\246y\253x\334\004\250s4\006\022\243D\342\215\270\005"
 324      78DC04A8 
 324      73340612 
 324      A344E28D 
 324      B805
 325 064c 70512CEF 		.ascii	"pQ,\357\203b\370\231(\032H\000Z\013\264\036(\016(\012"
 325      8362F899 
 325      281A4800 
 325      5A0BB41E 
 325      280E280A 
 326 0660 E87B7EA6 		.ascii	"\350{~\246Bs\211\"\234\317\325\212\237\275\025\240a"
 326      42738922 
 326      9CCFD58A 
 326      9FBD15A0 
 326      61
 327 0671 85CB2F26 		.ascii	"\205\313/&\026\247>C\372G\223\2057.\312\303\243\224"
 327      16A73E43 
 327      FA479385 
 327      372ECAC3 
 327      A394
 328 0683 E5D0069E 		.ascii	"\345\320\006\236\035\036\270\203p\322\367\315'5\223"
 328      1D1EB883 
 328      70D2F7CD 
 328      273593
ARM GAS  C:\Users\Luczia\AppData\Local\Temp\cc0uic1f.s 			page 26


 329 0692 F6A5785E 		.ascii	"\366\245x^\354K\371\254/\225\014\345\034te\205\206\025"
 329      EC4BF9AC 
 329      2F950CE5 
 329      1C746585 
 329      8615
 330 06a4 276F2A3B 		.ascii	"'o*;y)\335Gs\336\352K\233xo\264\221'`\233y/\011\222"
 330      7929DD47 
 330      73DEEA4B 
 330      9B786FB4 
 330      9127609B 
 331 06bc 32B0A3BE 		.ascii	"2\260\243\276\271.I\207w;N\322\213\272\266\364\024k"
 331      B92E4987 
 331      773B4ED2 
 331      8BBAB6F4 
 331      146B
 332 06ce 947DA769 		.ascii	"\224}\247i\\\327\335\312+_\300\267\333^L\223\333\316"
 332      5CD7DDCA 
 332      2B5FC0B7 
 332      DB5E4C93 
 332      DBCE
 333 06e0 40F7167B 		.ascii	"@\367\026{\333\0019\264\205\227\332N\002\257!\334\370"
 333      DB0139B4 
 333      8597DA4E 
 333      02AF21DC 
 333      F8
 334 06f1 B6B38D27 		.ascii	"\266\263\215'm\247\357@\203'>8\2315\017/^\275.5\266"
 334      6DA7EF40 
 334      83273E38 
 334      99350F2F 
 334      5EBD2E35 
 335 0706 FEEAF733 		.ascii	"\376\352\3673\242\205C`W&\242mm\273\035?\021\360\267"
 335      A2854360 
 335      5726A26D 
 335      6DBB1D3F 
 335      11F0B7
 336 0719 ABF17FA0 		.ascii	"\253\361\177\240\370\351Bj\272\307\007{iY\366\027\362"
 336      F8E9426A 
 336      BAC7077B 
 336      6959F617 
 336      F2
 337 072a 429C161A 		.ascii	"B\234\026\032\020\035\332\330X\260\203\377\200\314\324"
 337      101DDAD8 
 337      58B083FF 
 337      80CCD4
 338 0739 3515CD62 		.ascii	"5\025\315b\363\217Cd\014y\320\230\241c\374 =\355#\273"
 338      F38F4364 
 338      0C79D098 
 338      A163FC20 
 338      3DED23BB 
 339 074d CF88FC54 		.ascii	"\317\210\374T`\337\264&$8\261$\244\023\361\366\226\356"
 339      60DFB426 
 339      2438B124 
 339      A413F1F6 
 339      96EE
 340 075f 0DEEF804 		.ascii	"\015\356\370\004\363\242/)>\332c\322\364\356\222\322"
 340      F3A22F29 
 340      3EDA63D2 
ARM GAS  C:\Users\Luczia\AppData\Local\Temp\cc0uic1f.s 			page 27


 340      F4EE92D2 
 341 076f 7B8BA5F7 		.ascii	"{\213\245\367f\313\375\035\256r\00254\336)\220\300d"
 341      66CBFD1D 
 341      AE720235 
 341      34DE2990 
 341      C064
 342 0781 9AC0DD34 		.ascii	"\232\300\3354\201t\023{'6n\025\277\014\332\010\237["
 342      8174137B 
 342      27366E15 
 342      BF0CDA08 
 342      9F5B
 343 0793 D7F05C87 		.ascii	"\327\360\\\207\013\230\342\306\035\033\372\034\210\342"
 343      0B98E2C6 
 343      1D1BFA1C 
 343      88E2
 344 07a1 68501CF7 		.ascii	"hP\034\367\243\203\002\354\310\354:1\240S*O\347\337"
 344      A38302EC 
 344      C8EC3A31 
 344      A0532A4F 
 344      E7DF
 345 07b3 A1FC46D7 		.ascii	"\241\374F\327\336\030\261\022\257\021>\257\253\252\\"
 345      DE18B112 
 345      AF113EAF 
 345      ABAA5C
 346 07c2 EA79240A 		.ascii	"\352y$\012\005\345uU\010\0271c\332\022"
 346      05E57555 
 346      08173163 
 346      DA12
 347 07d0 4AC7268F 		.ascii	"J\307&\217\302~)\012\244LA\372YB\316\"u\0202\300\016"
 347      C27E290A 
 347      A44C41FA 
 347      5942CE22 
 347      751032C0 
 348 07e5 76CA0E50 		.ascii	"v\312\016P;\366Kv$\357\356=\306\253\255\236T:\276,\267"
 348      3BF64B76 
 348      24EFEE3D 
 348      C6ABAD9E 
 348      543ABE2C 
 349 07fa 5C4C6D25 		.ascii	"\\Lm%-\360\321S\325N\270\214Y\271}\333\313j-\256b\314"
 349      2DF0D153 
 349      D54EB88C 
 349      59B97DDB 
 349      CB6A2DAE 
 350 0810 99FEA367 		.ascii	"\231\376\243g\334\230d\221\222\237*\362O\216\016\356"
 350      DC986491 
 350      929F2AF2 
 350      4F8E0EEE 
 351 0820 77C435A2 		.ascii	"w\3045\242pn\306\200Vmr\026\030\301\032\3551^\236NH"
 351      706EC680 
 351      566D7216 
 351      18C11AED 
 351      315E9E4E 
 352 0835 68A2326F 		.ascii	"h\2422oa\265\311\223JK\263\207\027\233=\222^\355\355"
 352      61B5C993 
 352      4A4BB387 
 352      179B3D92 
 352      5EEDED
ARM GAS  C:\Users\Luczia\AppData\Local\Temp\cc0uic1f.s 			page 28


 353 0848 75C3D799 		.ascii	"u\303\327\231\336\244\272\023\013\245\034\377\3700H"
 353      DEA4BA13 
 353      0BA51CFF 
 353      F83048
 354 0857 86E4FE91 		.ascii	"\206\344\376\221\343\356\270\236\355.8s\276\\|\013\316"
 354      E3EEB89E 
 354      ED2E3873 
 354      BE5C7C0B 
 354      CE
 355 0868 26534D56 		.ascii	"&SMVq\255\013\276\303\236\215$\244\235\322\341v\306"
 355      71AD0BBE 
 355      C39E8D24 
 355      A49DD2E1 
 355      76C6
 356 087a A43E6979 		.ascii	"\244>iy \026\274\017iB\031{\266\351p\027{6\226\020\227"
 356      2016BC0F 
 356      6942197B 
 356      B6E97017 
 356      7B369610 
 357 088f EC841F32 		.ascii	"\354\204\0372&\26161\303\005\017\212\257\313\236\304"
 357      26B13631 
 357      C3050F8A 
 357      AFCB9EC4 
 358 089f 46C476B9 		.ascii	"F\304v\271*\252u\252X\255\307\236o\336\011\337HL\266"
 358      2AAA75AA 
 358      58ADC79E 
 358      6FDE09DF 
 358      484CB6
 359 08b2 A131E6AC 		.ascii	"\2411\346\254(\353\002lt\326\305<\207I\353\245P\252"
 359      28EB026C 
 359      74D6C53C 
 359      8749EBA5 
 359      50AA
 360 08c4 978BAC5E 		.ascii	"\227\213\254^\216\307v\036\326\302fo\030\343\221b\206"
 360      8EC7761E 
 360      D6C2666F 
 360      18E39162 
 360      86
 361 08d5 F76633FC 		.ascii	"\367f3\374\351\242'\331\032<L\025\361'\262;\377\216"
 361      E9A227D9 
 361      1A3C4C15 
 361      F127B23B 
 361      FF8E
 362 08e7 7C9CA5D9 		.ascii	"|\234\245\331{V\354:2\027_\202\004\224\360\366\341\302"
 362      7B56EC3A 
 362      32175F82 
 362      0494F0F6 
 362      E1C2
 363 08f9 9B847E82 		.ascii	"\233\204~\202\311\264\024^0\336bP\213!_EL\377\341\264"
 363      C9B4145E 
 363      30DE6250 
 363      8B215F45 
 363      4CFFE1B4 
 364 090d 4397DC70 		.ascii	"C\227\334p\214\023Up7{\240\026\313\032Fg\234\242\223"
 364      8C135570 
 364      377BA016 
 364      CB1A4667 
ARM GAS  C:\Users\Luczia\AppData\Local\Temp\cc0uic1f.s 			page 29


 364      9CA293
 365 0920 77056828 		.ascii	"w\005h(\2235\\\342'QQ>\261\212M\3072\013\035\225\235"
 365      93355CE2 
 365      2751513E 
 365      B18A4DC7 
 365      320B1D95 
 366 0935 9DE09D87 		.ascii	"\235\340\235\207\347\005\364lV\322\222)\2647\206K\353"
 366      E705F46C 
 366      56D29229 
 366      B437864B 
 366      EB
 367 0946 1F225617 		.ascii	"\037\"V\027?\011\275\266+\376\252\213\022\275\352]\350"
 367      3F09BDB6 
 367      2BFEAA8B 
 367      12BDEA5D 
 367      E8
 368 0957 17EA9A3F 		.ascii	"\027\352\232?\305\033\251\267\350Yms;\302\011\214\211"
 368      C51BA9B7 
 368      E8596D73 
 368      3BC2098C 
 368      89
 369 0968 B95C75D0 		.ascii	"\271\\u\320\011'2\246\357pM\245#NaLg\327p>\306i\214"
 369      092732A6 
 369      EF704DA5 
 369      234E614C 
 369      67D7703E 
 370 097f 39D0B76F 		.ascii	"9\320\267o\223\016g\212{:\373k\305\221m#\311\335\353"
 370      930E678A 
 370      7B3AFB6B 
 370      C5916D23 
 370      C9DDEB
 371 0992 C1BC9B52 		.ascii	"\301\274\233R\225\220\321\254\367\331\3751->B\205\177"
 371      9590D1AC 
 371      F7D9FD31 
 371      2D3E4285 
 371      7F
 372 09a3 71A2EE4A 		.ascii	"q\242\356J\272\216\014RSf\312\227\217x\337'$F\301\307"
 372      BA8E0C52 
 372      5366CA97 
 372      8F78DF27 
 372      2446C1C7 
 373 09b7 7A3F4EBD 		.ascii	"z?N\275Z\015eS\202\320A\336\013eB\314\033\340\365+u"
 373      5A0D6553 
 373      82D041DE 
 373      0B6542CC 
 373      1BE0F52B 
 374 09cc 04B48F57 		.ascii	"\004\264\217W\014J1\260\243d5\374DaT\015\322\027Di\311"
 374      0C4A31B0 
 374      A36435FC 
 374      4461540D 
 374      D2174469 
 375 09e1 F7F16355 		.ascii	"\367\361cUb4|\300\257ac\0009\262\207Ei\373\241;\304"
 375      62347CC0 
 375      AF616300 
 375      39B28745 
 375      69FBA13B 
 376 09f6 4F32AED4 		.ascii	"O2\256\324\001\336u\372\260A\234U\356A&\272`&i\002\352"
ARM GAS  C:\Users\Luczia\AppData\Local\Temp\cc0uic1f.s 			page 30


 376      01DE75FA 
 376      B0419C55 
 376      EE4126BA 
 376      60266902 
 377 0a0b 047A00D4 		.ascii	"\004z\000\324\014\324\002t\013\350>P7P\033P\007P;\320"
 377      0CD40274 
 377      0BE83E50 
 377      37501B50 
 377      07503BD0 
 378 0a1f 6DA01EA0 		.ascii	"m\240\036\240^\240;@\365@7\201\032\201Z\201\356\332"
 378      5EA03B40 
 378      F5403781 
 378      1A815A81 
 378      EEDA
 379 0a31 E79B18B0 		.ascii	"\347\233\030\260th5\263\364$XzJmi\2162\012$n\035k\242"
 379      746835B3 
 379      F424587A 
 379      4A6D698E 
 379      320A246E 
 380 0a48 A8F45E88 		.ascii	"\250\364^\210B\232(-\365~\264g\\\314\000\273\311,c_"
 380      429A282D 
 380      F57EB467 
 380      5CCC00BB 
 380      C92C635F 
 381 0a5c 55638F9B 		.ascii	"Uc\217\233\026I\314\252\0251;2q\314\024\330C\012\354"
 381      1649CCAA 
 381      15313B32 
 381      71CC14D8 
 381      430AEC
 382 0a6f 2B6AE967 		.ascii	"+j\351gH%=\254\220\276<\261\264d\012\005_#\213\337P"
 382      48253DAC 
 382      90BE3CB1 
 382      B4640A05 
 382      5F238BDF 
 383 0a84 8BEF549A 		.ascii	"\213\357T\232BNo\257\030\024x\365\241TuP\222x5x\223"
 383      424E6FAF 
 383      181478F5 
 383      A1547550 
 383      92783578 
 384 0a99 22E2F96A 		.ascii	"\"\342\371j\3603o\211\367*\304s\325\342\247\337\022"
 384      F0336F89 
 384      F72AC473 
 384      D5E2A7DF 
 384      12
 385 0aaa EF5088E7 		.ascii	"\357P\210\347M,\256\030\272\313\007\274\350\320\335"
 385      4D2CAE18 
 385      BACB07BC 
 385      E8D0DD
 386 0ab9 A01EBA09 		.ascii	"\240\036\272\011T\327\300T6t\023\254Z5\326Ku\214\253"
 386      54D7C054 
 386      367413AC 
 386      5A35D64B 
 386      758CAB
 387 0acc 159ACFA9 		.ascii	"\025\232\317\251\245G\221:\335uf9\335\327&,\016\005"
 387      A547913A 
 387      DD756639 
 387      DDD7262C 
ARM GAS  C:\Users\Luczia\AppData\Local\Temp\cc0uic1f.s 			page 31


 387      0E05
 388 0ade 769D02FB 		.ascii	"v\235\002\373\354\3041Sf[!}b\342\232\036\027aEq\324"
 388      ECC43153 
 388      665B217D 
 388      62E29A1E 
 388      17614571 
 389 0af3 4CECA6DD 		.ascii	"L\354\246\335p\322\011\304t\037\207tg\213\342\322k\031"
 389      70D209C4 
 389      741F8774 
 389      678BE2D2 
 389      6B19
 390 0b05 1D956D21 		.ascii	"\035\225m!\035\263\365\207Z\015\036b-\277\345\301\351"
 390      1DB3F587 
 390      5A0D1E62 
 390      2DBFE5C1 
 390      E9
 391 0b16 781734C5 		.ascii	"x\0274\305g\302#\217\036\301I\377\177\234z\226\367\321"
 391      67C2238F 
 391      1EC149FF 
 391      7F9C7A96 
 391      F7D1
 392 0b28 578E82A0 		.ascii	"W\216\202\240E}\240\360\241\374\272!U@\355\316\350\352"
 392      457DA0F0 
 392      A1FCBA21 
 392      5540EDCE 
 392      E8EA
 393 0b3a 28D5283F 		.ascii	"(\325(?M\372\306}\232\364\213\237&\375\364\323\344F"
 393      4DFAC67D 
 393      9AF48B9F 
 393      26FDF4D3 
 393      E446
 394 0b4c CD8334AC 		.ascii	"\315\2034\254\024\2766\356?\001\006D\341\001*\234\223"
 394      14BE36EE 
 394      3F010644 
 394      E1012A9C 
 394      93
 395 0b5d 9A74D35D 		.ascii	"\232t\323]\034\255a\374\177sPH\237N\207\3532i\270\036"
 395      1CAD61FC 
 395      7F735048 
 395      9F4E87EB 
 395      3269B81E 
 396 0b71 A4C37572 		.ascii	"\244\303ur\316\235J\235(W\232?/KH\360\034/\366\230\377"
 396      CE9D4A9D 
 396      28579A3F 
 396      2F4B48F0 
 396      1C2FF698 
 397 0b86 80D3AD34 		.ascii	"\200\323\2554[l\2060\263\361\037sg\315\362\205\177\306"
 397      5B6C8630 
 397      B3F11F73 
 397      67CDF285 
 397      7FC6
 398 0b98 15A15F87 		.ascii	"\025\241_\207\232\255~\277\365\3635[}\215\346\360ps"
 398      9AAD7EBF 
 398      F5F3355B 
 398      7D8DE6F0 
 398      7073
 399 0baa 842F11B2 		.ascii	"\204/\021\262\372\372\353\227\006,]\015\022F\263\305"
ARM GAS  C:\Users\Luczia\AppData\Local\Temp\cc0uic1f.s 			page 32


 399      FAFAEB97 
 399      062C5D0D 
 399      1246B3C5 
 400 0bba 64F8E727 		.ascii	"d\370\347'\341\263\214\332\317\376\370\305\364\000?"
 400      E1B38CDA 
 400      CFFEF8C5 
 400      F4003F
 401 0bc9 3FEE373F 		.ascii	"?\3567?c\367\012\316\205j\217\214 \372\275\354\226\030"
 401      63F70ACE 
 401      856A8F8C 
 401      20FABDEC 
 401      9618
 402 0bdb BEB198C3 		.ascii	"\276\261\230\303\015\241V\313T\305c\373\242K\340\227"
 402      0DA156CB 
 402      54C563FB 
 402      A24BE097 
 403 0beb 0186C5C1 		.ascii	"\001\206\305\301\021!a&\313\317\321j\344\274\014\024"
 403      11216126 
 403      CBCFD16A 
 403      E4BC0C14 
 404 0bfb 37D4B2CA 		.ascii	"7\324\262\312`Z\031\032f^\036iz\217-Y\277\015\265\031"
 404      605A191A 
 404      665E1E69 
 404      7A8F2D59 
 404      BF0DB519 
 405 0c0f 57D8554D 		.ascii	"W\330UMa\253\246\325\2416\373\332/\215+\002\215+\226"
 405      61ABA6D5 
 405      A136FBDA 
 405      2F8D2B02 
 405      8D2B96
 406 0c22 5897594C 		.ascii	"X\227YL\246\360\225\266Ps\204\336\264*2\324b\012q0\314"
 406      A6F095B6 
 406      507384DE 
 406      B42A32D4 
 406      620A7130 
 407 0c37 379BC37C 		.ascii	"7\233\303|&2\311b\363\015\2150\206E\206\230\340\201"
 407      2632C962 
 407      F30D8D30 
 407      86458698 
 407      E081
 408 0c49 D5B82204 		.ascii	"\325\270\"\004|w6\030\"C#l\037\3171\330\2761\376.\210"
 408      7C773618 
 408      2243236C 
 408      1FCF31D8 
 408      BE31FE2E 
 409 0c5e 6EB0DA22 		.ascii	"n\260\332\"CB\315A6\300\261\006-\217\210\234N\377\232"
 409      4342CD41 
 409      36C0B106 
 409      2D8F889C 
 409      4EFF9A
 410 0c71 1E6C099F 		.ascii	"\036l\011\237n\012\377\332\024\022b\012\011\372d\326"
 410      6E0AFFDA 
 410      1412620A 
 410      09FA64D6 
 411 0c81 ECE97366 		.ascii	"\354\351sf\373}\262jn\020\254\177\024a\2160}d\012\376"
 411      FB7DB26A 
 411      6E10AC7F 
ARM GAS  C:\Users\Luczia\AppData\Local\Temp\cc0uic1f.s 			page 33


 411      14618E30 
 411      7D640AFE 
 412 0c95 3A3448D4 		.ascii	":4H\324\020\024\036\014X\021\246 C\210\351\233\340\310"
 412      10141E0C 
 412      5811A620 
 412      4388E99B 
 412      E0C8
 413 0ca7 309BC1B6 		.ascii	"0\233\301\266f\245\311\012\032\265\222\276\277\375O"
 413      66A5C90A 
 413      1AB592BE 
 413      BFFD4F
 414 0cb6 F559D758 		.ascii	"\365Y\327X\203\014V[\010\200\203\022\215qE\260\305\315"
 414      830C565B 
 414      08808312 
 414      8D7145B0 
 414      C5CD
 415 0cc8 60B09A6C 		.ascii	"`\260\232l\206\371\376\201\013\227\351\227\270\005\207"
 415      86F9FE81 
 415      0B97E997 
 415      B80587
 416 0cd7 7D1BBCC6 		.ascii	"}\033\274\306j\010\215\010\003\273\346\277#g\246\325"
 416      6A088D08 
 416      03BBE6BF 
 416      2367A6D5 
 417 0ce7 369231DF 		.ascii	"6\2221\337\200\245\201K\002}\003 e\276K\244\270\205"
 417      80A5814B 
 417      027D0320 
 417      65BE4BA4 
 417      B885
 418 0cf9 5B43AD86 		.ascii	"[C\255\206\345F#\321\261z\245\325\242\265\230\226\203"
 418      E54623D1 
 418      B17AA5D5 
 418      A2B59896 
 418      83
 419 0d0a 41069BDF 		.ascii	"A\006\233\337\177W\004\260\237_it\014\263\030l+B\260"
 419      7F5704B0 
 419      9F5F6974 
 419      0CB3186C 
 419      2B42B0
 420 0d1d C56F0E6F 		.ascii	"\305o\016o\371\230\267\300\257\037o\231\355\"&\334f"
 420      F998B7C0 
 420      AF1F6F99 
 420      ED2226DC 
 420      66
 421 0d2e B4ADD619 		.ascii	"\264\255\326\031\014\313\301\211e\201\313t\314\035\362"
 421      0CCBC189 
 421      6581CB74 
 421      CC1DF2
 422 0d3d 977E61E0 		.ascii	"\227~a\340B\375\227\013\027\314\326,\011\364\327k\226"
 422      42FD970B 
 422      17CCD62C 
 422      09F4D76B 
 422      96
 423 0d4e 2E5DA4C7 		.ascii	".]\244\307\376\013\364x\001\334\227-\322k\374\027\005"
 423      FE0BF478 
 423      01DC972D 
 423      D26BFC17 
ARM GAS  C:\Users\Luczia\AppData\Local\Temp\cc0uic1f.s 			page 34


 423      05
 424 0d5f EA35F317 		.ascii	"\3525\363\027\371\353\035\340\021\010, \374b\362\023"
 424      F9EB1DE0 
 424      11082C20 
 424      FC62F213 
 425 0d6f 003F0E81 		.ascii	"\000?\016\201\213\003\002\3658p1\201$\331\230g\2609"
 425      8B0302F5 
 425      38703181 
 425      24D99867 
 425      B039
 426 0d81 89771C10 		.ascii	"\211w\034\020\000O\002\364\016\376K\364\001z\315\227"
 426      004F02F4 
 426      0EFE4BF4 
 426      017ACD97 
 427 0d91 9FFF49AF 		.ascii	"\237\377I\257Y\002\322\016\001\313\276X\262\000~\375"
 427      5902D20E 
 427      01CBBE58 
 427      B2007EFD 
 428 0da1 03F4FE3F 		.ascii	"\003\364\376?3v\244\366\215\341sI\015\004\006\3147|"
 428      3376A4F6 
 428      8DE17349 
 428      0D0406CC 
 428      377C
 429 0db3 0E05F11F 		.ascii	"\016\005\361\037\320\262l\204"
 429      D0B26C84 
 430              		.text
 431              		.section	.gnu.lto_.symtab.803ee128,"",%progbits
 432 0000 5356435F 		.ascii	"SVC_Handler\000"
 432      48616E64 
 432      6C657200 
 433 000c 00       		.ascii	"\000"
 434 000d 00       		.ascii	"\000"
 435 000e 00       		.ascii	"\000"
 436 000f 00000000 		.ascii	"\000\000\000\000\000\000\000\000"
 436      00000000 
 437 0017 C3000000 		.ascii	"\303\000\000\000"
 438 001b 5F706F72 		.ascii	"_port_irq_epilogue\000"
 438      745F6972 
 438      715F6570 
 438      696C6F67 
 438      756500
 439 002e 00       		.ascii	"\000"
 440 002f 00       		.ascii	"\000"
 441 0030 00       		.ascii	"\000"
 442 0031 00000000 		.ascii	"\000\000\000\000\000\000\000\000"
 442      00000000 
 443 0039 C5000000 		.ascii	"\305\000\000\000"
 444 003d 5F706F72 		.ascii	"_port_switch_from_isr\000"
 444      745F7377 
 444      69746368 
 444      5F66726F 
 444      6D5F6973 
 445 0053 00       		.ascii	"\000"
 446 0054 02       		.ascii	"\002"
 447 0055 00       		.ascii	"\000"
 448 0056 00000000 		.ascii	"\000\000\000\000\000\000\000\000"
 448      00000000 
ARM GAS  C:\Users\Luczia\AppData\Local\Temp\cc0uic1f.s 			page 35


 449 005e C7000000 		.ascii	"\307\000\000\000"
 450 0062 5F706F72 		.ascii	"_port_exit_from_isr\000"
 450      745F6578 
 450      69745F66 
 450      726F6D5F 
 450      69737200 
 451 0076 00       		.ascii	"\000"
 452 0077 02       		.ascii	"\002"
 453 0078 00       		.ascii	"\000"
 454 0079 00000000 		.ascii	"\000\000\000\000\000\000\000\000"
 454      00000000 
 455 0081 C9000000 		.ascii	"\311\000\000\000"
 456 0085 63685363 		.ascii	"chSchIsPreemptionRequired\000"
 456      68497350 
 456      7265656D 
 456      7074696F 
 456      6E526571 
 457 009f 00       		.ascii	"\000"
 458 00a0 02       		.ascii	"\002"
 459 00a1 00       		.ascii	"\000"
 460 00a2 00000000 		.ascii	"\000\000\000\000\000\000\000\000"
 460      00000000 
 461 00aa D1000000 		.ascii	"\321\000\000\000"
 462              		.text
 463              		.section	.gnu.lto_.opts,"",%progbits
 464 0000 272D666D 		.ascii	"'-fmath-errno' '-fsigned-zeros' '-ftrapping-math' '"
 464      6174682D 
 464      6572726E 
 464      6F272027 
 464      2D667369 
 465 0033 2D666E6F 		.ascii	"-fno-trapv' '-fno-strict-overflow' '-fno-openmp' '-"
 465      2D747261 
 465      70762720 
 465      272D666E 
 465      6F2D7374 
 466 0066 666E6F2D 		.ascii	"fno-openacc' '-mcpu=cortex-m4' '-mthumb' '-O0' '-fo"
 466      6F70656E 
 466      61636327 
 466      20272D6D 
 466      6370753D 
 467 0099 6D69742D 		.ascii	"mit-frame-pointer' '-falign-functions=16' '-ffuncti"
 467      6672616D 
 467      652D706F 
 467      696E7465 
 467      72272027 
 468 00cc 6F6E2D73 		.ascii	"on-sections' '-fdata-sections' '-fno-common' '-flto"
 468      65637469 
 468      6F6E7327 
 468      20272D66 
 468      64617461 
 469 00ff 2700     		.ascii	"'\000"
 470              		.text
 471              		.comm	__gnu_lto_v1,1,1
 472              		.comm	__gnu_lto_slim,1,1
 473              		.ident	"GCC: (GNU Tools for Arm Embedded Processors 7-2017-q4-major) 7.2.1 20170904 (release) [ARM
ARM GAS  C:\Users\Luczia\AppData\Local\Temp\cc0uic1f.s 			page 36


DEFINED SYMBOLS
                            *ABS*:00000000 chcore_v7m.c
                            *COM*:00000001 __gnu_lto_v1
                            *COM*:00000001 __gnu_lto_slim

NO UNDEFINED SYMBOLS
