ARM GAS  C:\Users\Luczia\AppData\Local\Temp\ccllel6F.s 			page 1


   1              		.cpu cortex-m4
   2              		.eabi_attribute 20, 1
   3              		.eabi_attribute 21, 1
   4              		.eabi_attribute 23, 3
   5              		.eabi_attribute 24, 1
   6              		.eabi_attribute 25, 1
   7              		.eabi_attribute 26, 1
   8              		.eabi_attribute 30, 6
   9              		.eabi_attribute 34, 1
  10              		.eabi_attribute 18, 4
  11              		.file	"crc.c"
  12              		.section	.gnu.lto_.inline.803eface,"",%progbits
  13 0000 789C6363 		.ascii	"x\234cc``\260b@\000f\006\006>^\006\006&\211\011\247"
  13      6060B062 
  13      40006606 
  13      063E5E06 
  13      06268909 
  14 0015 19195818 		.ascii	"\031\031X\030\230@bL\014\334\\@Rh\301\034\270\0203\003"
  14      9840624C 
  14      0CDC5C40 
  14      5268C11C 
  14      B8103303 
  15 0029 1B2B5088 		.ascii	"\033+P\210c\202\037L\204\001\000\225\324\004E"
  15      63821F4C 
  15      84010095 
  15      D40445
  16              		.text
  17              		.section	.gnu.lto_crc16.803eface,"",%progbits
  18 0000 789C5D54 		.ascii	"x\234]TmKTQ\020>s\347\336\273\273\256{\327LS\243\017"
  18      6D4B5451 
  18      103E73E7 
  18      DEBBBBAE 
  18      7BD74C53 
  19 0016 2B241694 		.ascii	"+$\026\224f\277\240\337\320\307>\266\024DoP\3701<\271"
  19      66BFA0DF 
  19      D0C73EB6 
  19      14446F50 
  19      F8313CB9 
  20 002a BA691A89 		.ascii	"\272i\032\211\324\212\227-\2042\223(\013\355\305^l\313"
  20      D48A972D 
  20      84329328 
  20      0BEDC55E 
  20      6CCB
  21 003c 7C59B5AC 		.ascii	"|Y\265\254 \212>HTB\205F\251(\256\246\315\234s\243l"
  21      208A3E48 
  21      54428546 
  21      A928AEA6 
  21      CD9C73A3 
  22 0051 6167F73C 		.ascii	"ag\367<\367\231g\236\2319\\[\010\341XB\024\323\357."
  22      F799679E 
  22      99395C5B 
  22      08E15842 
  22      14D3EF2E 
  23 0065 FA0A9F00 		.ascii	"\372\012\237\000C\320\027L\212\250\242i\240\020\322"
  23      43D0174C 
  23      8AA8A269 
  23      A010D2
ARM GAS  C:\Users\Luczia\AppData\Local\Temp\ccllel6F.s 			page 2


  24 0074 2096342D 		.ascii	" \2264-\260\011\261\001\210\012\242\312@\323\262\241"
  24      B009B101 
  24      880AA2CA 
  24      40D3B2A1 
  25 0084 CA3085F7 		.ascii	"\3120\205\367i\304s\010\003\253\013\251p\003&\221t\350"
  25      69C47308 
  25      03AB0BA9 
  25      70032691 
  25      74E8
  26 0096 F8FAC7D8 		.ascii	"\370\372\307\330\205 \037\001r\350\3308=4\031\332\332"
  26      85201F01 
  26      72E8D838 
  26      3D3419DA 
  26      DA
  27 00a7 2165B54C 		.ascii	"!e\265L\265L\0247\307j\267$\321\020\011b\367\300&\350"
  27      B54C1437 
  27      C76AB724 
  27      D1100962 
  27      F7C026E8 
  28 00bb 864DAC7D 		.ascii	"\206M\254}\033\266\022\367U\315\315$j%\223\216?\237"
  28      1BB612F7 
  28      55CDCD24 
  28      6A25938E 
  28      3F9F
  29 00cd BB9F1CAD 		.ascii	"\273\237\034\255\024\241\343\265\271_\243&\346\202\240"
  29      14A1E3B5 
  29      B95FA326 
  29      E682A0
  30 00dc FF932B0D 		.ascii	"\377\223+\015SP\332\256T\247.\243\334\234D\204{\200"
  30      5350DAAE 
  30      54A72EA3 
  30      DC9C4484 
  30      7B80
  31 00ee 2C7B9764 		.ascii	",{\227d\357\220,A\002z\241\224\350K\362\344\033\300"
  31      EF902C41 
  31      027AA194 
  31      E84BF2E4 
  31      1BC0
  32 0100 0D2AF55D 		.ascii	"\015*\365]z0\366'u\371\212J5\341\376\377\251\246\200"
  32      7A30F627 
  32      75F98A4A 
  32      35E1FEFF 
  32      A9A680
  33 0113 0750CAFC 		.ascii	"\007P\312\374\331\341\267\037l\334\250r\357\015\217"
  33      D9E1B71F 
  33      6CDCA872 
  33      EF0D8F
  34 0122 5DB34B2E 		.ascii	"]\263K.\251\334\027-V\253LUG\250\033x\250\323\3776$"
  34      A9DC172D 
  34      56AB4C55 
  34      47A81B78 
  34      A8D3FF36 
  35 0137 98DD3EDA 		.ascii	"\230\335>\332\337\347`De\236y\231\350\266\274\314\301"
  35      DFE76044 
  35      659E7999 
  35      E8B6BCCC 
  35      C1
ARM GAS  C:\Users\Luczia\AppData\Local\Temp\ccllel6F.s 			page 3


  36 0148 057465AA 		.ascii	"\005te\252&\302\205\373\326\026\3662?\336Z9\037\262"
  36      26C285FB 
  36      D616F632 
  36      3FDE5A39 
  36      1FB2
  37 015a 4D780C25 		.ascii	"Mx\014%\360\010JxZ4\244\024m\2036\3013O\327\337x\027"
  37      F0084A78 
  37      5A34A414 
  37      6D8336C1 
  37      334FD7DF 
  38 0170 66B96699 		.ascii	"f\271f\231\372\336\202\255W\265\021\361\277\013xB\012"
  38      FADE82AD 
  38      57B511F1 
  38      BF0B7842 
  38      0A
  39 0181 9E4AD76B 		.ascii	"\236J\327k+%WVO\311\324\312 t,\005\251%J1(X\310\303"
  39      2B255756 
  39      4FC9D4CA 
  39      20742C05 
  39      A9254A31 
  40 0199 3229D816 		.ascii	"2)\330\026\037m\016>\016~\246\004(\370\262\370\030\344"
  40      1F6D0E3E 
  40      0E7EA604 
  40      28F8B2F8 
  40      18E4
  41 01ab 90CDC710 		.ascii	"\220\315\307\020\007G\3157,\270B\216\340\032\353T\314"
  41      0747CD37 
  41      2CB8428E 
  41      E01AEB54 
  41      CC
  42 01bc 55C87AE0 		.ascii	"U\310z\340\247y\300\203\314g\235\002E/T\224\"E\021\242"
  42      A779C083 
  42      CC679D02 
  42      452F5494 
  42      224511A2 
  43 01d0 8E3B13F5 		.ascii	"\216;\023\365d]\3407\250\236\373\262\270\233\373tq\035"
  43      645DE037 
  43      A89EFBB2 
  43      B89BFB74 
  43      711D
  44 01e2 75D935D5 		.ascii	"u\3315\325\273\030\342\013`\200\200\247\324\222bdvj"
  44      BB18E20B 
  44      608080A7 
  44      D4926264 
  44      766A
  45 01f4 46EEBF0C 		.ascii	"F\356\277\014\223\030\375\252\351zZ;k\305f\342\217\306"
  45      9318FDAA 
  45      E97A5A3B 
  45      6BC566E2 
  45      8FC6
  46 0206 C39A0A2E 		.ascii	"\303\232\012.\362]t\037\314\215X\314\266\300\017\317"
  46      F25D741F 
  46      CC8D58CC 
  46      B6C00FCF 
  47 0216 B4DECC29 		.ascii	"\264\336\314)\320\034\203h\014\270\351=\032@\027\035"
  47      D01C8368 
  47      0CB8E93D 
ARM GAS  C:\Users\Luczia\AppData\Local\Temp\ccllel6F.s 			page 4


  47      1A40171D 
  48 0226 0262C9B8 		.ascii	"\002b\311\270\307( \014v\250\254\345\323_\003\032\344"
  48      C728200C 
  48      76A8ACE5 
  48      D35F031A 
  48      E4
  49 0237 8B9AA87D 		.ascii	"\213\232\250}:\356c]T\273\036i\354\376\024h\203\213"
  49      3AEE635D 
  49      54BB1E69 
  49      ECFE1468 
  49      838B
  50 0249 27A594B4 		.ascii	"'\245\224\264\025\226\202\001\366\006\203\320\006k\212"
  50      15968201 
  50      F60683D0 
  50      066B8A
  51 0258 5A24C035 		.ascii	"Z$\30052\361\264\247\247\235X\014.\307\277\0065\350"
  51      32F1B4A7 
  51      A79D580C 
  51      2EC7BF06 
  51      35E8
  52 026a 239CBBAD 		.ascii	"#\234\273\255\375\334\351\327\376W\001\206t\003}\351"
  52      FDDCE9D7 
  52      FE570186 
  52      74037DE9 
  53 027a 6D9AE4FF 		.ascii	"m\232\344\377\327\211_9\211e\036\317:U\277d!\001m\250"
  53      D7895F39 
  53      89651ECF 
  53      3A55BF64 
  53      21016DA8 
  54 028e EFD6E2AB 		.ascii	"\357\326\342\253\351\272 \273\313Ib\000\322P\005\303"
  54      E9BA20BB 
  54      CB496200 
  54      D25005C3 
  55 029e EC8D9EF4 		.ascii	"\354\215\236\3646%\232\302\025]\262I\331\316\202\021"
  55      36259AC2 
  55      155DB249 
  55      D9CE8211 
  56 02ae 724BB5D5 		.ascii	"rK\265\325=\032\205\2125\306\003TO\003\365\025\032\311"
  56      3D1A858A 
  56      35C60354 
  56      4F03F515 
  56      1AC9
  57 02c0 A219B3EB 		.ascii	"\242\031\263\353\037\177\306\025$\354\357\224\027C\032"
  57      1F7FC615 
  57      24ECEF94 
  57      17431A
  58 02cf CDA607BA 		.ascii	"\315\246\007\272c\217\026Rb\331\232\325\212\032,$\234"
  58      638F1652 
  58      62D99AD5 
  58      8A1A2C24 
  58      9C
  59 02e0 5989F8F5 		.ascii	"Y\211\370\365\263\216\206\212\\\014\223\311\236gCq\277"
  59      B38E868A 
  59      5C0C93C9 
  59      9E674371 
  59      BF
  60 02f1 DE38C098 		.ascii	"\3368\300\230\267qz!\341$\324\274\350\317\323\334\260"
ARM GAS  C:\Users\Luczia\AppData\Local\Temp\ccllel6F.s 			page 5


  60      B7717A21 
  60      E124D4BC 
  60      E8CFD3DC 
  60      B0
  61 0302 8B796C7B 		.ascii	"\213yl{\036\034\027\327\033\202v\207\231\213\333\347"
  61      1E1C17D7 
  61      1B827687 
  61      998BDBE7 
  62 0312 811EE41A 		.ascii	"\201\036\344\032\357'\310D\0216;\363\220C\027\315\270"
  62      EF27C844 
  62      11363BF3 
  62      904317CD 
  62      B8
  63 0323 3F914715 		.ascii	"?\221G\02513\221MR\226\276\210\211\316\023Z*\237\333"
  63      3133914D 
  63      5296BE88 
  63      89CE135A 
  63      2A9FDB
  64 0336 E21AF426 		.ascii	"\342\032\364&\304/\364&l\241%\177\207\352\210\367\230"
  64      C42FF426 
  64      6CA1257F 
  64      87EA88F7 
  64      98
  65 0347 CBD41124 		.ascii	"\313\324\021$\350\006\207\313\312\217\037\255<\026\335"
  65      E80687CB 
  65      CA8F1FAD 
  65      3C16DD
  66 0356 571E3D16 		.ascii	"W\036=\026-\213\012\334[\271\037\017\355;bE\017\036"
  66      2D8B0ADC 
  66      5BB91F0F 
  66      ED3B6245 
  66      0F1E
  67 0368 AF3C0C07 		.ascii	"\257<\014\007~\003\306\326\200\346"
  67      7E03C6D6 
  67      80E6
  68              		.text
  69              		.section	.gnu.lto_crc16_tab.803eface,"",%progbits
  70 0000 789C4D99 		.ascii	"x\234M\231\327skYV\306\257\373v\367LOjB\017\361\302"
  70      D7736B59 
  70      56C6AFFB 
  70      76F74C4F 
  70      6A420FF1 
  71 0015 1027C0C0 		.ascii	"\020'\300\300030\014\271x\002^(\376\002\236(\240\212"
  71      3033300C 
  71      B978025E 
  71      28FE029E 
  71      28A08A
  72 0028 571E7801 		.ascii	"W\036x\001\344\234\243\234-G9'9\313\222\243l\311I\216"
  72      E49CA39C 
  72      2D473927 
  72      39CB92A3 
  72      6CC9498E 
  73 003c 926D59CE 		.ascii	"\222mY\316\262\034%[\016\222-g\363\255}>Uq\253~uk\237"
  73      B21C255B 
  73      0E922D67 
  73      F3AD7D3E 
  73      5571AB7E 
ARM GAS  C:\Users\Luczia\AppData\Local\Temp\ccllel6F.s 			page 6


  74 0053 F5F99CBD 		.ascii	"\365\371\234\275W\330I\237\276{\367\356\337\277\373"
  74      57D8499F 
  74      BE7BF7EE 
  74      DFBFFB
  75 0062 EE5DDC3B 		.ascii	"\356]\334;\355_\341\373\270t\257\355\213\314\367\206"
  75      ED5FE1FB 
  75      B874AFED 
  75      8BCCF786 
  76 0072 F7EFE2AE 		.ascii	"\367\357\342\256\376\012MS\362a\313\227\245\035\027"
  76      FE0A4D53 
  76      F261CB97 
  76      A51D17
  77 0081 F71687F6 		.ascii	"\367\026\207\366\314\314\332\335W5\373\312\257\241\275"
  77      CCCCDADD 
  77      5735FBCA 
  77      AFA1BD
  78 0090 117439BF 		.ascii	"\021t9\277\252\331_\305~Tx~\372\015\315\336\363\"\357"
  78      AAD95FC5 
  78      7E54787E 
  78      FA0DCDDE 
  78      F322EF
  79 00a3 CB8E642C 		.ascii	"\313\216d,|M\023\274\210\340\242da\350\023M\240\337"
  79      7C4D13BC 
  79      88E0A264 
  79      61E8134D 
  79      A0DF
  80 00b5 11C1DCF6 		.ascii	"\021\301\334\366\275\357K\232\340Y\004Uk\007\247\374"
  80      BDEF4B9A 
  80      E0590455 
  80      6B07A7FC 
  81 00c5 4264581E 		.ascii	"BdX\036<\347\030\255_\321\004O\322\366Y\207\037\276"
  81      3CE718AD 
  81      5FD1044F 
  81      D2F65987 
  81      1FBE
  82 00d7 AC09D60C 		.ascii	"\254\011\326\014\362\340\364\306:\310>>J\373\351\304"
  82      F2E0F4C6 
  82      3AC83E3E 
  82      4AFBE9C4 
  83 00e7 DAF39926 		.ascii	"\332\363\231&\030P\2574\315&O\307i\202\007i\257:\333"
  83      1850AF34 
  83      CD264FC7 
  83      69820769 
  83      AF3ADB
  84 00fa 16E23441 		.ascii	"\026\3424A\311\266<\270\326e\247\262\223\367\322\036"
  84      C9B63CB8 
  84      D665A7B2 
  84      93F7D21E 
  85 010a 88DE55F3 		.ascii	"\210\336U\363\015\367c\037\341\301\256\277\321\3167"
  85      0DF7631F 
  85      E1C1AEBF 
  85      D1CE37
  86 0119 4445D017 		.ascii	"DE\320\027\1775\372%M\340\255\026\301p\273\305\373\221"
  86      7F35FA25 
  86      4DE0AD16 
  86      C170BBC5 
  86      FB91
ARM GAS  C:\Users\Luczia\AppData\Local\Temp\ccllel6F.s 			page 7


  87 012b 26B81341 		.ascii	"&\270\023ACE\207\371sM`}\023\201k\243\353\233\232\375"
  87      434587F9 
  87      734D607D 
  87      13816BA3 
  87      EB9B9AFD 
  88 013f 56EC3BF6 		.ascii	"V\354;\366\302\264\257h\366\212=\261\217\224.>~\254"
  88      C2B4AF68 
  88      F68A3DB1 
  88      8F942E3E 
  88      7EAC
  89 0151 092222B0 		.ascii	"\011\"\"\260\331\354\367\364\323\363\350{<\010\034\304"
  89      D9ECF7F4 
  89      D3F3E87B 
  89      3C081CC4 
  90 0161 B7BED704 		.ascii	"\267\276\327\004a\021\314vml\322\323;U\"\260\275\036"
  90      6111CC76 
  90      6D6CD2D3 
  90      3B5522B0 
  90      BD1E
  91 0173 94311437 		.ascii	"\2241\0247\"\030\277<\372'\315>\372*\366\222\203\231"
  91      2218BF3C 
  91      FA27CD3E 
  91      FA2AF692 
  91      8399
  92 0185 8E6F68F6 		.ascii	"\216oh\366k\261o%\355\372>\326\004\325\273\"H\311?0"
  92      6BB16F25 
  92      EDFA3ED6 
  92      04D5BB22 
  92      48C93F30 
  93 0199 52702582 		.ascii	"Rp%\202\364\331\227L\216\301\366\313\022\353n}\327'"
  93      F4D9974C 
  93      8EC1F6CB 
  93      12EB6E7D 
  93      D727
  94 01ab 9AFD52EC 		.ascii	"\232\375R\354w\231\015F\006b\377\317\320\3562\354\365"
  94      77990D46 
  94      0662FFCF 
  94      D0EE32EC 
  94      F5
  95 01bc 720821B1 		.ascii	"r\010!\261\317\007\002otR\242WB\035Z\272m\246\340B\004"
  95      CF07026F 
  95      7452A257 
  95      421D5ABA 
  95      6DA6E042 
  96 01d1 57EDC1B4 		.ascii	"W\355\301\264\257i\202\272\007\021\334Y\306~\240\331"
  96      AF6982BA 
  96      0711DC59 
  96      C67EA0D9 
  97 01e1 CFC59EBD 		.ascii	"\317\305\236\275\264zB\273\243T\036\230\215\347-\354"
  97      B47A42BB 
  97      A3541E98 
  97      8DE72DEC 
  98 01f1 4150DA87 		.ascii	"AP\332\207\376\334\264\257k\202\303Ay`\271\321\351\230"
  98      FEDCB4AF 
  98      6B82C341 
  98      7960B9D1 
  98      E998
ARM GAS  C:\Users\Luczia\AppData\Local\Temp\ccllel6F.s 			page 8


  99 0203 0A0169DF 		.ascii	"\012\001i\337l\265U\323\315\251\033\362 \2327\264\305"
  99      6CB555D3 
  99      CDA91BF2 
  99      209A37B4 
  99      C5
 100 0214 643A9376 		.ascii	"d:\223v\331\314\345\301G\232\240Q\205~M\177\236\303"
 100      D9CCE5C1 
 100      479AA051 
 100      857E4D7F 
 100      9EC3
 101 0226 489F4ABB 		.ascii	"H\237J\273$\377r\374\275&\230\255\220@\331,\361\303"
 101      24FF72FC 
 101      BD2698AD 
 101      9040D92C 
 101      F1C3
 102 0238 F4D2894A 		.ascii	"\364\322\211J\205\302\3052\272\361tH\004\215ggWL\350"
 102      85C2C532 
 102      BAF17448 
 102      048D6767 
 102      574CE8
 103 024b 6311244F 		.ascii	"c\021$O\015\026Q\220\271%\202\315\245=\033;y$\202\264"
 103      0D165190 
 103      B92582CD 
 103      A53D1B3B 
 103      792482B4 
 104 025f 9BE61BFA 		.ascii	"\233\346\033\372\251\365I\004\366\204\341\177\321\354"
 104      A9F54904 
 104      F684E17F 
 104      D1EC
 105 026d 87627F7C 		.ascii	"\207b\177|\275\316\245\033\026\312%PYV[\373\247\232"
 105      BDCEA51B 
 105      16CA2550 
 105      59565BFB 
 105      A79A
 106 027f C02F8239 		.ascii	"\300/\2029\377\325\010\007qn\025\301J\207\217/8Pn\332"
 106      FFD50807 
 106      716E15C1 
 106      4A878F2F 
 106      38506EDA 
 107 0293 B2957FAA 		.ascii	"\262\225\177\252\331s7\305>SyS\367\271&\360)7\275\035"
 107      D97337C5 
 107      3E537953 
 107      F7B926F0 
 107      2937BD1D 
 108 02a7 4718C9CE 		.ascii	"G\030\311\316G\021Xw\256\307\231K\373\"8\2539\364\262"
 108      47115877 
 108      AEC7994B 
 108      FB2238AB 
 108      39F4B2
 109 02ba 200A6E25 		.ascii	" \012n%R\201\353\272f\016rO\345Br\332\013\253\266wM"
 109      5281EBBA 
 109      660E724F 
 109      E54272DA 
 109      0BABB677 
 110 02cf 0463A6A7 		.ascii	"\004c\246\247S\226\324\256\352\343\354\354\021?\261"
 110      5396D4AE 
 110      EAE3ECEC 
ARM GAS  C:\Users\Luczia\AppData\Local\Temp\ccllel6F.s 			page 9


 110      113FB1
 111 02de FC2768B7 		.ascii	"\374'h\267'{\223>\323\354;j\342\030\233\330aM^\177\023"
 111      277B933E 
 111      D3EC3B6A 
 111      E2189BD8 
 111      614D5E7F 
 112 02f3 EDF3C17A 		.ascii	"\355\363\301z/{\240J\324\265;\226\317P\027\253\002\251"
 112      2F7BA04A 
 112      D4B53B96 
 112      CF5017AB 
 112      02A9
 113 0305 7EEAF96F 		.ascii	"~\352\371o\315\276\245\002\273R\374@\273yU\036\034\230"
 113      CDBEA502 
 113      BB52FC40 
 113      BB79551E 
 113      1C98
 114 0317 0B0DAC97 		.ascii	"\013\015\254\227Mi\247\326\234yXP\253}\362\240m5e\217"
 114      4D69A7D6 
 114      9C795850 
 114      AB7DF2A0 
 114      6D35658F 
 115 032b 61F04A7B 		.ascii	"a\360J{?\330\365\306\036\334\026\252\310\246T/\260\013"
 115      3FD8F5C6 
 115      1EDC16AA 
 115      C8A6542F 
 115      B00B
 116 033d 2A773A83 		.ascii	"*w:\203\233CL\205\362\250\304)\301\026\\e:zDP\277\226"
 116      9B434C85 
 116      F2A8C429 
 116      C1165C65 
 116      3A7A4450 
 117 0353 6263C10C 		.ascii	"bc\301\014yD0\270h\257a\266\255\253>\244\304\217\263"
 117      794430B8 
 117      68AF61B6 
 117      ADAB3EA4 
 117      C48FB3
 118 0366 6637CC22 		.ascii	"f7\314\"h\011\365\255p\332X\023A\353\363~\210\271\362"
 118      6809F5AD 
 118      70DA5813 
 118      41EBF37E 
 118      88B9F2
 119 0379 5022826E 		.ascii	"P\"\202n]\335\000\323Q\215\352\3153W\305OT\335I\244"
 119      5DDD00D3 
 119      518DEACD 
 119      3357C54F 
 119      54DD49A4 
 120 038d 0C7BDD49 		.ascii	"\014{\335I\364\263[\004\023GYz\216bl]\004\223\345\361"
 120      F4B35B04 
 120      1347597A 
 120      8E626C5D 
 120      0493E5F1 
 121 03a1 AC2997F2 		.ascii	"\254)\227\362\323fe\016\007\261=\240B\335;zJ?\255\210"
 121      D366650E 
 121      07B13DA0 
 121      42DD3B7A 
 121      4A3FAD88 
 122 03b5 A0DCB7FC 		.ascii	"\240\334\267\374m\315\376R,\366\035\275\255\222\311"
ARM GAS  C:\Users\Luczia\AppData\Local\Temp\ccllel6F.s 			page 10


 122      6DCDFE52 
 122      2CF61DBD 
 122      AD92C9
 123 03c4 B62CF6DA 		.ascii	"\266,\366\332Lg=?`\\\221H\273\032\374\337\323\354Kb"
 123      4C673D3F 
 123      605C9148 
 123      BB1AFCDF 
 123      D3EC4B62 
 124 03d8 DFDB5CD8 		.ascii	"\337\333\\\330e\266&\\\213\275\267j'\213\251\262(\002"
 124      65B6265C 
 124      8BBDB76A 
 124      278BA9B2 
 124      2802
 125 03ea 7F246A67 		.ascii	"\177$jg\272\373~VF\340\253\210e\302\202\232|\227;~\240"
 125      BAFB7E56 
 125      46E0AB88 
 125      65C2829A 
 125      7C973B7E 
 126 03ff 99C77F28 		.ascii	"\231\307\177(\013FUZ=]4\257\246-\375t\007\337\337\244"
 126      0B46555A 
 126      3D5D34AF 
 126      A62DFD74 
 126      07DFDFA4 
 127 0413 3AB4BF3F 		.ascii	":\264\277?\266\366uM\340\224\366\261\257,\231\271\232"
 127      B6F6754D 
 127      E094F6B1 
 127      AF2C99B9 
 127      9A
 128 0424 A2E6B1E2 		.ascii	"\242\346\261\342\373\365!\216pN\332/\026\247\237\202"
 128      FBF5218E 
 128      704EDA2F 
 128      16A79F82 
 129 0434 A33CB5A8 		.ascii	"\243<\265\250M\324\254\363\015\263\322^\237*\211\025"
 129      4DD4ACF3 
 129      0DB3D25E 
 129      9F2A8915 
 130 0444 9CBD4B1E 		.ascii	"\234\275K\036\224&\271\216\331\207\031\265\210\275\034"
 130      9426B98E 
 130      D98719B5 
 130      88BD1C
 131 0453 ED3097DA 		.ascii	"\3550\227\332\334\022\246\351P\276\205c\230\026\301"
 131      DC12A6E9 
 131      50BE8563 
 131      9816C1
 132 0462 AEBBA096 		.ascii	"\256\273\240\226\025\231\021\026A\352\232+\217\3116"
 132      15991116 
 132      41EA9A2B 
 132      8FC936
 133 0471 250277CF 		.ascii	"%\002w\317\3714\337p\246\027A\323C\367\013\343\350P"
 133      F934DF70 
 133      A61741D3 
 133      43F70BE3 
 133      E850
 134 0483 F5B268BE 		.ascii	"\365\262h\276gA\315\364\212 \243\370\325\306O\330U\034"
 134      6741CDF4 
 134      8A20A3F8 
 134      D5C64FD8 
ARM GAS  C:\Users\Luczia\AppData\Local\Temp\ccllel6F.s 			page 11


 134      551C
 135 0495 C62B7319 		.ascii	"\306+s\031\007\223K\0025W\234c`\262M\252\231\254\261"
 135      07934B02 
 135      35579C63 
 135      60B24DAA 
 135      99ACB1
 136 04a8 7E8EA992 		.ascii	"~\216\251\222s#\202\355\325\315#V\375\204\010\354\363"
 136      732382ED 
 136      D5CD2356 
 136      FD8408EC 
 136      F3
 137 04b9 232D4CB6 		.ascii	"#-L\266\213\002\021\350\266L\267\354\244Mec\331\342"
 137      8B0211E8 
 137      B64CB7EC 
 137      A44D6563 
 137      D9E2
 138 04cb 043F31DF 		.ascii	"\004?1\337#\202\256\341\244\013\316}\343ji\216\017\306"
 138      2382AEE1 
 138      A40BCE7D 
 138      E36A698E 
 138      0FC6
 139 04dd A6B6BE76 		.ascii	"\246\266\276vy`x*(\345\033\306\324\322|n\316fU\026e"
 139      7960782A 
 139      28E51BC6 
 139      D4D27C6E 
 139      CE665516 
 140 04f2 C983C687 		.ascii	"\311\203\306\207\224\013\226\314\250\232\321\355\316"
 140      940B96CC 
 140      A89AD1ED 
 140      CE
 141 04ff 757EE24E 		.ascii	"u~\342N\315\371\372\331\300\025;9\242\312x\255a\216"
 141      CDF9FAD9 
 141      C0153B39 
 141      A2CA78AD 
 141      618E
 142 0511 25E351F1 		.ascii	"%\343Q\361\037.<q\263\"\324\366@\227?\236\304\311\255"
 142      1F2E3C71 
 142      B322D4F6 
 142      40973F9E 
 142      C4C9AD
 143 0524 EB0FA48F 		.ascii	"\353\017\244\217\307;\377\251\231\207\324\3145TtHG\347"
 143      C73BFFA9 
 143      9987D4CC 
 143      35547448 
 143      47E7
 144 0536 7F5D1625 		.ascii	"\177]\026%k0\237~\266\252\245\177=\364\312\036\336\\"
 144      6B309F7E 
 144      B6AAA57F 
 144      3DF4CA1E 
 144      DE5C
 145 0548 48BA3A83 		.ascii	"H\272:\203/yL\006\213\0106#Mn\026\214{A\004e\351\351"
 145      2F794C06 
 145      8B083623 
 145      4D6E168C 
 145      7B410465 
 146 055e 5CC4D492 		.ascii	"\\\304\324\222\243\217\334\355\322\315\303\235\342\244"
 146      A38FDCED 
ARM GAS  C:\Users\Luczia\AppData\Local\Temp\ccllel6F.s 			page 12


 146      D2CDC39D 
 146      E2A4
 147 056c D9ADC145 		.ascii	"\331\255\301E:\311\254&\327\256\324\007\246\033JO\012"
 147      3AC9AC26 
 147      D7AED407 
 147      A61B4A4F 
 147      0A
 148 057d E662B29D 		.ascii	"\346b\262\235_\030P#\352\275|d\027_C\"\330-{\320q\210"
 148      5F185023 
 148      EABD7C64 
 148      175F4322 
 148      D82D7BD0 
 149 0593 FD22083B 		.ascii	"\375\"\010;\272\3239w\356-\212\340\345y\240\212NRSY"
 149      BAD33977 
 149      EE2D8AE0 
 149      E579A08A 
 149      4E525359 
 150 05a7 D5AEEB91 		.ascii	"\325\256\353\221\011;h\222d\361\005\375\2618\364\212"
 150      093B6892 
 150      64F105FD 
 150      B138F48A 
 151 05b7 60653D38 		.ascii	"`e=8\314A\224\345\212`\250\246\271\221s[\217\010\362"
 151      CC4194E5 
 151      8A60A8A6 
 151      B991735B 
 151      8F08F2
 152 05ca ACA63E46 		.ascii	"\254\246>F\362\361R\004\235\241\243\177\325\354\335"
 152      F2F15204 
 152      9DA1A37F 
 152      D5ECDD
 153 05d9 620F183D 		.ascii	"b\017\030=n&\364\326\222\330WkK\366\371\202.m7\321\336"
 153      6E26F4D6 
 153      92D8576B 
 153      4BF6F982 
 153      2E6D37D1 
 154 05ee C9953639 		.ascii	"\311\22569M\036\024<9\213\231\216&i\327,\337\0251\220"
 154      4D1E143C 
 154      398B998E 
 154      2669D72C 
 154      DF153190 
 155 0602 F5CD2AC3 		.ascii	"\365\315*\303\273\327c\313`\247\264+\255\001#\0071\255"
 155      BBD763CB 
 155      60A7B42B 
 155      AD012307 
 155      31AD
 156 0614 AACC9A9F 		.ascii	"\252\314\232\2376BA\207\264+n\232\336(8Vks\307\246u"
 156      36424187 
 156      B42B6E9A 
 156      DE283856 
 156      6B73C7A6 
 157 0629 9765A9B2 		.ascii	"\227e\251\262\257\365\3243DA\374gR\307\307\306)F\242"
 157      AFF5D433 
 157      4441FC67 
 157      52C7C7C6 
 157      2946A2
 158 063c 4D954CFD 		.ascii	"M\225L\375Y)\3555\337\223\231\242tg\200]lU\033\307\226"
 158      5929ED35 
ARM GAS  C:\Users\Luczia\AppData\Local\Temp\ccllel6F.s 			page 13


 158      DF9399A2 
 158      7467805D 
 158      6C551BC7 
 159 0651 16137361 		.ascii	"\026\023sarVBmM7g0\326-\"\310\361[\206\371\202\2033"
 159      7256426D 
 159      4D376730 
 159      D62D22C8 
 159      F15B86F9 
 160 0668 11849B7B 		.ascii	"\021\204\233{\252\330E5\246\202\374\320\026C\231\235"
 160      AAD84535 
 160      A682FCD0 
 160      1643999D 
 161 0678 21912ACB 		.ascii	"!\221*\313X\375g\315\336\244\222i\247c\234\311\322\336"
 161      58FD67CD 
 161      DEA49269 
 161      A7639CC9 
 161      D2DE
 162 068a 2AF6A66A 		.ascii	"*\366\246j\367*\323\261Q\271\361\240~\224\241^\232\023"
 162      F72AD3B1 
 162      51B9F1A0 
 162      7E94A15E 
 162      9A13
 163 069c C19DD35A 		.ascii	"\301\235\323ZCA\203\0102\226\243\351\374B( \202\314"
 163      43418308 
 163      3296A3E9 
 163      FC422820 
 163      82CC
 164 06ae 9E70032B 		.ascii	"\236p\003+\252^\315M.\335\032?\221\236\2516,\351Q\007"
 164      AA5ECD4D 
 164      2EDD1A3F 
 164      919EA936 
 164      2CE95107 
 165 06c2 476914C1 		.ascii	"Gi\024\301\250\317y\300P7\267\211\240g\3456\236\363"
 165      A8CF79C0 
 165      5037B789 
 165      A067E536 
 165      9EF3
 166 06d4 639DEA83 		.ascii	"c\235\352\203#\364\300O8\235\"X\336r\231\230n\265js"
 166      23F4C04F 
 166      389D2258 
 166      DE729998 
 166      6EB56A73 
 167 06e8 5B1B6FA1 		.ascii	"[\033o\241\237\002A\021\274\354\345\345q\212\257\021"
 167      9F024111 
 167      BCECE5E5 
 167      718AAF11 
 168 06f8 C16B77FF 		.ascii	"\301kw\377\016\373\260\256\2660\305}\203\255\314\226"
 168      0EFBB0AE 
 168      B630C57D 
 168      83ADCC96 
 169 0708 6A35FD25 		.ascii	"j5\375%ut\362\023Q5\233\275F\226\367\331\207*i\367N"
 169      7574F213 
 169      51359BBD 
 169      4696F7D9 
 169      872A69F7 
 170 071d 56FA986F 		.ascii	"V\372\230o\205jX\356\222\2547~\242R\255\022\255ya:\252"
 170      856A58EE 
ARM GAS  C:\Users\Luczia\AppData\Local\Temp\ccllel6F.s 			page 14


 170      92AC377E 
 170      A252AD12 
 170      AD79613A 
 171 0732 3F491E6C 		.ascii	"?I\036l\367\224[\351(u*\3509\\\370\276fw\035I\250&\202"
 171      F7945BE9 
 171      28752AE8 
 171      395CF8BE 
 171      66771D49 
 172 0749 9E362643 		.ascii	"\2366&C\205\330\037l;\233\214e\330!\202\213\276\301"
 172      85D81F6C 
 172      3B9B8C65 
 172      D821828B 
 172      BEC1
 173 075b 0B9665B9 		.ascii	"\013\226e\271Z\356\215\251\026\3661\357w\305o\305V="
 173      5AEE8DA9 
 173      16F631EF 
 173      77C56FC5 
 173      563D
 174 076d B3AD4CEC 		.ascii	"\263\255L\354M\251\331vf|\367'R\367\011\331M\354\200"
 174      4DA9D976 
 174      667CF727 
 174      52F709D9 
 174      4DEC80
 175 0780 DAAC6E2F 		.ascii	"\332\254n/\215\274\320K\273\307\022\251\223\206\334"
 175      8DBCD04B 
 175      BBC712A9 
 175      9386DC
 176 078f 59CEE025 		.ascii	"Y\316\340%j\263\372\226\332\317)\376mJ\004\017QC\224"
 176      6AB3FA96 
 176      DACF29FE 
 176      6D4A040F 
 176      514394
 177 07a2 A12C563B 		.ascii	"\241,V;Go\3421\337`h\024\301|\261\345'\232\275Hm\034"
 177      476FE231 
 177      DF606814 
 177      C17CB1E5 
 177      279ABD48 
 178 07b8 DDBE0756 		.ascii	"\335\276\007V\365H\212:#\214\245\0342Pj\007\363z\331"
 178      F5488A3A 
 178      238CA51C 
 178      32506A07 
 178      F37AD9
 179 07cb 55C1A576 		.ascii	"U\301\245v\363"
 179      F3
 180 07d0 44029555 		.ascii	"D\002\225U>P\315\231E\257\312z=k\211\202\247i\021<\266"
 180      3E50CD99 
 180      45AFCA7A 
 180      3D6B8982 
 180      A769113C 
 181 07e5 DC0F73B5 		.ascii	"\334\017s\265/P]hpMr\220\245M\"x-\017\3640\222\371\""
 181      2F505D68 
 181      704D7290 
 181      A54D2278 
 181      2D0FF430 
 182 07fc 68AF993B 		.ascii	"h\257\231;b6YRE\020\2667\207\331\007\265\270\356Lz2"
 182      62365952 
 182      4510B637 
ARM GAS  C:\Users\Luczia\AppData\Local\Temp\ccllel6F.s 			page 15


 182      87D907B5 
 182      B8EE4C7A 
 183 0811 393F9FA8 		.ascii	"9?\237\250E\243\253lRG7\344J{,\267\301\301>L\251\315"
 183      45A3AB6C 
 183      524737E4 
 183      4A7B2CB7 
 183      C1C13E4C 
 184 0827 E6F8D579 		.ascii	"\346\370\325y\016\035\231\243\326k\275\351\231\202\006"
 184      0E1D99A3 
 184      D66BBDE9 
 184      998206
 185 0836 9D4AD0ED 		.ascii	"\235J\320\355\3711ft\266\264\373\035\313ktd\222\312"
 185      F9316674 
 185      B6B4FB1D 
 185      CB6B7464 
 185      92CA
 186 0848 BFA4C3D0 		.ascii	"\277\244\303\320\";\251V\035][\350\3574\273\337&\241"
 186      223BA956 
 186      1D5D5BE8 
 186      EF34BBDF 
 186      26A1
 187 085a 1EAC3FA9 		.ascii	"\036\254?\251\243=Sm\232\216kc\263\333\204O\004#\017"
 187      A33D536D 
 187      9A8E6B63 
 187      B3DB844F 
 187      04230F
 188 086d 81270A32 		.ascii	"\201'\0122\342\376\177\005\274\323*\340\245\364\270"
 188      E2FE7F05 
 188      BCD32AE0 
 188      A5F4B8
 189 087c 96E99A2E 		.ascii	"\226\351\232.mcR$\207\271\242\373M\361\312\302\3646"
 189      6D635224 
 189      87B9A2FB 
 189      4DF1CAC2 
 189      F436
 190 088e ED6A324C 		.ascii	"\355j2L\034\263\330\351\245\313\011\211\324Zv\241\201"
 190      1CB3D8E9 
 190      A5CB0989 
 190      D45A76A1 
 190      81
 191 089f E99CAA02 		.ascii	"\351\234\252\002\321\237S\3111.\036\210`\342\320\341"
 191      D19F53C9 
 191      312E1E88 
 191      60E2D0E1 
 192 08af E1185344 		.ascii	"\341\030SDp\277|\336\302U\244#A\004\321\351\321(\273"
 192      70BF7CDE 
 192      C255A423 
 192      4104D1E9 
 192      D128BB
 193 08c2 98AC16CA 		.ascii	"\230\254\026\312\362\325g\256\244Yu\"\310\256\357\315"
 193      F2D567AE 
 193      A4597522 
 193      C8AEEFCD 
 194 08d2 6536A902 		.ascii	"e6\251\002\331\352H\317b(\203\223\022\251\370\205\324"
 194      D9EA48CF 
 194      62288393 
 194      12A9F885 
ARM GAS  C:\Users\Luczia\AppData\Local\Temp\ccllel6F.s 			page 16


 194      D4
 195 08e3 52267CA2 		.ascii	"R&|\242\3328=\370ZX\021s~\021D\223K\263\230\014\011"
 195      DA383DF8 
 195      5A581173 
 195      7E114493 
 195      4BB3980C 
 196 08f8 6AEFB866 		.ascii	"j\357\270f\323s\224-\211j\025i1\235P\020\2576N\256\034"
 196      D373942D 
 196      896A1569 
 196      319D5010 
 196      AF364EAE 
 197 090d 3B039166 		.ascii	";\003\221f\024\301\300\361\354\024G\241\"\347\356\216"
 197      14C1C0F1 
 197      EC1447A1 
 197      22E7EE8E 
 198 091d CCB16AEF 		.ascii	"\314\261j\357\253D\320j\334\257b2\274\211\343\355\015"
 198      AB44D06A 
 198      DCAF6232 
 198      BC89E3ED 
 198      0D
 199 092e 23A9ECA4 		.ascii	"#\251\354\244wT\004\333\301\255\012\316\260\257\"XZ"
 199      775404DB 
 199      C1AD0ACE 
 199      B0AF2258 
 199      5A
 200 093f EF5966A8 		.ascii	"\357Yf\2500\371\313+;\337\306\351ju\341\340\237\324"
 200      30F9CB2B 
 200      3BDFC6E9 
 200      6A75E1E0 
 200      9FD4
 201 0951 E531DF2A 		.ascii	"\3451\337*^E\220\037\037n\346'\236\225 !3\266`?W\213"
 201      5E45901F 
 201      1F6EE627 
 201      9E952021 
 201      33B6603F 
 202 0967 A3EA2F6B 		.ascii	"\243\352/k\01693<\251+\020\253\241\221\243\330\031\023"
 202      0E39333C 
 202      A92B10AB 
 202      A191A3D8 
 202      1913
 203 0979 C154DA85 		.ascii	"\301T\332\205\216\216z\024\301\246\276\301BW\217\356"
 203      8E8E7A14 
 203      C1A6BEC1 
 203      42578FEE 
 204 0989 89207DA6 		.ascii	"\211 }\246\307G?\250sl\205)!\266\365\252~\023A\232/"
 204      C7473FA8 
 204      736C8529 
 204      21B6F5AA 
 204      7E13419A 
 205 099e D54D3FDC 		.ascii	"\325M?\334\213\240\271\272\246\223\341\276\372 \261"
 205      8BA0B9BA 
 205      A693E1BE 
 205      FA20B1
 206 09ad 293D32C5 		.ascii	")=2\305\356\027\304^s\236\374@\373\312_\242\275Q\262"
 206      EE17C45E 
 206      739EFC40 
 206      FBCA5FA2 
ARM GAS  C:\Users\Luczia\AppData\Local\Temp\ccllel6F.s 			page 17


 206      BD51B2
 207 09c0 BBC231DC 		.ascii	"\273\3021\334\251\203\362\334\250\215n\352\331\226\007"
 207      A983F2DC 
 207      A88D6EEA 
 207      D99607
 208 09cf C379550B 		.ascii	"\303yU\013\034\203:\237\265\246\02442]\364j\324.C\302"
 208      1C833A9F 
 208      B5A61434 
 208      325DF46A 
 208      D42E43C2 
 209 09e3 2967AF88 		.ascii	")g\257\210\264\323L\307\207tSDM\250\211\313\341H\354"
 209      B4D34CC7 
 209      87745344 
 209      4DA889CB 
 209      E148EC
 210 09f6 7E410459 		.ascii	"~A\004Y\017\2661\246\354\232\332\211\225E\373c\323\327"
 210      0FB631A6 
 210      EC9ADA89 
 210      9545FB63 
 210      D3D7
 211 0a08 8D0886C6 		.ascii	"\215\010\206\306\352\216\330\307\001u\204{\0138+\370"
 211      EA8ED8C7 
 211      0175847B 
 211      0B382BF8 
 212 0a18 09B5F19F 		.ascii	"\011\265\361\237\264_\325\306\256Y\324\335\317\333\231"
 212      B45FD5C6 
 212      AE59D4DD 
 212      CFDB99
 213 0a27 D7C8375C 		.ascii	"\327\3107\\\211\240\243\351j\220\202Y\253J\270H\312"
 213      89A0A3E9 
 213      6A908259 
 213      AB4AB848 
 213      CA
 214 0a38 1EDD7029 		.ascii	"\036\335p)\002c\351\340\277i\366\323r\225N3\311i\234"
 214      0263E9E0 
 214      BF69F6D3 
 214      72954E33 
 214      C9699C
 215 0a4b 5B42AA8F 		.ascii	"[B\252\217#\0175\234\0003\037E0\227^X\307H\251\315\334"
 215      230F359C 
 215      00331F45 
 215      30975E58 
 215      C748A9CD 
 216 0a60 D5E3DA05 		.ascii	"\325\343\332\005\003\321\272\251\222!)\345\013\315~"
 216      03D1BAA9 
 216      922129E5 
 216      0BCD7E
 217 0a6f 2EF61343 		.ascii	".\366\023C\345\026\307\2600\244N\306\335\241c\326eP"
 217      E516C7B0 
 217      30A44EC6 
 217      DDA163D6 
 217      6550
 218 0a81 8DE12AA1 		.ascii	"\215\341*\241\230\216>\257\020\301\241\263\243\233U"
 218      988E3EAF 
 218      10C1A1B3 
 218      A39B55
 219 0a90 151081A3 		.ascii	"\025\020\201\243)c\2245\221\373$\202\370\222\371\005"
ARM GAS  C:\Users\Luczia\AppData\Local\Temp\ccllel6F.s 			page 18


 219      29639435 
 219      91FB2482 
 219      F892F905 
 220 0aa0 8E416D11 		.ascii	"\216Am\021\222\316\255\036&l\347\226\332\206\327\025"
 220      92CEAD1E 
 220      266CE796 
 220      DA86D715 
 221 0ab0 36705371 		.ascii	"6pSq*\202\274\364\304r\246\233\355\247h/\016\006\266"
 221      2A82BCF4 
 221      C472A69B 
 221      EDA7682F 
 221      0E06B6
 222 0ac3 E9A513B1 		.ascii	"\351\245\023\261\237\366\225$\260\217\373\277\204\266"
 222      9FF69524 
 222      B08FFBBF 
 222      84B6
 223 0ad1 B93B37C4 		.ascii	"\271;7\304\277?V7l\207\217\206\3305\213J\256\302\241"
 223      BF3F5637 
 223      6C878F86 
 223      D8358B4A 
 223      AEC2A1
 224 0ae4 9C3DBE40 		.ascii	"\234=\276@\255|M\216\011\035w^u\033\352\312\315x7\301"
 224      AD7C4D8E 
 224      091D775E 
 224      751BEACA 
 224      CD7837C1 
 225 0af8 311C4A3B 		.ascii	"1\034J;\336\261|\317P;\324\236\267\250\344>6\006\277"
 225      DEB17CCF 
 225      503BD49E 
 225      B7A8E43E 
 225      3606BF
 226 0b0b AACA9992 		.ascii	"\252\312\231\222<z\341P\255}\243\336\224C&\374\201\022"
 226      3C7AE150 
 226      AD7DA3DE 
 226      944326FC 
 226      8112
 227 0b1d EC2E38B8 		.ascii	"\354.8\270R\245\252+\266\211\300v>?\241&\324\016\177"
 227      52A5AA2B 
 227      B689C076 
 227      3E3FA126 
 227      D40E7F
 228 0b30 B8838246 		.ascii	"\270\203\202Fu\332N\030\362\3463\224\373\252\"\362\247"
 228      75DA4E18 
 228      F2E63394 
 228      FBAA22F2 
 228      A7
 229 0b41 6AE9C7F2 		.ascii	"j\351\307\362uu\345V\356\276\340(\366\224\033\356\202"
 229      7575E556 
 229      EEBEE028 
 229      F6941BEE 
 229      82
 230 0b52 DBF4E3D0 		.ascii	"\333\364\343\320\235\010\352\035\346\016\246\333\256"
 230      9D08EA1D 
 230      E60EA6DB 
 230      AE
 231 0b5f 087A3C0B 		.ascii	"\010z<\013!\306z\243X\004\221\333\276R\316\220\352\246"
 231      21C67AA3 
ARM GAS  C:\Users\Luczia\AppData\Local\Temp\ccllel6F.s 			page 19


 231      580491DB 
 231      BE52CE90 
 231      EAA6
 232 0b71 B1D1381D 		.ascii	"\261\3218\035\341'\036\006D\320\226\342\255\344\334"
 232      E1271E06 
 232      44D096E2 
 232      ADE4DC
 233 0b80 A28AC86E 		.ascii	"\242\212\310n\257H\244\240\312#\241jm;\\\243\037\266"
 233      AF48A4A0 
 233      CA23A16A 
 233      6D3B5CA3 
 233      1FB6
 234 0b92 44705637 		.ascii	"DpV7\275\307\242\031\213\212\240z\343\241\213\235\334"
 234      BDC7A219 
 234      8B8AA07A 
 234      E3A18B9D 
 234      DC
 235 0ba3 14C1CEEA 		.ascii	"\024\301\316\352\334+c\261]\242f\351\322\307\330\215"
 235      DC2B63B1 
 235      5DA266E9 
 235      D2C7D88D 
 236 0bb3 95BA02DB 		.ascii	"\225\272\002\333t\237\264\321\017/f\021\230}Ec|\203"
 236      749FB4D1 
 236      0F2F6611 
 236      987D4563 
 236      7C83
 237 0bc5 8A8DBB3E 		.ascii	"\212\215\273>\354\344'\012V\345\201.'\257\202\256\366"
 237      ECE4270A 
 237      56E5812E 
 237      27AF82AE 
 237      F6
 238 0bd6 48DB5736 		.ascii	"H\333W6\035\240\240WU\362\344~\357+\375\260\256J\177"
 238      1DA0A057 
 238      55F2E47E 
 238      EF2BFDB0 
 238      AE4A7F
 239 0be9 BADDC651 		.ascii	"\272\335\306Q,\177!\177\320\240/\344\027\264\233\031"
 239      2C7F217F 
 239      D0A02FE4 
 239      17B49B19 
 240 0bf9 C3D01DFB 		.ascii	"\303\320\035\373x\375\307\222\362\246\202].\267\352"
 240      78FDC792 
 240      F2A6825D 
 240      2EB7EA
 241 0c08 8345F593 		.ascii	"\203E\365\223\227\261\233\026u)\341\265\352F\350\005"
 241      97B19B16 
 241      7529E1B5 
 241      EA46E805 
 242 0c18 B7BAFBB9 		.ascii	"\267\272\373\271Z\350f\272\230\325efK\315\334(\213\306"
 242      5AE866BA 
 242      98D56566 
 242      4BCDDC28 
 242      8BC6
 243 0c2a 2582979A 		.ascii	"%\202\227\232\353,&\334\252\332\250\330}\246v\276A]"
 243      EB2C26DC 
 243      AADAA8D8 
 243      7DA676BE 
ARM GAS  C:\Users\Luczia\AppData\Local\Temp\ccllel6F.s 			page 20


 243      415D
 244 0c3c 191CE5CF 		.ascii	"\031\034\345\317\3441T\267\352\204\343>\256\215\335"
 244      E43154B7 
 244      EA84E33E 
 244      AE8DDD
 245 0c4b 622C8B20 		.ascii	"b,\213 a\276\314\3137\264\335H\250\254e\251\377\250"
 245      61BECCCB 
 245      37B4DD48 
 245      A8AC65A9 
 245      FFA8
 246 0c5d D997D40B 		.ascii	"\331\227\324\013\034\025\235tB\206K\354\033{S\377\245"
 246      1C159D74 
 246      42864BEC 
 246      1B7B53FF 
 246      A5
 247 0c6e D917C53E 		.ascii	"\331\027\305>S\231\032\341Rv\326#\366\340h\263\215="
 247      53991AE1 
 247      5276D623 
 247      F6E068B3 
 247      8D3D
 248 0c80 5087B8FE 		.ascii	"P\207\270\376\232{=\3070S \202\245\225h\025\247\277"
 248      9A7B3DC7 
 248      30532082 
 248      A5956815 
 248      A7BF
 249 0c92 79F585BB 		.ascii	"y\365\205\273YO\354x\035V\327\253\321\341s&\254S\004"
 249      594FEC78 
 249      1D56D7AB 
 249      D1E17326 
 249      AC5304
 250 0ca5 9DA7AF26 		.ascii	"\235\247\257&v!\307-\202\366\214\234\025\012\346T\250"
 250      7621C72D 
 250      82F68C9C 
 250      150AE654 
 250      A8
 251 0cb6 E7ABDAE9 		.ascii	"\347\253\332\351\307\213^\021\\\354E_(P\247\213\274"
 251      C78B5E11 
 251      5CEC455F 
 251      2850A78B 
 251      BC
 252 0cc7 6B539885 		.ascii	"kS\230\205?\257W[yG\377\024\3730\243&\365q\3633GaT\023"
 252      3FAF575B 
 252      7947FF14 
 252      FB30A326 
 252      F571F333 
 253 0cdf 66202B6F 		.ascii	"f +o\221\241\236\226\366\202ij\202~LP~\333?\351\365"
 253      91A19E96 
 253      F682696A 
 253      827E4C50 
 253      7EDB3FE9 
 254 0cf4 3312532A 		.ascii	"3\022S*\326\343\265z\026\215\357\217d\335\2307\305\216"
 254      D6E3B57A 
 254      168DEF8F 
 254      64DD9837 
 254      C58E
 255 0d06 1B6ACFBB 		.ascii	"\033j\317\273\320S\236\311eb\374g\012\3456ib7v\311 "
 255      D0539EC9 
ARM GAS  C:\Users\Luczia\AppData\Local\Temp\ccllel6F.s 			page 21


 255      6562FC67 
 255      0AE53669 
 255      623776C9 
 256 0d1b F65947F1 		.ascii	"\366YG\3611\275\320\244.\215oV\003=\034\303\244\252"
 256      31BDD0A4 
 256      2E8D6F56 
 256      033D1CC3 
 256      A4AA
 257 0d2d A99B955B 		.ascii	"\251\233\225[&[\212\272>Z\037\276\261\262\213\023\""
 257      265B8ABA 
 257      3E5A1FBE 
 257      B1B28B13 
 257      22
 258 0d3e 184D2BD8 		.ascii	"\030M+\330\247\233\216\324I\322\242k\337a\027\324^,"
 258      A79B8ED4 
 258      49D2A26B 
 258      DF6117D4 
 258      5E2C
 259 0d50 943C54C4 		.ascii	"\224<T\304t\264\253\035\2459\324f\346\034>\256\374\270"
 259      74B4AB1D 
 259      A539D466 
 259      E61C3EAE 
 259      FCB8
 260 0d62 E94CA09B 		.ascii	"\351L\240\233\206s\305M\007\211\005:\276\341o\320\354"
 260      8673C54D 
 260      0789053A 
 260      BEE16FD0 
 260      EC
 261 0d73 2BD84FA6 		.ascii	"+\330O\246\227*Mb\267\344\215\336\262\217\177-\251\021"
 261      972A4D62 
 261      B7E48DDE 
 261      B28F7F2D 
 261      A911
 262 0d85 7F531F3B 		.ascii	"\177S\037;^/\251{\356\226\355\031:I~\342\030*M\354\244"
 262      5E2FA97B 
 262      EE96ED19 
 262      3A497EE2 
 262      182A4DEC 
 263 0d9a 8FF62EC5 		.ascii	"\217\366.\305\236\233\270\373?\232Y\226\336\313\206"
 263      9E9BB8FB 
 263      3F9A5996 
 263      DECB86
 264 0da9 B60CF66F 		.ascii	"\266\014\366o0G2%e\251\350\214K\355_\310\237\317$vs"
 264      30473225 
 264      65A9E88C 
 264      4BED5FC8 
 264      9FCF2476 
 265 0dbe 6E2CEB14 		.ascii	"n,\353\024{\257\367\336\303\371\371\317\321,q\236\276"
 265      7BAFF7DE 
 265      C3F9F9CF 
 265      D12C719E 
 265      BE
 266 0dcf B2FB8F8B 		.ascii	"\262\373\217\213*U\035\247FzHn\315\033S\017\353\271"
 266      2A551DA7 
 266      467A486E 
 266      CD1B530F 
 266      EBB9
ARM GAS  C:\Users\Luczia\AppData\Local\Temp\ccllel6F.s 			page 22


 267 0de1 25DA0A89 		.ascii	"%\332\012\211\275\371\330\020\333\376\312r0<5t\302\356"
 267      BDF9D810 
 267      DBFECA72 
 267      303C3574 
 267      C2EE
 268 0df3 F7A9DDEE 		.ascii	"\367\251\335\356\304\326H\032\247\224?\225\020\246\257"
 268      C4D6481A 
 268      A7943F95 
 268      10A6AF
 269 0e02 47B80616 		.ascii	"G\270\006\026\251c\362n\321\243\213\366\237\310\014"
 269      A963F26E 
 269      D1A38BF6 
 269      9FC80C
 270 0e11 3436D01B 		.ascii	"46\320\033\273aQ\367k{\253'\261\213Q\271\210\035O\323"
 270      BB6151F7 
 270      6B7BAB27 
 270      B18B51B9 
 270      881D4FD3 
 271 0e25 C72EE13D 		.ascii	"\307.\341=\352V\336\263|\360\367\232Yf\207\312\306\352"
 271      EA56DEB3 
 271      7CF0F79A 
 271      596687CA 
 271      C6EA
 272 0e37 310EAFEB 		.ascii	"1\016\257\353kh\027\004/\227\350\274\037K\364|\265\034"
 272      6B681704 
 272      2F97E8BC 
 272      1F4BF47C 
 272      B51C
 273 0e49 5CFEF7A5 		.ascii	"\\\376\367\245\254\216\323c;\245\037I\272\371|%\034"
 273      AC8ED363 
 273      3BA51F49 
 273      BAF97C25 
 273      1C
 274 0e5a DB8DAAAA 		.ascii	"\333\215\252\252\272\261\305\377\325\314r\2657c_j\240"
 274      BAB1C5FF 
 274      D5CC72B5 
 274      37635F6A 
 274      A0
 275 0e6b D9AD96E3 		.ascii	"\331\255\226\343!\363\360\024\273.\331:\344[+azg\267"
 275      21F3F014 
 275      BB2ED93A 
 275      E45B2B61 
 275      7A67B7
 276 0e7e A9D5792B 		.ascii	"\251\325y+{\224s\341\017$\022\306\342\001\016\275=S"
 276      7B9473E1 
 276      0F2412C6 
 276      E2010EBD 
 276      3D53
 277 0e90 DD4FEDEF 		.ascii	"\335O\355\357\304\323\376\2072\023\276\334\3328\364"
 277      C4D3FE87 
 277      3213BEDC 
 277      DA38F4
 278 0e9f A5A0D8C3 		.ascii	"\245\240\330\303'\346\013\016]\256\212\374S\226Y\376"
 278      27E60B0E 
 278      5DAE8AFC 
 278      539659FE 
 279 0eaf 7DC829F6 		.ascii	"}\310)\366\244\312\274%\206FF\323g*(\346\337\247\267"
ARM GAS  C:\Users\Luczia\AppData\Local\Temp\ccllel6F.s 			page 23


 279      A4CABC25 
 279      864646D3 
 279      672A28E6 
 279      DFA7B7
 280 0ec2 AA6BBEF0 		.ascii	"\252k\276\360\251\233\345\361\373\342:\203\247\211\231"
 280      A99BE5F1 
 280      FBE23A83 
 280      A78999
 281 0ed1 D39CA12E 		.ascii	"\323\234\241.\361V\0123\231y\277\207\346\365\265%\366"
 281      F1560A33 
 281      9979BF87 
 281      E6F5B525 
 281      F6
 282 0ee2 FB8533A0 		.ascii	"\373\2053\240NW\226\235:\246\206\334?l&\304GX}\2019"
 282      4E57969D 
 282      3AA686DC 
 282      3F6C26C4 
 282      47587D81 
 283 0ef7 B1578477 		.ascii	"\261W\204w\316\370\376\357\312B\276?\026[\217\222\325"
 283      CEF8FEEF 
 283      CA42BE3F 
 283      165B8F92 
 283      D5
 284 0f08 FD4383D9 		.ascii	"\375C\203\331\373\017\232\371;\322[C0\366[[\275:\205"
 284      FB0F9AF9 
 284      3BD25B43 
 284      30F65B5B 
 284      BD3A85
 285 0f1b DCE5C567 		.ascii	"\334\345\305gsx\337\226\305i/G\027\273PQ?v\354\216/"
 285      7378DF96 
 285      C5692F47 
 285      17BB5051 
 285      3F76EC8E 
 286 0f30 6ED03D72 		.ascii	"n\320=r\240}vN\324\305\356S\324\275\347\375\360J\035"
 286      A07D764E 
 286      D4C5EE53 
 286      D4BDE7FD 
 286      F04A1D
 287 0f43 87FF3B32 		.ascii	"\207\377;2\374\340\365w4s\274\364\346\240\353.v\246"
 287      FCE0F577 
 287      3473BCF4 
 287      E6A0EB2E 
 287      76A6
 288 0f55 F96D5915 		.ascii	"\371mY\025\266\035\261\013\237\232/Kb\344\230\013\370"
 288      B61DB10B 
 288      9F9A2F4B 
 288      62E4980B 
 288      F8
 289 0f66 C7BF252F 		.ascii	"\307\277%/\277m\256\343\004;\251\2669i[\347\021\246"
 289      BF6DAEE3 
 289      043BA9B6 
 289      39695BE7 
 289      11A6
 290 0f78 B59C908E 		.ascii	"\265\234\220\216\033_\273\031\333\0035\331]/\224\373"
 290      1B5FBB19 
 290      DB0335D9 
 290      5D2F94FB 
ARM GAS  C:\Users\Luczia\AppData\Local\Temp\ccllel6F.s 			page 24


 291 0f88 5956BF21 		.ascii	"YV\277!Y\330<obn\354NKl\364\365\235\026\246\326\267"
 291      59D83C6F 
 291      626EEC4E 
 291      4B6CF4F5 
 291      9D16A6D6 
 292 0f9d 645E99   		.ascii	"d^\231"
 293 0fa0 36FCAD66 		.ascii	"6\374\255f~;Q\327\330\211m]4\377:\232S\015\027~\272"
 293      7E3B51D7 
 293      D8896D5D 
 293      34FF3A9A 
 293      530D177E 
 294 0fb5 CE902AF6 		.ascii	"\316\220*\366\272\323\205Y\246\226\374n\031\360f\314"
 294      BAD38559 
 294      A696FC6E 
 294      19F066CC 
 295 0fc5 D0F5234D 		.ascii	"\320\365#Mb\037\034\271\370\221f\226\375\370\312`\300"
 295      621F1CB9 
 295      F8916696 
 295      FDF8CA60 
 295      C0
 296 0fd6 43D76C4E 		.ascii	"C\327lN\251\242tL\230\271~\374\252\324x$c\224\203\177"
 296      A9A2744C 
 296      98B97EFC 
 296      AAD47824 
 296      6394837F 
 297 0fea 3A16FBC9 		.ascii	":\026\373\311Im!G\367+2MV\007\216\231Y\245)j/R"
 297      496D2147 
 297      F72B324D 
 297      56078E99 
 297      59A5296A 
 298 1000 32EF6566 		.ascii	"2\357ef\310Oi\323\035S\247\\\033,\215b\017%\035\305"
 298      C84F69D3 
 298      1D53A75C 
 298      1B2C8D62 
 298      0F251DC5 
 299 1014 AED3648F 		.ascii	"\256\323d\217\327\330\224\276\314Ys]]\007\207K\222\323"
 299      D7D894BE 
 299      CC59735D 
 299      5D07874B 
 299      92D3
 300 1026 B955F945 		.ascii	"\271U\371E\371\\kZ>\275\023U\277!\335>d\204\2309\277"
 300      F95C6B5A 
 300      3EBD1355 
 300      BF21DD3E 
 300      64849839 
 301 103b 209939B5 		.ascii	" \2319\265\331\304\277/T\247C\177\323k\011C/\277\256"
 301      D9C4BF2F 
 301      54A7437F 
 301      D36B0943 
 301      2FBFAE
 302 104e 14DF0662 		.ascii	"\024\337\006b\033\347~u\255t\375\\i\346\337\313\236"
 302      1BE77E75 
 302      AD74FD5C 
 302      69E6DFCB 
 302      9E
 303 105f C1536A08 		.ascii	"\301Sj\010\323=.\265\020D,)\217\214\316\317\313\254"
 303      D33D2EB5 
ARM GAS  C:\Users\Luczia\AppData\Local\Temp\ccllel6F.s 			page 25


 303      10442C29 
 303      8F8CCECF 
 303      CBAC
 304 1071 D0749DC2 		.ascii	"\320t\235\302\367\207\325\026\262{\377y\230\231\375"
 304      F787D516 
 304      B27BFF79 
 304      9899FD
 305 1080 7332E9B4 		.ascii	"s2\351\264\265f\2612\362>\226\340O\357\3066Rr\345\237"
 305      B566B132 
 305      F23E96E0 
 305      4FEFC636 
 305      5272E59F 
 306 1094 92A6DFE4 		.ascii	"\222\246\337\344\347\273%\323\\W\363\225\034\275\254"
 306      E7BB25D3 
 306      5C57F395 
 306      1CBDAC
 307 10a3 42D1AD74 		.ascii	"B\321\255t?\353\356\322/\301\351\274\211t\262\367\237"
 307      3FEBEED2 
 307      2FC1E9BC 
 307      8974B2F7 
 307      9F
 308 10b4 CB2AE76B 		.ascii	"\313*\347k\3651w\026'\325}\350v|l\013\364\0154s:\375"
 308      F5317716 
 308      27D57DE8 
 308      767C6C0B 
 308      F40D3473 
 309 10ca E39CB23B 		.ascii	"\343\234\262;\214b7\006,\223\014\276\334\001\273\357"
 309      8C623706 
 309      2C930CBE 
 309      DC01BBEF 
 310 10da 4FFF4333 		.ascii	"O\377C3g%\212\371\351\264\320\313\336\311\024\327s\226"
 310      67258AF9 
 310      E9B4D0CB 
 310      DEC914D7 
 310      7396
 311 10ec 94CDCE07 		.ascii	"\224\315\316\007\017$8\036o\222\205\366\257\242ire\305"
 311      0F24381E 
 311      6F9285F6 
 311      AFA26972 
 311      65C5
 312 10fe 2EF9E626 		.ascii	".\371\346&\324\365\327\325r\354\356\376+h\3467\271\022"
 312      D4F5D7D5 
 312      72ECEEFE 
 312      2B68E637 
 312      B912
 313 1110 E99C963A 		.ascii	"\351\234\226:\265\317\034h\260\362\357\345Z\262\323"
 313      B5CF1C68 
 313      B0F2EFE5 
 313      5AB2D3
 314 111f 107233B9 		.ascii	"\020r3\271\322\022\304>\2637\272\302\007'\352\367\270"
 314      D212C43E 
 314      B337BAC2 
 314      0727EAF7 
 314      B8
 315 1130 48467294 		.ascii	"HFr\224\245\366%\351\357`\343\005g\331)u1\177\370\324"
 315      A5F625E9 
 315      EF60E305 
ARM GAS  C:\Users\Luczia\AppData\Local\Temp\ccllel6F.s 			page 26


 315      67D92975 
 315      317FF8D4 
 316 1144 6165343E 		.ascii	"ae4>\225%b4\361[\232\271A\335N\314\326[\237\331\037"
 316      95256234 
 316      F15B9AB9 
 316      41DD4ECC 
 316      D65B9FD9 
 317 1159 B9988A2E 		.ascii	"\271\230\212.'xX\212I\352\230\276\222\324\025[\001$"
 317      2778588A 
 317      49EA98BE 
 317      92D4155B 
 317      0124
 318 116b 38F6E75B 		.ascii	"8\366\347[+\373\353W{\361\211\233\256\330M\226\270\247"
 318      2BFBEB57 
 318      7BF1899B 
 318      AED84D96 
 318      B8A7
 319 117d 363CBE45 		.ascii	"6<\276EwO\250\025\331\361\026\035g2\253\253\340\226"
 319      774FA815 
 319      D9F1161D 
 319      6732ABAB 
 319      E096
 320 118f 9E1AFAA3 		.ascii	"\236\032\372\243VJ\327tn\211\375\024\247\366$\316\331"
 320      564AD774 
 320      6E89FD14 
 320      A7F624CE 
 320      D9
 321 11a0 EE4F7E3A 		.ascii	"\356O~:\240K\253\321\351\362\343\014\357?\212\373\341"
 321      A04BABD1 
 321      E9F2E30C 
 321      EF3F8AFB 
 321      E1
 322 11b1 8738D327 		.ascii	"\2078\323'\037\342~\364!\256\023\377u\200v\320\006Z"
 322      1FE27EF4 
 322      21AE13FF 
 322      758076D0 
 322      065A
 323 11c3 410B6806 		.ascii	"A\013h\006M\240\0214\200z`\004u\340\307\037\342j\361"
 323      4DA01134 
 323      807A6004 
 323      75E0C71F 
 323      E26AF1
 324 11d6 5F0DA806 		.ascii	"_\015\250\006U\240\022\030@\005(\007e\240\024\224\200"
 324      55A01218 
 324      40052807 
 324      65A01494 
 324      80
 325 11e7 6250040A 		.ascii	"bP\004\012\201\036\024\200|\220\007rA\016\310\006Y "
 325      811E1480 
 325      7C900772 
 325      410EC806 
 325      5920
 326 11f9 13648074 		.ascii	"\023d\200t\220\006RA\012H\006I \021$\200x\240\003o\037"
 326      90065241 
 326      0A480649 
 326      20112480 
 326      78A0036F 
ARM GAS  C:\Users\Luczia\AppData\Local\Temp\ccllel6F.s 			page 27


 327 120e 7F887B05 		.ascii	"\177\210{\005/\340\031<\201G\360\000\356A\024\334\201"
 327      2FE0193C 
 327      8147F000 
 327      EE4114DC 
 327      81
 328 121f 5B100161 		.ascii	"[\020\001ap\003\256\301\025\270\004!p\001\316A\020\004"
 328      7003AEC1 
 328      15B80421 
 328      7001CE41 
 328      1004
 329 1231 C0193805 		.ascii	"\300\0318\005'\340\030\034\201C\340\007\007\300\007"
 329      27E0181C 
 329      8143E007 
 329      07C007
 330 1240 F6C11ED8 		.ascii	"\366\301\036\330\005;`\033l\201M\340\005\033\300\003"
 330      053B601B 
 330      6C814DE0 
 330      051BC003 
 331 1250 D6C11A58 		.ascii	"\326\301\032X\005n\340\002+`\031,\201E\260\000\346\201"
 331      056EE002 
 331      2B60192C 
 331      8145B000 
 331      E681
 332 1262 13CC8159 		.ascii	"\023\314\201Y0\003\246\301\024p\000;\230\004\023\300"
 332      3003A6C1 
 332      1470003B 
 332      980413C0 
 333 1272 06C6C118 		.ascii	"\006\306\301\030\030\005#`\030\014\001+\260\200A`\006"
 333      18052360 
 333      180C012B 
 333      B0804160 
 333      06
 334 1283 03A01FF4 		.ascii	"\003\240\037\364\201^\320\003\272A\0270\201N\320\001"
 334      815ED003 
 334      BA411730 
 334      814ED001 
 335 1293 DA411B68 		.ascii	"\332A\033h\005-\240\0314\201F\320\000\352\201\021\324"
 335      052DA019 
 335      348146D0 
 335      00EA8111 
 335      D4
 336 12a4 815A5003 		.ascii	"\201ZP\003\252A\025\250\004\006P\001\312A\031(\005%"
 336      AA4115A8 
 336      04065001 
 336      CA411928 
 336      0525
 337 12b6 A0181481 		.ascii	"\240\030\024\201B\240\007\005 \037\344\201\\\220\003"
 337      42A00705 
 337      201FE481 
 337      5C9003
 338 12c5 B24116C8 		.ascii	"\262A\026\310\004\031 \035\244\201T\220\002\222A\022"
 338      0419201D 
 338      A4815490 
 338      02924112 
 339 12d5 48040920 		.ascii	"H\004\011 \036\350\300\333{\304\037\274\200g\360\004"
 339      1EE8C0DB 
 339      7BC41FBC 
ARM GAS  C:\Users\Luczia\AppData\Local\Temp\ccllel6F.s 			page 28


 339      8067F004 
 340 12e5 1EC103B8 		.ascii	"\036\301\003\270\007Qp\007nA\004\204\301\015\270\006"
 340      07517007 
 340      6E410484 
 340      C10DB806 
 341 12f5 57E01284 		.ascii	"W\340\022\204\300\0058\007A\020\000g\340\024\234\200"
 341      C0053807 
 341      41100067 
 341      E0149C80 
 342 1305 6370040E 		.ascii	"cp\004\016\201\037\034\000\037\330\007{`\027\354\200"
 342      811F1C00 
 342      1FD8077B 
 342      6017EC80 
 343 1315 6DB00536 		.ascii	"m\260\0056\201\027l\000\017X\007k`\025\270\201\013\254"
 343      81176C00 
 343      0F58076B 
 343      6015B881 
 343      0BAC
 344 1327 8065B004 		.ascii	"\200e\260\004\026\301\002\230\007N0\007f\301\014\230"
 344      16C10298 
 344      074E3007 
 344      66C10C98 
 345 1337 0653C001 		.ascii	"\006S\300\001\354`\022L\000\033\030\007c`\024\214\200"
 345      EC60124C 
 345      001B1807 
 345      6360148C 
 345      80
 346 1348 613004AC 		.ascii	"a0\004\254\300\002\006\201\031\014\200~\320\007zA\017"
 346      C0020681 
 346      190C807E 
 346      D0077A41 
 346      0F
 347 1359 E8065DC0 		.ascii	"\350\006]\300\004:A\007h\007m\240\025\264\200f\320\004"
 347      043A4107 
 347      68076DA0 
 347      15B48066 
 347      D004
 348 136b 1A4103A8 		.ascii	"\032A\003\250\007FP\007jA\015\250\006U\240\022\030@"
 348      07465007 
 348      6A410DA8 
 348      0655A012 
 348      1840
 349 137d 05280765 		.ascii	"\005(\007e\240\024\224\200bP\004\012\201\036\024\200"
 349      A0149480 
 349      6250040A 
 349      811E1480 
 350 138d 7C900772 		.ascii	"|\220\007rA\016\310\006Y \023d\200t\220\006RA\012H\006"
 350      410EC806 
 350      59201364 
 350      80749006 
 350      52410A48 
 351 13a2 49201124 		.ascii	"I \021$\200x\240\003o\037!\376\340\005<\203'\360\010"
 351      8078A003 
 351      6F1F21FE 
 351      E0053C83 
 351      27F008
 352 13b5 1EC03D88 		.ascii	"\036\300=\210\202;p\013\" \014n\3005\270\002\227 \004"
ARM GAS  C:\Users\Luczia\AppData\Local\Temp\ccllel6F.s 			page 29


 352      823B700B 
 352      22200C6E 
 352      C035B802 
 352      972004
 353 13c8 2EC03908 		.ascii	".\3009\010\202\0008\003\247\340\004\034\203#p\010\374"
 353      82003803 
 353      A7E0041C 
 353      83237008 
 353      FC
 354 13d9 E000F8C0 		.ascii	"\340\000\370\300>\330\003\273`\007l\203-\260\011\274"
 354      3ED803BB 
 354      60076C83 
 354      2DB009BC 
 355 13e9 600378C0 		.ascii	"`\003x\300:X\003\253\300\015\\`\005,\203%\260\010\026"
 355      3A5803AB 
 355      C00D5C60 
 355      052C8325 
 355      B00816
 356 13fc C03C7082 		.ascii	"\300<p\20290\013f\3004\230\002\016`\007\223`\002\330"
 356      39300B66 
 356      C0349802 
 356      0E600793 
 356      6002D8
 357 140f C0381803 		.ascii	"\3008\030\003\243`\004\014\203!`\005\0260\010\314`\000"
 357      A360040C 
 357      83216005 
 357      163008CC 
 357      6000
 358 1421 F4833ED0 		.ascii	"\364\203>\320\013z@7\350\002&\320\011:@;h\003\255\240"
 358      0B7A4037 
 358      E80226D0 
 358      093A403B 
 358      6803ADA0 
 359 1435 05348326 		.ascii	"\0054\203&\320\010\032@=0\202:P\013j@5\250\002\225\300"
 359      D0081A40 
 359      3D30823A 
 359      500B6A40 
 359      35A80295 
 360 144a 002A4039 		.ascii	"\000*@9(\003\245\240\004\024\203\"P\010\364\240\000"
 360      2803A5A0 
 360      04148322 
 360      5008F4A0 
 360      00
 361 145b E4833C90 		.ascii	"\344\203<\220\013r@6\310\002\231 \003\244\2034\220\012"
 361      0B724036 
 361      C8029920 
 361      03A48334 
 361      900A
 362 146d 52403248 		.ascii	"R@2H\002\211 \001\304\003\035x\213C\374\301\013x\006"
 362      02892001 
 362      C4031D78 
 362      8B43FCC1 
 362      0B7806
 363 1480 4FE0113C 		.ascii	"O\340\021<\200{\020\005w\340\026D@\030\334\200kp\005"
 363      807B1005 
 363      77E01644 
 363      4018DC80 
ARM GAS  C:\Users\Luczia\AppData\Local\Temp\ccllel6F.s 			page 30


 363      6B7005
 364 1493 2E41085C 		.ascii	".A\010\\\200s\020\004\001p\006N\301\0118\006G\340\020"
 364      80731004 
 364      0170064E 
 364      C1093806 
 364      47E010
 365 14a6 F8C101F0 		.ascii	"\370\301\001\360\201}\260\007v\301\016\330\006[`\023"
 365      817DB007 
 365      76C10ED8 
 365      065B6013 
 366 14b6 78C106F0 		.ascii	"x\301\006\360\200u\260\006V\201\033\270\300\012X\006"
 366      8075B006 
 366      56811BB8 
 366      C00A5806 
 367 14c6 4B60112C 		.ascii	"K`\021,\200y\340\004s`\026\314\200i0\005\034\300\016"
 367      8079E004 
 367      736016CC 
 367      80693005 
 367      1CC00E
 368 14d9 26C104B0 		.ascii	"&\301\004\260\201q0\006F\301\010\030\006C\300\012,`"
 368      81713006 
 368      46C10818 
 368      0643C00A 
 368      2C60
 369 14eb 1098C100 		.ascii	"\020\230\301\000\350\007}\2407\356\003\216\221\237\374"
 369      E8077DA0 
 369      37EE038E 
 369      919FFC
 370 14fa F4DDFF01 		.ascii	"\364\335\377\001\011\364X\312"
 370      09F458CA 
 371              		.text
 372              		.section	.gnu.lto_crc32.803eface,"",%progbits
 373 0000 789C7553 		.ascii	"x\234uSAO\023A\024\2367owK\245\245j\214\032\302\201"
 373      414F1341 
 373      149E376F 
 373      774BA5A5 
 373      6A8C1AC2 
 374 0015 83A42131 		.ascii	"\203\244!1\364/\030\317\376\213Z\324\013\032\224\304"
 374      F42F18CF 
 374      FE8B5AD4 
 374      0B1A94C4 
 375 0025 1B038582 		.ascii	"\033\003\205\202\250\027\" \353\206\264i\210'\"\265"
 375      A8172220 
 375      EB86B469 
 375      882722B5 
 376 0035 2052014B 		.ascii	" R\001K\221R\023\0015\304\304\033\021%`\224\010A\022"
 376      91521301 
 376      35C4C41B 
 376      11256094 
 376      084112
 377 0048 8DA2EFCD 		.ascii	"\215\242\357\315\256\021!nv\337\356\274\371\276o\276"
 377      AE11216E 
 377      76DFEEBC 
 377      F9BE6FBE 
 378 0058 F766C712 		.ascii	"\367f\307\022B\224P\210\323\364>C\217\360\011\220\202"
 378      42945088 
 378      D3F43E43 
ARM GAS  C:\Users\Luczia\AppData\Local\Temp\ccllel6F.s 			page 31


 378      8FF00990 
 378      82
 379 0069 1E3028A2 		.ascii	"\0360(\242\216\206$\200\222&\005\303\004\2132\026\000"
 379      8E862480 
 379      922605C3 
 379      048B3216 
 379      00
 380 007a 4141344B 		.ascii	"AA4K4L\013\232\245!\274\353\026\336Ax\3256\354\340M"
 380      344C0B9A 
 380      A521BCEB 
 380      16DE4178 
 380      D536ECE0 
 381 008f 7490B834 		.ascii	"t\220\2704\334\234\267W*x\010PM\303O\033\305\221@\355"
 381      DC9CB757 
 381      2A780850 
 381      4DC34F1B 
 381      C59140ED 
 382 00a3 7DA55A55 		.ascii	"}\245ZU\276o\300\262G^*\277\203R\364\022|\004\252 \013"
 382      BE6FC0B2 
 382      475E2ABF 
 382      8352F412 
 382      7C04AA20 
 383 00b8 552C3E0A 		.ascii	"U,>\012\265\004^\316m\3353\360(\010\372^X\375:\033\012"
 383      B5045ECE 
 383      6DDD33F0 
 383      2808FA5E 
 383      58FD3A1B 
 384 00cd 0F6AE252 		.ascii	"\017j\342R\032\325)\007\021\036\001\356%RJ\300\030\204"
 384      1AD52907 
 384      111E01EE 
 384      25524AC0 
 384      1884
 385 00df 09FEB390 		.ascii	"\011\376\263\220L\224a\245\246\336\316\246J\025\036"
 385      4C9461A5 
 385      A6DECEA6 
 385      4A151E
 386 00ee F5FDA0A6 		.ascii	"\365\375\240\246Jx\274\237*\005\214C\230\361\361\365"
 386      4A78BC9F 
 386      2A058C43 
 386      98F1F1F5 
 387 00fe E27800C3 		.ascii	"\342x\000\303\232;\227\311-\2305i\315-\366\037O\305"
 387      9A3B97C9 
 387      2D983569 
 387      CD2DF61F 
 387      4FC5
 388 0110 554919CC 		.ascii	"UI\031\314\317\375\313\347\213\340\3572\273=A\313\200"
 388      CFFDCBE7 
 388      8BE0EF32 
 388      BB3D41CB 
 388      80
 389 0121 2750C325 		.ascii	"'P\303%Q%\023\3243\352\227\244\311\314\347o\323\026"
 389      512513D4 
 389      33EA97A4 
 389      C9CCE76F 
 389      D316
 390 0133 6B75ABFC 		.ascii	"ku\253\374N\177e*\336\356j\211\375B0\0115,\361\340\265"
 390      4E7F652A 
ARM GAS  C:\Users\Luczia\AppData\Local\Temp\ccllel6F.s 			page 32


 390      DEEE6A89 
 390      FD423009 
 390      352CF1E0 
 391 0148 9957BBBF 		.ascii	"\231W\273\277:T~\367\344\367\355\305#\207\201|\032\222"
 391      3A547EF7 
 391      E4F7EDC5 
 391      2387817C 
 391      1A92
 392 015a EB440AA6 		.ascii	"\353D\012\246\301C\223\277h\015\302\227\351\350\327"
 392      C14393BF 
 392      680DC297 
 392      E9E8D7
 393 0169 B11CB89C 		.ascii	"\261\034\270\234\000\027\026\004nJH\247\205\350d[\342"
 393      00171604 
 393      6E4A48A7 
 393      85E8645B 
 393      E2
 394 017a 062D2BF0 		.ascii	"\006-+\360#\264n\257\335]\261\330\245\215e\344\261\267"
 394      23B46EAF 
 394      DD5DB1D8 
 394      A58D65E4 
 394      B1B7
 395 018c BDB0E8E3 		.ascii	"\275\260\350\343\355\222 `\212\374h\210\035\367\271"
 395      ED922060 
 395      8AFC6888 
 395      1DF7B9
 396 019b 10BFCE31 		.ascii	"\020\277\3161\0355=n'&\263\303\340N\202\215\026IL/?"
 396      1D353D6E 
 396      2726B3C3 
 396      E04E828D 
 396      16494C2F 
 397 01b0 DC2C7725 		.ascii	"\334,w%\014x\252%\342N\302\303H\033\203\204\324\262"
 397      0C78AA25 
 397      E24EC2C3 
 397      481B8384 
 397      D4B2
 398 01c2 256F5DFE 		.ascii	"%o]\376kV\247\266\336j\222\011j\271S\031\220w\327\376"
 398      6B56A7B6 
 398      DE6A9209 
 398      6AB95319 
 398      9077D7FE 
 399 01d6 D1F5DC74 		.ascii	"\321\365\334tQ\306^w\2507g\2420_\264\2220\320\242\224"
 399      51C65E77 
 399      A83767A2 
 399      305FB492 
 399      30D0A294 
 400 01ea AA76585B 		.ascii	"\252vX[\3024\373\203\002$y\215\302R\32782}/\327<\300"
 400      C234FB83 
 400      0224798D 
 400      C252D738 
 400      327D2FD7 
 401 0200 4D563AC8 		.ascii	"MV:\310>`\206\3114\371f,7\026\214\014\251\266\026\326"
 401      3E6086C9 
 401      34F9662C 
 401      37168C0C 
 401      A9B616D6 
 402 0214 F5C13392 		.ascii	"\365\3013\222\353\321}\203Y\210\220\027\256\25171\224"
ARM GAS  C:\Users\Luczia\AppData\Local\Temp\ccllel6F.s 			page 33


 402      EBD17D83 
 402      59889017 
 402      AEA93731 
 402      94
 403 0225 FD225D73 		.ascii	"\375\"]s!\267\364\321\216\027\231Cn\351\000E\257St<"
 403      21B7F4D1 
 403      8E179943 
 403      6EE90045 
 403      AF53743C 
 404 0239 F003B42D 		.ascii	"\360\003\264-\314\034s\261t\227\263\324\216n\250\354"
 404      CC1C73B1 
 404      7497B3D4 
 404      8E6EA8EC 
 405 0249 F6111DBB 		.ascii	"\366\021\035\273O\020\322\374\263%\003i\257\337\246"
 405      4F10D2FC 
 405      B3250369 
 405      AFDFA6
 406 0258 D78742CE 		.ascii	"\327\207B\316\357&\002\007\313\326\260\3779\237\373"
 406      EF260207 
 406      CBD6B0FF 
 406      399FFB
 407 0267 EBBC0411 		.ascii	"\353\274\004\021\355\207\3160\256\321\031\356\243\364"
 407      ED87CE30 
 407      AED119EE 
 407      A3F4
 408 0275 06B4567B 		.ascii	"\006\264V{\302\214\351D\376U\205\010\325E\256^nj\214"
 408      C28CE944 
 408      FE558508 
 408      D545AE5E 
 408      6E6A8C
 409 0288 C622D1C6 		.ascii	"\306\"\321\306h]T\370\256\234m\252\257\2175\006\334"
 409      685D54F8 
 409      AE9C6DAA 
 409      AF8F3506 
 409      DC
 410 0299 D7B958C3 		.ascii	"\327\271X\303\205k\027\315K\015\347c\327\177\003M,,"
 410      856B17CD 
 410      4B0DE763 
 410      D77F034D 
 410      2C2C
 411 02ab DC       		.ascii	"\334"
 412              		.text
 413              		.section	.gnu.lto_crc32_reset.803eface,"",%progbits
 414 0000 789C7590 		.ascii	"x\234u\220\275K\003A\020\305\347\335\234\233\210\004"
 414      BD4B0341 
 414      10C5E7DD 
 414      9C9B8804 
 415 0010 B1102C2C 		.ascii	"\261\020,,l\323\344\376\013\377\221\303Z\210Xg\215&"
 415      6CD3E4FE 
 415      0BFF91C3 
 415      5A885867 
 415      8D26
 416 0022 39BF3A13 		.ascii	"9\277:\023A\016\011XX\211\210\321|(r\234A+\021D\004"
 416      410E0958 
 416      588988D1 
 416      7C28729C 
 416      412B1144 
ARM GAS  C:\Users\Luczia\AppData\Local\Temp\ccllel6F.s 			page 34


 417 0037 C1422CA2 		.ascii	"\301B,\242\244\260P\013\253\350\354\255`\243\013\303"
 417      A4B0500B 
 417      ABE8ECAD 
 417      60A30BC3 
 418 0047 0EB36FDF 		.ascii	"\016\263o\337ox\212\210* \032\223{\\\212\230\340\220"
 418      6F788A88 
 418      2A201A93 
 418      7B5C8A98 
 418      E090
 419 0059 146448A0 		.ascii	"\024dH\240\202\203\002\326x\203\021Wzm'\273\253\345"
 419      828302D6 
 419      78831157 
 419      7A6D27BB 
 419      ABE5
 420 006b 449B0FAA 		.ascii	"D\233\017\252\254K\023!\023\325\230\222\203CdIdO\007"
 420      AC4B1321 
 420      13D59892 
 420      83436449 
 420      644F07
 421 007e 836A46B9 		.ascii	"\203jF\271v\216\006\024\031\243\375\233\241H\017\276"
 421      768E0614 
 421      19A3FD9B 
 421      A1480FBE 
 422 008e 2A3AEAEE 		.ascii	"*:\352\356\340}:\005\012Y8!;l:\327tDA\342\265lZ\356"
 422      E07D3A05 
 422      0A593821 
 422      3B6C3AD7 
 422      744441E2 
 423 00a6 A3F8F1D2 		.ascii	"\243\370\361\322:W\306b\213!\316\275\263\267\373\221"
 423      3A57C662 
 423      8B21CEBD 
 423      B3B7FB91 
 424 00b6 551639F4 		.ascii	"U\0269\364c\240]\034a\222\372\210;\303V\343\210\246"
 424      63A05D1C 
 424      6192FA88 
 424      3BC356E3 
 424      88A6
 425 00c8 568AAF53 		.ascii	"V\212\257SVc\2269\215\257.T\035\333\013\262\364T\310"
 425      56639639 
 425      8DAF2E54 
 425      1DDB0BB2 
 425      F454C8
 426 00db 2C463896 		.ascii	",F8\226_\346\355\256\331if\274=\275\204\220]4QG5\301"
 426      5FE6EDAE 
 426      D96966BC 
 426      3DBD8490 
 426      5D345147 
 427 00f1 A3058F0C 		.ascii	"\243\005\217\014=mm\371\207\263\370Y\206\235\270\226"
 427      3D6D6DF9 
 427      87B3F859 
 427      869DB896 
 428 0101 D5E85E96 		.ascii	"\325\350^\226\323\206%Y\241mw\271]I4\177\242\371\037"
 428      D3862559 
 428      A16D77B9 
 428      5D49347F 
 428      A2F91F
 429 0114 74E7177D 		.ascii	"t\347\027}\002O\354\351\025\305\372\363z\342\224d\033"
ARM GAS  C:\Users\Luczia\AppData\Local\Temp\ccllel6F.s 			page 35


 429      024FECE9 
 429      15C5FAF3 
 429      7AE29464 
 429      1B
 430 0125 B06428A1 		.ascii	"\260d(\241\214\346\274\271\331\371\274?\343\371y?\347"
 430      8CE6BCB9 
 430      D9F9BC3F 
 430      E3F9793F 
 430      E7
 431 0136 D337AB65 		.ascii	"\3237\253ex\362"
 431      78F2
 432              		.text
 433              		.section	.gnu.lto_.symbol_nodes.803eface,"",%progbits
 434 0000 789C6363 		.ascii	"x\234cc``p\004b\006\246f\306z\006\206\011\347\030\030"
 434      60607004 
 434      6206A666 
 434      C67A0686 
 434      09E71818 
 435 0014 80D4AE46 		.ascii	"\200\324\256F\240\030k\023#C\253\022H\252\205\261\236"
 435      A0186B13 
 435      2343AB12 
 435      48AA85B1 
 435      9E
 436 0025 11458AA9 		.ascii	"\021E\212\251\225\261\236\011E\204\001\000\346\177\016"
 436      95B19E09 
 436      45840100 
 436      E67F0E
 437 0034 97       		.ascii	"\227"
 438              		.text
 439              		.section	.gnu.lto_.refs.803eface,"",%progbits
 440 0000 789C6363 		.ascii	"x\234cc```\003bF \342f\000\000\000\275\000\032"
 440      60606003 
 440      624620E2 
 440      66000000 
 440      BD001A
 441              		.text
 442              		.section	.gnu.lto_.decls.803eface,"",%progbits
 443 0000 789CAD56 		.ascii	"x\234\255VkL\024W\024\2363w\201eA0hZ\323n\322\215\017"
 443      6B4C1457 
 443      149E3377 
 443      81654130 
 443      685AD36E 
 444 0017 DC1F7597 		.ascii	"\334\037u\227\207\325\3264\215\211\332\326\244\366\007"
 444      87D5D634 
 444      8D89DAD6 
 444      A4F607
 445 0026 DA26B69B 		.ascii	"\332&\266\233\256\010\253\322\310n\313.\011\376\033"
 445      AE08ABD2 
 445      C86ECB2E 
 445      09FE1B
 446 0035 4005C5A6 		.ascii	"@\005\305\246\240\326\007\325\252\250\250UP\253h\025"
 446      A0D607D5 
 446      AAA8A855 
 446      50AB6815 
 447 0045 1FAB820F 		.ascii	"\037\253\202\017\220\247\357*\202\002\212\365\205\240"
 447      90A7EF2A 
 447      82028AF5 
ARM GAS  C:\Users\Luczia\AppData\Local\Temp\ccllel6F.s 			page 36


 447      85A0
 448 0053 2260BB3D 		.ascii	"\"`\273=\367\336\231\235\221B\343\217\336pv\346\336"
 448      F7DE999D 
 448      9142E38F 
 448      DE7076E6 
 448      DE
 449 0064 F9CEF9CE 		.ascii	"\371\316\371\316\353\236\020(\010\302\324\020A\360\202"
 449      EB9E1028 
 449      08C2D410 
 449      41F082
 450 0073 204C44F1 		.ascii	" LD\361\341\012\300\263\023\202\272\010\212\027\245"
 450      E10AC0B3 
 450      1382BA08 
 450      8A17A5
 451 0082 1AA50E05 		.ascii	"\032\245\016\005a\302M\341\325\225\216\207hF\210@\031"
 451      61C24DE1 
 451      D5958E87 
 451      68468840 
 451      19
 452 0093 8A128952 		.ascii	"\212\022\211R\2122\023\345+\024#J#\312m\224\006\224"
 452      8A3213E5 
 452      2B14234A 
 452      23CA6D94 
 452      0694
 453 00a5 1BB21EC8 		.ascii	"\033\262\036\310\266E\331fs\037\273G\201\363G\312v\033"
 453      B645D966 
 453      731FBB47 
 453      81F347CA 
 453      761B
 454 00b7 8481D77A 		.ascii	"\204\201\327z\304\3525>\234E\251D\031\215\242\307oA"
 454      C4EA353E 
 454      9C45A944 
 454      198DA2C7 
 454      6F41
 455 00c9 283D3227 		.ascii	"(=2'\375\0019&\372\014\206Wmm\306=\315\303,Y\227\332"
 455      FD013926 
 455      FA0C8657 
 455      6D6DC63D 
 455      CDC32C59 
 456 00df D0EAFBE4 		.ascii	"\320\352\373\344g]?~\254$\260sy\363j]#4P\010\014\006"
 456      675D3F7E 
 456      AC24B073 
 456      79F36A5D 
 456      23345008 
 457 00f5 90D9B48B 		.ascii	"\220\331\264\213YQ\026\375\316\001\242\342\235\214\352"
 457      595116FD 
 457      CE01A2E2 
 457      9D8CEA
 458 0104 ABC63DE7 		.ascii	"\253\306=\347\"\012*V\325\320X\325(\003[\002sE\353\013"
 458      220A2A56 
 458      D5D058D5 
 458      28035B02 
 458      7345EB0B 
 459 0118 F34C760F 		.ascii	"\363Lv\017Tz\360c\024\274\306*\370\225\376\355\235\300"
 459      547AF063 
 459      14BCC62A 
 459      F895FEED 
ARM GAS  C:\Users\Luczia\AppData\Local\Temp\ccllel6F.s 			page 37


 459      9DC0
 460 012a EB459370 		.ascii	"\353E\223p\351\301\262\342\320&\270\211Pl\203\\}2\320"
 460      E9C1B2E2 
 460      D026B889 
 460      506C835C 
 460      7D32D0
 461 013d D3751DAD 		.ascii	"\323u\035\255\353\003\211\310\336\353\266\354\351\010"
 461      EB0389C8 
 461      DEEBB6EC 
 461      E908
 462 014b 217AF6FE 		.ascii	"!z\366\376b\311\235.b\331%\361\245\267\012p\000\210"
 462      62C99D2E 
 462      62D925F1 
 462      A5B70A70 
 462      0088
 463 015d 92CFE25D 		.ascii	"\222\317\342]\275{\014:\214\027f\032\300\251c\272\013"
 463      BD7B0C3A 
 463      8C17661A 
 463      C0A963BA 
 463      0B
 464 016e F7AC2339 		.ascii	"\367\254#9\004\"\014\240\303\355\223\252\374\3460\334"
 464      04220CA0 
 464      C3ED93AA 
 464      FCE630DC 
 465 017e 0E358009 		.ascii	"\0165\200\011\267\205[\357\267\017\012]*I\031\322\306"
 465      B7855BEF 
 465      B70F0A5D 
 465      2A4919D2 
 465      C6
 466 018f 4C29F853 		.ascii	"L)\370S0\032\3400\030\341\020`'B)\204\312\206s\032Z"
 466      301AE030 
 466      18E11060 
 466      27422984 
 466      CA86731A 
 467 01a4 9DCC2E1E 		.ascii	"\235\314.\036\301\357\300,\227\373\272\274\341\334\262"
 467      C1EFC02C 
 467      97FBBABC 
 467      E1DCB2
 468 01b3 88DBFAF6 		.ascii	"\210\333\372\366\363\353C\270\345\301\270\315jk{g\330"
 468      F3EB43B8 
 468      E5C1B8CD 
 468      6A6B7B67 
 468      D8
 469 01c4 2AEA636E 		.ascii	"*\352cn\2464X\204H\003\034C\303G\231\341\3430\014\177"
 469      A6345884 
 469      48031C43 
 469      C34799E1 
 469      E3300C7F 
 470 01d8 8FA01D66 		.ascii	"\217\240\035f}Ky\365\013\335\360\215\322F\257\344=\323"
 470      7D4B79F5 
 470      0BDDF08D 
 470      D246AFE4 
 470      3DD3
 471 01ea F2F6F6FD 		.ascii	"\362\366\366\375\222\264\010\025u\024\007%@\340 Xhz"
 471      92B40815 
 471      75140725 
 471      40E02058 
ARM GAS  C:\Users\Luczia\AppData\Local\Temp\ccllel6F.s 			page 38


 471      687A
 472 01fc 4B68A4B0 		.ascii	"Kh\244\260\037\232\000\366A#\346\313\013\303Q\275\273"
 472      1F9A00F6 
 472      4123E6CB 
 472      0BC351BD 
 472      BB
 473 020d B7F5969E 		.ascii	"\267\365\226\236D\261\3644\234\335\261\223\206;\332"
 473      44B1F434 
 473      9CDDB193 
 473      863BDA
 474 021c 00B408E1 		.ascii	"\000\264\010\341x\264\373\301\241\356A\374\210\"\352"
 474      78B4FBC1 
 474      A1EE41FC 
 474      8822EA
 475 022b 7FECD812 		.ascii	"\177\354\330\022D\306\321w\261\361Z\357\21500\230\263"
 475      44C6D177 
 475      B1F15AEF 
 475      8D303098 
 475      B3
 476 023c FD0910FC 		.ascii	"\375\011\020\374\341\303i0S\035\312\015\247\360\360"
 476      E1C36930 
 476      531DCA0D 
 476      A7F0F0
 477 024b 241E16D2 		.ascii	"$\036\026\322\200\2745k>Z\333!I&(\007\003\224\251\376"
 477      80BC356B 
 477      3E5ADB21 
 477      49262807 
 477      0394A9FE 
 478 025f 8D36F078 		.ascii	"\2156\360xvl\311+\010$\333\201q\224\376\334Z.\016\304"
 478      766CC92B 
 478      0824DB81 
 478      7194FEDC 
 478      5A2E0EC4 
 479 0273 716E608E 		.ascii	"qn`\216\342\341\2471\011\"\234E\2163*\007Rr\2223\333"
 479      E2E1A731 
 479      09229C45 
 479      8E332A07 
 479      52729233 
 480 0288 4B4E00AB 		.ascii	"KN\000\253\011E\360b\373\032.\234\013\324\226\223~R"
 480      0945F062 
 480      FB1A2E9C 
 480      0BD49693 
 480      7E52
 481 029a EB59E9AF 		.ascii	"\353Y\351\257\347/\305w\213B\2312\236A\005/h\326\325"
 481      E72FC577 
 481      8B429932 
 481      9E41052F 
 481      68D6D5
 482 02ad 9C0E515B 		.ascii	"\234\016Q[3\252\255\026\255\212\025\355\274R\264\365"
 482      33AAAD16 
 482      AD8A15ED 
 482      BC52B4F5 
 483 02bd 9BB695A8 		.ascii	"\233\266\225\250E\033\261\351\324b\251\0265'2 \234P"
 483      451BB1E9 
 483      D462A916 
 483      35273220 
 483      9C50
ARM GAS  C:\Users\Luczia\AppData\Local\Temp\ccllel6F.s 			page 39


 484 02cf 3D3ED1B7 		.ascii	"=>\321\267j\325\254j\231+.w\211\344\007\336\341\273"
 484      6AD5AC6A 
 484      992B2E77 
 484      89E407DE 
 484      E1BB
 485 02e1 96F95606 		.ascii	"\226\371V\006h\251g\275\241a\256e\314N\231x\335\232"
 485      68A967BD 
 485      A161AE65 
 485      CC4E9978 
 485      DD9A
 486 02f3 8AE63099 		.ascii	"\212\3460\231\370y~h\276\344\315\220h\242\020\0055*"
 486      F8797E68 
 486      BEE4CD90 
 486      68A21005 
 486      352A
 487 0305 6D4D5FDA 		.ascii	"mM_\332:F[W[T\241#k9\355\352\207\335o\361\016\226\350"
 487      3A465B57 
 487      5B54A123 
 487      6B39EDEA 
 487      87DD6FF1 
 488 031c E5282BF3 		.ascii	"\345(+\363\325\000oa\211\336\216\335\213Zv\350\371w"
 488      D5006F61 
 488      89DE8EDD 
 488      8B5A76E8 
 488      F977
 489 032e 1FD0D6E9 		.ascii	"\037\320\326\351Y\373 \320\220M\275\344\351\215\320"
 489      59FB20D0 
 489      904DBDE4 
 489      E98DD0
 490 033d 66F732AD 		.ascii	"f\3672\255\014X\215p\011\267\210\316=U\274*(\"\227\305"
 490      0C588D70 
 490      09B788CE 
 490      3D55BC2A 
 490      282297C5 
 491 0351 84796157 		.ascii	"\204yaW\340\"\242/0\364\025\210Pt(xkOo;\355\333H\332"
 491      E022A22F 
 491      30F41588 
 491      50742878 
 491      6B4F6F3B 
 492 0369 B744D3B5 		.ascii	"\267D\323\265\221\274k\367\237\3179\024L6s\267\017\335"
 492      91BC6BF7 
 492      9FCF3914 
 492      4C3673B7 
 492      0FDD
 493 037b EDD9136C 		.ascii	"\355\331\023l.Tf\200@A\177\310S\200\233\373\365\311"
 493      2E546680 
 493      40417FC8 
 493      53809BFB 
 493      F5C9
 494 038d 8AC72106 		.ascii	"\212\307!\006\326r\271\231\331\001f\301\237M\270\216"
 494      D672B999 
 494      D90166C1 
 494      9F4DB88E 
 495 039d 2D1729B7 		.ascii	"-\027)\267\3345<\274\312\275m~\221\377$P\353\355\015"
 495      DC353CBC 
 495      CABD6D7E 
 495      91FF2450 
ARM GAS  C:\Users\Luczia\AppData\Local\Temp\ccllel6F.s 			page 40


 495      EBED0D
 496 03b0 F80F7737 		.ascii	"\370\017w7\334\317\3316h\324f\251\035kP\335\034\220"
 496      DCCFD936 
 496      68D466A9 
 496      1D6B50DD 
 496      1C90
 497 03c2 2E797538 		.ascii	".yu8\305#\240\236\347_\243HO\276\021\005\034o\243V\022"
 497      C523A09E 
 497      E75FA348 
 497      4FBE1105 
 497      1C6FA356 
 498 03d7 7279DBB1 		.ascii	"ry\333\261^\002\006#\340w\310\226\313\255uO\300R\321"
 498      5E020623 
 498      E077C896 
 498      CBAD754F 
 498      C052D1
 499 03ea 34DEC27D 		.ascii	"4\336\302}\023\356\363%D\265\373|A\354\234\355\244\274"
 499      13EEF325 
 499      44B5FB7C 
 499      41EC9CED 
 499      A4BC
 500 03fc 820FD98E 		.ascii	"\202\017\331\216\376P\317\3632\177\323k\233\236:\242"
 500      FE50CFF3 
 500      327FD36B 
 500      9B9E3AA2 
 501 040c 96E5366F 		.ascii	"\226\3456oz\372\244\315\263\254\272\034FlbW\354\371"
 501      7AFAA4CD 
 501      B3ACBA1C 
 501      466C6257 
 501      ECF9
 502 041e 9B52B61E 		.ascii	"\233R\266\036;\215\315\021>\304\233a\004\202\362K\237"
 502      3B8DCD11 
 502      3EC49B61 
 502      0482F24B 
 502      9F
 503 042f 5604F0BA 		.ascii	"V\004\360\272\353q[z\360\310\351\000\336\026Q\270=R"
 503      EB715B7A 
 503      F0C8E900 
 503      DE1651B8 
 503      3D52
 504 0441 D5BD2B8C 		.ascii	"\325\275+\214\034\340\2458^y\2560\224x\331F,\316\177"
 504      1CE0A538 
 504      5E79AE30 
 504      9478D946 
 504      2CCE7F
 505 0454 F9325CB9 		.ascii	"\3712\\\271\352}\002\203{\375\344]\031'\221\253\263"
 505      EA7D0283 
 505      7BFDE45D 
 505      192791AB 
 505      B3
 506 0465 6807B761 		.ascii	"h\007\267a\312\357\252\035\034)'\373X\336\365;\006R"
 506      CAEFAA1D 
 506      1C2927FB 
 506      58DEF53B 
 506      0652
 507 0477 C939326A 		.ascii	"\31192j\177\352\034\220\343\301\300\034\3051el\234\334"
 507      7FEA1C90 
ARM GAS  C:\Users\Luczia\AppData\Local\Temp\ccllel6F.s 			page 41


 507      E3C1C01C 
 507      C531656C 
 507      9CDC
 508 0489 478E3F55 		.ascii	"G\216?U\2166\245\242?w6\334\013\346A\232q{\253\341\356"
 508      8E36A5A2 
 508      3F7736DC 
 508      0BE6419A 
 508      717BABE1 
 509 049e D2307291 		.ascii	"\3220r\221\007\251\334\003\243|\017\224\3364\312\275"
 509      07A9DC03 
 509      A37C0F94 
 509      DE34CABD 
 510 04ae E9ED2CD2 		.ascii	"\351\355,\322\221\233\334\277\275E-\337\202\331\240"
 510      919BDCBF 
 510      BD452DDF 
 510      82D9A0
 511 04bd 446659C4 		.ascii	"DfY\304\"\353D\326'*\253\221\222\262\010\244\315\022"
 511      22EB44D6 
 511      272AAB91 
 511      92B208A4 
 511      CD12
 512 04cf 192640AC 		.ascii	"\031&@\254\021\242\320\377\016\364\337(\373\337\216"
 512      11A2D0FF 
 512      0EF4DF28 
 512      FBDF8E
 513 04de FE3FE6BD 		.ascii	"\376?\346\275\271c\303\366\262A\244\215\023\334,z\\"
 513      B963C3F6 
 513      B241A48D 
 513      13DC2C7A 
 513      5C
 514 04ef 4D5486E2 		.ascii	"MT\206\342\341\373X\\\317\221\341\251\312\320\011\003"
 514      E1FB585C 
 514      CF91E1A9 
 514      CAD00903 
 515 04ff 503CEB9F 		.ascii	"P<\353\237\242\265rw\206\236\264\363x3\312\226`\232"
 515      A2B57277 
 515      869EB4F3 
 515      7833CA96 
 515      609A
 516 0511 5039F3F5 		.ascii	"P9\363\365\224\037=[z[G\236r\3455\365{\247p\335\327"
 516      941F3D5B 
 516      7A5B479E 
 516      72E535F5 
 516      7BA770DD 
 517 0526 19F6A8D0 		.ascii	"\031\366\250\320\333\266\362\032\360n\243\035\232Qz"
 517      DBB6F21A 
 517      F06EA31D 
 517      9A517A
 518 0535 2D2F9C17 		.ascii	"-/\234\027\242\211~\256=\334\324\032F\272\230\361\240"
 518      A2897EAE 
 518      3DDCD41A 
 518      46BA98F1 
 518      A0
 519 0546 9359CF2B 		.ascii	"\223Y\317+\010\014\031I\2279O\276\254\022\216dx\211"
 519      080C1949 
 519      97394FBE 
 519      AC128E64 
ARM GAS  C:\Users\Luczia\AppData\Local\Temp\ccllel6F.s 			page 42


 519      7889
 520 0558 067B59C3 		.ascii	"\006{Y\303\377\015C\330\035\\(\232A\022GB:J&J\006\212"
 520      FF0D43D8 
 520      1D5C289A 
 520      41124742 
 520      3A4A264A 
 521 056e 0F46B246 		.ascii	"\017F\262F/\220\026fJ\336+\215\357V\325\267I\322\362"
 521      2F901666 
 521      4ADE2B8D 
 521      EF56D5B7 
 521      49D2F2
 522 0581 50E8C1F4 		.ascii	"P\350\301\364\375\205\351\243\312~\207[\230\275h\243"
 522      FD85E9A3 
 522      CA7E875B 
 522      98BD68A3 
 523 0591 5FA1E733 		.ascii	"_\241\3473\234\266\013\011Cw\367E[\373\200ON[#y\323"
 523      9CB60B09 
 523      4377F745 
 523      5BFB804F 
 523      4E5B2379 
 524 05a6 F13F1604 		.ascii	"\361?\026\004w\311`9\217\014z\0308\026K\344\255\237"
 524      77C96039 
 524      8F0C7A18 
 524      38164BE4 
 524      AD9F
 525 05b8 B616C738 		.ascii	"\266\026\3078a\335yG\306\372\273\232\241[5\350\012\331"
 525      61DD7947 
 525      C6FABB9A 
 525      A15B35E8 
 525      0AD9
 526 05ca 32ADF9A3 		.ascii	"2\255\371\243~,?dX\336 \217\316G\244c\206(F\220\233"
 526      7E2C3F64 
 526      58DE208F 
 526      CE47A463 
 526      86284690 
 527 05df 439991DB 		.ascii	"C\231\221\333\212\012t\244\204\260\256*\352.\314\016"
 527      8A0A74A4 
 527      84B0AE2A 
 527      EA2ECC0E 
 528 05ef 05F310AE 		.ascii	"\005\363\020\256t\247*\020\347*d\211C`\221\350\357)"
 528      74A72A10 
 528      E72A6489 
 528      436091E8 
 528      EF29
 529 0601 6A4210FA 		.ascii	"jB\020\372\315:,\306d\277N\342\221\267\252\246\350\\"
 529      CD3A2CC6 
 529      64BF4EE2 
 529      91B7AAA6 
 529      E85C
 530 0613 88765E51 		.ascii	"\210v^Q\032u^e\213|^\341\023\301\317\362*.\205\311\363"
 530      1A755E65 
 530      8B7C5EE1 
 530      13C1CFF2 
 530      2A2E85C9 
 531 0628 EA4CCBE8 		.ascii	"\352L\313\350<)w0\233X\325\312\304Z\"\216\020\002\022"
 531      3C297730 
 531      9B58D5CA 
ARM GAS  C:\Users\Luczia\AppData\Local\Temp\ccllel6F.s 			page 43


 531      C45A228E 
 531      100212
 532 063b 5212A2C7 		.ascii	"R\022\242\307\205Y\254nWjJ\202\303\212[K\202\376\223"
 532      8559AC6E 
 532      576A4A82 
 532      C38A5B4B 
 532      82FE93
 533 064e CFBF304D 		.ascii	"\317\2770M\212\216\026\302_=g\350\330\030\203\335\236"
 533      8A8E16C2 
 533      5F3D67E8 
 533      D81883DD 
 533      9E
 534 065f 9AE4F4C4 		.ascii	"\232\344\364\304\306\330=s\022&\330\022\346%\315Nr{"
 534      C6D83D73 
 534      1226D812 
 534      E625CD4E 
 534      727B
 535 0671 5213935C 		.ascii	"R\023\223\\6\217\3135\337m\233\353L5\2617S|J\262\311"
 535      368FCB35 
 535      DF6D9BEB 
 535      4C35B137 
 535      537C4AB2 
 536 0686 913CDB91 		.ascii	"\221<\333\221\230\350H\264\215\267D\231b\242\242\307"
 536      98E848B4 
 536      8DB74499 
 536      62A2A2C7 
 537 0696 7F3FD686 		.ascii	"\177?\326\206\347c\234.\247c\214#~v\222-\311\2310?5"
 537      E7639C2E 
 537      A7638C23 
 537      7E76922D 
 537      C999303F 
 538 06ab D1614B8E 		.ascii	"\321aK\216G[N\207\315\236\350\230\023\237:\337c\367"
 538      475B4E87 
 538      CD9EE898 
 538      139F3ADF 
 538      63F7
 539 06bd 2CF8CEE1 		.ascii	",\370\316\341\266\314\023\364\012\337\327\377+\237{"
 539      B6CC13F4 
 539      0ADFD7FF 
 539      2B9F7B
 540 06cc 81DB6677 		.ascii	"\201\333fw{\022\3218\222\204\260\340\354)\016\267\303"
 540      7B12D138 
 540      9284B0E0 
 540      EC290EB7 
 540      C3
 541 06dd 13CCD262 		.ascii	"\023\314\322b\367\304\317\216p\317s\245xL\251Nw\322"
 541      F7C4CF8E 
 541      70CF73A5 
 541      784CA94E 
 541      77D2
 542 06ef 5CA723D1 		.ascii	"\\\247#\321\204\330\340\270)\323\247\304}9er\264\234"
 542      84D8E0B8 
 542      29D3A7C4 
 542      7D396572 
 542      B49C
 543 0701 098AD42B 		.ascii	"\011\212\324+/\376\257Q\301\374\353\373vO\220\374$S"
 543      2FFEAF51 
ARM GAS  C:\Users\Luczia\AppData\Local\Temp\ccllel6F.s 			page 44


 543      C1FCEBFB 
 543      764F90FC 
 543      2453
 544 0713 27C789F8 		.ascii	"'\307\211\3707)n\202\305b\305?\026\213\313\035\375A"
 544      37296E82 
 544      C562C53F 
 544      168BCB1D 
 544      FD41
 545 0725 B4D5E5B6 		.ascii	"\264\325\345\266&\270\222\223]N\253#\315c\235>\003\377"
 545      26B89293 
 545      5D4EAB23 
 545      CD639D3E 
 545      03FF
 546 0737 A6C5C67C 		.ascii	"\246\305\306|<6-\315\352\366$\307\306\314\031\033\365"
 546      3C362DCD 
 546      EAF624C7 
 546      C6CC191B 
 546      F5
 547 0748 5E5A1AF5 		.ascii	"^Z\032\365sR\334$\373\014\314\314d\307\234\177\000\012"
 547      7352DC24 
 547      FB0CCCCC 
 547      64C79C7F 
 547      000A
 548 075a 43CF57   		.ascii	"C\317W"
 549              		.text
 550              		.section	.gnu.lto_.symtab.803eface,"",%progbits
 551 0000 63726331 		.ascii	"crc16\000"
 551      3600
 552 0006 00       		.ascii	"\000"
 553 0007 00       		.ascii	"\000"
 554 0008 00       		.ascii	"\000"
 555 0009 00000000 		.ascii	"\000\000\000\000\000\000\000\000"
 555      00000000 
 556 0011 C0000000 		.ascii	"\300\000\000\000"
 557 0015 63726331 		.ascii	"crc16_tab\000"
 557      365F7461 
 557      6200
 558 001f 00       		.ascii	"\000"
 559 0020 00       		.ascii	"\000"
 560 0021 00       		.ascii	"\000"
 561 0022 00000000 		.ascii	"\000\000\000\000\000\000\000\000"
 561      00000000 
 562 002a DE000000 		.ascii	"\336\000\000\000"
 563 002e 63726333 		.ascii	"crc32\000"
 563      3200
 564 0034 00       		.ascii	"\000"
 565 0035 00       		.ascii	"\000"
 566 0036 00       		.ascii	"\000"
 567 0037 00000000 		.ascii	"\000\000\000\000\000\000\000\000"
 567      00000000 
 568 003f CE000000 		.ascii	"\316\000\000\000"
 569 0043 63726333 		.ascii	"crc32_reset\000"
 569      325F7265 
 569      73657400 
 570 004f 00       		.ascii	"\000"
 571 0050 00       		.ascii	"\000"
 572 0051 00       		.ascii	"\000"
ARM GAS  C:\Users\Luczia\AppData\Local\Temp\ccllel6F.s 			page 45


 573 0052 00000000 		.ascii	"\000\000\000\000\000\000\000\000"
 573      00000000 
 574 005a D1000000 		.ascii	"\321\000\000\000"
 575              		.text
 576              		.section	.gnu.lto_.opts,"",%progbits
 577 0000 272D666D 		.ascii	"'-fmath-errno' '-fsigned-zeros' '-ftrapping-math' '"
 577      6174682D 
 577      6572726E 
 577      6F272027 
 577      2D667369 
 578 0033 2D666E6F 		.ascii	"-fno-trapv' '-fno-strict-overflow' '-fno-openmp' '-"
 578      2D747261 
 578      70762720 
 578      272D666E 
 578      6F2D7374 
 579 0066 666E6F2D 		.ascii	"fno-openacc' '-mcpu=cortex-m4' '-mthumb' '-O0' '-fo"
 579      6F70656E 
 579      61636327 
 579      20272D6D 
 579      6370753D 
 580 0099 6D69742D 		.ascii	"mit-frame-pointer' '-falign-functions=16' '-ffuncti"
 580      6672616D 
 580      652D706F 
 580      696E7465 
 580      72272027 
 581 00cc 6F6E2D73 		.ascii	"on-sections' '-fdata-sections' '-fno-common' '-flto"
 581      65637469 
 581      6F6E7327 
 581      20272D66 
 581      64617461 
 582 00ff 2700     		.ascii	"'\000"
 583              		.text
 584              		.comm	__gnu_lto_v1,1,1
 585              		.comm	__gnu_lto_slim,1,1
 586              		.ident	"GCC: (GNU Tools for Arm Embedded Processors 7-2017-q4-major) 7.2.1 20170904 (release) [ARM
ARM GAS  C:\Users\Luczia\AppData\Local\Temp\ccllel6F.s 			page 46


DEFINED SYMBOLS
                            *ABS*:00000000 crc.c
                            *COM*:00000001 __gnu_lto_v1
                            *COM*:00000001 __gnu_lto_slim

NO UNDEFINED SYMBOLS
