ARM GAS  C:\Users\Luczia\AppData\Local\Temp\ccKxGmmj.s 			page 1


   1              		.cpu cortex-m4
   2              		.eabi_attribute 20, 1
   3              		.eabi_attribute 21, 1
   4              		.eabi_attribute 23, 3
   5              		.eabi_attribute 24, 1
   6              		.eabi_attribute 25, 1
   7              		.eabi_attribute 26, 1
   8              		.eabi_attribute 30, 6
   9              		.eabi_attribute 34, 1
  10              		.eabi_attribute 18, 4
  11              		.file	"crt1.c"
  12              		.section	.gnu.lto_.inline.803e8d3f,"",%progbits
  13 0000 789C6363 		.ascii	"x\234cc``\210a@\000V\006\006f&\006\006&\246\005\362"
  13      60608861 
  13      40005606 
  13      06662606 
  13      0626A605 
  14 0015 0C2C0C4C 		.ascii	"\014,\014L !F\014\021&\014\021f0\005\302P\001\026\006"
  14      2021460C 
  14      11260C11 
  14      663005C2 
  14      50011606 
  15 0029 1161A080 		.ascii	"\021a\240\200\312\207\025L0!\006\000\340\274\004\323"
  15      CA87154C 
  15      30210600 
  15      E0BC04D3 
  16              		.text
  17              		.section	.gnu.lto___core_init.803e8d3f,"",%progbits
  18 0000 789C6363 		.ascii	"x\234cc``(\001bG \026\005b\006f\006F&\006 fd\004r\030"
  18      60602801 
  18      62472016 
  18      05620666 
  18      06462606 
  19 001a 19EA9918 		.ascii	"\031\352\231\030\353\031{\230\24703\036j\177\266\223"
  19      EB197B98 
  19      A730331E 
  19      6A7FB693 
  20 002a 49737903 		.ascii	"Isy\003\020\034\230\276\211\253\255\241Ub\0163\003\303"
  20      101C98BE 
  20      89ABADA1 
  20      55620E33 
  20      03C3
  21 003c 34660630 		.ascii	"4f\0060`\334\314\250\311\000T\366h\343\277\251\274l"
  21      60DCCCA8 
  21      C90054F6 
  21      68E3BFA9 
  21      BC6C
  22 004e 2C1071C6 		.ascii	",\020q\306-\214l\014 \203\326_b=\320\360\357\177{\303"
  22      2D8C6C0C 
  22      2083D65F 
  22      623DD0F0 
  22      EF7F7BC3 
  23 0062 81238B19 		.ascii	"\201#\213\031\367{\001m\350\000\353\353d\0062\231\337"
  23      F77B016D 
  23      E800EBEB 
  23      64063299 
  23      DF
ARM GAS  C:\Users\Luczia\AppData\Local\Temp\ccKxGmmj.s 			page 2


  24 0073 31362980 		.ascii	"16)\200\225\202@\0073P\003P\324^OO\037\210\22232\223"
  24      95824007 
  24      33500350 
  24      D45E4F4F 
  24      1F889233 
  25 0089 32F38B0D 		.ascii	"2\363\213\015-\015\365\363\213\365\223\363ss\363\363"
  25      2D0DF5F3 
  25      8BF593F3 
  25      7373F3F3 
  26 0099 F48B4B12 		.ascii	"\364\213K\022\213JJ\013\364\035\203|\235}+@\242\005"
  26      8B4A4A0B 
  26      F41D837C 
  26      9D7D2B40 
  26      A205
  27 00ab 9939A945 		.ascii	"\2319\251E\305\372\356\316\316\372\311E%\206z\311\014"
  27      C5FAEECE 
  27      CEFAC945 
  27      25867AC9 
  27      0C
  28 00bc 001DE235 		.ascii	"\000\035\3425\321"
  28      D1
  29              		.text
  30              		.section	.gnu.lto___early_init.803e8d3f,"",%progbits
  31 0000 789C6363 		.ascii	"x\234cc``(\002bG \026\005b\006f\006F&\006 fd\004r\030"
  31      60602802 
  31      62472016 
  31      05620666 
  31      06462606 
  32 001a 19EA9918 		.ascii	"\031\352\231\030\353\031{\230\24703\036j\177\266\223"
  32      EB197B98 
  32      A730331E 
  32      6A7FB693 
  33 002a 49737903 		.ascii	"Isy\003\020\034\230\376\203\253\255\241Ub\0163\003\303"
  33      101C98FE 
  33      83ABADA1 
  33      55620E33 
  33      03C3
  34 003c 34660630 		.ascii	"4f\0060`\334\314\250\311\000T\366h\343\277\251\274l"
  34      60DCCCA8 
  34      C90054F6 
  34      68E3BFA9 
  34      BC6C
  35 004e 2C1071C6 		.ascii	",\020q\306-\214l\014 \203\326_b=\320\360\357\177{\303"
  35      2D8C6C0C 
  35      2083D65F 
  35      623DD0F0 
  35      EF7F7BC3 
  36 0062 8133CACC 		.ascii	"\2013\312\314@\363;\300\272:AL\346w\214M\012`\205 \320"
  36      40F33BC0 
  36      BA3A414C 
  36      E6778C4D 
  36      0A608520 
  37 0077 C10C540E 		.ascii	"\301\014T\016\024\265\327\323\323\007\242\344\214\314"
  37      14B5D7D3 
  37      D307A2E4 
  37      8CCC
  38 0085 A4CCFC62 		.ascii	"\244\314\374bCKC\375\374b\375\344\374\334\334\374<\375"
ARM GAS  C:\Users\Luczia\AppData\Local\Temp\ccKxGmmj.s 			page 3


  38      434B43FD 
  38      FC62FDE4 
  38      FCDCDCFC 
  38      3CFD
  39 0097 E292C4A2 		.ascii	"\342\222\304\242\222\322\002}\307 _g\337\012\220hAf"
  39      92D2027D 
  39      C7205F67 
  39      DF0A9068 
  39      4166
  40 00a9 4E6A51B1 		.ascii	"NjQ\261\276\273\263\263~rQ\211\241^2\003\000x\2254\226"
  40      BEBBB3B3 
  40      7E725189 
  40      A15E3203 
  40      00789534 
  41              		.text
  42              		.section	.gnu.lto___late_init.803e8d3f,"",%progbits
  43 0000 789C6363 		.ascii	"x\234cc``(\002bG \026\005b\006f\006F&\006 fd\004r\030"
  43      60602802 
  43      62472016 
  43      05620666 
  43      06462606 
  44 001a 19EA9918 		.ascii	"\031\352\231\030\353\031{\230\24703\036j\177\266\223"
  44      EB197B98 
  44      A730331E 
  44      6A7FB693 
  45 002a 49737903 		.ascii	"Isy\003\020\034\230\276\205\273\255\241Ub\0163\003\303"
  45      101C98BE 
  45      85BBADA1 
  45      55620E33 
  45      03C3
  46 003c 34660630 		.ascii	"4f\0060`\334\314\250\311\000T\366h\343\277\251\274l"
  46      60DCCCA8 
  46      C90054F6 
  46      68E3BFA9 
  46      BC6C
  47 004e 2C1071C6 		.ascii	",\020q\306-\214l\014 \203\326_b=\320\360\357\177{\303"
  47      2D8C6C0C 
  47      2083D65F 
  47      623DD0F0 
  47      EF7F7BC3 
  48 0062 8123CACC 		.ascii	"\201#\312\314@\363;\300\272:AL\346w\214M\012`\205 \320"
  48      40F33BC0 
  48      BA3A414C 
  48      E6778C4D 
  48      0A608520 
  49 0077 C10C540E 		.ascii	"\301\014T\016\024\265\327\323\323\007\242\344\214\314"
  49      14B5D7D3 
  49      D307A2E4 
  49      8CCC
  50 0085 A4CCFC62 		.ascii	"\244\314\374bCKC\375\374b\375\344\374\334\334\374<\375"
  50      434B43FD 
  50      FC62FDE4 
  50      FCDCDCFC 
  50      3CFD
  51 0097 E292C4A2 		.ascii	"\342\222\304\242\222\322\002}\307 _g\337\012\220hAf"
  51      92D2027D 
  51      C7205F67 
ARM GAS  C:\Users\Luczia\AppData\Local\Temp\ccKxGmmj.s 			page 4


  51      DF0A9068 
  51      4166
  52 00a9 4E6A51B1 		.ascii	"NjQ\261\276\273\263\263~rQ\211\241^2\003\000K94K"
  52      BEBBB3B3 
  52      7E725189 
  52      A15E3203 
  52      004B3934 
  53              		.text
  54              		.section	.gnu.lto___default_exit.803e8d3f,"",%progbits
  55 0000 789C6363 		.ascii	"x\234cc``H\007bG \226\003b\006f\006F&\006 \006\223\214"
  55      60604807 
  55      62472096 
  55      03620666 
  55      06462606 
  56 0018 0CF54C8C 		.ascii	"\014\365L\214\365LL\014P\320\303<\205\231\361P\373\263"
  56      F54C4C0C 
  56      50D0C33C 
  56      8599F150 
  56      FBB3
  57 002a 9D4C9ACB 		.ascii	"\235L\232\313\033\200\340\300\364{\334m\015\255\022"
  57      1B80E0C0 
  57      F47BDC6D 
  57      0DAD12
  58 0039 73981918 		.ascii	"s\230\031\030\2461C\3240nf\324d\000*{\264\361\337T^"
  58      A63143D4 
  58      306E66D4 
  58      64002A7B 
  58      B4F1DF54 
  59 004e 36168838 		.ascii	"6\026\2108\343\026F6\006F c\375%\326\003\015\377\376"
  59      E3164636 
  59      06462063 
  59      FD25D603 
  59      0DFFFE
  60 0061 B7371CB8 		.ascii	"\2677\034\270\263\230\361\2477P\250\003\254\257\203"
  60      B398F1A7 
  60      3750A803 
  60      ACAF83
  61 0070 19680973 		.ascii	"\031h\011s\0073#\330\014{==} J\316\310L\312\314/6\264"
  61      073323D8 
  61      0C7B3D3D 
  61      7D204ACE 
  61      C84CCACC 
  62 0087 34D4CF2F 		.ascii	"4\324\317/\326O\316\317\315\315\317\323/.I,*)-\320w"
  62      D64FCECF 
  62      CDCDCFD3 
  62      2F2E492C 
  62      2A292DD0 
  63 009c 0CF275F6 		.ascii	"\014\362u\366\255\000\211\026d\346\244\026\025\353\273"
  63      AD008916 
  63      64E6A416 
  63      15EBBB
  64 00ab 3B3BEB27 		.ascii	";;\353'\027\225\030\352%3\000\000\"\3444\001"
  64      179518EA 
  64      25330000 
  64      22E43401 
  65              		.text
  66              		.section	.gnu.lto___init_ram_areas.803e8d3f,"",%progbits
ARM GAS  C:\Users\Luczia\AppData\Local\Temp\ccKxGmmj.s 			page 5


  67 0000 789C9554 		.ascii	"x\234\225T\335o\024U\024\277g\316\235\231\375H\267\220"
  67      DD6F1455 
  67      14BF67CE 
  67      9D99FD48 
  67      B790
  68 0012 D6C40742 		.ascii	"\326\304\007Bx\351\003/\235\354\033>\021m\242\306\204"
  68      78E9032F 
  68      9DEC1B3E 
  68      116DA2C6 
  68      84
  69 0023 17FF02A1 		.ascii	"\027\377\002\241\232\320D\354\246-\211\361e\257\375"
  69      9AD044EC 
  69      A62D89F1 
  69      65AFFD
  70 0032 A05B306A 		.ascii	"\240[0j\210|d\262\225UL\020\023R\015~\264\013\333.\005"
  70      887C64B2 
  70      95554C10 
  70      13520D7E 
  70      B40BDB2E 
  71 0047 A160B7D0 		.ascii	"\241`\267\320\002\306\020\340\001\254\213\305\257\332"
  71      02C610E0 
  71      01AC8BC5 
  71      AFDA
  72 0055 DA84158A 		.ascii	"\332\204\025\212\347\234\231I\232\242\250\223\235\263"
  72      E79C9949 
  72      9AA2A893 
  72      9DB3
  73 0063 77CE3DE7 		.ascii	"w\316=\347w\316\357w?\034\245\324e[\251\027\350\377"
  73      77CEEF77 
  73      3F1CA5D4 
  73      655BA917 
  73      E8FF
  74 0075 0D7A5552 		.ascii	"\015zUR\201\245\350\005$\213@S\240\305\332\226V\312"
  74      81A5E805 
  74      248B4053 
  74      A0C5DA96 
  74      56CA
  75 0087 580E19ED 		.ascii	"X\016\031\355@\214<\256\330\230\345\262?\316\376\270"
  75      408C3CAE 
  75      D898E5B2 
  75      3FCEFEB8 
  76 0097 853C4EF0 		.ascii	"\205<N\3608\001@p\240\262\026j\333qc\361\004d5\252\360"
  76      38014070 
  76      A0B2166A 
  76      DB7163F1 
  76      046435AA 
  77 00ac B1A3412C 		.ascii	"\261\243A,\032\274\205\357!\214\367\3770bm<b\350)\037"
  77      1ABC85EF 
  77      218CF7FF 
  77      30626D3C 
  77      62E8291F 
  78 00c0 D89BDA65 		.ascii	"\330\233\332e\372\236\314S\316\3760\017\216\303FEa\323"
  78      FA9ECC53 
  78      CEFE300F 
  78      8EC34645 
  78      61D3
  79 00d2 BD9FE671 		.ascii	"\275\237\346q\017\346\021@\323\347|\305\277\235\342"
ARM GAS  C:\Users\Luczia\AppData\Local\Temp\ccKxGmmj.s 			page 6


  79      0FE61140 
  79      D3E77CC5 
  79      BF9DE2
  80 00e1 4F0B36D0 		.ascii	"O\0136\320g\357\241\217\2074>\003\034\371kn\366\373"
  80      67EFA18F 
  80      87343E03 
  80      1CF96B6E 
  80      F6FB
  81 00f3 54D36163 		.ascii	"T\323ac\272M\371\346p\343\341\0363at\036\021\276\004"
  81      BA4DF9E6 
  81      70E3E11E 
  81      3361741E 
  81      11BE04
  82 0106 2454F802 		.ascii	"$T\370\002\326\301\347\260N\320)\374\326g\313\373\352"
  82      D6C1E7B0 
  82      4ED029FC 
  82      D667CBFB 
  82      EA
  83 0117 1C0D5F41 		.ascii	"\034\015_ASP\024\206\301\001\232\230,\017\014%\360Y"
  83      53501486 
  83      C1019A98 
  83      2C0F0C25 
  83      F059
  84 0129 C1FCF3C0 		.ascii	"\301\374\363\300\310\254\0161\227\207\327\177\020bj"
  84      C8AC0E31 
  84      9787D77F 
  84      10626A
  85 0138 18F95BCC 		.ascii	"\030\371[\3143\263\367g\222\370\274\244\336\315M\034"
  85      33B3F767 
  85      92F8BCA4 
  85      DECD4D1C 
  86 0148 8985A9BF 		.ascii	"\211\205\251\277o\362M\271w\003'\236xl3'\241\011\212"
  86      6FF24DB9 
  86      7703279E 
  86      786C3327 
  86      A1098A
  87 015b D410F742 		.ascii	"\324\020\367B\035\225\250#\245\220{\214\246\206f\354"
  87      1D95A823 
  87      A5907B8C 
  87      A68666EC 
  88 016b B2597ED8 		.ascii	"\262Y~\330o\312S\233J\213\327\033\236\000\225G\333\""
  88      6FCA539B 
  88      4A8BD71B 
  88      9E009547 
  88      DB22
  89 017d 438A93D1 		.ascii	"C\212\223\321\212\243m\305\361\216\342\014WlR\374u\342"
  89      8AA36DC5 
  89      F18EE20C 
  89      576C52FC 
  89      75E2
  90 018f 4F89A75E 		.ascii	"O\211\247^<ke\334 \266Qf\225\312\311\032\014 \355\016"
  90      3C6B65DC 
  90      20B65166 
  90      95CAC91A 
  90      0C20ED0E 
  91 01a3 9C83EE5A 		.ascii	"\234\203\356Z\177i\376\016pK>&\251\331\375}\343\027"
  91      7F69FE0E 
ARM GAS  C:\Users\Luczia\AppData\Local\Temp\ccKxGmmj.s 			page 7


  91      704B3E26 
  91      A9D9FD7D 
  91      E317
  92 01b5 5D5E0347 		.ascii	"]^\003G\210\366\324\306\026R\331\007\206\226\317)`\300"
  92      88F6D4C6 
  92      1652D907 
  92      8696CF29 
  92      60C0
  93 01c7 E7DEF4CF 		.ascii	"\347\336\364\317\271d\001\336\177sM\036]\030\203,\214"
  93      B96401DE 
  93      7F734D1E 
  93      5D18832C 
  93      8C
  94 01d8 32598EFE 		.ascii	"2Y\216\376\350x\037P\364Ac\012\037Z\214Q\206\002\221"
  94      E8781F50 
  94      F441630A 
  94      1F5A8C51 
  94      860291
  95 01eb 84539095 		.ascii	"\204S\220\225\242\030\024-\376\370v\325e\001|\254[Y"
  95      A218142D 
  95      FEF876D5 
  95      65017CAC 
  95      5B59
  96 01fd 13A5E6C9 		.ascii	"\023\245\346\311\361\312Y\207\361i\367\024FY\202\230"
  96      F1CA5987 
  96      F169F714 
  96      46598298 
  97 020d 4FE28E87 		.ascii	"O\342\216\207E\346\367\354\375\016\274c\346]cH\3648"
  97      45E6F7EC 
  97      FD0EBC63 
  97      E65D6348 
  97      F438
  98 021f 9CA612FB 		.ascii	"\234\246\022\373\204\024\234\001O\011\374;\021|j5^\361"
  98      84149C01 
  98      4F09FC3B 
  98      117C6A35 
  98      5EF1
  99 0231 5FF1BE16 		.ascii	"_\361\276\026<\331\364g\011O-\201&i\254\332\255i\364"
  99      3CD9F467 
  99      094F2D81 
  99      2669ACDA 
  99      AD69F4
 100 0244 B13E5EBC 		.ascii	"\261>^\274{\012\210\211\016\230\334\337]Z\310\004\245"
 100      7B0A8889 
 100      0E98DCDF 
 100      5D5AC804 
 100      A5
 101 0255 602513FD 		.ascii	"`%\023\375\010\023\302N\370h\3039.\013\023\254\013\345"
 101      0813C24E 
 101      F868C339 
 101      2E0B13AC 
 101      0BE5
 102 0267 5FD97D14 		.ascii	"_\331}\0249}u\233\353%\332\011\243\317S4\025\240\204"
 102      397D759B 
 102      EB25DA09 
 102      A3CF5334 
 102      15A084
ARM GAS  C:\Users\Luczia\AppData\Local\Temp\ccKxGmmj.s 			page 8


 103 027a 9EFCAECA 		.ascii	"\236\374\256\312\302KA\301\006\016\340}&\356\033\013"
 103      C24B41C1 
 103      060EE07D 
 103      26EE1B0B 
 104 028a 2F07EE46 		.ascii	"/\007\356F\256\022l\277\001\264#\301\375j\"\230\266"
 104      AE126CBF 
 104      01B423C1 
 104      FD6A2298 
 104      B6
 105 029b 1EEDEBB1 		.ascii	"\036\355\353\261r\\\0209,\226\343\033\222c\026z\247"
 105      725C1039 
 105      2C96E31B 
 105      9263167A 
 105      A7
 106 02ac 4E5F8700 		.ascii	"N_\207\000\213\341X\370%\260i%\361\332\355{\324f\243"
 106      8BE158F8 
 106      25B06925 
 106      F1DAED7B 
 106      D466A3
 107 02bf 2E56CFC3 		.ascii	".V\317\303\222\250\2175q5h\277J\252\345\220\366=\016"
 107      92A88F35 
 107      713568BF 
 107      4AAAE590 
 107      F63D0E
 108 02d2 A01B34B5 		.ascii	"\240\0334\265x\347\223s\316?\223wC\362\223\324\300J"
 108      78E79373 
 108      CE3F9377 
 108      43F293D4 
 108      C04A
 109 02e4 6913A0A0 		.ascii	"i\023\240\240\022\261.\375\021\212\261\226\023\"\326"
 109      12B12EFD 
 109      118AB196 
 109      1322D6
 110 02f3 B188F5D1 		.ascii	"\261\210\365\321\2105\376O\326S\302Zn\216\213\253Y\273"
 110      8835FE4F 
 110      D653C25A 
 110      6E8E8BAB 
 110      59BB
 111 0305 BE4C106B 		.ascii	"\276L\020k\0329\216\242\342nmNvE\\\012S_Ww\006\261\365"
 111      1A398EA2 
 111      E26E6D4E 
 111      76455C0A 
 111      535F5777 
 112 031c 5484E067 		.ascii	"T\204\340g~\233\034L\006\027\335\032\270D5\005p\271"
 112      7E9B1C4C 
 112      0617DD1A 
 112      B8443505 
 112      70B9
 113 032e E80407AF 		.ascii	"\350\004\007\257\236B\374\023\213\027l\016IB\354?\035"
 113      9E42FC13 
 113      8B176C0E 
 113      4942EC3F 
 113      1D
 114 033f BC991507 		.ascii	"\274\231\025\007o\354\332\350A\235\036\342\366\013s"
 114      6FECDAE8 
 114      419D1EE2 
 114      F60B73
ARM GAS  C:\Users\Luczia\AppData\Local\Temp\ccKxGmmj.s 			page 9


 115 034e 40DCE032 		.ascii	"@\334\3402\021\200\351\340\022\242\200\312\340O\337"
 115      1180E9E0 
 115      12A280CA 
 115      E04FDF
 116 035d 3AD1C904 		.ascii	":\321\311\004>iW M\344\256\312\301d\315\350\262\307"
 116      3E695720 
 116      4DE4AECA 
 116      C164CDE8 
 116      B2C7
 117 036f 5FA0BB50 		.ascii	"_\240\273P\035\204\340\202R|W\3201\240\025\336\334\334"
 117      1D84E082 
 117      527C57D0 
 117      31A015DE 
 117      DCDC
 118 0381 ECD1AF75 		.ascii	"\354\321\257u{\333\266\266\366\316\364Si\257\275\323"
 118      7BDBB6B6 
 118      F6CEF453 
 118      69AFBDD3 
 119 0391 6B6DDFB1 		.ascii	"km\337\261\243\3755\257\263kkG\327\316\214\367\364\213"
 119      A3FD35AF 
 119      B36B6B47 
 119      D7CE8CF7 
 119      F48B
 120 03a3 5B5AB6BC 		.ascii	"[Z\266\274\316\336L\333\253\257ttz\317\265\264x\255"
 120      CEDE4CDB 
 120      ABAF7474 
 120      7ACFB5B4 
 120      78AD
 121 03b5 1D5DE9E6 		.ascii	"\035]\351\346V\205\035[3\220\261\2722\177\001\214\215"
 121      56851D5B 
 121      3390B1BA 
 121      327F018C 
 121      8D
 122 03c6 E8D1     		.ascii	"\350\321"
 123              		.text
 124              		.section	.gnu.lto_ram_areas.803e8d3f,"",%progbits
 125 0000 789C75D1 		.ascii	"x\234u\321\313K\033Q\024\006\360{rM\242\326\252\215"
 125      CB4B1B51 
 125      1406F07B 
 125      724DA2D6 
 125      AA8D
 126 0012 D6BED2FA 		.ascii	"\326\276\322\372\037d\210\253tUC\026\342\302\215\377"
 126      1F6488AB 
 126      74554316 
 126      E2C28DFF 
 127 0022 8106A181 		.ascii	"\201\006\241\201j$IA\272\311,\024\244\242+]\231E\240"
 127      6A244941 
 127      BAC92C14 
 127      A4A22B5D 
 127      9945A0
 128 0035 0557A2E0 		.ascii	"\005W\242\3403\261>kl\355\303G\253\365m-\210\202\270"
 128      33B13E6B 
 128      6CEDC347 
 128      ABF56D2D 
 128      8882B8
 129 0048 D216A169 		.ascii	"\322\026\241i\2617\371fQ&\234a\230\017\316\271|\374"
 129      B137F966 
ARM GAS  C:\Users\Luczia\AppData\Local\Temp\ccKxGmmj.s 			page 10


 129      51269C61 
 129      980FCEB9 
 129      7CFC
 130 005a B8631342 		.ascii	"\270c\023B\324Z\205\360\012<\275\222\022\211\363={\364"
 130      D45A85F0 
 130      0A3CBD92 
 130      1289F33D 
 130      7BF4
 131 006c AFDEA9EB 		.ascii	"\257\336\251\353G]g\362EL\212\270\314Y\305O,\331\005"
 131      475D67F2 
 131      454C8AB8 
 131      CC59C54F 
 131      2CD905
 132 007f E52E28BB 		.ascii	"\345.(\273\260\344,\034\331\271\314\316\177\235\034"
 132      B0E42C1C 
 132      D9B9CCCE 
 132      7F9D1C
 133 008e CFE67BC6 		.ascii	"\317\346{\306\365\316\270^\035\223\324'\005\215S\264"
 133      F5CEB85E 
 133      1D93D427 
 133      058D53B4 
 134 009e 4F128D65 		.ascii	"O\022\215e\302B\243\231\2204B\321\314\361\237/;\256"
 134      C242A399 
 134      903442D1 
 134      CCF19F2F 
 134      3BAE
 135 00b0 64978CA9 		.ascii	"d\227\214\251\205\335\324z\335\003a\036'\264rB\033#"
 135      85DDD47A 
 135      DD03611E 
 135      27B47242 
 135      1B23
 136 00c2 B473C237 		.ascii	"\264s\3027\020NA\230\2040\001\341qz0Y\014\241\315\324"
 136      104E4198 
 136      843001E1 
 136      717A3059 
 136      0CA1CDD4 
 137 00d6 7A6908F3 		.ascii	"zi\010\3639a\001',d\20478\341\002\204\363\020\316A8"
 137      39610127 
 137      2C648437 
 137      38E10284 
 137      F310CE41 
 138 00eb 0BE1F2EB 		.ascii	"\013\341\362\353\344\237\"\010\255\246\326SCX\304\011"
 138      E49F2208 
 138      ADA6D653 
 138      4358C409 
 139 00fb 6F72C262 		.ascii	"or\302bFX\302\011\337C\370\016\302%\010S\020\256\267"
 139      4658C209 
 139      DF43F80E 
 139      C2250853 
 139      10AEB7
 140 010e 0FC78CBF 		.ascii	"\017\307\214\277\234gj\2352\204\245\234\360\026't0\302"
 140      9C676A9D 
 140      3284A59C 
 140      F0162774 
 140      30C2
 141 0120 324EB802 		.ascii	"2N\270\002\341g\010?A\370\021\302\205\213\341\001\343"
 141      E167083F 
ARM GAS  C:\Users\Luczia\AppData\Local\Temp\ccKxGmmj.s 			page 11


 141      41F811C2 
 141      858BE101 
 141      E3
 142 0131 0EA5A975 		.ascii	"\016\245\251u\310\020\226s\302\333\234\260\202\021\336"
 142      C8109673 
 142      C2DB9CB0 
 142      8211DE
 143 0140 E1841B10 		.ascii	"\341\204\033\020~\205\360\013\204\353\020\246\256\257"
 143      7E85F00B 
 143      84EB10A6 
 143      AEAF
 144 014e E64A20B4 		.ascii	"\346J \264\230Z_\031\302\273\234\360\036'\274\317\010"
 144      985A5F19 
 144      C2BB9CF0 
 144      1E27BCCF 
 144      08
 145 015f 1F70C25D 		.ascii	"\037p\302]\010w \334\206p\013\302\377k\322\335 99\322"
 145      087720DC 
 145      86700BC2 
 145      FF6BD2DD 
 145      203939D2 
 146 0173 438EF488 		.ascii	"C\216\364\210!Ur\244\357 \035\202t\000\322>H\355\375"
 146      215572A4 
 146      EF201D82 
 146      7400D23E 
 146      48EDFD
 147 0186 A9DF761C 		.ascii	"\251\337v\034\327\325\325Ir;\351\210<T\345\244=\025"
 147      D7D5D549 
 147      723BE988 
 147      3C54E5A4 
 147      3D15
 148 0198 DFC8499B 		.ascii	"\337\310I\233*\327T\256\252\374\240rY\345\242\312\267"
 148      2AD754AE 
 148      AAFCA072 
 148      59E5A2CA 
 148      B7
 149 01a9 2A67544E 		.ascii	"*gTN\253\234T9A\036A?\324\347\211\313\245\251\327\377"
 149      AB9C5439 
 149      411E413F 
 149      D4E789CB 
 149      A5A9D7FF 
 150 01bd 34D01808 		.ascii	"4\320\030\010\206\335\217\335Z0\254\371\203\315\315"
 150      86DD8FDD 
 150      5A30ACF9 
 150      83CDCD
 151 01cc C1162D1C 		.ascii	"\301\026-\034i\010E\236\267j\336\372:_][f\332\032x\326"
 151      6908459E 
 151      B76ADEFA 
 151      3A5F5D5B 
 151      66DA1A78 
 152 01e1 140A6B35 		.ascii	"\024\012k5>\237\346\017E\334.\277\370\007\324S\017\205"
 152      3E9FE60F 
 152      45DC2EBF 
 152      F807D453 
 152      0F85
 153              		.text
 154              		.section	.gnu.lto_.symbol_nodes.803e8d3f,"",%progbits
ARM GAS  C:\Users\Luczia\AppData\Local\Temp\ccKxGmmj.s 			page 12


 155 0000 789C55CD 		.ascii	"x\234U\315WR\002a\024D\341{f\030\242\222\203\211P\356"
 155      57520261 
 155      1444E17B 
 155      6618A292 
 155      838950EE 
 156 0014 C4C5B88E 		.ascii	"\304\305\270\216\277\220\014\006\014\004\025\301\354"
 156      BF900C06 
 156      0C0415C1 
 156      EC
 157 0021 1E58046B 		.ascii	"\036X\004kr\350\267y\351\257\352\274t\334\314.\011\307"
 157      72E8B779 
 157      E9AFEABC 
 157      74DCCC2E 
 157      09C7
 158 0033 EBE0CCA6 		.ascii	"\353\340\314\246;\263\220m\373\",]\034\321\322\303y"
 158      3BB3906D 
 158      FB222C5D 
 158      1CD1D2C3 
 158      79
 159 0044 D1D2C7F9 		.ascii	"\321\322\307\371\3212\300\305\"%\270\302\272\347f~0"
 159      D132C0C5 
 159      2225B8C2 
 159      BAE7667E 
 159      30
 160 0055 84567815 		.ascii	"\204Vx\025\214\360\344\030_N\210\311k\002yC\\\336\222"
 160      8CF0E418 
 160      5F4E88C9 
 160      6B027943 
 160      5CDE92
 161 0068 907724E5 		.ascii	"\220w$\345\224\224\274'-\037\310\310G\016\344\023\207"
 161      9494BC27 
 161      2D1FC8C8 
 161      470EE413 
 161      87
 162 0079 724656CE 		.ascii	"rFV\316\311\311\005y\271\244 \237)\312\027J\362\225"
 162      C9C90579 
 162      B9A4209F 
 162      29CA174A 
 162      F295
 163 008b B25C5191 		.ascii	"\262\\Q\221oT\345\232\232\334p$\3379\226\037\234\310"
 163      6F54E59A 
 163      9ADC7024 
 163      DF39961F 
 163      9CC8
 164 009d 4F4EE517 		.ascii	"ON\345\027g\362\233\272\374\241!\177i\312?Z{\355\037"
 164      67F29BBA 
 164      FCA1217F 
 164      69CA3F5A 
 164      7BED1F
 165 00b0 10243148 		.ascii	"\020$1H"
 166              		.text
 167              		.section	.gnu.lto_.refs.803e8d3f,"",%progbits
 168 0000 789C0DC3 		.ascii	"x\234\015\303\211\015\202@\000\000\260\243\341\020A"
 168      890D8240 
 168      0000B0A3 
 168      E11041
 169 000f 901F7F11 		.ascii	"\220\037\177\021e\032\367\337G\2334\013!|\377\245b\""
ARM GAS  C:\Users\Luczia\AppData\Local\Temp\ccKxGmmj.s 			page 13


 169      651AF7DF 
 169      479B340B 
 169      217CFFA5 
 169      6222
 170 0021 F64B94D9 		.ascii	"\366K\224\331\311\355\025J\007\225\332Q\243\325\351"
 170      C9ED154A 
 170      0795DA51 
 170      A3D5E9
 171 0030 0D4693D9 		.ascii	"\015F\223\331\311\331\305\325\315\335\303\323\342e\365"
 171      C9D9C5D5 
 171      CDDDC3D3 
 171      E265F5
 172 003f F6B1851F 		.ascii	"\366\261\205\037y\344\003\217"
 172      79E4038F 
 173              		.text
 174              		.section	.gnu.lto_.decls.803e8d3f,"",%progbits
 175 0000 789CAD96 		.ascii	"x\234\255\226YP\224\331\025\307\277\333\267\201\246"
 175      595094D9 
 175      15C7BFDB 
 175      B781A6
 176 000f 691B0AAD 		.ascii	"i\033\012\255)*\305$\304b\"\225\214`\273\221\344a2)"
 176      292AC524 
 176      C4622295 
 176      8C60BB91 
 176      E4613229 
 177 0023 1F665E26 		.ascii	"\037f^&\017\251\312C\022*=-\364d\250@c\240I\264\362"
 177      0FA9CA43 
 177      122A3D2D 
 177      F464A840 
 177      63A049B4 
 178 0038 D22EB8C2 		.ascii	"\322.\270\302\330\340\202\200\012\012\242,\2028\202"
 178      D8E08280 
 178      0A0AA22C 
 178      823882
 179 0047 0A2A9BA0 		.ascii	"\012*\233\240\254\012*\270!(\210\313\260\211\270 J\347"
 179      AC0A2AB8 
 179      212888CB 
 179      B089B820 
 179      4AE7
 180 0059 DC73BF5E 		.ascii	"\334s\277^/$\017\311W\374\351\357\336>\377\3379\367"
 180      2F240FC9 
 180      57FCE9EF 
 180      DE3EFFDF 
 180      39F7
 181 006b DCFB7DD5 		.ascii	"\334\373}\325\336\222$\035\012\220\244Y*I[\024\222d"
 181      DE92241D 
 181      0A90A459 
 181      2A495B14 
 181      9264
 182 007d 83CB07E6 		.ascii	"\203\313\007\346\352%\347\345\005\272\010\252\0035\202"
 182      EA25E7E5 
 182      05BA08AA 
 182      033582
 183 008c AE825A41 		.ascii	"\256\202ZA?\005\215\201&@\223\240)\320k\320[\320;\320"
 183      3F058D81 
 183      264093A0 
 183      29D06BD0 
ARM GAS  C:\Users\Luczia\AppData\Local\Temp\ccKxGmmj.s 			page 14


 183      5BD03BD0 
 184 00a0 7BD02C03 		.ascii	"{\320,\003\020IR\200\224 o\220\012\244\006i@ZP\000("
 184      10495280 
 184      94206F90 
 184      0AA40669 
 184      405A5000 
 185 00b5 10B408F4 		.ascii	"\020\264\010\364\021(\010\364#P0\350\307\240\020\320"
 185      112808F4 
 185      235030E8 
 185      C7A010D0 
 186 00c5 625028E8 		.ascii	"bP(\350g\2400\320\317A\237\202\302\211\344v\375\213"
 186      67A030D0 
 186      CF419F82 
 186      C289E476 
 186      FD8B
 187 00d7 603AE96B 		.ascii	"`:\351kyL\344\332=\257\215s\304\325\315\021\267m\216"
 187      794CE4DA 
 187      3DAF8D73 
 187      C4D5CD11 
 187      B76D8E
 188 00ea B8C639E2 		.ascii	"\270\3069\342\322\347\210\273:G\334>\266n9.\020\264"
 188      D2E788BB 
 188      3A47DC3E 
 188      B66E392E 
 188      10B4
 189 00fc 08140173 		.ascii	"\010\024\001s\367\341s\011h\031\334\217\302\347\010"
 189      F7E17309 
 189      6819DC8F 
 189      C2E708
 190 010b 4807F777 		.ascii	"H\007\367w\341\363O %\3501h\020\364\0104$\347h\225?"
 190      E1F34F20 
 190      25E83168 
 190      10F40834 
 190      24E76895 
 191 0120 C73CF2F4 		.ascii	"\307<\362\364\021\356\271/\263X\236\321y8\354\012\221"
 191      11EEB92F 
 191      B3589ED1 
 191      7938EC0A 
 191      91
 192 0131 782F3F95 		.ascii	"x/?\225{\033&\367:T\356}\210\274\027\301\362\336\004"
 192      7B1B26F7 
 192      3A54EE7D 
 192      88BC17C1 
 192      F2DE04
 193 0144 C97BB548 		.ascii	"\311{\265H\336\273\000y/5\362\336\252\344\275V\312{"
 193      DEBB0079 
 193      2F35F2DE 
 193      AAE4BD56 
 193      CA7B
 194 0156 CF8A6467 		.ascii	"\317\212dg\201\235\011v6\330\031ag\205\235\031vv&<\352"
 194      819D0976 
 194      36D81961 
 194      67859D19 
 194      7676263C 
 195 016b DF4B4949 		.ascii	"\337KII\306`\246\262\237\364\241;\200\020\271\303\256"
 195      C660A6B2 
 195      9FF4A13B 
ARM GAS  C:\Users\Luczia\AppData\Local\Temp\ccKxGmmj.s 			page 15


 195      8010B9C3 
 195      AE
 196 017c 171BDBEC 		.ascii	"\027\033\333\354\027\373\236\007`Bg0\361\264\341w\204"
 196      17FB9E07 
 196      60426730 
 196      F1B4E177 
 196      84
 197 018d 4B213963 		.ascii	"K!9c\235\016\027\252\213\231\340%a)\256\265`ery\304"
 197      9D0E17AA 
 197      8B99E025 
 197      6129AEB5 
 197      60657279 
 198 01a2 999E3862 		.ascii	"\231\2368b\354\361.T\3420\211\325\301E\345&\334\032"
 198      ECF12E54 
 198      E23089D5 
 198      C145E526 
 198      DC1A
 199 01b4 492DD30C 		.ascii	"I-\323\014\220\007\020\372GI\262\252\342\011\233={w"
 199      900710FA 
 199      4749B2AA 
 199      E2099B3D 
 199      7B77
 200 01c6 F7156FAA 		.ascii	"\367\025o\252\300\373\216\373\243\245^T\213\367\247"
 200      C0FB8EFB 
 200      A3A55E54 
 200      8BF7A7
 201 01d5 0EBEEF52 		.ascii	"\016\276\357R)\025\022\251\"\224\373/l9\334\243\246"
 201      291512A9 
 201      2294FB2F 
 201      6C39DCA3 
 201      A6
 202 01e6 0BF1DBB6 		.ascii	"\013\361\333\266\375\333\312\274\302K-\374R\025S\211"
 202      FDDBCABC 
 202      C24B2DFC 
 202      52155389 
 203 01f6 9CC3388C 		.ascii	"\234\3038\214l\262\275\251\363\337EI\240\232(`\330="
 203      6CB2BDA9 
 203      F3DF4549 
 203      A09A2860 
 203      D83D
 204 0208 D17EC80F 		.ascii	"\321~\310\017\206\213\324$\000\206\245\251\266\275^"
 204      868BD424 
 204      0086A5A9 
 204      B6BD5E
 205 0217 41FB99D1 		.ascii	"A\373\231\321\272\331\022\240 _\177DjH0\251&\301\260"
 205      BAD912A0 
 205      205F7F44 
 205      6A4830A9 
 205      26C1B0
 206 022a 840B2408 		.ascii	"\204\013$\010\376\233\224\234T0{\272\\\2738\317\222"
 206      FE9B949C 
 206      54307BBA 
 206      5CBB38CF 
 206      92
 207 023b 5767A9EB 		.ascii	"Wg\251\353\317\011-j\337j\271\236g\261|\216q\244\222"
 207      CF092D6A 
 207      DF6AB99E 
ARM GAS  C:\Users\Luczia\AppData\Local\Temp\ccKxGmmj.s 			page 16


 207      67B17C8E 
 207      71A492
 208 024e 50729E84 		.ascii	"Pr\236\204C\374Y\242d#\270;C\006\010\371\236\364\303"
 208      43FC59A2 
 208      6423B83B 
 208      430608F9 
 208      9EF4C3
 209 0261 2A2F92C5 		.ascii	"*/\222\305\200x1\272\273\323\237\346\220yV\265\251\264"
 209      807831BA 
 209      BBD39FE6 
 209      907956B5 
 209      A9B4
 210 0273 FEA49F9C 		.ascii	"\376\244\237\234\341\321/\262-u\2336Z,\012\304_r\340"
 210      E1D12FB2 
 210      2D759B36 
 210      5A2C0AC4 
 210      5F72E0
 211 0286 6B017FC9 		.ascii	"k\001\177\311\023_\207\370\361\233\023\017(=1\037~\370"
 211      135F87F8 
 211      F19B130F 
 211      283D311F 
 211      7EF8
 212 0298 F5E4533B 		.ascii	"\365\344S;\276{\251\033\276\336\201o\000|\275'\276\021"
 212      BE7BA91B 
 212      BEDE816F 
 212      007CBD27 
 212      BE11
 213 02aa F145775E 		.ascii	"\361Ew^5\370\3213\034\237\333\362\350\210\2066\362\301"
 213      35F8D133 
 213      1C9FDBF2 
 213      E8888636 
 213      F2C1
 214 02bc B3A737EF 		.ascii	"\263\2477\357\371\263\\M\366\\\203;\272.\370\332\263"
 214      F9B35C4D 
 214      F65C833B 
 214      BA2EF8DA 
 214      B3
 215 02cd 9366A264 		.ascii	"\223f\242d\223\247\253R\332\261\200zK\335\273p\267\002"
 215      93A7AB52 
 215      DAB1807A 
 215      4BDDBB70 
 215      B702
 216 02df 2E3B0AB8 		.ascii	".;\012\270\002\005\\\366,\340*\026p\375\300\256\255"
 216      02055CF6 
 216      2CE02A16 
 216      70FDC0AE 
 216      AD
 217 02f0 84B6CBEB 		.ascii	"\204\266\313\353\033,\031U\311\253i\375%\203Y\354\260"
 217      1B2C1955 
 217      C9AB69FD 
 217      258359EC 
 217      B0
 218 0301 163B4C62 		.ascii	"\026;Lb\267\356\244V$\235\357\334\323\250\245}\234T"
 218      B7EEA456 
 218      249DEFDC 
 218      D3A8A57D 
 218      9C54
ARM GAS  C:\Users\Luczia\AppData\Local\Temp\ccKxGmmj.s 			page 17


 219 0313 35DCD2AC 		.ascii	"5\334\322\254\346G\304B`\374\241\347\207\313\204\237"
 219      E647C442 
 219      60FCA1E7 
 219      87CB849F 
 220 0323 118B0AC6 		.ascii	"\021\213\012\306S;S\336P\376\275\017\014\273\266\234"
 220      533B53DE 
 220      50FEBD0F 
 220      0CBBB69C 
 221 0333 3A280F95 		.ascii	":(\017\225lO;\262\007\265<:\004\206C\255\223\247\265"
 221      6C4F3BB2 
 221      07B53C3A 
 221      048643AD 
 221      93A7B5
 222 0346 EAEDEC44 		.ascii	"\352\355\354D\345m\266\370~\311\302\256\303\211\272"
 222      E56DB6F8 
 222      7EC9C2AE 
 222      C389BA
 223 0355 8627AA8B 		.ascii	"\206'\252\213\250\341\177D0\351\204!Dg\327L\265zq\026"
 223      A8E17F44 
 223      30E98421 
 223      4467D74C 
 223      B57A7116 
 224 0369 CBB4EDE5 		.ascii	"\313\264\355\345\345MJ\372\204\227\325w\265\250\204"
 224      E54D4AFA 
 224      8497D577 
 224      B5A884
 225 0378 E559A226 		.ascii	"\345Y\242&\354\331\362\207\251\362\221\363\323\013\370"
 225      ECD9F287 
 225      A9F291F3 
 225      D30BF8
 226 0387 148BE8DE 		.ascii	"\024\213\350\336=Y\340C'1\\\321\177g\346\276\226\250"
 226      3D59E043 
 226      27315CD1 
 226      7F67E6BE 
 226      96A8
 227 0399 C320F526 		.ascii	"\303 \365&\236Zr$&\267I\0303\261\246\220[0y\023&\013"
 227      9E5A7224 
 227      26B74918 
 227      33B1A690 
 227      5B307913 
 228 03af 598D75E3 		.ascii	"Y\215u\343\265\237eMZ,!\244\227\250I\217\263qK\324|"
 228      B59F654D 
 228      5A2C21A4 
 228      97A8498F 
 228      B3714BD4 
 229 03c4 238B0AD2 		.ascii	"#\213\012\322\217z\323!|(\02559\217\233\024\363\345"
 229      8F7AD321 
 229      7C281535 
 229      398F9B14 
 229      F3E5
 230 03d6 B8377F8E 		.ascii	"\2707\177\216\276\305\315)ls\356B\216;\316\034\275D"
 230      BEC5CD29 
 230      6C73EE42 
 230      8E3BCE1C 
 230      BD44
 231 03e8 4E62EBBB 		.ascii	"Nb\353\273\321\342\255\331\351\240b\240\263k\367\211"
 231      D1E2ADD9 
ARM GAS  C:\Users\Luczia\AppData\Local\Temp\ccKxGmmj.s 			page 18


 231      E9A062A0 
 231      B36BF789 
 232 03f8 467E9ADB 		.ascii	"F~\232\333\332\323.\371\320\026\212\313\267\216\035"
 232      DAD32EF9 
 232      D0168ACB 
 232      B78E1D
 233 0407 BCE8476F 		.ascii	"\274\350Go\360\201\375\301\016\344\017\266}O\027\311"
 233      F081FDC1 
 233      0EE40FB6 
 233      7D4F17C9 
 234 0417 7B7A6DE4 		.ascii	"{zm\344\31595}\204\261\336mW\016~\267\200\204\302\025"
 234      CD39357D 
 234      84B1DE6D 
 234      570E7EB7 
 234      8084C215 
 235 042b B6F0284B 		.ascii	"\266\360(K\012\317s\310\361+[-V\003\313En@\211O\310"
 235      0ACF73C8 
 235      F12B5B2D 
 235      5603CB45 
 235      6E40894F 
 236 0440 42E7D2BA 		.ascii	"B\347\322\272\261\014\035\374\223x\374\273Bj)\010\302"
 236      B10C1DFC 
 236      9378FCBB 
 236      426A2908 
 236      C2
 237 0451 E03ECFE0 		.ascii	"\340>\317\340\010\026{\2358\203[\217;\202\037\316Mv"
 237      08167B9D 
 237      38835B8F 
 237      3B821FCE 
 237      4D76
 238 0463 8D9E74A2 		.ascii	"\215\236t\242\037\314\211\3062xc\307\366Sx\343\261\030"
 238      1FCC89C6 
 238      327863C7 
 238      F65378E3 
 238      B118
 239 0475 49EE29BB 		.ascii	"I\356)\273\322\361u\006\202\247\016\016~0\234{\346c"
 239      D2F17506 
 239      82A70E0E 
 239      7E309C7B 
 239      E663
 240 0487 240822C3 		.ascii	"$\010\"\303\260O\217I(\031\004=\002\015\221P\373\313"
 240      B04F8F49 
 240      2819043D 
 240      020D9150 
 240      FBCB
 241 0499 B2E77657 		.ascii	"\262\347vW\263/\035\307.)N\334>\335\250&\013\303\346"
 241      B32F1DC7 
 241      2E294EDC 
 241      3EDDA826 
 241      0BC3E6
 242 04ac C491E740 		.ascii	"\304\221\347@\371oD^dO$\253\361\031\304>un=+\031Sv\244"
 242      F96F445E 
 242      644F24AB 
 242      F119C43E 
 242      756E3D2B 
 243 04c4 0E142B02 		.ascii	"\016\024+\002\255r\216\317\225\030\330\001Y\332\261"
 243      AD728ECF 
ARM GAS  C:\Users\Luczia\AppData\Local\Temp\ccKxGmmj.s 			page 19


 243      9518D801 
 243      59DAB1
 244 04d3 E81F48A0 		.ascii	"\350\037H\240\375\261\301\327\312\300\271\375\332\205"
 244      FDB1C1D7 
 244      CAC0B9FD 
 244      DA85
 245 04e1 7245DBE7 		.ascii	"rE\333\347\255H\232o\201\3377?\031\320\270f\033\371"
 245      AD489A6F 
 245      81DF373F 
 245      19D0B866 
 245      1BF9
 246 04f3 4FD94ECC 		.ascii	"O\331N\314V\224\222O\362-\327\341\0253\226\023\274\307"
 246      5694924F 
 246      F22DD7E1 
 246      15339613 
 246      BCC7
 247 0505 62F9928C 		.ascii	"b\371\222\214\222@\322\306\327\341bd3\177\201\267\335"
 247      9240D2C6 
 247      D7E16264 
 247      337F81B7 
 247      DD
 248 0516 18F9047C 		.ascii	"\030\371\004|\223Sig\374\251\215\037\314\316G{\232\375"
 248      93536967 
 248      FCA98D1F 
 248      CCCE477B 
 248      9AFD
 249 0528 0132007B 		.ascii	"\0012\000{\333y \360\350\346<~\274\307e\210\363\230"
 249      DB7920F0 
 249      E8E63C7E 
 249      BCC76588 
 249      F398
 250 053a 8FE3BB6A 		.ascii	"\217\343\273j\002\021\317\323n\331\374i\206\022\021"
 250      0211CFD3 
 250      6ED9FC69 
 250      861211
 251 0549 877A679A 		.ascii	"\207zg\232T2b\244\200ZC\021\360B\000\274@\300$\002\012"
 251      543262A4 
 251      805A4311 
 251      F04200BC 
 251      40C02402 
 252 055e 676F5679 		.ascii	"goVy\323<\016\270\267\361\354\214Z\006\014\025\332\001"
 252      D33C0EB8 
 252      B7F1EC8C 
 252      5A060C15 
 252      DA01
 253 0570 2F05C04B 		.ascii	"/\005\300K\004L! \253x4KM\3139\340Zo~\365\002; (\333"
 253      044C2120 
 253      AB78344B 
 253      4DCB39E0 
 253      5A6F7EF5 
 254 0589 D2A044C2 		.ascii	"\322\240D\302+\201\360\012\011\257\221\360\270\361\352"
 254      2B81F00A 
 254      09AF91F0 
 254      B8F1EA
 255 0598 4315ADE5 		.ascii	"C\025\255\345\204\376\201\366b?\2310\354\322\2067\002"
 255      84FE81F6 
 255      623F9930 
ARM GAS  C:\Users\Luczia\AppData\Local\Temp\ccKxGmmj.s 			page 20


 255      ECD28637 
 255      02
 256 05a9 E20D22DE 		.ascii	"\342\015\"\336\"b\323Df\205\037\355\346\210\303\265"
 256      2262D344 
 256      66851FED 
 256      E688C3B5 
 257 05b9 A957A9D0 		.ascii	"\251W\251\320\206i\0010\215\200w\010\350\252\253,\366"
 257      86690130 
 257      8D807708 
 257      E8AAAB2C 
 257      F6
 258 05ca A1031CD0 		.ascii	"\241\003\034\320\226v\345\275\227\320\206\031\0010\203"
 258      9676E5BD 
 258      97D08619 
 258      013083
 259 05d9 80F70818 		.ascii	"\200\367\010\030\036L\255\360\246\343\034\220Q\223\272"
 259      1E4CADF0 
 259      A6E31C90 
 259      5193BA
 260 05e8 7F8E367C 		.ascii	"\177\2166|\020\010\037\2200\213\204\373\271\307\247"
 260      10081F90 
 260      308B84FB 
 260      B9C7A7
 261 05f7 35D426EF 		.ascii	"5\324&\357\304\201\263\371\366\235\230ui\203M@\330\020"
 261      C481B3F9 
 261      F69D9875 
 261      69834D40 
 261      D810
 262 0609 61513044 		.ascii	"aQ0Dfu\373Y\037\232\341\205\210\231\223\025J\241\013"
 262      6675FB59 
 262      1F9AE185 
 262      88999315 
 262      4AA10B
 263 061c 1B159E7E 		.ascii	"\033\025\236~\230\201\377\233\320o\353\314\355P\320"
 263      9881FF9B 
 263      D06FEBCC 
 263      ED50D0
 264 062b 3CEE9FA8 		.ascii	"<\356\237\250\177\360X#ta\263\000\330\214\200-\010h"
 264      7FF05823 
 264      7461B300 
 264      D88C802D 
 264      0868
 265 063d BD905103 		.ascii	"\275\220Q\003\207\201\003\312\217m\334\242\021\273\220"
 265      878103CA 
 265      8F6DDCA2 
 265      11BB90
 266 064c 22105290 		.ascii	"\"\020R\220\260\025\011\007Rw|Lk9\240\267%s\302\336"
 266      B0150907 
 266      52777C4C 
 266      6B39A0B7 
 266      2573C2DE 
 267 0660 849E2C67 		.ascii	"\204\236,g\023\266\011\204mH\330\216\204\347e\347+}"
 267      13B60984 
 267      6D48D88E 
 267      84E765E7 
 267      2B7D
 268 0672 693747D4 		.ascii	"i7G\324\247W\\\363\026\272\260C\000\354@\300N\004\314"
ARM GAS  C:\Users\Luczia\AppData\Local\Temp\ccKxGmmj.s 			page 21


 268      A7575CF3 
 268      16BAB043 
 268      00EC40C0 
 268      4E04CC
 269 0685 1C992E56 		.ascii	"\034\231.V\322\001\016(\031\272\263S|$v\011\200]\010"
 269      D2010E28 
 269      19BAB353 
 269      7C247609 
 269      805D08
 270 0698 484540CE 		.ascii	"HE@\316\301\3035\032:\316\001\371\031\347\017\253\304"
 270      C1C3351A 
 270      3ACE01F9 
 270      19E70FAB 
 270      C4
 271 06a9 2EA40984 		.ascii	".\244\011\2044$|\207\204\262K}\325\276\324\306\011\235"
 271      34247C87 
 271      84B24B7D 
 271      D5BED4C6 
 271      099D
 272 06bb A75FF5D8 		.ascii	"\247_\365\330\337\014c.m\330- v#\302\212\210\224\267"
 272      DF0C632E 
 272      6DD82D20 
 272      7623C28A 
 272      8894B7
 273 06ce 5B735434 		.ascii	"[sT4\303\033\021\373\236<\265\372\010mH\027\000\351"
 273      C31B11FB 
 273      9E3CB5FA 
 273      086D4817 
 273      00E9
 274 06e0 08C84040 		.ascii	"\010\310@@sf\332\031?\232\307\001\305Mw~\"ta\217\340"
 274      7366DA19 
 274      3F9AC701 
 274      C54D777E 
 274      2274618F 
 275 06f5 DF83FEBD 		.ascii	"\337\203\376\275\350?6emQ\322r\356\337\221;XA\304.\354"
 275      E83F3665 
 275      6D51D272 
 275      EEDF913B 
 275      5841C42E 
 276 070a 1308FB90 		.ascii	"\023\010\373\220\260\037\011;\352\013\213\324\264\226"
 276      B01F093B 
 276      EA0B8BD4 
 276      B496
 277 0718 136E94CE 		.ascii	"\023n\224\316d\333\227\320\234\355\354B\246\200\310"
 277      64DB97D0 
 277      9CEDEC42 
 277      A680C8
 278 0727 44C40144 		.ascii	"D\304\001DT\237(\237\204\027\003G4\\|\222\357/t!K\000"
 278      549F289F 
 278      84170347 
 278      345C7C92 
 278      EF2F7421 
 279 073d 6421201B 		.ascii	"d! \033\001\347F\357\276\365\246\003\0340=9\232\345"
 279      01E746EF 
 279      BEF5A603 
 279      1C303D39 
 279      9AE5
ARM GAS  C:\Users\Luczia\AppData\Local\Temp\ccKxGmmj.s 			page 22


 280 074f 23B42147 		.ascii	"#\264!G\000\344 \340 \002^\266Y\341\221\030\347\200"
 280      00E420E0 
 280      20025EB6 
 280      59E19118 
 280      E780
 281 0761 DDB585D3 		.ascii	"\335\265\205\323\012\261\015\207\004\302!$\034FB\315"
 281      0AB10D87 
 281      04C22124 
 281      1C4642CD 
 282 0771 85998FA9 		.ascii	"\205\231\217\251\215\003Z\032\232\034\317\324\003\227"
 282      8D035A1A 
 282      9A1CCFD4 
 282      0397
 283 077f 2EE40A84 		.ascii	".\344\012\204\\$\344!\301Z~\344=\234\005\037\376\216"
 283      5C24E421 
 283      C15A7EE4 
 283      3D9C051F 
 283      FE8E
 284 0791 AEA9AA22 		.ascii	"\256\251\252\"B\027\216\010\200#\0108\312\027q\243\264"
 284      42178E08 
 284      80230838 
 284      CA1771A3 
 284      B4
 285 07a2 7701CDE3 		.ascii	"w\001\315\343\200\332\312\262\327\342\3531_\000\344"
 285      80DACAB2 
 285      D7E2EB31 
 285      5F00E4
 286 07b1 23A00001 		.ascii	"#\240\000\001\003\225U\345ZZ\316\0013\023\031)st\341"
 286      039555E5 
 286      5A5ACE01 
 286      33131929 
 286      7374E1
 287 07c4 98403886 		.ascii	"\230@8\206\204B$\234\264\016f\372"
 287      8442249C 
 287      B40E66FA 
 288 07d0 D05A4E38 		.ascii	"\320ZN8P\275\247\337\376r{\355\322\206\343\002\3428"
 288      50BDA7DF 
 288      FE727BED 
 288      D286E302 
 288      E238
 289 07e2 224E2022 		.ascii	"\"N \"\373\306\336\032B\2739\342iQG\341\002\241\015"
 289      FBC6DE1A 
 289      42BB39E2 
 289      695147E1 
 289      02A10D
 290 07f5 4502A008 		.ascii	"E\002\240\010\001\305\010\030\331\326\377\000\016\003"
 290      01C50818 
 290      D9D6FF00 
 290      0E03
 291 0803 07343F6B 		.ascii	"\0074?kn\360\025\332P\"\000J\020P\312_\320/\337m\206"
 291      6EF015DA 
 291      5022004A 
 291      1050CA5F 
 291      D02FDF6D 
 292 0818 C3C00195 		.ascii	"\303\300\001\225\271\351\377\020\273pR\000\234D@\031"
 292      B9E9FF10 
 292      BB705200 
ARM GAS  C:\Users\Luczia\AppData\Local\Temp\ccKxGmmj.s 			page 23


 292      9C444019 
 293 0828 020A4686 		.ascii	"\002\012F\206\256(\\\177\001\217\270\374\356\223H\271"
 293      AE285C7F 
 293      018FB8FC 
 293      EE9348B9 
 294 0838 027F01B3 		.ascii	"\002\177\001\263O\010\256\030\256|\350\353\032\314~"
 294      4F08AE18 
 294      AE7CE8EB 
 294      1ACC7E
 295 0847 9438834F 		.ascii	"\2248\203O\311\301\2470\270}\266g\312\307\036\274}\276"
 295      C9C1A730 
 295      B87DB667 
 295      CAC71EBC 
 295      7DBE
 296 0859 DFD6A402 		.ascii	"\337\326\244\002L~z}tB\242Q\037k\2125+\377i4\374\355"
 296      4C7E7A7D 
 296      7442A251 
 296      1F6B8A35 
 296      2BFF6934 
 297 086f B3F0F008 		.ascii	"\263\360\360\010\370\213\3766vmlB\222\356W\272\210\204"
 297      F88BFE36 
 297      766D6C42 
 297      92EE57BA 
 297      8884
 298 0881 A488E884 		.ascii	"\244\210\350\204\370\370\004SD\222\331\220hN^\027\361"
 298      F8F80453 
 298      4492D990 
 298      684E5E17 
 298      F1
 299 0892 DBDF7FB5 		.ascii	"\333\337\177\265\346\253\365lv]l\23411)\342\2135k\""
 299      E6ABF56C 
 299      765D6C9C 
 299      313129E2 
 299      8B356B22 
 300 08a6 A213CDBA 		.ascii	"\242\023\315\272\360h\325\027\277\373C\310\032\235N"
 300      F068D517 
 300      BFFB43C8 
 300      1A9D4E
 301 08b5 FACDFFC6 		.ascii	"\372\315\377\306\2214z\275\321\220\030\267\001+\203"
 301      91347ABD 
 301      D19018B7 
 301      012B83
 302 08c4 2AE30C66 		.ascii	"*\343\014f^\245V\257\2171~cH\2163\353\215\353c\315*"
 302      5EA556AF 
 302      8F317E63 
 302      488E33EB 
 302      8DEB63CD 
 303 08d9 13946F4E 		.ascii	"\023\224oNN4\005\350\361k}\242!^oH4\032\222|\035w\352"
 303      4E3405E8 
 303      F16B7DA2 
 303      215E6F48 
 303      341A927C 
 304 08f0 E83860E1 		.ascii	"\3508`\341\275Z\257O\2165\231W,\327\233\277\211\376"
 304      BD5AAF4F 
 304      8E359957 
 304      2CD79BBF 
 304      89FE
ARM GAS  C:\Users\Luczia\AppData\Local\Temp\ccKxGmmj.s 			page 24


 305 0902 75149697 		.ascii	"u\024\226\227dN\216\211M\2102'$\304%E\375\325\224\034"
 305      644E8E89 
 305      4D883227 
 305      24C42545 
 305      FDD5941C 
 306 0916 82772186 		.ascii	"\202w!\206\304\370\020c\374ZcL\2141&*2|Y\310\362e\272"
 306      C4F81063 
 306      FC5A634C 
 306      8C31262A 
 306      327C59C8 
 307 092d C8BFAF8C 		.ascii	"\310\277\257\214\202\371\245\246\004\223q\251\321\260"
 307      82F9A5A6 
 307      049371A9 
 307      D1B0
 308 093b 36362AD6 		.ascii	"66*\326\024\035\227\034c\214\2127\000\313d\214r\024"
 308      141D971C 
 308      638C8A37 
 308      00CB648C 
 308      7214
 309 094d 67DEB0CE 		.ascii	"g\336\260\316\230\024\376\255\244\262\347\373\363\377"
 309      9814FEAD 
 309      A4B2E7FB 
 309      F3FF
 310 095b 355FD286 		.ascii	"5_\322\206\244(}\2229\006\340\220\304\027\227\316\026"
 310      A4287D92 
 310      3906E090 
 310      C41797CE 
 310      16
 311 096c A8C53BB3 		.ascii	"\250\305;\263q=\037jL\011z\307w\376\254#\216\221\336"
 311      713D1F6A 
 311      4C097AC7 
 311      77FEAC23 
 311      8E91DE
 312 097f 1CA867DD 		.ascii	"\034\250g\335Z\246wZ\364\013\\\247\364Zy\304\373\247"
 312      5AA6775A 
 312      F40B5CA7 
 312      F45A79C4 
 312      FBA7
 313 0991 F79787A6 		.ascii	"\367\227\207\246\004\3765\367\353D\277\316\315\257s"
 313      04FE35F7 
 313      EB44BFCE 
 313      CDAF73
 314 09a0 F7EB3CFC 		.ascii	"\367\353<\374\313E\377r7\377rw\377r\017\377\012\321"
 314      CB45FF72 
 314      37FF7277 
 314      FF720FFF 
 314      0AD1
 315 09b2 BFC2CDBF 		.ascii	"\277\302\315\277\302\335\277\302\303\277R\364\257t\363"
 315      C2DDBFC2 
 315      C3BF52F4 
 315      AF74F3
 316 09c1 AF74F7AF 		.ascii	"\257t\367\257\364\360\257\022\375\253\334\374\253\334"
 316      F4F0AF12 
 316      FDABDCFC 
 316      ABDC
 317 09cf FDAB3CFC 		.ascii	"\375\253<\374\253E\377j7\377jw\377j\017\177\244\350"
 317      AB45FF6A 
ARM GAS  C:\Users\Luczia\AppData\Local\Temp\ccKxGmmj.s 			page 25


 317      37FF6A77 
 317      FF6A0F7F 
 317      A4E8
 318 09e1 8F74F347 		.ascii	"\217t\363G\272\373#\035\376\177\003\266C\220\006"
 318      BAFB231D 
 318      FE7F03B6 
 318      439006
 319              		.text
 320              		.section	.gnu.lto_.symtab.803e8d3f,"",%progbits
 321 0000 5F5F636F 		.ascii	"__core_init\000"
 321      72655F69 
 321      6E697400 
 322 000c 00       		.ascii	"\000"
 323 000d 01       		.ascii	"\001"
 324 000e 00       		.ascii	"\000"
 325 000f 00000000 		.ascii	"\000\000\000\000\000\000\000\000"
 325      00000000 
 326 0017 BD000000 		.ascii	"\275\000\000\000"
 327 001b 5F5F6561 		.ascii	"__early_init\000"
 327      726C795F 
 327      696E6974 
 327      00
 328 0028 00       		.ascii	"\000"
 329 0029 01       		.ascii	"\001"
 330 002a 00       		.ascii	"\000"
 331 002b 00000000 		.ascii	"\000\000\000\000\000\000\000\000"
 331      00000000 
 332 0033 C0000000 		.ascii	"\300\000\000\000"
 333 0037 5F5F6C61 		.ascii	"__late_init\000"
 333      74655F69 
 333      6E697400 
 334 0043 00       		.ascii	"\000"
 335 0044 01       		.ascii	"\001"
 336 0045 00       		.ascii	"\000"
 337 0046 00000000 		.ascii	"\000\000\000\000\000\000\000\000"
 337      00000000 
 338 004e C3000000 		.ascii	"\303\000\000\000"
 339 0052 5F5F6465 		.ascii	"__default_exit\000"
 339      6661756C 
 339      745F6578 
 339      697400
 340 0061 00       		.ascii	"\000"
 341 0062 01       		.ascii	"\001"
 342 0063 00       		.ascii	"\000"
 343 0064 00000000 		.ascii	"\000\000\000\000\000\000\000\000"
 343      00000000 
 344 006c C8000000 		.ascii	"\310\000\000\000"
 345 0070 5F5F696E 		.ascii	"__init_ram_areas\000"
 345      69745F72 
 345      616D5F61 
 345      72656173 
 345      00
 346 0081 00       		.ascii	"\000"
 347 0082 00       		.ascii	"\000"
 348 0083 00       		.ascii	"\000"
 349 0084 00000000 		.ascii	"\000\000\000\000\000\000\000\000"
 349      00000000 
ARM GAS  C:\Users\Luczia\AppData\Local\Temp\ccKxGmmj.s 			page 26


 350 008c CA000000 		.ascii	"\312\000\000\000"
 351 0090 5F5F7261 		.ascii	"__ram0_init_text__\000"
 351      6D305F69 
 351      6E69745F 
 351      74657874 
 351      5F5F00
 352 00a3 00       		.ascii	"\000"
 353 00a4 02       		.ascii	"\002"
 354 00a5 00       		.ascii	"\000"
 355 00a6 00000000 		.ascii	"\000\000\000\000\000\000\000\000"
 355      00000000 
 356 00ae F0000000 		.ascii	"\360\000\000\000"
 357 00b2 5F5F7261 		.ascii	"__ram0_init__\000"
 357      6D305F69 
 357      6E69745F 
 357      5F00
 358 00c0 00       		.ascii	"\000"
 359 00c1 02       		.ascii	"\002"
 360 00c2 00       		.ascii	"\000"
 361 00c3 00000000 		.ascii	"\000\000\000\000\000\000\000\000"
 361      00000000 
 362 00cb F2000000 		.ascii	"\362\000\000\000"
 363 00cf 5F5F7261 		.ascii	"__ram0_clear__\000"
 363      6D305F63 
 363      6C656172 
 363      5F5F00
 364 00de 00       		.ascii	"\000"
 365 00df 02       		.ascii	"\002"
 366 00e0 00       		.ascii	"\000"
 367 00e1 00000000 		.ascii	"\000\000\000\000\000\000\000\000"
 367      00000000 
 368 00e9 F4000000 		.ascii	"\364\000\000\000"
 369 00ed 5F5F7261 		.ascii	"__ram0_noinit__\000"
 369      6D305F6E 
 369      6F696E69 
 369      745F5F00 
 370 00fd 00       		.ascii	"\000"
 371 00fe 02       		.ascii	"\002"
 372 00ff 00       		.ascii	"\000"
 373 0100 00000000 		.ascii	"\000\000\000\000\000\000\000\000"
 373      00000000 
 374 0108 F6000000 		.ascii	"\366\000\000\000"
 375 010c 5F5F7261 		.ascii	"__ram1_init_text__\000"
 375      6D315F69 
 375      6E69745F 
 375      74657874 
 375      5F5F00
 376 011f 00       		.ascii	"\000"
 377 0120 02       		.ascii	"\002"
 378 0121 00       		.ascii	"\000"
 379 0122 00000000 		.ascii	"\000\000\000\000\000\000\000\000"
 379      00000000 
 380 012a F8000000 		.ascii	"\370\000\000\000"
 381 012e 5F5F7261 		.ascii	"__ram1_init__\000"
 381      6D315F69 
 381      6E69745F 
 381      5F00
ARM GAS  C:\Users\Luczia\AppData\Local\Temp\ccKxGmmj.s 			page 27


 382 013c 00       		.ascii	"\000"
 383 013d 02       		.ascii	"\002"
 384 013e 00       		.ascii	"\000"
 385 013f 00000000 		.ascii	"\000\000\000\000\000\000\000\000"
 385      00000000 
 386 0147 FA000000 		.ascii	"\372\000\000\000"
 387 014b 5F5F7261 		.ascii	"__ram1_clear__\000"
 387      6D315F63 
 387      6C656172 
 387      5F5F00
 388 015a 00       		.ascii	"\000"
 389 015b 02       		.ascii	"\002"
 390 015c 00       		.ascii	"\000"
 391 015d 00000000 		.ascii	"\000\000\000\000\000\000\000\000"
 391      00000000 
 392 0165 FC000000 		.ascii	"\374\000\000\000"
 393 0169 5F5F7261 		.ascii	"__ram1_noinit__\000"
 393      6D315F6E 
 393      6F696E69 
 393      745F5F00 
 394 0179 00       		.ascii	"\000"
 395 017a 02       		.ascii	"\002"
 396 017b 00       		.ascii	"\000"
 397 017c 00000000 		.ascii	"\000\000\000\000\000\000\000\000"
 397      00000000 
 398 0184 FE000000 		.ascii	"\376\000\000\000"
 399 0188 5F5F7261 		.ascii	"__ram2_init_text__\000"
 399      6D325F69 
 399      6E69745F 
 399      74657874 
 399      5F5F00
 400 019b 00       		.ascii	"\000"
 401 019c 02       		.ascii	"\002"
 402 019d 00       		.ascii	"\000"
 403 019e 00000000 		.ascii	"\000\000\000\000\000\000\000\000"
 403      00000000 
 404 01a6 00010000 		.ascii	"\000\001\000\000"
 405 01aa 5F5F7261 		.ascii	"__ram2_init__\000"
 405      6D325F69 
 405      6E69745F 
 405      5F00
 406 01b8 00       		.ascii	"\000"
 407 01b9 02       		.ascii	"\002"
 408 01ba 00       		.ascii	"\000"
 409 01bb 00000000 		.ascii	"\000\000\000\000\000\000\000\000"
 409      00000000 
 410 01c3 02010000 		.ascii	"\002\001\000\000"
 411 01c7 5F5F7261 		.ascii	"__ram2_clear__\000"
 411      6D325F63 
 411      6C656172 
 411      5F5F00
 412 01d6 00       		.ascii	"\000"
 413 01d7 02       		.ascii	"\002"
 414 01d8 00       		.ascii	"\000"
 415 01d9 00000000 		.ascii	"\000\000\000\000\000\000\000\000"
 415      00000000 
 416 01e1 04010000 		.ascii	"\004\001\000\000"
ARM GAS  C:\Users\Luczia\AppData\Local\Temp\ccKxGmmj.s 			page 28


 417 01e5 5F5F7261 		.ascii	"__ram2_noinit__\000"
 417      6D325F6E 
 417      6F696E69 
 417      745F5F00 
 418 01f5 00       		.ascii	"\000"
 419 01f6 02       		.ascii	"\002"
 420 01f7 00       		.ascii	"\000"
 421 01f8 00000000 		.ascii	"\000\000\000\000\000\000\000\000"
 421      00000000 
 422 0200 06010000 		.ascii	"\006\001\000\000"
 423 0204 5F5F7261 		.ascii	"__ram3_init_text__\000"
 423      6D335F69 
 423      6E69745F 
 423      74657874 
 423      5F5F00
 424 0217 00       		.ascii	"\000"
 425 0218 02       		.ascii	"\002"
 426 0219 00       		.ascii	"\000"
 427 021a 00000000 		.ascii	"\000\000\000\000\000\000\000\000"
 427      00000000 
 428 0222 08010000 		.ascii	"\010\001\000\000"
 429 0226 5F5F7261 		.ascii	"__ram3_init__\000"
 429      6D335F69 
 429      6E69745F 
 429      5F00
 430 0234 00       		.ascii	"\000"
 431 0235 02       		.ascii	"\002"
 432 0236 00       		.ascii	"\000"
 433 0237 00000000 		.ascii	"\000\000\000\000\000\000\000\000"
 433      00000000 
 434 023f 0A010000 		.ascii	"\012\001\000\000"
 435 0243 5F5F7261 		.ascii	"__ram3_clear__\000"
 435      6D335F63 
 435      6C656172 
 435      5F5F00
 436 0252 00       		.ascii	"\000"
 437 0253 02       		.ascii	"\002"
 438 0254 00       		.ascii	"\000"
 439 0255 00000000 		.ascii	"\000\000\000\000\000\000\000\000"
 439      00000000 
 440 025d 0C010000 		.ascii	"\014\001\000\000"
 441 0261 5F5F7261 		.ascii	"__ram3_noinit__\000"
 441      6D335F6E 
 441      6F696E69 
 441      745F5F00 
 442 0271 00       		.ascii	"\000"
 443 0272 02       		.ascii	"\002"
 444 0273 00       		.ascii	"\000"
 445 0274 00000000 		.ascii	"\000\000\000\000\000\000\000\000"
 445      00000000 
 446 027c 0E010000 		.ascii	"\016\001\000\000"
 447 0280 5F5F7261 		.ascii	"__ram4_init_text__\000"
 447      6D345F69 
 447      6E69745F 
 447      74657874 
 447      5F5F00
 448 0293 00       		.ascii	"\000"
ARM GAS  C:\Users\Luczia\AppData\Local\Temp\ccKxGmmj.s 			page 29


 449 0294 02       		.ascii	"\002"
 450 0295 00       		.ascii	"\000"
 451 0296 00000000 		.ascii	"\000\000\000\000\000\000\000\000"
 451      00000000 
 452 029e 10010000 		.ascii	"\020\001\000\000"
 453 02a2 5F5F7261 		.ascii	"__ram4_init__\000"
 453      6D345F69 
 453      6E69745F 
 453      5F00
 454 02b0 00       		.ascii	"\000"
 455 02b1 02       		.ascii	"\002"
 456 02b2 00       		.ascii	"\000"
 457 02b3 00000000 		.ascii	"\000\000\000\000\000\000\000\000"
 457      00000000 
 458 02bb 12010000 		.ascii	"\022\001\000\000"
 459 02bf 5F5F7261 		.ascii	"__ram4_clear__\000"
 459      6D345F63 
 459      6C656172 
 459      5F5F00
 460 02ce 00       		.ascii	"\000"
 461 02cf 02       		.ascii	"\002"
 462 02d0 00       		.ascii	"\000"
 463 02d1 00000000 		.ascii	"\000\000\000\000\000\000\000\000"
 463      00000000 
 464 02d9 14010000 		.ascii	"\024\001\000\000"
 465 02dd 5F5F7261 		.ascii	"__ram4_noinit__\000"
 465      6D345F6E 
 465      6F696E69 
 465      745F5F00 
 466 02ed 00       		.ascii	"\000"
 467 02ee 02       		.ascii	"\002"
 468 02ef 00       		.ascii	"\000"
 469 02f0 00000000 		.ascii	"\000\000\000\000\000\000\000\000"
 469      00000000 
 470 02f8 16010000 		.ascii	"\026\001\000\000"
 471 02fc 5F5F7261 		.ascii	"__ram5_init_text__\000"
 471      6D355F69 
 471      6E69745F 
 471      74657874 
 471      5F5F00
 472 030f 00       		.ascii	"\000"
 473 0310 02       		.ascii	"\002"
 474 0311 00       		.ascii	"\000"
 475 0312 00000000 		.ascii	"\000\000\000\000\000\000\000\000"
 475      00000000 
 476 031a 18010000 		.ascii	"\030\001\000\000"
 477 031e 5F5F7261 		.ascii	"__ram5_init__\000"
 477      6D355F69 
 477      6E69745F 
 477      5F00
 478 032c 00       		.ascii	"\000"
 479 032d 02       		.ascii	"\002"
 480 032e 00       		.ascii	"\000"
 481 032f 00000000 		.ascii	"\000\000\000\000\000\000\000\000"
 481      00000000 
 482 0337 1A010000 		.ascii	"\032\001\000\000"
 483 033b 5F5F7261 		.ascii	"__ram5_clear__\000"
ARM GAS  C:\Users\Luczia\AppData\Local\Temp\ccKxGmmj.s 			page 30


 483      6D355F63 
 483      6C656172 
 483      5F5F00
 484 034a 00       		.ascii	"\000"
 485 034b 02       		.ascii	"\002"
 486 034c 00       		.ascii	"\000"
 487 034d 00000000 		.ascii	"\000\000\000\000\000\000\000\000"
 487      00000000 
 488 0355 1C010000 		.ascii	"\034\001\000\000"
 489 0359 5F5F7261 		.ascii	"__ram5_noinit__\000"
 489      6D355F6E 
 489      6F696E69 
 489      745F5F00 
 490 0369 00       		.ascii	"\000"
 491 036a 02       		.ascii	"\002"
 492 036b 00       		.ascii	"\000"
 493 036c 00000000 		.ascii	"\000\000\000\000\000\000\000\000"
 493      00000000 
 494 0374 1E010000 		.ascii	"\036\001\000\000"
 495 0378 5F5F7261 		.ascii	"__ram6_init_text__\000"
 495      6D365F69 
 495      6E69745F 
 495      74657874 
 495      5F5F00
 496 038b 00       		.ascii	"\000"
 497 038c 02       		.ascii	"\002"
 498 038d 00       		.ascii	"\000"
 499 038e 00000000 		.ascii	"\000\000\000\000\000\000\000\000"
 499      00000000 
 500 0396 20010000 		.ascii	" \001\000\000"
 501 039a 5F5F7261 		.ascii	"__ram6_init__\000"
 501      6D365F69 
 501      6E69745F 
 501      5F00
 502 03a8 00       		.ascii	"\000"
 503 03a9 02       		.ascii	"\002"
 504 03aa 00       		.ascii	"\000"
 505 03ab 00000000 		.ascii	"\000\000\000\000\000\000\000\000"
 505      00000000 
 506 03b3 22010000 		.ascii	"\"\001\000\000"
 507 03b7 5F5F7261 		.ascii	"__ram6_clear__\000"
 507      6D365F63 
 507      6C656172 
 507      5F5F00
 508 03c6 00       		.ascii	"\000"
 509 03c7 02       		.ascii	"\002"
 510 03c8 00       		.ascii	"\000"
 511 03c9 00000000 		.ascii	"\000\000\000\000\000\000\000\000"
 511      00000000 
 512 03d1 24010000 		.ascii	"$\001\000\000"
 513 03d5 5F5F7261 		.ascii	"__ram6_noinit__\000"
 513      6D365F6E 
 513      6F696E69 
 513      745F5F00 
 514 03e5 00       		.ascii	"\000"
 515 03e6 02       		.ascii	"\002"
 516 03e7 00       		.ascii	"\000"
ARM GAS  C:\Users\Luczia\AppData\Local\Temp\ccKxGmmj.s 			page 31


 517 03e8 00000000 		.ascii	"\000\000\000\000\000\000\000\000"
 517      00000000 
 518 03f0 26010000 		.ascii	"&\001\000\000"
 519 03f4 5F5F7261 		.ascii	"__ram7_init_text__\000"
 519      6D375F69 
 519      6E69745F 
 519      74657874 
 519      5F5F00
 520 0407 00       		.ascii	"\000"
 521 0408 02       		.ascii	"\002"
 522 0409 00       		.ascii	"\000"
 523 040a 00000000 		.ascii	"\000\000\000\000\000\000\000\000"
 523      00000000 
 524 0412 28010000 		.ascii	"(\001\000\000"
 525 0416 5F5F7261 		.ascii	"__ram7_init__\000"
 525      6D375F69 
 525      6E69745F 
 525      5F00
 526 0424 00       		.ascii	"\000"
 527 0425 02       		.ascii	"\002"
 528 0426 00       		.ascii	"\000"
 529 0427 00000000 		.ascii	"\000\000\000\000\000\000\000\000"
 529      00000000 
 530 042f 2A010000 		.ascii	"*\001\000\000"
 531 0433 5F5F7261 		.ascii	"__ram7_clear__\000"
 531      6D375F63 
 531      6C656172 
 531      5F5F00
 532 0442 00       		.ascii	"\000"
 533 0443 02       		.ascii	"\002"
 534 0444 00       		.ascii	"\000"
 535 0445 00000000 		.ascii	"\000\000\000\000\000\000\000\000"
 535      00000000 
 536 044d 2C010000 		.ascii	",\001\000\000"
 537 0451 5F5F7261 		.ascii	"__ram7_noinit__\000"
 537      6D375F6E 
 537      6F696E69 
 537      745F5F00 
 538 0461 00       		.ascii	"\000"
 539 0462 02       		.ascii	"\002"
 540 0463 00       		.ascii	"\000"
 541 0464 00000000 		.ascii	"\000\000\000\000\000\000\000\000"
 541      00000000 
 542 046c 2E010000 		.ascii	".\001\000\000"
 543              		.text
 544              		.section	.gnu.lto_.opts,"",%progbits
 545 0000 272D666D 		.ascii	"'-fmath-errno' '-fsigned-zeros' '-ftrapping-math' '"
 545      6174682D 
 545      6572726E 
 545      6F272027 
 545      2D667369 
 546 0033 2D666E6F 		.ascii	"-fno-trapv' '-fno-strict-overflow' '-fno-openmp' '-"
 546      2D747261 
 546      70762720 
 546      272D666E 
 546      6F2D7374 
 547 0066 666E6F2D 		.ascii	"fno-openacc' '-mcpu=cortex-m4' '-mthumb' '-O0' '-fo"
ARM GAS  C:\Users\Luczia\AppData\Local\Temp\ccKxGmmj.s 			page 32


 547      6F70656E 
 547      61636327 
 547      20272D6D 
 547      6370753D 
 548 0099 6D69742D 		.ascii	"mit-frame-pointer' '-falign-functions=16' '-ffuncti"
 548      6672616D 
 548      652D706F 
 548      696E7465 
 548      72272027 
 549 00cc 6F6E2D73 		.ascii	"on-sections' '-fdata-sections' '-fno-common' '-flto"
 549      65637469 
 549      6F6E7327 
 549      20272D66 
 549      64617461 
 550 00ff 2700     		.ascii	"'\000"
 551              		.text
 552              		.comm	__gnu_lto_v1,1,1
 553              		.comm	__gnu_lto_slim,1,1
 554              		.ident	"GCC: (GNU Tools for Arm Embedded Processors 7-2017-q4-major) 7.2.1 20170904 (release) [ARM
ARM GAS  C:\Users\Luczia\AppData\Local\Temp\ccKxGmmj.s 			page 33


DEFINED SYMBOLS
                            *ABS*:00000000 crt1.c
                            *COM*:00000001 __gnu_lto_v1
                            *COM*:00000001 __gnu_lto_slim

NO UNDEFINED SYMBOLS
