ARM GAS  C:\Users\Luczia\AppData\Local\Temp\ccSXXXvl.s 			page 1


   1              		.cpu cortex-m4
   2              		.eabi_attribute 20, 1
   3              		.eabi_attribute 21, 1
   4              		.eabi_attribute 23, 3
   5              		.eabi_attribute 24, 1
   6              		.eabi_attribute 25, 1
   7              		.eabi_attribute 26, 1
   8              		.eabi_attribute 30, 6
   9              		.eabi_attribute 34, 1
  10              		.eabi_attribute 18, 4
  11              		.file	"hal.c"
  12              		.section	.gnu.lto_.inline.803ea44b,"",%progbits
  13 0000 789C6363 		.ascii	"x\234cc``\210d@\000&\006\006f fbZ \317\300\002\3421"
  13      60608864 
  13      40002606 
  13      06662066 
  13      625A20CF 
  14 0018 303032F0 		.ascii	"002\360>c@\023\342\"\225`\000\000\342x\003["
  14      3E634013 
  14      E2229560 
  14      0000E278 
  14      035B
  15              		.text
  16              		.section	.gnu.lto_osalInit.803ea44b,"",%progbits
  17 0000 789C6363 		.ascii	"x\234cc``(\005bM \026\005b\006f\006F&\006 fd\004r\030"
  17      60602805 
  17      624D2016 
  17      05620666 
  17      06462606 
  18 001a 19EA9918 		.ascii	"\031\352\231\030\353\031{\230\24703\036j\177\266\223"
  18      EB197B98 
  18      A730331E 
  18      6A7FB693 
  19 002a 49737903 		.ascii	"Isy\003\020\034\230~MnM\303\205\006\3469\314\014\014"
  19      101C987E 
  19      4D6E4DC3 
  19      8506E639 
  19      CC0C0C
  20 003d D39819C0 		.ascii	"\323\230\031\300\200q3\243&\003P\335\243\215\377\246"
  20      807133A3 
  20      260350DD 
  20      A38DFFA6 
  21 004d F2B2B140 		.ascii	"\362\262\261@\304\031\2670\2621\200LZ\177\211\365@\303"
  21      C419B730 
  21      B231804C 
  21      5A7F89F5 
  21      40C3
  22 005f BFFFED0D 		.ascii	"\277\377\355\015\007\356,a\274\035\007\264\242\003\254"
  22      07EE2C61 
  22      BC1D07B4 
  22      A203AC
  23 006e AF9319C8 		.ascii	"\257\223\031\310d~\307\330\244\000V\012\002\035\314"
  23      647EC7D8 
  23      A400560A 
  23      021DCC
  24 007d 400D4051 		.ascii	"@\015@Qu==} J\316\310L\312\314/6\2644\324\317/\326\317"
  24      753D3D7D 
ARM GAS  C:\Users\Luczia\AppData\Local\Temp\ccSXXXvl.s 			page 2


  24      204ACEC8 
  24      4CCACC2F 
  24      36B434D4 
  25 0095 48CC0152 		.ascii	"H\314\001R@\242\250\004L\353e0\000\000\001\253.\206"
  25      40A2A804 
  25      4CEB6530 
  25      000001AB 
  25      2E86
  26              		.text
  27              		.section	.gnu.lto_halInit.803ea44b,"",%progbits
  28 0000 789C75D1 		.ascii	"x\234u\321\273N\3030\024\006\340\363\307mRP\201\205"
  28      BB4EC330 
  28      1406E0F3 
  28      C76D5250 
  28      8185
  29 0012 0E880DB1 		.ascii	"\016\210\015\261tI\324\221W\340- K+!U\"\017\020\013"
  29      7449D491 
  29      57E02D20 
  29      4B2B2155 
  29      220F100B 
  30 0026 86168991 		.ascii	"\206\026\211\221\226%C\305\002\014\010!(\340rQ\304#"
  30      962543C5 
  30      020C0821 
  30      28E07251 
  30      C423
  31 0038 B0B20162 		.ascii	"\260\262\001b*\227\216\014-\034\007\006\017\316\221"
  31      2A978E0C 
  31      2D1C0706 
  31      0FCE91
  32 0047 AD235B9F 		.ascii	"\255#[\237}|q\211\310s\210\2269W\270\223 \360\020\016"
  32      7D7C7189 
  32      C8738896 
  32      3957B893 
  32      20F0100E 
  33 005b C00350EC 		.ascii	"\300\003P\354 \306\256\330\023xh\275)\247z(9\322\375"
  33      20C6AED8 
  33      137868BD 
  33      29A77A28 
  33      39D2FD
  34 006e AF057994 		.ascii	"\257\005y\224\"\021D]AY\340\034Ub\366|6\351\314\270"
  34      2211445D 
  34      4159E01C 
  34      5562F67C 
  34      36E9CCB8 
  35 0082 85BF795C 		.ascii	"\205\277y\\\300%\275\321\351c1\225\223\237\226L_\017"
  35      C025BDD1 
  35      E9633195 
  35      939F964C 
  35      5F0F
  36 0094 305A2D13 		.ascii	"0Z-\023\265\263u;\202\213\211!\266{\237\213\031\346"
  36      B5B3753B 
  36      828B8921 
  36      B67B9F8B 
  36      19E6
  37 00a6 1D941A3E 		.ascii	"\035\224\032>y\361X\226\022\201\256\340\325\350#\246"
  37      79F15896 
  37      1281AEE0 
ARM GAS  C:\Users\Luczia\AppData\Local\Temp\ccSXXXvl.s 			page 3


  37      D5E823A6 
  38 00b6 84A576DF 		.ascii	"\204\245v\337\302\356\364\241/\015w\\\266;.\213+\303"
  38      C2EEF4A1 
  38      2F0D775C 
  38      B63B2E8B 
  38      2BC3
  39 00c8 9DCCDA5D 		.ascii	"\235\314\332]\201\335\265\341T\216+\262S\206\033\345"
  39      81DDB5E1 
  39      548E2BB2 
  39      53861BE5 
  40 00d8 3897DDC0 		.ascii	"8\227\335\300p\3759\273\363\330\335\030\356=\307\225"
  40      70FD39BB 
  40      F3D8DD18 
  40      EE3DC795 
  41 00e8 D8DD1A6E 		.ascii	"\330\335\032n<owS\354\356\314{T\354n\232\335\375\277"
  41      3C6F7753 
  41      ECEECC7B 
  41      54EC6E9A 
  41      DDFDBF
  42 00fb FBC056EF 		.ascii	"\373\300V\357\245\203\014\352h\353_\340\007^\362\375"
  42      A5830CEA 
  42      68EB5FE0 
  42      075EF2FD 
  43 010b 805B586F 		.ascii	"\200[Xo\2547\232Qm\245\0264\243\240\276\266\021D\233"
  43      AC379A51 
  43      6DA51634 
  43      A3A0BEB6 
  43      11449B
  44 011e A1CE7E48 		.ascii	"\241\316~H\277I\320\254\016"
  44      BF49D0AC 
  44      0E
  45              		.text
  46              		.section	.gnu.lto_.symbol_nodes.803ea44b,"",%progbits
  47 0000 789C55CF 		.ascii	"x\234U\317\273\015\302@\020\204\341\2719\373\374\310"
  47      BB0DC240 
  47      1084E1B9 
  47      39FBFCC8 
  48 0010 A88056A0 		.ascii	"\250\200V\240\262=d\211\230\036.\240\006\310\220\023"
  48      B23D6489 
  48      981E2EA0 
  48      06C89013 
  49 0020 9E063A00 		.ascii	"\236\006:\0009\245\006\304\261\022\022\233\314/}\331"
  49      39A506C4 
  49      B112129B 
  49      CC2F7DD9 
  50 0030 04001397 		.ascii	"\004\000\023\227\207k\012\260\032\200\234M\334\305\220"
  50      876B0AB0 
  50      1A809C4D 
  50      DCC590
  51 003f 6D4F713F 		.ascii	"mOq?\333.\346\200\273S\250\002\3048\313p\243x\003WJ"
  51      DB2EE680 
  51      BB53A802 
  51      C438CB70 
  51      A3780357 
  52 0054 6160A094 		.ascii	"a`\240\224\006.\224`\340L\251\014\234(\265\201#\245"
  52      062E9460 
  52      E04CA90C 
ARM GAS  C:\Users\Luczia\AppData\Local\Temp\ccSXXXvl.s 			page 4


  52      9C28B581 
  52      23A5
  53 0066 3170A0B4 		.ascii	"1p\240\264\377\340\363\207\364x;\357Z\364\332\006\243"
  53      FFE0F387 
  53      F4783BEF 
  53      5AF4DA06 
  53      A3
  54 0077 B646F7FC 		.ascii	"\266F\367\374\266B\322\006\364\332\022\243\266@\267"
  54      B642D206 
  54      F4DA12A3 
  54      B640B7
  55 0086 7C4DBDF3 		.ascii	"|M\275\363HZ\242\317\305\007T\254F\374"
  55      485AA2CF 
  55      C50754AC 
  55      46FC
  56              		.text
  57              		.section	.gnu.lto_.refs.803ea44b,"",%progbits
  58 0000 789C6363 		.ascii	"x\234cc```\004b\006\000\000D\000\010"
  58      60606004 
  58      62060000 
  58      440008
  59              		.text
  60              		.section	.gnu.lto_.decls.803ea44b,"",%progbits
  61 0000 789C8D93 		.ascii	"x\234\215\223_L[U\030\300\317wOaP\312F\214\232=\354"
  61      5F4C5B55 
  61      18C0CF77 
  61      4F6150CA 
  61      468C9A3D 
  62 0015 A1F2A22E 		.ascii	"\241\362\242.\332\246s\017.\231\276ln#\231n\221i\262"
  62      DAA6730F 
  62      2E99BE6C 
  62      6E23996E 
  62      9169B2
  63 0028 07EDF897 		.ascii	"\007\355\370\227\264IG\233\336\342f\366rq\177d@\024"
  63      B449479B 
  63      DEE266F6 
  63      72717F64 
  63      4014
  64 003a 0D993250 		.ascii	"\015\2312PkfL\370#a\002\373C\307\350VJ\007-\224\261"
  64      6B664CF8 
  64      236102FB 
  64      43C7E856 
  64      4A072D94 
  65 004f 31677440 		.ascii	"1gt@D\247NGfx`\013S\374\316\237\333\3330\211=\351\327"
  65      44A74E47 
  65      6678600B 
  65      53FCCE9F 
  65      DBDB3089 
  66 0066 734FCFF7 		.ascii	"sO\317\367\373}\337=\2677\233\020\322c\"$\250\0202\216"
  66      FB7DDF3D 
  66      B7379B10 
  66      D2632224 
  66      A810328E 
  67 007a D74B3828 		.ascii	"\327K8(\316\227\2101\3620B\030\375\030\003r/\202\021"
  67      CE978831 
  67      F2304218 
  67      FD180372 
ARM GAS  C:\Users\Luczia\AppData\Local\Temp\ccSXXXvl.s 			page 5


  67      2F8211
  68 008d C588610C 		.ascii	"\305\210a\014c\3041F1\222\344\321q\000\010\301\017\331"
  68      63C43146 
  68      3192E4D1 
  68      710008C1 
  68      0FD9
  69 009f 27D7207D 		.ascii	"'\327 }\313\307!\334\2402o\002\243/\255~\277d\222\262"
  69      CBC721DC 
  69      A0326F02 
  69      A32FAD7E 
  69      BF6492B2 
  70 00b3 4E5CD68D 		.ascii	"N\\\326\215\311>\"\262\257\201\377\3606Rh\377x\366\023"
  70      C93E22B2 
  70      AF81FFF0 
  70      365268FF 
  70      78F613
  71 00c6 D334DC62 		.ascii	"\3234\334b\245\241\000@v\224>@\336=\037l_$(\240o\212"
  71      A5A10040 
  71      76943E40 
  71      DE3D1F6C 
  71      5F2428A0 
  72 00dc ACE518DF 		.ascii	"\254\345\030\337\003\021\0121r\015\"\315\232\006\003"
  72      03110A31 
  72      720D22CD 
  72      9A0603
  73 00eb 1F84B792 		.ascii	"\037\204\267\222\336\013\357L\266\007FyH\345\350\371"
  73      DE0BEF4C 
  73      B6074679 
  73      48E5E8F9 
  74 00fb 69564841 		.ascii	"iVHA\217vG\304\231\262C\230\374\263\276\3232\003S\230"
  74      8F7647C4 
  74      99B24398 
  74      FCB3BED3 
  74      32035398 
  75 010f BA979086 		.ascii	"\272\227\220\206\234\375\300~\375\264\355\243`\036U"
  75      9CFDC07E 
  75      FDB4EDA3 
  75      601E55
  76 011e F8F5EC37 		.ascii	"\370\365\3547\247[\025\232\307\257\353~\374\252\235"
  76      A75B159A 
  76      C7AFEB7E 
  76      FCAA9D
  77 012d DA3A3431 		.ascii	"\332:41r\336\"p\006\250~\236\321\245\205\360\232:\012"
  77      72DE2270 
  77      06A87E9E 
  77      D1A585F0 
  77      9A3A0A
  78 0140 8F9941C1 		.ascii	"\217\231A\301\345\304\275\304gy\270|\334\014\005\270"
  78      E5C4BDC4 
  78      6779B87C 
  78      DC0C05B8 
  79 0150 ECA85F6A 		.ascii	"\354\250_j\314Z{\202q\015\207\265\002\005\366=\011\347"
  79      CC5A7B82 
  79      710D87B5 
  79      0205F63D 
  79      09E7
  80 0162 611D9C83 		.ascii	"a\035\234\203u\330c\037\254\305\357J\2230}7vs\210\026"
ARM GAS  C:\Users\Luczia\AppData\Local\Temp\ccSXXXvl.s 			page 6


  80      75D8631F 
  80      ACC5EF4A 
  80      93307D37 
  80      76738816 
  81 0176 06B57058 		.ascii	"\006\265pX\013/\334^\037\213\036\323\306\221\333\301"
  81      0B2FDC5E 
  81      1F8B1ED3 
  81      C691DBC1 
  82 0186 F3A01728 		.ascii	"\363\240\027(\234\005\033\273\345^V\035z`\006\240\033"
  82      9C051BBB 
  82      E55E561D 
  82      7A6006A0 
  82      1B
  83 0197 A6F11E42 		.ascii	"\246\361\036BP\210\374\275n\355'3}\233\267|\252\363"
  83      5088FCBD 
  83      6EED2733 
  83      7D9BB77C 
  83      AAF3
  84 01a9 FA5D0BBA 		.ascii	"\372]\013\272\202\314\325b\375\265G\323\216\242\313"
  84      82CCD562 
  84      FDB547D3 
  84      8EA2CB
  85 01b8 C455170C 		.ascii	"\304U\027\014\325\205\345\252~\256z\377\333\271\351"
  85      D585E5AA 
  85      7EAE7AFF 
  85      DBB9E9
  86 01c7 2C7A1CB8 		.ascii	",z\034\270\253\376\347P\357\032t\315hZ8\326\366\342"
  86      ABFEE750 
  86      EF1A74CD 
  86      685A38D6 
  86      F6E2
  87 01d9 C9AEDFB4 		.ascii	"\311\256\337\264\032\263h\352\242a\272(\217\004\006"
  87      1AB368EA 
  87      A261BA28 
  87      8F0406
  88 01e8 B82171FB 		.ascii	"\270!q\373\326!\332'\004\355\321\332j\223\024\314\236"
  88      D621DA27 
  88      04EDD1DA 
  88      6A9314CC 
  88      9E
  89 01f9 B37E1F3D 		.ascii	"\263~\037=\026\336-\370\260\301\207u\376\022\347[\026"
  89      16DE2DF8 
  89      B0C18775 
  89      FE12E75B 
  89      16
  90 020a 9A7B155A 		.ascii	"\232{\025Z-\036\306\327u\013\315T\012\342\303\326\316"
  90      2D1EC6D7 
  90      750BCD54 
  90      0AE2C3D6 
  90      CE
  91 021b 1EED4816 		.ascii	"\036\355H\026\347/\033\374e\235\217p\276\373AM3\320"
  91      E72F1BFC 
  91      659D8F70 
  91      BEFB414D 
  91      33D0
  92 022d 90E04353 		.ascii	"\220\340CSg\377X%\371\037nnl\216\244\032\0304\004\203"
  92      67FF5825 
ARM GAS  C:\Users\Luczia\AppData\Local\Temp\ccSXXXvl.s 			page 7


  92      F91F6E6E 
  92      6C8EA41A 
  92      18340483 
  93 0241 BA20CA05 		.ascii	"\272 \312\005\203\223wj\262\350\234\020\364\315\237"
  93      8393776A 
  93      B2E89C10 
  93      F4CD9F
  94 0250 50253F3F 		.ascii	"P%??\365\334?\251\372C\006>\244\3431\216'GN=\314\247"
  94      F5DC3FA9 
  94      FA43063E 
  94      A4E3318E 
  94      27474E3D 
  95 0266 5F528E5F 		.ascii	"_R\216_kl}\220/\371\310\335g\022)\376\212\301_\321\371"
  95      6B6C7D90 
  95      2FF9C8DD 
  95      671229FE 
  95      8AC15FD1 
  96 027b 61CEDF3F 		.ascii	"a\316\337?\337\0303\323\033\202?\323\332pT\321\353/"
  96      DF1833D3 
  96      1B823FD3 
  96      DA7054D1 
  96      EB2F
  97 028d 6E8EA7F8 		.ascii	"n\216\247\370\021\203\037\321\3718\347\333:\232~\311"
  97      11831FD1 
  97      F938E7DB 
  97      3A9A7EC9 
  98 029d A5C74D9C 		.ascii	"\245\307M\234\277^\375\301\023\022_\254\245w\222\251"
  98      BF5EFDC1 
  98      13125FAC 
  98      A57792A9 
  99 02ad DB4F187C 		.ascii	"\333O\030|B\347G9\337\364\371\207]\224N\012~n`\376w"
  99      42E74739 
  99      DFF4F987 
  99      5D944E0A 
  99      7E6E60FE 
 100 02c2 FD015E6B 		.ascii	"\375\001^k\241\375\177\033\377\2001\3030\246\033\222"
 100      A1FD7F1B 
 100      FF8031C3 
 100      30A61B92 
 101 02d2 DC70F548 		.ascii	"\334p\365HW\013\025/\206\011\227\177\215\236\234]-^"
 101      570B152F 
 101      8609977F 
 101      8D9E9C5D 
 101      2D5E
 102 02e4 0C2B2EBF 		.ascii	"\014+.\277x\270\330\264\332R\253i\357i\301\303Z\356"
 102      78B8D8B4 
 102      DA52AB69 
 102      EF69C1C3 
 102      5AEE
 103 02f6 0E2EBB8A 		.ascii	"\016.\273\212o\3068\1773&\300\302Ul\316\361\252%\236"
 103      6FC6387F 
 103      3326C0C2 
 103      556CCEF1 
 103      AA259E
 104 0309 A24A77E0 		.ascii	"\242Jw\340)\233\315\216\2372\227\273\324\355U\035\233"
 104      299BCD8E 
 104      9F3297BB 
ARM GAS  C:\Users\Luczia\AppData\Local\Temp\ccSXXXvl.s 			page 8


 104      D4ED551D 
 104      9B
 105 031a 1C76AF6A 		.ascii	"\034v\257jw\225x\354\252\277\214\315\266\262\234\355"
 105      779578EC 
 105      AABF8CCD 
 105      B6B29CED 
 106 032a AFBD61DD 		.ascii	"\257\275a\335\342p\220\247WJe.\273?\300g\233\213\254"
 106      E27090A7 
 106      574A652E 
 106      BB3FC067 
 106      9B8BAC
 107 033d 720975E1 		.ascii	"r\011u\341\377\252I\266\032`\231\317\256\224\351\256"
 107      FFAA49B6 
 107      1A6099CF 
 107      AE94E9AE 
 108 034d 2CF35495 		.ascii	",\363T\225W\260k\247\032@wn\251\267\304_\316\230\315"
 108      57B06BA7 
 108      1A40776E 
 108      A9B7C45F 
 108      CE98CD
 109 0360 2B313C43 		.ascii	"+1<C\265\027\357q\026\357y\365\205\015\3336:\267\026"
 109      B517EF71 
 109      16EF79F5 
 109      850DDB36 
 109      3AB716
 110 0373 156FD9F5 		.ascii	"\025o\331\365\346+\257\357\025{\254E\265\274\212I\034"
 110      E62BAFEF 
 110      157BAC45 
 110      B5BC8A49 
 110      1C
 111 0384 1915AEF0 		.ascii	"\031\025\256\360\273q\252RK\031\211\023#\327gBJD\365"
 111      BB71AA52 
 111      4B198913 
 111      23D76742 
 111      4A44F5
 112 0397 B9334630 		.ascii	"\2713F0\027\221l\225\337\343\363\231\267\307\352\370"
 112      17916C95 
 112      DFE3F399 
 112      B7C7EAF8 
 113 03a7 0EECCFB8 		.ascii	"\016\354\317\270\016\346\"\222\357\364\341\265\307S"
 113      0EE62292 
 113      EFF4E1B5 
 113      C753
 114 03b5 EE7423F8 		.ascii	"\356t#\370\322J\240\317\353\017\260\023\305\343\264"
 114      D24AA0CF 
 114      EB0FB013 
 114      C5E3B4
 115 03c4 EFDCB9D5 		.ascii	"\357\334\271\325\276}w\321\256w6\010\217\340\321eq\245"
 115      BE7D77D1 
 115      AE773608 
 115      8FE0D165 
 115      71A5
 116 03d6 A95ECE44 		.ascii	"\251^\316D%\237\317\301\203v\035\015\274\353\253p\240"
 116      259FCFC1 
 116      83761D0D 
 116      BCEBAB70 
 116      A0
ARM GAS  C:\Users\Luczia\AppData\Local\Temp\ccSXXXvl.s 			page 9


 117 03e7 EB5FD665 		.ascii	"\353_\326e>F"
 117      3E46
 118              		.text
 119              		.section	.gnu.lto_.symtab.803ea44b,"",%progbits
 120 0000 68616C49 		.ascii	"halInit\000"
 120      6E697400 
 121 0008 00       		.ascii	"\000"
 122 0009 00       		.ascii	"\000"
 123 000a 00       		.ascii	"\000"
 124 000b 00000000 		.ascii	"\000\000\000\000\000\000\000\000"
 124      00000000 
 125 0013 BD000000 		.ascii	"\275\000\000\000"
 126 0017 7374496E 		.ascii	"stInit\000"
 126      697400
 127 001e 00       		.ascii	"\000"
 128 001f 02       		.ascii	"\002"
 129 0020 00       		.ascii	"\000"
 130 0021 00000000 		.ascii	"\000\000\000\000\000\000\000\000"
 130      00000000 
 131 0029 BF000000 		.ascii	"\277\000\000\000"
 132 002d 626F6172 		.ascii	"boardInit\000"
 132      64496E69 
 132      7400
 133 0037 00       		.ascii	"\000"
 134 0038 02       		.ascii	"\002"
 135 0039 00       		.ascii	"\000"
 136 003a 00000000 		.ascii	"\000\000\000\000\000\000\000\000"
 136      00000000 
 137 0042 C1000000 		.ascii	"\301\000\000\000"
 138 0046 73647549 		.ascii	"sduInit\000"
 138      6E697400 
 139 004e 00       		.ascii	"\000"
 140 004f 02       		.ascii	"\002"
 141 0050 00       		.ascii	"\000"
 142 0051 00000000 		.ascii	"\000\000\000\000\000\000\000\000"
 142      00000000 
 143 0059 C3000000 		.ascii	"\303\000\000\000"
 144 005d 75736249 		.ascii	"usbInit\000"
 144      6E697400 
 145 0065 00       		.ascii	"\000"
 146 0066 02       		.ascii	"\002"
 147 0067 00       		.ascii	"\000"
 148 0068 00000000 		.ascii	"\000\000\000\000\000\000\000\000"
 148      00000000 
 149 0070 C5000000 		.ascii	"\305\000\000\000"
 150 0074 73706949 		.ascii	"spiInit\000"
 150      6E697400 
 151 007c 00       		.ascii	"\000"
 152 007d 02       		.ascii	"\002"
 153 007e 00       		.ascii	"\000"
 154 007f 00000000 		.ascii	"\000\000\000\000\000\000\000\000"
 154      00000000 
 155 0087 C7000000 		.ascii	"\307\000\000\000"
 156 008b 7364496E 		.ascii	"sdInit\000"
 156      697400
 157 0092 00       		.ascii	"\000"
 158 0093 02       		.ascii	"\002"
ARM GAS  C:\Users\Luczia\AppData\Local\Temp\ccSXXXvl.s 			page 10


 159 0094 00       		.ascii	"\000"
 160 0095 00000000 		.ascii	"\000\000\000\000\000\000\000\000"
 160      00000000 
 161 009d C9000000 		.ascii	"\311\000\000\000"
 162 00a1 70776D49 		.ascii	"pwmInit\000"
 162      6E697400 
 163 00a9 00       		.ascii	"\000"
 164 00aa 02       		.ascii	"\002"
 165 00ab 00       		.ascii	"\000"
 166 00ac 00000000 		.ascii	"\000\000\000\000\000\000\000\000"
 166      00000000 
 167 00b4 CB000000 		.ascii	"\313\000\000\000"
 168 00b8 5F70616C 		.ascii	"_pal_lld_init\000"
 168      5F6C6C64 
 168      5F696E69 
 168      7400
 169 00c6 00       		.ascii	"\000"
 170 00c7 02       		.ascii	"\002"
 171 00c8 00       		.ascii	"\000"
 172 00c9 00000000 		.ascii	"\000\000\000\000\000\000\000\000"
 172      00000000 
 173 00d1 CD000000 		.ascii	"\315\000\000\000"
 174 00d5 68616C5F 		.ascii	"hal_lld_init\000"
 174      6C6C645F 
 174      696E6974 
 174      00
 175 00e2 00       		.ascii	"\000"
 176 00e3 02       		.ascii	"\002"
 177 00e4 00       		.ascii	"\000"
 178 00e5 00000000 		.ascii	"\000\000\000\000\000\000\000\000"
 178      00000000 
 179 00ed CF000000 		.ascii	"\317\000\000\000"
 180              		.text
 181              		.section	.gnu.lto_.opts,"",%progbits
 182 0000 272D666D 		.ascii	"'-fmath-errno' '-fsigned-zeros' '-ftrapping-math' '"
 182      6174682D 
 182      6572726E 
 182      6F272027 
 182      2D667369 
 183 0033 2D666E6F 		.ascii	"-fno-trapv' '-fno-strict-overflow' '-fno-openmp' '-"
 183      2D747261 
 183      70762720 
 183      272D666E 
 183      6F2D7374 
 184 0066 666E6F2D 		.ascii	"fno-openacc' '-mcpu=cortex-m4' '-mthumb' '-O0' '-fo"
 184      6F70656E 
 184      61636327 
 184      20272D6D 
 184      6370753D 
 185 0099 6D69742D 		.ascii	"mit-frame-pointer' '-falign-functions=16' '-ffuncti"
 185      6672616D 
 185      652D706F 
 185      696E7465 
 185      72272027 
 186 00cc 6F6E2D73 		.ascii	"on-sections' '-fdata-sections' '-fno-common' '-flto"
 186      65637469 
 186      6F6E7327 
ARM GAS  C:\Users\Luczia\AppData\Local\Temp\ccSXXXvl.s 			page 11


 186      20272D66 
 186      64617461 
 187 00ff 2700     		.ascii	"'\000"
 188              		.text
 189              		.comm	__gnu_lto_v1,1,1
 190              		.comm	__gnu_lto_slim,1,1
 191              		.ident	"GCC: (GNU Tools for Arm Embedded Processors 7-2017-q4-major) 7.2.1 20170904 (release) [ARM
ARM GAS  C:\Users\Luczia\AppData\Local\Temp\ccSXXXvl.s 			page 12


DEFINED SYMBOLS
                            *ABS*:00000000 hal.c
                            *COM*:00000001 __gnu_lto_v1
                            *COM*:00000001 __gnu_lto_slim

NO UNDEFINED SYMBOLS
