ARM GAS  C:\Users\Luczia\AppData\Local\Temp\ccGHOydk.s 			page 1


   1              		.cpu cortex-m4
   2              		.eabi_attribute 20, 1
   3              		.eabi_attribute 21, 1
   4              		.eabi_attribute 23, 3
   5              		.eabi_attribute 24, 1
   6              		.eabi_attribute 25, 1
   7              		.eabi_attribute 26, 1
   8              		.eabi_attribute 30, 6
   9              		.eabi_attribute 34, 1
  10              		.eabi_attribute 18, 4
  11              		.file	"hal_st.c"
  12              		.section	.gnu.lto_.inline.803ee419,"",%progbits
  13 0000 789C6D8D 		.ascii	"x\234m\215\315\021@0\020F\237deB\322\203\023G%(AmJP"
  13      CD114030 
  13      10469F64 
  13      6542D283 
  13      13472528 
  14 0018 8A921C14 		.ascii	"\212\222\034\024`\231\021L\262\227\235}\373\3758\340"
  14      6099114C 
  14      B2979D7D 
  14      FBFD38E0 
  15 0028 E09D165C 		.ascii	"\340\235\026\\\015\306/3\202\271P\205X%\262\217\017"
  15      0DC62F33 
  15      82B95085 
  15      5825B28F 
  15      0F
  16 0039 3119B119 		.ascii	"1\031\261\031\221,\247F\242\022\263v)Y\333p\204^\261"
  16      912CA746 
  16      A212B376 
  16      2959DB70 
  16      845EB1
  17 004c DBA6141F 		.ascii	"\333\246\024\037\364\265\314\367\272\017|\331\332\020"
  17      F4B5CCF7 
  17      BA0F7CD9 
  17      DA10
  18 005a 877F476E 		.ascii	"\207\177Gn\015E\015\037\005'\315\322\0165"
  18      0D450D1F 
  18      0527CDD2 
  18      0E35
  19              		.text
  20              		.section	.gnu.lto_st_lld_start_alarm.803ee419,"",%progbits
  21 0000 789C8D91 		.ascii	"x\234\215\221\317k\023A\024\307\347;o\177`\240z\362"
  21      CF6B1341 
  21      14C7E73B 
  21      6F7F60A0 
  21      7AF2
  22 0012 96430F42 		.ascii	"\226C\017B\251\207\014\253\027E\360 ^\304\366\324\336"
  22      A9870CAB 
  22      1745F020 
  22      5EC4F6D4 
  22      DE
  23 0023 8BBF2081 		.ascii	"\213\277 \201H\304\004\217v\032*m\265G\0331,u/\326\212"
  23      48C4048F 
  23      761A2A6D 
  23      B5471B31 
  23      2C752FD6 
  24 0038 96AA5563 		.ascii	"\226\252Uck\324u\025i\325\372\353\340\037\240\264J\017"
ARM GAS  C:\Users\Luczia\AppData\Local\Temp\ccGHOydk.s 			page 2


  24      6BD47515 
  24      69D5FAEB 
  24      E01FA0B4 
  24      4A0F
  25 004a 452128A2 		.ascii	"E!(\242D\337L\010x\260\340cwv\337\276\357{\237\357\354"
  25      44DF4C08 
  25      78B0E063 
  25      7776DFBE 
  25      EF7B9FEF 
  26 005f 7842889C 		.ascii	"xB\210\234\024b\037?\267\362-H\200SH\200\023\210A\211"
  26      14621F3F 
  26      B7F22D48 
  26      80534880 
  26      13884189 
  27 0073 418CD379 		.ascii	"A\214\323yB2\262:/\273\257h\216\370B3u]\277\321\024"
  27      4232B23A 
  27      2FBBAF68 
  27      8EF84233 
  27      755DBFD1 
  28 0088 92101512 		.ascii	"\222\020\025\02260\207n\226\275\035\276\021\3229\256"
  28      3630876E 
  28      96BD1DBE 
  28      11D239AE 
  29 0098 000EA75F 		.ascii	"\000\016\247_\227\253\0377\233T\242\223\323\261\370"
  29      97AB1F37 
  29      9B54A293 
  29      D3B1F8
  30 00a7 ECD314ED 		.ascii	"\354\323\024\355\205\340\367\237\337>]\333\322uY\353"
  30      85E0F79F 
  30      DF3E5DDB 
  30      D27559EB 
  31 00b7 B28E5F4E 		.ascii	"\262\216_N\221\336\026\022\341.\210\007\342\016\322"
  31      91DE1612 
  31      E12E8807 
  31      E20ED2
  32 00c6 B88DB4E0 		.ascii	"\270\215\264\340O\0025t\031\375\207\233\315\211\016"
  32      4F023574 
  32      19FD879B 
  32      CD890E
  33 00d5 CF690171 		.ascii	"\317i\001q\017\2360\026g\337\271\261n\376\036\321\361"
  33      0F9E3016 
  33      67DFB9B1 
  33      6EFE1ED1 
  33      F1
  34 00e6 AF295C3C 		.ascii	"\257)\\<\270\011\334\343H\263\220Y\\\330v1j]\216\021"
  34      B809DCE3 
  34      48B39059 
  34      5CD87631 
  34      6A5D8E11 
  35 00fa EF8DD650 		.ascii	"\357\215\326Pn|^Z\361\315\214*\201G\277\232\371\376"
  35      6E7C5E5A 
  35      F1CD8C2A 
  35      8147BF9A 
  35      F9FE
  36 010c 25655C3A 		.ascii	"%e\\:0\373s0\317\3545$\325\245]F\304\212\312\231\344"
  36      30FB7330 
  36      CFEC3524 
ARM GAS  C:\Users\Luczia\AppData\Local\Temp\ccGHOydk.s 			page 3


  36      D5A55D46 
  36      C48ACA99 
  37 0121 B5DF5218 		.ascii	"\265\337R\030/\365d\371\231\027ar\210\325\321i\006\271"
  37      2FF564F9 
  37      99176172 
  37      88D5D169 
  37      06B9
  38 0133 3C080BDC 		.ascii	"<\010\013\334e\252\357k\013\265\0165\243\207\207tgH"
  38      65AAEF6B 
  38      0BB50E35 
  38      A3878774 
  38      6748
  39 0145 1EEE23C2 		.ascii	"\036\356#\302\2045\300\305\351\365\037\213~0k\212\321"
  39      8435C0C5 
  39      E9F51F8B 
  39      7E306B8A 
  39      D1
  40 0156 2D84E4A3 		.ascii	"-\204\344\243\016\205\355i\373\017\037 \250\222+\254"
  40      0E85ED69 
  40      FB0F1F20 
  40      A8922BAC 
  41 0166 C3E76D87 		.ascii	"\303\347m\207\262m\247\261\330\266\363/\276\334\200"
  41      B26DA7B1 
  41      D8B6F32F 
  41      BEDC80
  42 0175 EFE3A1E5 		.ascii	"\357\343\241\345\333\003}\004\365\367n|\010\304vx\271"
  42      DB037D04 
  42      F5F76E7C 
  42      08C47678 
  42      B9
  43 0186 31FDC26D 		.ascii	"1\375\302m\361\350\377x\264!\357\261\345I\303K,\257"
  43      F1E8FF78 
  43      B421EFB1 
  43      E549C34B 
  43      2CAF
  44 0198 7E69FC6A 		.ascii	"~i\374j\252\305\223x\302]\353(Gs\025\330S41j\334q\303"
  44      AAC59378 
  44      C25DEB28 
  44      477315D8 
  44      5334316A 
  45 01af 9E4C46F1 		.ascii	"\236LF\361u$\233;\234+\024\203\335\201*\024U\366P^\235"
  45      75249B3B 
  45      9C2B1483 
  45      DD812A14 
  45      55F6505E 
  46 01c4 289C2C15 		.ascii	"(\234,\025U_\177\357\316\035\252\247g\277\352?\320{"
  46      555F7FEF 
  46      CE1DAAA7 
  46      67BFEA3F 
  46      D07B
  47 01d6 2A309581 		.ascii	"*0\225\201bi \237?\232\311\012\247\224;~\354\017\033"
  47      6269209F 
  47      3F9AC90A 
  47      A7943B7E 
  47      EC0F1B
  48 01e9 F6D683   		.ascii	"\366\326\203"
  49              		.text
ARM GAS  C:\Users\Luczia\AppData\Local\Temp\ccGHOydk.s 			page 4


  50              		.section	.gnu.lto_st_lld_stop_alarm.803ee419,"",%progbits
  51 0000 789C4D4F 		.ascii	"x\234MO=HBQ\024>\337\273\257'\024BK[C\253\313\273XS"
  51      3D484251 
  51      143EDFBB 
  51      AF271442 
  51      4B5B43AB 
  52 0018 445B4BA4 		.ascii	"D[K\244S\356\322\317\360\004\301\350Ic^\245\320\250"
  52      53EED2CF 
  52      F004C1E8 
  52      49635EA5 
  52      D0A8
  53 002a 310D42E2 		.ascii	"1\015B\342-\321\222DT\232Q o\210\226~hhk\211\212p\210"
  53      2DD19244 
  53      549A5120 
  53      6F88967E 
  53      68686B89 
  54 0041 06A121B0 		.ascii	"\006\241!\260\316}.\035\356\341\3009\337\337\265\210"
  54      CE7D2E1D 
  54      EEE1C039 
  54      DFDFB588 
  55 0051 68104493 		.ascii	"h\020D\223<\207\270I\020\014\342\006/\011\2243\220\303"
  55      3C87B849 
  55      100CE206 
  55      2F099433 
  55      90C3
  56 0063 96D816F0 		.ascii	"\226\330\026\360\213\357M#r\240\270Z;\365\201C\365\240"
  56      8BEF4D23 
  56      72A0B85A 
  56      3BF58143 
  56      F5A0
  57 0075 44551055 		.ascii	"DU\020U\004\005\205\023D\210q/\307\335r\3302{{\234\302"
  57      04058513 
  57      4488712F 
  57      C7DD72D8 
  57      327B7B9C 
  58 008a 22AD74F4 		.ascii	"\"\255t\364\330\327R\335\337\242j\275\356\343j\306\004"
  58      D8D752DD 
  58      DFA26ABD 
  58      EEE36AC6 
  58      04
  59 009b 5505EF4B 		.ascii	"U\005\357K\001yC\260\245h\243\320\371x~\013i\316\256"
  59      017943B0 
  59      A568A3D0 
  59      F9787E0B 
  59      69CEAE
  60 00ae 004BDDD5 		.ascii	"\000K\335\325\276\277\3727\331\005\320\266&\3160Lm\370"
  60      BEBFFA37 
  60      D905D0B6 
  60      26CE304C 
  60      6DF8
  61 00c0 9D1B5B83 		.ascii	"\235\033[\203\030QY\367\357C=\204\366\276\364o\257-"
  61      185159F7 
  61      EF433D84 
  61      F6BEF46F 
  61      AF2D
  62 00d2 0F7B7946 		.ascii	"\017{yF{\253la\260\020\352\314\322\327\247\306E#,kj"
  62      7BAB6C61 
ARM GAS  C:\Users\Luczia\AppData\Local\Temp\ccGHOydk.s 			page 5


  62      B010EACC 
  62      D2D7A7C6 
  62      45232C6B 
  63 00e7 2DAF46AA 		.ascii	"-\257F\252B\240\001\017\345 \000\316!\377\253q44\231"
  63      42A0010F 
  63      E52000CE 
  63      21FFAB71 
  63      343499
  64 00fa F58982F7 		.ascii	"\365\211\202\367SA\360\013]%\235\231\263N\330\266\344"
  64      5341F00B 
  64      5D259D99 
  64      B34ED8B6 
  64      E4
  65 010b B7E0A4E6 		.ascii	"\267\340\244\346S\0317:\036\225\031W:si\271\224Y\316"
  65      5319373A 
  65      1E951957 
  65      3A7369B9 
  65      9459CE
  66 011e BA723611 		.ascii	"\272r6\021\037\033\225\261\330\224LL\307W\242\372\222"
  66      1F1B95B1 
  66      D8944C4C 
  66      C757A2FA 
  66      92
  67 012f 74B3C974 		.ascii	"t\263\311tz\321v\350\017\262\034g\251"
  67      7AD176E8 
  67      0FB21C67 
  67      A9
  68              		.text
  69              		.section	.gnu.lto_st_lld_set_alarm.803ee419,"",%progbits
  70 0000 789C2550 		.ascii	"x\234%P;H\\A\024\275g\357\333\267\240\250\225\335\026"
  70      3B485C41 
  70      14BD67EF 
  70      DBB7A0A8 
  70      95DD16
  71 0013 5B08A2C5 		.ascii	"[\010\242\305\016O\233\004!\205\330\004\265\322^4\021"
  71      0E4F9B04 
  71      2185D804 
  71      B5D25E34 
  71      11
  72 0024 7661C38A 		.ascii	"va\303\212\273\244\324qQ\374\245\364\003\313C^\243\011"
  72      BBA4D471 
  72      51FCA5F4 
  72      03CB435E 
  72      A309
  73 0036 A81893E8 		.ascii	"\250\030\223\350Fc\340\261\210h\341')R\246\210$\212"
  73      4663E0B1 
  73      8868E127 
  73      2952A688 
  73      248A
  74 0048 09A2E007 		.ascii	"\011\242\340\0071\250w\236\227\031f\356\234s\357=gl"
  74      31A8779E 
  74      971966EE 
  74      9C73EF3D 
  74      676C
  75 005a 22EA0351 		.ascii	"\"\352\003Q\243\234\225\262\211\011!\222\015y$P\177"
  75      A39C95B2 
  75      89092192 
ARM GAS  C:\Users\Luczia\AppData\Local\Temp\ccGHOydk.s 			page 6


  75      0D792450 
  75      7F
  76 006b 08FD78C3 		.ascii	"\010\375x\303\023\214\342\360\237\265P\315[-\341O\377"
  76      138CE2F0 
  76      9FB550CD 
  76      5B2DE14F 
  76      FF
  77 007c 2C5DD007 		.ascii	",]\320\007\232]&\232b\012\002\037Q#\264o\203\357]\036"
  77      9A5D269A 
  77      620A021F 
  77      5123B46F 
  77      83EF5D1E 
  78 0090 1704B024 		.ascii	"\027\004\260$=\337\315\037\226\2334\204\230\244\243"
  78      3DDFCD1F 
  78      969B3484 
  78      98A4A3
  79 009f FED86609 		.ascii	"\376\330f\011?\003\311\375\366\352h\276\242zV\353\234"
  79      3F03C9FD 
  79      F6EA68BE 
  79      A27A56EB 
  79      9C
  80 00b0 F6FFCFB2 		.ascii	"\366\377\317\262\256r\231\261\012\226\206XA\024\237"
  80      AE7299B1 
  80      0A968658 
  80      41149F
  81 00bf 10257922 		.ascii	"\020%y\"\024Pm\370\277\226\357&\313l\353q >\303&#q\351"
  81      14506DF8 
  81      BF96EF26 
  81      CB6CEB71 
  81      203EC326 
  82 00d6 7BD8D777 		.ascii	"{\330\327w\367\303\332\3777\207\313\3460\244\306\222"
  82      F7C3DAFF 
  82      3787CBE6 
  82      30A4C692 
  83 00e6 E1A68846 		.ascii	"\341\246\210F\002m\243,\216\370\004\271\213\343\233"
  83      026DA32C 
  83      8EF804B9 
  83      8BE39B
  84 00f5 DF115399 		.ascii	"\337\021S\231gH\303\275\305\353\263\022\243\315\202"
  84      6748C3BD 
  84      C5EBB312 
  84      A3CD82
  85 0104 7165614D 		.ascii	"qeaM&\236\240\230\337ybH\302\230\032*\356G\036\031F"
  85      269EA098 
  85      DF796248 
  85      C2981A2A 
  85      EE471E19 
  86 0119 C1467177 		.ascii	"\301Fqw\313\36603 l\257O\006\205\245\021\326\245\312"
  86      CBF63033 
  86      206CAF4F 
  86      0685A511 
  86      D6A5CA
  87 012c A03F0AEB 		.ascii	"\240?\012\353\2052\265\250\007\007t\314e\033_\340a2"
  87      8532B5A8 
  87      070774CC 
  87      651B5FE0 
  87      6132
ARM GAS  C:\Users\Luczia\AppData\Local\Temp\ccGHOydk.s 			page 7


  88 013e 1020E0BB 		.ascii	"\020 \340\273\323\233\355\210\263d@\357\003\\\216`\003"
  88      D39BED88 
  88      B36440EF 
  88      035C8E60 
  88      03
  89 014f 0AB5D1E0 		.ascii	"\012\265\321\340\347\276\302\311\213\321S\344\274\277"
  89      E7BEC2C9 
  89      8BD153E4 
  89      BCBF
  90 015d D308AC99 		.ascii	"\323\010\254\231\030a1(\322\033\342q%\353E\"\331\225"
  90      18613128 
  90      D21BE271 
  90      25EB4522 
  90      D995
  91 016f 4C679CA7 		.ascii	"Lg\234\247\216JgT\2423\245z\322\275\331\214jko\255\257"
  91      8E4A6754 
  91      A233A57A 
  91      D2BDD98C 
  91      6A6B6FAD 
  92 0184 532D2D4D 		.ascii	"S--M\252\375y\353k\307 \035\231lG*\3652\236 +\233|\325"
  92      AAFD79EB 
  92      6BC7201D 
  92      996C472A 
  92      F5329E20 
  93 019c FD005A7B 		.ascii	"\375\000Z{\214\232"
  93      8C9A
  94              		.text
  95              		.section	.gnu.lto_st_lld_get_alarm.803ee419,"",%progbits
  96 0000 789C6550 		.ascii	"x\234eP=,dQ\024>\337;\317\023\233\245@%\012\215\302"
  96      3D2C6451 
  96      143EDF3B 
  96      CF139BA5 
  96      40250A8D 
  97 0015 1673F356 		.ascii	"\026s\363VCD\247\221P\255^\260\305\330L2bd[\327,\361"
  97      4344A791 
  97      50AD5EB0 
  97      C5D84C32 
  97      62645BD7 
  98 002b DF082391 		.ascii	"\337\010#\221\227\315\023\211\321L\020\263;\014\221"
  98      97CD1389 
  98      D14C10B3 
  98      3B0C91
  99 003a D9291805 		.ascii	"\331)\030\005v\025J\005\315D\326\204D\"\032\234;tn\356"
  99      76154A05 
  99      CD44D684 
  99      44221A9C 
  99      3B746EEE 
 100 004e CF39F7FB 		.ascii	"\3179\367\373\356\371\276s\035\"\232\002Q\253\234\265"
 100      EEF9BE73 
 100      1D229A02 
 100      51AB9CB5 
 101 005e B2C82658 		.ascii	"\262\310&X$\013,;C \002\015[\214a\314\360<\343\337\350"
 101      240B2C3B 
 101      4320020D 
 101      5B8C61CC 
 101      F03CE3DF 
 102 0073 86C7D3EC 		.ascii	"\206\307\323\3541\301\226\364\356x\351\252\302\244@"
ARM GAS  C:\Users\Luczia\AppData\Local\Temp\ccGHOydk.s 			page 8


 102      31C196F4 
 102      EE78E9AA 
 102      C2A440
 103 0082 9DA4FF0B 		.ascii	"\235\244\377\013\007\311\217\015q\255\243:\263\030\253"
 103      07C98F0D 
 103      71ADA33A 
 103      B318AB
 104 0091 D849FED5 		.ascii	"\330I\376\325e\036[\024\023z\022\265\330\202\021\301"
 104      651E5B14 
 104      137A12B5 
 104      D88211C1 
 105 00a1 2F3490B0 		.ascii	"/4\220\260/7\237\026\312\035\333\240r\371\033\216H\021"
 105      2F379F16 
 105      CA1DDBA0 
 105      72F91B8E 
 105      4811
 106 00b3 04D8BC79 		.ascii	"\004\330\274y\374\343\324\257h=\2473\205\355\352\345"
 106      FCE3D4AF 
 106      683DA733 
 106      85EDEAE5 
 107 00c3 1F63396D 		.ascii	"\037c9m\277\257#\344\024\352\327\317J2\372\351y\\g."
 107      BFAF23E4 
 107      14EAD7CF 
 107      4A32FAE9 
 107      795C672E 
 108 00d7 9AF2C9C3 		.ascii	"\232\362\311\303*\033\34413\031>M\230\3224iB\276F\364"
 108      2A1BE431 
 108      33193E4D 
 108      98D23469 
 108      42BE46F4 
 109 00eb 3E3F1BAF 		.ascii	">?\033\2574JKltN\022\017\267\037\214{\206\226ac[\352"
 109      344A4B6C 
 109      744E120F 
 109      B71F8C7B 
 109      86966163 
 110 0101 5E23BB7F 		.ascii	"^#\273\177T\363J2\035\307\306\262\247\245\257$cz/{|"
 110      54F34A32 
 110      1DC7C6B2 
 110      A7A5AF24 
 110      637A2F7B 
 111 0116 E0F8F839 		.ascii	"\340\370\3709\"\017\374UKdl)\206\035\343H\340\363T:"
 111      220FFC55 
 111      4B646C29 
 111      861DE348 
 111      E0F3543A 
 112 012a 55AE127A 		.ascii	"U\256\022ztD\327y\\\2024|,\024M\010\270Vx\314\225\272"
 112      7444D779 
 112      5C82347C 
 112      2C144D08 
 112      B85678CC 
 113 0140 EB06F4D3 		.ascii	"\353\006\364\323\226\307\016v\241\360\251\330\013\366"
 113      96C70E76 
 113      A1F0A9D8 
 113      0BF6
 114 014e E016AD0A 		.ascii	"\340\026\255\012\231\363\362\361\213\022\024\020\365"
 114      99F3F2F1 
 114      8B121410 
ARM GAS  C:\Users\Luczia\AppData\Local\Temp\ccGHOydk.s 			page 9


 114      F5
 115 015b BFBD5931 		.ascii	"\277\275Y1\244\011\361@\322KK \240d\366\005\373{\373"
 115      A409F140 
 115      D24B4B20 
 115      A064F605 
 115      FB7BFB
 116 016e C311B7D9 		.ascii	"\303\021\267\331U\341\210\012\366\204\324@xp(\242\276"
 116      55E1880A 
 116      F684D440 
 116      787028A2 
 116      BE
 117 017f 7475367E 		.ascii	"tu6~V\035\035m\252\253\275\363\273k\220\356\310Pw(\364"
 117      561D1D6D 
 117      AAABBDF3 
 117      BB6B90EE 
 117      C8507728 
 118 0194 3510A417 		.ascii	"5\020\244\027\370\366\214\037"
 118      F8F68C1F 
 119              		.text
 120              		.section	.gnu.lto_st_lld_is_alarm_active.803ee419,"",%progbits
 121 0000 789C5D90 		.ascii	"x\234]\220?HBQ\024\306\317y\347\371\242\300\034jtpq"
 121      3F484251 
 121      14C6CF79 
 121      E7F9A2C0 
 121      1C6A7470 
 122 0015 68F1664D 		.ascii	"h\361fM\025m-AM\271K\177\006\005\301\310h\355\252\231"
 122      156D2D41 
 122      4DB94B7F 
 122      0605C1C8 
 122      68EDAA99 
 123 0029 454D9125 		.ascii	"EM\221%%!4DTTdZ\332\360\020\252\251?8\030-\015M\025"
 123      25213444 
 123      5454645A 
 123      DAF010AA 
 123      A93F3818 
 124 0041 110D8104 		.ascii	"\021\015\201\004Q\235\353k\352\361\356\271\217\367\375"
 124      519DEB6B 
 124      EAF1EEB9 
 124      8FF7FD
 125 0050 CE77BE7B 		.ascii	"\316w\276{\015\000H#@/\357N^\240\003j\300\013\211+!"
 125      0D004823 
 125      402FEF4E 
 125      5EA0036A 
 125      C00B892B 
 126 0065 4B8030AD 		.ascii	"K\2000\255\021N\343\"-\023\246\346Kw\366\266-)c\322"
 126      114EE322 
 126      2D13A6E6 
 126      4B77F6B6 
 126      2D2963D2 
 127 0079 5CAD34EF 		.ascii	"\\\2554\357\036\334J\3120\273B\200\235NlW&x\204m\300"
 127      1EDC4ACA 
 127      30BB4280 
 127      9D4E6C57 
 127      2678846D 
 128 008e ECE3E177 		.ascii	"\354\343\341w\312n\350J\343\23794\330\012\220\205\\"
 128      CA6EE84A 
 128      E39F3934 
ARM GAS  C:\Users\Luczia\AppData\Local\Temp\ccGHOydk.s 			page 10


 128      D80A9085 
 128      5C
 129 009f 79BD64B8 		.ascii	"y\275d\2707\245\\\222\346C\2615\032O\244\245\376\337"
 129      37A55C92 
 129      E643B135 
 129      1A4FA4A5 
 129      FEDF
 130 00b1 85D16374 		.ascii	"\205\321ct\357Wl\246\374\376IJ\363\272\3739Wm1\0202"
 130      EF576CA6 
 130      FCFE494A 
 130      F3BAFB39 
 130      576D3110 
 131 00c6 C41133A4 		.ascii	"\304\0213\244\221*6P}0\247\012\314\023g\247\027\214"
 131      912A3650 
 131      7D30A70A 
 131      CC1367A7 
 131      178C
 132 00d8 7D3CED5C 		.ascii	"}<\355\\:\324\3045R\363\256\367j\357M\013\234\023Q\362"
 132      3AD4C435 
 132      52F3AEF7 
 132      6AEF4D0B 
 132      9C1351F2 
 133 00ec A3631E9D 		.ascii	"\243c\036\235\360\202\345b\243\305h\314\254$\3127\015"
 133      F082E562 
 133      A3C568CC 
 133      AC24CA37 
 133      0D
 134 00fd 16A3B29F 		.ascii	"\026\243\262\237\225\257.\214,nD\231we\210\330\010\013"
 134      95AF2E8C 
 134      2C6E4499 
 134      776588D8 
 134      080B
 135 010f DCA5B46A 		.ascii	"\334\245\264j\241X\260\213=9\023U\222\216'\230\305T"
 135      A158B08B 
 135      3D391355 
 135      928E2798 
 135      C554
 136 0121 3D009EA2 		.ascii	"=\000\236\242`\343\370\327\354\375\2375Y\356\347?5\323"
 136      60E3F8D7 
 136      ECFD9F35 
 136      59EEE73F 
 136      35D3
 137 0133 A1DC35BE 		.ascii	"\241\3345\276\332b}z<\237\334&\013\2621\307\320\376"
 137      DA627D7A 
 137      3C9FDC26 
 137      0BB231C7 
 137      D0FE
 138 0145 EBE9A7DD 		.ascii	"\353\351\247\335\202\000Kj\030\237\210}\351\2113\255"
 138      82004B6A 
 138      189F887D 
 138      E98933AD 
 139 0155 F2C71BC6 		.ascii	"\362\307\033\306\\\177\035P?4\337'\237\270\307\343\021"
 139      5C7F1D50 
 139      3F34DF27 
 139      9FB8C7E3 
 139      11
 140 0166 FC8E0682 		.ascii	"\374\216\006\202#\301p\304\333\345\025\341\210\010\014"
ARM GAS  C:\Users\Luczia\AppData\Local\Temp\ccGHOydk.s 			page 11


 140      23C170C4 
 140      DBE515E1 
 140      88080C
 141 0175 87C47878 		.ascii	"\207\304xxb2\"\206|\203\235\035b`\240O\370\372\007\247"
 141      62322286 
 141      7C839D1D 
 141      6260A04F 
 141      F8FA07A7 
 142 0189 BC4AF147 		.ascii	"\274J\361G&\375\241\320\230'\000\277-/\212\311"
 142      26FDA1D0 
 142      982700BF 
 142      2D2F8AC9 
 143              		.text
 144              		.section	.gnu.lto_stInit.803ee419,"",%progbits
 145 0000 789C254D 		.ascii	"x\234%M?\017\301p\020\275\327\243$b4\210Y\304\322\306"
 145      3F0FC170 
 145      10BDD7A3 
 145      24623488 
 145      59C4D2C6 
 146 0014 E8D3085D 		.ascii	"\350\323\010]H$\022\265\367\027\206\222\030\375Y\032"
 146      482412B5 
 146      F7178692 
 146      18FD591A 
 147 0024 110B9B08 		.ascii	"\021\013\233\010\206n\215\217`e2\230\304,\021\352Z/"
 147      866E8D8F 
 147      60653298 
 147      C42C11EA 
 147      5A2F
 148 0036 F772B9BB 		.ascii	"\367r\271\273\367\336\351D\264\020\226\2049!1A#! \003"
 148      F7DEE944 
 148      B4109684 
 148      39213141 
 148      23212003 
 149 004a C8D1E060 		.ascii	"\310\321\340`\314\023\306\311\275\373Zy\255\004\301"
 149      CC13C6C9 
 149      BDFB5A79 
 149      AD04C1
 150 0059 FC95579B 		.ascii	"\374\225W\233\000\036\023\315\230b`\2172\211\354\266"
 150      001E13CD 
 150      9862608F 
 150      3289ECB6 
 151 0069 FB4EB37A 		.ascii	"\373N\263z\342\277\307\001:EA\333s2P\337\320U\301u\205"
 151      E2BFC701 
 151      3A4541DB 
 151      733250DF 
 151      D055C175 
 152 007e 3029B761 		.ascii	"0)\267a\354\033\261<\343\007\006\313w!\026K\202\357"
 152      EC1BB13C 
 152      E30706CB 
 152      7721164B 
 152      82EF
 153 0090 3F2E29E7 		.ascii	"?.)\347\243\322\036c\306\342\306\021\016y\242|\242\277"
 153      A3D21E63 
 153      C6E2C611 
 153      0E79A27C 
 153      A2BF
 154 00a2 0C33B12E 		.ascii	"\0143\261.\3020:\212\277h\030\246\224\325l5Z\035\273"
ARM GAS  C:\Users\Luczia\AppData\Local\Temp\ccGHOydk.s 			page 12


 154      C2303A8A 
 154      BF6818A6 
 154      94D56C35 
 154      5A1DBB
 155 00b5 52AD981D 		.ascii	"R\255\230\035\333l\326\333\246\335\265\242^\263{\206"
 155      DB6CD6DB 
 155      A6DDB5A2 
 155      5EB37B86 
 156 00c5 453F0766 		.ascii	"E?\007f;\240"
 156      3BA0
 157              		.text
 158              		.section	.gnu.lto_stStartAlarm.803ee419,"",%progbits
 159 0000 789C6D50 		.ascii	"x\234mPMk\024A\020\2557\3253\273\032\023=z\310a\017"
 159      4D6B1441 
 159      10AD37D5 
 159      33BB1A13 
 159      3D7AC861 
 160 0015 4ACC65C7 		.ascii	"J\314e\307\034=\013\371\033!Y\204,(\001'\367i\223]\263"
 160      1C3D0BF9 
 160      1B215984 
 160      2C280127 
 160      F769935D 
 161 002a C188171D 		.ascii	"\301\210\027\035e\031d\320,\202\022\022\211_\033?2\344"
 161      651964D0 
 161      2C821212 
 161      895F1B3F 
 161      32E4
 162 003c 2E12C153 		.ascii	".\022\301S<)zZ\005?.*&\276\236ET\260\230\356\232.^\275"
 162      3C297A5A 
 162      053F2E2A 
 162      26BE9E45 
 162      54B098EE 
 163 0054 7AAF0211 		.ascii	"z\257\002\021\371\014\221\220\3718\217\004\002Ox\240"
 163      F90C9190 
 163      F9388F04 
 163      024F78A0 
 164 0064 BCD53322 		.ascii	"\274\3253\"\326\363y\031\003&\370 X \261\247\306G\214"
 164      D6F37919 
 164      0326F820 
 164      5820B1A7 
 164      C6478C
 165 0077 25BDACD8 		.ascii	"%\275\254\330Zx\337\365FoYF~u#8o\233\207S\266'*E`\035"
 165      5A78DFF5 
 165      466F5946 
 165      7E752338 
 165      6F9B8753 
 166 0091 A3446D37 		.ascii	"\243Dm7\326R\275\240\251\002\206\317O\317\333o\207\334"
 166      D652BDA0 
 166      A90286CF 
 166      4FCFDB6F 
 166      87DC
 167 00a3 D34385CF 		.ascii	"\323C\205\317\037\267\327^\037\324c\020\376\337X\271"
 167      1FB7D75E 
 167      1FD46310 
 167      FEDF58B9 
 168 00b3 D409463A 		.ascii	"\324\011F:\326\316\331\274wS\355\221T\025\017\240$\304"
 168      D6CED9BC 
ARM GAS  C:\Users\Luczia\AppData\Local\Temp\ccGHOydk.s 			page 13


 168      7753ED91 
 168      54150FA0 
 168      24C4
 169 00c5 7D0CE31E 		.ascii	"}\014\343\036\206\205%\301C\2148\374\233\273\273W\006"
 169      868525C1 
 169      438C38FC 
 169      9BBBBB57 
 169      06
 170 00d6 0393FD9E 		.ascii	"\003\223\375\236\211G\240\015fVV_\372\271\335\335[\260"
 170      8947A00D 
 170      6656565F 
 170      FAB9DDDD 
 170      5BB0
 171 00e8 F9D765BC 		.ascii	"\371\327e\274\032/\203\235&@\321*\255BaK\351X\027I("
 171      1A2F839D 
 171      2640D12A 
 171      AD42614B 
 171      E9581749 
 172 00fd DAC37CB6 		.ascii	"\332\303|\266\267\244\216\241\255 w\267\333\333)\305"
 172      B7A48EA1 
 172      AD2077B7 
 172      DBDB29C5 
 173 010d 3F6D3955 		.ascii	"?m9U?QG\332EL\216@\336\241\261s\362\0170in\275(9?\006"
 173      3F5147DA 
 173      454C8E40 
 173      DEA1B173 
 173      F20F3069 
 174 0127 820D2A74 		.ascii	"\202\015*t\261\250\246 mT\012M\377\362\225\0227\030"
 174      B1A8A620 
 174      6D540A4D 
 174      FFF29512 
 174      3718
 175 0139 8FC9F777 		.ascii	"\217\311\367w\177\271\330\301\374\367\315/C\304q\223"
 175      7FB9D8C1 
 175      FCF7CD2F 
 175      43C47193 
 176 0149 6567CCD5 		.ascii	"eg\314\325\276m\177h\015d\270~\356P\252\373\360\224"
 176      BE6D7F68 
 176      0D64B87E 
 176      EE50AAFB 
 176      F094
 177 015b EB7FE2E6 		.ascii	"\353\177\342\3468\364\362z\023D_\263\266\342\030\236"
 177      38F4F27A 
 177      13445FB3 
 177      B6E2189E 
 178 016b 21437F0B 		.ascii	"!C\177\013\233\210S\335_H\361\373R\262\316\340\177\304"
 178      9B8853DD 
 178      5F48F1FB 
 178      52B2CEE0 
 178      7FC4
 179 017d 0C24CE3F 		.ascii	"\014$\316?r\212ik\220\352\001\371\210\271\354\316\305"
 179      728A696B 
 179      90EA01F9 
 179      88B9ECCE 
 179      C5
 180 018e 3E4D7F4D 		.ascii	">M\177MtO\301G\253\325\220_m\272>U\237\211\306N\214"
 180      744FC147 
ARM GAS  C:\Users\Luczia\AppData\Local\Temp\ccGHOydk.s 			page 14


 180      ABD5905F 
 180      6DBA3E55 
 180      9F89C64E 
 181 01a3 85335138 		.ascii	"\2053Q8=y:\214\316\326\\\236\210f\2535)MNE\263\3653"
 181      3D793A8C 
 181      CED65C9E 
 181      8866AB35 
 181      294D4E45 
 182 01ba A77E010A 		.ascii	"\247~\001\012\256\242\004"
 182      AEA204
 183              		.text
 184              		.section	.gnu.lto_stStopAlarm.803ee419,"",%progbits
 185 0000 789C6363 		.ascii	"x\234cc``X\000\304\352@,\012\304\014\314\014\214L\014"
 185      60605800 
 185      C4EA402C 
 185      0AC40CCC 
 185      0C8C4C0C 
 186 0014 40CCC808 		.ascii	"@\314\310\010\34402\32431\3263\3660Oaf<\324\376l'\223"
 186      E43032D4 
 186      3331D633 
 186      F6304F61 
 186      663CD4FE 
 187 002b E6F20620 		.ascii	"\346\362\006 80\375\033[[C\253\304\034f\006\206i\314"
 187      3830FD1B 
 187      5B5B43AB 
 187      C41C6606 
 187      8669CC
 188 003e 0C60C0B8 		.ascii	"\014`\300\270\231Q\223\001\250\354\321\306\177Sy\331"
 188      99519301 
 188      A8ECD1C6 
 188      7F5379D9 
 189 004e 5820E28C 		.ascii	"X \342\214[\030\331\030@\006\255\277\304z\240\341\337"
 189      5B18D918 
 189      4006ADBF 
 189      C47AA0E1 
 189      DF
 190 005f FFF68603 		.ascii	"\377\366\206\003G\0263\376u\003\312u\200\365u2\003-"
 190      471633FE 
 190      7503CA75 
 190      80F57532 
 190      032D
 191 0071 637EC3D8 		.ascii	"c~\303\330\274\340{/3X5\320\210\235;\337\334f\257\377"
 191      BCE07B2F 
 191      335835D0 
 191      889D3BDF 
 191      DC66AFFF 
 192 0085 DBC03187 		.ascii	"\333\3001\207\231q\0323P;\343V\306z\2069@\245\357\030"
 192      99711A33 
 192      503BE356 
 192      C67A8639 
 192      40A5EF18 
 193 0099 9B16FCEE 		.ascii	"\233\026\374\356e\004+\004\201\016\220,\320\004U==}"
 193      65042B04 
 193      810E902C 
 193      D004553D 
 193      3D7D
 194 00ab 204ACEC8 		.ascii	" J\316\310L\312\314/6\2644\324\317/\326\317H\314\321"
ARM GAS  C:\Users\Luczia\AppData\Local\Temp\ccGHOydk.s 			page 15


 194      4CCACC2F 
 194      36B434D4 
 194      CF2FD6CF 
 194      48CCD1
 195 00be 2F2E4A06 		.ascii	"/.J\006\321\361\305%z\311\014\000s\271<_"
 195      D1F1C525 
 195      7AC90C00 
 195      73B93C5F 
 196              		.text
 197              		.section	.gnu.lto_stSetAlarm.803ee419,"",%progbits
 198 0000 789C6D51 		.ascii	"x\234mQ\317O\324P\020\236\357\315k\273\200\256\0349"
 198      CF4FD450 
 198      109EEFCD 
 198      6BBB80AE 
 198      1C39
 199 0012 70D88306 		.ascii	"p\330\203\006\271l\345\350\331\203\177\206\201\015\011"
 199      B96CE5E8 
 199      D9837F86 
 199      810D09
 200 0021 9B684828 		.ascii	"\233hH(\367>\227]X\"\301\213\026\263iL#\020\022\022"
 200      F73E975D 
 200      5822C18B 
 200      16B3694C 
 200      23101212 
 201 0035 238A3F58 		.ascii	"#\212?X\001i\270\023\203W8\371\353`Pc\214\007!\256\316"
 201      0169B813 
 201      835738F9 
 201      EB605063 
 201      8C0721AE 
 202 004a 6B35D1C4 		.ascii	"k5\321\304I;\323\231|\363\3157S\227\210\012\212\310"
 202      493BD399 
 202      7CF3CD37 
 202      5397880A 
 202      8AC8
 203 005c 9778415E 		.ascii	"\227xA^r\011\222B\201\305\263\322DF9\342\264\206\004"
 203      72099242 
 203      81C5B3D2 
 203      444639E2 
 203      B48604
 204 006f 38808040 		.ascii	"8\200\200@\241b\355 \304\034\337b\354\316\274o\253\301"
 204      A162ED20 
 204      C41CDF62 
 204      ECCEBC6F 
 204      ABC1
 205 0081 1523962E 		.ascii	"\025#\226.<\362\246M\243/\226\366\210)3\254cPP\373\365"
 205      3CF2A64D 
 205      A32F96F6 
 205      882933AC 
 205      635050FB 
 206 0096 B5986F70 		.ascii	"\265\230op\314\200\226\364\313^\353M\321\246\012%IO"
 206      CC8096F4 
 206      CB5EEB4D 
 206      D1A60A25 
 206      494F
 207 00a8 56D70ECF 		.ascii	"V\327\016\317\360y\220|\337\273\177s\331\035X6\246f"
 207      F079907C 
 207      DFBB7F73 
ARM GAS  C:\Users\Luczia\AppData\Local\Temp\ccGHOydk.s 			page 16


 207      D91D5836 
 207      A666
 208 00ba D2C34536 		.ascii	"\322\303E6gcf<\005\013!\236\240\037\217\321OR\"<\303"
 208      6763663C 
 208      050B219E 
 208      A01F8FD1 
 208      4F52223C 
 209 00cf 80C5BF7E 		.ascii	"\200\305\277~\330\271}\332\325\311\237\231\330\200\254"
 209      D8B97DDA 
 209      D5C99F99 
 209      D880AC
 210 00de 21512A0F 		.ascii	"!Q*\017^9\251\351\374\2341\351\333%l_\356\202tje\235"
 210      5E39A9E9 
 210      FC9C31E9 
 210      DB256C5F 
 210      EE82746A 
 211 00f4 87AC9F9A 		.ascii	"\207\254\237\232\231\314&\313\332<+\254\304G\230J>\317"
 211      99CC26CB 
 211      DA3C2BAC 
 211      C447984A 
 211      3ECF
 212 0106 B3A56931 		.ascii	"\263\245i1d@\273}t\340\205?L!f'b\313\334F(\034.}@\255"
 212      6440BB7D 
 212      74E0853F 
 212      4C216627 
 212      62CBDC46 
 213 0120 338D1CA9 		.ascii	"3\215\034\251\004L\357P?\270\364;\227\316\250\261\373"
 213      044CEF50 
 213      3FB8F43B 
 213      97CEA8B1 
 213      FB
 214 0131 D2B35B6A 		.ascii	"\322\263[j\020\236\213nk\263\254\263)\365R\246\364\337"
 214      109E8B6E 
 214      6BB3ACB3 
 214      29F552A6 
 214      F4DF
 215 0143 015E6495 		.ascii	"\001^d\225`S\006\374\335_\310.3u\274\363\265(8\271o"
 215      605306FC 
 215      DD5FC82E 
 215      3375BCF3 
 215      B52838B9 
 216 0158 C1AE6B6B 		.ascii	"\301\256kk\337\367?6{\022\334\275\336\033s\027\266\345"
 216      DFF73F36 
 216      7B12DCBD 
 216      DE1B7317 
 216      B6E5
 217 016a A76CD939 		.ascii	"\247l\3319\026\275\264\336\200\240\357\030S\262\014"
 217      16BDB4DE 
 217      80A0EF18 
 217      53B20C
 218 0179 2F9020BF 		.ascii	"/\220 \277\315\016\302\230\2733)N.%\371V\374\217\230"
 218      CD0EC298 
 218      BB33294E 
 218      2E25F956 
 218      FC8F98
 219 018c 9EC81E04 		.ascii	"\236\310\036\004\251\210i\261\027\363)\372\204Zr2\237"
 219      A98869B1 
ARM GAS  C:\Users\Luczia\AppData\Local\Temp\ccGHOydk.s 			page 17


 219      17F329FA 
 219      845A7232 
 219      9F
 220 019d D3E47793 		.ascii	"\323\344w\223s\210\340s\345\262/Oe\254:R\035\017\206"
 220      7388E073 
 220      E5B22F4F 
 220      65AC3A52 
 220      1D0F86
 221 01b0 2E0EF9E3 		.ascii	".\016\371\343\201?6|\325\017&*6^\011&\313\025\362\206"
 221      813F367C 
 221      D50F262A 
 221      365E0926 
 221      CB15F286 
 222 01c4 4782C9EA 		.ascii	"G\202\311\352\265\321_\264\276\247\011"
 222      B5D15FB4 
 222      BEA709
 223              		.text
 224              		.section	.gnu.lto_stGetAlarm.803ee419,"",%progbits
 225 0000 789C6552 		.ascii	"x\234eRMk\023Q\024\275g\356\233\231\244\255E\261\013"
 225      4D6B1351 
 225      14BD67EE 
 225      9B99A4AD 
 225      45B10B
 226 0013 9182D904 		.ascii	"\221\202\331\004\351&\241+q\355\017\021\315\246\005"
 226      E926A12B 
 226      71ED0F11 
 226      CDA605
 227 0022 A160DCCF 		.ascii	"\241`\334\3173\037\332\242P\020\235J\0354\242\340RK"
 227      331FDAA2 
 227      50109D4A 
 227      1D34A2E0 
 227      524B
 228 0034 53355A6D 		.ascii	"S5Zm\332\205\270\251Z\267\335)\202H\232\242.\244\202"
 228      DA85B8A9 
 228      5AB7DD29 
 228      82489AA2 
 228      2EA482
 229 0047 A9E74DB2 		.ascii	"\251\347M\262\260\0103\367\315}s\316=\347\336\367\002"
 229      B00833F7 
 229      CD7D73CE 
 229      3DE7DEF7 
 229      02
 230 0058 1139EA89 		.ascii	"\0219\352\211\234\344z\212\257\204\002\246\360\240\214"
 230      9CE47A8A 
 230      AF8402A6 
 230      F0A08C
 231 0067 EA1911EB 		.ascii	"\352\031\021\353\371\014\306\200\013|\004\214\001@("
 231      F90CC680 
 231      0B7C048C 
 231      014028
 232 0076 24F2D4F8 		.ascii	"$\362\324\370\001\"\\\327\233\212\255\332\223D\257i"
 232      01225CD7 
 232      9B8AADDA 
 232      9344AF69 
 233 0086 A202C3F4 		.ascii	"\242\002\303\364\373\346\342\347Q\227\0029\246\235\356"
 233      FBE6E2E7 
 233      51970239 
ARM GAS  C:\Users\Luczia\AppData\Local\Temp\ccGHOydk.s 			page 18


 233      A69DEE
 234 0095 9BE6C8C4 		.ascii	"\233\346\310\304#k+\266\275\360#\274\323\374`\263\211"
 234      236B2BB6 
 234      BDF023BC 
 234      D3FC60B3 
 234      89
 235 00a6 7A1213DE 		.ascii	"z\022\023\336\3048\2261\356j\256`B\210\376\264\324\273"
 235      C4389631 
 235      EE6AAE60 
 235      4288FEB4 
 235      D4BB
 236 00b8 7528300D 		.ascii	"u(0\015\272 \200\373O)LQ\217\377\226v\366\326\203\374"
 236      BA2080FB 
 236      4F294C51 
 236      8FFF9676 
 236      F6D683FC 
 237 00cc 036B6FD8 		.ascii	"\003ko\330v\367\336\330\375j\375\2555\377\227\"\351"
 237      76F7DED8 
 237      FD6AFDAD 
 237      35FF9722 
 237      E9
 238 00dd 19F2ACF0 		.ascii	"\031\362\254\360\370\243\337\266\275\375\253\266\375"
 238      F8A3DFB6 
 238      BDFDABB6 
 238      FD
 239 00ea EEC46A73 		.ascii	"\356\304js\377H\026\222(\341\014\031q<\231u\022\214"
 239      FF481692 
 239      28E10C19 
 239      713C9975 
 239      128C
 240 00fc FCD43965 		.ascii	"\374\3249e\242\035T\033\273\363\352d\027\025\024m\265"
 240      A21D541B 
 240      BBF3EA64 
 240      1715146D 
 240      B5
 241 010d 3ADB61F4 		.ascii	":\333a\364\307f\0225\261\322\011\236#\"\333\227o\250"
 241      C7661235 
 241      B1D2099E 
 241      2322DB97 
 241      6FA8
 242 011f F4AEA08F 		.ascii	"\364\256\240\217\364\010\226/\250m\237\031\344d\306"
 242      F408962F 
 242      A86D9F19 
 242      E464C6
 243 012e F58DF7A1 		.ascii	"\365\215\367\241\233\003\177\2415\2606\247&U\251\345"
 243      9B037FA1 
 243      35B036A7 
 243      2655A9E5 
 244 013e D2CE0E0A 		.ascii	"\322\316\016\012\004\261s\202\027\024\370\227\037\302"
 244      04B17382 
 244      1714F897 
 244      1FC2
 245 014c A5D5DF6B 		.ascii	"\245\325\337k?G\211;\306\0157\036\267\267\267\2653;"
 245      3F47893B 
 245      C60D371E 
 245      B7B7B7B5 
 245      333B
ARM GAS  C:\Users\Luczia\AppData\Local\Temp\ccGHOydk.s 			page 19


 246 015e DCC0DDCB 		.ascii	"\334\300\335\313\207\023\315`\225\007\362\322\3518\364"
 246      8713CD60 
 246      9507F2D2 
 246      E938F4
 247 016d C3E53A88 		.ascii	"\303\345:\210\276mm\316Ux\205\006\372\263|\215(\321"
 247      BE6D6DCE 
 247      55788506 
 247      FAB37C8D 
 247      28D1
 248 017f 6C6AC51F 		.ascii	"lj\305\0374\374k\376x\337v\346\240\237\241\330\315\004"
 248      34FC6BFE 
 248      78DF76E6 
 248      A09FA1D8 
 248      CD04
 249 0191 6B69C3C3 		.ascii	"ki\303\303)\205\267@\277\362\026,\260\251.*\271\001"
 249      2985B740 
 249      BFF2162C 
 249      B0A92E2A 
 249      B901
 250 01a3 AF3F4677 		.ascii	"\257?FwN\"\371B\241\310\24745}~z\246<yz\2628S.N\235"
 250      4E22F942 
 250      A1C8A734 
 250      357D7E7A 
 250      A63C797A 
 251 01bd BB502C5F 		.ascii	"\273P,_,\271\365l\371R\241$\177\001d\275\247Y"
 251      2CB9F56C 
 251      F952A124 
 251      7F0164BD 
 251      A759
 252              		.text
 253              		.section	.gnu.lto_.symbol_nodes.803ee419,"",%progbits
 254 0000 789C5DCA 		.ascii	"x\234]\312\313\015\3020\020E\3217\343\304\304X\244\010"
 254      CB0DC230 
 254      1045D137 
 254      E3C4C458 
 254      A408
 255 0012 2A8122A8 		.ascii	"*\201\"\250g\214h\200-\277\025U\300\216\035\337\000"
 255      678C6880 
 255      2DBF1555 
 255      C08E1DDF 
 255      00
 256 0023 1D80E803 		.ascii	"\035\200\350\003a\034#ao\346J\347\215\0060\"\177xF\002"
 256      611C2361 
 256      6FE64AE7 
 256      8D063022 
 256      7F784602 
 257 0037 4C1BC067 		.ascii	"L\033\300g\343vN{\233\223Pn\013\022\316mI\242r[\221"
 257      E3764E7B 
 257      9B93506E 
 257      0B12CE6D 
 257      49A2725B 
 258 004c 14B9ED59 		.ascii	"\024\271\355Y\312\237m\307C/\007\026\235Hye\270>\240"
 258      CA9F6DC7 
 258      432F0716 
 258      9D487965 
 258      B83EA0
 259 005f F8C8D249 		.ascii	"\370\310\322I\237O,U\372|cj\237\317,&\235\356\314a\242"
ARM GAS  C:\Users\Luczia\AppData\Local\Temp\ccGHOydk.s 			page 20


 259      9F4F2C55 
 259      FA7C636A 
 259      9FCF2C26 
 259      9DEECC61 
 260 0074 0B4B374C 		.ascii	"\013K7L\200s\003\200\032\026\373\017\252\354a\375x\223"
 260      80730380 
 260      1A16FB0F 
 260      AAEC61FD 
 260      7893
 261 0086 D2456C8D 		.ascii	"\322El\215W(0y\372V\324\272\211\273\251[7\214\365\267"
 261      57283079 
 261      FA56D4BA 
 261      89BBA95B 
 261      378CF5B7 
 262 009a 36BA8D6E 		.ascii	"6\272\215nUp|\000\350\320[\321"
 262      55707C00 
 262      E8D05BD1 
 263              		.text
 264              		.section	.gnu.lto_.refs.803ee419,"",%progbits
 265 0000 789C6363 		.ascii	"x\234cc``\020\000bF6&vfFN&.\026Fn&\036\026\006\000\004"
 265      60601000 
 265      62463626 
 265      7666464E 
 265      262E1646 
 266 001b 410062   		.ascii	"A\000b"
 267              		.text
 268              		.section	.gnu.lto_.decls.803ee419,"",%progbits
 269 0000 789CB557 		.ascii	"x\234\265W{PT\327\031\277\347\236]\\v\027\260$qlk\246"
 269      7B5054D7 
 269      19BFE79E 
 269      5D5C7617 
 269      B024716C 
 270 0016 98909199 		.ascii	"\230\220\221\231N@0\257\246\231L\022\264\211mL\322\325"
 270      4E4030AF 
 270      A6994C12 
 270      B4896D4C 
 270      D2D5
 271 0028 CEA45366 		.ascii	"\316\244Sf6\0046\221\031\004\353\256\231I\377h.\017"
 271      36043691 
 271      1904EBAE 
 271      9949FF68 
 271      2E0F
 272 003a 151F8D88 		.ascii	"\025\037\215\210(\012ZP\0205\022\004\015 \242\262\002"
 272      280A5A50 
 272      10351204 
 272      0D20A2B2 
 272      02
 273 004b 22C8FBA1 		.ascii	"\"\310\373\241\021\024D\021\305G\001\321\240\"J\277"
 273      11144411 
 273      C54701D1 
 273      A0224ABF 
 274 005b F3B8DCBB 		.ascii	"\363\270\334\273\327%53\351\035?\356\375\316\371\235"
 274      D7253533 
 274      E91D3FEE 
 274      FDCEF99D 
 275 006b DFF73CC7 		.ascii	"\337\367<\307\263\036\202 \370=#\010\261X\020>\006\031"
 275      B31E8220 
ARM GAS  C:\Users\Luczia\AppData\Local\Temp\ccGHOydk.s 			page 21


 275      F83D2308 
 275      B158103E 
 275      0619
 276 007d 87C70463 		.ascii	"\207\307\004c\307\005\3451\203\324\202\324\2034\202"
 276      C705E531 
 276      83D482D4 
 276      833482
 277 008c B4807480 		.ascii	"\264\200t\200\234\003\351\002\271\000r\021\244\027\244"
 277      9C03E902 
 277      B9007211 
 277      A417A4
 278 009b 0F640804 		.ascii	"\017d\010\004\250\204Q\362F\202\340\201\004\227g#\350"
 278      A88451F2 
 278      4682E081 
 278      04976723 
 278      E8
 279 00ac 06787F02 		.ascii	"\006x\177\002\342\013\3624H%\310\037a|>\310\257@\314"
 279      E20BF234 
 279      4825C81F 
 279      617C3EC8 
 279      AF40CC
 280 00bf 8871BC04 		.ascii	"\210q\274\004\357W@^\006A\334\017\355\263\025&t\234"
 280      EF57405E 
 280      0641DC0F 
 280      EDB31526 
 280      749C
 281 00d1 4FE63073 		.ascii	"O\3460s\274\274\256\336\315\272\355O\350\007\342~ \036"
 281      BCBCAEDE 
 281      CDBAED4F 
 281      E807E27E 
 281      201E
 282 00e3 BFF6C986 		.ascii	"\277\366\311\206\211)?\201\203\344\217\274\377\244\311"
 282      89293F81 
 282      83E48FBC 
 282      FFA4C9
 283 00f2 CB41D0F5 		.ascii	"\313A\320\365\360n\347\353g\011\356c\351\340\353\337"
 283      F06EE7EB 
 283      6709EE63 
 283      E9E0EBDF 
 284 0102 D7AC2FE1 		.ascii	"\327\254/\3419#\361,\200\357:>.\012\254V}n|/\003\234"
 284      3923F12C 
 284      80EF3A3E 
 284      2E0AAC56 
 284      7D6E7C2F 
 285 0118 979B1C10 		.ascii	"\227\233\034\020\037>\200\271\263\360\376\020\336\037"
 285      1F3E80B9 
 285      B3F0FE10 
 285      DE1F
 286 0126 818CC0F7 		.ascii	"\201\214\300\367 \310\237\341\273\206\257'y\357\342"
 286      20C89FE1 
 286      BB86AF27 
 286      79EFE2
 287 0135 3E91BAD7 		.ascii	">\221\272\327r\337F5v\312\177\3047\322?\356\352S\371"
 287      72DF4635 
 287      76CA7FC4 
 287      37D23FEE 
 287      EA53F9
ARM GAS  C:\Users\Luczia\AppData\Local\Temp\ccGHOydk.s 			page 22


 288 0148 84BE5910 		.ascii	"\204\276Y\0203\352\316\267\213*\337\032\271oX\223\267"
 288      33EACEB7 
 288      8B2ADF1A 
 288      B96F5893 
 288      B7
 289 0159 9388F5F8 		.ascii	"\223\210\365\370\223\332X\010\357f\225\215^\225\215"
 289      93DA5808 
 289      EF66958D 
 289      5E958D
 290 0168 161E13E9 		.ascii	"\026\036\023\351\371E\032;\251\030\355K\351M\323]@]"
 290      F9451A3B 
 290      A918ED4B 
 290      E94DD35D 
 290      405D
 291 017a 946D2A42 		.ascii	"\224m*B\274\242\352\207\350\343\362C\346\031@D\362$"
 291      BCA2EA87 
 291      E8E3F243 
 291      E6194044 
 291      F224
 292 018c 436997D1 		.ascii	"Ci\227\3219\304D\024\024\254\262B\305\252Z\214\350#"
 292      39C44414 
 292      14ACB242 
 292      C5AA5A8C 
 292      E823
 293 019e 5057D4BE 		.ascii	"PW\324\276P\317\270{H1\217&02^\305\212&\026=\356\235"
 293      50CFB87B 
 293      48318F26 
 293      30325EC5 
 293      8A26163D 
 294 01b4 C0EA4F92 		.ascii	"\300\352O\222p\372\346\272|s\017\352\006\350_\005!\331"
 294      70FAE6BA 
 294      7C730FEA 
 294      06E85F05 
 294      21D9
 295 01c6 B00491D1 		.ascii	"\260\004\221\321\035\007\357\244{a\221~\337\335\233"
 295      1D07EFA4 
 295      7B61917E 
 295      DFDD9B
 296 01d5 7D4C8F9F 		.ascii	"}L\217\237\241\337{\022\362*<\002\363$\366\030\376!"
 296      A1DF7B12 
 296      F22A3C02 
 296      F324F618 
 296      FE21
 297 01e7 A06284E5 		.ascii	"\240b\204\345|v\325\354\335\207\327b4\313\210\210\013"
 297      7C76D5EC 
 297      DD87D762 
 297      34CB8888 
 297      0B
 298 01f8 3E30B4FF 		.ascii	">0\264\377f\351}/6D\020\255\353\207s\246\340P\372\335"
 298      66E97D2F 
 298      364410AD 
 298      EB8773A6 
 298      E050FADD 
 299 020c 9258B08D 		.ascii	"\222X\260\215\240}\215H\007\352\255\206\364^oP\2376"
 299      A07D8D48 
 299      07EAAD86 
 299      F45E6F50 
ARM GAS  C:\Users\Luczia\AppData\Local\Temp\ccGHOydk.s 			page 23


 299      9F36
 300 021e 22BF542C 		.ascii	"\"\277T,^\350xp\336\033\031\003\222$)^\312J\220<\337"
 300      5EE87870 
 300      DE1B1903 
 300      9224295E 
 300      CA4A903C 
 301 0233 13D01134 		.ascii	"\023\320\0214\003\225\241\031\002:\206\002\010c\011"
 301      0395A119 
 301      023A8602 
 301      086309
 302 0242 0A145029 		.ascii	"\012\024P)\014\036\202\301\\\342\220\363\356\3267\267"
 302      0C1E82C1 
 302      5CE290F3 
 302      EED637B7 
 303 0252 0E4B921F 		.ascii	"\016K\222\037:\212\214\3500\302\024\003)\230ed.\356"
 303      3A8A8CE8 
 303      30C21403 
 303      29986564 
 303      2EEE
 304 0264 CDD9B0D3 		.ascii	"\315\331\260\323\003\027!\342\201X\226\321wB\234\314"
 304      031721E2 
 304      815896D1 
 304      77429CCC 
 305 0274 C6F1C96D 		.ascii	"\306\361\311m\354\177\256z\205$\211\310\0116\312\025"
 305      EC7FAE7A 
 305      852489C8 
 305      0936CA15 
 306 0284 1B609219 		.ascii	"\033`\222\031Y_tn\314\007\247\323\354\211+\232\212\257"
 306      595F746E 
 306      CC07A7D3 
 306      EC892B9A 
 306      8AAF
 307 0296 4D6AA46A 		.ascii	"Mj\244jR#W\353_\332\336N\002\251\004#\025\212\021\247"
 307      522357EB 
 307      5FDADE4E 
 307      02A90423 
 307      158A11A7 
 308 02aa 6CA420EF 		.ascii	"l\244 \357\333.\203\016\232\213\"btd\354\304\370]\247"
 308      DB2E830E 
 308      9A8B2262 
 308      7464ECC4 
 308      F85DA7
 309 02bd 0F4BA948 		.ascii	"\017K\251H\262=T\277\335\304R:\025Tim{\212\317\364\315"
 309      B23D54BF 
 309      DDC4523A 
 309      1554696D 
 309      7B8ACFF4 
 310 02d2 843E3941 		.ascii	"\204>9A\232*\242O\246\241\223`\264\032\214\012\250\006"
 310      9A2AA24F 
 310      A6A19360 
 310      B41A8C0A 
 310      A806
 311 02e4 4D87BF27 		.ascii	"M\207\277'\220\216\321\267\224\014\324Ly.Kr:%\347`\307"
 311      908ED1B7 
 311      940CD44C 
 311      792E4B72 
 311      3A25E760 
ARM GAS  C:\Users\Luczia\AppData\Local\Temp\ccGHOydk.s 			page 24


 312 02f9 1BFBCEF6 		.ascii	"\033\373\316\366K\322\032X\211t\004\211\212\024\217"
 312      4BD21A58 
 312      89740489 
 312      8A148F
 313 0308 8A4803A0 		.ascii	"\212H\003\240\357P\017B\007\321\005h\243Z\364\034\020"
 313      EF500F42 
 313      07D10568 
 313      A35AF41C 
 313      10
 314 0319 9C1B2FCD 		.ascii	"\234\033/\315\362\302\2531\255u\336\272\361T\375\244"
 314      F2C2AB31 
 314      AD75DEBA 
 314      F154FDA4 
 315 0329 A6EBA8E9 		.ascii	"\246\353\250\351\030ny\360hY)\346\226;_L\227\234\361"
 315      186E79F0 
 315      685929E6 
 315      963B5F4C 
 315      979CF1
 316 033c 92942512 		.ascii	"\222\224%\022\020:\245X=\245\265ZO\255\226_\313I\327"
 316      103AA558 
 316      3DA5B55A 
 316      4FAD965F 
 316      CB49D7
 317 034f E10C66B5 		.ascii	"\341\014f\265u\370t\272\027g\032\015\234`\"\3767(L\015"
 317      75F874BA 
 317      17671A0D 
 317      9C6022FE 
 317      37284C0D 
 318 0363 5AA646CA 		.ascii	"Z\246F\312T\234\266\351M\234\307\210\306\326\257\274"
 318      549CB6E9 
 318      4D9CC788 
 318      C6D6AFBC 
 319 0373 25AADD27 		.ascii	"%\252\335')W\374ov\361\177d\367\355J3\267\332}\3107"
 319      2957FC6F 
 319      76F17F64 
 319      F7ED4A33 
 319      B7DA7DC8 
 320 0388 3B41DA03 		.ascii	";A\332\003\353\374\011\0125)f\233\264f[\250\331\306"
 320      EBFC090A 
 320      3529669B 
 320      B4665BA8 
 320      D9C6
 321 039a B19A420F 		.ascii	"\261\232B\017|\224\331m8\321\266e\012n\247\212.\243"
 321      7C94D96D 
 321      38D1B665 
 321      0A6EA78A 
 321      2EA3
 322 03ac AA78C084 		.ascii	"\252x\300\204<g \260\213\002V\221v\222\022\222\247\302"
 322      3C6720B0 
 322      8B025691 
 322      76921292 
 322      A7C2
 323 03be CA3933D0 		.ascii	"\31293\320lh\246\357\241\231\332\221'\260\236\006\310"
 323      6C68A6EF 
 323      A199DA91 
 323      27B09E06 
 323      C8
ARM GAS  C:\Users\Luczia\AppData\Local\Temp\ccGHOydk.s 			page 25


 324 03cf 19702D5D 		.ascii	"\031p-]2\320\221t\011\272o*\375\314\225\267\256@T\324"
 324      32D09174 
 324      09BA6F2A 
 324      FDCC95B7 
 324      AE4054D4 
 325 03e3 C6772F73 		.ascii	"\306w/s}\274z(\317\240\216\223@\2248\317\272\304\331"
 325      7DBC7A28 
 325      CFA08E93 
 325      409438CF 
 325      BAC4D9
 326 03f6 3978AFCA 		.ascii	"9x\257\312\304\343l<<}\247\034'\240P\253\022g\2536\316"
 326      C4E36C3C 
 326      3C7DA71C 
 326      27A050AB 
 326      1267AB36 
 327 040b 0E1AE7AA 		.ascii	"\016\032\347\252\003\003\027\364\270\223\305\331\237"
 327      030317F4 
 327      B893C5D9 
 327      9F
 328 0418 F2F53C60 		.ascii	"\362\365<`\312\002\246\246\261\331W\277\223$\330_\222"
 328      CA02A6A6 
 328      B1D957BF 
 328      9324D85F 
 328      92
 329 0429 8ED6BC53 		.ascii	"\216\326\274S\241\352\324R\235\243T\011y\235k\364x\225"
 329      A1EAD452 
 329      9DA35409 
 329      799D6BF4 
 329      7895
 330 043b 8E52957C 		.ascii	"\216R\225|\335\327l\000\256\036\340\272\376KVs\211\325"
 330      DDD76C00 
 330      AE1EE0BA 
 330      FE4B5673 
 330      89D5
 331 044d FCBCC274 		.ascii	"\374\274\302t^\313\324E\231j\037\034\360\306\251\214"
 331      5ECBD445 
 331      996A1F1C 
 331      F0C6A98C 
 332 045d E858536A 		.ascii	"\350XSj\277\310\211:\177=AD\\\352V\210\272\265D\027"
 332      BFC8893A 
 332      7F3D4144 
 332      5CEA5688 
 332      BAB54417 
 333 0471 2851CAC1 		.ascii	"(Q\312\301\273\231z\234\305\230\3726\034\274\357\311"
 333      BB997A9C 
 333      C598FA36 
 333      1CBCEFC9 
 334 0481 994E3DEB 		.ascii	"\231N=\353\342R\217\302\324\243e\272H\231\362\3564\037"
 334      E2528FC2 
 334      D4A365BA 
 334      4899F2EE 
 334      341F
 335 0493 F0C2FB18 		.ascii	"\360\302\373\030\323\303\356\356z\314\231\0323\247\355"
 335      D3C3EEEE 
 335      7ACC991A 
 335      33A7ED
 336 04a2 6029F7A3 		.ascii	"`)\367\243\255uI\241\272\244\245\352\245T\267\326\015"
ARM GAS  C:\Users\Luczia\AppData\Local\Temp\ccGHOydk.s 			page 26


 336      AD7549A1 
 336      BAA4A5EA 
 336      A554B7D6 
 336      0D
 337 04b3 66F9E062 		.ascii	"f\371\340bF5~+\377\214\236PId\177\373\357)\350\227\222"
 337      46357E2B 
 337      FF8C9E50 
 337      49647FFB 
 337      EF29E897 
 338 04c8 8C742BA2 		.ascii	"\214t+\242\313\012\323e\336\036\250\21728\207r\266`"
 338      CB0AD365 
 338      DE1EA88F 
 338      32388772 
 338      B660
 339 04da 5CC1184E 		.ascii	"\\\301\030N\337;:j\306\365T\321\345%|3\244C\001\254"
 339      DF3B3A6A 
 339      C6F554D1 
 339      E5257C33 
 339      A44301AC 
 340 04ee 398DAA26 		.ascii	"9\215\252&\273\001;\345\252\322d\264\023\207\276\"\303"
 340      BB013BE5 
 340      AAD264B4 
 340      1387BE22 
 340      C3
 341 04ff B43BC99B 		.ascii	"\264;\311\233\236\214R\266\204\247O\264r?\2642\231\022"
 341      9E8C52B6 
 341      84A74FB4 
 341      723FB432 
 341      9912
 342 0511 D07520BC 		.ascii	"\320u \274\006\335\007\006\013\267\325\334\3674rt\322"
 342      06DD0706 
 342      0BB7D5DC 
 342      F7347274 
 342      D2
 343 0522 FF425FBC 		.ascii	"\377B_\2747^e6\257\2318u\321M\360D>x\005\364\037d\346"
 343      375E6536 
 343      AF993875 
 343      D14DF044 
 343      3E7805F4 
 344 0539 4DDF54B7 		.ascii	"M\337T\267i\263\017=Ha\214\037\244\343\011[G&?\257\006"
 344      69B30F3D 
 344      48618C1F 
 344      A4E3095B 
 344      47263FAF 
 345 054e E93E1890 		.ascii	"\351>\030\220\217\312\270\2663p\344\261T\326\245\343"
 345      8FCAB8B6 
 345      3370E4B1 
 345      54D6A5E3 
 346 055e BACA95CE 		.ascii	"\272\312\225\316\217(\010]Q2yE\316\344\020\315\344\203"
 346      8F28085D 
 346      51327945 
 346      CEE410CD 
 346      E483
 347 0570 FED40EC4 		.ascii	"\376\324\016\304Nj3\250W\016\247V\031Ih\022w\326W\355"
 347      4E6A33A8 
 347      570EA756 
 347      19496812 
ARM GAS  C:\Users\Luczia\AppData\Local\Temp\ccGHOydk.s 			page 27


 347      77D657ED 
 348 0584 EB308D2D 		.ascii	"\3530\215-h\006\272\305B\313\276^Z\251g\213\275@=\277"
 348      6806BAC5 
 348      42CBBE5E 
 348      5AA9678B 
 348      BD403DBF 
 349 0598 3375978E 		.ascii	"3u\227\216\035\363\375dZ\222\232\007\365\276\311\324"
 349      1DF3FD64 
 349      5A929A07 
 349      F5BEC9D4 
 350 05a8 79497A0B 		.ascii	"yIz\013\321\032\334\001\266\333\224\355\007\344+s\322"
 350      D11ADC01 
 350      B6DB94ED 
 350      07E42B73 
 350      D2
 351 05b9 50D3B6DD 		.ascii	"P\323\266\335\232\242F\337\3741tW\331h\227y\346\210"
 351      9AA246DF 
 351      FC317457 
 351      D9689779 
 351      E688
 352 05cb 2E136A37 		.ascii	".\023j7\002S0\224\221\\\326*\342D=\27374\334\336l\304"
 352      02533094 
 352      915CD62A 
 352      E2443DBB 
 352      3734DCDE 
 353 05e1 294C19DA 		.ascii	")L\031\332=\330`z![j\246\373\372\215\255\271RRr\034"
 353      3DD8607A 
 353      215B6AA6 
 353      FBFA8DAD 
 353      B9525272 
 354 05f6 5D87EE43 		.ascii	"]\207\356Cf`\317\251\014\335\203\221\273h\246\200F\321"
 354      6660CFA9 
 354      0CDD8391 
 354      BB68A680 
 354      46D1
 355 0608 0BA4D587 		.ascii	"\013\244\325\207\232\037\232Y\214F\222\257\232\225\231"
 355      9A1F9A59 
 355      8C4692AF 
 355      9A9599
 356 0617 68D2048D 		.ascii	"h\322\004\215\311\011z\300\022\364}Gb)\317\256\211\234"
 356      C9097AC0 
 356      12F47D47 
 356      6229CFAE 
 356      899C
 357 0629 09173795 		.ascii	"\011\0277\225{\262\004\235\245[\273\256\265\303[\233"
 357      7BB2049D 
 357      A55BBBAE 
 357      B5C35B9B 
 358 0639 A047C0F6 		.ascii	"\240G\300\366\220\262\215\323\220\307\344\220\333\273"
 358      90B28DD3 
 358      90C7E490 
 358      DBBB
 359 0647 D7856AF3 		.ascii	"\327\205j\3633)xKFv\26183CO\362#\2114?U\373\323\012"
 359      3329784B 
 359      4676B138 
 359      33434FF2 
 359      2389343F 
ARM GAS  C:\Users\Luczia\AppData\Local\Temp\ccGHOydk.s 			page 28


 360 065f 0C78374B 		.ascii	"\014x7K\311`\332\306|\035OI\347\263qY\316D?\202\243"
 360      C960DAC6 
 360      7C1D4F49 
 360      E7B37159 
 360      CE443F82 
 361 0674 F9800DAF 		.ascii	"\371\200\015\257\"\216\027\241\263D\310G\202H\3621\272"
 361      228E17A1 
 361      B344C847 
 361      8248F231 
 361      BA
 362 0685 66DB0DC3 		.ascii	"f\333\015\303\314\"5\361\275\304\242L\003>\316\210\343"
 362      CC2235F1 
 362      BDC4A24C 
 362      033ECE88 
 362      E3
 363 0696 0FAE1C98 		.ascii	"\017\256\034\230\"\023\377\306\225\270\327\205x\005"
 363      2213FFC6 
 363      95B8D785 
 363      7805
 364 06a4 102712E2 		.ascii	"\020'\022\342\225\224XN\216/ONz\331\235S\274\271\014"
 364      9594584E 
 364      8E2F4F4E 
 364      7AD99D53 
 364      BCB90C
 365 06b7 647A605F 		.ascii	"dz`_\211\027\313\235\223L\267]\331\221\310\353\322L"
 365      8917CB9D 
 365      934CB75D 
 365      D991C8EB 
 365      D24C
 366 06c9 F4CA3327 		.ascii	"\364\3123'\207t\270\2119\261\245\265p\036)R\302\023"
 366      8774B889 
 366      39B1A5B5 
 366      701E2952 
 366      C213
 367 06db DDA66041 		.ascii	"\335\246`A}\375\203\006=>\315V\257=QT\315/\2045DO=\\"
 367      7DFD8306 
 367      3D3ECD56 
 367      AF3D5154 
 367      CD2F8435 
 368 06f3 5966C267 		.ascii	"Yf\302g\331d\357\232K\225\036\270\213)\262S\276\334"
 368      D964EF9A 
 368      4B951EB8 
 368      8B29B253 
 368      BEDC
 369 0705 A9CC733F 		.ascii	"\251\314s?\300}\340\"\233,+9R\315\003\230\255\272\004"
 369      C07DE022 
 369      9B2C2B39 
 369      52CD0398 
 369      ADBA04
 370 0718 F9B24B50 		.ascii	"\371\262KP\361\225\332j#\213GB\240\037m=\377\026\276"
 370      F195DA6A 
 370      238B4742 
 370      A01F6D3D 
 370      FF16BE
 371 072b C256560C 		.ascii	"\302VV\014\027\354\346\261aP{\222+\307}&\355\271-\""
 371      17ECE6B1 
 371      61507B92 
ARM GAS  C:\Users\Luczia\AppData\Local\Temp\ccGHOydk.s 			page 29


 371      2BC77D26 
 371      EDB92D22 
 372 073f EFB93491 		.ascii	"\357\2714\221\206\362Cr\301\037\2246\321\321\313\341"
 372      86F24372 
 372      C11F9436 
 372      D1D1CBE1 
 373 074f 2671064A 		.ascii	"&q\006J\025\011z\253\350+\257\241G\306\305]\335\336"
 373      15097AAB 
 373      E82BAFA1 
 373      47C6C55D 
 373      DDDE
 374 0761 6AF43AF1 		.ascii	"j\364:\361G\320\371\331\273\322\214\370:s2\343v\327"
 374      47D0F9D9 
 374      BBD28CF8 
 374      3A7332E3 
 374      76D7
 375 0773 355EAF00 		.ascii	"5^\257\000PsG\312\022\014x\200\315m<\266\275a\012\036"
 375      507347CA 
 375      120C7880 
 375      CD6D3CB6 
 375      BD610A1E 
 376 0787 668A7CA1 		.ascii	"f\212|\241\366\245\027j\024\377\375;x\204\315\224oH"
 376      F6A5176A 
 376      14FFFD3B 
 376      7884CD94 
 376      6F48
 377 0799 E9427894 		.ascii	"\351Bx\224)\003\211}=<?\323A\335Twc\026\036gS\217j*"
 377      2903897D 
 377      3D3C3FD3 
 377      41DD5477 
 377      63161E67 
 378 07b1 67E1151E 		.ascii	"g\341\025\036\364\273\272x\317n\204\3272e8\275\372\206"
 378      F4BBBA78 
 378      CF6E84D7 
 378      326538BD 
 378      FA86
 379 07c3 11AF674A 		.ascii	"\021\257gJV\353\266C\006\234\302\224\334"
 379      56EBB643 
 379      069CC294 
 379      DC
 380 07d0 7B9B73CD 		.ascii	"{\233s\3158\215)\355\245\247\223Lx\033S\222\012\013"
 380      388D29ED 
 380      A5A7934C 
 380      781B5392 
 380      0A0B
 381 07e2 B7987016 		.ascii	"\267\230p\026S\342\313:6\360\213j\017\321/\357\272\234"
 381      53E2CB3A 
 381      36F08B6A 
 381      0FD12FEF 
 381      BA9C
 382 07f4 C577A8E4 		.ascii	"\305w\250\344\001\372\232\326\372\273\010\3470\360\206"
 382      01FA9AD6 
 382      FABB08E7 
 382      30F086
 383 0803 A1E18D1E 		.ascii	"\241\341\215\036\223\326!_\256\303lZ\206\222\242\354"
 383      93D6215F 
 383      AEC36C5A 
ARM GAS  C:\Users\Luczia\AppData\Local\Temp\ccGHOydk.s 			page 30


 383      8692A2EC 
 384 0813 4183B60E 		.ascii	"A\203\266\016\253!\263I4\263\373if\363\345\314VU\035"
 384      AB21B349 
 384      34B3FB69 
 384      66F3E5CC 
 384      56551D
 385 0826 7D88B475 		.ascii	"}\210\264u\230\014=\315\271*k\205\011\371\263\347)\177"
 385      980C3DCD 
 385      B92A6B85 
 385      09F9B3E7 
 385      297F
 386 0838 F909207F 		.ascii	"\371\011 \177vJ\211\011p\3125\340\325\205\227[\342\244"
 386      764A8909 
 386      70CA35E0 
 386      D585975B 
 386      E2A4
 387 084a 9CE9946A 		.ascii	"\234\351\224j;\354\265C\342S\312>\330Fy\217\020\317"
 387      3BECB543 
 387      E253CA3E 
 387      D846798F 
 387      10CF
 388 085c 05B6E4D2 		.ascii	"\005\266\344\322Wp#H\304\024\236\243\205\357\244\360"
 388      57702348 
 388      C4149EA3 
 388      85EFA4F0 
 389 086c 60055DA1 		.ascii	"`\005]\241B\357\321\242\223\\\320qp\020$\3418\012O\207"
 389      42EFD1A2 
 389      935CD071 
 389      701024E1 
 389      380A4F87 
 390 0880 93603387 		.ascii	"\223`3\207\313m\2066>\346\313)\025\373n\367\354jx\253"
 390      CB6D8636 
 390      3EE6CB29 
 390      15FB6EF7 
 390      EC6A78AB 
 391 0894 0A9EAB85 		.ascii	"\012\236\253\205\247j]\037N\302\012|\275\026\376\265"
 391      A76A5D1F 
 391      4EC20A7C 
 391      BD16FEB5 
 392 08a4 8A7D03AF 		.ascii	"\212}\003\257\007\374\330\020P\036\270\273\217N\022"
 392      07FCD810 
 392      501EB8BB 
 392      8F4E12
 393 08b3 3C1C20A8 		.ascii	"<\034 \250B\014@GD\177T\012r\020\244\010\244\030\244"
 393      420C4047 
 393      447F540A 
 393      7210A408 
 393      A418A4
 394 08c6 0AE400C8 		.ascii	"\012\344\000\310a\220c GA\252A\012AN\200|\007\342\004"
 394      61906320 
 394      4741AA41 
 394      0A414E80 
 394      7C07E204 
 395 08da 29032901 		.ascii	")\003)\001\251\004)\0079.\372\323\377\232\231\233\243"
 395      A9042907 
 395      392EFAD3 
 395      FF9A999B 
ARM GAS  C:\Users\Luczia\AppData\Local\Temp\ccGHOydk.s 			page 31


 395      A3
 396 08eb FF54BCDC 		.ascii	"\377T\274\334\253\3652H\233\202\353\252\024d\273\257"
 396      ABF53248 
 396      9B82EBAA 
 396      1464BBAF 
 397 08fb 9E0B5C9D 		.ascii	"\236\013\\\235\203d\3679P\247L\345\3137n}Q\201GU\256"
 397      8364F739 
 397      50A74CE5 
 397      CB376E7D 
 397      51814755 
 398 0910 6469C199 		.ascii	"di\301\231\217\2712\254\202\357p\017W\367\335j\225\343"
 398      8FB932AC 
 398      82EF700F 
 398      57F7DD6A 
 398      95E3
 399 0922 6BB5F035 		.ascii	"k\265\3605\217w\265:\320\024-~\203+\036z\364\324j\336"
 399      8F77B53A 
 399      D0142D7E 
 399      832B1E7A 
 399      F4D46ADE 
 400 0936 A905D0A9 		.ascii	"\251\005\320\251\337r\274\274\021\321*\305\035\366\353"
 400      DF72BCBC 
 400      11D12AC5 
 400      1DF6EB
 401 0945 78E0916F 		.ascii	"x\340\221o\034\264\007A\011\374\206\245T\360Q\022.\205"
 401      1CB40741 
 401      09FC86A5 
 401      54F05112 
 401      2E85
 402 0957 9F10AB3D 		.ascii	"\237\020\253=\250\361\177\271wV\025[\247*\023\273\334"
 402      A8F17FB9 
 402      7756155B 
 402      A72A13BB 
 402      DC
 403 0968 B7B14BD7 		.ascii	"\267\261K\327\253C\313\320\3427>\22695\374\337\356\317"
 403      AB43CBD0 
 403      E2373E96 
 403      3935FCDF 
 403      EECF
 404 097a 030A27B7 		.ascii	"\003\012'\267\253\3723{\274\361ez\354\211EI\035y>(\340"
 404      ABFA337B 
 404      BCF1657A 
 404      EC894549 
 404      1D793E28 
 405 098f 2916F199 		.ascii	")\026\361\231\3258\201D\\\013\253O\212\023\327J\222"
 405      D5388144 
 405      5C0BAB4F 
 405      8A13D74A 
 405      92
 406 09a0 8049360C 		.ascii	"\200I6\014\252\201}\362\377\3363\340\364\341\362\035"
 406      AA817DF2 
 406      FFDE33E0 
 406      F4E1F21D 
 407 09b0 253AF545 		.ascii	"%:\365E\273V\025 \374P\027\351E\233\274\311\377\351"
 407      BB561520 
 407      FC5017E9 
 407      459BBCC9 
ARM GAS  C:\Users\Luczia\AppData\Local\Temp\ccGHOydk.s 			page 32


 407      FFE9
 408 09c2 FB8F979A 		.ascii	"\373\217\227\232\236\337AC\032\354x\355P\274\024O.\327"
 408      9EDF4143 
 408      1AEC78ED 
 408      50BC144F 
 408      2ED7
 409 09d4 F4D72FBB 		.ascii	"\364\327/\273\037\327\211\317\223\353\337\331\375]2"
 409      1FD789CF 
 409      93EBDFD9 
 409      FD5D32
 410 09e3 EED2EB52 		.ascii	"\356\322\353R\222\201\202:dP=\005e\216=\330\352\255"
 410      9281823A 
 410      64503D05 
 410      658E3DD8 
 410      EAAD
 411 09f5 B64C7EBD 		.ascii	"\266L~\275(\226\033\270\345\006j\271\255\341Z&V\203"
 411      28961BB8 
 411      E5066AB9 
 411      ADE15A26 
 411      5683
 412 0a07 CFBA801B 		.ascii	"\317\272\200\0339\270\221\202\343+\232\267\030\324\340"
 412      39B89182 
 412      E32B9AB7 
 412      18D4E0
 413 0a16 41177013 		.ascii	"A\027p\023\0077Q\360\340\325\212|\243\032L.\270\012"
 413      073751F0 
 413      E0D58A7C 
 413      A31A4C2E 
 413      B80A
 414 0a28 B899839B 		.ascii	"\270\231\203\233)\270u\375\332\"\0375\270\306\205\271"
 414      29B875FD 
 414      DA221F35 
 414      B8C685B9 
 415 0a38 85835B28 		.ascii	"\205\203[(x{\355\23605\226\\\350\024l+\307\266RlE\376"
 415      787BED9E 
 415      3035965C 
 415      E8146C2B 
 415      C7B6526C 
 416 0a4e 999B9E6A 		.ascii	"\231\233\236jp\263\013q\033\007\267Q\360\346\334\315"
 416      70B30B71 
 416      1B07B751 
 416      F0E6DCCD 
 417 0a5e BFE5D9AD 		.ascii	"\277\345\331\255\033{-SJ\236J\363\333+\347\267]|^\360"
 417      1B7B2D53 
 417      4A9E4AF3 
 417      DB2BE7B7 
 417      5D7C5EF0 
 418 0a72 B53BACD1 		.ascii	"\265;\254\321\321\221V\273#|\231\303\032\036\035\276"
 418      D19156BB 
 418      237C99C3 
 418      1A1E1DBE 
 419 0a82 6C897F60 		.ascii	"l\211\177``\020\374\213X\034\365iT\254=\370w\301A\261"
 419      6010FC8B 
 419      581CF569 
 419      54AC3DF8 
 419      77C141B1 
 420 0a96 F6A0C5E1 		.ascii	"\366\240\305\341\321A\366e\021\344\015\330\300\010\303"
ARM GAS  C:\Users\Luczia\AppData\Local\Temp\ccGHOydk.s 			page 33


 420      D141F665 
 420      11E40DD8 
 420      C008C3
 421 0aa5 BB1FFCC5 		.ascii	"\273\037\374\305/48X0Z\255\313\243b\034sB\254\216\317"
 421      2F343858 
 421      305AADCB 
 421      A3621C73 
 421      42AC8ECF 
 422 0ab9 225E0FA3 		.ascii	"\"^\017\243\253\354\216\345\221Q\261a\216\330\330h{"
 422      ABEC8EE5 
 422      9151B161 
 422      8ED8D868 
 422      7B
 423 0aca D8E731CB 		.ascii	"\330\3471\313\375\350\227\037p\373\331\226|j\213\214"
 423      FDE8971F 
 423      70FBD996 
 423      7C6A8B8C 
 424 0ada B44586BD 		.ascii	"\264E\206\275\0328\333/dv\360\253\177\177)\014\306_"
 424      1A38DB2F 
 424      6476F0AB 
 424      7F7F290C 
 424      C65F
 425 0aec 8C898DB1 		.ascii	"\214\211\215\261\275h\013\3774*,*&\"zy\244-lI8p\305"
 425      BD680BFF 
 425      342A2C2A 
 425      26227A79 
 425      A42D6C49 
 426 0b03 D8C2AC91 		.ascii	"\330\302\254\221\266\317\302\227G;\254\216/\227\332"
 426      B6CFC297 
 426      473BAC8E 
 426      2F97DA
 427 0b12 EC818B05 		.ascii	"\354\201\213\005\203l\357o?\253=\373\227\3660\010-\022"
 427      836CEF6F 
 427      3FAB3DFB 
 427      97F63008 
 427      2D12
 428 0b24 C8C18827 		.ascii	"\310\301\210'\250\216\250%6\253#\300]:\2269\202\370"
 428      A88EA825 
 428      36AB23C0 
 428      5D3A9639 
 428      82F8
 429 0b36 3A982038 		.ascii	":\230 8X\362\373\311\362\2664v\231\303\036\264p\321"
 429      58F2FBC9 
 429      F2B63476 
 429      99C31EB4 
 429      70D1
 430 0b48 82392141 		.ascii	"\2029!A\357\277?7h\321\374\005_\004\363L\222\344\303"
 430      EFBF3F37 
 430      68D1FC05 
 430      5F04F34C 
 430      92E4C3
 431 0b5b DA5F4C94 		.ascii	"\332_L\224!v)\253\302Ty\304\346p\035\370\\\036\230\306"
 431      217629AB 
 431      C25479C4 
 431      E6701DF8 
 431      5C1E98C6 
 432 0b6f 07A2EC4C 		.ascii	"\007\242\354L\267\206G8\242\276\260\351\255\357@\364"
ARM GAS  C:\Users\Luczia\AppData\Local\Temp\ccGHOydk.s 			page 34


 432      B7864738 
 432      A2BEB0E9 
 432      ADEF40F4 
 433 0b7f 1E76C7FC 		.ascii	"\036v\307\374\230(\307\013ORK\301lw,$\365\177\233\320"
 433      9828C70B 
 433      4F524BC1 
 433      6C772C24 
 433      F57F9BD0 
 434 0b93 988812BB 		.ascii	"\230\210\022\273\224~\033\341\333\346\220?\337\265M"
 434      947E1BE1 
 434      DBE6903F 
 434      DFB54D
 435 0ba2 20986130 		.ascii	" \230a0\340\031\261x\341\227\366\367\302\243\035\272"
 435      E019B178 
 435      E197F6F7 
 435      C2A31DBA 
 436 0bb2 88C5E1CB 		.ascii	"\210\305\341\313\334\366\216K\262 X/\2659\301\313j\375"
 436      DCF68E4B 
 436      B220582F 
 436      B539C1CB 
 436      6AFD
 437 0bc4 6C794C84 		.ascii	"lyL\204\325\032\370Z\310\313/\033d\315\244\230v\201"
 437      D51AF85A 
 437      C8CB2F1B 
 437      64CDA498 
 437      7681
 438 0bd6 BC126252 		.ascii	"\274\022bR<q\235yE\037\032\272\3002G\374\320\242\233"
 438      3C719D79 
 438      451F1ABA 
 438      C03247FC 
 438      D0A29B
 439 0be9 BBE06D0B 		.ascii	"\273\340m\013\236\033j\321\2753w\221\005\207\206Z\260"
 439      9E1B6AD1 
 439      BD337791 
 439      0587865A 
 439      B0
 440 0bfa 05E46D8B 		.ascii	"\005\344m\213\005\177\2640\024\207~\260H\027\032:\317"
 440      057FB430 
 440      14877EB0 
 440      48171A3A 
 440      CF
 441 0c0b 42F121F4 		.ascii	"B\361!\364o0\236\367\256E\\\010+\347\317\263\350\026"
 441      6F309EF7 
 441      AE455C08 
 441      2BE7CFB3 
 441      E816
 442 0c1d 2E0074A8 		.ascii	".\000t\250%\004$\030\220\037[^\377i\265\265;\226\220"
 442      25042418 
 442      901F5B5E 
 442      FF69B5B5 
 442      3B9690
 443 0c30 068D5A02 		.ascii	"\006\215Z\002\321\232&\024\253\343\277\245\021b\015"
 443      D19A2614 
 443      ABE3BFA5 
 443      11620D
 444              		.text
 445              		.section	.gnu.lto_.symtab.803ee419,"",%progbits
ARM GAS  C:\Users\Luczia\AppData\Local\Temp\ccGHOydk.s 			page 35


 446 0000 7374496E 		.ascii	"stInit\000"
 446      697400
 447 0007 00       		.ascii	"\000"
 448 0008 00       		.ascii	"\000"
 449 0009 00       		.ascii	"\000"
 450 000a 00000000 		.ascii	"\000\000\000\000\000\000\000\000"
 450      00000000 
 451 0012 DB000000 		.ascii	"\333\000\000\000"
 452 0016 73745374 		.ascii	"stStartAlarm\000"
 452      61727441 
 452      6C61726D 
 452      00
 453 0023 00       		.ascii	"\000"
 454 0024 00       		.ascii	"\000"
 455 0025 00       		.ascii	"\000"
 456 0026 00000000 		.ascii	"\000\000\000\000\000\000\000\000"
 456      00000000 
 457 002e DD000000 		.ascii	"\335\000\000\000"
 458 0032 73745374 		.ascii	"stStopAlarm\000"
 458      6F70416C 
 458      61726D00 
 459 003e 00       		.ascii	"\000"
 460 003f 00       		.ascii	"\000"
 461 0040 00       		.ascii	"\000"
 462 0041 00000000 		.ascii	"\000\000\000\000\000\000\000\000"
 462      00000000 
 463 0049 DF000000 		.ascii	"\337\000\000\000"
 464 004d 73745365 		.ascii	"stSetAlarm\000"
 464      74416C61 
 464      726D00
 465 0058 00       		.ascii	"\000"
 466 0059 00       		.ascii	"\000"
 467 005a 00       		.ascii	"\000"
 468 005b 00000000 		.ascii	"\000\000\000\000\000\000\000\000"
 468      00000000 
 469 0063 E1000000 		.ascii	"\341\000\000\000"
 470 0067 73744765 		.ascii	"stGetAlarm\000"
 470      74416C61 
 470      726D00
 471 0072 00       		.ascii	"\000"
 472 0073 00       		.ascii	"\000"
 473 0074 00       		.ascii	"\000"
 474 0075 00000000 		.ascii	"\000\000\000\000\000\000\000\000"
 474      00000000 
 475 007d E3000000 		.ascii	"\343\000\000\000"
 476 0081 73745F6C 		.ascii	"st_lld_init\000"
 476      6C645F69 
 476      6E697400 
 477 008d 00       		.ascii	"\000"
 478 008e 02       		.ascii	"\002"
 479 008f 00       		.ascii	"\000"
 480 0090 00000000 		.ascii	"\000\000\000\000\000\000\000\000"
 480      00000000 
 481 0098 E5000000 		.ascii	"\345\000\000\000"
 482 009c 63685379 		.ascii	"chSysHalt\000"
 482      7348616C 
 482      7400
ARM GAS  C:\Users\Luczia\AppData\Local\Temp\ccGHOydk.s 			page 36


 483 00a6 00       		.ascii	"\000"
 484 00a7 02       		.ascii	"\002"
 485 00a8 00       		.ascii	"\000"
 486 00a9 00000000 		.ascii	"\000\000\000\000\000\000\000\000"
 486      00000000 
 487 00b1 F0000000 		.ascii	"\360\000\000\000"
 488              		.text
 489              		.section	.gnu.lto_.opts,"",%progbits
 490 0000 272D666D 		.ascii	"'-fmath-errno' '-fsigned-zeros' '-ftrapping-math' '"
 490      6174682D 
 490      6572726E 
 490      6F272027 
 490      2D667369 
 491 0033 2D666E6F 		.ascii	"-fno-trapv' '-fno-strict-overflow' '-fno-openmp' '-"
 491      2D747261 
 491      70762720 
 491      272D666E 
 491      6F2D7374 
 492 0066 666E6F2D 		.ascii	"fno-openacc' '-mcpu=cortex-m4' '-mthumb' '-O0' '-fo"
 492      6F70656E 
 492      61636327 
 492      20272D6D 
 492      6370753D 
 493 0099 6D69742D 		.ascii	"mit-frame-pointer' '-falign-functions=16' '-ffuncti"
 493      6672616D 
 493      652D706F 
 493      696E7465 
 493      72272027 
 494 00cc 6F6E2D73 		.ascii	"on-sections' '-fdata-sections' '-fno-common' '-flto"
 494      65637469 
 494      6F6E7327 
 494      20272D66 
 494      64617461 
 495 00ff 2700     		.ascii	"'\000"
 496              		.text
 497              		.comm	__gnu_lto_v1,1,1
 498              		.comm	__gnu_lto_slim,1,1
 499              		.ident	"GCC: (GNU Tools for Arm Embedded Processors 7-2017-q4-major) 7.2.1 20170904 (release) [ARM
ARM GAS  C:\Users\Luczia\AppData\Local\Temp\ccGHOydk.s 			page 37


DEFINED SYMBOLS
                            *ABS*:00000000 hal_st.c
                            *COM*:00000001 __gnu_lto_v1
                            *COM*:00000001 __gnu_lto_slim

NO UNDEFINED SYMBOLS
