ARM GAS  C:\Users\Luczia\AppData\Local\Temp\cczHf5Vc.s 			page 1


   1              		.cpu cortex-m4
   2              		.eabi_attribute 20, 1
   3              		.eabi_attribute 21, 1
   4              		.eabi_attribute 23, 3
   5              		.eabi_attribute 24, 1
   6              		.eabi_attribute 25, 1
   7              		.eabi_attribute 26, 1
   8              		.eabi_attribute 30, 6
   9              		.eabi_attribute 34, 1
  10              		.eabi_attribute 18, 4
  11              		.file	"hal_pal_lld.c"
  12              		.section	.gnu.lto_.inline.803ee7ac,"",%progbits
  13 0000 789C6363 		.ascii	"x\234cc``\320b@\000&\006\006f fbZ \317\300\002\3421"
  13      6060D062 
  13      40002606 
  13      06662066 
  13      625A20CF 
  14 0018 3030325C 		.ascii	"002\\a\270\014\222Z\302\370a\002\027L\224\001\000a\210"
  14      61B80C92 
  14      5AC2F861 
  14      02174C94 
  14      01006188 
  15 002c 04E0     		.ascii	"\004\340"
  16              		.text
  17              		.section	.gnu.lto__pal_lld_init.803ee7ac,"",%progbits
  18 0000 789C6363 		.ascii	"x\234cc``(\001b{ \026\005b\006f\006F&\006 fd\004r\030"
  18      60602801 
  18      627B2016 
  18      05620666 
  18      06462606 
  19 001a 19EA9918 		.ascii	"\031\352\231\030\353\031{\230\24703\036j\177\266\223"
  19      EB197B98 
  19      A730331E 
  19      6A7FB693 
  20 002a 49737903 		.ascii	"Isy\003\020\034\230>\211\255\255\241Ub\0163\003\303"
  20      101C983E 
  20      89ADADA1 
  20      55620E33 
  20      03C3
  21 003c 34660630 		.ascii	"4f\0060`\334\314\250\311\000T\366h\343\277\251\274l"
  21      60DCCCA8 
  21      C90054F6 
  21      68E3BFA9 
  21      BC6C
  22 004e 2C1071C6 		.ascii	",\020q\306-\214l\014 \203\326_b=\320\360\357\177{\303"
  22      2D8C6C0C 
  22      2083D65F 
  22      623DD0F0 
  22      EF7F7BC3 
  23 0062 812B8B19 		.ascii	"\201+\213\031\267\272\001m\350\000\353\353d\0062\231"
  23      B7BA016D 
  23      E800EBEB 
  23      64063299 
  24 0072 DF313629 		.ascii	"\33716)\200\225\202@\0073P\003P\324VOO\037\210\2223"
  24      80958240 
  24      07335003 
  24      50D4564F 
ARM GAS  C:\Users\Luczia\AppData\Local\Temp\cczHf5Vc.s 			page 2


  24      4F1F8892 
  25 0087 329332F3 		.ascii	"2\2232\363\213\015-\015\365\363\213\3653\022s\364\013"
  25      8B0D2D0D 
  25      F5F38BF5 
  25      331273F4 
  25      0B
  26 0098 F28B4A8A 		.ascii	"\362\213J\212\365\203C|\215\215\364}|\\\364\335\003"
  26      F583437C 
  26      8D8DF47D 
  26      7C5CF4DD 
  26      03
  27 00a9 3CFDCB8C 		.ascii	"<\375\313\214@R\361\005@\234\223\223\242\227\314\000"
  27      4052F105 
  27      409C9393 
  27      A297CC00 
  28 00b9 0073EE33 		.ascii	"\000s\3563\367"
  28      F7
  29              		.text
  30              		.section	.gnu.lto__pal_lld_setgroupmode.803ee7ac,"",%progbits
  31 0000 789CA557 		.ascii	"x\234\245W{TUe\026\377\366\371\316\275\347\276\270W"
  31      7B545565 
  31      16FFF6F9 
  31      CEBDE7BE 
  31      B857
  32 0012 4D0B9FA9 		.ascii	"M\013\237\251\211\204\017\256\240\225\263V\226=L\235"
  32      89840FAE 
  32      A095B356 
  32      963D4C9D 
  33 0022 D5AC6616 		.ascii	"\325\254f\026\276\346\237\312\322Y\272\006\006\0260"
  33      BEE69FCA 
  33      D259BA06 
  33      061630
  34 0031 AE5AABD5 		.ascii	"\256Z\253\325\\\005/a\231\366PV\327[C\201\211kV\251"
  34      5C052F61 
  34      99F65056 
  34      D75B4381 
  34      896B56A9 
  35 0045 2B1A047A 		.ascii	"+\032\004z\020\250\011\023:\030c\201iX#\006\211\"\341"
  35      10A80913 
  35      3A186381 
  35      69582306 
  35      8922E1
  36 0058 03E5317B 		.ascii	"\003\3451{\177\3379\034\356\345N.\026wq~\236\263\317"
  36      7FDF391C 
  36      EEE54E2E 
  36      1677717E 
  36      9EB3CF
  37 006b FEEDBD7F 		.ascii	"\376\355\275\177\373{\234O+c\254q$c\331\370o\036^l\004"
  37      FB7B9C4F 
  37      2B63AC71 
  37      2463D9F8 
  37      6F1E5E6C 
  38 0080 0385E105 		.ascii	"\003\205\341\005\034\221+*c>\305\205\240\252\212\205"
  38      1C912B2A 
  38      633EC585 
  38      A0AA8A85 
  39 0090 EEED746F 		.ascii	"\356\355toQ\254t\257\321\275\025l\350\251\011\264\001"
ARM GAS  C:\Users\Luczia\AppData\Local\Temp\cczHf5Vc.s 			page 3


  39      51AC74AF 
  39      D1BD156C 
  39      E8A909B4 
  39      01
  40 00a1 BA825D71 		.ascii	"\272\202]q\320['\275u\010\213S\240K\211\"\273\233\354"
  40      D05B27BD 
  40      75088B53 
  40      A04B8922 
  40      BB9BEC
  41 00b4 51E0418B 		.ascii	"Q\340A\213[d\361\000`b`\177S\270j\261j6\273\303\351"
  41      5B64F100 
  41      6062607F 
  41      53B86AB1 
  41      6A36BBC3 
  42 00c9 8A727B00 		.ascii	"\212r{\000\237\231\376{\205\277\311\2412\247\271T\211"
  42      9F99FE7B 
  42      85BFC9A1 
  42      32A7B954 
  42      89
  43 00da DBE3C35F 		.ascii	"\333\343\303_E^\207\325\357\333\034\035D\217\235\272"
  43      455E87D5 
  43      EFDB1C1D 
  43      448F9DBA 
  44 00ea 177C0471 		.ascii	"\027|\004q\350U\227\275?\310_\346A\016\240\342\343\345"
  44      E85597BD 
  44      3FC85FE6 
  44      410EA0E2 
  44      E3E5
  45 00fc DAC08F6E 		.ascii	"\332\300\217nzT`2>V\035\353;\350\340\013\201\341}\317"
  45      7A546032 
  45      3E561DEB 
  45      3BE8E00B 
  45      81E17DCF 
  46 0110 91ABCDB6 		.ascii	"\221\253\315\266\330\335>\337&_Ew!\367M\013r\016\377"
  46      D8DD3EDF 
  46      265F4577 
  46      21F74D0B 
  46      720EFF
  47 0123 048E01E1 		.ascii	"\004\216\001\341c\230\000\3050\201\241\211A\011\304"
  47      639800C5 
  47      3081A189 
  47      4109C4
  48 0132 A27BDFFB 		.ascii	"\242{\337\373\373sm|\221\240~\263''\340\320\251'w\215"
  48      FB736D7C 
  48      91A07EB3 
  48      2727E0D0 
  48      A927778D 
  49 0146 DA9DE55B 		.ascii	"\332\235\345[\022\344*\034\014'\253\014J\005\371\227"
  49      12E42A1C 
  49      0C27AB0C 
  49      4A05F997 
  50 0156 8F76BFE1 		.ascii	"\217v\277\341\344\277\025\3443\027\213w\031\3443\273"
  50      E4BF15E4 
  50      33178B77 
  50      19E433BB 
  51 0166 C6150AB2 		.ascii	"\306\025\012\262\005\312\302\311\026\006\345\020K\214"
  51      05CAC2C9 
ARM GAS  C:\Users\Luczia\AppData\Local\Temp\cczHf5Vc.s 			page 4


  51      1606E510 
  51      4B8C
  52 0174 5736EE6D 		.ascii	"W6\356m\342\374\011\301>\333\336~\320\021S S\007\243"
  52      E2FC09C1 
  52      3EDBDE7E 
  52      D0115320 
  52      5307A3
  53 0187 DFCDF21D 		.ascii	"\337\315\362\035\365\251An\205OB\371\364C\367\275}\307"
  53      F5A9416E 
  53      854F42F9 
  53      F443F7BD 
  53      7DC7
  54 0199 5FB7F124 		.ascii	"_\267\361$A}u\333k\371\036\235Z3!\340\253\310\236L\304"
  54      417D75DB 
  54      6BF91E9D 
  54      5A3321E0 
  54      ABC89E4C 
  55 01ae CF22122F 		.ascii	"\317\"\022/\275q\270V\341\253\0041\257\255\350\262S"
  55      BD71B856 
  55      E1AB0431 
  55      AFADE8B2 
  55      53
  56 01bf 27569AC4 		.ascii	"'V\232\304\212\210\304\346o\263\336\262\362'\005\261"
  56      8A88C4E6 
  56      6FB3DEB2 
  56      F22705B1 
  57 01cf F168D179 		.ascii	"\361h\321y\267N\2741\276\237X\031\221\270\275\247\301"
  57      B74EBC31 
  57      BE9F5819 
  57      91B8BDA7 
  57      C1
  58 01e0 67E57F12 		.ascii	"g\345\177\022\304c\3377\007A'v\230\304C\021\211[/]\177"
  58      C463DF37 
  58      07412776 
  58      98C44311 
  58      895B2F5D 
  59 01f5 57E52982 		.ascii	"W\345)\202\270w\373\226\233v\235\330j\022\217D$\376"
  59      B877FB96 
  59      9B769DD8 
  59      6A128F44 
  59      24FE
  60 0207 70A07747 		.ascii	"p\240wG\224U\205/!\006\016\343U\205\327\027x}\216\327"
  60      9455852F 
  60      21060EE3 
  60      5585D717 
  60      787D8ED7 
  61 021b A71023A7 		.ascii	"\247\020#\247\026\034\005+\320 \234\315\337c\347\031"
  61      161C052B 
  61      D0209CCD 
  61      DF63E719 
  62 022b 224BF0B3 		.ascii	"\"K\360\263\335\365\212\236\345bpta\377 TG.\360\347"
  62      DDF58A9E 
  62      E5627074 
  62      61FF2054 
  62      472EF0E7 
  63 023f 6D2F03DF 		.ascii	"m/\003\337 \250\347n^\331n\214_g\001\367\025\372\024"
  63      20A8E76E 
ARM GAS  C:\Users\Luczia\AppData\Local\Temp\cczHf5Vc.s 			page 5


  63      5ED96E8C 
  63      5F6701F7 
  63      15FA14
  64 0252 22FE2B22 		.ascii	"\"\376+\"qGK\363\001\225?/\210\333\216\372\317\033\203"
  64      71474BF3 
  64      01953F2F 
  64      88DB8EFA 
  64      CF1B83
  65 0265 506F126B 		.ascii	"Po\022k#\022{Z\016\374\303\301_\020\304Ok:s\214b\017"
  65      23127B5A 
  65      0EFCC3C1 
  65      5F10C44F 
  65      6B3A738C 
  66 027b BDD74F3C 		.ascii	"\275\327O<\376\253-\3717\266\340\030^_\341U\203\255"
  66      FEAB2DF9 
  66      37B6E018 
  66      5E5FE155 
  66      83AD
  67 028d A02E602F 		.ascii	"\240.`/\352\260\027\2149\376_\307\302i\373NX*|\275}"
  67      EAB0178C 
  67      39FE5FC7 
  67      C269FB4E 
  67      582A7CBD 
  68 02a2 3938D1C7 		.ascii	"98\321\307\237*\256\035\365G\300y\255)\004\234@%\260"
  68      9F2AAE1D 
  68      F547C079 
  68      AD29049C 
  68      4025B0
  69 02b5 10580934 		.ascii	"\020X\0114\002\033\202\315Nw\016\272s\322\235\213 \212"
  69      021B82CD 
  69      4E770EBA 
  69      73D29D8B 
  69      208A
  70 02c7 1EDD74E7 		.ascii	"\036\335t\347!\030A0\222`\024\301m\004\243\011\306\020"
  70      21184130 
  70      926014C1 
  70      6D04A309 
  70      C610
  71 02d9 DC4E7007 		.ascii	"\334Np\007A4\301X\202q\004\343\011hyi\023\011&\021\334"
  71      4134C158 
  71      827104E3 
  71      09687969 
  71      13092611 
  72 02ee 49309960 		.ascii	"I0\231`\012\301T\202\273\010\246\021\304\020L'\210%"
  72      0AC15482 
  72      BB08A611 
  72      C4104C27 
  72      8825
  73 0300 B89B208E 		.ascii	"\270\233 \216`\006\301L\202Y\004\263\011\342\011\274"
  73      6006C14C 
  73      825904B3 
  73      09E209BC 
  74 0310 04730812 		.ascii	"\004s\010\022\010\022\011\346\212\255`\036\243\326\335"
  74      081209E6 
  74      8AAD601E 
  74      A3D6DD
  75 031f C3A879F7 		.ascii	"\303\250y\3672j\337}\214\0328\237Q\373\356\007Z\361"
ARM GAS  C:\Users\Luczia\AppData\Local\Temp\cczHf5Vc.s 			page 6


  75      326ADF7D 
  75      8C1A389F 
  75      51FBEE07 
  75      5AF1
  76 0331 0B84CF03 		.ascii	"\013\204\317\003\302\347A\341\263P\370<\304\250\315"
  76      C2E741E1 
  76      B350F83C 
  76      C4A8CD
  77 0340 0F0BCF47 		.ascii	"\017\013\317G\200\242-b\324\360\307\030\265|1\243\246"
  77      80A22D62 
  77      D4F0C718 
  77      B57C31A3 
  77      A6
  78 0351 2F61D4F6 		.ascii	"/a\324\366\245@{V\222\310\270L\304Y.\342\254\020qV\212"
  78      A5407B56 
  78      92C8B84C 
  78      C4592EE2 
  78      AC107156 
  79 0366 F8AB441C 		.ascii	"\370\253D\034\306^\022\333g.\307]\237\267BV\267\377"
  79      C65E12DB 
  79      672EC75D 
  79      9FB74256 
  79      B7FF
  80 0378 74491A0D 		.ascii	"tI\032\015v\200/\010\360\373i\333\355\330\277\307E;"
  80      76802F08 
  80      F0FB69DB 
  80      EDD8BFC7 
  80      453B
  81 038a A8061C4E 		.ascii	"\250\006\034N\340LA\257\016\177[\311~.\335@\272\035"
  81      E04C41AF 
  81      0E7F5BC9 
  81      7E2EDD40 
  81      BA1D
  82 039c EEBB56E1 		.ascii	"\356\273V\341!7\033~<\276\226n\335\376j\335\351\001"
  82      21371B7E 
  82      3CBE966E 
  82      DDFE6ADD 
  82      E901
  83 03ae F443A7E2 		.ascii	"\364C\247\342C_\372m2\026@\275\021\253\247\244XwS0\026"
  83      435FFA6D 
  83      321640BD 
  83      11ABA7A4 
  83      58775330 
  84 03c3 CC0AE33E 		.ascii	"\314\012\343>\210v3\361\326R#1\227\211\253\013\313\272"
  84      887633F1 
  84      D6522331 
  84      9789AB0B 
  84      CBBA
  85 03d5 5D32B105 		.ascii	"]2\261\005\376\023\236x!\372\231\344\267K\233t\273*"
  85      FE139E78 
  85      21FA99E4 
  85      B74B9B74 
  85      BB2A
  86 03e7 C99D5B36 		.ascii	"\311\235[6_\343\222\254\301\311p\362C\350\207N\037v"
  86      5FE392AC 
  86      C1C970F2 
  86      43E8874E 
ARM GAS  C:\Users\Luczia\AppData\Local\Temp\cczHf5Vc.s 			page 7


  86      1F76
  87 03f9 747E6895 		.ascii	"t~h\225U{\340\033\341\264\251\263\250Fwz\030=vn\256"
  87      557BE01B 
  87      E1B4A9B3 
  87      A846777A 
  87      183D766E 
  88 040e 3CAE9107 		.ascii	"<\256\221\007\256\016\370V\254\246\\\374r\350\035\255"
  88      AE0EF856 
  88      ACA65CFC 
  88      72E81DAD 
  89 041e 2D7D41BA 		.ascii	"-}A\272Z\002|\256\220}\016\262OU\035\002\335\212\001"
  89      5A027CAE 
  89      907D0EB2 
  89      4F551D02 
  89      DD8A01
  90 0431 F65D28ED 		.ascii	"\366](\355\212\222)\0304\310\345x\025\346\006\370#\012"
  90      8A922918 
  90      34C8E578 
  90      15E606F8 
  90      230A
  91 0443 0BF02477 		.ascii	"\013\360$w\331{up\025\346\341\240(e\227\232\260\345"
  91      D97B7570 
  91      15E6E1A0 
  91      2865979A 
  91      B0E5
  92 0455 2BDD370A 		.ascii	"+\3357\012\032\320t\017\366Vi\024\246e\356-\005h\271"
  92      1AD0740F 
  92      F6566914 
  92      A665EE2D 
  92      0568B9
  93 0468 173BA6B4 		.ascii	"\027;\246\264\246\006\370rwYA\013\032\356\303.(\201"
  93      A606F872 
  93      7759410B 
  93      1AEEC32E 
  93      2881
  94 047a 0E7259E1 		.ascii	"\016rY\341n\024\254\371X\266\322(L\253\334\201\367\277"
  94      6E14ACF9 
  94      58B6D228 
  94      4CABDC81 
  94      F7BF
  95 048c 002C5735 		.ascii	"\000,W5\312\355)\315Wh\241\0078\376\315\037\330$\015"
  95      CAED29CD 
  95      5768A107 
  95      38FECD1F 
  95      D8240D
  96 049f 9BD4289B 		.ascii	"\233\324(\233\024\3607\330\245\223\206~\003\277\273"
  96      14F037D8 
  96      A593867E 
  96      03BFBB
  97 04ae 1AA8704A 		.ascii	"\032\250pJ:\265\373s-\322i\221h\246&\215[\313\237\223"
  97      3AB5FB73 
  97      2DD26991 
  97      68A6268D 
  97      5BCB9F93 
  98 04c2 561BCC9C 		.ascii	"V\033\314\234\200)\250\237\0359{\2714>\206v\231\341"
  98      8029A89F 
  98      1D397BB9 
ARM GAS  C:\Users\Luczia\AppData\Local\Temp\cczHf5Vc.s 			page 8


  98      343E8676 
  98      99E1
  99 04d4 EDF28320 		.ascii	"\355\362\203 mvYH\377\034\323p\216}g\344h\321\211\016"
  99      6D765948 
  99      FF1CD370 
  99      8E7D67E4 
  99      68D1890E 
 100 04e8 9C39E81A 		.ascii	"\2349\350\032\032m1\332\345\240~P\336\244Gsb\264\001"
 100      1A6D31DA 
 100      E5A07E50 
 100      DEA44773 
 100      62B401
 101 04fb 3A346975 		.ascii	":4iu\341\013\263\360.\235\0375p\374m8\376\247\001\223"
 101      E10BB3F0 
 101      2E9D1F35 
 101      70FC6D38 
 101      FEA70193 
 102 050f B842932C 		.ascii	"\270B\223,A?\264T\226\265\234\312\362H\223{\340\254"
 102      413FB454 
 102      96B59CCA 
 102      F248937B 
 102      E0AC
 103 0521 E0621FFE 		.ascii	"\340b\037\376\244\262\366\2105\037\336\331\210\007\030"
 103      A4B2F688 
 103      351FDED9 
 103      880718
 104 0530 FC28A1A6 		.ascii	"\374(\241\246\245p\206\206\032\337\235,)+\211\362~\340"
 104      A5708686 
 104      1ADF9D2C 
 104      292B89F2 
 104      7EE0
 105 0542 CBDE48AF 		.ascii	"\313\336H\257\034\360=\344\303\016\2612\241\011\274"
 105      1CF03DE4 
 105      C30EB132 
 105      A109BC
 106 0551 94ADD7DF 		.ascii	"\224\255\327\337\2457\334\203=\222\222\214!\030\201"
 106      A537DC83 
 106      3D92928C 
 106      211881
 107 0560 F9D04EC6 		.ascii	"\371\320N\306\353\376j\2474\216\014p\234\034#\250\256"
 107      EBFE6AA7 
 107      348E0C70 
 107      9C1C23A8 
 107      AE
 108 0571 FA2D0D62 		.ascii	"\372-\015b\034\302\212\310\377\013\273E\031g\3152~\000"
 108      1CC28AC8 
 108      FF0BBB45 
 108      1967CD32 
 108      7E00
 109 0583 2FC6942A 		.ascii	"/\306\224*\2773T\216\032\242\254\037E<q\334\373\257"
 109      BF33548E 
 109      1AA2AC1F 
 109      453C71DC 
 109      FBAF
 110 0595 212B57AF 		.ascii	"!+W\257\3676\034,)\253E\2275\032\023\240]\312j\320\335"
 110      F7361C2C 
 110      29AB4597 
ARM GAS  C:\Users\Luczia\AppData\Local\Temp\cczHf5Vc.s 			page 9


 110      351A13A0 
 110      5DCA6AD0 
 111 05aa C60438CE 		.ascii	"\306\0048\316\360\321\303\222u\316,\243\231d\215\221"
 111      F0D1C392 
 111      75CE2CA3 
 111      99648D91 
 112 05ba B24E1BB2 		.ascii	"\262N\033\262n\037\242\254\363\"\236B\361~2d\031\"\356"
 112      6E1FA2AC 
 112      F3229E42 
 112      F17E3264 
 112      1922EE
 113 05cd E89755AD 		.ascii	"\350\227U\255[\2421\001\332\245\254R]\326\330\000\307"
 113      5BA23101 
 113      DAA5AC52 
 113      5DD6D800 
 113      C7
 114 05de 751A3D2C 		.ascii	"u\032=,Y-f\031\255$k\254\314\333V^\250O\374q\264\275"
 114      592D6619 
 114      AD246BAC 
 114      CCDB565E 
 114      A84FFC71 
 115 05f4 9E90FB4F 		.ascii	"\236\220\373OcU\275a\025KI~\005\360\214\317\361\345"
 115      6355BD61 
 115      154B497E 
 115      05F08CCF 
 115      F1E5
 116 0606 F1AA63EF 		.ascii	"\361\252c\357\314\227oi\335U\327\344\025\271\344\366"
 116      CC976F69 
 116      DD55D7E4 
 116      15B9E4F6 
 117 0616 A6C1CFFD 		.ascii	"\246\301\317\375\316V\261c`\343Z\013\364\306\215\037"
 117      CE56B163 
 117      60E35A0B 
 117      F4C68D1F 
 118 0626 62E32E88 		.ascii	"b\343.\210\212\305)\253-\274q\270\314\226\2046n\"&@"
 118      8AC529AB 
 118      2DBC71B8 
 118      CC968436 
 118      6E222640 
 119 063a 7B68E326 		.ascii	"{h\343&\211\315e\242l\\K\304\306\275x\253\306]4\313"
 119      89CD65A2 
 119      6C5C4BC4 
 119      C6BD78AB 
 119      C65D34CB 
 120 064e B8448D9B 		.ascii	"\270D\215\233$\344i\206\274\013\206\274;\207(\257]\304"
 120      24E46986 
 120      BC0B86BC 
 120      3B8728AF 
 120      5DC4
 121 0660 5529EEE5 		.ascii	"U)\356\345py\223\007\311\233\202\011\320\036*o\252\220"
 121      70799307 
 121      C99B8209 
 121      D01E2A6F 
 121      AA90
 122 0672 376558F2 		.ascii	"7eX\362:\3142~!yS\205<\233!\257\255J\227w\327\020\345"
 122      3ACC327E 
 122      21795385 
ARM GAS  C:\Users\Luczia\AppData\Local\Temp\cczHf5Vc.s 			page 10


 122      3C9B21AF 
 122      AD4A9777 
 123 0689 758AB816 		.ascii	"u\212\270\026\212{%|5O\033\264\232c0\001\332CW\363\364"
 123      8A7B257C 
 123      354F1BB4 
 123      9A633001 
 123      DA4357F3 
 124 069e 00C78F5A 		.ascii	"\000\307\217Z\214\224\327\025Q\336\206[\311\273j\226"
 124      8C94D715 
 124      51DE865B 
 124      C9BB6A96 
 125 06ae 718DE44D 		.ascii	"q\215\344M\027\362\354\206\274\033\206\274\330!\312"
 125      17F2EC86 
 125      BC1B86BC 
 125      D821CA
 126 06bd BB6EC6ED 		.ascii	"\273n\306\355\012\227w\367 yq\230\000\355\241\362f\010"
 126      0A9777F7 
 126      20797198 
 126      00EDA1F2 
 126      6608
 127 06cf 7971C392 		.ascii	"yq\303\222w\303,\343&\311\233\301\304\002=\363wc\201"
 127      77C32CE3 
 127      26C99BC1 
 127      C4023DF3 
 127      776381
 128 06e2 0E58910E 		.ascii	"\016X\221\016Ct\2671eg\016Qt\267\271\024z\302\247\354"
 128      4374B731 
 128      65670E51 
 128      74B7B914 
 128      7AC2A7EC 
 129 06f6 AC415376 		.ascii	"\254ASv6&@{\350\224\215\027Sv\366\260\246l\257YF\037"
 129      3626407B 
 129      E8948D17 
 129      5376F6B0 
 129      A66CAF59 
 130 070c 898E17F2 		.ascii	"\211\216\027\362\234\206\274^C\236w\210\362|J\377R\330"
 130      9C86BC5E 
 130      439E7788 
 130      F27C4AFF 
 130      52D8
 131 071e A884C99B 		.ascii	"\250\204\311\2333H^\002&@{\250\274D!/aX\3626\231ed)"
 131      33485E02 
 131      26407BA8 
 131      BC44212F 
 131      6158F236 
 132 0736 982251C8 		.ascii	"\230\"Q\310s\311\023\030\036S\353\326\311\243a\022\035"
 132      73C91318 
 132      1E53EBD6 
 132      C9A36112 
 132      1D
 133 0747 1867EAFB 		.ascii	"\030g\352\373\365\311\2429\272u\340\331B\305\003c\266"
 133      F5C9A239 
 133      BA75E0D9 
 133      42C50363 
 133      B6
 134 0758 2227C04B 		.ascii	"\"'\300Kx\014a<\227\273e\240v\177m\235~\226_\206\207"
 134      780C613C 
ARM GAS  C:\Users\Luczia\AppData\Local\Temp\cczHf5Vc.s 			page 11


 134      97BB65A0 
 134      767F6D9D 
 134      7E965F86 
 135 076d 010A24AC 		.ascii	"\001\012$\254\247\3532\245u9~K\215\263z\273\277\255"
 135      A7EB32A5 
 135      75397E4B 
 135      8DB37ABB 
 135      BFAD
 136 077f 2E599A57 		.ascii	".Y\232W\340\267\3104_\371\203\264\256\304\271lXw\372"
 136      E0B7C834 
 136      5FF983B4 
 136      AEC4B96C 
 136      5877FA
 137 0792 B77EFDB4 		.ascii	"\267~\375\2644\257\222\237\210\217s\276:\340\220\237"
 137      34AF929F 
 137      888F73BE 
 137      3AE0909F 
 138 07a2 0880CD8A 		.ascii	"\010\200\315\212<\001{\260\216\237\000X\036\016\344"
 138      3C017BB0 
 138      8E9F0058 
 138      1E0EE4
 139 07b1 45D894BF 		.ascii	"E\330\224\277\357MM\376?R\324\212\337_\374V-\210\217"
 139      EF4D4DFE 
 139      3F52D48A 
 139      DF5FFC56 
 139      2D888F
 140 07c4 F7E2DFB3 		.ascii	"\367\342\337\263\353\326?\263>5#\341"
 140      EBD63FB3 
 140      3E3523E1 
 141 07d0 3709DED4 		.ascii	"7\011\336\324\014\357\272\325\311\336\264\324\364\314"
 141      0CEFBAD5 
 141      C9DEB4D4 
 141      F4CC
 142 07de 0C6FD2B2 		.ascii	"\014o\322\262\337\315M\364>\376\370\243\336\305\277"
 142      DFCD4DF4 
 142      3EFEF8A3 
 142      DEC5BF
 143 07ed 5FFAC486 		.ascii	"_\372\304\206Dz\365T\032^\311\311k\342\237e*y\251)\253"
 143      447AF554 
 143      1A5EC9C9 
 143      6BE29F65 
 143      2A79A929 
 144 0802 33FEACA6 		.ascii	"3\376\254\246\244\256Y\313\237Y\237\251\256N\316L\267"
 144      A4AE59CB 
 144      9F599FA9 
 144      AE4ECE4C 
 144      B7
 145 0813 A4FD356D 		.ascii	"\244\3755mM\272\226\232\221\266v\355\232tkj\346\363"
 145      4DBA969A 
 145      91B676ED 
 145      9A746B6A 
 145      E6F3
 146 0825 696BD32D 		.ascii	"ik\323-\344\222\256\244\314SR\022\225\224\004\0339\022"
 146      E492AEA4 
 146      CC535212 
 146      9594041B 
 146      3912
ARM GAS  C:\Users\Luczia\AppData\Local\Temp\cczHf5Vc.s 			page 12


 147 0837 F57FEA4C 		.ascii	"\365\177\352L\304\026"
 147      C416
 148              		.text
 149              		.section	.gnu.lto_.symbol_nodes.803ee7ac,"",%progbits
 150 0000 789C6363 		.ascii	"x\234cc``P\003b\006\246\023L\365\014\014\023\31610\000"
 150      60605003 
 150      6206A613 
 150      4CF50C0C 
 150      13CE3130 
 151 0015 A95D8D8E 		.ascii	"\251]\215\216@\221\223L\365\214(\"\014\000\302_\011"
 151      4091934C 
 151      F58C2822 
 151      0C00C25F 
 151      09
 152 0026 77       		.ascii	"w"
 153              		.text
 154              		.section	.gnu.lto_.refs.803ee7ac,"",%progbits
 155 0000 789C6363 		.ascii	"x\234cc```\004b\006\000\000D\000\010"
 155      60606004 
 155      62060000 
 155      440008
 156              		.text
 157              		.section	.gnu.lto_.decls.803ee7ac,"",%progbits
 158 0000 789CAD56 		.ascii	"x\234\255V{PTU\030\277\337=\273\270\\\026p\200\032'"
 158      7B505455 
 158      18BFDF3D 
 158      BBB85C16 
 158      70801A27 
 159 0014 FD83B11D 		.ascii	"\375\203\261\035\334\177\002\241\246\327XS\011i\223"
 159      DC7F02A1 
 159      A6D75853 
 159      096993
 160 0023 05B3D634 		.ascii	"\005\263\3264\325\316l\310\256\272\023\260\344^j\374"
 160      D5CE6CC8 
 160      AEBA13B0 
 160      E45E6AFC 
 161 0033 EFC252E2 		.ascii	"\357\302R\342\243\024\242\022\320B\311&\324\320&\314"
 161      A314A212 
 161      D042C926 
 161      D4D026CC 
 162 0043 0CD31541 		.ascii	"\014\323\025AI\301\220|\245\211\370@|\013Z\010\210\322"
 162      49C1907C 
 162      A589F840 
 162      7C0B5A08 
 162      88D2
 163 0055 77CEB9BB 		.ascii	"w\316\271\273\367\202\354L\2573|\354=\347\374\316\367"
 163      F782EC4C 
 163      AF337CEC 
 163      3DE7FCCE 
 163      F7
 164 0066 FB5EE711 		.ascii	"\373^\347\021&\010\302\256\010A\360\211\202\340\307"
 164      2608C2AE 
 164      0841F089 
 164      82E0C7
 165 0075 EF616C84 		.ascii	"\357al\204\216\011Z\303)\241\036E\002\341\236\366\036"
 165      8E095AC3 
 165      29A11E45 
ARM GAS  C:\Users\Luczia\AppData\Local\Temp\cczHf5Vc.s 			page 13


 165      02E19EF6 
 165      1E
 166 0086 8ED1E1B7 		.ascii	"\216\321\341\267\324>\250\330\321\355>T\022\241\342"
 166      D43EA8D8 
 166      D1ED3E54 
 166      12A1E2
 167 0095 6250E250 		.ascii	"bP\342P\302\020\334\202\277\315(M(SP\336@!8~\220\316"
 167      C210DC82 
 167      BFCD284D 
 167      285350DE 
 167      4021387E 
 168 00ab A3FC496D 		.ascii	"\243\374ImB\351G\271\215r\027\345\216\312#\251\334\021"
 168      42E947B9 
 168      8D7217E5 
 168      8ECA23A9 
 168      DC11
 169 00bd A3EC2A23 		.ascii	"\243\354*#\260\241\364\354g\206Sp\222\316\300x\000\025"
 169      B0A1F4EC 
 169      67865370 
 169      92CEC078 
 169      0015
 170 00cf A96FA07A 		.ascii	"\251o\240z\313\032\235\347\000\021\002\223\034u\257"
 170      CB1A9DE7 
 170      00110293 
 170      1C75AF
 171 00de CF2A1645 		.ascii	"\317*\026E\0244\254\266B\247U\267\030X\023\230)z[\230"
 171      1434ACB6 
 171      42A755B7 
 171      18581398 
 171      297A5B98 
 172 00f2 65AA79A0 		.ascii	"e\252y\240\321C\020\023\300\353\264Bp\321\030\031\301"
 172      D1431013 
 172      C0EBB442 
 172      70D11819 
 172      C1
 173 0103 F8A94138 		.ascii	"\370\251A8|eY\255\271\023:\020\372\272 \2540\345\000"
 173      7C6559AD 
 173      B9133A10 
 173      FABA20AC 
 173      30E500
 174 0116 1D5DBFB1 		.ascii	"\035]\277\261\274+\234\210\354{c\307\331\322h2\236}"
 174      BC2B9C88 
 174      EC7B63C7 
 174      D9D26832 
 174      9E7D
 175 0128 2F3F3D50 		.ascii	"/?=P\022\225\270Q\341\315\264\232\010\360=\220@@\233"
 175      1295B851 
 175      E1CDB49A 
 175      08F03D90 
 175      40409B
 176 013b 866FF9A3 		.ascii	"\206o\371\243\227\022\210\221@\304n{O\313\352\010\354"
 176      97128891 
 176      40C46E7B 
 176      4FCBEA08 
 176      EC
 177 014c C649309E 		.ascii	"\306I0\236\352Y6\\f\234\360)]\270\302\247\214\027\341"
 177      EA59365C 
ARM GAS  C:\Users\Luczia\AppData\Local\Temp\cczHf5Vc.s 			page 14


 177      669CF029 
 177      5DB8C2A7 
 177      8C17E1
 178 015f ADFB611B 		.ascii	"\255\373a\033L\202\037`\022\032\371#L\300\377\271\006"
 178      4C821F60 
 178      121AF923 
 178      4CC0FFB9 
 178      06
 179 0170 AEA9ED98 		.ascii	"\256\251\355\230\357\223\250\311UJ\225_\361\337\252"
 179      EF93A8C9 
 179      554A955F 
 179      F1DFAA
 180 017f B0AC6CF9 		.ascii	"\260\254l\371@i\303u\3170\034l\001\002[!\221\372\274"
 180      4069C375 
 180      CF301C6C 
 180      01025B21 
 180      91FABC
 181 0192 85B2431D 		.ascii	"\205\262C\035t\002|\007\247\320\211z\230\214\353\257"
 181      74027C07 
 181      A7D0897A 
 181      988CEBAF 
 182 01a2 AEF37D1C 		.ascii	"\256\363}\034M\312\200\031}\262\271f\003A;\246H@C\023"
 182      4DCA8019 
 182      7DB2B966 
 182      03413BA6 
 182      48404313 
 183 01b6 8D439BAE 		.ascii	"\215C\233\256l\033\210\344C\024\321\276\374\306\227"
 183      6C1B88E4 
 183      4314D1BE 
 183      FCC697
 184 01c5 E3C87A0E 		.ascii	"\343\310z\016?X\264y\025\341^\030\260\333\333Zq6\212"
 184      3F58B479 
 184      15E15E18 
 184      B0DBDB5A 
 184      71368A
 185 01d8 7B115F46 		.ascii	"{\021_F\304S\277\335\376=\012$k\261\242\024*U>%|\246"
 185      C453BFDD 
 185      FE3D0A24 
 185      6BB1A214 
 185      2A553E25 
 186 01ee 00BBD00B 		.ascii	"\000\273\320\013?z\001\273\301JUR\333`\007\016\376\204"
 186      3F7A01BB 
 186      C14A5552 
 186      DB60070E 
 186      FE84
 187 0200 835F5187 		.ascii	"\203_Q\207\375\327k\237.\277\241(\361\320\000\022\354"
 187      FDD76B9F 
 187      2EBFA128 
 187      F1D00012 
 187      EC
 188 0211 D4EC9F22 		.ascii	"\324\354\237\"q\207k\276,Y\033FV\261\210\213\365\225"
 188      71876BBE 
 188      2C591B46 
 188      56B1888B 
 188      F595
 189 0223 5D4D6228 		.ascii	"]Mb(\216=\2419Z&\357y_QDhB\216F\215\003)9\311\372\326"
 189      8E3DA139 
ARM GAS  C:\Users\Luczia\AppData\Local\Temp\cczHf5Vc.s 			page 15


 189      5A26EF79 
 189      5F514468 
 189      428E468D 
 190 023d 9A210329 		.ascii	"\232!\003) \214\244\257\261\273\332\024\212\344\347"
 190      208CA4AF 
 190      B1BBDA14 
 190      8AE4E7
 191 024c 9024472F 		.ascii	"\220$G/N\373\341\020u\244\031I\366j$M\001\222\255\315"
 191      4EFBE110 
 191      75A41949 
 191      F66A244D 
 191      0192ADCD 
 192 0260 3B8B2503 		.ascii	";\213%\003V=C`Bq\254\250\261\257$\2224s\342\363\003"
 192      563D4360 
 192      4271ACA8 
 192      B1AF2492 
 192      3473E2F3 
 193 0275 457511A1 		.ascii	"Eu\021\241\210[C\022\267?\216\005\007-\250s\377\030"
 193      885B4312 
 193      B73F8E05 
 193      072DA873 
 193      FF18
 194 0287 ACC3E51F 		.ascii	"\254\303\345\037U\2071V\212\330\007\2146\220\272\030"
 194      55873156 
 194      8AD8078C 
 194      3690BA18 
 195 0297 963AD83C 		.ascii	"\226:\330<\\\326\031I\0163+`e\373\267i\022\232\340\373"
 195      5CD61949 
 195      0E332B60 
 195      65FBB769 
 195      129AE0FB 
 196 02ab 5B01C605 		.ascii	"[\001\306\005\327\212\272:#\270\262\011\330=SX\327\034"
 196      D78ABA3A 
 196      23B8B209 
 196      D83D5358 
 196      D71C
 197 02bd 498E7365 		.ascii	"I\216se\037\22654\030H'\357T\227\227,2\222.\336\251"
 197      1F963534 
 197      184827EF 
 197      5497972C 
 197      32922EDE 
 198 02d2 295DB159 		.ascii	")]\261Y\"\335*\347\372\243\203\341\344\"\357\254\033"
 198      22DD2AE7 
 198      FAA383E1 
 198      E422EFAC 
 198      1B
 199 02e3 BCDD43CB 		.ascii	"\274\335C\313,\201V%\321\325d\002\257\311\235\373\177"
 199      2C815625 
 199      D1D56402 
 199      AFC99DFB 
 199      7F
 200 02f4 FECA4CAE 		.ascii	"\376\312L\256\363\230\325V\014\015E\007b\206\273\307"
 200      F398D556 
 200      0C0D4507 
 200      6286BBC7 
 201 0304 6815827B 		.ascii	"h\025\202{\007~G\203\023T\203\177\303\301c\272\252K"
 201      077E4783 
ARM GAS  C:\Users\Luczia\AppData\Local\Temp\cczHf5Vc.s 			page 16


 201      1354837F 
 201      C3C163BA 
 201      AA4B
 202 0316 F86C11AD 		.ascii	"\370l\021\255\210\023\030\224\343Z\330\022\324\250\355"
 202      88131894 
 202      E35AD812 
 202      D4A8ED
 203 0325 2839715E 		.ascii	"(9q^\"\203\234\243\260\355\223\233!9N\205\346hIidU\327"
 203      22839CA3 
 203      B0ED939B 
 203      21394E85 
 203      E6684969 
 204 033c 811C2735 		.ascii	"\201\034'5\216\023\201\324\024\366\257\335n\">\003%"
 204      8E1381D4 
 204      14F6AFDD 
 204      6E223E03 
 204      25
 205 034d 31F47DBD 		.ascii	"1\364}\275\345H\024\304Z,\326\022v\020\240\200\250\005"
 205      E54814C4 
 205      5A2CD612 
 205      7610A080 
 205      A805
 206 035f 5F80D310 		.ascii	"_\200\323\020K5\3009$<\003\0268\013\026v\274\254\245"
 206      4B35C039 
 206      243C0316 
 206      380B1676 
 206      BCACA5
 207 0372 56F9878B 		.ascii	"V\371\207\213\311\366\352\003\313\224\252]\300\370:"
 207      C9F6EA03 
 207      CB94AA5D 
 207      C0F83A
 208 0381 918FAE08 		.ascii	"\221\217\256\010\332\231Du$O\012.\2704\261\\\361\027"
 208      DA994475 
 208      244F0A2E 
 208      B834B15C 
 208      F117
 209 0393 12063E3A 		.ascii	"\022\006>:&x\033\245U}\351\250\224h\221!HP\335\340'"
 209      26781BA5 
 209      557DE9A8 
 209      94689121 
 209      4850DDE0 
 210 03a8 9B616FC3 		.ascii	"\233ao\303\345:\011,\2268+W{\2442\246\332\2474Oe[\355"
 210      E53A092C 
 210      96382B57 
 210      7BA432A6 
 210      DAA7344F 
 211 03bf 30EAED86 		.ascii	"0\352\355\2068\255\202F\030\201j\373*\243\012\230\025"
 211      38AD8246 
 211      18816AFB 
 211      2AA30A98 
 211      15
 212 03d0 94FD4868 		.ascii	"\224\375Hht)Ec9*X\276\272\220P4\015\311\005\014I\027"
 212      74294563 
 212      392A58BE 
 212      BA905034 
 212      0DC9050C 
 213 03e6 86E4BC1A 		.ascii	"\206\344\274\032\022n\363\201\312\011\005\270\202\242"
ARM GAS  C:\Users\Luczia\AppData\Local\Temp\cczHf5Vc.s 			page 17


 213      126EF381 
 213      CA0905B8 
 213      82A2
 214 03f4 461A0DAD 		.ascii	"F\032\015\255?\226\326\205\307\241\322\202\320J\205"
 214      3F96D685 
 214      C7A1D282 
 214      D04A85
 215 0403 111A7587 		.ascii	"\021\032u\207v\014?\264\213v\037\336b&\215,y\320\265"
 215      760C3FB4 
 215      8B761FDE 
 215      62268D2C 
 215      79D0B5
 216 0416 7F53A189 		.ascii	"\177S\241\2114\363NE\375\037\373\214\034h\302\356\347"
 216      34F34E45 
 216      FD1FFB8C 
 216      1C68C2EE 
 216      E7
 217 0427 ADB5FB8D 		.ascii	"\255\265\373\215\244\205\317\325o\250m\027I;\357l\334"
 217      A485CFD5 
 217      6FA86D17 
 217      493BEF6C 
 217      DC
 218 0438 D6B314C8 		.ascii	"\326\263\024\310q\336\351]\264I&\247\371w\345\315\223"
 218      71DEE95D 
 218      B44926A7 
 218      F977E5CD 
 218      93
 219 0449 17C3B906 		.ascii	"\027\303\271\006+\275[\332\2768a\342\007\255\237^\037"
 219      2BBD5BDA 
 219      BE3861E2 
 219      07AD9F5E 
 219      1F
 220 045a FD6BCE95 		.ascii	"\375k\316\225\212\244\233a\315\313\332|\277\0301\001"
 220      8AA49B61 
 220      CDCBDA7C 
 220      BF183101 
 221 046a D8622D56 		.ascii	"\330b-V\372\263V)\362)\376\363\025j\"\016b\"z0\264\203"
 221      FAB35629 
 221      F229FEF3 
 221      156A220E 
 221      62227A30 
 222 0480 18E291A1 		.ascii	"\030\342\221\241\335\005<\023\024\3360\261B\361\027"
 222      DD053C13 
 222      14DE30B1 
 222      42F117
 223 048f 1186BE3C 		.ascii	"\021\206\276<\032}\011F\303\007\037\320\340W\306\206"
 223      1A7D0946 
 223      C3071FD0 
 223      E057C686 
 224 049f 276BE81B 		.ascii	"'k\350\033:\364\265\321\350\253\367(o\230\244\301\177"
 224      3AF4B5D1 
 224      E8ABF728 
 224      6F98A4C1 
 224      7F
 225 04b0 1D0D6FD7 		.ascii	"\035\015o\327\301\265\235\202\031\274\211\210\033lr"
 225      C1B59D82 
 225      19BC8988 
ARM GAS  C:\Users\Luczia\AppData\Local\Temp\cczHf5Vc.s 			page 18


 225      1B6C72
 226 04bf 50DD2943 		.ascii	"P\335)CX\026w0\211\177\242\014\243\364\243\334B\351"
 226      58167730 
 226      897FA20C 
 226      A3F4A3DC 
 226      42E9
 227 04d1 4351440B 		.ascii	"CQD\013\014\340\357m\224\273\301\235D\331\367\351\330"
 227      0CE0EF6D 
 227      94BBC19D 
 227      44D9F7E9 
 227      D8
 228 04e2 DB46B3FF 		.ascii	"\333F\263\377\242\271\246\026YE\014+\262\301\221;\203"
 228      A2B9A616 
 228      59450C2B 
 228      B2C1913B 
 228      83
 229 04f3 ABEAD0E7 		.ascii	"\253\352\320\347\240w\314\034\350\242\324\256#\376c"
 229      A077CC1C 
 229      E8A2D4AE 
 229      23FE63
 230 0502 6C627D94 		.ascii	"lb}\224.\351\202z}\354\240\006\224\343\036\273[)q\370"
 230      2EE9827A 
 230      7DECA006 
 230      94E31EBB 
 230      5B2971F8 
 231 0516 452CEF43 		.ascii	"E,\357Cc\007\225\301\261\276\374\255\375uFr\205\325"
 231      630795C1 
 231      B1BEFCAD 
 231      FD754672 
 231      85D5
 232 0528 97B8E3FB 		.ascii	"\227\270\343\373u?\215\003k\254z\016\254\012\243\347"
 232      753F8D03 
 232      6BAC7A0E 
 232      AC0AA3E7 
 233 0538 804F8C85 		.ascii	"\200O\214\205\0021x\242Q\347Cd\003\012E\353\277N\010"
 233      023178A2 
 233      51E74364 
 233      030A45EB 
 233      BF4E08
 234 054b DAB2BAB6 		.ascii	"\332\262\272\266\266\227\230\227\004oDF\255m\326\"\321"
 234      B6979897 
 234      046F4446 
 234      AD6DD622 
 234      D1
 235 055c AC1A412F 		.ascii	"\254\032A/\330\305+\273#\311\000\267\373\330\205\035"
 235      D8C52BBB 
 235      23C900B7 
 235      FBD8851D 
 236 056c 57C781D9 		.ascii	"W\307\201\331\032b),B\273\264\325\201+\334R\337C\257"
 236      1A62292C 
 236      42BBB4D5 
 236      812BDC52 
 236      DF43AF
 237 057f F00F70E2 		.ascii	"\360\017p\342}\315?\304q\206\226\343{\276\341W8E\034"
 237      7DCD3FC4 
 237      718696E3 
 237      7BBEE157 
ARM GAS  C:\Users\Luczia\AppData\Local\Temp\cczHf5Vc.s 			page 19


 237      38451C
 238 0592 E09769C1 		.ascii	"\340\227i\301\205\301\313a!\237o\213E\372|+\026\325"
 238      85C1CB61 
 238      219F6F8B 
 238      45FA7C2B 
 238      16D5
 239 05a4 F7DBD28F 		.ascii	"\367\333\322\217\207\266\032\265\367[\245\366~C l\327"
 239      87B61AB5 
 239      F75BA5F6 
 239      7E43206C 
 239      D7
 240 05b5 6E89EDA3 		.ascii	"n\211\355\243\337oKD\372~\353-8\264\227<\270\206\231"
 240      DF6F4B44 
 240      FA7EEB2D 
 240      38B4973C 
 240      B88699
 241 05c8 7BA44654 		.ascii	"{\244FT\212MH\307&\371sw\251\370\240\020\351\310\313"
 241      8A4D48C7 
 241      26F97377 
 241      A9F8A010 
 241      E9C8CB
 242 05db CC766467 		.ascii	"\314vdg;\035\356\\\267<-11\011\377\262\346\273\347\270"
 242      3B1DEE5C 
 242      B73C2D31 
 242      3109FFB2 
 242      E6BBE7B8 
 243 05ef 3DDEE427 		.ascii	"=\336\344'\222\223<\336\244\371\231\331Iy\236\005\262"
 243      92933CDE 
 243      A4F999D9 
 243      49799E05 
 243      B2
 244 0600 3769F62B 		.ascii	"7i\366+/=\234\2224kVj\322\214\214\027\322\337M\241S"
 244      2F3D9C92 
 244      346B566A 
 244      D28C8C17 
 244      D2DF4DA1 
 245 0615 81F58959 		.ascii	"\201\365\211Y\246\031/\277\032?=9Yx\352\277h\021\356"
 245      A6192FBF 
 245      1A3F3D39 
 245      5978EABF 
 245      6811EE
 246 0628 0B5AE475 		.ascii	"\013Z\344u\311\363\026x\362\363r<N\227\344p\344\273"
 246      C9F31678 
 246      F2F3723C 
 246      4E97E470 
 246      E4BB
 247 063a 73E58753 		.ascii	"s\345\207S\034\362\334\254'\355L\267W\316w\272=v\331"
 247      1CF2DCAC 
 247      27ED4CB7 
 247      57CE77BA 
 247      3D76D9
 248 064d E3C9F6DA 		.ascii	"\343\311\366\332\347\345\346\307\263\257\370\314\005"
 248      E7E5E6C7 
 248      B3AFF8CC 
 248      05
 249 065a 39F1AE9C 		.ascii	"9\361\256\2349.\247\323\345\264?\22685>ej\362c\357<"
 249      392EA7D3 
ARM GAS  C:\Users\Luczia\AppData\Local\Temp\cczHf5Vc.s 			page 20


 249      E5B43F96 
 249      38353E65 
 249      6AF263EF 
 250 066f 62C7F187 		.ascii	"b\307\361\207r=\271\256\207\\\231s\334vwnVv\276\323"
 250      723DB9AE 
 250      875C9973 
 250      DC76776E 
 250      5676BED3 
 251 0683 65CFC944 		.ascii	"e\317\311D]\271.\273\303\351\232\233\231\237-;\344\205"
 251      5DB92EBB 
 251      C3E99A9B 
 251      999F2D3B 
 251      E485
 252 0695 792E6FE2 		.ascii	"y.o\342|\301\024\340{\363\177\345\363.\364\332\035^"
 252      7CC114E0 
 252      7BF37FE5 
 252      F32EF4DA 
 252      1D5E
 253 06a7 D989CA29 		.ascii	"\331\211\312)\211\333C\275s\310\377%f\363\005\263\333"
 253      89DB43BD 
 253      73C8FF25 
 253      66F305B3 
 253      DB
 254 06b8 43713999 		.ascii	"Cq9\231\336\267\035\262\341\331\347m\263\214\263\322"
 254      DEB71DB2 
 254      E1D9E76D 
 254      B38CB3D2 
 255 06c8 A7BF6833 		.ascii	"\247\277h3<7\333f\203\327`\2461+\333\225\271@\015b\362"
 255      3C37DB66 
 255      83D760A6 
 255      312BDB95 
 255      B9400D62 
 256 06dd A30ED914 		.ascii	"\243\016\331\024\370 \030\345\177\232v\257\234\203\201"
 256      F82018E5 
 256      7F9A76AF 
 256      9C8381
 257 06ec 9997E7F6 		.ascii	"\231\227\347\366 7IO\265\221\027Rm\306\214W3Rm\343\322"
 257      2037494F 
 257      B5911752 
 257      6DC68C57 
 257      33526DE3 
 258 0701 6767A4A5 		.ascii	"gg\244\245\245\332\302\322_y=#\315f|)=5\315F-\232i\326"
 258      A5DAC2D2 
 258      5F793D23 
 258      CD667C29 
 258      3D35CD46 
 259 0719 56396489 		.ascii	"V9d\211\033\354v:\344\277\000\024\260!M"
 259      1BEC763A 
 259      E4BF0014 
 259      B0214D
 260              		.text
 261              		.section	.gnu.lto_.symtab.803ee7ac,"",%progbits
 262 0000 5F70616C 		.ascii	"_pal_lld_init\000"
 262      5F6C6C64 
 262      5F696E69 
 262      7400
 263 000e 00       		.ascii	"\000"
ARM GAS  C:\Users\Luczia\AppData\Local\Temp\cczHf5Vc.s 			page 21


 264 000f 00       		.ascii	"\000"
 265 0010 00       		.ascii	"\000"
 266 0011 00000000 		.ascii	"\000\000\000\000\000\000\000\000"
 266      00000000 
 267 0019 BB000000 		.ascii	"\273\000\000\000"
 268 001d 5F70616C 		.ascii	"_pal_lld_setgroupmode\000"
 268      5F6C6C64 
 268      5F736574 
 268      67726F75 
 268      706D6F64 
 269 0033 00       		.ascii	"\000"
 270 0034 00       		.ascii	"\000"
 271 0035 00       		.ascii	"\000"
 272 0036 00000000 		.ascii	"\000\000\000\000\000\000\000\000"
 272      00000000 
 273 003e 0A010000 		.ascii	"\012\001\000\000"
 274              		.text
 275              		.section	.gnu.lto_.opts,"",%progbits
 276 0000 272D666D 		.ascii	"'-fmath-errno' '-fsigned-zeros' '-ftrapping-math' '"
 276      6174682D 
 276      6572726E 
 276      6F272027 
 276      2D667369 
 277 0033 2D666E6F 		.ascii	"-fno-trapv' '-fno-strict-overflow' '-fno-openmp' '-"
 277      2D747261 
 277      70762720 
 277      272D666E 
 277      6F2D7374 
 278 0066 666E6F2D 		.ascii	"fno-openacc' '-mcpu=cortex-m4' '-mthumb' '-O0' '-fo"
 278      6F70656E 
 278      61636327 
 278      20272D6D 
 278      6370753D 
 279 0099 6D69742D 		.ascii	"mit-frame-pointer' '-falign-functions=16' '-ffuncti"
 279      6672616D 
 279      652D706F 
 279      696E7465 
 279      72272027 
 280 00cc 6F6E2D73 		.ascii	"on-sections' '-fdata-sections' '-fno-common' '-flto"
 280      65637469 
 280      6F6E7327 
 280      20272D66 
 280      64617461 
 281 00ff 2700     		.ascii	"'\000"
 282              		.text
 283              		.comm	__gnu_lto_v1,1,1
 284              		.comm	__gnu_lto_slim,1,1
 285              		.ident	"GCC: (GNU Tools for Arm Embedded Processors 7-2017-q4-major) 7.2.1 20170904 (release) [ARM
ARM GAS  C:\Users\Luczia\AppData\Local\Temp\cczHf5Vc.s 			page 22


DEFINED SYMBOLS
                            *ABS*:00000000 hal_pal_lld.c
                            *COM*:00000001 __gnu_lto_v1
                            *COM*:00000001 __gnu_lto_slim

NO UNDEFINED SYMBOLS
