ARM GAS  C:\Users\Luczia\AppData\Local\Temp\ccCdqbvs.s 			page 1


   1              		.cpu cortex-m4
   2              		.eabi_attribute 20, 1
   3              		.eabi_attribute 21, 1
   4              		.eabi_attribute 23, 3
   5              		.eabi_attribute 24, 1
   6              		.eabi_attribute 25, 1
   7              		.eabi_attribute 26, 1
   8              		.eabi_attribute 30, 6
   9              		.eabi_attribute 34, 1
  10              		.eabi_attribute 18, 4
  11              		.file	"hal_pal.c"
  12              		.section	.gnu.lto_.inline.803e8bcf,"",%progbits
  13 0000 789C6363 		.ascii	"x\234cc``\210`@\000f\006\006\001\011\006\006&\211\011"
  13      60608860 
  13      40006606 
  13      06010906 
  13      06268909 
  14 0014 A7191958 		.ascii	"\247\031\031X\030\230@bL\334\014\014\214@\246\270<\220"
  14      18984062 
  14      4CDC0C0C 
  14      8C40A6B8 
  14      3C90
  15 0026 AD766007 		.ascii	"\255v`\007\023\252\004\013\203\2202\220-\362a5\\\007"
  15      13AA040B 
  15      83903290 
  15      2DF26135 
  15      5C07
  16 0038 0B2FD0A4 		.ascii	"\013/\320\244\011~ \010Q\303\000\000i\336\010\257"
  16      097E2008 
  16      51C30000 
  16      69DE08AF 
  17              		.text
  18              		.section	.gnu.lto_palReadBus.803e8bcf,"",%progbits
  19 0000 789C9553 		.ascii	"x\234\225SAOSA\020\336\357\315{\333B\241\205\304\003"
  19      414F5341 
  19      10DEEFCD 
  19      7BDB42A1 
  19      85C403
  20 0013 070E3D88 		.ascii	"\007\016=\210\204\304\320p\364\254\377\303\000\027H"
  20      84C4D070 
  20      F4ACFFC3 
  20      001748
  21 0022 4830369E 		.ascii	"H06\236\273\320\026!hb\210\264\204\274\020\214\250\211"
  21      BBD01621 
  21      686288B4 
  21      84BC108C 
  21      A889
  22 0034 D128A18A 		.ascii	"\321(\241\212 J)\012\250A\305\203A0\0364&JJ\003\352"
  22      204A290A 
  22      A841C583 
  22      41301E34 
  22      264A4A03 
  23 0049 05A3E8EC 		.ascii	"\005\243\350\354\276\002\215\236H\336\233\235\335\235"
  23      BE028D9E 
  23      48DE9B9D 
  23      DD9D
  24 0057 F9E6DB6F 		.ascii	"\371\346\333ov\245\020b\215\2048\316\343)\376\205_\300"
ARM GAS  C:\Users\Luczia\AppData\Local\Temp\ccCdqbvs.s 			page 2


  24      76A51062 
  24      8D8438CE 
  24      E329FE85 
  24      5FC0
  25 0069 12FC8317 		.ascii	"\022\374\203\027A\226#\204\262l6\266\355\371R\373\016"
  25      41962384 
  25      B26C36B6 
  25      EDF952FB 
  25      0E
  26 007a 7880848F 		.ascii	"x\200\204\217\255\017\3404\210\230E\266#}\210\341\002"
  26      AD0FE034 
  26      889845B6 
  26      237D88E1 
  26      02
  27 008b 5D26AC24 		.ascii	"]&\254$\356\272\324O.\011\330<\335^\036\376\024\324"
  27      EEBAD44F 
  27      2E09D83C 
  27      DD5E1EFE 
  27      14D4
  28 009d 5320CCD3 		.ascii	"S \314\323|a!S\321pC\251n\225M\017\310\221\314kU\346"
  28      7C612153 
  28      D17043A9 
  28      6E954D0F 
  28      C891CC6B 
  29 00b3 9225521C 		.ascii	"\222%R\034\236A-&P\253A\357\241\201\203\223+\351\036"
  29      9E412D26 
  29      50AB41EF 
  29      A1818393 
  29      2BE91E
  30 00c6 A20608F6 		.ascii	"\242\006\010\366\337m\335|\037\254\277f\022\177\214"
  30      DF6DDD7C 
  30      1FACBF66 
  30      127F8C
  31 00d5 913AEA12 		.ascii	"\221:\352\022\341>\2504\221\227\004&Q\257\343?\216\357"
  31      E13EA834 
  31      91970426 
  31      51AFE33F 
  31      8EEF
  32 00e7 0E564A7B 		.ascii	"\016VJ{\224O\303!\014\371\200\2513a\213\367\3067w\346"
  32      944FC321 
  32      0CF980A9 
  32      33618BF7 
  32      C63777E6 
  33 00fb 64DD55A5 		.ascii	"d\335U\245\006T\2660t\344J<\271\244\354\377Yp\322\024"
  33      0654B630 
  33      74E44A3C 
  33      B9A4ECFF 
  33      5970D214 
  34 010f EA18E1CE 		.ascii	"\352\030\341\316\033'\253v\377\234W\331\2275\353\231"
  34      1B27AB76 
  34      FF9C57D9 
  34      9735EB99 
  35 011f C5EA0A70 		.ascii	"\305\352\012p)\333b\343\020\033i\353\251\243=\251\215"
  35      29DB62E3 
  35      101B69EB 
  35      A9A33DA9 
  35      8D
ARM GAS  C:\Users\Luczia\AppData\Local\Temp\ccCdqbvs.s 			page 3


  36 0130 1F9A4440 		.ascii	"\037\232D@hD\321\253\213\263e\227\372\230\237\240\317"
  36      6844D1AB 
  36      8BB36597 
  36      FA989FA0 
  36      CF
  37 0141 48ACCD7F 		.ascii	"H\254\315\177\030\222\232\3210\371\231O*\231{\345\323"
  37      18929AD1 
  37      30F9994F 
  37      2A997BE5 
  37      D3
  38 0152 1A1104A6 		.ascii	"\032\021\004\246\213\265\373\210\325\247\015tO\227y"
  38      8BB5FB88 
  38      D5A70D74 
  38      4F9779
  39 0161 91E0C899 		.ascii	"\221\340\310\231\334\362\202\034\305H\227R*\354\222"
  39      DCF2821C 
  39      C5489752 
  39      2AEC92
  40 0170 8FF3BD04 		.ascii	"\217\363\275\004\255t\377\300*\"\267\325%\263\345\307"
  40      AD74FFC0 
  40      2A22B7D5 
  40      25B3E5C7 
  41 0180 438C62D0 		.ascii	"C\214b\320T\307\014\"\202\313\256\236<@\272u};\033\322"
  41      54C70C22 
  41      82CBAE9E 
  41      3C40BA75 
  41      7D3B1BD2 
  42 0194 35FD08E1 		.ascii	"5\375\010\341\321~Mn5\345\221\010\033\2718lj*\277\356"
  42      D17E4D6E 
  42      35E59108 
  42      1BB9386C 
  42      6A2ABFEE 
  43 01a8 8BFD567E 		.ascii	"\213\375V~\227\312RLO\3401b\242\224s\271iO\374\347\354"
  43      97CA524C 
  43      4FE03162 
  43      A29473B9 
  43      694FFCE7 
  44 01bd F720C7D5 		.ascii	"\367 \307\325\360\202\326\\\257\355\254l\366\0064\331"
  44      F082D65C 
  44      AFEDAC6C 
  44      F60634D9 
  45 01cd 2A9702C8 		.ascii	"*\227\002\310\362\005\231-R\215\217M$\301\321C\206j"
  45      F205992D 
  45      528D8F4D 
  45      24C1D143 
  45      866A
  46 01df 39E698AA 		.ascii	"9\346\230\252\327\240\034b.U\030*\262x\374\257\027\347"
  46      D7A01C62 
  46      2E55182A 
  46      B278FCAF 
  46      17E7
  47 01f1 8B5A5987 		.ascii	"\213ZY\207R\240\022\363F\001sK\237\260\002\033\310\355"
  47      52A012F3 
  47      4601734B 
  47      9FB0021B 
  47      C8ED
  48 0203 6949A527 		.ascii	"iI\245'\010\232\023\374\003\034\342rxZ\004~;9=Y\311"
ARM GAS  C:\Users\Luczia\AppData\Local\Temp\ccCdqbvs.s 			page 4


  48      089A13FC 
  48      031CE272 
  48      785A047E 
  48      3B393D59 
  49 0218 C0892EBD 		.ascii	"\300\211.\275U\205\005\003li\340E\003\274\337$\373\220"
  49      55850503 
  49      6C69E045 
  49      03BCDF24 
  49      FB90
  50 022a 4D5A3A68 		.ascii	"MZ:h\3223\203\024\377\326\003\017\312a\232\014X\212"
  50      D2338314 
  50      FFD6030F 
  50      CA619A0C 
  50      588A
  51 023c 2E0F855E 		.ascii	".\017\205^\215\347\006\335\\\377\027\036\372\257=\364"
  51      8DE706DD 
  51      5CFF171E 
  51      FAAF3DF4 
  52 024c 8029208D 		.ascii	"\200) \215\322\374\232\351\013\277\3464kU@w\270\030"
  52      D2FC9AE9 
  52      0BBFE634 
  52      6B554077 
  52      B818
  53 025e E15D5CFD 		.ascii	"\341]\\\375f\2048\326\330\030\341\257\265\255\275\245"
  53      668438D6 
  53      D818E1AF 
  53      B5ADBDA5 
  54 026e BD33DA74 		.ascii	"\2753\332t\242)\322\031\215\2645wD\242g[\365x\372Ls"
  54      A229D219 
  54      8DB43577 
  54      44A2675B 
  54      F578FA4C 
  55 0283 4763ABA0 		.ascii	"Gc\253\240\226s\321\277\272\2120\267"
  55      9673D1BF 
  55      BA8A30B7 
  56              		.text
  57              		.section	.gnu.lto_palWriteBus.803e8bcf,"",%progbits
  58 0000 789C9554 		.ascii	"x\234\225TKO\023Q\024\276\337\234\351\024\332R(\272"
  58      4B4F1351 
  58      14BEDF9C 
  58      E914DA52 
  58      28BA
  59 0012 30D1050B 		.ascii	"0\321\005\013\221\260\220\006]\030\027\256\374!\006"
  59      91B09006 
  59      5D1817AE 
  59      FC2106
  60 0021 D84862A2 		.ascii	"\330Hb\242\261\032\227\035\240 \006M\214\221b\312@\010"
  60      B11A971D 
  60      A020064D 
  60      8C9162CA 
  60      4008
  61 0033 2A18A351 		.ascii	"*\030\243Q\343\003\301W-\012>@\036>\202\217\304D\003"
  61      E303C157 
  61      2D0A3E40 
  61      1E3E828F 
  61      C44403
  62 0046 0B820A91 		.ascii	"\013\202\012\221\0305\012\236s\247\320\312\256\223\316"
ARM GAS  C:\Users\Luczia\AppData\Local\Temp\ccCdqbvs.s 			page 5


  62      18350A9E 
  62      73A7D0CA 
  62      AE93CE
  63 0055 99FB38E7 		.ascii	"\231\3738\347;\337\371\356\271\265\224R\265\036\245"
  63      3BDFF9EE 
  63      B9B59452 
  63      B51EA5
  64 0064 B6F37717 		.ascii	"\266\363w\027\277\312\253`(~Al\311\340-\3330\331\230"
  64      BFCAAB60 
  64      287E416C 
  64      C9E02DDB 
  64      30D998
  65 0077 A63BB664 		.ascii	"\246;\266d\354\001\177`\001\034\000\0255\310\364X\210"
  65      EC017F60 
  65      011C0015 
  65      35C8F458 
  65      88
  66 0088 E2389D26 		.ascii	"\3428\235&\244\216\316\364\033\345\2756?\311\266E\253"
  66      A48ECEF4 
  66      1BE5BD36 
  66      3FC9B645 
  66      AB
  67 0099 C96EDCE0 		.ascii	"\311n\334\3400V\234\224~p\035\345\3545\021\273\352P"
  67      30569C94 
  67      7E701DE5 
  67      EC3511BB 
  67      EA50
  68 00ab 0B390498 		.ascii	"\0139\004\230<]\030M|\016\312\324@\011O\033'\332\232"
  68      3C5D184D 
  68      7C0ECAD4 
  68      40094F1B 
  68      27DA9A
  69 00be 88CAA178 		.ascii	"\210\312\241x\374v\376\342\207`\331y\333\256\267\223"
  69      FC76FEE2 
  69      8760D979 
  69      DBAEB793 
  70 00ce 7FCE92BD 		.ascii	"\177\316\222\275\331!\302-\020\003\342&6\341\0066)^"
  70      D921C22D 
  70      1003E226 
  70      36E10636 
  70      295E
  71 00e0 52E84319 		.ascii	"R\350C\031\273w,u\017\373i\253\016\355\271\357\324\244"
  71      BB772C75 
  71      0FFB69AB 
  71      0EEDB9EF 
  71      D4A4
  72 00f2 23477A74 		.ascii	"#Gzt\244\211\333k#M\205~\224\211\373\247kK\255\005\226"
  72      A489DB6B 
  72      234D857E 
  72      9489FBA7 
  72      6B4BAD05 
  73 0107 D9B5C216 		.ascii	"\331\265\302\026\003\\\2420\030\277\332\022\244m\032"
  73      035CA230 
  73      18BFDA12 
  73      A46D1A
  74 0116 F2DD784F 		.ascii	"\362\335xOoA\351Y\215\371\243\335J\330\311X\211C\036"
  74      6F41E959 
ARM GAS  C:\Users\Luczia\AppData\Local\Temp\ccCdqbvs.s 			page 6


  74      8DF9A3DD 
  74      4AD8C958 
  74      89431E
  75 0129 DCF91F56 		.ascii	"\334\371\037V\236\014\"\356\242T\2431\346=\306T\312"
  75      9E0C22EE 
  75      A254A331 
  75      E63DC654 
  75      CA
  76 013a E024B27A 		.ascii	"\340$\262ze\322\223\264\227\226\217\332\3117\033\277"
  76      65D293B4 
  76      97968FDA 
  76      C9371BBF 
  77 014a 2D7E0CAD 		.ascii	"-~\014\255\0073\262\0146^\022c\212\361\310\232%\306"
  77      0733B20C 
  77      365E1263 
  77      8AF1C89A 
  77      25C6
  78 015c 2BD33C31 		.ascii	"+\323<1\371b|\262\346\227Q\200M^\020\242A\010RO\261"
  78      F9627CB2 
  78      E6975180 
  78      4D5E10A2 
  78      4108524F 
  79 0171 8657AA59 		.ascii	"\206W\252Y\313\336L|\246t\214UR4\215\330\273\301\231"
  79      CBDE4C7C 
  79      A6748C55 
  79      52348DD8 
  79      BBC199
  80 0184 764BF824 		.ascii	"vK\370$(\310,\343\215\2511\257\210OP\270\237f\177\214"
  80      28C82CE3 
  80      8DA931AF 
  80      884F50B8 
  80      9F667F8C 
  81 0198 8551348B 		.ascii	"\205Q4\213\372\201|\327S\224\270\233\032\035\262\272"
  81      FA817CD7 
  81      5394B89B 
  81      1A1DB2BA 
  82 01a8 D059C787 		.ascii	"\320Y\307\207\313e\347s\274\033 G\330rj\012\341\313"
  82      CB65E773 
  82      BC1B2047 
  82      D8726A0A 
  82      E1CB
  83 01ba F649BDE5 		.ascii	"\366I\275\345\303\003t\241UgG\022a\305i\247vg\220.\365"
  83      C30374A1 
  83      55674712 
  83      61C569A7 
  83      7667902E 
  84 01cf 2C240B25 		.ascii	",$\013%\247\017\205x\270\232\223[\214\346\020+\321b"
  84      A70F8578 
  84      B89A935B 
  84      8CE6102B 
  84      D162
  85 01e1 B15B7FFF 		.ascii	"\261[\177\377\334{o\364\257\235\347\220?\316\364\024"
  85      DC7B6FF4 
  85      AF9DE790 
  85      3FCEF414 
  86 01f1 5288AA6C 		.ascii	"R\210\252l\316\001},\015\277\037|\017\262\037\267Z@"
  86      CE017D2C 
ARM GAS  C:\Users\Luczia\AppData\Local\Temp\ccCdqbvs.s 			page 7


  86      0DBF1F7C 
  86      0FB21FB7 
  86      5A40
  87 0203 CE4FD67E 		.ascii	"\316O\326~M|i\366\013\331\"\207\012\360\210\373s0M\265"
  87      4D7C69F6 
  87      0BD92287 
  87      0AF088FB 
  87      73304DB5 
  88 0217 E1DCF546 		.ascii	"\341\334\365F\260\367\031M5\200\307LUg\304\020\242\016"
  88      B0F7194D 
  88      3580C74C 
  88      5567C410 
  88      A20E
  89 0229 053515CB 		.ascii	"\0055\025\313-\177\251iz\207\034Z\202\214\004\205\224"
  89      2D7FA969 
  89      7A871C5A 
  89      828C0485 
  89      94
  90 023a 2B889E53 		.ascii	"+\210\236SN\202\024bX\013\242\257\314\023\026d\026\015"
  90      4E821462 
  90      580BA2AF 
  90      CC131664 
  90      160D
  91 024c 7F9AE042 		.ascii	"\177\232\340B\231\032\235\262\321=9\312\3754#\3673\027"
  91      991A9DB2 
  91      D13D39CA 
  91      FD3423F7 
  91      3317
  92 025e 3DBE829E 		.ascii	"=\276\202\236F\233\234\037\351\360\213d\026\212\360"
  92      469B9C1F 
  92      E9F08B64 
  92      168AF0
  93 026d 9C61D867 		.ascii	"\234a\330g~\305\307\253IX\331\014\362r\254o$S\337\350"
  93      7EC5C7AB 
  93      4958D90C 
  93      F272AC6F 
  93      2453DFE8 
  94 0281 9AFA382E 		.ascii	"\232\3728.\304\200\331\350\276\034\353{\221\251o\314"
  94      C480D9E8 
  94      BE1CEB7B 
  94      91A96FCC 
  95 0291 455FE5EE 		.ascii	"E_\345\356\327\011|\262\366se\255X\227\344\317\316\030"
  95      D7097CB2 
  95      F67365AD 
  95      5897E4CF 
  95      CE18
  96 02a3 C8296311 		.ascii	"\310)c\021\306uFC2N\350\214\251\270F\312\356\276\220"
  96      C6754643 
  96      324EE88C 
  96      A9B846CA 
  96      EEBE90
  97 02b6 EEBE35A8 		.ascii	"\356\2765\250\234;\200\3114\352\233\276\201\276\002"
  97      9C3B80C9 
  97      34EA9BBE 
  97      81BE02
  98 02c5 468DD5C9 		.ascii	"F\215\325\311\326:\274\324\250\351\026\275\323\331}"
  98      D63ABCD4 
ARM GAS  C:\Users\Luczia\AppData\Local\Temp\ccCdqbvs.s 			page 8


  98      A8E916BD 
  98      D3D97D
  99 02d4 01AB9BEB 		.ascii	"\001\253\233\353\361\012\341V\271w\012\257\021\346\""
  99      F10AE156 
  99      B9770AAF 
  99      11E622
 100 02e3 D457D477 		.ascii	"\324W\324w-\237p\233\323\275\310\362\347\241\324\226"
 100      2D9F709B 
 100      D3BDC8F2 
 100      E7A1D496 
 101 02f3 8A8A30FF 		.ascii	"\212\2120\377j\366\326V\327\356\217T\356\254\014\357"
 101      6AF6D656 
 101      D7EE8F54 
 101      EEAC0CEF 
 102 0303 8F84F756 		.ascii	"\217\204\367V\355\013G\016\326\310w\317\201\252}\025"
 102      ED0B470E 
 102      D6C877CF 
 102      81AA7D15 
 103 0313 358AAA0F 		.ascii	"5\212\252\017G\314\352\332C\021\034\371\0072[\247g"
 103      47CCEADA 
 103      43111CF9 
 103      07325BA7 
 103      67
 104              		.text
 105              		.section	.gnu.lto_palSetBusMode.803e8bcf,"",%progbits
 106 0000 789C9552 		.ascii	"x\234\225R;O\024Q\024>\337\234y\300.,\330YPP\030\311"
 106      3B4F1451 
 106      143EDF9C 
 106      79C02E2C 
 106      D8595050 
 107 0016 1632A1B4 		.ascii	"\0262\241\264\260\262\360g\030@\023H0\0307\326;\356"
 107      B0B2F067 
 107      18401348 
 107      301837D6 
 107      3BEE
 108 0028 0BC89A68 		.ascii	"\013\310\232hP\026\203\023\262\005\213\321h\324\200"
 108      50168313 
 108      B2058BD1 
 108      68D480
 109 0037 8F059475 		.ascii	"\217\005\224uQ|Db\240\302\027\205F\013\263\020\010\225"
 109      517C4462 
 109      A0C21785 
 109      460BB310 
 109      0895
 110 0049 46D173EF 		.ascii	"F\321s\357\240\240\261\331\233\271\317\371\316w\276"
 110      A0A0B1D9 
 110      9BB9CFF9 
 110      CE77BE
 111 0058 F3DD6B13 		.ascii	"\363\335k\023Q\226\211\332d>$\235\034\202A\322!\207"
 111      519689DA 
 111      643E249D 
 111      1C8241D2 
 111      2187
 112 006a 60C322F2 		.ascii	"`\303\"\362\014S\006\323\014\326\266Z[\220\0116 \001"
 112      0C5306D3 
 112      0CD6B65A 
 112      5B900936 
ARM GAS  C:\Users\Luczia\AppData\Local\Temp\ccCdqbvs.s 			page 9


 112      2001
 113 007c A0B8C1A6 		.ascii	"\240\270\301\246e#\216\263|\221Q\356\373\\4\242W<i\245"
 113      65238EB3 
 113      7C9151EE 
 113      FB5C34A2 
 113      573C69A5 
 114 0090 E12527E3 		.ascii	"\341%'\343\245\367\372\302\225c\322\015\023\210\012"
 114      A5F7FAC2 
 114      9563D20D 
 114      13880A
 115 009f 6A3175CB 		.ascii	"j1u\313\347,\373\014\230\262\335X\030\371\030Q[\003"
 115      E72CFB0C 
 115      98B2DD58 
 115      18F91851 
 115      5B03
 116 00b1 CDB24D2F 		.ascii	"\315\262M/\016g\230\243 Y\277^\277\366.\322R\360\274"
 116      0E6798A3 
 116      2059BF5E 
 116      BFF62ED2 
 116      52F0BC
 117 00c4 84577A39 		.ascii	"\204Wz9\306\336>\237\031w\301B\210;h\302$\232H\216\010"
 117      C6DE3E9F 
 117      1977C142 
 117      883B68C2 
 117      249A488E 
 118 00d9 F7D022F0 		.ascii	"\367\320\"\360\315\211\302\2050\037\320\241+k\223\227"
 118      CD89C285 
 118      301FD0A1 
 118      2B6B9397 
 119 00e9 43DBA1DF 		.ascii	"C\333\241\337\013:\324\304\375\177CMB\021-\012\377\341"
 119      0B3AD4C4 
 119      FD7F434D 
 119      42112D0A 
 119      FFE1
 120 00fb F6D650BD 		.ascii	"\366\326P\275m\346\177\313\305\224\324)5BNn.Y%o\353"
 120      6DE67FCB 
 120      C594D429 
 120      35424E6E 
 120      2E59256F 
 121 0110 679F57AA 		.ascii	"g\237W\252\214\343\375\221:H\244e\310`\263\014\216\251"
 121      8CE3FD91 
 121      3A48A465 
 121      C860B30C 
 121      8EA9
 122 0122 B6965A39 		.ascii	"\266\226Z9PJB\320\244\324\257\313\356g\361\224\007D"
 122      504A42D0 
 122      A4D4AFCB 
 122      EE67F194 
 122      0744
 123 0134 25F127A4 		.ascii	"%\361'\244\336\314\255\214\332\212|\204\035I\233K\227"
 123      DECCAD8C 
 123      DA8A7C84 
 123      1D499B4B 
 123      97
 124 0145 5F39AA78 		.ascii	"_9\252x\006aZ4\2516 \272\210\277 1U\033 !\310\231\362"
 124      06615A34 
 124      A93620BA 
ARM GAS  C:\Users\Luczia\AppData\Local\Temp\ccCdqbvs.s 			page 10


 124      88BF2031 
 124      551B2021 
 125 015c C2BC9DC7 		.ascii	"\302\274\235\307\350\0311\267\331\347\032\211\017\002"
 125      E81931B7 
 125      D9E71A89 
 125      0F02
 126 016a 9485D9C1 		.ascii	"\224\205\331\301e\2707\274\363\372W-f\220\307\220\316"
 126      65B837BC 
 126      F3FA572D 
 126      6690C790 
 126      CE
 127 017b 8E077049 		.ascii	"\216\007pI\322.\037\336a\272>\276QjP9k\321\200\207\177"
 127      D22E1FDE 
 127      61BA3EBE 
 127      516A5039 
 127      6BD18087 
 128 0190 72CA1573 		.ascii	"r\312\025s\005\251f]\271\300\212\305\312['\376\303\253"
 128      05A9665D 
 128      B9C08AC5 
 128      CA5B27FE 
 128      C3AB
 129 01a2 F1399463 		.ascii	"\3619\224ce\305,\342\264[sX;\235\3746\273\031\021\234"
 129      65C52CE2 
 129      B45B7358 
 129      3B9DFC36 
 129      BB19119C 
 130 01b6 5C7558D9 		.ascii	"\\uX\331\247\316\276.\256\366\207\225\330F\237\353\360"
 130      A7CEBE2E 
 130      AEF68795 
 130      D8469FEB 
 130      F0
 131 01c7 48DE4769 		.ascii	"H\336Gi[jrl\"\015A_\322R\303(\213\324\300\3539\304}"
 131      5B6A726C 
 131      220D415F 
 131      D252C328 
 131      8BD4C0EB 
 132 01de AED752EC 		.ascii	"\256\327R\354\355\362\257\256r \333\250\312\200\010"
 132      EDF2AFAE 
 132      7220DBA8 
 132      CA8008
 133 01ed 1E6B03F4 		.ascii	"\036k\003\364\023}\"\006\354\262\222\253bj\300\274f"
 133      137D2206 
 133      ECB292AB 
 133      626AC0BC 
 133      66
 134 01fe 3214D3D3 		.ascii	"2\024\323\323\277\231\314*/\345\331\316\245<\327L\311"
 134      BF99CC2A 
 134      2FE5D9CE 
 134      A53CD74C 
 134      C9
 135 020f F50C022A 		.ascii	"\365\014\002*Kt\011!U\220\371\237\375\2159%\000/\304"
 135      4B740921 
 135      5590F99F 
 135      FD8D3925 
 135      002FC4
 136 0222 7EB142C3 		.ascii	"~\261B\303C>\357\2415$\362\323\347\002\373\202\247&"
 136      433EEFA1 
ARM GAS  C:\Users\Luczia\AppData\Local\Temp\ccCdqbvs.s 			page 11


 136      3524F2D3 
 136      E702FB82 
 136      A726
 137 0234 150B727F 		.ascii	"\025\013r\177k\253+_gWwGwo\254\355`\233\333\033s\273"
 137      6BAB2B5F 
 137      67577747 
 137      776FACED 
 137      609BDB1B 
 138 024a DA7BDCD8 		.ascii	"\332{\334\330\251N5\037=\331\336\323\332I\334q:f\236"
 138      A94E351F 
 138      3DD9DED3 
 138      DA49DC71 
 138      3A669E
 139 025d E83D76FC 		.ascii	"\350=v\374\027\212\355\032\336"
 139      178AED1A 
 139      DE
 140              		.text
 141              		.section	.gnu.lto_.symbol_nodes.803e8bcf,"",%progbits
 142 0000 789C55C9 		.ascii	"x\234U\311\301\015\202@\024E\321\373\337 \224AB%X\331"
 142      C10D8240 
 142      1445D1FB 
 142      DF209441 
 142      422558D9 
 143 0014 1F63E29A 		.ascii	"\037c\342\232\215\025\320\005\025\000\352X\203{k \220"
 143      8D15D005 
 143      1500EA58 
 143      837B6B20 
 143      90
 144 0025 511359BC 		.ascii	"Q\023Y\274\334\344\235\022\270nC\243\034\272\004[\206"
 144      DCE49D12 
 144      B86E43A3 
 144      1CBA045B 
 144      86
 145 0036 D3110E77 		.ascii	"\323\021\016w\021\033\010\232\344\266\247\207\354C\263"
 145      111B089A 
 145      E4B6A787 
 145      EC43B3
 146 0045 5C7B4A52 		.ascii	"\\{JR&\273\311C&\210\261\005{\312\213\377#Pr~-\026\364"
 146      26BBC943 
 146      2688B105 
 146      7BCA8BFF 
 146      2350727E 
 147 005c 6DF16B45 		.ascii	"m\361kE\177y\327\254s\236$i"
 147      7F79D7AC 
 147      739E2469 
 148              		.text
 149              		.section	.gnu.lto_.refs.803e8bcf,"",%progbits
 150 0000 789C6363 		.ascii	"x\234cc``\020\000bF\006&F\026F&&f\026F\026&V\026\006"
 150      60601000 
 150      62460626 
 150      46164626 
 150      26661646 
 151 0019 0002EF00 		.ascii	"\000\002\357\000;"
 151      3B
 152              		.text
 153              		.section	.gnu.lto_.decls.803e8bcf,"",%progbits
 154 0000 789CAD58 		.ascii	"x\234\255XyPTG\032\177\375z\006\207a\200\024\230\224"
ARM GAS  C:\Users\Luczia\AppData\Local\Temp\ccCdqbvs.s 			page 12


 154      79505447 
 154      1A7FFD7A 
 154      06876180 
 154      149894
 155 0013 B552298C 		.ascii	"\265R)\214D\251\255\025\004\2631\233\312\246r\340F\263"
 155      44A9AD15 
 155      04B3319B 
 155      CAA672E0 
 155      46B3
 156 0025 1A5CC851 		.ascii	"\032\\\310Q\326R5!0\006*\034.3lU\376\332\007\203\202"
 156      D6523521 
 156      30062A1C 
 156      2E336C55 
 156      FEDA0783 
 157 003a F1C49343 		.ascii	"\361\304\223C\005EQD\301(*\004E\034P9D\021\004\003\361"
 157      05455144 
 157      C1282A04 
 157      451C5039 
 157      44110403 
 158 004f 0051F040 		.ascii	"\000Q\360@E$(\207\260_w\2777\357\315\310$\331\255\274"
 158      45242887 
 158      B05F77BF 
 158      37EFCDC8 
 158      24D9ADBC 
 159 0063 F2F3BDEE 		.ascii	"\362\363\275\356\376u\177\277\357\327_\037\203\023\307"
 159      FE757FBF 
 159      EFD75F1F 
 159      8313C7
 160 0072 71792F83 		.ascii	"qy/\203a\216\273\2058n\034\036\025\324\235\346\344G"
 160      618EBB85 
 160      386E1C1E 
 160      15D49DE6 
 160      E447
 161 0084 0DF60AB4 		.ascii	"\015\366\012\264M\005\233\016\346\007\366\006\030t\341"
 161      4D059B0E 
 161      E607F606 
 161      1874E1
 162 0093 DE857710 		.ascii	"\336\205w\020\330\"\304\331<\263x\216\363\340\230M\006"
 162      D822C4D9 
 162      3CB3788E 
 162      F3E0984D 
 162      06
 163 00a4 3B03E609 		.ascii	";\003\346\011\230%\360\036\003\233I\332\240\374\011"
 163      9825F01E 
 163      039B49DA 
 163      A0FC09
 164 00b3 5830D862 		.ascii	"X0\330b\260\267\301f\201\375\003,\004\3549`\352\300"
 164      B0B7C166 
 164      81FD032C 
 164      04EC3960 
 164      EAC0
 165 00c5 42E19B70 		.ascii	"B\341\233pr\205\267\026\3541|\273\301\233\027y\371\211"
 165      7285B716 
 165      EC317CBB 
 165      C19B1779 
 165      F989
 166 00d7 DF84CBA7 		.ascii	"\337\204\313\247v<\346B\003\204\307}\251\340Bx\020>"
ARM GAS  C:\Users\Luczia\AppData\Local\Temp\ccCdqbvs.s 			page 13


 166      763CE642 
 166      0384C77D 
 166      A9E04278 
 166      103E
 167 00e9 168EF199 		.ascii	"\026\216\361\231)rR\362\371\014\354}\221O\250\035\247"
 167      297252F2 
 167      F90CEC7D 
 167      914FA81D 
 167      A7
 168 00fa 5B222FB5 		.ascii	"[\"/\265\310\311M\3445\014\345\016\216q\231*\362\"t"
 168      C8C94DE4 
 168      350CE50E 
 168      8E71992A 
 168      F22274
 169 010d 82EC387D 		.ascii	"\202\3548}$jc\317\351\325_\320\347s\260\217\025\372"
 169      246A63CF 
 169      E9D55FD0 
 169      E773B08F 
 169      15FA
 170 011f 104E5F80 		.ascii	"\020N_\200\315\021\347A\322\306M,+\347\211\270\267\237"
 170      CD11E741 
 170      D2C64D2C 
 170      2BE789B8 
 170      B79F
 171 0131 9F4D1815 		.ascii	"\237M\030\025n\350\332\252\272\201\256\221\026\364\022"
 171      6EE8DAAA 
 171      BA81AE91 
 171      16F412
 172 0140 422252F9 		.ascii	"B\"R\371\220\362\270\364\220v\006\340\221\324\310P\366"
 172      90F2B8F4 
 172      907606E0 
 172      91D4C850 
 172      F6
 173 0151 DD681B62 		.ascii	"\335h\033b\306s2V\356\241\030U\321\031\321\207\243T"
 173      C6733256 
 173      EEA11855 
 173      D119D187 
 173      A354
 174 0163 945C2833 		.ascii	"\224\\(3\221\036\222\335#+F\302+FE\326N/\262\343\230"
 174      911E92DD 
 174      232B46C2 
 174      2B4645D6 
 174      4E2FB2E3 
 175 0178 46448496 		.ascii	"FD\204\226\336\325E\272\016t\035\240 \375zM,\"\265\235"
 175      DED545BA 
 175      0E741DA0 
 175      20FD7A4D 
 175      2C22B59D 
 176 018c 4D279E6B 		.ascii	"M'\236k0\317\276\373\013W\361\330\225~\217\034\317\035"
 176      30CFBEFB 
 176      0B57F1D8 
 176      957E8F1C 
 176      CF1D
 177 019e D2F81D10 		.ascii	"\322\370\035\020\330\243\371\206C\307\020\226\364\274"
 177      D8A3F986 
 177      43C71096 
 177      F4BC
ARM GAS  C:\Users\Luczia\AppData\Local\Temp\ccCdqbvs.s 			page 14


 178 01ac 9472681B 		.ascii	"\224rh\033^\205\221\207\026\251\240\370\270!\253\313"
 178      5E859187 
 178      16A9A0F8 
 178      B821ABCB 
 179 01bc 0D8A93B5 		.ascii	"\015\212\223\265\310\033\212Y\345\003uj\326\252\201"
 179      C81B8A59 
 179      E503756A 
 179      D6AA81
 180 01cb E278FEA1 		.ascii	"\342x\376\241\225\032\374\016\035\365ZMA!\3518S\213"
 180      951AFC0E 
 180      1DF55A4D 
 180      4121E938 
 180      538B
 181 01dd 087777A8 		.ascii	"\010ww\250*\356-\033reU\004\321\264\256\177\367$\374"
 181      2AEE2D1B 
 181      72655504 
 181      D1B4AE7F 
 181      F724FC
 182 01f0 3EF9E66F 		.ascii	">\371\346o\264\215\\uCZ\3374AH\026r\315\202\363|\016"
 182      B48D5C75 
 182      435ADF34 
 182      41481672 
 182      CD82F37C 
 183 0205 95212F54 		.ascii	"\225!/T\212\2748T\211|I\237\343\310\217C'\241\362\004"
 183      8ABC3854 
 183      897C499F 
 183      E3C88F43 
 183      27A1F204 
 184 0219 54E613AE 		.ascii	"T\346\023\256\225=\231\357f\366\013\2027:\205\264\250"
 184      953D99EF 
 184      66F60B82 
 184      373A85B4 
 184      A8
 185 022a 02618A01 		.ascii	"\002a\212\001ufj\031\373\202\335\351\273\234\360\021"
 185      75666A19 
 185      FB82DDE9 
 185      BB9CF011 
 186 023a 447D9467 		.ascii	"D}\224g\337>\303;\362Q\345\330G\361kg\227\013\002\217"
 186      DF3EC33B 
 186      F251E5D8 
 186      47F16B67 
 186      970B028F 
 187 024e 2CE0E3B4 		.ascii	",\340\343\264\354\003\\2')\325\203\351\2568\203\012"
 187      EC035C32 
 187      2729D583 
 187      E9AE3883 
 187      0A
 188 025f CB770FA5 		.ascii	"\313w\017\245\224\2708rr\326\241\223G\347}K/\223@\316"
 188      94B83872 
 188      72D6A193 
 188      47E77D4B 
 188      2F9340CE 
 189 0273 80936AD9 		.ascii	"\200\223j\331\211Er\322\362\270\177\213\033\356b\263"
 189      894572D2 
 189      F2B87F8B 
 189      1BEE62B3 
 190 0283 27CD8207 		.ascii	"'\315\202\007\233\205C\343\233:\\\361=\326\226\321\364"
ARM GAS  C:\Users\Luczia\AppData\Local\Temp\ccCdqbvs.s 			page 15


 190      9B8543E3 
 190      9B3A5CF1 
 190      3DD696D1 
 190      F4
 191 0294 FD3C2D78 		.ascii	"\375<-x7\377\246\020\241\303\303\224\333\035.l\260)"
 191      37FFA610 
 191      A1C3C394 
 191      DB1D2E6C 
 191      B029
 192 02a6 50BC995C 		.ascii	"P\274\231\\R\343\212\037\261\301\326l\262XT\370gV\310"
 192      52E38A1F 
 192      B1C1D66C 
 192      B25854F8 
 192      6756C8
 193 02b9 CB4C4F55 		.ascii	"\313LOU\343aV(\330\260\376\220\026\217\262BS\337\371"
 193      E3615628 
 193      D8B0FE90 
 193      168FB242 
 193      53DFF9
 194 02cc ED2E2C2B 		.ascii	"\355.,+^\202\342\231\361\247\225\356lD\2360\332\177"
 194      5E82E299 
 194      F1A795EE 
 194      6C449E30 
 194      DA7F
 195 02de 65D8198F 		.ascii	"e\330\031\2171\350\236\341\221>\222\0263HZ`ER\314`I"
 195      31E89EE1 
 195      913E9216 
 195      33485A60 
 195      4552CC60 
 196 02f3 71AABE36 		.ascii	"q\252\2766_\207S0\025\263(kt\324]\022s\275YP\373r\250"
 196      5F875330 
 196      15B3286B 
 196      74D45D12 
 196      73BD5950 
 197 030a 11985F22 		.ascii	"\021\230_\"\341\\\201pf\210\341\\\206\312fEV\314\330"
 197      E15C8170 
 197      6688E15C 
 197      86CA6645 
 197      56CCD8
 198 031d 9A4A66AC 		.ascii	"\232Jf\254\025\304l\221\305\234!jY\221\376S\267\026"
 198      15C46C91 
 198      C59C216A 
 198      5991FE53 
 198      B716
 199 032f AF633E92 		.ascii	"\257c>\222\0337?q\350\243\335\261\217\342\300j\232\025"
 199      1B373F71 
 199      E8A3DDB1 
 199      8FE2C06A 
 199      9A15
 200 0341 6DE0E347 		.ascii	"m\340\343G\331G\2534a\311\317v\235\320\340\014\352D"
 200      D947AB34 
 200      61C9CF76 
 200      9DD0E00C 
 200      EA44
 201 0353 35B8EF68 		.ascii	"5\270\357h\253\033\362\364\361\361M'\275\327\203!^\236"
 201      AB1BF2F4 
 201      F1F14D27 
ARM GAS  C:\Users\Luczia\AppData\Local\Temp\ccCdqbvs.s 			page 16


 201      BDD78321 
 201      5E9E
 202 0365 1A0E5D45 		.ascii	"\032\016]E\236d\004t\003\034^C>\260t}\350\012\334EX"
 202      9E640474 
 202      031C5E43 
 202      3EB0747D 
 202      E80ADC45 
 203 037a 55F6DC9F 		.ascii	"U\366\334\237\235\335\177K\020\276\323Qw?\201;\322\301"
 203      9DDD7F4B 
 203      10BED351 
 203      773F813B 
 203      D2C1
 204 038c 4AD39F0C 		.ascii	"J\323\237\014\021\340e\305\337\233\232)T&c\012n\232"
 204      11E065C5 
 204      DF9B9A29 
 204      5426630A 
 204      6E9A
 205 039e 10DC48BC 		.ascii	"\020\334H\274\212\241\\\317\326\302\262' N\214\202\255"
 205      8AA15CCF 
 205      D6C2B227 
 205      204E8C82 
 205      AD
 206 03af 7DD539CB 		.ascii	"}\3259\313\375\022-\362\361\231\354\313\206m\315\366"
 206      FD122DF2 
 206      F199ECCB 
 206      866DCDF6 
 207 03bf C8330B35 		.ascii	"\3103\0135\263\351J\270\000\343\336D\223\345\364\262"
 207      B3E94AB8 
 207      00E3DE44 
 207      93E5F4B2 
 208 03cf 2101C30E 		.ascii	"!\001\303\016f\273%Q\026\304\373E\307\350\015\004\015"
 208      66BB2551 
 208      16C4FB45 
 208      C7E80D04 
 208      0D
 209 03e0 B92A2095 		.ascii	"\271* \225R\021\202&\212t\201\"\035\240H\247\250\010"
 209      52118226 
 209      8A748122 
 209      1DA048A7 
 209      A808
 210 03f2 E37C217B 		.ascii	"\343|!{J\022\364 ([\322\250\341\207\015%\316\223a\320"
 210      4A12F420 
 210      285BD2A8 
 210      E1870D25 
 210      CE9361D0 
 211 0406 24C78372 		.ascii	"$\307\203r6#*\022\330\203%pJU\313Q\035n\243s\207n\327"
 211      36232A12 
 211      D8832570 
 211      4A55CB51 
 211      1D6EA373 
 212 041d 17276BF0 		.ascii	"\027'k\3605V\330\321PT\257\306\235\254P^X\324\304\343"
 212      3556D8D1 
 212      5054AFC6 
 212      9DAC505E 
 212      58D4C4E3 
 213 0431 1E563850 		.ascii	"\036V8P\326\267\012\341G\254\3608\265\330\204\007\331"
 213      D6B70AE1 
ARM GAS  C:\Users\Luczia\AppData\Local\Temp\ccCdqbvs.s 			page 17


 213      47ACF038 
 213      B5D88407 
 213      D9
 214 0442 77F6936B 		.ascii	"w\366\223kw\235\331\330\276P\\\327\230\363\223\206\255"
 214      779DD9D8 
 214      BE505CD7 
 214      98F39386 
 214      AD
 215 0453 954AB23A 		.ascii	"\225J\262:\236\355\274\265\201\307\243\024\253[\335"
 215      9EEDBCB5 
 215      81C7A314 
 215      AB5BDD
 216 0462 68BEA806 		.ascii	"h\276\250\006\305\341\361\364\361%\257]B\212Y\250\354"
 216      C5E1F1F4 
 216      F125AF5D 
 216      428A59A8 
 216      EC
 217 0473 CE1295AF 		.ascii	"\316\022\225\257\003\345\357\201\226\003\240\251\255"
 217      03E5EF81 
 217      9603A0A9 
 217      AD
 218 0480 96658849 		.ascii	"\226e\210IO\340\226\251YB%\254!\202\356\266G\337F\366"
 218      4FE096A9 
 218      594225AC 
 218      2182EEB6 
 218      47DF46F6 
 219 0494 F0E13FC8 		.ascii	"\360\341?\310\360\236\211\341\0012\272_\201\276c\217"
 219      F09E89E1 
 219      0132BA5F 
 219      81BE638F 
 220 04a4 FEE185C1 		.ascii	"\376\341\205\301-^2\374\274=\274^\001\227W\006L\331"
 220      2D5E32FC 
 220      BC3DBC5E 
 220      01975706 
 220      4CD9
 221 04b6 0340F4D2 		.ascii	"\003@\364\322\306\001qe\014B\036<\205Y{\0046\004\326"
 221      C6017165 
 221      0C421E3C 
 221      85597B04 
 221      3604D6
 222 04c9 0FF618AC 		.ascii	"\017\366\030\254\017l\030\354\011\330\317`\317\254+"
 222      0F6C18EC 
 222      09D8CF60 
 222      CFAC2B
 223 04d8 8778AF53 		.ascii	"\207x\257Sx\257\265\367^#\207&fU\226\007\315\252\001"
 223      78AFB5F7 
 223      5E238726 
 223      66559607 
 223      CDAA01
 224 04eb DBA5C086 		.ascii	"\333\245\300\206\272\256\234\203\373\023\316\201B\245"
 224      BAAE9C83 
 224      FB13CE81 
 224      42A5
 225 04f9 2685E387 		.ascii	"&\205\343\207\023;V\252tO!\352\335\211E\225\006\207"
 225      133B56AA 
 225      744F21EA 
 225      DD894595 
ARM GAS  C:\Users\Luczia\AppData\Local\Temp\ccCdqbvs.s 			page 18


 225      0687
 226 050b 453596AD 		.ascii	"E5\226\255e\360[\220\317\015\023\213J\341\220_\225\015"
 226      65F05B90 
 226      CF0D138B 
 226      4AE1905F 
 226      950D
 227 051d CF4AD438 		.ascii	"\317J\3248IE7\273\212c{NNB\276\236\342\302\337\346D"
 227      494537BB 
 227      8A637B4E 
 227      4E42BE9E 
 227      E2C2DFE6 
 228 0532 16FE73E8 		.ascii	"\026\376s\350<\"\357`$x\007\263\201Fa\022\376\337\011"
 228      3C22EF60 
 228      247807B3 
 228      81466112 
 228      FEDF09
 229 0545 012EDB8B 		.ascii	"\001.\333\213\212\036c\335w\326\243\221\272\226W\347"
 229      8A1E63DD 
 229      77D6A391 
 229      BA9657E7 
 230 0555 18D28924 		.ascii	"\030\322\211$\000{|eF\217+^\313x\377x\247\342\301$\244"
 230      007B7C65 
 230      468F2B5E 
 230      CB78FF78 
 230      A7E2C124 
 231 056a F375D015 		.ascii	"\363u\320\025%\361\276\212\336\322\221\352S\336G\216"
 231      25F1BE8A 
 231      DED291EA 
 231      53DE478E 
 232 057a 5481D7A1 		.ascii	"T\201\327\241q9>\3001\017#w6\265!\2660ud\303.oKwg\013"
 232      71393EC0 
 232      310F2377 
 232      36B521B6 
 232      307564C3 
 233 0594 B383340F 		.ascii	"\263\2034\017ll\277\341\2063U6\267\231%/\336f\226\260"
 233      6C6CBFE1 
 233      86335536 
 233      B799252F 
 233      DE6696B0 
 234 05a8 83ABB7F1 		.ascii	"\203\253\267\361b3\302\271\214o{\377%\354\350\022\260"
 234      6233C2B9 
 234      8C6F7BFF 
 234      25ECE812 
 234      B0
 235 05b9 12B82E11 		.ascii	"\022\270.\021\317\224\025\274\027Z\316[/\001k\246\367"
 235      CF9415BC 
 235      175ACE5B 
 235      2F016BA6 
 235      F7
 236 05ca 8E11C669 		.ascii	"\216\021\306i\274\026\245\362V\306K\330\221\242>\230"
 236      BC16A5F2 
 236      56C64BD8 
 236      91A23E98 
 237 05da 53B70276 		.ascii	"S\267\002v\007O_\262-\320sa\037\036\331\263v\215\220"
 237      074F5FB2 
 237      2DD07361 
 237      1F1ED9B3 
ARM GAS  C:\Users\Luczia\AppData\Local\Temp\ccCdqbvs.s 			page 19


 237      768D90
 238 05ed 6B4134CA 		.ascii	"kA4\312s\020\345*~\302\254\264\231O3\270M\346I\033A"
 238      7310E52A 
 238      7EC2ACB4 
 238      994F33B8 
 238      4DE6491B 
 239 0602 93C95C0D 		.ascii	"\223\311\\\015\244\276\343}\320Z\2605\274r\247\035+"
 239      A4BEE37D 
 239      D05AB035 
 239      BC72A71D 
 239      2B
 240 0613 626B0290 		.ascii	"bk\002\220\266k\202\020xX*\256\011\3028\205\267\363"
 240      B66B8210 
 240      78582AAE 
 240      09C23885 
 240      B7F3
 241 0625 6E93B704 		.ascii	"n\223\267\004^\367\026K[r\311)\237\220+[\023 \347P\301"
 241      5EF7164B 
 241      5B72C929 
 241      9F902B5B 
 241      1320E750 
 242 063a 93018C8B 		.ascii	"\223\001\214\213\325T\316si\243\273\264\310\323w\302"
 242      D554CE73 
 242      69A3BBB4 
 242      C8D377C2 
 243 064a 20503A70 		.ascii	" P:p\377\3658\006Ki\262\257\007\340:YZ\022\025\3657"
 243      FFF53806 
 243      4B69B2AF 
 243      07E03A59 
 243      5A1215F5 
 244 065f 3E525BCA 		.ascii	">R[\312{\212\016\322\034:\340^\030\035\372\226\336\311"
 244      7B8A0ED2 
 244      1C3AE05E 
 244      181DFA96 
 244      DEC9
 245 0671 EBD328D3 		.ascii	"\353\323(\323z\003\257L\353\215\274N\004^\350\311iE"
 245      7A03AF4C 
 245      EB8DBC4E 
 245      045EE8C9 
 245      6945
 246 0683 2A9ED5A1 		.ascii	"*\236\325\2418\025]\023\227\012Z5S\266P\307f\341%\236"
 246      38155D13 
 246      970A5A35 
 246      53B650C7 
 246      66E1259E 
 247 0697 8A231DD6 		.ascii	"\212#\035\326\034\332\314O\201\3777\361*6\302\341\215"
 247      1CDACC4F 
 247      81FF37F1 
 247      2A36C2E1 
 247      8D
 248 06a8 3B36BBBE 		.ascii	";6\273\276\226+\344VB\272\024\341\225U\2510\373\350"
 248      962BE456 
 248      42BA14E1 
 248      9555A930 
 248      FBE8
 249 06ba 3D024347 		.ascii	"=\002CG\345\034?J.\360\250\004\2169t\004\356\024\034"
 249      E51C3F4A 
ARM GAS  C:\Users\Luczia\AppData\Local\Temp\ccCdqbvs.s 			page 20


 249      2EF0A804 
 249      8E397404 
 249      EE141C
 250 06cd DAC2BF06 		.ascii	"\332\302\277\006\275\367f\230\353]\360U**Zq\256\331"
 250      BDF76698 
 250      EB5DF055 
 250      2A2A5A71 
 250      AED9
 251 06df 32899221 		.ascii	"2\211\222!\036\031\231\236\366\3163NV\202\031<\255\034"
 251      1E19999E 
 251      F6CE334E 
 251      5682193C 
 251      AD1C
 252 06f1 2D1CBCAC 		.ascii	"-\034\274\254R2\374\362\025\005\301,J0S\"\230\232\236"
 252      5232FCF2 
 252      1505C12C 
 252      4A305322 
 252      989A9E
 253 0704 B6DE5924 		.ascii	"\266\336Y$\330\232\255\203\371N\026\3105\011`h\253\254"
 253      D89AAD83 
 253      F94E16C8 
 253      35096068 
 253      ABAC
 254 0716 3B7CDA12 		.ascii	";|\332\022\314\246\004\237_\357\352\347\361\035Fp\177"
 254      CCA6049F 
 254      5FEFEAE7 
 254      F11D4670 
 254      7F
 255 0727 43C1A80A 		.ascii	"C\301\250\012\017\262\024\030\254\356\311\3238ZR9\274"
 255      0FB21418 
 255      ACEEC9D3 
 255      385A5239 
 255      BC
 256 0738 E37BF53B 		.ascii	"\343{\365;\354^\275\003\022t;\377\342\275\372x\315\251"
 256      EC5EBD03 
 256      12743BFF 
 256      E2BDFA78 
 256      CDA9
 257 074a 342D8D98 		.ascii	"4-\215\230 \230\012[\017\346\346\353\254*\3442\025\372"
 257      20980A5B 
 257      0FE6E6EB 
 257      AC2AE432 
 257      15FA
 258 075c 979FECD7 		.ascii	"\227\237\354\3279Ta\027Ua\247\244\302\320\203\216\233"
 258      39546117 
 258      5561A7A4 
 258      C2D0838E 
 258      9B
 259 076d 2A799AEE 		.ascii	"*y\232\356V\335\025\004\255\212\240\3206\231\3046{\021"
 259      56DD1504 
 259      AD8AA0D0 
 259      3699C436 
 259      7B11
 260 077f F2A80895 		.ascii	"\362\250\010\225}\27330\036g\"\264<;9\254\303+\235\350"
 260      7DBB3330 
 260      1E6722B4 
 260      3C3B39AC 
ARM GAS  C:\Users\Luczia\AppData\Local\Temp\ccCdqbvs.s 			page 21


 260      C32B9DE8 
 261 0793 35F28079 		.ascii	"5\362\200y\177\237\012\371z!\360\213\264\371\322/6\016"
 261      7F9F0AF9 
 261      7A21F08B 
 261      B4F9D22F 
 261      360E
 262 07a5 1500F73D 		.ascii	"\025\000\367=<\226~\007fA\006\013}\377!\325\360\255"
 262      3C967E07 
 262      6641060B 
 262      7DFF21D5 
 262      F0AD
 263 07b7 A16F2A9C 		.ascii	"\241o*\234\220'\340)\034\232\343\205f\203l\371 \033"
 263      9027E029 
 263      1C9AE385 
 263      66836CF9 
 263      201B
 264 07c9 69E2D03E 		.ascii	"i\342\320>H\365\275"
 264      48F5BD
 265 07d0 3CFD39F0 		.ascii	"<\3759\360\375\266\232!g\255\210N\3735t\347\263\361"
 265      FDB69A21 
 265      67AD884E 
 265      FB3574E7 
 265      B3F1
 266 07e2 6A9D32F5 		.ascii	"j\2352\365\367\003\0239\365\013\255\251\177\261~\363"
 266      F7031339 
 266      F50BADA9 
 266      7FB17EF3 
 267 07f2 1677AA69 		.ascii	"\026w\252i\2415\365\307\315\231\203j\207\222\036\244"
 267      A135F5C7 
 267      CD99836A 
 267      87921EA4 
 268 0802 921E9024 		.ascii	"\222\036\220$Mjn\255E i\007\314\352\323Z\\o^\261F\330"
 268      4D6A6EAD 
 268      45206907 
 268      CCEAD35A 
 268      5C6F5EB1 
 269 0818 89280CED 		.ascii	"\211(\014\355\2265\335-\252\200\212\250\226\017\366"
 269      9635DD2D 
 269      AA808AA8 
 269      960FF6
 270 0827 9837BAE3 		.ascii	"\2307\272\343#T\276\011\347z<sm\236\223u\025\034bs}"
 270      2354BE09 
 270      E77A3C73 
 270      6D9E9375 
 270      151C6273 
 271 083c BEFDEC41 		.ascii	"\276\375\354A\006$\273\352\367\2542\351\316\360}'\207"
 271      0624BBEA 
 271      F7AC32E9 
 271      CEF07D27 
 271      87
 272 084d 6C8F50B6 		.ascii	"l\217P\266\207%\266[7\017\035T\213l\357\237\377\323"
 272      8725B65B 
 272      370F1D54 
 272      8B6CEF9F 
 272      FFD3
 273 085f 588990A2 		.ascii	"X\211\220\242&\030T,S-\226\250\226\260\334\357k|\256"
 273      2618542C 
ARM GAS  C:\Users\Luczia\AppData\Local\Temp\ccCdqbvs.s 			page 22


 273      532D96A8 
 273      96B0DCEF 
 273      6B7CAE
 274 0872 63C79196 		.ascii	"c\307\221\226\234N5+r\020\231\007AT\326C)\3541:\021"
 274      9C4E352B 
 274      72109907 
 274      4154D643 
 274      29EC313A 
 275 0887 FE5EE828 		.ascii	"\376^\350(\233\207+m)e\342Y\346B\"\355\334|\312\231"
 275      9B872B6D 
 275      2965E259 
 275      E64222ED 
 275      DC7CCA99 
 276 089b 9D653FD2 		.ascii	"\235e?\322_<\365Mmn\036\353\305\355\363=D\023\246\024"
 276      5F3CF54D 
 276      6D6E1EEB 
 276      C5EDF33D 
 276      4413A614 
 277 08af A6F1383D 		.ascii	"\246\3618=\005\312x\017iL\202\276|}\365\207J\360\376"
 277      05CA780F 
 277      694C82BE 
 277      7C7DF587 
 277      4AF0FE
 278 08c2 5F0277E7 		.ascii	"_\002w\347T\0149O\253u\312\201<\373\001\232\310I\332"
 278      540C394F 
 278      AB75CA81 
 278      3CFB019A 
 278      C849DA
 279 08d5 DD56E88C 		.ascii	"\335V\350\214[\230\350;\033\236l\321\342.V(,*\267\270"
 279      5B98E83B 
 279      1B9E6CD1 
 279      E22E5628 
 279      2C2AB7B8 
 280 08e9 BD9E2734 		.ascii	"\275\236'4\262u\261\252+EH\332\000\207\013tD'A\031\330"
 280      B275B1AA 
 280      2B4548DA 
 280      00870B74 
 280      44274119 
 281 08fe A6149E4E 		.ascii	"\246\024\236N@M9?\215C\025\374\353\320\331|\240\342"
 281      404D393F 
 281      8D4315FC 
 281      EBD0D97C 
 281      A0E2
 282 0910 98DAA122 		.ascii	"\230\332\241\"\247$E\2163E\036\366\346\027\252\355C"
 282      A724458E 
 282      33451EF6 
 282      E617AAED 
 282      43
 283 0921 960FBE4A 		.ascii	"\226\017\276J\032\305))\212cg3\177\326\332\307\354\020"
 283      1AC52929 
 283      8A636733 
 283      7FD6DAC7 
 283      EC10
 284 0933 BD63DD8E 		.ascii	"\275c\335\216\303\332i\2754\346\323,\346\316\007\351"
 284      C3DA69BD 
 284      34E6D32C 
 284      E6CE07E9 
ARM GAS  C:\Users\Luczia\AppData\Local\Temp\ccCdqbvs.s 			page 23


 285 0943 ABDCF010 		.ascii	"\253\334\360\020\013\363\342\341\013\037\213Q\336\234"
 285      0BF3E2E1 
 285      0B1F8B51 
 285      DE9C
 286 0951 9A945B99 		.ascii	"\232\224[\231\342M`4B\330\347\024\343VA\215\205DXM#"
 286      E24D6034 
 286      42D8E714 
 286      E356418D 
 286      8544584D 
 287 0966 CCBB5756 		.ascii	"\314\273WV%\3769\305\225l\366\226\335\017\235\035\006"
 287      25FE39C5 
 287      956CF696 
 287      DD0F9D1D 
 287      06
 288 0977 7C560AF8 		.ascii	"|V\012\370\014\013\370\371\325\2441\236uv#\211}\267"
 288      0C0BF8F9 
 288      D5A4319E 
 288      75762389 
 288      7DB7
 289 0989 2D4F4C81 		.ascii	"-OL\201>\322,\230\237v\353\354\365\250\001&\347(\223"
 289      3ED22C98 
 289      9F76EBEC 
 289      F5A80126 
 289      E72893
 290 099c 5A1AE159 		.ascii	"Z\032\341Y)\302\275\226\224\362\027\364p\210\276\272"
 290      29C2BD96 
 290      94F217F4 
 290      7088BEBA 
 291 09ac 31B3CE7D 		.ascii	"1\263\316}Z\352$\242G\035\323C\270\320\336\346\214\267"
 291      5AEA24A2 
 291      471DD343 
 291      B8D0DEE6 
 291      8CB7
 292 09be 4CA27A6C 		.ascii	"L\242zloN_\207EA\332_e\202\324\211\202\300\236\247\030"
 292      6F4E5F87 
 292      4541DA5F 
 292      6582D489 
 292      82C09EA7 
 293 09d3 F83CD4D4 		.ascii	"\370<\324\324\023A\032\250 +\226\227\217a\255\270\347"
 293      13411AA8 
 293      202B9697 
 293      8F61ADB8 
 293      E7
 294 09e4 A7FDEA35 		.ascii	"\247\375\3525\012]\340\311\322I\2664f\330\234\307d\217"
 294      0A5DE0C9 
 294      D249B634 
 294      66D89CC7 
 294      648F
 295 09f6 9085BBC8 		.ascii	"\220\205\273\3106%\362&\334j\367\205)\261$\025el\243"
 295      3625F226 
 295      DC6AF785 
 295      29B12415 
 295      656CA3
 296 0a09 886DA4D8 		.ascii	"\210m\244\330\023\371\243c\356\0228\355\027\356\257"
 296      13F9A363 
 296      EE1238ED 
 296      17EEAF
ARM GAS  C:\Users\Luczia\AppData\Local\Temp\ccCdqbvs.s 			page 24


 297 0a18 E812C51F 		.ascii	"\350\022\305\037\355N\253R9\302\333]ZQ\023\355\222T"
 297      ED4EAB52 
 297      39C2DB5D 
 297      5A5113ED 
 297      9254
 298 0a2a B66D8B7A 		.ascii	"\266m\213z\342\210'\372\353\021j\246\021\337\355\263"
 298      E28827FA 
 298      EB116AA6 
 298      11DFEDB3 
 299 0a3a 0CE0E93B 		.ascii	"\014\340\351;\331E'\203\027\3224\260;\321S\237\3550"
 299      D9452783 
 299      17D234B0 
 299      3BD1539F 
 299      ED30
 300 0a4c 97F9E924 		.ascii	"\227\371\351$\311sK\326\"e\254\247mbm\021cm\241D\252"
 300      C9734BD6 
 300      2265ACA7 
 300      6D626D11 
 300      636DA144 
 301 0a61 1BCB4778 		.ascii	"\033\313Gx%\270\316\006\334*\202[)8o\357\261f\033\360"
 301      25B8CE06 
 301      DC2A825B 
 301      29386FEF 
 301      B1661BF0 
 302 0a75 111BC5AF 		.ascii	"\021\033\305\257\210`\362\326.\013\217\0111\204G~\220"
 302      8860F2D6 
 302      2E0B8F09 
 302      3184477E 
 302      90
 303 0a86 687CDDCF 		.ascii	"h|\335\317\317\037\376EDE\177\025\035o\014\370K\200"
 303      CF1FFE45 
 303      44457F15 
 303      1D6F0CF8 
 303      4B80
 304 0a98 7FBCD13F 		.ascii	"\177\274\321?*<\306\337\230\020A\336z\200\372Eh>\372"
 304      2A3CC6DF 
 304      981041DE 
 304      7A80FA45 
 304      683EFA
 305 0aab E433EF0F 		.ascii	"\3443\357\017\003\0028Ul\270\361\033\255^\237\030\035"
 305      03023855 
 305      6CB8F11B 
 305      AD5E9F18 
 305      1D
 306 0abc 679A13A8 		.ascii	"g\232\023\2507-\215x;\214\3665\232\022#\243\343\303"
 306      372D8D78 
 306      3B8CF635 
 306      9A1223A3 
 306      E3C3
 307 0ace 4CF1F131 		.ascii	"L\361\3611\306\260\257\343\022\275\351\227wxB\254\267"
 307      C6B0AFE3 
 307      12BDE997 
 307      777842AC 
 307      B7
 308 0adf 21F62B43 		.ascii	"!\366+Cd\244!2l\256\337l\357\300\331\001s\377\365F\030"
 308      64A42132 
 308      6CAEDF6C 
ARM GAS  C:\Users\Luczia\AppData\Local\Temp\ccCdqbvs.s 			page 25


 308      EFC0D901 
 308      73FFF546 
 309 0af4 D4CF8A8B 		.ascii	"\324\317\212\213\2173\3142\204\177\025\035\026\035\027"
 309      8F33CC32 
 309      847F151D 
 309      161D17
 310 0b03 11931869 		.ascii	"\021\223\030i\010\213\015\207\261\342\014a\372H\303"
 310      088B0D87 
 310      B1E20C61 
 310      FA48C3
 311 0b12 D2F0C418 		.ascii	"\322\360\304\030\223\336\364\3552\203\321/\212\323H"
 311      93DEF4ED 
 311      3283D12F 
 311      8AD348
 312 0b21 FEFEF9BB 		.ascii	"\376\376\371\273\3723~k\014\323\033M\221088\321E\307"
 312      FA337E6B 
 312      0CD31B4D 
 312      91303838 
 312      D145C7
 313 0b34 2F8B4F30 		.ascii	"/\213O0\221\010\365\246\277:\322\205@\214\376\241\237"
 313      9108F5A6 
 313      BF3AD285 
 313      408CFEA1 
 313      9F
 314 0b45 2E9A13E8 		.ascii	".\232\023\350\277pa\220\377G\213\027\004\377;P\222J"
 314      BF706190 
 314      FF478B17 
 314      04FF3B50 
 314      924A
 315 0b57 1F131309 		.ascii	"\037\023\023\011C9\021Tt\244\352\375\277\205,T/\014"
 315      43391154 
 315      74A4EAFD 
 315      BF852C54 
 315      2F0C
 316 0b69 FEF0EF21 		.ascii	"\376\360\357!\252\017BCB\320\027h\276:\"\306\020\236"
 316      AA0F4243 
 316      42D01768 
 316      BE3A22C6 
 316      109E
 317 0b7b 204A18F0 		.ascii	" J\030\360\246\336\244\221>\260\321`z\347\177tk4\305"
 317      A6DEA491 
 317      3EB0D160 
 317      7AE77F74 
 317      6B34C5
 318 0b8e 822C5F2F 		.ascii	"\202,_/\213\216\007\25788(\004/\010\012Q/\376lqP\310"
 318      8B8E07AF 
 318      38382804 
 318      2F080A51 
 318      2FFE6C71 
 319 0ba4 A4E0D0C5 		.ascii	"\244\340\320\305\363\346\005\2058\005\177\272d\361\274"
 319      F3E60585 
 319      38057FBA 
 319      64F1BC
 320 0bb3 10F5A2E0 		.ascii	"\020\365\242\340\240y!\204\321|\235\334Ko\322\262\250"
 320      A0792184 
 320      D17C9DDC 
 320      4B6FD2B2 
ARM GAS  C:\Users\Luczia\AppData\Local\Temp\ccCdqbvs.s 			page 26


 320      A8
 321 0bc4 A323F526 		.ascii	"\243#\365&\247\370\245K\201\203\216\020\322/\0157\232"
 321      A7F8A54B 
 321      81838E10 
 321      D22F0D37 
 321      9A
 322 0bd5 DED29B3E 		.ascii	"\336\322\233>\377}\005\227\264\376\243\2438E\2445\365"
 322      FF7D0597 
 322      B4FEA3A3 
 322      3845A435 
 322      F5
 323 0be6 A238F582 		.ascii	"\2428\365\202`\310\323\031\277)O9\027x}\221\020m2@\027"
 323      60C8D319 
 323      BF294F39 
 323      17787D91 
 323      106D3240 
 324 0bfb 57F80E35 		.ascii	"W\370\0165\230\340kQ|\244A\023\035\037\013/\275\311"
 324      98E06B51 
 324      7CA44113 
 324      1D1F0B2F 
 324      BDC9
 325 0c0d 39222AF4 		.ascii	"9\"*\364[\343\374\360\030\223*\"*<\301g\242\201\023"
 325      5BE3FCF0 
 325      18932A22 
 325      2A3CC167 
 325      A28113
 326 0c20 4C562211 		.ascii	"LV\"\021Q\300\341ein\365\240\317\327\011\361\211\313"
 326      51C0E165 
 326      696EF5A0 
 326      CFD709F1 
 326      89CB
 327 0c32 C8582EF2 		.ascii	"\310X.\3622\342\\\365\372\245\211q\021z\275\337[\201"
 327      32E25CF5 
 327      FAA58971 
 327      117ABDDF 
 327      5B81
 328 0c44 7F0ED448 		.ascii	"\177\016\324H%\235\202\217-f\256\233\015=\233\3067\347"
 328      259D828F 
 328      2D66AE9B 
 328      0D3D9BC6 
 328      37E7
 329 0c56 FC17AA08 		.ascii	"\374\027\252\010V\336"
 329      56DE
 330              		.text
 331              		.section	.gnu.lto_.symtab.803e8bcf,"",%progbits
 332 0000 70616C52 		.ascii	"palReadBus\000"
 332      65616442 
 332      757300
 333 000b 00       		.ascii	"\000"
 334 000c 00       		.ascii	"\000"
 335 000d 00       		.ascii	"\000"
 336 000e 00000000 		.ascii	"\000\000\000\000\000\000\000\000"
 336      00000000 
 337 0016 16010000 		.ascii	"\026\001\000\000"
 338 001a 70616C57 		.ascii	"palWriteBus\000"
 338      72697465 
 338      42757300 
ARM GAS  C:\Users\Luczia\AppData\Local\Temp\ccCdqbvs.s 			page 27


 339 0026 00       		.ascii	"\000"
 340 0027 00       		.ascii	"\000"
 341 0028 00       		.ascii	"\000"
 342 0029 00000000 		.ascii	"\000\000\000\000\000\000\000\000"
 342      00000000 
 343 0031 1B010000 		.ascii	"\033\001\000\000"
 344 0035 70616C53 		.ascii	"palSetBusMode\000"
 344      65744275 
 344      734D6F64 
 344      6500
 345 0043 00       		.ascii	"\000"
 346 0044 00       		.ascii	"\000"
 347 0045 00       		.ascii	"\000"
 348 0046 00000000 		.ascii	"\000\000\000\000\000\000\000\000"
 348      00000000 
 349 004e 23010000 		.ascii	"#\001\000\000"
 350 0052 63685379 		.ascii	"chSysHalt\000"
 350      7348616C 
 350      7400
 351 005c 00       		.ascii	"\000"
 352 005d 02       		.ascii	"\002"
 353 005e 00       		.ascii	"\000"
 354 005f 00000000 		.ascii	"\000\000\000\000\000\000\000\000"
 354      00000000 
 355 0067 2E010000 		.ascii	".\001\000\000"
 356 006b 5F70616C 		.ascii	"_pal_lld_setgroupmode\000"
 356      5F6C6C64 
 356      5F736574 
 356      67726F75 
 356      706D6F64 
 357 0081 00       		.ascii	"\000"
 358 0082 02       		.ascii	"\002"
 359 0083 00       		.ascii	"\000"
 360 0084 00000000 		.ascii	"\000\000\000\000\000\000\000\000"
 360      00000000 
 361 008c 34010000 		.ascii	"4\001\000\000"
 362              		.text
 363              		.section	.gnu.lto_.opts,"",%progbits
 364 0000 272D666D 		.ascii	"'-fmath-errno' '-fsigned-zeros' '-ftrapping-math' '"
 364      6174682D 
 364      6572726E 
 364      6F272027 
 364      2D667369 
 365 0033 2D666E6F 		.ascii	"-fno-trapv' '-fno-strict-overflow' '-fno-openmp' '-"
 365      2D747261 
 365      70762720 
 365      272D666E 
 365      6F2D7374 
 366 0066 666E6F2D 		.ascii	"fno-openacc' '-mcpu=cortex-m4' '-mthumb' '-O0' '-fo"
 366      6F70656E 
 366      61636327 
 366      20272D6D 
 366      6370753D 
 367 0099 6D69742D 		.ascii	"mit-frame-pointer' '-falign-functions=16' '-ffuncti"
 367      6672616D 
 367      652D706F 
 367      696E7465 
ARM GAS  C:\Users\Luczia\AppData\Local\Temp\ccCdqbvs.s 			page 28


 367      72272027 
 368 00cc 6F6E2D73 		.ascii	"on-sections' '-fdata-sections' '-fno-common' '-flto"
 368      65637469 
 368      6F6E7327 
 368      20272D66 
 368      64617461 
 369 00ff 2700     		.ascii	"'\000"
 370              		.text
 371              		.comm	__gnu_lto_v1,1,1
 372              		.comm	__gnu_lto_slim,1,1
 373              		.ident	"GCC: (GNU Tools for Arm Embedded Processors 7-2017-q4-major) 7.2.1 20170904 (release) [ARM
ARM GAS  C:\Users\Luczia\AppData\Local\Temp\ccCdqbvs.s 			page 29


DEFINED SYMBOLS
                            *ABS*:00000000 hal_pal.c
                            *COM*:00000001 __gnu_lto_v1
                            *COM*:00000001 __gnu_lto_slim

NO UNDEFINED SYMBOLS
