ARM GAS  C:\Users\Luczia\AppData\Local\Temp\cc9DMxsq.s 			page 1


   1              		.cpu cortex-m4
   2              		.eabi_attribute 20, 1
   3              		.eabi_attribute 21, 1
   4              		.eabi_attribute 23, 3
   5              		.eabi_attribute 24, 1
   6              		.eabi_attribute 25, 1
   7              		.eabi_attribute 26, 1
   8              		.eabi_attribute 30, 6
   9              		.eabi_attribute 34, 1
  10              		.eabi_attribute 18, 4
  11              		.file	"hal_st_lld.c"
  12              		.section	.gnu.lto_.inline.803eb691,"",%progbits
  13 0000 789C6363 		.ascii	"x\234cc``\320`d\200\003n\006\006\026f\006\006&\226\017"
  13      6060D060 
  13      6480036E 
  13      06061666 
  13      06062696 
  14 0015 7A0C2C0C 		.ascii	"z\014,\014L !F\014\021&\006\026\036 \311\264@\036\256"
  14      4C202146 
  14      0C112606 
  14      161E20C9 
  14      B4401EAE 
  15 0029 860B4830 		.ascii	"\206\013H0c\027fa`\025\303\"\014&X\261ka\303.\314\216"
  15      63176661 
  15      6015C322 
  15      0C2658B1 
  15      6B61C32E 
  16 003f C7240EEC 		.ascii	"\307$\016\354Z8\031\204n\202\\\314\263!\027E\234\211"
  16      5A381984 
  16      6E825CCC 
  16      B3211745 
  16      9C89
  17 0051 1BE43184 		.ascii	"\033\3441\204v4\002\"\315\315 \241\000d\253\035\330"
  17      76340222 
  17      CDCD20A1 
  17      0064AB1D 
  17      D8
  18 0062 C104D3CC 		.ascii	"\301\004\323\314\014\262\004H\003\000N\026\015\250"
  18      0CB20448 
  18      03004E16 
  18      0DA8
  19              		.text
  20              		.section	.gnu.lto_port_lock.803eb691,"",%progbits
  21 0000 789C7D50 		.ascii	"x\234}P\317K\025Q\024>\337\334\361\031jQ\213v.\346-"
  21      CF4B1551 
  21      143EDFDC 
  21      F1196A51 
  21      8B762EE6 
  22 0015 5E21C4BB 		.ascii	"^!\304\273\272\210jYo\345\342A\370\376\000\311i\310"
  22      BA886A59 
  22      6FE5E241 
  22      F8FE00C9 
  22      69C8
  23 0027 81C69199 		.ascii	"\201\306\221\231W\350\312\313\313xV\356z\251<\206,-"
  23      57E8CACB 
  23      CB7856EE 
  23      7AA93C86 
ARM GAS  C:\Users\Luczia\AppData\Local\Temp\cc9DMxsq.s 			page 2


  23      2C2D
  24 0039 AA4556F6 		.ascii	"\252EV\366\303|\246N\265\211\240(\241] \250\025\025"
  24      C37CA64E 
  24      B589A028 
  24      A15D20A8 
  24      1515
  25 004b 14458B56 		.ascii	"\024E\213V\326\271\243H\253\016\367\007\347\334\363"
  25      D6B9A348 
  25      AB0EF707 
  25      E7DCF3
  26 005a 7DE7FB6E 		.ascii	"}\347\373n\212\210&@t\231\357\335\274I\020\014\342\015"
  26      8A882640 
  26      7499EFDD 
  26      BC49100C 
  26      E20D
  27 006c 2E1268C0 		.ascii	".\022h\300\300\000\206EE\340Y\371\343\254\321rCq\304"
  27      C0008645 
  27      45E059F9 
  27      E3ACD172 
  27      4371C4
  28 007f A3BFF63C 		.ascii	"\243\277\366<=\253\316\267F\202hDP\022\270\217\026\342"
  28      3DABCEB7 
  28      46826844 
  28      5012B88F 
  28      16E2
  29 0091 BE957BEB 		.ascii	"\276\225{\353\227\266\247\314\215:\036 \305,\004~x;"
  29      97B6A7CC 
  29      8D3A1E20 
  29      C52C047E 
  29      783B
  30 00a3 78371217 		.ascii	"x7\022\027D$\000\223\323\037\257\252\253;tj\300\342"
  30      44240093 
  30      D31FAFAA 
  30      AB3B746A 
  30      C0E2
  31 00b5 F4FACBA5 		.ascii	"\364\372\313\245\305Fq\020\232\342\326\324\325\261\246"
  31      C5467110 
  31      9AE2D6D4 
  31      D5B1A6
  32 00c4 CCA45225 		.ascii	"\314\244R%\025\277\301\013eFB`\006\202)\361\010\315"
  32      15BFC10B 
  32      65464260 
  32      068229F1 
  32      08CD
  33 00d6 7888E68D 		.ascii	"x\210\346\215\221\217\221\271\263T\027\253\365?e\025"
  33      918F91B9 
  33      B35417AB 
  33      F53F6515 
  34 00e6 AF5DC3CC 		.ascii	"\257]\303\314\247m\246\221\224\211\206\022]\347\004"
  34      A76DA691 
  34      94898612 
  34      5DE704
  35 00f5 BB115F50 		.ascii	"\273\021_P*RU\030\314]\376\254\346M=V\300\302,\023}"
  35      2A525518 
  35      CC5DFEAC 
  35      E64D3D56 
  35      C0C22C13 
ARM GAS  C:\Users\Luczia\AppData\Local\Temp\cc9DMxsq.s 			page 3


  36 010a 45696572 		.ascii	"Eier\270\266\214-\355\203\211\307\213\225\275H\230\264"
  36      B8B68C2D 
  36      ED8389C7 
  36      8B95BD48 
  36      98B4
  37 011c 8711817F 		.ascii	"\207\021\201\177\275\241\206\024\346\2645>\300\006\317"
  37      BDA18614 
  37      E6B4353E 
  37      C006CF
  38 012b 68F4C4F8 		.ascii	"h\364\304\370\364\357\206t\005\343j\314\212\204\251"
  38      F4EF8674 
  38      05E36ACC 
  38      8A84A9
  39 013a 01B757E7 		.ascii	"\001\267W\347\224\226Dx\2024\351\312\373j\255\322\240"
  39      94964478 
  39      8234E9CA 
  39      FB6AADD2 
  39      A0
  40 014b 45CEC3AC 		.ascii	"E\316\303\254jqXH\276\343\346\302\363\017M\351\321M"
  40      6A715848 
  40      BEE3E6C2 
  40      F30F4DE9 
  40      D14D
  41 015d 709D6EFD 		.ascii	"p\235n\37595\375\2561\001/j0b\230\364\015\245+\337_"
  41      3935FDAE 
  41      31012F6A 
  41      306298F4 
  41      0DA52BDF 
  42 0172 EF4AFE55 		.ascii	"\357J\376U\307\020\013#n\331\237\315J^v\267\333\345"
  42      C7100B23 
  42      6ED99FCD 
  42      4A5E76B7 
  42      DBE5
  43 0184 FA61DBA1 		.ascii	"\372a\333\2416\351\207\322\366=\317\357\221\275~P\014"
  43      36E987D2 
  43      F63DCFEF 
  43      91BD7E50 
  43      0C
  44 0195 E5E18E7C 		.ascii	"\345\341\216|.\337\307\035\266\0378\235\247\017x\331"
  44      2EDFC71D 
  44      B61F389D 
  44      A70F78D9 
  45 01a5 6EAAEF3A 		.ascii	"n\252\357:\026:G\003\367\310\177\320N_Qce._h/\310\034"
  45      163A4703 
  45      F7C87FD0 
  45      4E5F5163 
  45      652E5F68 
  46 01bc 83657B8F 		.ascii	"\203e{\217}\362\324qG\332^\350\206\235'l\233\251v\346"
  46      7DF2D471 
  46      47DA5EE8 
  46      869D276C 
  46      9BA976E6 
  47 01d0 0B1D96A6 		.ascii	"\013\035\226\246\353\015\334}V\246\225\214\200\352="
  47      EB0DDC7D 
  47      56A6958C 
  47      80EA3D
  48 01df C7F3837E 		.ascii	"\307\363\203~\372\013%-\256\273"
ARM GAS  C:\Users\Luczia\AppData\Local\Temp\cc9DMxsq.s 			page 4


  48      FA0B252D 
  48      AEBB
  49              		.text
  50              		.section	.gnu.lto_port_unlock.803eb691,"",%progbits
  51 0000 789C7D50 		.ascii	"x\234}P\317KTQ\024>\337\273\317\231P\213Z\270s1\263"
  51      CF4B5451 
  51      143EDFBB 
  51      CF99508B 
  51      5AB87331 
  52 0015 184488B9 		.ascii	"\030D\210\271\272\210jY\263r1\020\316\037 \371z\344"
  52      BA886A59 
  52      B3723110 
  52      CE1F20F9 
  52      7AE4
  53 0027 839E4FDE 		.ascii	"\203\236O\336\233\302V^FEKwM\243\014\217,-\252EV\366"
  53      9BC2565E 
  53      46454B77 
  53      4DA30C8F 
  53      2C2DAA45 
  54 003d D3B1F465 		.ascii	"\323\261\364e\233\010\302\222\332H\020(%\024\004\375"
  54      9B08C292 
  54      DA481028 
  54      251404FD 
  55 004d 58B4B2CE 		.ascii	"X\264\262\316}\206\264\352p\177p\316=\337w\276\357&"
  55      7D86B4EA 
  55      707F70CE 
  55      3DDF77BE 
  55      EF26
  56 005f 88681A44 		.ascii	"\210h\032D\227\370n\342M\202`\020op\221@\003\006\006"
  56      97F86EE2 
  56      4D826010 
  56      6F709140 
  56      030606
  57 0072 302ECA02 		.ascii	"0.\312\002\313#\237\346\215\326\353\212#\232x\333\362"
  57      CB239FE6 
  57      8DD6EB8A 
  57      239A78DB 
  57      F2
  58 0083 6C589D6F 		.ascii	"lX\235o\013\005QEP\034\270\207V\342\276\365\273[\027"
  58      0B055145 
  58      501CB887 
  58      56E2BEF5 
  58      BB5B17
  59 0096 7727CCED 		.ascii	"w'\314\355:\356#\301,\004~x3t'\024c\"\024\200\311\351"
  59      3AEE23C1 
  59      2C047E78 
  59      33742714 
  59      63221480 
  60 00ac B757D58D 		.ascii	"\267W\325\215=:5\220\342\364\332\313\325\245\006q\010"
  60      3D3A3590 
  60      E2F4DACB 
  60      D5A50671 
  60      08
  61 00bd 9AE2E6EC 		.ascii	"\232\342\346\354\225\311\306\314\214R%\025\275\306\013"
  61      95C9C6CC 
  61      8C522515 
  61      BDC60B
ARM GAS  C:\Users\Luczia\AppData\Local\Temp\cc9DMxsq.s 			page 5


  62 00cc 658642E0 		.ascii	"e\206B\340\021\004S\342!\232\361\000\315\333#\037#s"
  62      110453E2 
  62      219AF100 
  62      CDDB231F 
  62      2373
  63 00de 7BB52E52 		.ascii	"{\265.R[\277GT\364\363*~l\3562\215\270L4\032\353:'\330"
  63      5BBF4754 
  63      F4F32A7E 
  63      6CEE328D 
  63      B84C341A 
  64 00f6 8DF88C52 		.ascii	"\215\370\214R\221\252\302`\356\312\360\362JR\217\025"
  64      91AAC260 
  64      EECAF0F2 
  64      4A528F15 
  65 0106 20CC33D1 		.ascii	" \3143\321\027\224\326g\306k\037\260\243}(\366xa\255"
  65      1794D667 
  65      C66B1FB0 
  65      A37D28F6 
  65      7861AD
  66 0119 053193F6 		.ascii	"\0051\223\366P\021\370\327\033jH`A[\343\203yhP\243\247"
  66      5011F8D7 
  66      1B6A4860 
  66      415BE383 
  66      796850A3 
  67 012e A7E67ED5 		.ascii	"\247\346~\325\247\313\230R\223\251P\230\032pkcAiI\204"
  67      A7CB9852 
  67      93A95098 
  67      1A706B63 
  67      41694984 
  68 0142 274893AE 		.ascii	"'H\223\256\274\257\326\312\365Z\344S\230U-\016\213\361"
  68      BCAFD6CA 
  68      F55AE453 
  68      98552D0E 
  68      8BF1
  69 0154 77DC587C 		.ascii	"w\334X|\376\2611=\361\027\\\247[\277\317\316\275k\210"
  69      FEB1313D 
  69      F1175CA7 
  69      5BBFCFCE 
  69      BD6B88
  70 0167 C14B1A8C 		.ascii	"\301K\032\214\010&}E\351\362\346\312\276\370_u\214\262"
  70      08267D45 
  70      E9F2E6CA 
  70      BEF85F75 
  70      8CB2
  71 0179 30E29603 		.ascii	"0\342\226\003\331\254\344e\3658\335\216\027\264\037"
  71      D9ACE465 
  71      F538DD8E 
  71      17B41F
  72 0188 6E975E20 		.ascii	"n\227^ -\317u\275^\331\347\371\305@\036\351\314\347"
  72      2DCF75BD 
  72      5ED9E7F9 
  72      C5401EE9 
  72      CCE7
  73 019a F2FDDC61 		.ascii	"\362\375\334ay\276\335u\346\240\233\355\241d\367\361"
  73      79BEDD75 
  73      E6A09BED 
  73      A164F7F1 
ARM GAS  C:\Users\Luczia\AppData\Local\Temp\cc9DMxsq.s 			page 6


  74 01aa C03EE63B 		.ascii	"\300>\346;G\377\203\266\373\213\032+s\371BGA\346\030"
  74      47FF83B6 
  74      FB8B1A2B 
  74      73F94247 
  74      41E618
  75 01bd 2C3B7AAD 		.ascii	",;z\255S\247O\330\322r\003'\350:iYL\2657_\350Li\272"
  75      53A74FD8 
  75      D2720327 
  75      E83A6959 
  75      4CB5375F 
  76 01d5 3EDFD99F 		.ascii	">\337\331\237\312\264\221\341S\322\265]\317?K\177\000"
  76      CAB491E1 
  76      53D2B55D 
  76      CF3F4B7F 
  76      00
  77 01e6 8568AF09 		.ascii	"\205h\257\011"
  78              		.text
  79              		.section	.gnu.lto_port_lock_from_isr.803eb691,"",%progbits
  80 0000 789C6363 		.ascii	"x\234cc``X\004\304\346@,\012\304\014\314\014\214L\014"
  80      60605804 
  80      C4E6402C 
  80      0AC40CCC 
  80      0C8C4C0C 
  81 0014 40CCC808 		.ascii	"@\314\310\010\34402\32431\3263\3660Oaf<\324\376l'\223"
  81      E43032D4 
  81      3331D633 
  81      F6304F61 
  81      663CD4FE 
  82 002b E6F20620 		.ascii	"\346\362\006 80}\222\326\301\326\206.\2039\314\014\014"
  82      38307D92 
  82      D6C1D686 
  82      2E8339CC 
  82      0C0C
  83 003d D39819C0 		.ascii	"\323\230\031\300\200q3\243&\003P\335\243\215\377\246"
  83      807133A3 
  83      260350DD 
  83      A38DFFA6 
  84 004d F2B2B140 		.ascii	"\362\262\261@\304\031\2670\2621\200LZ\177\211\365@\303"
  84      C419B730 
  84      B231804C 
  84      5A7F89F5 
  84      40C3
  85 005f BFFFED0D 		.ascii	"\277\377\355\015\007\336,e\234\371\212\003(\331\001"
  85      07DE2C65 
  85      9CF98A03 
  85      28D901
  86 006e D6D8C90C 		.ascii	"\326\330\311\014\264\216\371\015c\363\202\365W\014\301"
  86      B48EF90D 
  86      63F382F5 
  86      570CC1
  87 007d CA8166EC 		.ascii	"\312\201f\354\334\371\3466{\375\337\006\2169\314\214"
  87      DCF9E636 
  87      7BFDDF06 
  87      8E39CC8C 
  88 008d D39881FA 		.ascii	"\323\230\201\372\031\2672\3263\314\001*}\307\330\264"
  88      19B732D6 
  88      33CC012A 
ARM GAS  C:\Users\Luczia\AppData\Local\Temp\cc9DMxsq.s 			page 7


  88      7DC7D8B4 
  89 009d 60F31541 		.ascii	"`\363\025A\260B\020\350\000\311\002M0\325\323\323\007"
  89      B04210E8 
  89      00C9024D 
  89      30D5D3D3 
  89      07
  90 00ae A2E48CCC 		.ascii	"\242\344\214\314\244\314\374bCKC\375\374b\375\344\374"
  90      A4CCFC62 
  90      434B43FD 
  90      FC62FDE4 
  90      FC
  91 00bf DCDCFC3C 		.ascii	"\334\334\374<\375\202\374\242\222b}\307 _g\337\012\240"
  91      FD82FCA2 
  91      92627DC7 
  91      205F67DF 
  91      0AA0
  92 00d1 8AE4FCA2 		.ascii	"\212\344\374\242\324\3702\363\\\275\014\006\000~\031"
  92      D4F832F3 
  92      5CBD0C06 
  92      007E19
  93 00e0 439E     		.ascii	"C\236"
  94              		.text
  95              		.section	.gnu.lto_port_unlock_from_isr.803eb691,"",%progbits
  96 0000 789C6363 		.ascii	"x\234cc``X\004\304\346@,\012\304\014\314\014\214L\014"
  96      60605804 
  96      C4E6402C 
  96      0AC40CCC 
  96      0C8C4C0C 
  97 0014 40CCC808 		.ascii	"@\314\310\010\34402\32431\3263\3660Oaf<\324\376l'\223"
  97      E43032D4 
  97      3331D633 
  97      F6304F61 
  97      663CD4FE 
  98 002b E6F20620 		.ascii	"\346\362\006 80}\207\326\301\326\206.\2039\314\014\014"
  98      38307D87 
  98      D6C1D686 
  98      2E8339CC 
  98      0C0C
  99 003d D39819C0 		.ascii	"\323\230\031\300\200q3\243&\003P\335\243\215\377\246"
  99      807133A3 
  99      260350DD 
  99      A38DFFA6 
 100 004d F2B2B140 		.ascii	"\362\262\261@\304\031\2670\2621\200LZ\177\211\365@\303"
 100      C419B730 
 100      B231804C 
 100      5A7F89F5 
 100      40C3
 101 005f BFFFED0D 		.ascii	"\277\377\355\015\007\376,e\334\377\212\003(\331\001"
 101      07FE2C65 
 101      DCFF8A03 
 101      28D901
 102 006e D6D8C90C 		.ascii	"\326\330\311\014\264\216\371\015c\363\202\337W\014\301"
 102      B48EF90D 
 102      63F382DF 
 102      570CC1
 103 007d CA8166EC 		.ascii	"\312\201f\354\334\371\3466{\375\337\006\2169\314\214"
 103      DCF9E636 
ARM GAS  C:\Users\Luczia\AppData\Local\Temp\cc9DMxsq.s 			page 8


 103      7BFDDF06 
 103      8E39CC8C 
 104 008d D39881FA 		.ascii	"\323\230\201\372\031\2672\3263\314\001*}\307\330\264"
 104      19B732D6 
 104      33CC012A 
 104      7DC7D8B4 
 105 009d E0FF1541 		.ascii	"\340\377\025A\260B\020\350\000\311\002M0\325\323\323"
 105      B04210E8 
 105      00C9024D 
 105      30D5D3D3 
 106 00ad 07A2E48C 		.ascii	"\007\242\344\214\314\244\314\374bCKC\375\374b\375\344"
 106      CCA4CCFC 
 106      62434B43 
 106      FDFC62FD 
 106      E4
 107 00be FCDCDCFC 		.ascii	"\374\334\334\374<\375\202\374\242\222b}\307 _g\337\012"
 107      3CFD82FC 
 107      A292627D 
 107      C7205F67 
 107      DF0A
 108 00d0 A08AE4FC 		.ascii	"\240\212\344\374\242\324\3702\363\\\275\014\006\000"
 108      A2D4F832 
 108      F35CBD0C 
 108      0600
 109 00de F0D54492 		.ascii	"\360\325D\222"
 110              		.text
 111              		.section	.gnu.lto_chSysLockFromISR.803eb691,"",%progbits
 112 0000 789C6363 		.ascii	"x\234cc``8\011\304\232@,\012\304\014\314\014\214L\014"
 112      60603809 
 112      C49A402C 
 112      0AC40CCC 
 112      0C8C4C0C 
 113 0014 40CCC808 		.ascii	"@\314\310\010\34402\32431\3263\3660Oaf<\324\376l'\223"
 113      E43032D4 
 113      3331D633 
 113      F6304F61 
 113      663CD4FE 
 114 002b E6F20620 		.ascii	"\346\362\006 80}\223\324\232\206\013\015\314s\230\031"
 114      38307D93 
 114      D49A860B 
 114      0DCC7398 
 114      19
 115 003c 18A63133 		.ascii	"\030\24613\200\001\343fFM\006\240\272G\033\377M\345"
 115      8001E366 
 115      464D06A0 
 115      BA471BFF 
 115      4DE5
 116 004e 65638188 		.ascii	"ec\201\2103nadc\000\231\264\376\022\353\201\206\177"
 116      336E6164 
 116      630099B4 
 116      FE12EB81 
 116      867F
 117 0060 FFDB1B0E 		.ascii	"\377\333\033\016\334Y\312\2707\212\205\201\241\003\254"
 117      DC59CAB8 
 117      378A8581 
 117      A103AC
 118 006f AF931968 		.ascii	"\257\223\031h\033\363\033\306\346\005\357\2670\203U"
ARM GAS  C:\Users\Luczia\AppData\Local\Temp\cc9DMxsq.s 			page 9


 118      1BF31BC6 
 118      E605EFB7 
 118      308355
 119 007e 038DD8B9 		.ascii	"\003\215\330\271\363\315m\366\372\277\015\034s\230\031"
 119      F3CD6DF6 
 119      FABF0D1C 
 119      739819
 120 008d A73103B5 		.ascii	"\2471\003\2653ne\254g\230\003T\012R\370\325\004\273"
 120      336E65AC 
 120      67980354 
 120      0A52F8D5 
 120      04BB
 121 009f 3A90B3B7 		.ascii	":\220\263\267A\325\275clZ\360{\013#X!\010t\200L\001"
 121      41D5BD63 
 121      6C5AF07B 
 121      0B235821 
 121      0874804C 
 122 00b4 2A50D7D3 		.ascii	"*P\327\323\323\007\242\344\214\314\244\314\374bCKC\375"
 122      D307A2E4 
 122      8CCCA4CC 
 122      FC62434B 
 122      43FD
 123 00c6 FC62FDA2 		.ascii	"\374b\375\242\022\375\314\274\344\234\322\224T\240D"
 123      12FDCCBC 
 123      E49CD294 
 123      54A044
 124 00d5 7165B15E 		.ascii	"qe\261^\006\003\000\021\210KR"
 124      06030011 
 124      884B52
 125              		.text
 126              		.section	.gnu.lto_osalSysLockFromISR.803eb691,"",%progbits
 127 0000 789C6363 		.ascii	"x\234cc``X\004\304\232@,\012\304\014\314\014\214L\014"
 127      60605804 
 127      C49A402C 
 127      0AC40CCC 
 127      0C8C4C0C 
 128 0014 40CCC808 		.ascii	"@\314\310\010\34402\32431\3263\3660Oaf<\324\376l'\223"
 128      E43032D4 
 128      3331D633 
 128      F6304F61 
 128      663CD4FE 
 129 002b E6F20620 		.ascii	"\346\362\006 80\375\232\322\301\326\206.\2039\314\014"
 129      3830FD9A 
 129      D2C1D686 
 129      2E8339CC 
 129      0C
 130 003c 0CD39819 		.ascii	"\014\323\230\031\300\200q3\243&\003P\335\243\215\377"
 130      C0807133 
 130      A3260350 
 130      DDA38DFF 
 131 004c A6F2B2B1 		.ascii	"\246\362\262\261@\304\031\2670\2621\200LZ\177\211\365"
 131      40C419B7 
 131      30B23180 
 131      4C5A7F89 
 131      F5
 132 005d 40C3BFFF 		.ascii	"@\303\277\377\355\015\007\336,e\274\373\210\003(\331"
 132      ED0D07DE 
ARM GAS  C:\Users\Luczia\AppData\Local\Temp\cc9DMxsq.s 			page 10


 132      2C65BCFB 
 132      880328D9 
 133 006d 01D6D8C9 		.ascii	"\001\326\330\311\014\264\216\371\015c\363\202\355G\015"
 133      0CB48EF9 
 133      0D63F382 
 133      ED470D
 134 007c C1CA8166 		.ascii	"\301\312\201f\354\334\371\3466{\375\337\006\2169\314"
 134      ECDCF9E6 
 134      367BFDDF 
 134      068E39CC 
 135 008c 8CD39881 		.ascii	"\214\323\230\201\372\031\2672\3263\314\001*}\307\330"
 135      FA19B732 
 135      D633CC01 
 135      2A7DC7D8 
 136 009c B460F751 		.ascii	"\264`\367QA\260B\020\350\000\311\002MP\327\323\323\007"
 136      41B04210 
 136      E800C902 
 136      4D50D7D3 
 136      D307
 137 00ae A2E48CCC 		.ascii	"\242\344\214\314\244\314\374bCKC\375\374b\375\214\304"
 137      A4CCFC62 
 137      434B43FD 
 137      FC62FD8C 
 137      C4
 138 00bf 1C200524 		.ascii	"\034 \005$\212J\300\264^\006\003\000\030\307>\317"
 138      8A4AC0B4 
 138      5E060300 
 138      18C73ECF 
 139              		.text
 140              		.section	.gnu.lto_osalOsTimerHandlerI.803eb691,"",%progbits
 141 0000 789C6363 		.ascii	"x\234cc``X\004\304\232@,\012\304\014\314\014\214L\014"
 141      60605804 
 141      C49A402C 
 141      0AC40CCC 
 141      0C8C4C0C 
 142 0014 40CCC808 		.ascii	"@\314\310\010\34402\32431\3263\3660Oaf<\324\376l'\223"
 142      E43032D4 
 142      3331D633 
 142      F6304F61 
 142      663CD4FE 
 143 002b E6F20620 		.ascii	"\346\362\006 80\375\223\332\301\326\206.\2039\314\014"
 143      3830FD93 
 143      DAC1D686 
 143      2E8339CC 
 143      0C
 144 003c 0CD39819 		.ascii	"\014\323\230\031\300\200q3\243&\003P\335\243\215\377"
 144      C0807133 
 144      A3260350 
 144      DDA38DFF 
 145 004c A6F2B2B1 		.ascii	"\246\362\262\261@\304\031\2670\2621\200LZ\177\211\365"
 145      40C419B7 
 145      30B23180 
 145      4C5A7F89 
 145      F5
 146 005d 40C3BFFF 		.ascii	"@\303\277\377\355\015\007\276,e\374\371\214\003(\331"
 146      ED0D07BE 
 146      2C65FCF9 
ARM GAS  C:\Users\Luczia\AppData\Local\Temp\cc9DMxsq.s 			page 11


 146      8C0328D9 
 147 006d 01D6D8C9 		.ascii	"\001\326\330\311\014\264\216\371\015c\363\202\367g\015"
 147      0CB48EF9 
 147      0D63F382 
 147      F7670D
 148 007c C1CA8166 		.ascii	"\301\312\201f\354\334\371\3466{\375\337\006\2169\314"
 148      ECDCF9E6 
 148      367BFDDF 
 148      068E39CC 
 149 008c 8CD39881 		.ascii	"\214\323\230\201\372\031\2672\3263\314\001*}\307\330"
 149      FA19B732 
 149      D633CC01 
 149      2A7DC7D8 
 150 009c B4E0F359 		.ascii	"\264\340\363YA\260B\020\350\000\311\002MP\327\323\323"
 150      41B04210 
 150      E800C902 
 150      4D50D7D3 
 150      D3
 151 00ad 07A2E48C 		.ascii	"\007\242\344\214\314\244\314\374bCKC\375\374b\375\214"
 151      CCA4CCFC 
 151      62434B43 
 151      FDFC62FD 
 151      8C
 152 00be C41C2005 		.ascii	"\304\034 \005$\212J\300\264^\006\003\000k_?\227"
 152      248A4AC0 
 152      B45E0603 
 152      006B5F3F 
 152      97
 153              		.text
 154              		.section	.gnu.lto_chSysUnlockFromISR.803eb691,"",%progbits
 155 0000 789C6363 		.ascii	"x\234cc``8\011\304\232@,\012\304\014\314\014\214L\014"
 155      60603809 
 155      C49A402C 
 155      0AC40CCC 
 155      0C8C4C0C 
 156 0014 40CCC808 		.ascii	"@\314\310\010\34402\32431\3263\3660Oaf<\324\376l'\223"
 156      E43032D4 
 156      3331D633 
 156      F6304F61 
 156      663CD4FE 
 157 002b E6F20620 		.ascii	"\346\362\006 80\375\227\324\232\206\013\015\314s\230"
 157      3830FD97 
 157      D49A860B 
 157      0DCC7398 
 158 003b 1918A631 		.ascii	"\031\030\24613\200\001\343fFM\006\240\272G\033\377M"
 158      338001E3 
 158      66464D06 
 158      A0BA471B 
 158      FF4D
 159 004d E5656381 		.ascii	"\345ec\201\2103nadc\000\231\264\376\022\353\201\206"
 159      88336E61 
 159      64630099 
 159      B4FE12EB 
 159      8186
 160 005f 7FFFDB1B 		.ascii	"\177\377\333\033\016\274Y\31285\232\205\201\241\003"
 160      0EBC59CA 
 160      38359A85 
ARM GAS  C:\Users\Luczia\AppData\Local\Temp\cc9DMxsq.s 			page 12


 160      81A103
 161 006e ACAF9319 		.ascii	"\254\257\223\031h\033\363\033\306\346\005\377\2672\203"
 161      681BF31B 
 161      C6E605FF 
 161      B73283
 162 007d 55038DD8 		.ascii	"U\003\215\330\271\363\315m\366\372\277\015\034s\230"
 162      B9F3CD6D 
 162      F6FABF0D 
 162      1C7398
 163 008c 19A73103 		.ascii	"\031\2471\003\2653ne\254g\230\003T\012R\270\324\014"
 163      B5336E65 
 163      AC679803 
 163      540A52B8 
 163      D40C
 164 009e BB3A90B3 		.ascii	"\273:\220\263\267A\325\275clZ\260z\033#X!\010t\200L"
 164      B741D5BD 
 164      636C5AB0 
 164      7A1B2358 
 164      21087480 
 165 00b3 012A50D7 		.ascii	"\001*P\327\323\323\007\242\344\214\314\244\314\374b"
 165      D3D307A2 
 165      E48CCCA4 
 165      CCFC62
 166 00c2 434B43FD 		.ascii	"CKC\375\374b\375\242\022\375\314\274\344\234\322\224"
 166      FC62FDA2 
 166      12FDCCBC 
 166      E49CD294 
 167 00d2 54A04471 		.ascii	"T\240Dqe\261^\006\003\000\032\301J\370"
 167      65B15E06 
 167      03001AC1 
 167      4AF8
 168              		.text
 169              		.section	.gnu.lto_osalSysUnlockFromISR.803eb691,"",%progbits
 170 0000 789C6363 		.ascii	"x\234cc``X\004\304\232@,\012\304\014\314\014\214L\014"
 170      60605804 
 170      C49A402C 
 170      0AC40CCC 
 170      0C8C4C0C 
 171 0014 40CCC808 		.ascii	"@\314\310\010\34402\32431\3263\3660Oaf<\324\376l'\223"
 171      E43032D4 
 171      3331D633 
 171      F6304F61 
 171      663CD4FE 
 172 002b E6F20620 		.ascii	"\346\362\006 80\375\217\322\301\326\206.\2039\314\014"
 172      3830FD8F 
 172      D2C1D686 
 172      2E8339CC 
 172      0C
 173 003c 0CD39819 		.ascii	"\014\323\230\031\300\200q3\243&\003P\335\243\215\377"
 173      C0807133 
 173      A3260350 
 173      DDA38DFF 
 174 004c A6F2B2B1 		.ascii	"\246\362\262\261@\304\031\2670\2621\200LZ\177\211\365"
 174      40C419B7 
 174      30B23180 
 174      4C5A7F89 
 174      F5
ARM GAS  C:\Users\Luczia\AppData\Local\Temp\cc9DMxsq.s 			page 13


 175 005d 40C3BFFF 		.ascii	"@\303\277\377\355\015\007\376,e\234\374\230\003(\331"
 175      ED0D07FE 
 175      2C659CFC 
 175      980328D9 
 176 006d 01D6D8C9 		.ascii	"\001\326\330\311\014\264\216\371\015c\363\202\305\307"
 176      0CB48EF9 
 176      0D63F382 
 176      C5C7
 177 007b 0CC1CA81 		.ascii	"\014\301\312\201f\354\334\371\3466{\375\337\006\216"
 177      66ECDCF9 
 177      E6367BFD 
 177      DF068E
 178 008a 39CC8CD3 		.ascii	"9\314\214\323\230\201\372\031\2672\3263\314\001*}\307"
 178      9881FA19 
 178      B732D633 
 178      CC012A7D 
 178      C7
 179 009b D8B460F9 		.ascii	"\330\264`\3711A\260B\020\350\000\311\002MP\327\323\323"
 179      3141B042 
 179      10E800C9 
 179      024D50D7 
 179      D3D3
 180 00ad 07A2E48C 		.ascii	"\007\242\344\214\314\244\314\374bCKC\375\374b\375\214"
 180      CCA4CCFC 
 180      62434B43 
 180      FDFC62FD 
 180      8C
 181 00be C41C2005 		.ascii	"\304\034 \005$\212J\300\264^\006\003\000\015\024>\226"
 181      248A4AC0 
 181      B45E0603 
 181      000D143E 
 181      96
 182              		.text
 183              		.section	.gnu.lto_VectorB0.803eb691,"",%progbits
 184 0000 789C8593 		.ascii	"x\234\205\223Oh\023Q\020\306\337\267o\263iRb{\364\340"
 184      4F681351 
 184      10C6DFB7 
 184      6FB36952 
 184      627BF4E0 
 185 0014 A1072FB9 		.ascii	"\241\007/\271d\211z\021\361\346Eh/\332{\321zh!\0201"
 185      64897A11 
 185      F1E64568 
 185      2FDA7BD1 
 185      7A682110 
 186 0029 C56B364D 		.ascii	"\305k6MjS\2547\033\377\260\350\202A\361P\212T\215I\253"
 186      6A53AC37 
 186      1BFFB0E8 
 186      8241F150 
 186      8A548D49 
 187 003e 8989ADF5 		.ascii	"\211\211\255\365?z\360\322\223BEJ\024\241\201\320\242"
 187      3F7AF0D2 
 187      9342454A 
 187      14A181D0 
 187      A2
 188 004f 8D336F63 		.ascii	"\2153oc\014\222\332Gv\227}\363\315\367~3;1\204\020\025"
 188      0C92DA47 
 188      76977DF3 
ARM GAS  C:\Users\Luczia\AppData\Local\Temp\cc9DMxsq.s 			page 14


 188      CDF77E33 
 188      3B318410 
 189 0064 29C4517A 		.ascii	")\304Qz\006\351\022\036\001M\320\245\321\246\245\351"
 189      06E9121E 
 189      014DD0A5 
 189      D1A6A5E9 
 190 0074 74D325E8 		.ascii	"t\323%\350\001\035\2400D\\\223:\342\230\226\227%\312"
 190      011DA030 
 190      445C933A 
 190      E2989697 
 190      25CA
 191 0086 935FF25A 		.ascii	"\223_\362Z\360\216E\253te\253'aM\354\265)/#\205Z\230"
 191      F08E45AB 
 191      7465AB27 
 191      614DECB5 
 191      292F2385 
 192 009c 475090EC 		.ascii	"GP\220\354\363\275\355\231\200\241;\177B\270\017\203"
 192      F3BDED99 
 192      80A13B7F 
 192      42B80F83 
 193 00ac 9C046867 		.ascii	"\234\004hg\356\203\247dm7&\255R\355\026\026N\364B\330"
 193      EE83A764 
 193      6D3726AD 
 193      52ED1616 
 193      4EF442D8 
 194 00c0 92086C49 		.ascii	"\222\010lI\000t\323\371U\210\264r\234\222\204&\253H"
 194      0074D3F9 
 194      5588B472 
 194      9C928426 
 194      AB48
 195 00d2 398D9B52 		.ascii	"9\215\233R\231\220y>_]\365\306\177Y]\266\224\031\326"
 195      9990793E 
 195      5F5DF5C6 
 195      7F595DB6 
 195      9419D6
 196 00e5 E201E21C 		.ascii	"\342\001\342\034\310L\224\337y/J\233p\3715\271U\334"
 196      C84C94DF 
 196      792F4A9B 
 196      70F935B9 
 196      55DC
 197 00f7 D8433A22 		.ascii	"\330C:\"T$\274\267\371\376[\272\333\301\215D\257-=\310"
 197      5424BCB7 
 197      F9FE5BBA 
 197      DBC18D44 
 197      AF2D3DC8 
 198 010b 51590FB1 		.ascii	"QY\017\261OE\222\331\371\011\220\372\252e\365\261\303"
 198      4F4592D9 
 198      F90990FA 
 198      AA65F5B1 
 198      C3
 199 011c 233870B1 		.ascii	"#8p\261\363\210\333\322\020U$\373: x3\314\210\002!\330"
 199      F388DBD2 
 199      105524FB 
 199      3A207833 
 199      CC880221 
 200 0131 B24BAC63 		.ascii	"\262K\254c\274\366uz\252\233\225\327%H\373v\266\376"
 200      BCF6757A 
ARM GAS  C:\Users\Luczia\AppData\Local\Temp\cc9DMxsq.s 			page 15


 200      AA9B95D7 
 200      2548FB76 
 200      B6FE
 201 0143 C3CF5400 		.ascii	"\303\317T\000\267M\307\002\235\270\216r\301\347j\264"
 201      B74DC702 
 201      9DB88E72 
 201      C1E76AB4 
 202 0153 767228F2 		.ascii	"vr(\362\305\362\233e\203)-\005\343##,69?\346\012\271"
 202      C5F29B65 
 202      83292D05 
 202      E323232C 
 202      36393FE6 
 203 0169 80396BA5 		.ascii	"\2009k\245\022\034\362\3431q\316\250f\341\011L2N\376"
 203      121CF2E3 
 203      3171CEA8 
 203      66E1094C 
 203      324EFE
 204 017c BC70CDEB 		.ascii	"\274p\315\353ZK\327}\251Q/\365\260\273\006\015E\362"
 204      5A4BD77D 
 204      A9512FF5 
 204      B0BB060D 
 204      45F2
 205 018e 59436AB5 		.ascii	"YCj\265r\250\251!\301\\5\277\031p\005\002%>H\365\236"
 205      72A8A921 
 205      C15C35BF 
 205      19700502 
 205      253E48F5 
 206 01a3 5CA5AAE7 		.ascii	"\\\245\252\347\322]\277+n\301\327VB\274\363\017\253"
 206      D25DBF2B 
 206      6EC1D756 
 206      42BCF30F 
 206      AB
 207 01b4 739B3FA6 		.ascii	"s\233?\246\217u;\341>\375\213[\206\331^\272\237\316"
 207      8F753BE1 
 207      3EFD8B5B 
 207      86D95EBA 
 207      9FCE
 208 01c6 AE5016F5 		.ascii	"\256P\026\365\331)f=\235[M\231x\326l5\013?\355\357\254"
 208      D929663D 
 208      9D5B4D99 
 208      78D66C35 
 208      0B3FEDEF 
 209 01db E3F95D6A 		.ascii	"\343\371]j\323\255\355\240\363\220n\271\251\343\222"
 209      D3ADEDA0 
 209      F3906EB9 
 209      A9E392
 210 01ea 75356E49 		.ascii	"u5nIg#\333i\334(\301\240\204\347-\343T\247\211\240\241"
 210      6723DB69 
 210      DC28C1A0 
 210      84E72DE3 
 210      54A789A0 
 211 01ff F4926AC5 		.ascii	"\364\222j\305\035\312\335\247\360\305\177\246\360ek"
 211      1DCADDA7 
 211      F0C57FA6 
 211      F0656B
 212 020e 0A5FED36 		.ascii	"\012_\3556\205T\000^7\311\276c\334\251g\335L^i\376\233"
 212      8554005E 
ARM GAS  C:\Users\Luczia\AppData\Local\Temp\cc9DMxsq.s 			page 16


 212      37C9BE63 
 212      DCA967DD 
 212      4C5E69FE 
 213 0223 D0981E09 		.ascii	"\320\230\036\011\205L\372\015\217\214\236\036\215\306"
 213      854CFA0D 
 213      8F8C9E1E 
 213      8DC6
 214 0231 C287C366 		.ascii	"\302\207\303f4f\216\234\212\230g\243\347\306b\346\311"
 214      34668E9C 
 214      8A9867A3 
 214      E7C662E6 
 214      C9
 215 0242 C1818307 		.ascii	"\301\201\203\007\314\376\376c\346\340\361\201\363a\216"
 215      CCFEFE63 
 215      E6E0F181 
 215      F3618E
 216 0251 0CC5C686 		.ascii	"\014\305\306\206\"\2213\241a\361\033\020\236>|"
 216      229133A1 
 216      61F11B10 
 216      9E3E7C
 217              		.text
 218              		.section	.gnu.lto_st_lld_init.803eb691,"",%progbits
 219 0000 789C8D95 		.ascii	"x\234\215\225Il\024G\024\206\353\237\352m\214g\274o"
 219      496C1447 
 219      1486EB9F 
 219      EA6D8C67 
 219      BC6F
 220 0012 920F4809 		.ascii	"\222\017H\011\007rp3p!B\312%\\\020p\012w\224\220\003"
 220      07727033 
 220      702142CA 
 220      255C1070 
 220      0A779490 
 221 0027 962C398A 		.ascii	"\226,9\212\021\307\270\261\307K\000E\221\002\216d\015"
 221      11C7B8B1 
 221      C74B0045 
 221      91028E64 
 221      0D
 222 0038 D14848E0 		.ascii	"\321HH\340\013b\211\301\013\006\306\023\026\263x\034"
 222      0B6289C1 
 222      0B06C613 
 222      16B3781C 
 223 0048 8831DE20 		.ascii	"\2101\336 \001\0022\006!c\021%\001a\363^u\333\203\361"
 223      01023206 
 223      21631125 
 223      0161F35E 
 223      75DB83F1 
 224 005c B498D6F4 		.ascii	"\264\230\326\364\233W\375\252\336W\377\253\256jC\010"
 224      9B57FDAA 
 224      DE57FFAB 
 224      AE6A4308 
 225 006c B1DE12E2 		.ascii	"\261\336\022\342s\372\377\210n\241\013\004\004\335\220"
 225      73FAFF88 
 225      6EA10B04 
 225      04DD90
 226 007b 642534B2 		.ascii	"d%4\262\032@\001\210\372\200\324P\217\375\362\200D\262"
 226      1A400188 
 226      FA80D450 
ARM GAS  C:\Users\Luczia\AppData\Local\Temp\cc9DMxsq.s 			page 17


 226      8FFDF280 
 226      44B2
 227 008d E5714F60 		.ascii	"\345qO`\365Q\207\256\304\317\263\205\315NSy\214F\264"
 227      F55187AE 
 227      C4CFB385 
 227      CD4E5379 
 227      8C46B4
 228 00a0 49A12EFC 		.ascii	"I\241.\374\212\325\202\272=89w0dh\356st\302\2404\002"
 228      8AD582BA 
 228      3D383977 
 228      306468EE 
 228      7374C2A0 
 229 00b6 14B8193D 		.ascii	"\024\270\031=\021\223\373dL\002\0325_\014\266?\014s"
 229      1193FB64 
 229      4C021A35 
 229      5F0CB63F 
 229      0C73
 230 00c8 338095D4 		.ascii	"3\200\225\324\374\347lt,,?\003\247\350\236m\271g\255"
 230      FCE76C74 
 230      2C2C3F03 
 230      A7E89E6D 
 230      B967AD
 231 00db 3AEC380D 		.ascii	":\3548\015Nb\356\272\321\336\221\210\256\214I\211.H"
 231      4E62EEBA 
 231      D1DE9188 
 231      AE8C4989 
 231      2E48
 232 00ed CA8A33A8 		.ascii	"\312\2123\250\304iT\272\324n\254:~KO8s\363-N\"\265\271"
 232      C46954BA 
 232      D46EAC3A 
 232      7E4B4F38 
 232      73F32D4E 
 233 0104 BB73BEF8 		.ascii	"\273s\276\370c\210\230\324\002d\244dOcOg\317`\317d\317"
 233      638898D4 
 233      0264A464 
 233      4F634F67 
 233      CF60CF64 
 234 0119 622F974D 		.ascii	"b/\227M\210\233a2z\0367\363\331+`\257\220\214Q\304\246"
 234      889B6132 
 234      7A1E37F3 
 234      D92B60AF 
 234      908C51C4 
 235 012e 984D099B 		.ascii	"\230M\011\233R6el\312\331T\260\021\242U\225\340{IU\224"
 235      5236656C 
 235      CAD954B0 
 235      11A25595 
 235      E07B4955 
 236 0143 D3687839 		.ascii	"\323hx9u\241\232\205\267K\226\035=t\351q\220ujpfZ\035"
 236      75A19A85 
 236      B74B961D 
 236      3D74E971 
 236      90756A70 
 237 015a 0D3D34F5 		.ascii	"\015=4\365i${\203n\237\000\365ikJ\016\231n\037\326\337"
 237      69247B83 
 237      6E9F00F5 
 237      696B4A0E 
 237      996E1FD6 
ARM GAS  C:\Users\Luczia\AppData\Local\Temp\cc9DMxsq.s 			page 18


 238 016f 971CBC6C 		.ascii	"\227\034\274l\304\361\313\036*5\0117)\021zY0\305F\272"
 238      C4F1CB1E 
 238      2A350937 
 238      29117A59 
 238      30C546BA 
 239 0183 7ABB42F6 		.ascii	"z\273B\3661'\212\230\264p\026q\034Tt\364\301\026\014"
 239      31278A98 
 239      B4701671 
 239      1C5474F4 
 239      C1160C
 240 0196 B7DCB4D2 		.ascii	"\267\334\264\322\3434\376\327\014\367\211\346\262:/"
 240      E334FED7 
 240      0CF789E6 
 240      B23A2F
 241 01a5 5E69B698 		.ascii	"^i\266\230EIq\316\235\313\360^\325'#Z\372\240\317\247"
 241      454971CE 
 241      9DCBF05E 
 241      D527235A 
 241      FAA0CFA7 
 242 01b9 D1176053 		.ascii	"\321\027`SzU\002\351\225\300\233\205\376\276\332\314"
 242      7A5502E9 
 242      95C09B85 
 242      FEBEDACC 
 243 01c9 0CDD8791 		.ascii	"\014\335\207\221P\014\365*\366/\225g.\223gQ\362l\364"
 243      500CF52A 
 243      F62F9567 
 243      2E936751 
 243      F26CF4
 244 01dc 983EAC64 		.ascii	"\230>\254d\232\365\033\353\261\224\036m\251\236\320"
 244      9AF51BEB 
 244      B1941E6D 
 244      A99ED0
 245 01eb FB7A7233 		.ascii	"\373zr32B\313\031{8d\341b\232r\311S\324q\315\313\025"
 245      3242CB19 
 245      7B3864E1 
 245      629A72C9 
 245      53D471CD 
 246 0201 A6FE7B1B 		.ascii	"\246\376{\033\373O\251\325\321\341$~t\302\270\274\224"
 246      FB4FA9D5 
 246      D1E1247E 
 246      74C2B8BC 
 246      94
 247 0212 97F7EEDB 		.ascii	"\227\367\356\333\242gz[\202\224\010W2J\034P\360\000"
 247      A2677A5B 
 247      82940857 
 247      324A1C50 
 247      F000
 248 0224 C3AF2E2D 		.ascii	"\303\257.-g\276\307I\227\263\200X\037,g\220Gff]K\263"
 248      67BEC749 
 248      97B38058 
 248      1F2C6790 
 248      4766665D 
 249 023a AE73390B 		.ascii	"\256s9\013\024nj\360\211\351\346/\244\021\251c\377\316"
 249      146E6AF0 
 249      89E9E62F 
 249      A411A963 
 249      FFCE
ARM GAS  C:\Users\Luczia\AppData\Local\Temp\cc9DMxsq.s 			page 19


 250 024c E4B01003 		.ascii	"\344\260\020\003|\252h\270\341\362^\016\254\367x\213"
 250      7CAA68B8 
 250      E1F25E0E 
 250      ACF7788B 
 251 025c 528D6552 		.ascii	"R\215eR\343\337\321\346\313\241D\030\364\251uJMA\035"
 251      E3DFD1E6 
 251      CBA14418 
 251      F4A9754A 
 251      4D411D
 252 026f 4343B0A9 		.ascii	"CC\260\251\303t\352\311!U\\\013C\375\002\277+\032-@"
 252      C374EAC9 
 252      21555C0B 
 252      43FD02BF 
 252      2B1A2D40 
 253 0283 CA2B6ED1 		.ascii	"\312+n\321\362\011d\"\026\371\022o*\"\357\004\334R\304"
 253      F2096422 
 253      16F9126F 
 253      2A22EF04 
 253      DC52C4
 254 0296 A77D2746 		.ascii	"\247}'Fu\2278OW\036\376X`\016y\314\342\354\230\305\276"
 254      7597384F 
 254      571EFE58 
 254      600E79CC 
 254      E2EC98C5 
 255 02ab CC61C5D4 		.ascii	"\314a\305\324\231y[1\027kfA`d\2017\352\361J\262\343"
 255      99795B31 
 255      176B6641 
 255      60648137 
 255      EAF14AB2 
 256 02c0 95F8F056 		.ascii	"\225\370\360V\340\216\342\321\251\307\301\216\347\377"
 256      E08EE2D1 
 256      A9C7C18E 
 256      E7FF
 257 02ce 0F9891E3 		.ascii	"\017\230\221\343\034\214\237R\353>\012\033\237\250\263"
 257      1C8C9F52 
 257      EB3E0A1B 
 257      9FA8B3
 258 02dd 1963882C 		.ascii	"\031c\210,\362\247\306\026\026\2764\273\011\224\372"
 258      F2A7C616 
 258      16BE34BB 
 258      0994FA
 259 02ec 0A1E5713 		.ascii	"\012\036W\0230\2310A\260E\205\343\236\302\262\354\000"
 259      30993041 
 259      B04585E3 
 259      9EC2B2EC 
 259      00
 260 02fd 65BE8049 		.ascii	"e\276\200I\005\340\375\217\273\357\002&<@yv\200r_\300"
 260      05E0FD8F 
 260      BBEF0226 
 260      3C407976 
 260      80725FC0 
 261 0311 3D050832 		.ascii	"=\005\0102\340O\265d\247[n\234\314q\227\014\370k\201"
 261      E04FB564 
 261      A75B6E9C 
 261      CC71970C 
 261      F86B81
 262 0324 37E9F12A 		.ascii	"7\351\361*\262\343U\370\362\356+^\016\363\036\220 \006"
ARM GAS  C:\Users\Luczia\AppData\Local\Temp\cc9DMxsq.s 			page 20


 262      B2E355F8 
 262      F2EE2B5E 
 262      0EF31E90 
 262      2006
 263 0336 3C43537C 		.ascii	"<CS|\376\210T\337g\032\321\323\363l\302\254\177\343"
 263      FE8854DF 
 263      671AD1D3 
 263      F36CC2AC 
 263      7FE3
 264 0348 583199DB 		.ascii	"X1\231\333\306\307\023\036\242\236\003\217\256\376\324"
 264      C6C7131E 
 264      A29E038F 
 264      AEFED4
 265 0357 9CCB330B 		.ascii	"\234\3133\013\321G\367oT\362\021\365\352\316\017\226"
 265      D147F76F 
 265      54F211F5 
 265      EACE0F96 
 266 0367 FBC8C223 		.ascii	"\373\310\302#T\306dX<GC\374\365QuJ\250\317r+\347\240"
 266      54C66458 
 266      3C4743FC 
 266      F551754A 
 266      A8CF722B 
 267 037d CDBFA1AA 		.ascii	"\315\277\241\252\312\246\337\216\235\325_U\327\326E"
 267      CAA6DF8E 
 267      9DD55F55 
 267      D7D645
 268 038c 3E8DD8B5 		.ascii	">\215\330\265u\366\316/k\354oj\277\335Ug\177\261m\353"
 268      75F6CE2F 
 268      6BEC6F6A 
 268      BFDD5567 
 268      7FB16DEB 
 269 03a0 BAB5F696 		.ascii	"\272\265\366\226-\033\355m\233\266\356\216pd{\335\256"
 269      2D1BED6D 
 269      9BB6EE8E 
 269      70647BDD 
 269      AE
 270 03b1 ED35355F 		.ascii	"\35555_W\355\020\372\356\332\232\2525o\001\010m\242"
 270      57ED10FA 
 270      EEDA9AAA 
 270      356F0108 
 270      6DA2
 271 03c3 B6       		.ascii	"\266"
 272              		.text
 273              		.section	.gnu.lto_.symbol_nodes.803eb691,"",%progbits
 274 0000 789C5DD0 		.ascii	"x\234]\320;N\303@\020\306\361of\355\265M\2347}$N\002"
 274      3B4EC340 
 274      10C6F16F 
 274      66EDB54D 
 274      9C377D24 
 275 0016 27FB1621 		.ascii	"'\373\026!AI\310\025\\C\221.\351\"7<\303\353\002H\264"
 275      4149C815 
 275      5C43912E 
 275      E922373C 
 275      C3EB0248 
 276 002b 3903C2F6 		.ascii	"9\003\302\366\032\211\335f\376\232\337tc\001\224\332"
 276      1A89DD66 
 276      FE9ADF74 
ARM GAS  C:\Users\Luczia\AppData\Local\Temp\cc9DMxsq.s 			page 21


 276      630194DA 
 277 003b 0CBD1602 		.ascii	"\014\275\026\002\313=\320d\343v\3166\266\024Jl7B\215"
 277      CB3DD064 
 277      E376CE36 
 277      B6144A6C 
 277      37428D
 278 004e 6D2534B1 		.ascii	"m%4\261m\204Il\267\3124\266\265\322\306\266\025f\261"
 278      6D84496C 
 278      B7CA34B6 
 278      B5D2C6B6 
 278      1566B1
 279 0061 DD29F3D8 		.ascii	"\335)\363\330\356\225\305\237m\317\317\200\364I\341"
 279      EE95C59F 
 279      6DCFCF80 
 279      F449E1
 280 0070 4E00A30F 		.ascii	"N\000\243\017\312\243\340$o\312A'\200s\247\015\274+"
 280      CAA3E024 
 280      6FCA4127 
 280      8073A70D 
 280      BC2B
 281 0082 CB003E94 		.ascii	"\313\000>\224\303\000^\225\243\000\366\312q\000/\312"
 281      C3005E95 
 281      A300F6CA 
 281      71002FCA 
 282 0092 4900CFCA 		.ascii	"I\000\317\312i\000\217\312Y\000\237\312\371\1770\315"
 282      69008FCA 
 282      59009FCA 
 282      F97F30CD 
 283 00a2 FBABAF1F 		.ascii	"\373\253\257\0371F|\023\355[\242n\233&~\267C\337l\324"
 283      31467C13 
 283      ED5BA26E 
 283      9B267EB7 
 283      43DF6CD4 
 284 00b6 D7F87B9E 		.ascii	"\327\370{\236\371\275\230\367\235y/RT\227\207\205),"
 284      F9BD98F7 
 284      9D792F52 
 284      54978785 
 284      292C
 285 00c8 EAAE39BE 		.ascii	"\352\2569\276\273Nqq\325v\202\252\353\030u\333\3011"
 285      BB4E7171 
 285      D57682AA 
 285      EB1875DB 
 285      C131
 286 00da EAD56181 		.ascii	"\352\325a\201_1\221\215\361"
 286      5F31918D 
 286      F1
 287              		.text
 288              		.section	.gnu.lto_.refs.803eb691,"",%progbits
 289 0000 789C6363 		.ascii	"x\234cc``\340\004b&N&.F&.^\006\000\001\325\000A"
 289      6060E004 
 289      62264E26 
 289      2E46262E 
 289      5E060001 
 290              		.text
 291              		.section	.gnu.lto_.decls.803eb691,"",%progbits
 292 0000 789CCD59 		.ascii	"x\234\315YkPTI\226\256\274Y@\3616\320\23006\374\301"
 292      6B505449 
ARM GAS  C:\Users\Luczia\AppData\Local\Temp\cc9DMxsq.s 			page 22


 292      96AEBC59 
 292      40F136D0 
 292      983036FC 
 293 0015 F438211B 		.ascii	"\3648!\033;#\202\366v\317LoDk\211B\254t\273\205=\261"
 293      3B2382F6 
 293      76CF4C6F 
 293      446B8942 
 293      AC74BB85 
 294 002b 3D4B440D 		.ascii	"=KD\015B\251\304\362\350\001\354\261w#\266//E@\005E"
 294      42A9C4F2 
 294      E801ECB1 
 294      7723B62F 
 294      2F454005 
 295 0040 44404501 		.ascii	"D@E\001\021A\033\273E\344%\010\012\310C\021\025EAy\211"
 295      11411BBB 
 295      45E42508 
 295      0AC84311 
 295      15454179 
 296 0055 F8466840 		.ascii	"\370Fh@\361\301\236\314\274U7\353R\330\275\023\273\021"
 296      F1C19ECC 
 296      BC5537EB 
 296      52D8BD13 
 296      BB11
 297 0067 7BA30FF7 		.ascii	"{\243\017\367\236\314\357|y\362\234\223\217j\255U*U"
 297      9ECCEF7C 
 297      79F29C93 
 297      8F6AAD55 
 297      2A55
 298 0079 94AB4AE5 		.ascii	"\224\253J\345o\015o\254RM\303\343\000m\347U\3623\017"
 298      6F0D6FAC 
 298      524DC3E3 
 298      006DE755 
 298      F2330F
 299 008c A412A41A 		.ascii	"\244\022\244\032\244F\352\253\007\271\010\322\010r\011"
 299      A446EAAB 
 299      07B908D2 
 299      087209
 300 009b A405A40D 		.ascii	"\244\005\244\015\344\012\310U\220k 7@n\202\014\202\014"
 300      E40AC855 
 300      906B2037 
 300      406E820C 
 300      820C
 301 00ad 810C833C 		.ascii	"\201\014\203<\002\231\004AD\220\312\354\371+\350\340"
 301      02990441 
 301      4490CAEC 
 301      F92BE8E0 
 302 00bd 86EACF20 		.ascii	"\206\352\317 .\322\270\243 \030\3325\022V\220|qR\330"
 302      2ED2B8A3 
 302      2018DA35 
 302      1256907C 
 302      7152D8
 303 00d0 92E73F7F 		.ascii	"\222\347?\177\246}\365,\366\337B\033\226\354\235\341"
 303      A67DF52C 
 303      F6DF421B 
 303      96EC9DE1 
 304 00e0 BB4225DB 		.ascii	"\273B%\333\324H\343*\237\330\367\330\234\227\306R>\333"
 304      D448E32A 
ARM GAS  C:\Users\Luczia\AppData\Local\Temp\cc9DMxsq.s 			page 23


 304      9FD8F7D8 
 304      9C97C652 
 304      3EDB
 305 00f2 66B1216D 		.ascii	"f\261!m\365\322XW-\330%\275g\254\213\222\255\362\331"
 305      F5D25857 
 305      2DD825BD 
 305      67AC8B92 
 305      ADF2D9
 306 0105 F51E1B92 		.ascii	"\365\036\033\222\273k\026l\366\274\307?\222\353\033"
 306      BB6B166C 
 306      F6BCC73F 
 306      92EB1B
 307 0114 2AF3FA30 		.ascii	"*\363\3720>\373\3363V\213d\253|\262\000g/\331\374\013"
 307      3EFBDE33 
 307      568B64AB 
 307      7CB20067 
 307      2FD9FC0B 
 308 0128 7C2F82B7 		.ascii	"|/\202\267\016\336~ o\341{\200\343Z\013\357y\210\325"
 308      0EDE7E20 
 308      6FE17B80 
 308      E35A0BEF 
 308      7988D5
 309 013b CE3FC11F 		.ascii	"\316?\301\037[\025\2539RS\303*\271\036\311X\244\336"
 309      5B15AB39 
 309      5253C32A 
 309      B91EC958 
 309      A4DE
 310 014d 48DD91FA 		.ascii	"H\335\221\372\263Tk\207@wV\231\327\012\031;\033\332"
 310      B3546B87 
 310      40775699 
 310      D70A193B 
 310      1BDA
 311 015f 0B11F325 		.ascii	"\013\021\363%S\032\257\000\261\261?\0009\216XMM\250"
 311      531AAF00 
 311      B1B13F00 
 311      398E584D 
 311      4DA8
 312 0171 98DF7B41 		.ascii	"\230\337{AO\001\311\005\361\005\371\030\344w \177\000"
 312      4F01C905 
 312      F105F918 
 312      E477207F 
 312      00
 313 0182 F904E453 		.ascii	"\371\004\344S\220\177\006\321\"\026\007\262>&-\304!"
 313      907F06D1 
 313      221607B2 
 313      3E262DC4 
 313      21
 314 0193 0DA3A2DD 		.ascii	"\015\243\242\335\003\373\324\367P\017uw\016B\322L\371"
 314      03FBD4F7 
 314      500F7577 
 314      0E42D24C 
 314      F9
 315 01a4 87E8D3C6 		.ascii	"\207\350\323\306\007\231f% c'C\315\254m\011\013\"\250"
 315      07996625 
 315      20632743 
 315      CDAC6D09 
 315      0B22A8
ARM GAS  C:\Users\Luczia\AppData\Local\Temp\cc9DMxsq.s 			page 24


 316 01b7 64AC6CC1 		.ascii	"d\254l\301\261r\306\210>*\352\012\357\013\365Lr\017"
 316      B172C688 
 316      3E2AEA0A 
 316      EF0BF54C 
 316      720F
 317 01c9 C9C32313 		.ascii	"\311\303#\023\306\210\347X\221\311\310\302\312cuC\202"
 317      C688E758 
 317      91C9C8C2 
 317      CA637543 
 317      82
 318 01da 70E349F2 		.ascii	"p\343I\362I\207^t\027\240_Bd5\241\210\264\036\235|\231"
 318      49875E74 
 318      17A05F42 
 318      6435A188 
 318      B41E9D7C 
 319 01ef E48405FA 		.ascii	"\344\204\005\372\375\354tF\246\006;\320\357\033\327"
 319      FDEC7446 
 319      A6063BD0 
 319      EF1BD7
 320 01fe 63A26D17 		.ascii	"c\242m\027\027\213\354\321\354\302*t\006ac@/NO\326:"
 320      178BECD1 
 320      ECC22A74 
 320      06616340 
 320      2F4E4FD6 
 321 0213 2761E462 		.ascii	"'a\344b\207\004P;FZ\017\330\203:\317\016\315\001\265"
 321      8704503B 
 321      465A0FD8 
 321      833ACF0E 
 321      CD01B5
 322 0226 38793ACD 		.ascii	"8y:\315j~:1L\211\025\347\010\350\317\277@\345h\001:"
 322      6A7E3A31 
 322      4C8915E7 
 322      08E8CFBF 
 322      40E56801 
 323 023b 8B168093 		.ascii	"\213\026\200\223\025h>\374\015S3\246\263)\011\355\316"
 323      15683EFC 
 323      0D5333A6 
 323      B32909ED 
 323      CE
 324 024c 1FE488B5 		.ascii	"\037\344\210\265\265bmc\246[Vl\322\0161\007y\023\024"
 324      B5626D63 
 324      A65B566C 
 324      D20E3107 
 324      791314
 325 025f 2A451895 		.ascii	"*E\030\225\241\305d\306\245dlt\032\365\"\364\003\272"
 325      A1C564C6 
 325      A5646C74 
 325      1AF522F4 
 325      03BA
 326 0271 0753A844 		.ascii	"\007S\250D\037\200u\357\241\007{\034\361VD]\256\317"
 326      1F8075EF 
 326      A1077B1C 
 326      F156445D 
 326      AECF
 327 0283 CCADB691 		.ascii	"\314\255\266\221\250:\016\342L\2616F\024s\004JU%SU)"
 327      A83A0EE2 
 327      4CB13646 
ARM GAS  C:\Users\Luczia\AppData\Local\Temp\cc9DMxsq.s 			page 25


 327      1473044A 
 327      55255355 
 328 0298 A9AA2955 		.ascii	"\251\252)U\375D\347\011\033\274\233Q\335K\250\211\222"
 328      FD44E709 
 328      1BBC9B51 
 328      DD4BA889 
 328      92
 329 02a9 989A8F99 		.ascii	"\230\232\217\2313\235\223\231\316)\231j(\323\245\301"
 329      339D9399 
 329      CE29996A 
 329      28D3A5C1 
 330 02b9 13754E38 		.ascii	"\023uN8\2371\035\035y\273C#Q\365\027\232S\325\312T\265"
 330      9F311D1D 
 330      79BB4323 
 330      51F5179A 
 330      53D5CA54 
 331 02ce 4AAAF394 		.ascii	"J\252\363\224jd\242%\025\343\012FU5\021\235b%Q\335)"
 331      6A64A225 
 331      15E30A46 
 331      5535119D 
 331      622551DD 
 332 02e3 5FF8F0B4 		.ascii	"_\370\360\264(\306\213b\255\232r\325\311\\uJ\256z\312"
 332      28C68B62 
 332      AD9A72D5 
 332      C95C754A 
 332      AE7ACA
 333 02f6 F5A0409C 		.ascii	"\365\240@\234t\302c\214\353\273\364[#\306\260\2175\375"
 333      74C2638C 
 333      EBBBF45B 
 333      23C6B08F 
 333      35FD
 334 0308 26B17EAB 		.ascii	"&\261~\253\330\016\351\362\246\351A\027d\262\013J\262"
 334      D80EE9F2 
 334      A6E94117 
 334      64B20B4A 
 334      B2
 335 0319 8B94ECE5 		.ascii	"\213\224\354\345\370\371\363\032|\222\325Mw\315\213"
 335      F8F9F31A 
 335      7C92D54D 
 335      77CD8B
 336 0328 FF30462B 		.ascii	"\3770F+\313|\212\0152S\203\222\251\2212\245\3457nW\343"
 336      CB7C8A0D 
 336      32538392 
 336      A99132A5 
 336      E5376E57 
 337 033d 3AC694FD 		.ascii	":\306\224\375\246;Sc\232\342\262\307fSl\222\271\232"
 337      A63B5363 
 337      9AE2B2C7 
 337      66536C92 
 337      B99A
 338 034f 945C9728 		.ascii	"\224\\\227(\327\221[]\337[\343\033\214kor\332~d\232"
 338      D7915B5D 
 338      DF5BE31B 
 338      8C6B6F72 
 338      DA7E649A 
 339 0363 E2C749E6 		.ascii	"\342\307I\346Sl\226\311\232\225d-\224\354\351\363'\005"
 339      536C96C9 
ARM GAS  C:\Users\Luczia\AppData\Local\Temp\cc9DMxsq.s 			page 26


 339      9A95642D 
 339      94ECE9F3 
 339      2705
 340 0375 4EF81123 		.ascii	"N\370\021#\0338==\356\010d9@v\357\356\262\232:F\366"
 340      1B383D3D 
 340      EE086439 
 340      4076EFEE 
 340      B29A3A46 
 341 038a 29236B95 		.ascii	")#k\225\311Z\225dm\224\354E\362\363\034g\374\035\246"
 341      C95A9564 
 341      6D94EC45 
 341      F2F31C67 
 341      FC1DA6
 342 039d 64895305 		.ascii	"d\211S\005\373\004\211\354r\213\003\013\230\310\002"
 342      FB0489EC 
 342      728B030B 
 342      98C802
 343 03ac 7659A6BA 		.ascii	"vY\246\272\254\244\272B\251z~8\370\312\032W2\252\266"
 343      ACA4BA42 
 343      A97A7E38 
 343      F8CA1A57 
 343      32AAB6
 344 03bf AD07EFDB 		.ascii	"\255\007\357\333\001U/D\351\301\224kQ\311\260\230`\307"
 344      01552F44 
 344      E9C1946B 
 344      51C9B098 
 344      60C7
 345 03d1 9C6A9799 		.ascii	"\234j\227\231\332\245\225\213\256R\206\355e\365;0~\307"
 345      DAA5958B 
 345      AE5286ED 
 345      65F53B30 
 345      7EC7
 346 03e3 189A4BC7 		.ascii	"\030\232K\307Z\221\304p\247\374\223\226\323b\234\025"
 346      5A91C470 
 346      A7FC9396 
 346      D3629C15 
 347 03f3 B5EF90ED 		.ascii	"\265\357\220\355;\214\366\327\250}\337xl\227\015NUS"
 347      3B8CF6D7 
 347      A87DDF78 
 347      6C970D4E 
 347      5553
 348 0405 FB9B0DE3 		.ascii	"\373\233\015\343\315V\222\375\300\324\302\"\223\375"
 348      CD5692FD 
 348      C0D4C222 
 348      93FD
 349 0413 75D9FEBA 		.ascii	"u\331\376\272\321\376\006\265\27772\326h\217\213\231"
 349      D1FE06B5 
 349      BF3732D6 
 349      688F8B99 
 350 0423 7D4755DD 		.ascii	"}GU\335\200\243d_\237\351\366\316d\337)\333w\032\355"
 350      80A3645F 
 350      9FE9F6CE 
 350      64DF29DB 
 350      771AED
 351 0436 6FB2A57A 		.ascii	"o\262\245z$i\020\341\032f\1775\256$\033\263\255HM\002"
 351      246910E1 
 351      1A667F35 
ARM GAS  C:\Users\Luczia\AppData\Local\Temp\cc9DMxsq.s 			page 27


 351      AE241BB3 
 351      AD484D02 
 352 044a DD9639E0 		.ascii	"\335\2269\340\304\266\"W\262\215\275\254\236r\300\355"
 352      C4B62257 
 352      B28DBDAC 
 352      9E72C0ED 
 353 045a 14AA2E8E 		.ascii	"\024\252.\216=>\242Fn\013\020\354E\310\356\250qoSAp"
 353      3D3EA246 
 353      6E0B10EC 
 353      45C8EEA8 
 353      716F5341 
 354 046f EDD01D69 		.ascii	"\355\320\035i\014x2\305\004Q\034\371\2264\303\267\206"
 354      0C7832C5 
 354      04511CF9 
 354      9634C3B7 
 354      86
 355 0480 BEA10592 		.ascii	"\276\241\005\222\224+\342\371*\264t\001Z\262@\205\272"
 355      942BE2F9 
 355      2AB47401 
 355      5AB24085 
 355      BA
 356 0491 911BED52 		.ascii	"\221\033\355R\301\236\272\000\016\227\005\304\235S\331"
 356      C19EBA00 
 356      0E9705C4 
 356      9D53D9
 357 04a0 4DAF6CED 		.ascii	"M\257l\355$t\302O\241\373^N_ppH$\350\234X\321\326\033"
 357      2474C24F 
 357      A1FB5E4E 
 357      5F707048 
 357      24E89C58 
 358 04b7 726D876E 		.ascii	"rm\207nC\177\027\335*\373\220\203\264\341^i\331\233"
 358      437F17DD 
 358      2AFB9083 
 358      B4E15E69 
 358      D99B
 359 04c9 EEAC1658 		.ascii	"\356\254\026X\033\331<\241m:v\377\304\354\333\354\000"
 359      1BD93CA1 
 359      6D3A76FF 
 359      C4ECDBEC 
 359      00
 360 04da DD66FB91 		.ascii	"\335f\373\221\264\317\016\335\271\236.Ha~\234\211{\032"
 360      B4CF0EDD 
 360      B99E2E48 
 360      617E9C89 
 360      7B1A
 361 04ec B7D6AEA5 		.ascii	"\267\326\256\245 tK\216\363-c\234\007i\234;w=}a\205"
 361      20744B8E 
 361      F32D639C 
 361      07699C3B 
 361      773D7D61 
 362 0501 A7599CC7 		.ascii	"\247Y\234\307\306.]\221\363\374\0339\317\367e\373\373"
 362      C62E5D91 
 362      F3FC1B39 
 362      CFF765FB 
 362      FB
 363 0512 46FB216A 		.ascii	"F\373!j\237[?1\356\200\323\254\250\375\211\226\222\024"
 363      9F5B3F31 
ARM GAS  C:\Users\Luczia\AppData\Local\Temp\cc9DMxsq.s 			page 28


 363      EE80D3AC 
 363      A8FD8996 
 363      9214
 364 0524 639D75FC 		.ascii	"c\235u\374C\246X\307\352\375\201l\375\300h=L\255\357"
 364      43A658C7 
 364      EAFD816C 
 364      FDC0683D 
 364      4CADEF
 365 0537 97745F14 		.ascii	"\227t_\024p!\263n\317\212mr\226\335\357\226\335\177"
 365      7021B36E 
 365      CF8A6D72 
 365      96DDEF96 
 365      DD7F
 366 0549 28133C34 		.ascii	"(\023<4\022<\242\004Y\327\373s\005\\\301\010z\232\012"
 366      123CA204 
 366      59D7FB73 
 366      055CC108 
 366      7A9A0A
 367 055c 8B48992C 		.ascii	"\213H\231,\262C\344\324t&{\340\223\362W\216\254\211"
 367      B243E4D4 
 367      74267BE0 
 367      93F2578E 
 367      AC89
 368 056e 16E2AED1 		.ascii	"\026\342\256\321<\033\334B\341\302\275\256\327\335N"
 368      3C1BDC42 
 368      E1C2BDAE 
 368      D7DD4E
 369 057d C8CE2DC1 		.ascii	"\310\316-\301\224\032\225)/h\004R\011FdT\364\024\032"
 369      941A9529 
 369      2F680452 
 369      09466454 
 369      F4141A
 370 0590 9F4023AD 		.ascii	"\237@#\255\246\332\311\212_\035\312\335)\212j\364\034"
 370      A6DAC98A 
 370      5F1DCADD 
 370      298A6AF4 
 370      1C
 371 05a1 12F94C76 		.ascii	"\022\371Lvm\221\035KCa^\352\021k\\mM\007\251\314\272"
 371      6D911D4B 
 371      43615EEA 
 371      116B5C6D 
 371      4D07A9CC 
 372 05b6 7F51986D 		.ascii	"\177Q\230m\220\261\331\007\271\365\253\341[\242\350"
 372      90B1D907 
 372      B9F5ABE1 
 372      5BA2E8
 373 05c5 8A46618C 		.ascii	"\212Fa\214\027\362\030\317\2214H\343\261\322\363\210"
 373      17F218CF 
 373      913448E3 
 373      B1D2F388 
 374 05d5 160B41B0 		.ascii	"\026\013A\260bi\231,\250Q\233\332~D\264\361\305\271"
 374      6269992C 
 374      A8519BDA 
 374      7E44B4F1 
 374      C5B9
 375 05e7 BBE9C2AC 		.ascii	"\273\351\302\254\0254A+h\334XAy\337g\0279H)\270\371"
 375      1534412B 
ARM GAS  C:\Users\Luczia\AppData\Local\Temp\cc9DMxsq.s 			page 29


 375      68DC5841 
 375      79DF6717 
 375      394829B8 
 376 05fc 041F8CDD 		.ascii	"\004\037\214\335\272C<\214(\014=\226\275xlL\302$MBf"
 376      BA433C8C 
 376      280C3D96 
 376      BD786C4C 
 376      C2244D42 
 377 0611 E58FCD56 		.ascii	"\345\217\315Vlyj\210\033/S\327\220\325!J\365\356\302"
 377      6C796A88 
 377      1B2F53D7 
 377      90D5214A 
 377      F5EEC2
 378 0624 97FB2BBA 		.ascii	"\227\373+\272<\334\027\240\227lu\024\235\311\257@\314"
 378      3CDC17A0 
 378      976C7514 
 378      9DC9AF40 
 378      CC
 379 0635 D616D4A4 		.ascii	"\326\026\324\244\213\245\015\230-\355&\322]\372\364"
 379      8BA50D98 
 379      2DED26D2 
 379      5DFAF4
 380 0644 4486B54B 		.ascii	"D\206\265K\012\365\036\266bD\227\361k`\233\242lo\220"
 380      0AF51EB6 
 380      624497F1 
 380      6B609BA2 
 380      6C6F90
 381 0657 8B9193A0 		.ascii	"\213\221\223\240\305\336\212b\015\217\356}\037\372B"
 381      C5DE8A62 
 381      0D8FEE7D 
 381      1FFA42
 382 0666 7A5F9FF0 		.ascii	"z_\237\360\313N\233C\260\374\337B\0274\305\014u\025"
 382      CB4E9B43 
 382      B0FCDF42 
 382      1734C50C 
 382      7515
 383 0678 D9E25E1B 		.ascii	"\331\342^\033Z,\207\333\306\322\355\3603\246t<<Vd\377"
 383      5A2C87DB 
 383      C6D2EDF0 
 383      33A6743C 
 383      3C5664FF 
 384 068c EB5CB19D 		.ascii	"\353\\\261\235\036\016\237\324\034\025\023R\242\251"
 384      1E0E9FD4 
 384      1C151352 
 384      A2A9
 385 069a 1D12054C 		.ascii	"\035\022\005LN\000n\240i\010\325;\364K\025\212\026~"
 385      4E006EA0 
 385      6908D53B 
 385      F44B158A 
 385      167E
 386 06ac 0DB6A923 		.ascii	"\015\266\251#\243{\254g\215H\214 Ed\011\015HL\345\263"
 386      A37BAC67 
 386      8D488C20 
 386      4564090D 
 386      484CE5B3 
 387 06c0 D76AE58C 		.ascii	"\327j\345\214\345\204\305\012.F\033\252\200\305\340"
 387      E584C50A 
ARM GAS  C:\Users\Luczia\AppData\Local\Temp\cc9DMxsq.s 			page 30


 387      2E461BAA 
 387      80C5E0
 388 06cf EB13154E 		.ascii	"\353\023\025N,\204\326\240\326\264\306U\331\317:Z\274"
 388      2C84D6A0 
 388      D6B4C655 
 388      D9CF3A5A 
 388      BC
 389 06e0 71B43881 		.ascii	"q\2648\201\016\367cb\374\244\264\265\332\200zl({\247"
 389      0EF76362 
 389      FCA4B4B5 
 389      DA807A6C 
 389      287BA7
 390 06f3 038BFFC7 		.ascii	"\003\213\377\307$;\375i-H\351\3146a\001\332*\020\262"
 390      243BFD69 
 390      2D48E9CC 
 390      366101DA 
 390      2A10B2
 391 0706 04EA4C3C 		.ascii	"\004\352L<s&\201:ss\250.\010O\262\230\035?q\260\304"
 391      7326813A 
 391      7373A82E 
 391      084FB298 
 391      1D3F71B0 
 392 071b 09C76BA8 		.ascii	"\011\307k\250\222TW\237m\015\305\211\022\005<{\011\357"
 392      9254579F 
 392      6D0DC589 
 392      12053C7B 
 392      09EF
 393 072d BB76A4C2 		.ascii	"\273v\244\302q\326j\335!\220jM\026\244j\235:t\242O\220"
 393      71D66ADD 
 393      21906A4D 
 393      16A46A9D 
 393      3A74A24F 
 394 0742 4EFF7B89 		.ascii	"N\377{\211Vw\236\357\204{e\264\370i\223@\220h\273 \025"
 394      56779EEF 
 394      847B65B4 
 394      F8699340 
 394      9068BB20 
 395 0757 2C4A12D4 		.ascii	",J\022\324D3?iw\012\244v\017\275y\275\337\211\337\235"
 395      44333F69 
 395      770AA476 
 395      0FBD79BD 
 395      DF89DF9D 
 396 076b C9862587 		.ascii	"\311\206%\207k\227@wg\362\006pY\337\336\032[\026\254"
 396      6B974077 
 396      67F20670 
 396      59DFDE1A 
 396      5B16AC
 397 077e 5BC481B2 		.ascii	"[\304\201\262gEe\216,Z\265D\2776t8\316\201\365\267\323"
 397      6745658E 
 397      2C5AB544 
 397      BF367438 
 397      CE81F5B7 
 398 0793 DB6A67E3 		.ascii	"\333jg\343\210\032w\262\000dt\234\362\"i\211\375Y\333"
 398      881A77B2 
 398      0064749C 
 398      F2226989 
 398      FD59DB
ARM GAS  C:\Users\Luczia\AppData\Local\Temp\cc9DMxsq.s 			page 31


 399 07a6 0018B4B6 		.ascii	"\000\030\264\266\276n\263\302\335R\370\244\205\341\""
 399      BE6EB3C2 
 399      DD52F8A4 
 399      85E122
 400 07b5 2D8CB48A 		.ascii	"-\214\264\212\372J{|\217u\016$\366\327[\343A\246\030"
 400      FA4A7B7C 
 400      8F750E24 
 400      F6D75BE3 
 400      41A618
 401 07c8 9D72919C 		.ascii	"\235r\221\234:tg\034"
 401      3A74671C 
 402 07d0 6E3FC3AC 		.ascii	"n?\303\254\263\262\254\252AZ\252K\270K\275\013\273\324"
 402      B3B2ACAA 
 402      415AAA4B 
 402      B84BBD0B 
 402      BBD4
 403 07e2 9F19BAD4 		.ascii	"\237\031\272\324`\307\346#\"\320\253;\272?\305O\231"
 403      60C7E623 
 403      22D0AB3B 
 403      BA3FC54F 
 403      99
 404 07f3 65DD6849 		.ascii	"e\335hI\20147Ln\345)\365\323\316\263VY\216\261\312\016"
 404      8134374C 
 404      6EE529F5 
 404      D3CEB356 
 404      598EB1CA 
 405 0808 B12A1B4F 		.ascii	"\261*\033O)Y%\227\221\232&\374\000\224Q6-\243\303\264"
 405      29592597 
 405      919A26FC 
 405      00945136 
 405      2DA3C3B4 
 406 081c 8CA80D01 		.ascii	"\214\250\015\001G\367\345\337u\342\321i\302{\320's\363"
 406      47F7E5DF 
 406      75E2D169 
 406      C27BD027 
 406      73F3
 407 082e F7D9E117 		.ascii	"\367\331\341\027\314\311\254\261\236\207R\202\334\310"
 407      CCC9ACB1 
 407      9E875282 
 407      DCC8
 408 083c C57CA232 		.ascii	"\305|\2422V\203\307Y\337\236s\007\332l\360+\246\030"
 408      5683C759 
 408      DF9E7307 
 408      DA6CF02B 
 408      A618
 409 084e AF102EEC 		.ascii	"\257\020.\354\012\021ss\005~\313zjRw\367 \034m\313~"
 409      0A117373 
 409      057ECB7A 
 409      6A5277F7 
 409      201C6DCB 
 410 0863 2DC5DDEF 		.ascii	"-\305\335\357\225\3423\237\\7[\036/\302[Y\327\273\246"
 410      95E2339F 
 410      5C375B1E 
 410      2FC25B59 
 410      D7BBA6
 411 0876 FA453899 		.ascii	"\372E8\231}7\2349V\200\360n\246\214f6<\266\303\351L"
 411      7D379C39 
ARM GAS  C:\Users\Luczia\AppData\Local\Temp\cc9DMxsq.s 			page 32


 411      5680F06E 
 411      A68C6636 
 411      3CB6C3E9 
 412 088b C9E9C83E 		.ascii	"\311\351\310>\253\301\373\231r\364e\372Q\007|\220)\327"
 412      ABC1FB99 
 412      72F465FA 
 412      51077C90 
 412      29D7
 413 089d CB6F24D8 		.ascii	"\313o$\330\343\\\246$\234:\225a\217\013\230\022S\331"
 413      E35CA624 
 413      9C3A9561 
 413      8F0B9812 
 413      53D9
 414 08af 952AFDF0 		.ascii	"\225*\375\360\352%\372`\376`\216\255\224\025\262\300"
 414      EA25FA60 
 414      FE608EAD 
 414      9415B2C0 
 415 08bf 133B5A27 		.ascii	"\023;Z'\021.b\340\262\322\334\347\032ehS\005\266\277"
 415      112E62E0 
 415      B2D2DCE7 
 415      1A656853 
 415      05B6BF
 416 08d2 C2EF396E 		.ascii	"\302\3579n\273 [\336\205\352\267H\031\332\331\320\277"
 416      BB205BDE 
 416      85EAB748 
 416      19DAD9D0 
 416      BF
 417 08e3 A8DD9613 		.ascii	"\250\335\226\023o\217\026\262g\356B\343\343F\376\034"
 417      6F8F16B2 
 417      67EE42E3 
 417      E346FE1C 
 418 08f3 11E362E1 		.ascii	"\021\343b\341\327\334I\253\355\247\006\257F\213y\363"
 418      D7DC49AB 
 418      EDA706AF 
 418      468B79F3 
 419 0903 29553E2C 		.ascii	")U>,\271\032a\256\\\332y4e\267\011\273\212\231\364\177"
 419      B91A61AE 
 419      5CDA7934 
 419      65B709BB 
 419      8A99F47F 
 420 0917 0B77E138 		.ascii	"\013w\3418L\341\305J\370q\012\367\220\321u\034\272D"
 420      4CE1C54A 
 420      F8710AF7 
 420      90D1751C 
 420      BA44
 421 0929 89664E1B 		.ascii	"\211fN\033\321\321b\355\355\004\034M\341G\004\027tP"
 421      D1D162ED 
 421      ED041C4D 
 421      E1470417 
 421      7450
 422 093b 821B2B07 		.ascii	"\202\033+\007e\315\360\245\231c\377\3162;\017\357\340"
 422      65CDF0A5 
 422      9963FFCE 
 422      323B0FEF 
 422      E0
 423 094c E02795F0 		.ascii	"\340'\225\360l\245\353\243\011X\206\357S\302\3239gR"
 423      6CA5EBA3 
ARM GAS  C:\Users\Luczia\AppData\Local\Temp\cc9DMxsq.s 			page 33


 423      095886EF 
 423      53C2D339 
 423      6752
 424 095e A57C8870 		.ascii	"\245|\210p\014\243\323\340\356\017\264\223\340aO@\227"
 424      0CA3D3E0 
 424      EE0FB493 
 424      E0614F40 
 424      97
 425 096f 0437542F 		.ascii	"\0047T/,D\265 \025 U \325 - \345 \347A.\202\\\000i\003"
 425      2C44B520 
 425      15205520 
 425      D5202D20 
 425      E520E741 
 426 0989 390BD20A 		.ascii	"9\013\322\012R\011\322\010R\007r\016\244\031\244\001"
 426      5209D208 
 426      5207720E 
 426      A419A401 
 427 0999 A4495848 		.ascii	"\244IXHOo\346\346\324\177\311^\236Rz\351\256\014\301"
 427      4F6FE6E6 
 427      D47FC95E 
 427      9E527AE9 
 427      AE0CC1
 428 09ac 232E0445 		.ascii	"#.\004E\226\263g\006\347c\220a9\006|\3108_\276\267\350"
 428      96B36706 
 428      E7639061 
 428      39067CC8 
 428      385FBEB7 
 429 09c1 0B079EE2 		.ascii	"\013\007\236\342\\9\246\004\027\314pe\224\203\027Z\206"
 429      5C39A604 
 429      17CC7065 
 429      9483175A 
 429      86
 430 09d2 F375B79D 		.ascii	"\363u\267\235s|\217\022\276{fU\363\023\315T\342\367"
 430      737C8F12 
 430      BE7B6655 
 430      F313CD54 
 430      E2F7
 431 09e4 9BE3A146 		.ascii	"\233\343\241F\233\267K\225Z\006\225Z*\341\215\013\021"
 431      9BB74B95 
 431      5A06955A 
 431      2AE18D0B 
 431      11
 432 09f5 A5C8EEB0 		.ascii	"\245\310\356\260\353\340\263w.\321P\036\004\245\222"
 432      EBE0B377 
 432      2ED1501E 
 432      04A592
 433 0a04 2E617206 		.ascii	".ar\006\337%\340r\370\021\275\335\232\016\276\327\262"
 433      DF25E072 
 433      F811BDDD 
 433      9A0EBED7 
 433      B2
 434 0a15 B3DCDC6E 		.ascii	"\263\334\334ns\2218a\271\214\315\252\236\237Z\256\022"
 434      73913861 
 434      B98CCDAA 
 434      9E9F5AAE 
 434      12
 435 0a26 9F352372 		.ascii	"\2375#r<\374\250\345\375\200\302\311\205\275\265\363"
ARM GAS  C:\Users\Luczia\AppData\Local\Temp\cc9DMxsq.s 			page 34


 435      3CFCA8E5 
 435      FD80C2C9 
 435      85BDB5F3 
 436 0a36 98137E4C 		.ascii	"\230\023~Lw2\2414\241\253\330\031\271\315e3\356\334"
 436      7732A134 
 436      A1ABD819 
 436      B9CD6533 
 436      EEDC
 437 0a48 8E63C98C 		.ascii	"\216c\311\214\333\301\372\262`\272y\222\000\314\262"
 437      DBC1FAB2 
 437      60BA7992 
 437      00CCB2
 438 0a57 60D01558 		.ascii	"`\320\025X'\377\327k\006\234\256\2509\\\246\346o\014"
 438      27FFD76B 
 438      069CAEA8 
 438      395CA6E6 
 438      6F0C
 439 0a69 EDDC04E1 		.ascii	"\355\334\004\341\347\267tc\270Jo\0141u\355\031\032\036"
 439      E7B77463 
 439      B84A6F0C 
 439      3175ED19 
 439      1A1E
 440 0a7b 3C6076BD 		.ascii	"<`v\275\350\220\300\035\024\234\261'\266\325\221\007"
 440      E890C01D 
 440      149CB127 
 440      B6D59107 
 441 0a8b 93DBA50C 		.ascii	"\223\333\245\014\276&\201\257Q\260\361\254v\221\316"
 441      BE2681AF 
 441      51B0F1AC 
 441      7691CE
 442 0a9a EADA86E4 		.ascii	"\352\332\206\344\247\010OJ\347I\337\266kR\347K\3723"
 442      A7084F4A 
 442      E749DFB6 
 442      6B52E74B 
 442      FA33
 443 0aac B26EF296 		.ascii	"\262n\362\226#~\313:\247\037v\345J\207\344\010\275s"
 443      237ECB3A 
 443      A71F76E5 
 443      4A87E408 
 443      BD73
 444 0abe 95F78F38 		.ascii	"\225\367\2178\341m\354\027Rj\375\370\230=NbJ\367\221"
 444      E16DEC17 
 444      526AFDF8 
 444      983D4E62 
 444      4AF791
 445 0ad1 B47C3543 		.ascii	"\264|5C\016\023\375\300\2337qj\234\"\375\226\212\331"
 445      0E13FDC0 
 445      9B37716A 
 445      9C22FD96 
 445      8AD9
 446 0ae3 93678D33 		.ascii	"\223g\2153\231\362\372Y\301\2105\316cJ\375X\366\013"
 446      99F2FA59 
 446      C18835CE 
 446      634AFD58 
 446      F60B
 447 0af5 077C9229 		.ascii	"\007|\222)\361y\327\223m\360Y\246\214\335\331\321\340"
 447      F179D793 
ARM GAS  C:\Users\Luczia\AppData\Local\Temp\cc9DMxsq.s 			page 35


 447      6DF059A6 
 447      8CDDD9D1 
 447      E0
 448 0b06 80EB9872 		.ascii	"\200\353\230r\241i\340\232\006\2672%z\270d\033\306\235"
 448      A169E09A 
 448      06B73225 
 448      7AB8641B 
 448      C69D
 449 0b18 4C79D15E 		.ascii	"Ly\321^\237\010\327p\246\264m\337\0155=\314\024\343"
 449      9F08D770 
 449      A6B46DDF 
 449      0D353DCC 
 449      14E3
 450 0b2a FDD485DD 		.ascii	"\375\324\205\335O\247\263F\0168\340\021\326W\225\033"
 450      4FA7B346 
 450      0E38E011 
 450      D657951B 
 451 0b3a 5FA8C153 		.ascii	"_\250\301SL\211\273\274\243\333\001\307\330S\345\344"
 451      4C89BBBC 
 451      A3DB01C7 
 451      D853E5E4 
 452 0b4a F0B65A1B 		.ascii	"\360\266Z\033\234\310\224\252\266W\305Nx\267\244\334"
 452      9CC894AA 
 452      B657C54E 
 452      78B7A4DC 
 453 0b5a 2975C7D9 		.ascii	")u\307\331\354\373\360p\371\036g\234\317\224\276\236"
 453      ECFBF070 
 453      F91E679C 
 453      CF94BE9E 
 454 0b6a 07894EF8 		.ascii	"\007\211N\370$S\266\326\354\255\266\305g\231r\241\367"
 454      2453B6D6 
 454      ECADB6C5 
 454      679972A1 
 454      F7
 455 0b7b 2EC2E7D9 		.ascii	".\302\347\331\367\343\304\332.\00173\245\260|G\237\025"
 455      F7E3C4DA 
 455      2E013733 
 455      A5B07C47 
 455      9F15
 456 0b8d BEC69481 		.ascii	"\276\306\224\201\262\270\0115\276\311\224\2427\007\333"
 456      B2B80935 
 456      BEC994A2 
 456      3707DB
 457 0b9c 6D713753 		.ascii	"mq7S\332+z\357;\341A\246\024\2675vK\327\272\004\222"
 457      DA2B7AEF 
 457      3BE141A6 
 457      14B73576 
 457      4BD7BA04 
 458 0bb1 C5E2633D 		.ascii	"\305\342c=C6\322\215\222\374\226\312;\333\373\006\341"
 458      4336D28D 
 458      92FC96CA 
 458      3BDBFB06 
 458      E1
 459 0bc2 0714EC7A 		.ascii	"\007\024\354zf<\255\310\032-\234\361\314\225\217e\323"
 459      663CADC8 
 459      1A2D9CF1 
 459      CC958F65 
ARM GAS  C:\Users\Luczia\AppData\Local\Temp\cc9DMxsq.s 			page 36


 459      D3
 460 0bd3 C97CF39D 		.ascii	"\311|\363\235U\345\251<\371d\356\2055\224\204\271\225"
 460      55E5A93C 
 460      F964EE85 
 460      359484B9 
 460      95
 461 0be4 98C22F5C 		.ascii	"\230\302/\\\250\270\332Q\343\226Gn\020\317\224\360\231"
 461      A8B8DA51 
 461      E396476E 
 461      10CF94F0 
 461      99
 462 0bf5 7BFB6D7E 		.ascii	"{\373m~\213|\241\304\3178\016\315v\324\037\225p\263"
 462      8B7CA1C4 
 462      CF380ECD 
 462      76D41F95 
 462      70B3
 463 0c07 8386ACFF 		.ascii	"\203\206\254\377\251$i\203\204;\011\352\226\340\246"
 463      A9246983 
 463      843B09EA 
 463      96E0A6
 464 0c16 0DF2CE0C 		.ascii	"\015\362\316\014\366D\216\375\211\222}\346i0\305\343"
 464      F6448EFD 
 464      89927DE6 
 464      6930C5E3 
 465 0c26 0795F8FD 		.ascii	"\007\225\370\3753\361\274\367O-\363{\310\336\327\361"
 465      33F1BCF7 
 465      4F2DF37B 
 465      C8DED7F1 
 466 0c36 DE0F28BD 		.ascii	"\336\017(\275OW\302;\2229\370M%\274S9\331)~\213\035"
 466      4F57C23B 
 466      9239F84D 
 466      25BC5339 
 466      D9297E8B 
 467 0c4b B7184A2E 		.ascii	"\267\030J.\257\217\022\271\274>P\242\207\004e\344\233"
 467      AF8F12B9 
 467      BC3E50A2 
 467      870465E4 
 467      9B
 468 0c5c 1339671E 		.ascii	"\0239g\036+\235\311S:\323\301GfTI?\363\022\365\210\307"
 468      2B9DC953 
 468      3AD3C147 
 468      6654493F 
 468      F312F588 
 469 0c71 3FB75C66 		.ascii	"?\267\\f\374a\305'\352\241\022>\363J\327\317\343\207"
 469      FC61C527 
 469      EAA1123E 
 469      F34AD7CF 
 469      E387
 470 0c83 2DCF96AF 		.ascii	"-\317\226\257\233d\016~[\011\277%\303\315\216\234I\210"
 470      9B640E7E 
 470      5B09BF25 
 470      C3CD8E9C 
 470      4988
 471 0c95 C604ED23 		.ascii	"\306\004\355#pr\336\244b7\024\213\027\2427pV\354\202"
 471      7072DEA4 
 471      6237148B 
 471      17A23770 
ARM GAS  C:\Users\Luczia\AppData\Local\Temp\cc9DMxsq.s 			page 37


 471      56EC82
 472 0ca8 F75690D7 		.ascii	"\367V\220\327\360\275\003\336\333@\246\340[\204\367"
 472      F0BD03DE 
 472      DB40A6E0 
 472      5B84F7
 473 0cb7 3B78C7C3 		.ascii	";x\307\303;\015$\001d;H\034\310^\220i\350\213\206w2"
 473      3B0D2401 
 473      643B481C 
 473      C85E9069 
 473      E88B8677 
 474 0ccc C83E9057 		.ascii	"\310>\220W\240\357\204w\012\310n\220\267\240'\302;\003"
 474      A0EF8477 
 474      0AC86E90 
 474      B7A027C2 
 474      3B03
 475 0cde 2406241D 		.ascii	"$\006$\035d\017\346\357r\315I\334l\372\225\263\231q"
 475      640FE6EF 
 475      72CD49DC 
 475      6CFA95B3 
 475      9971
 476 0cf0 11E8E753 		.ascii	"\021\350\347S1by\005\233*\003*\251?\211\253\244{\226"
 476      31627905 
 476      9B2A032A 
 476      A93F89AB 
 476      A47B96
 477 0d03 3714B3EB 		.ascii	"7\024\263\3535\317?f\27148w\036\361\336\337U\302\177"
 477      35CF3F66 
 477      B9343877 
 477      1EF1DEDF 
 477      55C27F
 478 0d16 9871274A 		.ascii	"\230q'J\300\373Eq\016A\315\274\023M$\341B\371N\324c"
 478      C0FB4571 
 478      0E41CDBC 
 478      134D24E1 
 478      42F94ED4 
 479 0d2b 99CCAC6E 		.ascii	"\231\314\254n\370Bx\251\304_\237y+\342\353\354\221\345"
 479      F84278A9 
 479      C45F9F79 
 479      2BE2EBEC 
 479      91E5
 480 0d3d BAE46FB6 		.ascii	"\272\344o\266<\374\276\345\375\206\257z\336\233\033"
 480      3CFCBEE5 
 480      FD86AF7A 
 480      DE9B1B
 481 0d4c 96BDE1D7 		.ascii	"\226\275\341\327 \037\271>\313y7K\014O\337e\271\352"
 481      201FB93E 
 481      CB79374B 
 481      0C4FDF65 
 481      B9EA
 482 0d5e 199EFC76 		.ascii	"\031\236\374v/.\356\261\307'\350?\031\012}\223\345Y"
 482      2F2EEEB1 
 482      C727E83F 
 482      190A7D93 
 482      E559
 483 0d70 029AEB66 		.ascii	"\002\232\353fq9\240,X\005\377_V\204T$\311\354\032\231"
 483      7139A02C 
 483      5805FF5F 
ARM GAS  C:\Users\Luczia\AppData\Local\Temp\cc9DMxsq.s 			page 38


 483      56845424 
 483      C9EC1A99 
 484 0d84 095EEDC7 		.ascii	"\011^\355\307\246k$\251\031:\271\232\316\326N\033\376"
 484      A66B24A9 
 484      193AB99A 
 484      CED64E1B 
 484      FE
 485 0d95 CA9589F9 		.ascii	"\312\225\211\371\313\\6fW.x\003\370U\307\316x+\\\316"
 485      CB5C3666 
 485      572E7803 
 485      F855C7CE 
 485      782B5CCE 
 486 0da9 FEF1B4BE 		.ascii	"\376\361\264\276\247\244D\203k\231\362v\260\246\327"
 486      A7A44483 
 486      6B99F276 
 486      B0A6D7
 487 0db8 163752C5 		.ascii	"\0267R\305:ntw\254\015=\246\335\346\262xwv\271\034\211"
 487      3A6E7477 
 487      AC0D3DA6 
 487      DDE6B278 
 487      7776B91C 
 488 0dcd 159B96D0 		.ascii	"\025\233\226\320x\037\0047\362g\333\260\351:\370RN\316"
 488      781F0437 
 488      F267DBB0 
 488      E93AF852 
 488      4ECE
 489 0ddf 212578E6 		.ascii	"!%x\346\206z\373K\363\303`&\267Y\235s\350\003\226\311"
 489      867AFB4B 
 489      F3C36026 
 489      B7599D73 
 489      E80396C9 
 490 0df3 B935D6D0 		.ascii	"\2715\326\320\305~w\344\233\2571\263\354\313\377g&_"
 490      C57E77E4 
 490      9BAF31B3 
 490      ECCBFF67 
 490      265F
 491 0e05 4A7D1EA4 		.ascii	"J}\036\244>\007Rq\004$\027\34406]\2363\006\337\366\""
 491      3E075271 
 491      042417E4 
 491      30365D9E 
 491      3306DFF6 
 492 0e1a 7C9915D3 		.ascii	"|\231\025\323\311\214\246\343\366\312b2\375\\?\006,"
 492      C98CA6E3 
 492      F6CA6232 
 492      FD5C3F06 
 492      2C
 493 0e2b 3FC5C8BC 		.ascii	"?\305\310\274\234\350R\213\242\006\025\000\370\250\234"
 493      9CE8528B 
 493      A2061500 
 493      F8A89C
 494 0e3a E37C638E 		.ascii	"\343|c\216\253\016L\307\333\3629.0\313q\241\224\343"
 494      AB0E4CC7 
 494      DBF2392E 
 494      30CB71A1 
 494      94E3
 495 0e4c 429AE3CC 		.ascii	"B\232\343\314\230\222~k\036<ava?.\201\311\333\366\253"
 495      98927E6B 
ARM GAS  C:\Users\Luczia\AppData\Local\Temp\cc9DMxsq.s 			page 39


 495      1E3C6176 
 495      613F2E81 
 495      C9DBF6AB 
 496 0e60 F088287D 		.ascii	"\360\210(}Hx\340\277\377~\361bw\370/pS\360\372\340\360"
 496      4878E0BF 
 496      FF7EF162 
 496      77F82F70 
 496      53F0FAE0 
 497 0e75 488FDF79 		.ascii	"H\217\337y\270\207G\272o\012\010q'\210Hw\277u\276K="
 497      B88747BA 
 497      6F0A0871 
 497      27884877 
 497      BF75BE4B 
 498 0e8a DDD7AC59 		.ascii	"\335\327\254Y\351\276\316\307\367k\017\322\243\217\004"
 498      E9BECEC7 
 498      F76B0FD2 
 498      A38F04
 499 0e99 CB90A0C5 		.ascii	"\313\220\240\305\201\232\325\237}\341\252\365\360P}"
 499      819AD59F 
 499      7DE1AAF5 
 499      F0507D
 500 0ea8 68892330 		.ascii	"h\211#0<44<L\242Y\256\363\325\372n\001D`x\204A\377\365"
 500      3C34343C 
 500      4CA259AE 
 500      F3D5FA6E 
 500      01446078 
 501 0ec0 47A18B37 		.ascii	"G\241\2137\251\354\251\017\233\303\210\027.&\177\364"
 501      A9ECA90F 
 501      9BC38817 
 501      2E267FF4 
 502 0ed0 1B22C243 		.ascii	"\033\"\302C\365\301\221\021\363\270nS\343\234\300M~"
 502      F5C19111 
 502      F3B86E53 
 502      E39CC04D 
 502      7E
 503 0ee1 DF44AE81 		.ascii	"\337D\256\201\246U\320\342\343\247[di\350\210(\367\340"
 503      A655D0E2 
 503      E3A75B64 
 503      69E88828 
 503      F7E0
 504 0ef3 B0C090CD 		.ascii	"\260\300\220\315A\006\350\210\374&\022\006s\011\217"
 504      4106E888 
 504      FC261206 
 504      73098F
 505 0f02 0C08F919 		.ascii	"\014\010\371\031\246d\346\004J8\310\033L\347\222\367"
 505      A664E604 
 505      4A38C81B 
 505      4CE792F7 
 506 0f12 E791EB82 		.ascii	"\347\221\353\202C\015\021\336\001aA!\206\010\037\027"
 506      430D11DE 
 506      01614121 
 506      86081F17 
 507 0f22 EAC717D4 		.ascii	"\352\307\027\3249\211n\2364\202Y\243\346\217\206\300"
 507      39896E9E 
 507      348259A3 
 507      E68F86C0 
 508 0f32 A8F08815 		.ascii	"\250\360\210\025K\376\360\267\207Ye\317\276\364\301"
ARM GAS  C:\Users\Luczia\AppData\Local\Temp\cc9DMxsq.s 			page 40


 508      4BFEF0B7 
 508      875965CF 
 508      BEF4C1
 509 0f41 61C151F3 		.ascii	"a\301Q\363\365A\3537\352\0037\031 (f\221\371\373\237"
 509      F541EB37 
 509      EA033719 
 509      20286691 
 509      F9FB9F
 510 0f54 0C449061 		.ascii	"\014D\220a\375\346\215$\024\324w\263\351\374\035\307"
 510      FDE68D24 
 510      14D477B3 
 510      E9FC1DC7 
 511 0f64 AA88B88B 		.ascii	"\252\210\270\213\236\346!8\342/z\303W\301!\341\0337"
 511      9EE62138 
 511      E22F7AC3 
 511      57C121E1 
 511      1B37
 512 0f76 1BE6E8A3 		.ascii	"\033\346\350\243\"\002\002\015\244W\037b\010\370\332"
 512      2202020D 
 512      A4571F62 
 512      08F8DA
 513 0f85 A00EDC14 		.ascii	"\240\016\334\024\3603\034\240V\340\300<~\016\304\236"
 513      F0331CA0 
 513      56E0C03C 
 513      7E0EC49E 
 514 0f95 A69B6B34 		.ascii	"\246\233k4\204E\031\"h\272\271"
 514      84451922 
 514      68BAB9
 515 0fa0 9168E39C 		.ascii	"\221h\343\234\260\257\203\003\275\302\002\326\207\030"
 515      B0AF8303 
 515      BDC202D6 
 515      8718
 516 0fae 5864EDF4 		.ascii	"Xd\355\364\372\315\301aQK=\365Q\033\002\177\357OG\217"
 516      FACDC161 
 516      514B3DF5 
 516      511B027F 
 516      EF4F478F 
 517 0fc2 8CDA1C14 		.ascii	"\214\332\034\024\034\356\037\025\036\036\022\351\277"
 517      1CEE1F15 
 517      1E1E12E9 
 517      BF
 518 0fcf 316CB32B 		.ascii	"1l\263+\375r\015\210\010u5\204\2567\004\005\031\202"
 518      FD720D88 
 518      08753584 
 518      AE370405 
 518      1982
 519 0fe1 FC3F5ABC 		.ascii	"\374?Z\274\304\325s\211\307G\177Y\346\017\355\277\015"
 519      C4D57389 
 519      C7477F59 
 519      E60FEDBF 
 519      0D
 520 0ff2 0B0F33FC 		.ascii	"\013\0173\374\326\020\260>\330_r\327?4"
 520      D610B03E 
 520      D85F72D7 
 520      3F34
 521 1000 00B8C20C 		.ascii	"\000\270\302\014\376\372 \303\206\200\315!Q\372\250"
 521      FEFA20C3 
ARM GAS  C:\Users\Luczia\AppData\Local\Temp\cc9DMxsq.s 			page 41


 521      8680CD21 
 521      51FAA8
 522 100f 6FBE3290 		.ascii	"o\2762\220J\322\030\307\373\267\377\325\361\240L\375"
 522      4AD218C7 
 522      FBB7FFD5 
 522      F1A04CFD 
 523 101f 21E54140 		.ascii	"!\345A@\016\203,}\177\271HkKZU$&`ck\2545\225\243^\277"
 523      0E832C7D 
 523      7FB9486B 
 523      4B5A5524 
 523      2660636B 
 524 1039 617358A0 		.ascii	"asX\240^\277\370c\317\017=5F\015\232#\015Q\372\025\313"
 524      5EBFF863 
 524      CF0F3D35 
 524      460D9A23 
 524      0D51FA15 
 525 104e FDBCD6EA 		.ascii	"\375\274\326\352|\034\003B\376\032\360M$TU\010\314s"
 525      7C1C0342 
 525      FE1AF04D 
 525      24545508 
 525      CC73
 526 1060 C57B96B0 		.ascii	"\305{\226\260aK\024\031\312]\353\353\347\343\347\256"
 526      614B1419 
 526      CA5DEBEB 
 526      E7E3E7AE 
 527 1070 8515ECEE 		.ascii	"\205\025\354\356cLjhdp\244~c \031\337J\253\365\325-"
 527      634C6A68 
 527      6470A47E 
 527      632019DF 
 527      4AABF5D5 
 528 1085 153ED7A9 		.ascii	"\025>\327\251W\372.\327\341\225Z\235z\305\312u:\254"
 528      57FA2ED7 
 528      E1955A9D 
 528      7AC5CA75 
 528      3AAC
 529 1097 D5EAB00E 		.ascii	"\325\352\260\016d\271N\207\327\372i\261\366\263uj\255"
 529      64B94E87 
 529      D7FA69B1 
 529      F6B3756A 
 529      AD
 530 10a8 D64B47F1 		.ascii	"\326KG\361\236\364\257\007\366Z\255\023\374\300\322"
 530      9EF4AF07 
 530      F65AAD13 
 530      FCC0D2
 531 10b7 C74BA7F6 		.ascii	"\307K\247\366\363\005\264V\347\011\342\001\310\177\325"
 531      F305B456 
 531      E709E201 
 531      C87FD5
 532 10c6 FD0FF7A8 		.ascii	"\375\017\367\250\310\250P\222\237`\272\311\230\024}"
 532      C8A85092 
 532      9F60BAC9 
 532      98147D
 533 10d5 94959F9F 		.ascii	"\224\225\237\237v\265\316V\347\345\347\245\373\243\327"
 533      76B5CE56 
 533      E7E5E7A5 
 533      FBA3D7
 534 10e4 CA7FC45A 		.ascii	"\312\177\304Z?\342\242Vn\372\320v\371\332\025\236k\326"
ARM GAS  C:\Users\Luczia\AppData\Local\Temp\cc9DMxsq.s 			page 42


 534      3FE2A256 
 534      6EFAD076 
 534      F9DA159E 
 534      6BD6
 535 10f6 7A7DA623 		.ascii	"z}\246#_\036\354\313\330\273\314v\271\367\212\245R\257"
 535      5F1EECCB 
 535      D8BBCC76 
 535      B9F78AA5 
 535      52AF
 536 1108 B709E7AD 		.ascii	"\267\011\347\255\304-\265!,\320B\336\036|\217\247\015"
 536      C42DB521 
 536      2CD042DE 
 536      1E7C8FA7 
 536      0D
 537 1119 61A03DDE 		.ascii	"a\240=\336\022\302\333\034\341\241!\266:\277u:\362\341"
 537      12C2DB1C 
 537      E1A121B6 
 537      3ABF753A 
 537      F2E1
 538 112b 413E4C7D 		.ascii	"A>L}K4\304\232\365y\033A\336\014\204\265>:\265v\325"
 538      4B34C49A 
 538      F5791B41 
 538      DE0C84B5 
 538      3E3AB576 
 539 1140 6A9DCDDA 		.ascii	"j\235\315\3325k\310[\320\352\354\340\323\307\323\217"
 539      356BC85B 
 539      D0EAECE0 
 539      D3C7D38F 
 540 1150 681623C8 		.ascii	"h\026#\310\245\327o\035\213\342\252e[\266\260\370mX"
 540      A5D76F1D 
 540      8BE2AA65 
 540      5BB6B0F8 
 540      6D58
 541 1162 B6E4C32D 		.ascii	"\266\344\303-[H\004uZ\255~\035\024\377J\303\006k\342"
 541      5B480475 
 541      5AAD7E1D 
 541      14FF4AC3 
 541      066BE2
 542 1175 D3AA3F59 		.ascii	"\323\252?Y\373\254\324~\276\322\213h\236\253\376\344"
 542      FBACD47E 
 542      BED28B68 
 542      9EABFEE4 
 543 1185 B472C56A 		.ascii	"\264r\305j_\355\027F\314\177\003gD\205\340"
 543      5FED1746 
 543      CC7F0367 
 543      4485E0
 544              		.text
 545              		.section	.gnu.lto_.symtab.803eb691,"",%progbits
 546 0000 56656374 		.ascii	"VectorB0\000"
 546      6F724230 
 546      00
 547 0009 00       		.ascii	"\000"
 548 000a 00       		.ascii	"\000"
 549 000b 00       		.ascii	"\000"
 550 000c 00000000 		.ascii	"\000\000\000\000\000\000\000\000"
 550      00000000 
 551 0014 CD000000 		.ascii	"\315\000\000\000"
ARM GAS  C:\Users\Luczia\AppData\Local\Temp\cc9DMxsq.s 			page 43


 552 0018 73745F6C 		.ascii	"st_lld_init\000"
 552      6C645F69 
 552      6E697400 
 553 0024 00       		.ascii	"\000"
 554 0025 00       		.ascii	"\000"
 555 0026 00       		.ascii	"\000"
 556 0027 00000000 		.ascii	"\000\000\000\000\000\000\000\000"
 556      00000000 
 557 002f CF000000 		.ascii	"\317\000\000\000"
 558 0033 5F646267 		.ascii	"_dbg_check_lock_from_isr\000"
 558      5F636865 
 558      636B5F6C 
 558      6F636B5F 
 558      66726F6D 
 559 004c 00       		.ascii	"\000"
 560 004d 02       		.ascii	"\002"
 561 004e 00       		.ascii	"\000"
 562 004f 00000000 		.ascii	"\000\000\000\000\000\000\000\000"
 562      00000000 
 563 0057 D1000000 		.ascii	"\321\000\000\000"
 564 005b 63685379 		.ascii	"chSysTimerHandlerI\000"
 564      7354696D 
 564      65724861 
 564      6E646C65 
 564      724900
 565 006e 00       		.ascii	"\000"
 566 006f 02       		.ascii	"\002"
 567 0070 00       		.ascii	"\000"
 568 0071 00000000 		.ascii	"\000\000\000\000\000\000\000\000"
 568      00000000 
 569 0079 D3000000 		.ascii	"\323\000\000\000"
 570 007d 5F646267 		.ascii	"_dbg_check_unlock_from_isr\000"
 570      5F636865 
 570      636B5F75 
 570      6E6C6F63 
 570      6B5F6672 
 571 0098 00       		.ascii	"\000"
 572 0099 02       		.ascii	"\002"
 573 009a 00       		.ascii	"\000"
 574 009b 00000000 		.ascii	"\000\000\000\000\000\000\000\000"
 574      00000000 
 575 00a3 D5000000 		.ascii	"\325\000\000\000"
 576 00a7 5F706F72 		.ascii	"_port_irq_epilogue\000"
 576      745F6972 
 576      715F6570 
 576      696C6F67 
 576      756500
 577 00ba 00       		.ascii	"\000"
 578 00bb 02       		.ascii	"\002"
 579 00bc 00       		.ascii	"\000"
 580 00bd 00000000 		.ascii	"\000\000\000\000\000\000\000\000"
 580      00000000 
 581 00c5 D7000000 		.ascii	"\327\000\000\000"
 582 00c9 5F747261 		.ascii	"_trace_isr_leave\000"
 582      63655F69 
 582      73725F6C 
 582      65617665 
ARM GAS  C:\Users\Luczia\AppData\Local\Temp\cc9DMxsq.s 			page 44


 582      00
 583 00da 00       		.ascii	"\000"
 584 00db 02       		.ascii	"\002"
 585 00dc 00       		.ascii	"\000"
 586 00dd 00000000 		.ascii	"\000\000\000\000\000\000\000\000"
 586      00000000 
 587 00e5 E4000000 		.ascii	"\344\000\000\000"
 588 00e9 5F646267 		.ascii	"_dbg_check_leave_isr\000"
 588      5F636865 
 588      636B5F6C 
 588      65617665 
 588      5F697372 
 589 00fe 00       		.ascii	"\000"
 590 00ff 02       		.ascii	"\002"
 591 0100 00       		.ascii	"\000"
 592 0101 00000000 		.ascii	"\000\000\000\000\000\000\000\000"
 592      00000000 
 593 0109 E6000000 		.ascii	"\346\000\000\000"
 594 010d 5F646267 		.ascii	"_dbg_check_enter_isr\000"
 594      5F636865 
 594      636B5F65 
 594      6E746572 
 594      5F697372 
 595 0122 00       		.ascii	"\000"
 596 0123 02       		.ascii	"\002"
 597 0124 00       		.ascii	"\000"
 598 0125 00000000 		.ascii	"\000\000\000\000\000\000\000\000"
 598      00000000 
 599 012d E8000000 		.ascii	"\350\000\000\000"
 600 0131 5F747261 		.ascii	"_trace_isr_enter\000"
 600      63655F69 
 600      73725F65 
 600      6E746572 
 600      00
 601 0142 00       		.ascii	"\000"
 602 0143 02       		.ascii	"\002"
 603 0144 00       		.ascii	"\000"
 604 0145 00000000 		.ascii	"\000\000\000\000\000\000\000\000"
 604      00000000 
 605 014d EA000000 		.ascii	"\352\000\000\000"
 606 0151 6E766963 		.ascii	"nvicEnableVector\000"
 606      456E6162 
 606      6C655665 
 606      63746F72 
 606      00
 607 0162 00       		.ascii	"\000"
 608 0163 02       		.ascii	"\002"
 609 0164 00       		.ascii	"\000"
 610 0165 00000000 		.ascii	"\000\000\000\000\000\000\000\000"
 610      00000000 
 611 016d F7000000 		.ascii	"\367\000\000\000"
 612              		.text
 613              		.section	.gnu.lto_.opts,"",%progbits
 614 0000 272D666D 		.ascii	"'-fmath-errno' '-fsigned-zeros' '-ftrapping-math' '"
 614      6174682D 
 614      6572726E 
 614      6F272027 
ARM GAS  C:\Users\Luczia\AppData\Local\Temp\cc9DMxsq.s 			page 45


 614      2D667369 
 615 0033 2D666E6F 		.ascii	"-fno-trapv' '-fno-strict-overflow' '-fno-openmp' '-"
 615      2D747261 
 615      70762720 
 615      272D666E 
 615      6F2D7374 
 616 0066 666E6F2D 		.ascii	"fno-openacc' '-mcpu=cortex-m4' '-mthumb' '-O0' '-fo"
 616      6F70656E 
 616      61636327 
 616      20272D6D 
 616      6370753D 
 617 0099 6D69742D 		.ascii	"mit-frame-pointer' '-falign-functions=16' '-ffuncti"
 617      6672616D 
 617      652D706F 
 617      696E7465 
 617      72272027 
 618 00cc 6F6E2D73 		.ascii	"on-sections' '-fdata-sections' '-fno-common' '-flto"
 618      65637469 
 618      6F6E7327 
 618      20272D66 
 618      64617461 
 619 00ff 2700     		.ascii	"'\000"
 620              		.text
 621              		.comm	__gnu_lto_v1,1,1
 622              		.comm	__gnu_lto_slim,1,1
 623              		.ident	"GCC: (GNU Tools for Arm Embedded Processors 7-2017-q4-major) 7.2.1 20170904 (release) [ARM
ARM GAS  C:\Users\Luczia\AppData\Local\Temp\cc9DMxsq.s 			page 46


DEFINED SYMBOLS
                            *ABS*:00000000 hal_st_lld.c
                            *COM*:00000001 __gnu_lto_v1
                            *COM*:00000001 __gnu_lto_slim

NO UNDEFINED SYMBOLS
