ARM GAS  C:\Users\Luczia\AppData\Local\Temp\cccICFK7.s 			page 1


   1              		.cpu cortex-m4
   2              		.eabi_attribute 20, 1
   3              		.eabi_attribute 21, 1
   4              		.eabi_attribute 23, 3
   5              		.eabi_attribute 24, 1
   6              		.eabi_attribute 25, 1
   7              		.eabi_attribute 26, 1
   8              		.eabi_attribute 30, 6
   9              		.eabi_attribute 34, 1
  10              		.eabi_attribute 18, 4
  11              		.file	"hal_lld.c"
  12              		.section	.gnu.lto_.inline.803ee2ec,"",%progbits
  13 0000 789C6363 		.ascii	"x\234cc``\360e@\000f\006\006~>\006\006&\251\007\267"
  13      6060F065 
  13      40006606 
  13      067E3E06 
  13      0626A907 
  14 0015 18195818 		.ascii	"\030\031X\030\230@b\214\014\252\366@!\207\013\315,p"
  14      9840628C 
  14      0CAAF640 
  14      21870BCD 
  14      2C70
  15 0027 212E1482 		.ascii	"!.\024\202\211\341\004\303q\020\335\303\270\341*\007"
  15      89E104C3 
  15      7110DDC3 
  15      B8E12A07 
  16 0037 4C110300 		.ascii	"L\021\003\000F*\010)"
  16      462A0829 
  17              		.text
  18              		.section	.gnu.lto_hal_lld_backup_domain_init.803ee2ec,"",%progbits
  19 0000 789C8D92 		.ascii	"x\234\215\222\317k\023Q\020\307g\366\355n\262i\026/"
  19      CF6B1351 
  19      10C767F6 
  19      ED6EB269 
  19      162F
  20 0012 1E4404BD 		.ascii	"\036D\004\275\346\222\265ZE\375\003\024\004Oz\027[\017"
  20      E692B55A 
  20      45FD0314 
  20      044F7A17 
  20      5B0F
  21 0024 2D0422C6 		.ascii	"-\004\"\306C\017B6m\332\246*z\261\015\310\252\361P\374"
  21      430F4236 
  21      6DDAA62A 
  21      7AB10DC8 
  21      AAF150FC 
  22 0038 01B688D5 		.ascii	"\001\266\210\325\330\264\332\230\332\332\372\003A\324"
  22      D8B4DA98 
  22      DADAFA03 
  22      41D4
  23 0046 8B1E44DA 		.ascii	"\213\036D\332R\012\212`@\2135q\346\275\304\330\222\240"
  23      520A8A60 
  23      408B3571 
  23      E6BDC4D8 
  23      92A0
  24 0058 CBEEDBB7 		.ascii	"\313\356\333\267o\276\373\375\314\2747&\000\034\324"
  24      6FBEFBFD 
  24      CCBC3726 
ARM GAS  C:\Users\Luczia\AppData\Local\Temp\cccICFK7.s 			page 2


  24      001CD4
  25 0067 01F6D13B 		.ascii	"\001\366\321;D\017\030\200\032\320\243\011\000W\243"
  25      440F1880 
  25      1AD0A309 
  25      0057A3
  26 0076 88AB0BA4 		.ascii	"\210\253\013\244\027\352\210\024F\210kB\3078\236\023"
  26      17EA8814 
  26      46886B42 
  26      C7389E13 
  27 0086 170516FA 		.ascii	"\027\005\026\372\026\307\264\320u\227\256|\372\303\256"
  27      16C7B4D0 
  27      7597AE7C 
  27      FAC3AE
  28 0095 84DBB3C9 		.ascii	"\204\333\263\311\243\377\006\005\310\013\357b\010H\366"
  28      A3FF0605 
  28      C80BEF62 
  28      0848F6
  29 00a4 E94E69C0 		.ascii	"\351Ni\3006u\265\216\243h\002[\215\2746\362n\251\334"
  29      3675B58E 
  29      A368025B 
  29      8DBC36F2 
  29      6EA9DC
  30 00b7 E7E68B43 		.ascii	"\347\346\213C\230>\260\021\301\023\304\366\004\241="
  30      983EB011 
  30      C113C4F6 
  30      04A13D
  31 00c6 66D2CCA0 		.ascii	"f\322\314\240A\230<\363\361\340\347O\213\207\000K\232"
  31      41983CF3 
  31      F1E0E74F 
  31      8B87004B 
  31      9A
  32 00d7 782DC833 		.ascii	"x-\3103\233g\000)\011\356\347\251X\306\256\342\322\312"
  32      9B670029 
  32      09EEE7A9 
  32      58C6AEE2 
  32      D2CA
  33 00e9 6EC65D12 		.ascii	"n\306]\022HY\\\373\225\034\266\316\012R\243\3731\341"
  33      48595CFB 
  33      951CB6CE 
  33      0A52A3FB 
  33      31E1
  34 00fb EA780FB7 		.ascii	"\352x\017\267\3002\026r\226\322h\244\031\354)\274\362"
  34      C0321672 
  34      96D268A4 
  34      19EC29BC 
  34      F2
  35 010c 290D273E 		.ascii	")\015'>Qx9cf\360J\202\012\334\346\011\235\214\360>\375"
  35      51783963 
  35      66F04A82 
  35      0ADCE609 
  35      9D8CF03E 
  36 0121 C5B177D9 		.ascii	"\305\261w\331\\\326vn\273I\364\204\201Y\314\340\200"
  36      5CD6766E 
  36      BB49F484 
  36      8159CCE0 
  36      80
  37 0132 A4E30374 		.ascii	"\244\343\003t\200\341~e+*\234\356\037\275\250Vt\305"
ARM GAS  C:\Users\Luczia\AppData\Local\Temp\cccICFK7.s 			page 3


  37      80E17E65 
  37      2B2A9CEE 
  37      1FBDA856 
  37      74C5
  38 0144 1A5E9AF4 		.ascii	"\032^\232\364\002\314\322\320\325pL%\363\346\214\024"
  38      02CCD2D0 
  38      D5704C25 
  38      F3E68C14 
  39 0154 D5658B06 		.ascii	"\325e\213\006\354\\\215=\216\016\371K\374\215\323\212"
  39      EC5C8D3D 
  39      8E0EF94B 
  39      FC8DD38A 
  40 0164 66903E79 		.ascii	"f\220>yyzQ\226.\320\375\232\242\322'\326\226n\376]\272"
  40      797A5196 
  40      2ED0FD9A 
  40      A2D227D6 
  40      966EFE5D 
  41 0179 A8573A1B 		.ascii	"\250W:\033\341\303\365\370\004\207\014|$\023\220\355"
  41      E1C3F5F8 
  41      04870C7C 
  41      241390ED 
  42 0189 31298BEF 		.ascii	"1)\213\357^\355\275i(k\237r\237\037\232\317X\225bM\314"
  42      5EEDBD69 
  42      286B9F72 
  42      9F1F9ACF 
  42      5895624D 
  43 019e 93D10226 		.ascii	"\223\321\002&\337O\265TD\244H\177^\331\\\021\350\370"
  43      DF4FB554 
  43      44A4487F 
  43      5ED95C11 
  43      E8F8
  44 01b0 9849F228 		.ascii	"\230I\362(E\365(K\333\225\326_M\2768\273\265\316VeZ"
  44      45F5284B 
  44      DB95D65F 
  44      4DBE38BB 
  44      B5CE5665 
  45 01c5 4166EB6F 		.ascii	"Af\353o\230m\241\226\355\024:$\270\365\375\3527\235"
  45      986DA196 
  45      ED143A24 
  45      B8F5FDEA 
  45      379D
  46 01d7 D106BAC4 		.ascii	"\321\006\272\304~\"\355i\003\343\012h\375\037\320j\010"
  46      7E22ED69 
  46      03E30A68 
  46      FD1FD06A 
  46      08
  47 01e8 9CAE0167 		.ascii	"\234\256\001g$\360\317V\033\010\370T\226\332O\247V)"
  47      24F0CF56 
  47      1B08F854 
  47      96DA4FA7 
  47      5629
  48 01fa 74AEDBA7 		.ascii	"t\256\333\247\300\201\365\035\332T\267-\002\015\332"
  48      C081F51D 
  48      DA54B72D 
  48      020DDA
  49 0209 62566235 		.ascii	"bVb5\306\316\255m\311`\265%W\253-i+\363\321\013\343"
  49      C6CEAD6D 
ARM GAS  C:\Users\Luczia\AppData\Local\Temp\cccICFK7.s 			page 4


  49      C960B525 
  49      57AB2D69 
  49      2BF3D10B 
  50 021e 6F6D7508 		.ascii	"omu\010\345\237\345\362\006|\366\357\256\0146\300?\257"
  50      E59FE5F2 
  50      067CF6EF 
  50      AE0C36C0 
  50      3FAF
  51 0230 E15F7057 		.ascii	"\341_pW\332\360\005\2732#\347\245\223<\334\024\357\011"
  51      DAF005BB 
  51      3223E7A5 
  51      933CDC14 
  51      EF09
  52 0242 09F684C3 		.ascii	"\011\366\204\303\016\335m\355\035\255\035\321X\363\336"
  52      0EDD6DED 
  52      1DAD1DD1 
  52      58F3DE
  53 0251 66271A73 		.ascii	"f'\032s\332\217E\234\023\321\223\247b\316\341#\207v"
  53      DA8F459C 
  53      13D193A7 
  53      62CEE123 
  53      8776
  54 0263 EE50E3FE 		.ascii	"\356P\343\376\226\316N\216\034\215D\216\207\333\340"
  54      96CE4E8E 
  54      1C8D448E 
  54      87DBE0
  55 0272 377B1F5D 		.ascii	"7{\037]I"
  55      49
  56              		.text
  57              		.section	.gnu.lto_hal_lld_init.803ee2ec,"",%progbits
  58 0000 789C8D57 		.ascii	"x\234\215W[L\034U\030\236\177\317\354\015\330\245\334"
  58      5B4C1C55 
  58      189E7FCF 
  58      EC0DD8A5 
  58      DC
  59 0011 EFB70209 		.ascii	"\357\267\002\0114\315\256P\304\022\343C_\364\251O\365"
  59      34CDAE50 
  59      C412E343 
  59      5FF4A94F 
  59      F5
  60 0022 C5A746D1 		.ascii	"\305\247F\321\244\215$4bL\337\030n\005\351%j\205&\270"
  60      A48D2434 
  60      624CDF18 
  60      6E05E925 
  60      6A8526B8 
  61 0036 2AEA4331 		.ascii	"*\352C1\015\266D-\260-\272\254\226\242\210\264\024P"
  61      0DB6442D 
  61      B02DBAAC 
  61      96A288B4 
  61      1450
  62 0048 6C4B95B6 		.ascii	"lK\225\266\024)\275\001\265\334\327\363\237\231evg\347"
  62      1429BD01 
  62      B5DCD7F3 
  62      9F996576 
  62      67E7
  63 005a 0436F0F1 		.ascii	"\0046\360\361\317\316\371\276\357\377\316\314\277\314"
  63      CFCEF9BE 
ARM GAS  C:\Users\Luczia\AppData\Local\Temp\cccICFK7.s 			page 5


  63      EFFFCECC 
  63      BFCC
  64 0068 9A0441F0 		.ascii	"\232\004A\360\331\004\341\020\375\233M\177\005\243\000"
  64      D904E110 
  64      FD9B4D7F 
  64      05A300
  65 0077 0681FE02 		.ascii	"\006\201\376\002\241H@\244(\002\320\023 T\032\210\010"
  65      A14840A4 
  65      2802D013 
  65      20541A88 
  65      08
  66 0088 95708C7C 		.ascii	"\225p\214|L\300[?\325m\310?-\321\227\347\324\210\371"
  66      4CC05B3F 
  66      D56DC83F 
  66      2DD197E7 
  66      D488F9
  67 009b 885497E8 		.ascii	"\210T\227\350\242\214f\"\260\027|\013\371\002]6\331"
  67      A28C6622 
  67      B0177C0B 
  67      F9025D36 
  67      D9
  68 00ac B1DE6433 		.ascii	"\261\336d3\211\362\373\360\035\230\250\214`\245'\256"
  68      89F2FBF0 
  68      1D98A88C 
  68      60A527AE 
  69 00bc D69E7391 		.ascii	"\326\236s\221\243\304E\000Dz\370d\260\345\266\035\017"
  69      A3C44500 
  69      447AF864 
  69      B0E5B61D 
  69      0F
  70 00cd 0D90490F 		.ascii	"\015\220I\017\237^\250\035\267\223\027\001%\272\346"
  70      9F5EA81D 
  70      B7931701 
  70      25BAE6
  71 00dc EA272CB9 		.ascii	"\352',\271_IR\265\344\351\373\334\324\322\346\251\315"
  71      5F4952B5 
  71      E4E9FBDC 
  71      D4D2E6A9 
  71      CD
  72 00ed 7411029D 		.ascii	"t\021\002\235@\250*\234\207T\370\036Re\327.\310\245"
  72      40A82A9C 
  72      8754F81E 
  72      5265D72E 
  72      C8A5
  73 00ff 8CC6FBDE 		.ascii	"\214\306\373\336\023\341d\017c7\237\350\253\002\205"
  73      13E1640F 
  73      63379FE8 
  73      AB0285
  74 010e 3D9CB141 		.ascii	"=\234\261A\356\326!\273\031\331}\352\31476\362\012#"
  74      EED621BB 
  74      19D97DEA 
  74      CC3736F2 
  74      0A23
  75 0120 9F6B3B36 		.ascii	"\237k;6mT\310Wz\015\375\222\210\334\013:\334\213\214"
  75      6D54C857 
  75      7A0DFD92 
  75      88DC0B3A 
ARM GAS  C:\Users\Luczia\AppData\Local\Temp\cccICFK7.s 			page 6


  75      DC8B8C
  76 0133 DBEE59DC 		.ascii	"\333\356Y\334C\3662\352\324\243{C\246\020j\217\016\365"
  76      43F632EA 
  76      D4A37B43 
  76      A6106A8F 
  76      0EF5
  77 0145 07461D1D 		.ascii	"\007F\035\035\370\342<!\373\030w\356\303\225\236p\205"
  77      F8E23C21 
  77      FB1877EE 
  77      C3959E70 
  77      85
  78 0156 3BA9F6FC 		.ascii	";\251\366\374\243\016\331\303\310\237\324UO\331\311"
  78      A30ED9C3 
  78      C89FD455 
  78      4FD9C9
  79 0165 6B8CFCEC 		.ascii	"k\214\374\354dG\243\337xF%\367\352\220\275\214\\w\364"
  79      6447A3DF 
  79      784625F7 
  79      EA90BD8C 
  79      5C77F4
  80 0178 C68495EC 		.ascii	"\306\204\225\354g\344q\237{$\264\353\237t\270?3\356"
  80      67E4719F 
  80      7B24B4EB 
  80      9F74B83F 
  80      33EE
  81 018a F2CAD247 		.ascii	"\362\312\322G&\362\026\343\236\274\363e\253\030\302"
  81      26F216E3 
  81      9EBCF365 
  81      AB18C2
  82 0199 BDA4C3ED 		.ascii	"\275\244\303\355c\\\237k\371r$y\233qW;\256\315\023\205"
  82      635C9F6B 
  82      F9722479 
  82      9B71573B 
  82      AECD1385 
  83 01ad EBCDDB68 		.ascii	"\353\315\333h\372\262\016\271\037r\317\016\033=\322"
  83      FAB20EB9 
  83      1F72CF0E 
  83      1B3DD2
  84 01bc BAAF5EF2 		.ascii	"\272\257^\362\214\245w/\214D\277\004\202\213\210\006"
  84      8CA5772F 
  84      8C44BF04 
  84      828B8806 
  85 01cc 0A846025 		.ascii	"\012\204`%be\304\312\204\225\031+\013VV\254\302\020"
  85      6265C4CA 
  85      8495192B 
  85      0B5656AC 
  85      C210
  86 01de C2112210 		.ascii	"\302\021\"\020l\010v\204H\204m\270.\012\253h\254b\260"
  86      6C087684 
  86      48846DB8 
  86      2E0AAB68 
  86      AC62B0
  87 01f1 8AC52A0E 		.ascii	"\212\305*\016\253x\254\022\260JDHBHFHAHEHCH\307u\031"
  87      AB78AC12 
  87      B04A4448 
  87      42484648 
  87      41484548 
ARM GAS  C:\Users\Luczia\AppData\Local\Temp\cccICFK7.s 			page 7


  88 020a 58656295 		.ascii	"Xeb\225\205\325v\254\262\261\312\301*\017!\037\017w"
  88      85D576AC 
  88      B2B1CAC1 
  88      2A0F211F 
  88      0F77
  89 021c 60B513C1 		.ascii	"`\265\023\301\201P\200P\210P\204P\214P\202 \010\015"
  89      81508050 
  89      88508450 
  89      8C508220 
  89      080D
  90 022e 6CBADE27 		.ascii	"l\272\336't@\311\014T/L/\226\342L\265\020\240{X\373"
  90      7440C90C 
  90      542F4C2F 
  90      96E24CB5 
  90      10A07B58 
  91 0243 E9A5292B 		.ascii	"\351\245)+\216\220\010\322\343\006I\204_\350\226\315"
  91      8E9008D2 
  91      E3064984 
  91      5FE896CD 
  92 0253 80D76D95 		.ascii	"\200\327m\225\327\030p\032\352\274Cfy\015n\373E\357"
  92      D718701A 
  92      EABC4366 
  92      790D6EFB 
  92      45EF
  93 0265 609FA915 		.ascii	"`\237\251\025>\253\242SL7\334H\205\340W\334hzn\254\323"
  93      3EABA253 
  93      4C37DC48 
  93      85E057DC 
  93      687A6EAC 
  94 027a DD6973B6 		.ascii	"\335is\266K\265\340\"&\030\200Vhb\356\360\0338\0054"
  94      4BB5E022 
  94      26188056 
  94      6862EEF0 
  94      1B380534 
  95 028e B7C8B244 		.ascii	"\267\310\262D\361\251Y<\002\362;\242\354u\327=\332e"
  95      F1A9593C 
  95      02F23BA2 
  95      EC75D73D 
  95      DA65
  96 02a0 432F02D2 		.ascii	"C/\002\322\252\317\027\011\203r?#\215l\235\256=\341"
  96      AACF1709 
  96      83723F23 
  96      8D6C9DAE 
  96      3DE1
  97 02b2 D8FFAEDA 		.ascii	"\330\377\256\332\017\201\223Z\004v`\324&\325\3276r\264"
  97      0F81935A 
  97      047660D4 
  97      26D5D736 
  97      72B4
  98 02c4 AFA8DA57 		.ascii	"\257\250\332W\203\243\231\375\321V\375\321,\262\370"
  98      83A399FD 
  98      D156FDD1 
  98      2CB2F8
  99 02d3 07A303C7 		.ascii	"\007\243\003\307E9\232\217\300\360\346\271\314\034\357"
  99      45399A8F 
  99      C0F0E6B9 
  99      CC1CEF
ARM GAS  C:\Users\Luczia\AppData\Local\Temp\cccICFK7.s 			page 8


 100 02e2 6BAAF708 		.ascii	"k\252\367\010\346\262\004\332[\265\271\362t\265\255"
 100      E6B204DA 
 100      5BB5B9F2 
 100      74B5AD
 101 02f1 A1DA5578 		.ascii	"\241\332Ux\312\004\243\252\372\230\222\254m\231\310"
 101      CA04A3AA 
 101      FA9892AC 
 101      6D99C8
 102 0300 5A615AF1 		.ascii	"ZaZ\361\035\272\342a\234\306\377`\322\354\337\302\237"
 102      1DBAE261 
 102      9CC6FF60 
 102      D2ECDFC2 
 102      9F
 103 0311 C19B16EE 		.ascii	"\301\233\026\356\027\226\337\320U\015\347\250\216\253"
 103      1796DFD0 
 103      550DE7A8 
 103      8EAB
 104 031f AA7F8193 		.ascii	"\252\177\201\223\236\276\331\377\365\031\242l\264\017"
 104      9EBED9FF 
 104      F519A26C 
 104      B40F
 105 032d EFA1EB4C 		.ascii	"\357\241\353L{\303,B\233b\247\256_\004\307\357\206\352"
 105      7BC32C42 
 105      9B62A7AE 
 105      5F04C7EF 
 105      86EA
 106 033f 77333885 		.ascii	"w38\205m\013)l\034\325\011U\365\026Kqv\266{I\231\004"
 106      6D0B296C 
 106      1CD50955 
 106      F5164B71 
 106      76B67B49 
 107 0355 01FE0E4E 		.ascii	"\001\376\016N`\327&p\350z\331\271\027\371\037\325m\322"
 107      60D72670 
 107      E87AD9B9 
 107      17F91FD5 
 107      6DD2
 108 0367 7F915795 		.ascii	"\177\221W\225\213\034\251\025\337\246+\036\311\011r"
 108      8B1CA915 
 108      DFA62B1E 
 108      C90972
 109 0376 9B491B50 		.ascii	"\233I\033P\372N\360\366D\205\014}\264,~|\355Vo\300\005"
 109      FA4EF0F6 
 109      44850C7D 
 109      B42C7E7C 
 109      ED566FC0 
 110 038b B3C3DDCD 		.ascii	"\263\303\335\315\207#\212c?\245\332\337\303\341\210"
 110      87238A63 
 110      3FA5DADF 
 110      C3E188
 111 039a 0EEC2046 		.ascii	"\016\354 F\033-VW;\206\243=\255j\377\033\034-.d\350"
 111      1B2D5657 
 111      3B86A33D 
 111      AD6AFF1B 
 111      1C2D2E64 
 112 03af E365F13E 		.ascii	"\343e\361>\367\362|\204\362yF_\0003\233G\213\343\330"
 112      F7F27C84 
 112      F279465F 
ARM GAS  C:\Users\Luczia\AppData\Local\Temp\cccICFK7.s 			page 9


 112      00339B47 
 112      8BE3D8
 113 03c2 DF57ED67 		.ascii	"\337W\355g1Z|`\007\011\332h\005\272\332\011\334[\342"
 113      315A7C60 
 113      0709DA68 
 113      05BADA09 
 113      DC5BE2
 114 03d5 81AAFED0 		.ascii	"\201\252\376\320\177K\254)\267D\242V\274PW<\221\323"
 114      7F4BAC29 
 114      B744A256 
 114      BC50573C 
 114      91D3
 115 03e7 F82326CD 		.ascii	"\370#&\315\036\346\036\007\357[\322\026&&\211\243\372"
 115      1EE61E07 
 115      EF5BD216 
 115      262689A3 
 115      FA
 116 03f8 44559D03 		.ascii	"DU\235\003\247v\310\223\265-\027\351\212's\304\347U"
 116      A776C893 
 116      B52D17E9 
 116      8A2773C4 
 116      E755
 117 040a F185E096 		.ascii	"\361\205\340\226S\266\320r\012G\365\251\252\372\037"
 117      53B6D072 
 117      0A47F5A9 
 117      AAFA1F
 118 0419 6D5933D5 		.ascii	"mY3\325\251\332\226\213u\305S\271\227\360\231*\277\350"
 118      A9DA968B 
 118      75C553B9 
 118      97F0992A 
 118      BFE8
 119 042b BF840D46 		.ascii	"\277\204\015FY+M+\236\256+\236\306\351|\211I\213(\275"
 119      592B4D2B 
 119      9EAE2B9E 
 119      C6E97C89 
 119      498B28BD 
 120 043f 1CBC1F19 		.ascii	"\034\274\037\031!S\235I\305\267r\237gp\274VT\257U\274"
 120      21539D49 
 120      C5B7729F 
 120      6770BC56 
 120      54AF55BC 
 121 0453 CF33D9E3 		.ascii	"\3173\331\343\013Q\036_\024\333,m\236\355\272\036Y\034"
 121      0B511E5F 
 121      14DB2C6D 
 121      9EEDBA1E 
 121      591C
 122 0465 8F35E661 		.ascii	"\2175\346aD\217\365\340<\331!yr\250\370V\362ds\274|"
 122      448FF5E0 
 122      3CD92179 
 122      72A8F856 
 122      F26473BC 
 123 047a AA9764A0 		.ascii	"\252\227d\240yrX\03618O\2766O\211\256G>\367\342W\031"
 123      7972581E 
 123      31384FBE 
 123      364F89AE 
 123      473EF7E2 
 124 0490 365CAA0D 		.ascii	"6\\\252\015Na\026jZ\333c\331\227'\272\270\273{\366\272"
ARM GAS  C:\Users\Luczia\AppData\Local\Temp\cccICFK7.s 			page 10


 124      4E61166A 
 124      5ADB63D9 
 124      9727BAB8 
 124      BB7BF6BA 
 125 04a4 B9724DB2 		.ascii	"\271rM\262\270\210\271\031?\367\241\306PI\037\017-l"
 125      B888B919 
 125      3FF7A1C6 
 125      50491F0F 
 125      2D6C
 126 04b6 5D0F671D 		.ascii	"]\017g\035~\245\253\015X\367\200\263\016\277\364\325"
 126      7EA5AB0D 
 126      58F780B3 
 126      0EBFF4D5 
 127 04c6 29EB1E42 		.ascii	")\353\036Bu\353\351&\266I\354\321\273\001\335\250\320"
 127      75EBE926 
 127      B649ECD1 
 127      BB01DDA8 
 127      D0
 128 04d7 6E87C349 		.ascii	"n\207\303I\177J\017\034|\343`yEAI\201\263\274\302y\340"
 128      7F4A0F1C 
 128      7CE36079 
 128      45414981 
 128      B3BCC279 
 129 04ec F532E7A1 		.ascii	"\3652\347\241\362w\336\255p\356{u\357\256B\031_.:|\030"
 129      F277DEAD 
 129      70EE7B75 
 129      EFAE4219 
 129      5F2E3A7C 
 130 0501 CFEC2F2B 		.ascii	"\317\354/+{\323Q*\030\337+/s<\307\260\200a!\303]\014"
 130      7BD3512A 
 130      18DF2B2F 
 130      733CC7B0 
 130      806121C3 
 131 0517 8B183ECF 		.ascii	"\213\030>\317\260\230\341\013\014w\377\017\232\207\\"
 131      B098E10B 
 131      0C77FF0F 
 131      9A875C
 132 0526 3B       		.ascii	";"
 133              		.text
 134              		.section	.gnu.lto_stm32_clock_init.803ee2ec,"",%progbits
 135 0000 789C8D58 		.ascii	"x\234\215XYp\024U\024\355\373zz\326\314L\222I\302\026"
 135      59701455 
 135      14EDFB7A 
 135      7AD6CC4C 
 135      9249C216 
 136 0014 24081110 		.ascii	"$\010\021\020\314\310*a\021\020\312*>\364G?\364\303"
 136      CCC82A61 
 136      1110CA2A 
 136      3EF4473F 
 136      F4C3
 137 0026 B25C3E5C 		.ascii	"\262\\>\\\250\212%\226\345\237\235d\262A\334\003b\014"
 137      A88A2596 
 137      E59F9D64 
 137      B241DC03 
 137      620C
 138 0038 146859A6 		.ascii	"\024hY\246\024\005\025\204 \352\004\010Y\000\021E\024"
 138      14051584 
ARM GAS  C:\Users\Luczia\AppData\Local\Temp\cccICFK7.s 			page 11


 138      20EA0408 
 138      59001145 
 138      14
 139 0049 50543424 		.ascii	"PT4$\"\002j\024\210@\274\367-\323\231\236\356\012)x"
 139      22026A14 
 139      8840BCF7 
 139      2DD3999E 
 139      EE0A2978 
 140 005d 9CF7FAE5 		.ascii	"\234\367\372\345\236s\227w\3735^M\323\326\3064m!\376"
 140      9E739777 
 140      FB355E4D 
 140      D3D6C634 
 140      6D21FE
 141 0070 5B00380C 		.ascii	"[\0008\014\323\200i\370\027t\034u\206\243\311<8x<`\340"
 141      D38069F8 
 141      17741C75 
 141      86A3C93C 
 141      38783C60 
 142 0085 8AC10C5A 		.ascii	"\212\301\014Z\361\322\212\027|\270\342c>Z\361\323\212"
 142      F1D28A17 
 142      7CB8E263 
 142      3E5AF1D3 
 142      8A
 143 0096 1F02B812 		.ascii	"\037\002\270\022`\001Z\011\322J\020B\270\022b!Z\311"
 143      60015A09 
 143      D24A1042 
 143      B8126221 
 143      5AC9
 144 00a8 A2952C08 		.ascii	"\242\225,\010\343J\230\205i%B+\021\026%\234C8\312\262"
 144      E34A9885 
 144      6925422B 
 144      1116259C 
 144      4338CAB2 
 145 00bc 53381B72 		.ascii	"S8\033rqg\016\037s\001EB\214\305\350i\036=\315\203|"
 145      71670E1F 
 145      73014542 
 145      8CC5E869 
 145      1E3DCD83 
 146 00d1 5CC98702 		.ascii	"\\\311\207\002\034\013\200\244\203\366,\323=\206\327"
 146      1C0B80A4 
 146      83F62CD3 
 146      3D86D7
 147 00e0 E70F0443 		.ascii	"\347\017\004CY\341H4;'7\226\227_\000\317\372\321\015"
 147      59E14834 
 147      3B273796 
 147      975F00CF 
 147      FAD10D
 148 00f3 F16328E0 		.ascii	"\361c(\340S \240@H\201\260\0021\005\352\365\006\035"
 148      5320A040 
 148      4881B002 
 148      3105EAF5 
 148      061D
 149 0105 76D59C6A 		.ascii	"v\325\234ja\223\3366\361'\371j_\260\332\254\032\336"
 149      6193DE36 
 149      F127F96A 
 149      5FB0DAAC 
 149      1ADE
ARM GAS  C:\Users\Luczia\AppData\Local\Temp\cccICFK7.s 			page 12


 150 0117 8476574B 		.ascii	"\204vWK\333\360\021L\322p\333\311\017\256\256\012{="
 150      DBF0114C 
 150      D270DBC9 
 150      0FAEAE0A 
 150      7B3D
 151 0129 621DB680 		.ascii	"b\035\266\200\027ui\200\017\016%67\351+\365&\035\300"
 151      17756980 
 151      0F0E2536 
 151      37E92BF5 
 151      261DC0
 152 013c 83D33F0F 		.ascii	"\203\323?\0174\376\022\241)\203\"\2346l\270\320\025"
 152      34FE12A1 
 152      2983229C 
 152      366CB8D0 
 152      15
 153 014d D6E70299 		.ascii	"\326\347\002\231\330\277\271\375\316\3427M\263\302L"
 153      D8BFB9FD 
 153      CEE2374D 
 153      B3C24C
 154 015c EE3DEA6D 		.ascii	"\356=\352mlN&\212\232t\035\266\201\216F\341c(\204\255"
 154      6C4E268A 
 154      9A741DB6 
 154      818E46E1 
 154      632884AD 
 155 0170 502848B7 		.ascii	"P(H\267C\361\246\257\214\244yu\240\306L\036\231\374"
 155      43F1A6AF 
 155      8CA47975 
 155      A0C64C1E 
 155      99FC
 156 0182 69DFFEFC 		.ascii	"i\337\376\374{Ak\322=\014\007C'\344\301A7\010y\011\371"
 156      7B416BD2 
 156      3D0C0743 
 156      27E4C141 
 156      37087909 
 157 0197 08F90905 		.ascii	"\010\371\011\005h\010\3224D(\213P\230P\204P\224P6\015"
 157      6808D234 
 157      44288B50 
 157      98508450 
 157      9450360D 
 158 01ab 3934CD25 		.ascii	"94\315%\024#\224G(\237P\001\015\303h:\234\320\010B#"
 158      14239447 
 158      289F5001 
 158      0DC3683A 
 158      9CD00842 
 159 01c0 098D2254 		.ascii	"\011\215\"TH\303h\232^Gh\014\241\"Bc\011]Oh\034\015"
 159      48C3689A 
 159      5E47680C 
 159      A1224263 
 159      095D4F68 
 160 01d6 E3695A4C 		.ascii	"\343iZL\303\0154\235@h\"\241I\344\302\215\204&\3230"
 160      C30D349D 
 160      406822A1 
 160      49E4C28D 
 160      8426D330 
 161 01ea 851EDC44 		.ascii	"\205\036\334D\250\204\2068Mo\306\301;\225\246\323p\360"
 161      A8848638 
 161      4D6FC6C1 
ARM GAS  C:\Users\Luczia\AppData\Local\Temp\cccICFK7.s 			page 13


 161      3B95A6D3 
 161      70F0
 162 01fc 4D273403 		.ascii	"M'4\003\007\377L\032f\321\226[hm6\241RBs\010\315%4\217"
 162      07FF4C1A 
 162      66D1965B 
 162      686D36A1 
 162      52427308 
 163 0214 86F934BD 		.ascii	"\206\3714\275\225\320\002B\013\011-\"t\033\241\305\204"
 163      95D00242 
 163      0B092D22 
 163      741BA1C5 
 163      84
 164 0225 96105A4A 		.ascii	"\226\020ZJ\350\036B\232V\3133^\247\3439\321OCE_og\033"
 164      E81E429A 
 164      56CB335E 
 164      A7E339D1 
 164      4F43455F 
 165 023c 50A21B75 		.ascii	"P\242\033uJsbm\333\251\000\345\325\003\346\371Z\323"
 165      4A73626D 
 165      DBA900E5 
 165      D503E6F9 
 165      5AD3
 166 024e 032D98AB 		.ascii	"\003-\230\253\323\260\253\257c\"m\302\035\253\253v\035"
 166      D3B0ABAF 
 166      63226DC2 
 166      1DABAB76 
 166      1D
 167 025f F4891D94 		.ascii	"\364\211\035\224\355\235\273\016\354\365\256\207u\345"
 167      ED9DBB0E 
 167      ECF5AE87 
 167      75E5
 168 026d 5858EB47 		.ascii	"XX\353G6\351\001\264\003;(\301\370\360\310\266\035\333"
 168      36E901B4 
 168      033B28C1 
 168      F8F0C8B6 
 168      1DDB
 169 027f C2F1F7CC 		.ascii	"\302\361\367\314D\271\2115\020\204O`=\254\342\374\260"
 169      44B98935 
 169      10844F60 
 169      3DACE2FC 
 169      B0
 170 0290 13E2B861 		.ascii	"\023\342\270a\3337\215]\006\031\013\002U&\300\247\234"
 170      DB378D5D 
 170      06190B02 
 170      5526C0A7 
 170      9C
 171 02a1 AEA2AFF9 		.ascii	"\256\242\257\371\013C\210b\270k\303\225\304\373\\\224"
 171      0B438862 
 171      B86BC395 
 171      C4FB5C94 
 172 02b1 01E64FE5 		.ascii	"\001\346O\345(\3523%j\224]\224\341(*\204v\340s\027Q"
 172      28EA3325 
 172      6A945D94 
 172      E1282A84 
 172      76E07317 
 173 02c6 492E8A1F 		.ascii	"I.\212\037\301V.\252\355\375\376\223\001%\012O\216\224"
 173      C1562EAA 
ARM GAS  C:\Users\Luczia\AppData\Local\Temp\cccICFK7.s 			page 14


 173      EDFDFE93 
 173      01250A4F 
 173      8E94
 174 02d8 D4FB43B7 		.ascii	"\324\373C\267Wh\322UTv\004\304\202\307\306Y\304\343"
 174      5768D255 
 174      547604C4 
 174      82C7C659 
 174      C4E3
 175 02ea A067C601 		.ascii	"\240g\306\001\310\350nN\310\210p\017\304\271m\277\260"
 175      C8E86E4E 
 175      C888700F 
 175      C4B96DBF 
 175      B0
 176 02fb 6348C395 		.ascii	"cH\303\225\027\253eN\244\361-{\332\253\375$\011\203"
 176      17AB654E 
 176      A4F12D7B 
 176      DAABFD24 
 176      0983
 177 030d 0B6D82FC 		.ascii	"\013m\202\374\360\012\220\336gR\033.\324{-\352v\210"
 177      F00A90DE 
 177      67521B2E 
 177      D47B2DEA 
 177      7688
 178 031f A3795E0A 		.ascii	"\243y^\012\272*\205\023\335>A\353\263{\350w\244\361"
 178      BA2A8513 
 178      DD3E41EB 
 178      B37BE877 
 178      A4F1
 179 0331 B966BAC3 		.ascii	"\271f\272\303\"\352\344>V^\256\356\224)\015\010sm\003"
 179      22EAE43E 
 179      565EAEEE 
 179      94290D08 
 179      736D03
 180 0344 179251E1 		.ascii	"\027\222Q\341\023\203.\264\323\015\211c\273\367K\307"
 180      13832EB4 
 180      D30D8963 
 180      BBF74BC7 
 181 0354 03B863D3 		.ascii	"\003\270c\323\231\226Ka\261C\203}\262i\324\351\036%"
 181      99964B61 
 181      B143837D 
 181      B269D4E9 
 181      1E25
 182 0366 F7CC5B52 		.ascii	"\367\314[Rn\320.7\344(7\350\022\225\375\\,\357x\007"
 182      6ED02E37 
 182      E42837E8 
 182      1295FD5C 
 182      2CEF7807 
 183 037a D21392A5 		.ascii	"\322\023\222\245\022rY%$,\214\177\366o\325\323B\331"
 183      12725925 
 183      242C8C7F 
 183      F66FD5D3 
 183      42D9
 184 038c E5818181 		.ascii	"\345\201\201\201(|1tN\262\\\330\017Z\354_RN\302\334"
 184      287C3174 
 184      4EB25CD8 
 184      0F5AEC5F 
 184      524EC2DC 
ARM GAS  C:\Users\Luczia\AppData\Local\Temp\cccICFK7.s 			page 15


 185 03a0 494339F9 		.ascii	"IC9\371G\233t2bw2\352H\023q\315\311!\213\350+\225\223"
 185      479B7432 
 185      627732EA 
 185      481371CD 
 185      C9218BE8 
 186 03b7 A33227D9 		.ascii	"\2432'\331\302\334\177\275\015GA\370\225\005_\213\234"
 186      C2DC7FBD 
 186      0D4741F8 
 186      95055F8B 
 186      9C
 187 03c8 1C4FE524 		.ascii	"\034O\345${P\022\274J\337%u*r\354\372r\035\365\345\270"
 187      7B5012BC 
 187      4ADF2575 
 187      2A72ECFA 
 187      721DF5E5 
 188 03dd 84E1B055 		.ascii	"\204\341\260U1\337\244'!\226\221\204<a|SgU\273T{\011"
 188      31DFA427 
 188      21969184 
 188      3C617C53 
 188      6755BB54 
 189 03f3 E0C8D029 		.ascii	"\340\310\320)\210\271p\177kq\177G)\310\023\007\276_"
 189      88B9707F 
 189      6B717F47 
 189      29C81307 
 189      BE5F
 190 0405 75C67CAB 		.ascii	"u\306|\253\015\216v0.\373^\276k\344\217Z\221?\306[L"
 190      0D8E7630 
 190      2EFB5EBE 
 190      6BE48F5A 
 190      913FC65B 
 191 041a AA5F05B1 		.ascii	"\252_\005\261\262\217\253\006\263\262G\206\262\300\036"
 191      B28FAB06 
 191      B3B24786 
 191      B2C01E
 192 0429 CA618EEE 		.ascii	"\312a\216\356\024\270\270\363\275\345\316\017\351\241"
 192      14B8B8F3 
 192      BDE5CE0F 
 192      E9A1
 193 0437 1C9ED160 		.ascii	"\034\236\321`F\010\343=g7\326\373D(Ml\260'\206\216\345"
 193      4608E33D 
 193      6737D6FB 
 193      44284D6C 
 193      B027868E 
 194 044c 7017F21F 		.ascii	"p\027\362\037-\362\237(\226#x\271\370T\271<\327.\313"
 194      2DF29F28 
 194      962378B9 
 194      F854B93C 
 194      D72ECB
 195 045f 79A4DDC7 		.ascii	"y\244\335\307Q\2164#]\203\372\263EtR\225s\213,\347B"
 195      518E3423 
 195      5D83FAB3 
 195      45745295 
 195      738B2CE7 
 196 0474 616EF7BA 		.ascii	"an\367\272u\011\246\274\362\303/\366&S8\250\240\375"
 196      7509A6BC 
 196      F2C32FF6 
 196      265338A8 
ARM GAS  C:\Users\Luczia\AppData\Local\Temp\cccICFK7.s 			page 16


 196      A0FD
 197 0486 4AE1EB35 		.ascii	"J\341\3535R\341h\273\302\353\034\025\216v\011\304\257"
 197      52E168BB 
 197      C2EB1C15 
 197      8E7609C4 
 197      AF
 198 0497 5C9F87F4 		.ascii	"\\\237\207\364u\247gaLF\026\212\320\370\265\364\365"
 198      75A76761 
 198      4C46168A 
 198      D0F8B5F4 
 198      F5
 199 04a8 312E5CA7 		.ascii	"1.\\\247,\256\036\012z\021w)\240\\jRA\037kw\351zG\232"
 199      2CAE1E0A 
 199      7A117729 
 199      A05C6A52 
 199      411F6B77 
 200 04c0 B1AE41EF 		.ascii	"\261\256A\357\265\210~\263\367\365qh.\263\221\217\033"
 200      B5887EB3 
 200      F7F57168 
 200      2EB3918F 
 200      1B
 201 04d1 14E3A012 		.ascii	"\024\343\240\022\364N\273|:>\363\202\341p\262\306\273"
 201      F44EBB7C 
 201      3A3EF382 
 201      E170B2C6 
 201      BB
 202 04e2 EA39CDF5 		.ascii	"\3529\315\365\320\275\030~\347'+\331\177\356W\371\362"
 202      D0BD187E 
 202      E7272BD9 
 202      7FEE57F9 
 202      F2
 203 04f3 AE6D2E9F 		.ascii	"\256m.\237\003g\324\341\332\250\016W\261=\00678\306"
 203      0367D4E1 
 203      DAA80E57 
 203      B13D0637 
 203      38C6
 204 0505 A0D825D4 		.ascii	"\240\330%\324\177Xew6=\255\0232\322:Q\030?\324\335\177"
 204      7F586577 
 204      363DAD13 
 204      32D23A51 
 204      183FD4DD 
 205 051a 30A0CA10 		.ascii	"0\240\312\020\353\360\334\320\211\236\340\302~\336b"
 205      EBF0DCD0 
 205      899EE0C2 
 205      7EDE62
 206 0529 FF93123D 		.ascii	"\377\223\022=\221\3075\244\342\272]%z\222\272#)'o\314"
 206      91C735A4 
 206      E2BA5D25 
 206      7A92BA23 
 206      29276FCC 
 207 053d A409D136 		.ascii	"\244\011\3216\267[\321_\234\210\356\007\360\267=\321"
 207      B75BD15F 
 207      9C88EE07 
 207      F0B73DD1 
 208 054d 9385B9E3 		.ascii	"\223\205\271\343]\333\017\247z\006@\237=\363\223S\231"
 208      5DDB0FA7 
 208      7A06409F 
ARM GAS  C:\Users\Luczia\AppData\Local\Temp\cccICFK7.s 			page 17


 208      3DF39353 
 208      99
 209 055e AFC5EBB9 		.ascii	"\257\305\353\271\246\327\321\253M\350\374\256G\352\234"
 209      A6D7D1AB 
 209      4DE8FCAE 
 209      47EA9C
 210 056d 624FC64D 		.ascii	"bO\306M\216\341\230\342Z\000\377X\001\371\327\256\263"
 210      8EE198E2 
 210      5A00FF58 
 210      01F9D7AE 
 210      B3
 211 057e 4498DB37 		.ascii	"D\230\3337P\177\316H\205?\033.\330\205\226\014*\321"
 211      507FCE48 
 211      853F1B2E 
 211      D885960C 
 211      2AD1
 212 0590 889258DF 		.ascii	"\210\222X\337)\237\306\257\251\371\307]\025^\264\232"
 212      299FC6AF 
 212      A9F9C75D 
 212      155EB49A 
 213 05a0 FF255EA2 		.ascii	"\377%^\242\255'\326T\253\373e\363\033{t\350W5z\246S"
 213      AD27D654 
 213      ABFB65F3 
 213      1B7B74E8 
 213      57357AA6 
 214 05b5 86E566DC 		.ascii	"\206\345f\334\266\242\262\365C~\347\363\202\231|\321"
 214      B6A2B2F5 
 214      437EE7F3 
 214      82997CD1 
 215 05c5 8CC07FE9 		.ascii	"\214\300\177\351\221\232:\370=\342\315\270\367\"w\026"
 215      919A3AF8 
 215      3DE2CDB8 
 215      F7227716 
 216 05d5 1A82CB2E 		.ascii	"\032\202\313.\262\256pY\364!\011W1p< 3,\313\207\236"
 216      B2AE7059 
 216      F4210957 
 216      31703C20 
 216      332CCB87 
 217 05ea EF381016 		.ascii	"\3578\020\026\"_\352(7\031\014\244B\024\225!\352\270"
 217      225FEA28 
 217      37190CA4 
 217      42149521 
 217      EAB8
 218 05fc 4F6C9F86 		.ascii	"Ol\237\206\333\313[v6\360\030\373\300<V\211bM\226&v"
 218      DBCB5B76 
 218      36F018FB 
 218      C03C5689 
 218      624D9626 
 219 0611 FA60B13E 		.ascii	"\372`\261>'\261x\261\232\006\345L\210=|\260\255\225"
 219      27B178B1 
 219      9A06E54C 
 219      883D7CB0 
 219      AD95
 220 0623 A1D8062E 		.ascii	"\241\330\006.6\002\025\214\304\372Il%\223b\373<\226"
 220      3602158C 
 220      C4FA496C 
 220      259362FB 
ARM GAS  C:\Users\Luczia\AppData\Local\Temp\cccICFK7.s 			page 18


 220      3C96
 221 0635 E9E49575 		.ascii	"\351\344\225u[\371\347h\004Z\023\237\327z \301\224\332"
 221      5BF9E768 
 221      045A139F 
 221      D77A20C1 
 221      94DA
 222 0647 ECD445AA 		.ascii	"\354\324E\252S6\200\031\370\013\275\233\333\373\271"
 222      53368019 
 222      F80BBD9B 
 222      DBFBB9
 223 0656 7B7E302F 		.ascii	"{~0/\322wN\025s\373\316\361g~R<\206\237RQ4\004\325\314"
 223      D2774E15 
 223      73FBCEF1 
 223      677E523C 
 223      869F5251 
 224 066e 39B8355C 		.ascii	"9\2705\\/}\234C-\243\234_h\253Y\035\021\341\254bP\307"
 224      2F7D9C43 
 224      2DA39C5F 
 224      68AB591D 
 224      11E1AC62 
 225 0684 D5D5E1B7 		.ascii	"\325\325\341\267\251\320\326|N\206if\246\016'\342\231"
 225      A9D0D67C 
 225      4E866966 
 225      A60E27E2 
 225      99
 226 0695 AEC42B2C 		.ascii	"\256\304+,\342\225\234\370\374\007\337\227I\336\010"
 226      E2959CF8 
 226      FC07DF97 
 226      49DE08
 227 06a4 D44BDE5C 		.ascii	"\324K\336\\\025\223\332we\301\315\262\237\303[\034\317"
 227      1593DA77 
 227      65C1CDB2 
 227      9FC35B1C 
 227      CF
 228 06b5 E12C97B6 		.ascii	"\341,\227\266\364\034K\325\370\363,\255)\316\316h\212"
 228      F41C4BD5 
 228      F8F32CAD 
 228      29CECE68 
 228      8A
 229 06c6 A5689CBF 		.ascii	"\245h\234\277&\206h\201\263]\270^\260\270^d\330\002"
 229      26866881 
 229      B35DB85E 
 229      B0B85E64 
 229      D802
 230 06d8 4BB94B31 		.ascii	"K\271K1\345R\335>\351\322\034\273Ks\035i\346\270\036"
 230      E552DD3E 
 230      E9D21CBB 
 230      4B731D69 
 230      E6B81E
 231 06eb DC972CA2 		.ascii	"\334\227,\242\227\231\355\276<\017\315e^\220\347\241"
 231      9799EDBE 
 231      3C0FCD65 
 231      5E90E7A1 
 232 06fb 95C64FFA 		.ascii	"\225\306O\372\272d\267\361\303+\2512\314S\372\326<."
 232      BA64B7F1 
 232      C32BA932 
 232      CC53FAD6 
ARM GAS  C:\Users\Luczia\AppData\Local\Temp\cccICFK7.s 			page 19


 232      3C2E
 233 070d F6CEB7CB 		.ascii	"\366\316\267\313\273\325Q\336|\227(4pqA\022\267*=\342"
 233      BBD551DE 
 233      7C972834 
 233      70714112 
 233      B72A3DE2 
 234 0721 0B3222BE 		.ascii	"\0132\"\276\020\215\363\366<D\304\027\270p\255\266\270"
 234      108DF3F6 
 234      3C44C417 
 234      B870ADB6 
 234      B8
 235 0732 5EA5882F 		.ascii	"^\245\210/\344\036\345K\217$\355\"\273?\2679r,r\341"
 235      E41EE54B 
 235      8F24ED22 
 235      BB3FB739 
 235      722C72E1 
 236 0746 58C339E8 		.ascii	"X\3039\350\177\261\340\265t\177\026g\370\263\004\215"
 236      7FB1E0B5 
 236      747F1667 
 236      F8B3048D 
 237 0756 5F8B3F8B 		.ascii	"_\213?\213]\270\032-\256\327\311\237%\334\237\202t\177"
 237      5DB81A2D 
 237      AED7C99F 
 237      25DC9F82 
 237      747F
 238 0768 96DAFDB9 		.ascii	"\226\332\375\271\307\221c\251k\3714Y,k\321\243\263P"
 238      C79163A9 
 238      6BF93459 
 238      2C6BD1A3 
 238      B350
 239 077a B1BE6723 		.ascii	"\261\276g#\027+\337\211\240i\370\336\232]R\022\307?"
 239      172BDF89 
 239      A069F8DE 
 239      9A5D5212 
 239      C73F
 240 078c 0F3DF2E8 		.ascii	"\017=\362\350\203\217\226-\237Z:5^\266<\376\310\003"
 240      838F962D 
 240      9F5A3A35 
 240      5EB63CFE 
 240      C803
 241 079e CBE24F94 		.ascii	"\313\342O\224=\371\324\362\370]w\3371}\232\030o\237"
 241      3DF9D4F2 
 241      F85D77DF 
 241      317D9A18 
 241      6F9F
 242 07b0 F1CC33F4 		.ascii	"\361\3143\364\344\376e\313\036.yH3\236.[VR\372?\324"
 242      E4FE65CB 
 242      1E2E7948 
 242      339E2E5B 
 242      5652FA3F 
 243 07c5 B40F18   		.ascii	"\264\017\030"
 244              		.text
 245              		.section	.gnu.lto_.symbol_nodes.803ee2ec,"",%progbits
 246 0000 789C6363 		.ascii	"x\234cc``\250\005b\006\246\223L\365\014\014\023\316"
 246      6060A805 
 246      6206A693 
 246      4CF50C0C 
ARM GAS  C:\Users\Luczia\AppData\Local\Temp\cccICFK7.s 			page 20


 246      13CE
 247 0012 313000A9 		.ascii	"10\000\251\035\215\007\033\330\200b\247\230\352\031"
 247      1D8D071B 
 247      D88062A7 
 247      98EA19
 248 0021 6162BB1A 		.ascii	"ab\273\032\035\201\"\247\231\352\231PDXO01\264*\001"
 248      1D8122A7 
 248      99EA9950 
 248      44584F30 
 248      31B42A01 
 249 0035 0D603CCB 		.ascii	"\015`<\313T\317\014\226b`hhp\000\012\234a\252gA\026"
 249      54CF0C96 
 249      62606868 
 249      70000A9C 
 249      61AA6741 
 250 004a 60666460 		.ascii	"`fd`X<\357\215<3#+\303a0\315\302\360\030H3\000\000\003"
 250      583CEF8D 
 250      3C33232B 
 250      C36130CD 
 250      C2F01848 
 251 0062 F2202C   		.ascii	"\362 ,"
 252              		.text
 253              		.section	.gnu.lto_.refs.803ee2ec,"",%progbits
 254 0000 789C6363 		.ascii	"x\234cc```\004b\006\000\000D\000\010"
 254      60606004 
 254      62060000 
 254      440008
 255              		.text
 256              		.section	.gnu.lto_.decls.803ee2ec,"",%progbits
 257 0000 789CCD59 		.ascii	"x\234\315Y}P\024I\226\357\254\354\017\032\020\0154v"
 257      7D501449 
 257      96EFACEC 
 257      0F1A100D 
 257      3476
 258 0012 272EB83B 		.ascii	"'.\270;o\226\275\341boA\320\335\3616\356c\260\221\201"
 258      6F96BDE1 
 258      626F41D0 
 258      DDF136EE 
 258      63B09181 
 259 0026 38DD21BA 		.ascii	"8\335!\272\235\335\230=\"X\007\230\035n\005f\005\357"
 259      9DDD983D 
 259      22580798 
 259      1D6E0566 
 259      05EF
 260 0038 34EE8F6B 		.ascii	"4\356\217k\371\020\344C\021\361\003\021u\200\031E>\304"
 260      F910E443 
 260      11F10311 
 260      75801945 
 260      3EC4
 261 004a 55446D94 		.ascii	"UDm\224\026\220\001TtP\031Z\371\026\030D\005\204A\024"
 261      16900154 
 261      7450195A 
 261      F9161844 
 261      05844114 
 262 005e 51EE6566 		.ascii	"Q\356efUwvu3;\273\261\261q\025\274\256z\225\277\372"
 262      55777675 
 262      333BBBB1 
ARM GAS  C:\Users\Luczia\AppData\Local\Temp\cccICFK7.s 			page 21


 262      B17115BC 
 262      AE7A95BF 
 263 0073 BD97EFBD 		.ascii	"\275\227\357\275\314\312,\324\012\205B\377\267\012E"
 263      CCCA2CD4 
 263      0A8542FF 
 263      B70A45
 264 0082 9252A148 		.ascii	"\222R\241HG\012\305<\034p\251\270\242\260\035*\020\023"
 264      470AC53C 
 264      1C70A9B8 
 264      A2B01D2A 
 264      1013
 265 0094 C825903A 		.ascii	"\310%\220:\261\255\001\004\340\212[\012\373\343\277"
 265      B1AD0104 
 265      E08A5B0A 
 265      FBE3BF
 266 00a3 E1A606CE 		.ascii	"\341\246\006\316\277\006\351\006y\013d\005\334\273\017"
 266      BF06E906 
 266      790B6405 
 266      DCBB0F
 267 00b2 E776105F 		.ascii	"\347v\020_\270\306p\356\000\371\033\270\266\210<&\205"
 267      B8C670EE 
 267      00F91BB8 
 267      B6883C26 
 267      85
 268 00c3 E3F13FD0 		.ascii	"\343\361?\320\240\025\271<A\226q|\204\207\360\371\303"
 268      A015B93C 
 268      4196717C 
 268      8487F0F9 
 268      C3
 269 00d4 F9229CD5 		.ascii	"\371\"\234\325 \213\341\372\357@\226\201x\202\374\003"
 269      208BE1FA 
 269      EF409681 
 269      7882FC03 
 270 00e4 88378852 		.ascii	"\2107\210R\364\335$\372}\305\211\255\377\005\334\222"
 270      F4DD24FA 
 270      7DC589AD 
 270      FF05DC92 
 271 00f4 056C917E 		.ascii	"\005l\221~\374\033\2343@\216r\266I\237\376\005\261\270"
 271      FC1B9C33 
 271      408E72B6 
 271      499FFE05 
 271      B1B8
 272 0106 AD052904 		.ascii	"\255\005)\004qW0\273\244\177\337\207\363\017@\376\221"
 272      715730BB 
 272      A47FDF87 
 272      F30F40FE 
 272      91
 273 0117 708B7DFD 		.ascii	"p\213}\375)\234\223@\012@\226\202\374=b\375\257s\342"
 273      299C9340 
 273      0A409682 
 273      FC3D62FD 
 273      AF73E2
 274 012a 531E4665 		.ascii	"S\036Fe\271\017\016({Q7\201\240%\010\211h\376 \372\274"
 274      B90F0E28 
 274      7B513781 
 274      A0250889 
 274      68FE20FA 
ARM GAS  C:\Users\Luczia\AppData\Local\Temp\cccICFK7.s 			page 22


 275 013f 74907606 		.ascii	"t\220v\006\020\220\324\310P\362\307h\033b\"(lX\333\023"
 275      1090D4C8 
 275      50F2C768 
 275      1B622228 
 275      6C58DB13 
 276 0153 1C2BF730 		.ascii	"\034+\3670\242\207\202\272\302\373B=\023\335C6\363\310"
 276      A28782BA 
 276      C2FB423D 
 276      13DD4336 
 276      F3C8
 277 0165 8A91F01C 		.ascii	"\212\221\360\034+\262>\344\350\235\202\325\011\011\302"
 277      2BB23EE4 
 277      E89D82D5 
 277      0909C2
 278 0174 DDC75995 		.ascii	"\335\307Y\225\356}\250\007\240\037(\0249.\261\210\334"
 278      EE7DA807 
 278      A01F2814 
 278      392EB188 
 278      DC
 279 0185 2DEC2CBA 		.ascii	"-\354,\272,`\201^\367T\364O,\306\177M\257\217\326_\351"
 279      2C60815E 
 279      F754F44F 
 279      2CC67F4D 
 279      AF8FD65F 
 280 019a 74F12D37 		.ascii	"t\361-7\262\303\245\002+\3209\204\245\200^\235\2371"
 280      B2C3A502 
 280      2BD03984 
 280      A5805E9D 
 280      9F31
 281 01ac 2FCEC4C8 		.ascii	"/\316\304\310\323\025\011\240\266O\\/t\003u\231+Z\002"
 281      D31509A0 
 281      B64F5C2F 
 281      74037599 
 281      2B5A02
 282 01bf 6A79D67C 		.ascii	"jy\326|\236\352\215\375\344\301\234d\343\022\001\375"
 282      9EEA8DFD 
 282      E4C19C64 
 282      E31201FD 
 283 01cf FA7BE802 		.ascii	"\372{\350\002\362B\347\221\0278y\021\275\001\277qJ\306"
 283      F242E791 
 283      17387911 
 283      BD01BF71 
 283      4AC6
 284 01e1 343632D8 		.ascii	"462\330\351\376\3461\243\331l4\317\024\254\356h\330"
 284      E9FEE631 
 284      A3D96C34 
 284      CF14ACEE 
 284      68D8
 285 01f3 61BC05CF 		.ascii	"a\274\005\317\275Cq\250\032aT\203|I\237\253\211ut\026"
 285      BD4371A8 
 285      1A615483 
 285      7C499FAB 
 285      89757416 
 286 0207 F5217406 		.ascii	"\365!t\006\365B'L\350Mx>\377\310\356*\214\017 \352\364"
 286      F542274C 
 286      E84D783E 
 286      FFC8EE2A 
ARM GAS  C:\Users\Luczia\AppData\Local\Temp\cccICFK7.s 			page 23


 286      8C0F20EA 
 287 021c F8E1CC83 		.ascii	"\370\341\314\203J ;\006d\035G\334\017\031\315I\300%"
 287      4A203B06 
 287      641D47DC 
 287      0F19CD49 
 287      C025
 288 022e 50AA5A1B 		.ascii	"P\252Z\033U\255\234\352\022\2452\216\230\272\026\343"
 288      55AD9CEA 
 288      12A5328E 
 288      98BA16E3 
 289 023e 124635D7 		.ascii	"\022F5\327c\331!Q\265\377\310\216\351\262\215\351\262"
 289      63D92151 
 289      B5FFC88E 
 289      E9B28DE9 
 289      B2
 290 024f 9CA98E32 		.ascii	"\234\251\2162e>\232\335\215p5c\332^kjT\003S\237\321"
 290      653E9ADD 
 290      8D703563 
 290      DA5E6B6A 
 290      5403539F 
 291 0264 681E3FE5 		.ascii	"h\036?\345\323R5bLwe\3353\333\230\314bp\321\025\312"
 291      D3523562 
 291      4C7765DD 
 291      33DB98CC 
 291      6270D115 
 292 0279 D0F2757D 		.ascii	"\320\362u}\017\306\317\031CYR\326\340\"\221\241\241"
 292      0FC6CF19 
 292      435952D6 
 292      E02291A1 
 292      A1
 293 028a 79F5C986 		.ascii	"y\365\311\206\035\3460FPo#\250\227\010\032(Awsi\031"
 293      1DE63046 
 293      506F23A8 
 293      97081A28 
 293      41777369 
 294 029f 8694BCE5 		.ascii	"\206\224\274\345\212H\225,\206[\247\036_x\261\210\335"
 294      8A48952C 
 294      865BA71E 
 294      5F78B188 
 294      DD
 295 02b0 22ACEDBB 		.ascii	"\"\254\355\273'K4\330\304R\377eJ\325a\314\022\252\004"
 295      274B34D8 
 295      C452FF65 
 295      4AD561CC 
 295      12AA04
 296 02c3 F5E98D43 		.ascii	"\365\351\215C\017<XB\227\347a\241\327\362\262\313\003"
 296      0F3C5842 
 296      97E761A1 
 296      D7F2B2CB 
 296      03
 297 02d4 B9FAA41B 		.ascii	"\271\372\244\033\215I\306c\311Fm\210\0025CB\277\200"
 297      8D49C663 
 297      C9466D88 
 297      02354342 
 297      BF80
 298 02e6 84A256E4 		.ascii	"\204\242V\344C(\211\033\350*\334l\204\233\237\223\334"
 298      4328891B 
ARM GAS  C:\Users\Luczia\AppData\Local\Temp\cccICFK7.s 			page 24


 298      E82ADC6C 
 298      849B9F93 
 298      DC
 299 02f7 9B673AFF 		.ascii	"\233g:\3775\177\322h\\\216Z\220+j\262\271\372\226+\313"
 299      357FD268 
 299      5C8E5A90 
 299      2B6AB2B9 
 299      FA962BCB 
 300 030b 7D69C99E 		.ascii	"}i\311\236\"5\256\300\304\003\301T0tUX\310\306\215\205"
 300      2235AEC0 
 300      C403C154 
 300      30745558 
 300      C8C68D85 
 301 031f 6D8CBDD9 		.ascii	"m\214\275\331\224J2s\035l\\\263\331\000\223b\331\327"
 301      944A3273 
 301      1D6C5CB3 
 301      D9009362 
 301      D9D7
 302 0331 DF1BD440 		.ascii	"\337\033\324@WH\273\361\233\354[\344^U\311\320\017p"
 302      5748BBF1 
 302      9BEC5BE4 
 302      5E55C9D0 
 302      0F70
 303 0343 AE92F67C 		.ascii	"\256\222\366|\327\211\233]\352\037\026\033\217\325\223"
 303      D7899B5D 
 303      EA1F161B 
 303      8FD593
 304 0352 02FCE712 		.ascii	"\002\374\347\022(\300\034D\3217\031\233\325\013\005"
 304      28C01C44 
 304      D137199B 
 304      D50B05
 305 0361 BDD346FC 		.ascii	"\275\323F\374\271\205~\010\217\336\272\3307\344\201"
 305      B9857E08 
 305      8FDEBAD8 
 305      37E481
 306 0370 8B18CFC1 		.ascii	"\213\030\317\301\366\323k]\301\371\344\357\344<<p\310"
 306      F6D36B5D 
 306      C1F9E4EF 
 306      E43C3C70 
 306      C8
 307 0381 F44DAB8A 		.ascii	"\364M\253\212\205\334\005\324\232\261\262\232E,\344"
 307      85DC05D4 
 307      9AB1B29A 
 307      452CE4
 308 0390 66D27CE0 		.ascii	"f\322|\340\302\300\204\007\376\214\222+\273\312\323"
 308      C2C08407 
 308      FE8C922B 
 308      BBCAD3
 309 039f 1EA991F7 		.ascii	"\036\251\221\367R\037\357\"cJ\262\321|3\033\277:\225"
 309      521FEF22 
 309      634AB2D1 
 309      7C331BBF 
 309      3A95
 310 03b1 910D4E23 		.ascii	"\221\015N#\324\016\256~\011\216}\205\226\332l\372\021"
 310      D40EAE7E 
 310      098E7D85 
 310      96DA6CFA 
ARM GAS  C:\Users\Luczia\AppData\Local\Temp\cccICFK7.s 			page 25


 310      11
 311 03c2 77FDE147 		.ascii	"w\375\341G\261\207\016C\020\244T\240;\320~\233v\205"
 311      B1870E43 
 311      10A454A0 
 311      3BD07E9B 
 311      7685
 312 03d4 A049E73A 		.ascii	"\240I\347:\301\271\016\344\215,\310\233\226\017\213"
 312      C1B90EE4 
 312      8D2CC89B 
 312      960F8B
 313 03e3 6ACFBCE7 		.ascii	"j\317\274\347vx\202\240\024bD\311\301\214?\233\367,"
 313      767882A0 
 313      146244C9 
 313      C18C3F9B 
 313      F72C
 314 03f5 4A3636AF 		.ascii	"J66\257\240\226\357:\265\334Ll\320N\376\276\261N\203"
 314      A096EF3A 
 314      B5DC4C6C 
 314      D04EFEBE 
 314      B14E83
 315 0408 07692F84 		.ascii	"\007i/\204l\323\313*\204\226\3728u\011u\201'\337\356"
 315      6CD3CB2A 
 315      8496FA38 
 315      75097581 
 315      27DFEE
 316 041b D5EB7935 		.ascii	"\325\353y5LE\350>\200\356\3312M|\244\266\272:\333[\261"
 316      4C45E83E 
 316      80EED932 
 316      4D7CA4B6 
 316      BA3ADB5B 
 317 0430 7B86B57E 		.ascii	"{\206\265~(\320\226\274n\344N\307\007\234\001|n\270"
 317      28D096BC 
 317      6EE44EC7 
 317      079C017C 
 317      6EB8
 318 0442 A5C99545 		.ascii	"\245\311\225E\337\210@77e=Ax\202\3452\275?\355\266\330"
 318      DF884037 
 318      37653D41 
 318      7882E532 
 318      BD3FEDB6 
 319 0457 F89CE8F3 		.ascii	"\370\234\350\363\3653\235\213\3603\326\270gbr\257\232"
 319      F5339D8B 
 319      F033D6B8 
 319      676272AF 
 319      9A
 320 0468 64DA289A 		.ascii	"d\332(\232\001\224\315\312\000\251;\010\002ZA\223\\"
 320      0194CDCA 
 320      00A93B08 
 320      025A4193 
 320      5C
 321 0479 535D3CEE 		.ascii	"S]<\356\342\231#v\370\035%-,[\026\036 O\351\031j\347"
 321      E2992376 
 321      F81D252D 
 321      2C5B161E 
 321      204FE919 
 322 048f A1A558CB 		.ascii	"\241\245X\313\354NPS\015\323Sn\330\250\242v\273\212"
 322      EC4E5053 
ARM GAS  C:\Users\Luczia\AppData\Local\Temp\cccICFK7.s 			page 26


 322      0DD3536E 
 322      D8A8A276 
 322      BB8A
 323 04a1 F23E53B2 		.ascii	"\362>S\262\306\021:s\317\315\245(q*kL2Y\366\210\023"
 323      C6113A73 
 323      CFCDA528 
 323      712A6B4C 
 323      3259F688 
 324 04b6 721F1DDC 		.ascii	"r\037\035\334I{K\324x7k|9v|B\215\363\231R\323\277\257"
 324      497B4BD4 
 324      78376B7C 
 324      39767C42 
 324      8DF39952 
 325 04cd 4EB4D149 		.ascii	"N\264\321I\364\206\251\303O\335q1kL-\271\223\245\301"
 325      F486A9C3 
 325      4FDD7131 
 325      6B4C2DB9 
 325      93A5C1
 326 04e0 154CB93D 		.ascii	"\025L\271=\374i\212;C\322Q3u?\273\311\035\327\260\306"
 326      FC698A3B 
 326      43D25133 
 326      753FBBC9 
 326      1DD7B0C6 
 327 04f4 C6E607B7 		.ascii	"\306\346\007\267]\360\025\246d^\255n\022g\217f:\345"
 327      5DF015A6 
 327      645EAD6E 
 327      12678F66 
 327      3AE5
 328 0506 8D54A561 		.ascii	"\215T\245a|M4(\026\266\247X\330Oo5dh\361]\326xcg\356"
 328      7C4D3428 
 328      16B6A758 
 328      D84F6F35 
 328      6468F15D 
 329 051f 3E017733 		.ascii	">\001w3\345\304\360\341]\242\301\325$\032\005\023\205"
 329      E5C4F0E1 
 329      5DA2C1D5 
 329      241A0513 
 329      85
 330 0530 EE7888B5 		.ascii	"\356x\210\265\325\026\247\226\272\340q\246\230jj\233"
 330      D516A796 
 330      BAE071A6 
 330      986A6A9B 
 331 0540 C4A1B302 		.ascii	"\304\241\263\002\324\224\266\354.w<\303\332*G\322\314"
 331      D494B6EC 
 331      2E773CC3 
 331      DA2A47D2 
 331      CC
 332 0551 1A3CCF94 		.ascii	"\032<\317\224\202\251\356\207bg}\010\311\215\027\345"
 332      82A9EE87 
 332      62677D08 
 332      C98D17E5 
 333 0561 1E384D4D 		.ascii	"\0368MM\333\2449\316\223\316q\250\366~\265\037\336\303"
 333      DBA439CE 
 333      93CE71A8 
 333      F67EB51F 
 333      DEC3
 334 0573 9A3E1DB9 		.ascii	"\232>\035\271\260w1>\304\224\261\224\241>7\206{\003"
ARM GAS  C:\Users\Luczia\AppData\Local\Temp\cccICFK7.s 			page 27


 334      B077313E 
 334      C494B194 
 334      A13E3786 
 334      7B03
 335 0585 D4FEEEAF 		.ascii	"\324\376\356\2573<p1k\333Q\267\357\222\026W0Ez\013z"
 335      333C7031 
 335      6BDB51B7 
 335      EF921657 
 335      30457A0B 
 336 059a B2B76063 		.ascii	"\262\267`c_\017\302\347X\323\243\014\263E\300uL)\275"
 336      5F0FC2E7 
 336      58D3A30C 
 336      B345C075 
 336      4C29BD
 337 05ad 90DDAFC2 		.ascii	"\220\335\257\302\315LyP\223\362L\211\2573\245l\356\310"
 337      CD4C7950 
 337      93F24C89 
 337      AF33A56C 
 337      EEC8
 338 05bf 2D2DFE92 		.ascii	"--\376\222)\3457\276\350\022\203\232N*\264\374D\367"
 338      29E537BE 
 338      E812839A 
 338      4E2AB4FC 
 338      44F7
 339 05d1 B0469C20 		.ascii	"\260F\234 \310\204Qr\276o\016a\013\005/?7\235W\006\023"
 339      C8845172 
 339      BE6F0E61 
 339      0B052F3F 
 339      379D5706 
 340 05e6 84C3B194 		.ascii	"\204\303\261\224\376\372\210\032\033\277=\231\270\364"
 340      FEFA881A 
 340      1BBF3D99 
 340      B8F4
 341 05f4 ACD1B853 		.ascii	"\254\321\270SM\0070T=:*p\003\370\021\262\316\035Ed,"
 341      4D073054 
 341      3D3A2A70 
 341      03F811B2 
 341      CE1D4564 
 342 0609 99277762 		.ascii	"\231'wbx\377\245\260)4I\220\301\267\013\266\001\317"
 342      78FFA5B0 
 342      29344990 
 342      C1B70BB6 
 342      01CF
 343 061b F8EF4978 		.ascii	"\370\357IxB\277C\216O\0218z\002\257\347\341;\345p?\236"
 343      42BF438E 
 343      4F11387A 
 343      02AFE7E1 
 343      3BE5703F 
 344 0630 9D4C02B3 		.ascii	"\235L\002\263\231x;\205\303\330A_\213\316['\221a$g\317"
 344      99783B85 
 344      C3D8415F 
 344      8BCE5B27 
 344      91612467 
 345 0645 E0D8E7E5 		.ascii	"\340\330\347\345}}\215\344\316\317\362\370o\344\370"
 345      7D7D8DE4 
 345      CECFF2F8 
 345      6FE4F8
ARM GAS  C:\Users\Luczia\AppData\Local\Temp\cccICFK7.s 			page 28


 346 0654 29473CEF 		.ascii	")G<\357\275Q\356\375k\273X\202\367\365\274\367\223r"
 346      BD51EEFD 
 346      6BBB5882 
 346      F7F5BCF7 
 346      9372
 347 0666 EF9FCAE1 		.ascii	"\357\237\312\341\355Y\034\274_\016\357\223wv6\235s\346"
 347      ED591CBC 
 347      5F0EEF93 
 347      7776369D 
 347      73E6
 348 0678 4BB9F37E 		.ascii	"K\271\363~\262\274\216fpy\235\221\243\237!y\344[38g"
 348      B2BC8E66 
 348      70799D91 
 348      A39F2179 
 348      E45B3338 
 349 068d 5EC99D99 		.ascii	"^\311\235\231\223;\323\316G&M\036\231\333\016\221\034"
 349      933BD3CE 
 349      47264D1E 
 349      99DB0E91 
 349      1C
 350 069e E5F1C9CE 		.ascii	"\345\361\311\316\313\214\243\277\307'jV\356\375\013"
 350      CB8CA3BF 
 350      C7276A56 
 350      EEFD0B
 351 06ad 07FA011E 		.ascii	"\007\372\001\036\377\334yo\371\272\311\342\340Cr\370"
 351      FFDC796F 
 351      F9BAC9E2 
 351      E04372F8 
 352 06bd A00D6EF7 		.ascii	"\240\015n\3672\313\024\274P\006\365\224\300\311\233"
 352      32CB14BC 
 352      5006F594 
 352      C0C99B
 353 06cc EC33C107 		.ascii	"\3543\301\007\035\020\274Q\016H1\310!\220\335 \237\202"
 353      1D10BC51 
 353      0E4831C8 
 353      2190DD20 
 353      9F82
 354 06de 1480EC02 		.ascii	"\024\200\354\002\311\003\311\005\311\0079\001r\030\244"
 354      C903C905 
 354      C9073901 
 354      7218A4
 355 06ed 10E42048 		.ascii	"\020\344 H)\310^\220} \307@\312@\262A\212@J@>\007\331"
 355      29C85E90 
 355      7D20C740 
 355      CA40B241 
 355      8A404A40 
 356 0704 037204A4 		.ascii	"\003r\004\244\034d?\310I\220\343\2027\367\312n\315\344"
 356      1C643FC8 
 356      4990E382 
 356      37F7CA6E 
 356      CDE4
 357 0716 7A3321EF 		.ascii	"z3!\357\315\230\274\363\003|*R\235\217`ke@%\015dr\225"
 357      CD98BCF3 
 357      037C2A52 
 357      9D8F606B 
 357      6540250D 
 358 072d F4D8F984 		.ascii	"\364\330\371\204\302\347\242\225\347Ow^\032\234;\243"
ARM GAS  C:\Users\Luczia\AppData\Local\Temp\cccICFK7.s 			page 29


 358      C2E7A295 
 358      E74F775E 
 358      1A9C3BA3 
 359 073d BCF7A372 		.ascii	"\274\367\243r\372\021\033\234-\023\306\322q\276\321"
 359      FA111B9C 
 359      2D13C6D2 
 359      71BED1
 360 074c B884A09C 		.ascii	"\270\204\240\234,^\354&\277\207\316\311\354\352\206"
 360      2C5EEC26 
 360      BF87CEC9 
 360      ECEA86
 361 075b 2F842CB9 		.ascii	"/\204,\271\257=\016\370v\276\316^:\257K\256o\223<|\332"
 361      AF3D0EF8 
 361      76BECE5E 
 361      3AAF4BAE 
 361      6F933C7C 
 362 0770 F97CC357 		.ascii	"\371|\303W=\357M\257\034\336\3430\006\371\310\215;\317"
 362      3DEF4DAF 
 362      1CDEE330 
 362      06F9C88D 
 362      3BCF
 363 0782 BB5D6278 		.ascii	"\273]bx\372\273\316\253\336\272\266\233./\357v\303\203"
 363      FABBCEAB 
 363      DEBAB69B 
 363      2E2FEF76 
 363      C383
 364 0794 F40524F4 		.ascii	"\364\005$\364\317\\(\020\344k;i8\240S0\012\376\277\214"
 364      CF5C2810 
 364      E46B3B69 
 364      38A05330 
 364      0AFEBF8C 
 365 07a8 08B148B2 		.ascii	"\010\261H\262p2Y\341V\202W\025\202u1Ij\206v\256\256"
 365      703259E1 
 365      56825715 
 365      82753149 
 365      6A8676AE 
 366 07bd E37A8786 		.ascii	"\343z\207\206_LV\012\374b\262J`\213I8\223\315\362"
 366      5F4C560A 
 366      FC62B24A 
 366      608B4938 
 366      93CDF2
 367 07d0 DCCB7C0F 		.ascii	"\334\313|\017\036L\366f6\360i\021|\232\202_\264\357"
 367      1E4CF666 
 367      36F06911 
 367      7C9A825F 
 367      B4EF
 368 07e2 4A55E109 		.ascii	"JU\341\011\366\222o\350\256\252r\3013L\221\326\244\313"
 368      F6926FE8 
 368      AEAA72C1 
 368      334C91D6 
 368      A4CB
 369 07f4 C435E9AB 		.ascii	"\3045\351\253\301\272>-~M\033\325)\223\271\311\032\372"
 369      C1BA3E2D 
 369      7E4D1BD5 
 369      2993B9C9 
 369      1AFA
 370 0806 86F759CA 		.ascii	"\206\367Y\312\222\325a\341\326\341g\240\017\246\205"
ARM GAS  C:\Users\Luczia\AppData\Local\Temp\cccICFK7.s 			page 30


 370      92D561E1 
 370      D6E167A0 
 370      0FA685
 371 0815 667B3A88 		.ascii	"f{:\210>\260e\266Z\016v\234\215\357}`\377&q\344\266"
 371      3EB065B6 
 371      5A0E769C 
 371      8DEF7D60 
 371      FF2671E4 
 372 082a 1B241CFA 		.ascii	"\033$\034\372\367\316\311\271\001\332da\273\013\223"
 372      F7CEC9B9 
 372      01DA6461 
 372      BB0B93
 373 0839 FD00B52B 		.ascii	"\375\000\265+\235\263P:l\2421\211us\021\352\346\034"
 373      9DB3503A 
 373      6CA23189 
 373      757311EA 
 373      E61C
 374 084b E4F13CC8 		.ascii	"\344\361<\310\005\220\0321\237d\3575\370\252\017\341"
 374      05901A31 
 374      9F64EF35 
 374      F8AA0FE1 
 375 085b 540DADC4 		.ascii	"T\015\255\304\312\203\315'\335\344\225(\321\241\313"
 375      CA83CD27 
 375      DDE49528 
 375      D1A1CB
 376 086a C0F28718 		.ascii	"\300\362\207\030\231\227\317,J\262\333\270\004\340Z"
 376      9997CF2C 
 376      4AB2DBB8 
 376      04E05A
 377 0879 5B8198A4 		.ascii	"[\201\230\244\002\251-\234O\325\3629\277dW ub\316\353"
 377      02A92D9C 
 377      4FD5F239 
 377      BF645720 
 377      7562CEEB 
 378 088d 68CE9FCE 		.ascii	"h\316\237\316\025\326\210\353\320e$\261\27599\342R\356"
 378      15D688EB 
 378      D06524B1 
 378      BD3939E2 
 378      52EE
 379 089f 1849F4E3 		.ascii	"\030I\364\343\203\231\311\213\027\334R\324\013\342\226"
 379      8399C98B 
 379      17DC52D4 
 379      0BE296
 380 08ae E20BB671 		.ascii	"\342\013\266q\274\323=\264\337]\276\247\270\002\035"
 380      BCD33DB4 
 380      DF5DBEA7 
 380      B8021D
 381 08bd 34D37835 		.ascii	"4\323x5\010\236\322C\004]\335\376\3253-\316\243\261"
 381      089ED243 
 381      045DDDFE 
 381      D5332DCE 
 381      A3B1
 382 08cf 4196FD19 		.ascii	"A\226\375\031\217U\322.5\375\273\354RK\206O\217kycW"
 382      8F55D22E 
 382      35FDBBEC 
 382      524B864F 
 382      8F6B7963 
ARM GAS  C:\Users\Luczia\AppData\Local\Temp\cccICFK7.s 			page 31


 383 08e4 856F3166 		.ascii	"\205o1fjjoA8\237\031\253\237\254:..\3471\250}9\015\363"
 383      6A6A6F41 
 383      389F19AB 
 383      9FAC3A2E 
 383      2EE731A8 
 384 08fc 0B77B245 		.ascii	"\013w\262E\352d\263@\355N\347T\005\313\373h\253\211"
 384      EA64B340 
 384      ED4EE754 
 384      05CBFB68 
 384      AB89
 385 090e 566AB645 		.ascii	"Vj\266E2\233_8Z)\310\235\\\020=\374\372L\253\006\037"
 385      329B5F38 
 385      5A29C89D 
 385      5C103DFC 
 385      FA4CAB06 
 386 0923 614EEECD 		.ascii	"aN\356\315}\336\352\202\213\2302U6\361\231\032\177\316"
 386      7DDEEA82 
 386      8B983255 
 386      36F1991A 
 386      7FCE
 387 0935 14D3F692 		.ascii	"\024\323\366\222\273XN\272\340\326\355\340\213OG\027"
 387      BB584EBA 
 387      E0D6EDE0 
 387      8B4F4717 
 388 0945 E193ECD1 		.ascii	"\341\223\354\321'cs\247<\360)\246\224\225_is\303g\231"
 388      276373A7 
 388      3CF029A6 
 388      94955F69 
 388      73C36799 
 389 0959 329773F4 		.ascii	"2\227s\364\214\026_\024\003T|$W\213\353\2302\237\223"
 389      8C165F14 
 389      03547C24 
 389      578BEB98 
 389      329F93
 390 096c 9EAFC18D 		.ascii	"\236\257\301\215L\311k\313+v\303-Ly9\222gA,\216\356"
 390      4CC96BCB 
 390      2B76C32D 
 390      4C793992 
 390      67412C8E 
 391 0981 DC566F99 		.ascii	"\334Vo\231\270\325\253|\266\353\200\033\276\311\260"
 391      B8D5AB7C 
 391      B6EB801B 
 391      BEC9B0
 392 0990 5F59522E 		.ascii	"_YR.\210X7P\223\313/\237S-\030\363\373R\314\357\261"
 392      88583750 
 392      93CB2F9F 
 392      532D18F3 
 392      FB52CCEF 
 393 09a5 989F4A1D 		.ascii	"\230\237J\035,u\201\207\275\310J\231\373`\344\305>\030"
 393      2C758187 
 393      BDC84A99 
 393      FB60E4C5 
 393      3E18
 394 09b7 9D354F55 		.ascii	"\2355OU(\361m6\312NW\014\376'\362q\225>\364\370\246"
 394      28F16D36 
 394      CA4E570C 
 394      FE27F271 
ARM GAS  C:\Users\Luczia\AppData\Local\Temp\cccICFK7.s 			page 32


 394      953EF4F8 
 395 09cc A6918F30 		.ascii	"\246\221\2170}\020\242\036\333`\361\"\301\241\037t\214"
 395      7D10A21E 
 395      DB60F122 
 395      C1A11F74 
 395      8C
 396 09dd C546FC86 		.ascii	"\305F\374\206\002\255\244\373b\324\013\003\317K\254"
 396      02ADA4FB 
 396      62D40B03 
 396      CF4BAC
 397 09ec B56E4853 		.ascii	"\265nHS\027\263_z\364D\343\"\334\315\014\364T\214\267"
 397      17B35F7A 
 397      F444E322 
 397      DCCD0CF4 
 397      548CB7
 398 09ff 619B85B1 		.ascii	"a\233\205\2617\317\320\317<\017\300B\277\315B\237\260"
 398      37CFD0CF 
 398      3C0FC042 
 398      BFCD429F 
 398      B0
 399 0a10 808901E7 		.ascii	"\200\211\001\347&\262+K\352\324\266\244\"\312\327\011"
 399      26B22B4B 
 399      EAD4B6A4 
 399      22CAD709 
 400 0a20 ED5FD14A 		.ascii	"\355_\321J\031\244\225r_\252\224\244\306\235\217\020"
 400      19A49572 
 400      5FAA94A4 
 400      C69D8F10 
 401 0a30 1B2EDF89 		.ascii	"\033.\337\211\275m8\363\246\033\317>\364m\354\227\332"
 401      BD6D38F3 
 401      A61BCF3E 
 401      F46DEC97 
 401      DA
 402 0a41 BBDEC143 		.ascii	"\273\336\301C,o\323m]\260\274\177\310\224\224k-\307"
 402      2C6FD36D 
 402      5DB0BC7F 
 402      C894946B 
 402      2DC7
 403 0a53 35F80953 		.ascii	"5\370\011S\036\227\336hV\343)\246\014\016\317\236\307"
 403      1E97DE68 
 403      56E329A6 
 403      0C0ECF9E 
 403      C7
 404 0a64 F839533E 		.ascii	"\3709S>\177\\\224\255\305\257\304g\006\307\332\304\315"
 404      7F5C94AD 
 404      C5AFC467 
 404      06C7DAC4 
 404      CD
 405 0a75 6716C9DD 		.ascii	"g\026\311\335\313\211sw\244*!\273\305\321\351\241y\027"
 405      CB897377 
 405      A42A21BB 
 405      C5D1E9A1 
 405      7917
 406 0a87 9CEC42C0 		.ascii	"\234\354B\300\337?\335~\375\230\026Y\267\207\336\262"
 406      DF3FDD7E 
 406      FD981659 
 406      B787DEB2 
ARM GAS  C:\Users\Luczia\AppData\Local\Temp\cccICFK7.s 			page 33


 407 0a97 4D621E2C 		.ascii	"Mb\036,\363o\356T\025\334l5\322/L\327\004O\364\005\304"
 407      F36FEE54 
 407      15DC6C35 
 407      D22F4CD7 
 407      044FF405 
 408 0aac 7C0A6638 		.ascii	"|\012f8\353Dj\277h\204'\352\267\302\317v\030^\200\266"
 408      EB446ABF 
 408      688427EA 
 408      B7C2CF76 
 408      185E80B6 
 409 0ac0 8868A9EF 		.ascii	"\210h\251\357\366\313\367<\2622\331\306\336\030dP]\027"
 409      F6CBF73C 
 409      B232D9C6 
 409      DE186450 
 409      5D17
 410 0ad2 D1D6B9E8 		.ascii	"\321\326\271\350)\367:\262\233\306\307\200\357\011\245"
 410      29F73AB2 
 410      9BC6C780 
 410      EF09A5
 411 0ae1 9A12E7F0 		.ascii	"\232\022\347\360y\310D\022\366F\317`\3766\3029\025\344"
 411      79C84412 
 411      F646CF60 
 411      FE36C239 
 411      15E4
 412 0af3 395CBF00 		.ascii	"9\\\277\000y\012\262\035\364d\2209\270~\015\362\012"
 412      790AB21D 
 412      F4649039 
 412      B87E0DF2 
 412      0A
 413 0b04 E41B9014 		.ascii	"\344\033\220\024\270\267\003d\006\256'A&@\246A^\202"
 413      B8B70364 
 413      06AE2741 
 413      2640A641 
 413      5E82
 414 0b16 CCDAAD9D 		.ascii	"\314\332\255\235'\267roB\271\247v\373\006\022\267\201"
 414      27B7726F 
 414      42B9A776 
 414      FB0612B7 
 414      81
 415 0b27 6D6C8FD4 		.ascii	"ml\217\324\004Qh\024\321\322t\311/U\305\267l\274\215"
 415      04516814 
 415      D1D274C9 
 415      2F55C5B7 
 415      6CBC8D
 416 0b3a FB919CDB 		.ascii	"\373\221\234\333\356-Kb\326\312\305\354\206\363\230"
 416      EE2D4B62 
 416      D6CAC5EC 
 416      86F398
 417 0b49 F12B4B8E 		.ascii	"\361+K\216{D\216v\330\205\317r\350\257\235\243\371\027"
 417      7B448E76 
 417      D885CF72 
 417      E8AF9DA3 
 417      F917
 418 0b5b FEE4366E 		.ascii	"\376\3446n])\207g\360\344d\364\216\212A\201\267\005"
 418      5D298767 
 418      F0E464F4 
 418      8E8A4181 
ARM GAS  C:\Users\Luczia\AppData\Local\Temp\cccICFK7.s 			page 34


 418      B705
 419 0b6d FD806017 		.ascii	"\375\200`\027\224A\307\265\007\027\361;r\3629\307\215"
 419      9441C7B5 
 419      0717F13B 
 419      72F239C7 
 419      8D
 420 0b7e 23076F97 		.ascii	"#\007o\227\303\235l\0049\370m\347p~\2552\316\326*S\316"
 420      C39D6C04 
 420      39F86DE7 
 420      707EAD32 
 420      CED62A53 
 421 0b93 3613C3E3 		.ascii	"6\023\303\343\313l+\260Q9\227\303>\246\225\263\334!"
 421      CB6C2BB0 
 421      513997C3 
 421      3EA695B3 
 421      DC21
 422 0ba5 47DB7F8A 		.ascii	"G\333\177\212\240C$\336\226\356\307N\213\203_\351s\334"
 422      A04324DE 
 422      96EEC74E 
 422      8B835FE9 
 422      73DC
 423 0bb7 779DC78C 		.ascii	"w\235\307\214\3176\207\276\345\274\246\355\"\314\025"
 423      CF3687BE 
 423      E5BCA6ED 
 423      22CC15
 424 0bc6 C743E7DD 		.ascii	"\307C\347\335\264:Nf\0021\3357!\335m\"\334\372\235\200"
 424      B43A4E66 
 424      0231DD37 
 424      21DD6D22 
 424      DCFA9D80 
 425 0bda DBD29019 		.ascii	"\333\322\220\031\263w_\233\022_\243\323\222\320\375"
 425      B3775F9B 
 425      125FA3D3 
 425      92D0FD
 426 0be9 F06CA6C3 		.ascii	"\360l\246\303\312M\032\362h'\366\371\213\214z\361[\363"
 426      CA4D1AF2 
 426      6827F6F9 
 426      8B8C7AF1 
 426      5BF3
 427 0bfb 0BFAAD39 		.ascii	"\013\372\2559\035/Ei\330\372\272\231\222V\177\305\303"
 427      1D2F4569 
 427      D8FABA99 
 427      92567FC5 
 427      C3
 428 0c0c 030D4A7E 		.ascii	"\003\015J~\365G\200\2667k\006f\253?8\003\270\343Ia\256"
 428      F54780B6 
 428      376B0666 
 428      AB3F3803 
 428      B8E34961 
 429 0c21 0ADFA19D 		.ascii	"\012\337\241\235D\223\207\232\036\271\342{L)\250<\231"
 429      4493879A 
 429      1EB9E27B 
 429      4C29A83C 
 429      99
 430 0c32 82713753 		.ascii	"\202q7S\272j\2677z\340!\246\364\037M\032T\341Q\246\234"
 430      BA6AB737 
 430      7AE021A6 
ARM GAS  C:\Users\Luczia\AppData\Local\Temp\cccICFK7.s 			page 35


 430      F41F4D1A 
 430      54E151A6 
 431 0c47 BFF42480 		.ascii	"\277\364$\200\315\355^\240]\354~j\026\377\333\326G\246"
 431      CDED5EA0 
 431      5DEC7E6A 
 431      16FFDBD6 
 431      47A6
 432 0c59 FAA38F46 		.ascii	"\372\243\217F\372\334\360\030\205j\033\272\357T#ij\347"
 432      FADCF018 
 432      856A1BBA 
 432      EF542369 
 432      6AE7
 433 0c6b FE5D905E 		.ascii	"\376]\220^\301\375\273 \023z\264\037\177\353\000\237"
 433      C1FDBB20 
 433      137AB41F 
 433      7FEB009F 
 434 0c7b 8DB05FFF 		.ascii	"\215\260_\377;\201\363\233\013\016\235-'\347\306\201"
 434      3B81F39B 
 434      0B0E9D2D 
 434      27E7C681 
 435 0c8b 5D66F760 		.ascii	"]f\367`/\224\203I\033\201\223\264\036\202\024\027@z"
 435      2F948349 
 435      1B8193B4 
 435      1E821417 
 435      407A
 436 0c9d F241F681 		.ascii	"\362A\366\201\034\000\311\003\331\013r\020\333M\312"
 436      1C00C903 
 436      D90B7210 
 436      DB4DCA
 437 0cac 9CC12CE7 		.ascii	"\234\301,\347\006\355\366\265\037\333\340\271r\270\303"
 437      06EDF6B5 
 437      1FDBE0B9 
 437      72B8C3
 438 0cbb A7A5018E 		.ascii	"\247\245\001\216|\227\034\315\315\312\254R\332z\331"
 438      7C971CCD 
 438      CDCAAC52 
 438      DA7AD9
 439 0cca 0C0128C7 		.ascii	"\014\001(\307\031\242\247\227\333\243\355v\312%\015"
 439      19A2A797 
 439      DBA3ED76 
 439      CA250D
 440 0cd9 851D1663 		.ascii	"\205\035\026c\247\033\236fC\241\271*\255V+\037\012R"
 440      A71B9E66 
 440      43A1B92A 
 440      AD562B1F 
 440      0A52
 441 0ceb C0D01188 		.ascii	"\300\320\021\210\323\037\0233\346h\307\010-\351Bx\360"
 441      D31F1333 
 441      E668C708 
 441      2DE94278 
 441      F0
 442 0cfc B0ADA489 		.ascii	"\260\255\244\211\333\324\376\276\343%\0267\276\244\013"
 442      DBD4FEBE 
 442      E3251637 
 442      BEA40B
 443 0d0b ED4AFAA8 		.ascii	"\355J\372\250X\322\344\374W\037o\334\024\261iST\304"
 443      58D2E4FC 
ARM GAS  C:\Users\Luczia\AppData\Local\Temp\cccICFK7.s 			page 36


 443      571F6FDC 
 443      14B16953 
 443      54C4
 444 0d1d 871B237F 		.ascii	"\207\033#\177\273\345\223\210\250\370\330\2151q\021"
 444      BBE59388 
 444      A8F8D88D 
 444      317111
 445 0d2c 31713189 		.ascii	"1q1\211o\373\372\372\301_\344\3071\037\306\304'\370"
 445      6FFBFAFA 
 445      C15FE4C7 
 445      311FC6C4 
 445      27F8
 446 0d3e FF93BF5F 		.ascii	"\377\223\277_|\202\037\300\375>\211\337\234\230\340"
 446      7C821FC0 
 446      FD3E89DF 
 446      9C98E0
 447 0d4d 67D8B07E 		.ascii	"g\330\260~e\000\373\015^\265u\253\237H\344\033\351\362"
 447      6500FB0D 
 447      5EB575AB 
 447      9F48E41B 
 447      E9F2
 448 0d5f EECFDF5F 		.ascii	"\356\317\337_\256\363\367W\254\376\023\011\024\356\222"
 448      AEF3F757 
 448      ACFE1309 
 448      14EE92
 449 0d6e 53C48D25 		.ascii	"S\304\215%\011\211\261+\003\"\"7\305G\376\226\336\320"
 449      0989B12B 
 449      03222237 
 449      C547FE96 
 449      DED0
 450 0d80 C46CFE5D 		.ascii	"\304l\376](\234\177\366\307\3213\232\230\204\315\276"
 450      289C7FF6 
 450      C7D1339A 
 450      9884CDBE 
 451 0d90 1F2B3451 		.ascii	"\037+4Q\261\033\2773\305\272uA~A\353\003\377+@\244\200"
 451      B11BBF33 
 451      C5BA7541 
 451      7E41EB03 
 451      FF2B40A4 
 452 0da5 6781C235 		.ascii	"g\201\3025\"bKL\\\"\350\211\037E\376,\234R$$n\211\212"
 452      22624B4C 
 452      5C22E889 
 452      1F45FE2C 
 452      9C522424 
 453 0dbc 890F4F8C 		.ascii	"\211\017O\214\217\337\224\020\376\233\270-\313\351\325"
 453      8FDF9410 
 453      FE9BB82D 
 453      CBE9D5
 454 0dcb F28D9B63 		.ascii	"\362\215\233c\227G\307~\030\035\025\025\035\025\376"
 454      9747C77E 
 454      181D1515 
 454      1D15FE
 455 0dda B6EF8AE5 		.ascii	"\266\357\212\345\001+\374\337\376\335\252p\270\377\343"
 455      012BFCDF 
 455      FEDDAA70 
 455      B8FFE3
 456 0de9 B8F8B8E8 		.ascii	"\270\370\270\350\037Go\3740&<&.r\323\226\250\350\360"
ARM GAS  C:\Users\Luczia\AppData\Local\Temp\cccICFK7.s 			page 37


 456      1F476FFC 
 456      30263C26 
 456      2E72D396 
 456      A8E8F0
 457 0dfc D88DC015 		.ascii	"\330\215\300\025\027\035\036\021\025\375\321\306-\233"
 457      171D1E11 
 457      15FDD1C6 
 457      2D9B
 458 0e0a 122312B7 		.ascii	"\022#\022\267}\022\235\000\026]${\377\361g\265\227\260"
 458      7D129D00 
 458      165D247B 
 458      FFF167B5 
 458      97B0
 459 0e1c 2D213C22 		.ascii	"-!<\"!1\012\310\301\310b\303\266\204\304\350X]\374\346"
 459      21310AC8 
 459      C1C862C3 
 459      B684C4E8 
 459      585DFCE6 
 460 0e30 681D89B8 		.ascii	"h\035\211\270\240\323c\235A\3574P\221\361\261\261\361"
 460      A0D3639D 
 460      41EF3450 
 460      91F1B1B1 
 460      F1
 461 0e41 717ED15B 		.ascii	"q~\321[\023!R\362H\177\264j\305O\266n\005F\267\260_"
 461      132152F2 
 461      487FB46A 
 461      C54FB66E 
 461      0546B7B0 
 462 0e56 EA233640 		.ascii	"\352#6@\037\202\242?R\031\014\272w\365Z\375Z\303Z\375"
 462      1F82A23F 
 462      52190CBA 
 462      77F55AFD 
 462      5AC35AFD 
 463 0e6a 2FD606FD 		.ascii	"/\326\006\375T\271&HgS\177\242\015\014[\023\260.l\355"
 463      54B92648 
 463      67537FA2 
 463      0D0C5B13 
 463      B02E6CED 
 464 0e7e CFF5E4CA 		.ascii	"\317\365\344\312\237]I\255\253\264\201!kV\212\255!V"
 464      9F5D49AD 
 464      ABB48121 
 464      6B568AAD 
 464      2156
 465 0e90 5C881CB7 		.ascii	"\\\210\034\267RCX\340\0169\373\363-\001\032\302@[BD"
 465      524358E0 
 465      0E39FBF3 
 465      2D011AC2 
 465      405B4244 
 466 0ea4 44883DC2 		.ascii	"D\210=\302\337\205<\2537l\320\223\013\177ram[\341B\236"
 466      DF853CAB 
 466      376CD093 
 466      0B7F7261 
 466      6D5BE142 
 467 0eb9 666D2112 		.ascii	"fm!\022(\204\201\260.T\257\324\005\277\253\327\204\255"
 467      288481B0 
 467      2E54AFD4 
 467      05BFABD7 
ARM GAS  C:\Users\Luczia\AppData\Local\Temp\cccICFK7.s 			page 38


 467      84AD
 468 0ecb 5B47CEAE 		.ascii	"[G\316\256p\016\0150\220K7\275N'\365_MX\203\177\245"
 468      700E0D30 
 468      904B37BD 
 468      4E27F55F 
 468      4D58837F 
 469 0ee0 0E0DD2BD 		.ascii	"\016\015\322\275\027\264\226h\001\301\277\362\010Z\363"
 469      17B49668 
 469      01C1BFF2 
 469      085AF3
 470 0eef EE7ADDFB 		.ascii	"\356z\335\373\022F\031j\010\324+\327\257\017\326\343"
 470      1246196A 
 470      08D42BD7 
 470      AF0FD6E3 
 471 0eff C0203D0E 		.ascii	"\300 =\016\202sX\260^\031\030l\320+\327\004\007\352"
 471      827358B0 
 471      5E19186C 
 471      D02BD704 
 471      07EA
 472 0f11 55D00480 		.ascii	"U\320\004\200 \242\207\220\037\035\374\250\014!\220"
 472      20A28790 
 472      1F1DFCA8 
 472      0C2190
 473 0f20 256C0809 		.ascii	"%l\010\011\323\262\272\\\035\221\250\021\317X\00794"
 473      D3B2BA5C 
 473      1D91A811 
 473      CF580739 
 473      34
 474 0f31 E8F4AAC0 		.ascii	"\350\364\252\300P\275N\257\374\305\206\367\364\312P"
 474      50BD4EAF 
 474      FCC586F7 
 474      F4CA50
 475 0f40 40AB7461 		.ascii	"@\253ta\357\207\006\301o\240N\037\370\007\362\033\250"
 475      EF8706C1 
 475      6FA04E1F 
 475      F807F21B 
 475      A8
 476 0f51 5FEFA75B 		.ascii	"_\357\247[o\0105\370\221\312\360\013e\265\003\210\315"
 476      6F0835F8 
 476      91CAF00B 
 476      65B50388 
 476      CD
 477 0f62 D11191B1 		.ascii	"\321\021\221\261\253Hu\032tkh\027T\357\205m\320\351"
 477      AB48751A 
 477      746B6817 
 477      54EF856D 
 477      D0E9
 478 0f74 05835E03 		.ascii	"\005\203^\003\027\377\276\366\003\275\222\374`0\242"
 478      17FFBEF6 
 478      03BD92FC 
 478      6030A2
 479 0f83 A62DFE8B 		.ascii	"\246-\376\213\202\327\005\032B\244\356\376\037\372-"
 479      82D7051A 
 479      42A4EEFE 
 479      1FFA2D
 480 0f92 365D     		.ascii	"6]"
 481              		.text
ARM GAS  C:\Users\Luczia\AppData\Local\Temp\cccICFK7.s 			page 39


 482              		.section	.gnu.lto_.symtab.803ee2ec,"",%progbits
 483 0000 68616C5F 		.ascii	"hal_lld_init\000"
 483      6C6C645F 
 483      696E6974 
 483      00
 484 000d 00       		.ascii	"\000"
 485 000e 00       		.ascii	"\000"
 486 000f 00       		.ascii	"\000"
 487 0010 00000000 		.ascii	"\000\000\000\000\000\000\000\000"
 487      00000000 
 488 0018 BD000000 		.ascii	"\275\000\000\000"
 489 001c 73746D33 		.ascii	"stm32_clock_init\000"
 489      325F636C 
 489      6F636B5F 
 489      696E6974 
 489      00
 490 002d 00       		.ascii	"\000"
 491 002e 00       		.ascii	"\000"
 492 002f 00       		.ascii	"\000"
 493 0030 00000000 		.ascii	"\000\000\000\000\000\000\000\000"
 493      00000000 
 494 0038 BF000000 		.ascii	"\277\000\000\000"
 495 003c 53797374 		.ascii	"SystemCoreClock\000"
 495      656D436F 
 495      7265436C 
 495      6F636B00 
 496 004c 00       		.ascii	"\000"
 497 004d 00       		.ascii	"\000"
 498 004e 00       		.ascii	"\000"
 499 004f 00000000 		.ascii	"\000\000\000\000\000\000\000\000"
 499      00000000 
 500 0057 D0000000 		.ascii	"\320\000\000\000"
 501 005b 69727149 		.ascii	"irqInit\000"
 501      6E697400 
 502 0063 00       		.ascii	"\000"
 503 0064 02       		.ascii	"\002"
 504 0065 00       		.ascii	"\000"
 505 0066 00000000 		.ascii	"\000\000\000\000\000\000\000\000"
 505      00000000 
 506 006e C1000000 		.ascii	"\301\000\000\000"
 507 0072 646D6149 		.ascii	"dmaInit\000"
 507      6E697400 
 508 007a 00       		.ascii	"\000"
 509 007b 02       		.ascii	"\002"
 510 007c 00       		.ascii	"\000"
 511 007d 00000000 		.ascii	"\000\000\000\000\000\000\000\000"
 511      00000000 
 512 0085 C3000000 		.ascii	"\303\000\000\000"
 513              		.text
 514              		.section	.gnu.lto_.opts,"",%progbits
 515 0000 272D666D 		.ascii	"'-fmath-errno' '-fsigned-zeros' '-ftrapping-math' '"
 515      6174682D 
 515      6572726E 
 515      6F272027 
 515      2D667369 
 516 0033 2D666E6F 		.ascii	"-fno-trapv' '-fno-strict-overflow' '-fno-openmp' '-"
 516      2D747261 
ARM GAS  C:\Users\Luczia\AppData\Local\Temp\cccICFK7.s 			page 40


 516      70762720 
 516      272D666E 
 516      6F2D7374 
 517 0066 666E6F2D 		.ascii	"fno-openacc' '-mcpu=cortex-m4' '-mthumb' '-O0' '-fo"
 517      6F70656E 
 517      61636327 
 517      20272D6D 
 517      6370753D 
 518 0099 6D69742D 		.ascii	"mit-frame-pointer' '-falign-functions=16' '-ffuncti"
 518      6672616D 
 518      652D706F 
 518      696E7465 
 518      72272027 
 519 00cc 6F6E2D73 		.ascii	"on-sections' '-fdata-sections' '-fno-common' '-flto"
 519      65637469 
 519      6F6E7327 
 519      20272D66 
 519      64617461 
 520 00ff 2700     		.ascii	"'\000"
 521              		.text
 522              		.comm	__gnu_lto_v1,1,1
 523              		.comm	__gnu_lto_slim,1,1
 524              		.ident	"GCC: (GNU Tools for Arm Embedded Processors 7-2017-q4-major) 7.2.1 20170904 (release) [ARM
ARM GAS  C:\Users\Luczia\AppData\Local\Temp\cccICFK7.s 			page 41


DEFINED SYMBOLS
                            *ABS*:00000000 hal_lld.c
                            *COM*:00000001 __gnu_lto_v1
                            *COM*:00000001 __gnu_lto_slim

NO UNDEFINED SYMBOLS
