ARM GAS  C:\Users\Luczia\AppData\Local\Temp\ccZTtFdu.s 			page 1


   1              		.cpu cortex-m4
   2              		.eabi_attribute 20, 1
   3              		.eabi_attribute 21, 1
   4              		.eabi_attribute 23, 3
   5              		.eabi_attribute 24, 1
   6              		.eabi_attribute 25, 1
   7              		.eabi_attribute 26, 1
   8              		.eabi_attribute 30, 6
   9              		.eabi_attribute 34, 1
  10              		.eabi_attribute 18, 4
  11              		.file	"hw.c"
  12              		.section	.gnu.lto_.inline.803ee476,"",%progbits
  13 0000 789C6363 		.ascii	"x\234cc``\220f@\000F\006\006\016\001\006\006&\226\017"
  13      60609066 
  13      40004606 
  13      060E0106 
  13      0626960F 
  14 0014 7A0C2C0C 		.ascii	"z\014,\014L !\026^\0060\003\000\034\320\001x"
  14      4C202116 
  14      5E063003 
  14      001CD001 
  14      78
  15              		.text
  16              		.section	.gnu.lto_hw_id_from_uuid.803ee476,"",%progbits
  17 0000 789C5D90 		.ascii	"x\234]\220?K\003A\020\305\347\335\344.\221\030\265\264"
  17      3F4B0341 
  17      10C5E7DD 
  17      E42E9118 
  17      B5B4
  18 0012 B8228529 		.ascii	"\270\"\205)\322$\202\037\305\217\020\004;A\021\313\333"
  18      D224821F 
  18      C58F1004 
  18      3B4111CB 
  18      DB
  19 0023 E488F1D0 		.ascii	"\344\210\361\320B\304$\242W\010)\264\223`4\206\024\036"
  19      42C424A2 
  19      570829B4 
  19      93603486 
  19      141E
  20 0035 0AA28D85 		.ascii	"\012\242\215\205\215\210\235\210\177\203\210\332i\022"
  20      8D889D88 
  20      7F8388DA 
  20      6912
  21 0043 67632A8B 		.ascii	"gc*\213\235]\336\314{\363c-\"\232\004\321\210\334\266"
  21      9D5DDECC 
  21      7BF3632D 
  21      229A04D1 
  21      88DCB6
  22 0056 1C0A110C 		.ascii	"\034\012\021\014\222\003\226\312\220\026\201\034\203"
  22      920396CA 
  22      9016811C 
  22      83
  23 0063 E16085D7 		.ascii	"\341`\205\327\031E\257y\035K\356(\225SA\371},\353\346"
  23      1945AF79 
  23      1D4BEE28 
  23      955341F9 
  23      7D2CEBE6 
ARM GAS  C:\Users\Luczia\AppData\Local\Temp\ccZTtFdu.s 			page 2


  24 0077 477D192D 		.ascii	"G}\031-1a\302\306\270\316\300>\222$\243w\325N1f\205"
  24      3161C2C6 
  24      B8CEC03E 
  24      9224A377 
  24      D54E3166 
  25 008c 744FC41A 		.ascii	"tO\304\032,I\"H\243v\262\325\264\022\025\245\326Tp\351"
  25      2C492248 
  25      A376B2D5 
  25      B41215A5 
  25      D65470E9 
  26 00a0 46377683 		.ascii	"F7v\203l\374\177\210L\036 \261we\006\252\323-\250\340"
  26      6CFC7F88 
  26      4C1E20B1 
  26      776506AA 
  26      D32DA8E0 
  27 00b4 EC1395D7 		.ascii	"\354\023\225\327\001\013\344\263\000\372l\230\244-\264"
  27      010BE4B3 
  27      00FA6C98 
  27      A42DB4
  28 00c3 A40B792C 		.ascii	"\244\013y,\320\334B~\373\361\002z\325&\353E\215F\353"
  28      D0DC427E 
  28      FBF1027A 
  28      D526EB45 
  28      8D46EB
  29 00d6 36ECB455 		.ascii	"6\354\264U\304g.\261\336~\010G\243\335\373\365\347\360"
  29      C4672EB1 
  29      DE7E0847 
  29      A3DDFBF5 
  29      E7F0
  30 00e8 32FB1CC2 		.ascii	"2\373\034\302\352W\273\013\324a\213\354\236\336T#Z6"
  30      EA57BB0B 
  30      D4618BEC 
  30      9EDE5423 
  30      5A36
  31 00fa 318823D8 		.ascii	"1\210#\330>[\364\202\334G\301\213\376\205\032\222+\212"
  31      3E5BF482 
  31      DC47C18B 
  31      FE851A92 
  31      2B8A
  32 010c FBB3D8DF 		.ascii	"\373\263\330\337b\212&\306\357\363\207\343am$t\011\015"
  32      628A26C6 
  32      EFF387E3 
  32      616D2474 
  32      090D
  33 011e D83D2641 		.ascii	"\330=&A\343'\371\302\262<\336\220\213\367-\324\303\026"
  33      E327F9C2 
  33      B23CDE90 
  33      8BF72DD4 
  33      C316
  34 0130 1A611E4A 		.ascii	"\032a\036J\245\347f\346g3S\351\351\205T\206~\001k\225"
  34      A5E766E6 
  34      673353E9 
  34      E9855486 
  34      7E016B95 
  35 0144 6758     		.ascii	"gX"
  36              		.text
  37              		.section	.gnu.lto_.symbol_nodes.803ee476,"",%progbits
ARM GAS  C:\Users\Luczia\AppData\Local\Temp\ccZTtFdu.s 			page 3


  38 0000 789C6363 		.ascii	"x\234cc``0\003b\006\246\223L\365\014\014\023\31610\000"
  38      60603003 
  38      6206A693 
  38      4CF50C0C 
  38      13CE3130 
  39 0015 A95D8D8E 		.ascii	"\251]\215\216\014\014\254'\230\030Z\224\030\030\230"
  39      0C0CAC27 
  39      98185A94 
  39      181898
  40 0024 194F31D5 		.ascii	"\031O1\3253\202\245\030\030\032\032\034\200\"\014L\014"
  40      3382A518 
  40      181A1A1C 
  40      80220C4C 
  40      0C
  41 0035 8B1FFC63 		.ascii	"\213\037\374cd\000\000c\300\014\314"
  41      64000063 
  41      C00CCC
  42              		.text
  43              		.section	.gnu.lto_.refs.803ee476,"",%progbits
  44 0000 789C6363 		.ascii	"x\234cc```\004b\006\000\000D\000\010"
  44      60606004 
  44      62060000 
  44      440008
  45              		.text
  46              		.section	.gnu.lto_.decls.803ee476,"",%progbits
  47 0000 789CAD53 		.ascii	"x\234\255S[L\\U\024={\356\300<\030`$\246\341c>&\264"
  47      5B4C5C55 
  47      143D7BEE 
  47      C03C1860 
  47      24A6E163 
  48 0017 CD8C1F9D 		.ascii	"\315\214\037\235\016\320\244\306O\375\320/\343\217\037"
  48      0ED0A4C6 
  48      4FFDD02F 
  48      E38F1F
  49 0026 C649AE30 		.ascii	"\306I\2560s)\327\314C\347\221\332\277\023\007J\255\222"
  49      7329D7CC 
  49      43E791DA 
  49      BF13074A 
  49      AD92
  50 0038 0E955833 		.ascii	"\016\225X3\330\010}L\006a\372H\031Z\254\312P\036\255"
  50      D8087D4C 
  50      0661FA48 
  50      195AACCA 
  50      501EAD
  51 004b D8690B88 		.ascii	"\330i\013\210@\005\206\204j\2146\276\032E\243\011\356"
  51      40058684 
  51      6A8C36BE 
  51      1A45A309 
  51      EE
  52 005c 73EE9D07 		.ascii	"s\356\235\007\265\304\037Or\356=\373\234\275\327\332"
  52      B5C41F4F 
  52      72EE3DFB 
  52      9CBDD7DA 
  53 006c 7BAF73CA 		.ascii	"{\257s\312\011!\323e\204x\200\2207p\275\211C\203\377"
  53      0921D365 
  53      84788090 
  53      3770BD89 
ARM GAS  C:\Users\Luczia\AppData\Local\Temp\ccZTtFdu.s 			page 4


  53      4383FF
  54 007f 31521CCC 		.ascii	"1R\034\314\036\3079\207\023\335\3102\331::pS\247\306"
  54      1EC73987 
  54      13DDC832 
  54      D93A3A70 
  54      53A7C6
  55 0092 D8705A70 		.ascii	"\330pZp\256\340\274\2033\213sv\033\234\325\207p\272"
  55      AEE0BC83 
  55      338B7376 
  55      1B9CD587 
  55      70BA
  56 00a4 051838BE 		.ascii	"\005\0308\276~B\233\203\025v\014f\000P<K\007\250Y\362"
  56      7E429B83 
  56      15760C66 
  56      00503C4B 
  56      07A859F2 
  57 00b8 C1CE1507 		.ascii	"\301\316\025\007\015\344\017\025\257\207\303\370\031"
  57      0DE40F15 
  57      AF87C3F8 
  57      19
  58 00c5 2853438A 		.ascii	"(SC\212\276\305\210\022\324\222`\340\203\360TJs\341"
  58      BEC58812 
  58      D49260E0 
  58      83F0544A 
  58      73E1
  59 00d7 99A9E941 		.ascii	"\231\251\351A\221\036\012>y\377\022T(\004\375;;\034"
  59      911E0A3E 
  59      79FF1254 
  59      2804FD3B 
  59      3B1C
  60 00e9 82DA84F9 		.ascii	"\202\332\204\371\373\357\2343\255\301*\272\276DHL\357"
  60      FBEF9C33 
  60      ADC12ABA 
  60      BE44484C 
  60      EF
  61 00fa 03B67BFE 		.ascii	"\003\266{\376\2175\257\240\341\313\357\022GO\032\204"
  61      8F35AFA0 
  61      E1CBEF12 
  61      474F1A84 
  62 010a 1ABEEE3A 		.ascii	"\032\276\356:\237z\253\3141H\225\241\177\216\3000\010"
  62      9F7AABCC 
  62      314895A1 
  62      7F8EC030 
  62      08
  63 011b F9764E6E 		.ascii	"\371vNnnd\252\337\026\240\306\010\0324g\177\276y\262"
  63      6E64AADF 
  63      16A0C608 
  63      1A34677F 
  63      BE79B2
  64 012e 02CDC78D 		.ascii	"\002\315\307\215`f\210\355\367\372\365hZ\214\260\011"
  64      606688ED 
  64      F7FAF568 
  64      5A8CB009 
  65 013e CCBE3FF2 		.ascii	"\314\276?\362g\245b\263\340\241\314\203\224Vx\202\255"
  65      67A562B3 
  65      E0A1CC83 
  65      94567882 
ARM GAS  C:\Users\Luczia\AppData\Local\Temp\ccZTtFdu.s 			page 5


  65      AD
  66 014f 351753F7 		.ascii	"5\027S\367^\005\2731\30182\271\337w\\\241\324\014\237"
  66      5E05BB31 
  66      C13832B9 
  66      DF775CA1 
  66      D40C9F
  67 0162 81113E01 		.ascii	"\201\021>\001\001.\203\203\325j1\342\367\010\245oRz"
  67      012E8383 
  67      D56A31E2 
  67      F708A56F 
  67      527A
  68 0174 9A0AB504 		.ascii	"\232\012\265\004\032-\340\264\020\370\024\354\014\222"
  68      1A2DE0B4 
  68      10F814EC 
  68      0C92
  69 0182 79C155B0 		.ascii	"y\301U\260\300\307`a\360\375\037&'*\2058p\374\325\324"
  69      C0C76061 
  69      F0FD1F26 
  69      272A8538 
  69      70FCD5D4 
  70 0196 4FB78402 		.ascii	"O\267\204\002\301\302`\335\245vJ50\206\014\243E\006"
  70      C1C260DD 
  70      A5764A35 
  70      30860CA3 
  70      4506
  71 01a8 247C3445 		.ascii	"$|4E\346\321\024m\227\217\245\265\265\3571\314X\224"
  71      E6D1146D 
  71      978FA5B5 
  71      B5EF31CC 
  71      5894
  72 01ba 9A15BC11 		.ascii	"\232\025\274\021<\277\202\347\004\256A-~\375Z\245W\013"
  72      3CBF82E7 
  72      04AE412D 
  72      7EFD5AA5 
  72      570B
  73 01cc DDA7FAA0 		.ascii	"\335\247\372\240\256\227\366fh\346\267\321]}Q\232\304"
  73      AE97F666 
  73      68E6B7D1 
  73      5D7D519A 
  73      C4
  74 01dd 382BF382 		.ascii	"8+\363\202t1\2074\353.\014\301\032\300%\310\241D\343"
  74      74318734 
  74      EB2E0CC1 
  74      1AC025C8 
  74      A144E3
  75 01f0 5087D123 		.ascii	"P\207\321#\307\227.\230\204NE\237\225\033\375\003\002"
  75      C7972E98 
  75      844E459F 
  75      951BFD03 
  75      02
  76 0201 36D2868D 		.ascii	"6\322\206\215\305Q]\322[\233\322\333\331c\277\236\321"
  76      C5515DD2 
  76      5B9BD2DB 
  76      D963BF9E 
  76      D1
  77 0212 0971C57D 		.ascii	"\011q\305}\246\355\302\007\202\242\222\026\315_\262"
  77      A6EDC207 
ARM GAS  C:\Users\Luczia\AppData\Local\Temp\ccZTtFdu.s 			page 6


  77      82A29216 
  77      CD5FB2
  78 0221 F1F52A45 		.ascii	"\361\365*E%+\266&\267\364\327r\025\030\355\274\354\336"
  78      252BB626 
  78      B7F4D772 
  78      1518EDBC 
  78      ECDE
  79 0233 2835A0C4 		.ascii	"(5\240\304\237c\0157\260\006\370\002\013\267\251\205"
  79      9F630D37 
  79      B006F802 
  79      0BB7A985 
  80 0243 4FE1E624 		.ascii	"O\341\346$n\346E\262uu\260\036Nc\315\327\213\371\333"
  80      6EE645B2 
  80      7575B01E 
  80      4E63CDD7 
  80      8BF9DB
  81 0256 8C4AB9FD 		.ascii	"\214J\271\375g\272N\225\013gy\006\232\253=\337Lj\266"
  81      67BA4E95 
  81      0B677906 
  81      9AAB3DDF 
  81      4C6AB6
  82 0269 E3B8B52D 		.ascii	"\343\270\265-\007\3524\305u\312\"\307\315\"\3074\250"
  82      07EA34C5 
  82      75CA22C7 
  82      CD22C734 
  82      A8
  83 027a 24D793E9 		.ascii	"$\327\223\3511\320\342s\343\036\330i\334\373hh0Qm:Z"
  83      31D0E273 
  83      E31ED869 
  83      DCFB6868 
  83      30516D3A 
  84 028f 60E2A2E4 		.ascii	"`\342\242\344\311\010\334\001\223zyO\234\215\316\230"
  84      C908DC01 
  84      937A794F 
  84      9C8DCE98 
  85 029f 7830EEC1 		.ascii	"x0\356\301m\340\321\351\371\333\251\252RI\263[$\235"
  85      6DE0D1E9 
  85      F9DBA9AA 
  85      5249B35B 
  85      249D
  86 02b1 E592CE80 		.ascii	"\345\222\316\200\252il1\326S\201\232\256a\262\033Yg"
  86      AA696C31 
  86      D653819A 
  86      AE61B21B 
  86      5967
  87 02c3 62FC70E6 		.ascii	"b\374p\346\005\356\004\023\305l'\324\367\002s\\\311"
  87      05EE0413 
  87      C56C27D4 
  87      F702735C 
  87      C9
  88 02d4 ECE4DCFB 		.ascii	"\354\344\334\373:!\303\033\243\355\231\030\376\261\002"
  88      3A21C31B 
  88      A3ED9918 
  88      FEB102
  89 02e3 0C164006 		.ascii	"\014\026@\006\260w\360\233\027\215\231\241p\363\026"
  89      B077F09B 
  89      178D99A1 
ARM GAS  C:\Users\Luczia\AppData\Local\Temp\ccZTtFdu.s 			page 7


  89      70F316
  90 02f2 B139F360 		.ascii	"\2619\363`\300\350\257\320e\001\223\210S=\337\211\323"
  90      C0E8AFD0 
  90      65019388 
  90      533DDF89 
  90      D3
  91 0303 23EC91B0 		.ascii	"#\354\221\260e\"\377:\0113\341K\225P\311\261\363\333"
  91      6522FF3A 
  91      0933E14B 
  91      9550C9B1 
  91      F3DB
  92 0315 811FCA0C 		.ascii	"\201\037\312\014\010\035\375Oh\364N>\370\273\223\335"
  92      081DFD4F 
  92      68F44E3E 
  92      F8BB93DD 
  93 0325 9525C4E1 		.ascii	"\225%\304\341\317?\323IM\302\224r\221\316\015w\347\312"
  93      CF3FD349 
  93      4DC29472 
  93      91CE0D77 
  93      E7CA
  94 0337 779FA66D 		.ascii	"w\237\246m\343\250\315\335]\353\355\207\251\223{~\255"
  94      E3A8CDDD 
  94      5DEBED87 
  94      A9937B7E 
  94      AD
  95 0348 54AB2213 		.ascii	"T\253\"\023n\337e\332.\303n\214\273\270\371}\022J%a"
  95      6EDF65DA 
  95      2EC36E8C 
  95      BBB8F97D 
  95      124A2561 
  96 035c 1D2A4AB2 		.ascii	"\035*J\262\242H\302\376,\203\354\265E\335\316>~\001"
  96      A248C2FE 
  96      2C83ECB5 
  96      45DDCE3E 
  96      7E01
  97 036e 3646EDEF 		.ascii	"6F\355\357R\314\371\225\035\374\035(m\\\205\235\244"
  97      52CCF995 
  97      1DFC1D28 
  97      6D5C859D 
  97      A4
  98 037f BAF5A028 		.ascii	"\272\365\240({\304\226`\300'F\"\262\247\322\2617\024"
  98      7BC49660 
  98      C0274622 
  98      B2A7D2B1 
  98      3714
  99 0391 8804DDD2 		.ascii	"\210\004\335\322\336\326\203\016\267\376\331\347_\264"
  99      DED6830E 
  99      B7FED9E7 
  99      5FB4
 100 039f 3E535F4F 		.ascii	">S_O\014\242\030\221\375\341'\305p\213\373)\227\273"
 100      0CA21891 
 100      FDE127C5 
 100      708BFB29 
 100      97BB
 101 03b1 556E9643 		.ascii	"Un\226C\341\210G\016\270\302\201\2007\344:\340\217X"
 101      E188470E 
 101      B8C28180 
ARM GAS  C:\Users\Luczia\AppData\Local\Temp\ccZTtFdu.s 			page 8


 101      37E43AE0 
 101      8F58
 102 03c3 F9CADA14 		.ascii	"\371\312\332\024\364Y%_\263\344\361H\036\327~\207\323"
 102      F459255F 
 102      B3E4F148 
 102      1ED77E87 
 102      D3
 103 03d4 DAE0ACDF 		.ascii	"\332\340\254\337\377\372>\027\356\357\361\007\374\322"
 103      FFFA3E17 
 103      EEEFF107 
 103      FCD2
 104 03e2 1EA9A959 		.ascii	"\036\251\251Yv\311~\2677\342\221\\\276&\304\362K.\321"
 104      76C97EB7 
 104      37E2915C 
 104      BE26C4F2 
 104      4B2ED1
 105 03f5 23B53445 		.ascii	"#\2654E\274a1|\3505)\344h%:\225\356\345\377\225.t(\344"
 105      BC61317C 
 105      E83529E4 
 105      68253A95 
 105      EEE5FF95 
 106 040d 1243610F 		.ascii	"\022Ca\017b#G\325\226Z\211)\022\226\275!\321\035t76"
 106      622347D5 
 106      965A8929 
 106      1296BD21 
 106      D11D7437 
 107 0422 B88D4AC1 		.ascii	"\270\215J\301\215\015bX\237_<V\360\347\236\210P&>\215"
 107      8D0D6258 
 107      9F5F3C56 
 107      F0E79E88 
 107      50263E8D 
 108 0436 5954C80D 		.ascii	"YT\310\015n1\030\361\373e\377\201\232\022Lq_\275\023"
 108      6E3118F1 
 108      FB65FF81 
 108      9A124C71 
 108      5FBD13
 109 0449 71FF0123 		.ascii	"q\377\001#%\015Z"
 109      250D5A
 110              		.text
 111              		.section	.gnu.lto_.symtab.803ee476,"",%progbits
 112 0000 68775F69 		.ascii	"hw_id_from_uuid\000"
 112      645F6672 
 112      6F6D5F75 
 112      75696400 
 113 0010 00       		.ascii	"\000"
 114 0011 00       		.ascii	"\000"
 115 0012 00       		.ascii	"\000"
 116 0013 00000000 		.ascii	"\000\000\000\000\000\000\000\000"
 116      00000000 
 117 001b C3000000 		.ascii	"\303\000\000\000"
 118 001f 7574696C 		.ascii	"utils_crc32c\000"
 118      735F6372 
 118      63333263 
 118      00
 119 002c 00       		.ascii	"\000"
 120 002d 02       		.ascii	"\002"
 121 002e 00       		.ascii	"\000"
ARM GAS  C:\Users\Luczia\AppData\Local\Temp\ccZTtFdu.s 			page 9


 122 002f 00000000 		.ascii	"\000\000\000\000\000\000\000\000"
 122      00000000 
 123 0037 D3000000 		.ascii	"\323\000\000\000"
 124              		.text
 125              		.section	.gnu.lto_.opts,"",%progbits
 126 0000 272D666D 		.ascii	"'-fmath-errno' '-fsigned-zeros' '-ftrapping-math' '"
 126      6174682D 
 126      6572726E 
 126      6F272027 
 126      2D667369 
 127 0033 2D666E6F 		.ascii	"-fno-trapv' '-fno-strict-overflow' '-fno-openmp' '-"
 127      2D747261 
 127      70762720 
 127      272D666E 
 127      6F2D7374 
 128 0066 666E6F2D 		.ascii	"fno-openacc' '-mcpu=cortex-m4' '-mthumb' '-O0' '-fo"
 128      6F70656E 
 128      61636327 
 128      20272D6D 
 128      6370753D 
 129 0099 6D69742D 		.ascii	"mit-frame-pointer' '-falign-functions=16' '-ffuncti"
 129      6672616D 
 129      652D706F 
 129      696E7465 
 129      72272027 
 130 00cc 6F6E2D73 		.ascii	"on-sections' '-fdata-sections' '-fno-common' '-flto"
 130      65637469 
 130      6F6E7327 
 130      20272D66 
 130      64617461 
 131 00ff 2700     		.ascii	"'\000"
 132              		.text
 133              		.comm	__gnu_lto_v1,1,1
 134              		.comm	__gnu_lto_slim,1,1
 135              		.ident	"GCC: (GNU Tools for Arm Embedded Processors 7-2017-q4-major) 7.2.1 20170904 (release) [ARM
ARM GAS  C:\Users\Luczia\AppData\Local\Temp\ccZTtFdu.s 			page 10


DEFINED SYMBOLS
                            *ABS*:00000000 hw.c
                            *COM*:00000001 __gnu_lto_v1
                            *COM*:00000001 __gnu_lto_slim

NO UNDEFINED SYMBOLS
