ARM GAS  C:\Users\Luczia\AppData\Local\Temp\cc3TcqYA.s 			page 1


   1              		.cpu cortex-m4
   2              		.eabi_attribute 20, 1
   3              		.eabi_attribute 21, 1
   4              		.eabi_attribute 23, 3
   5              		.eabi_attribute 24, 1
   6              		.eabi_attribute 25, 1
   7              		.eabi_attribute 26, 1
   8              		.eabi_attribute 30, 6
   9              		.eabi_attribute 34, 1
  10              		.eabi_attribute 18, 4
  11              		.file	"hw_410.c"
  12              		.section	.gnu.lto_.inline.803e8ae2,"",%progbits
  13 0000 789C6363 		.ascii	"x\234cc```b@\006\000\000\232\000\011"
  13      60606062 
  13      40060000 
  13      9A0009
  14              		.text
  15              		.section	.gnu.lto_.symbol_nodes.803e8ae2,"",%progbits
  16 0000 789C6363 		.ascii	"x\234cc``\340\006b\006\326\023L\014-J\014\014\314\014"
  16      6060E006 
  16      6206D613 
  16      4C0C2D4A 
  16      0C0CCC0C 
  17 0014 000C3C01 		.ascii	"\000\014<\001\212"
  17      8A
  18              		.text
  19              		.section	.gnu.lto_.refs.803e8ae2,"",%progbits
  20 0000 789C6363 		.ascii	"x\234cc```\004b\006\000\000D\000\010"
  20      60606004 
  20      62060000 
  20      440008
  21              		.text
  22              		.section	.gnu.lto_.decls.803e8ae2,"",%progbits
  23 0000 789C6363 		.ascii	"x\234cc``\220`d`p\004\322\032@\374\037\010\200\\\206"
  23      60609060 
  23      64607004 
  23      D21A40FC 
  23      1F08805C 
  24 0015 830CA800 		.ascii	"\203\014\250\000$\266\027Ml\0123\343\331\243\227g\260"
  24      24B6174D 
  24      6C0A33E3 
  24      D9A39767 
  24      B0
  25 0026 33333102 		.ascii	"331\002\331,\263\217l{\307\315\310)\303\310\010D\032"
  25      D92CB38F 
  25      6C7BC7CD 
  25      C829C3C8 
  25      08441A
  26 0039 ED0D0D4D 		.ascii	"\355\015\015M\015\015\315\023\004\030\031\030\215e\030"
  26      0D0DCD13 
  26      04181918 
  26      8D6518
  27 0048 0D641818 		.ascii	"\015d\030\030\2673j0na\344\004\032\266\025\250d\033"
  27      B7336A30 
  27      6E61E404 
  27      1AB615A8 
  27      641B
ARM GAS  C:\Users\Luczia\AppData\Local\Temp\cc3TcqYA.s 			page 2


  28 005a A30CC3AC 		.ascii	"\243\014\303\254\006\016\260\310\254\206\216\206\006"
  28      060EB0C8 
  28      AC868E86 
  28      06
  29 0067 01307359 		.ascii	"\0010sY\003\004p0\200\270\214\233\031\231\221\254\353"
  29      03047030 
  29      80B88C9B 
  29      199991AC 
  29      EB
  30 0078 7DB6FA35 		.ascii	"}\266\3725+'\320\350f\202F\003U\257\370\374\247\227"
  30      2B27D0E8 
  30      66824603 
  30      55AFF8FC 
  30      A797
  31 008a B99B9971 		.ascii	"\271\233\231q\007\320\034\020\177\342\201\336\006\036"
  31      07D01C10 
  31      7FE281DE 
  31      061E
  32 0098 660E30FB 		.ascii	"f\0160\373\317\254\037~\314\"`f\363\2566\025\27550k"
  32      CFAC1F7E 
  32      CC226066 
  32      F3AE3615 
  32      BD35306B 
  33 00ac FD181877 		.ascii	"\375\030\030wC\355\004\312\255\3336\345>\233\352\342"
  33      43ED04CA 
  33      ADDB36E5 
  33      3E9BEAE2 
  34 00bc 8696C30D 		.ascii	"\206\226\303\015\007\376/\345[\267\241\241\001b\336"
  34      07FE2FE5 
  34      5BB7A1A1 
  34      0162DE
  35 00cb 2E4666C6 		.ascii	".Ff\306=\214zP\373\031\300\374\235@k\031\3672\2522\260"
  35      3D8C7A50 
  35      FB19C0FC 
  35      9D406B19 
  35      F732AA32 
  36 00e0 C63BE5E7 		.ascii	"\306;\345\347\347pg\032%\307\027\225\346\345e\346\245"
  36      E770671A 
  36      25C71795 
  36      E6E565E6 
  36      A5
  37 00f1 0BEAE917 		.ascii	"\013\352\351\027\347\227\026%\247\352g\224\307\233\030"
  37      E7971625 
  37      A7EA6794 
  37      C79B18
  38 0100 1AE82573 		.ascii	"\032\350%s\270\373\205*8\033\0322\010aH1\000\000-\311"
  38      B8FB852A 
  38      381B1A32 
  38      08614831 
  38      00002DC9 
  39 0114 6432     		.ascii	"d2"
  40              		.text
  41              		.section	.gnu.lto_.symtab.803e8ae2,"",%progbits
  42              		.text
  43              		.section	.gnu.lto_.opts,"",%progbits
  44 0000 272D666D 		.ascii	"'-fmath-errno' '-fsigned-zeros' '-ftrapping-math' '"
  44      6174682D 
ARM GAS  C:\Users\Luczia\AppData\Local\Temp\cc3TcqYA.s 			page 3


  44      6572726E 
  44      6F272027 
  44      2D667369 
  45 0033 2D666E6F 		.ascii	"-fno-trapv' '-fno-strict-overflow' '-fno-openmp' '-"
  45      2D747261 
  45      70762720 
  45      272D666E 
  45      6F2D7374 
  46 0066 666E6F2D 		.ascii	"fno-openacc' '-mcpu=cortex-m4' '-mthumb' '-O0' '-fo"
  46      6F70656E 
  46      61636327 
  46      20272D6D 
  46      6370753D 
  47 0099 6D69742D 		.ascii	"mit-frame-pointer' '-falign-functions=16' '-ffuncti"
  47      6672616D 
  47      652D706F 
  47      696E7465 
  47      72272027 
  48 00cc 6F6E2D73 		.ascii	"on-sections' '-fdata-sections' '-fno-common' '-flto"
  48      65637469 
  48      6F6E7327 
  48      20272D66 
  48      64617461 
  49 00ff 2700     		.ascii	"'\000"
  50              		.text
  51              		.comm	__gnu_lto_v1,1,1
  52              		.comm	__gnu_lto_slim,1,1
  53              		.ident	"GCC: (GNU Tools for Arm Embedded Processors 7-2017-q4-major) 7.2.1 20170904 (release) [ARM
ARM GAS  C:\Users\Luczia\AppData\Local\Temp\cc3TcqYA.s 			page 4


DEFINED SYMBOLS
                            *ABS*:00000000 hw_410.c
                            *COM*:00000001 __gnu_lto_v1
                            *COM*:00000001 __gnu_lto_slim

NO UNDEFINED SYMBOLS
