ARM GAS  C:\Users\Luczia\AppData\Local\Temp\ccisWVna.s 			page 1


   1              		.cpu cortex-m4
   2              		.eabi_attribute 20, 1
   3              		.eabi_attribute 21, 1
   4              		.eabi_attribute 23, 3
   5              		.eabi_attribute 24, 1
   6              		.eabi_attribute 25, 1
   7              		.eabi_attribute 26, 1
   8              		.eabi_attribute 30, 6
   9              		.eabi_attribute 34, 1
  10              		.eabi_attribute 18, 4
  11              		.file	"lib.c"
  12              		.section	.gnu.lto_.inline.801d4f58,"",%progbits
  13 0000 789C6363 		.ascii	"x\234cc``\020a@\000F\006\006f&\006\006&\246\005\362"
  13      60601061 
  13      40004606 
  13      06662606 
  13      0626A605 
  14 0015 0C2C0C4C 		.ascii	"\014,\014L`1\000\014W\000\352"
  14      6031000C 
  14      5700EA
  15              		.text
  16              		.section	.gnu.lto_test32.801d4f58,"",%progbits
  17 0000 789C4D4F 		.ascii	"x\234MO=K\003A\020\235ws\267ba\300.\305\025\026\201"
  17      3D4B0341 
  17      109D7773 
  17      B76261C0 
  17      2EC51516 
  18 0015 90C6C27F 		.ascii	"\220\306\302\177\244b!\244\3256K\010\\$)\243\201x\205"
  18      A46221A4 
  18      D5364B08 
  18      5C2429A3 
  18      817885
  19 0028 08A258F8 		.ascii	"\010\242X\370\375\025\260\270X'\205\"\371\001\012&X"
  19      FD15B0B8 
  19      58278522 
  19      F9010A26 
  19      58
  20 0039 08A275CC 		.ascii	"\010\242u\314\333M\343\203\331\235\267\373\346\315\214"
  20      DB4DE383 
  20      D99DB7FB 
  20      E6CD8C
  21 0048 11110391 		.ascii	"\021\021\003\221\034\357\230!\241 \020\006\224\247\202"
  21      1CEF9821 
  21      A1201006 
  21      94A782
  22 0057 5F02A904 		.ascii	"_\002\251\004\212\012\232\332R<%\037\335\240tl\211\254"
  22      8A0A9ADA 
  22      523C251F 
  22      DDA0746C 
  22      89AC
  23 0069 7D95B727 		.ascii	"}\225\267'\031RJ\367T<p\215\022U\317\265\213T\033\232"
  23      19524AF7 
  23      543C708D 
  23      1255CFB5 
  23      8B541B9A 
  24 007d D22024FD 		.ascii	"\322 $\375\036t\336s\216\006X\"\035=&\257\320y\010\363"
  24      1E74DE73 
ARM GAS  C:\Users\Luczia\AppData\Local\Temp\ccisWVna.s 			page 2


  24      8E065822 
  24      1D3D26AF 
  24      D07908F3 
  25 0091 D6E0AC17 		.ascii	"\326\340\254\027\025\217\274_\377Pm!U\305\035\224\206"
  25      158FBC5F 
  25      FF506D21 
  25      55C51D94 
  25      86
  26 00a2 B8458C1B 		.ascii	"\270E\214\033\304\302'\301=\212N\377v9\331]0\341\254"
  26      C4C227C1 
  26      3D8A4EFF 
  26      7639D95D 
  26      30E1AC
  27 00b5 211E60C4 		.ascii	"!\036`\304\215x\376\022ev\362\227\330l\270x:\247\230"
  27      8D78FE12 
  27      6576F297 
  27      D86CB878 
  27      3AA798
  28 00c8 C9A5EEA7 		.ascii	"\311\245\356\247\332Qn\244\237\250\376\216\367W\\I\207"
  28      DA516EA4 
  28      9FA8FE8E 
  28      F7575C49 
  28      87
  29 00d9 6DFFCDA8 		.ascii	"m\377\315\250\010\321E\354\225,\3201\267n3\371B\365"
  29      08D145EC 
  29      952CD031 
  29      B76E33F9 
  29      42F5
  30 00eb E027EF7B 		.ascii	"\340'\357{8\324i+t2\345\315\265\345u\211\266W\313[\033"
  30      38D4692B 
  30      7432E5CD 
  30      B5E57589 
  30      B657CB5B 
  31 0100 5310A94E 		.ascii	"S\020\251N?"
  31      3F
  32              		.text
  33              		.section	.gnu.lto_.symbol_nodes.801d4f58,"",%progbits
  34 0000 789C6363 		.ascii	"x\234cc``\020\006b\006&\206z\006\206\011\347\030@\324"
  34      60601006 
  34      62062686 
  34      7A068609 
  34      E71840D4 
  35 0014 AE4647A0 		.ascii	"\256FG\240\010\000'\332\003\364"
  35      080027DA 
  35      03F4
  36              		.text
  37              		.section	.gnu.lto_.refs.801d4f58,"",%progbits
  38 0000 789C6363 		.ascii	"x\234cc```\004b\006\000\000D\000\010"
  38      60606004 
  38      62060000 
  38      440008
  39              		.text
  40              		.section	.gnu.lto_.decls.801d4f58,"",%progbits
  41 0000 789C6550 		.ascii	"x\234eP\277KBQ\024\276\337{/{=\215T$\034\244Dw\301\372"
  41      BF4B4251 
  41      14BEDF7B 
  41      2F7B3D8D 
ARM GAS  C:\Users\Luczia\AppData\Local\Temp\ccisWVna.s 			page 3


  41      54241CA4 
  42 0018 131ADADA 		.ascii	"\023\032\332\332\032r\222\242!\250\226\\\332\036\270"
  42      1A7292A2 
  42      21A8965C 
  42      DA1EB8
  43 0027 943A5844 		.ascii	"\224:XDA\020\030B\004\211\010e?L\3415X\016MAS\244Bk"
  43      41101842 
  43      04890865 
  43      3F4CE135 
  43      580E4D41 
  44 003f 485B4394 		.ascii	"H[C\224\235{\237?\036\372\301\271\367\236{\276\357\334"
  44      9D7B9F3F 
  44      1EFAC1B9 
  44      F79E7BBE 
  44      EFDC
  45 0051 EF1E1B63 		.ascii	"\357\036\033c\314%16E{\224\242M\240\224=\260>@Qf\303"
  45      CC253136 
  45      457B94A2 
  45      4DA0943D 
  45      B03E4051 
  46 0067 D8A682D2 		.ascii	"\330\246\202\322\321\271)<\024\221\001\015\337+\003"
  46      D1B9293C 
  46      1491010D 
  46      DF2B03
  47 0076 BA031917 		.ascii	"\272\003\031\027\373\037GJ\003\357\274\014'\000\223"
  47      FB1F474A 
  47      03EFBC0C 
  47      270093
  48 0085 69053A6E 		.ascii	"i\005:n\004x\335$H\350\026M\326\240L\324`\206\304\372"
  48      0478DD24 
  48      48E8164D 
  48      D6A04CD4 
  48      6086C4FA 
  49 0099 DCBEC2D2 		.ascii	"\334\276\302\322\325\"\206\000\023V\254^\204\263\216"
  49      D5228600 
  49      1356AC5E 
  49      84B38E
  50 00a8 3DF49F47 		.ascii	"=\364\237G\217\323\345[\272\242'\032vG\220;Cx\375L\345"
  50      8FD3E55B 
  50      BAA2271A 
  50      7647903B 
  50      4378FD4C 
  51 00bd 1D4DD489 		.ascii	"\035M\324\211\272\304XZ\335\000\277\375\325\023o\232"
  51      BAC4585A 
  51      DD00BFFD 
  51      D5136F9A 
  52 00cd 2C8973AD 		.ascii	",\211s\255\266\373h\227\307\3049\225=N\214\206r\272"
  52      B6FB6897 
  52      C7C43995 
  52      3D4E8C86 
  52      72BA
  53 00df 09759AE1 		.ascii	"\011u\232\341\032rw\236\371\334OAS\350\277\210h\330"
  53      1A72779E 
  53      F9DC4F41 
  53      53E8BF88 
  53      68D8
  54 00f1 54F855B5 		.ascii	"T\370U\265\375mL$e\2705H\224\276|=\237\330)\365hpR\232"
ARM GAS  C:\Users\Luczia\AppData\Local\Temp\ccisWVna.s 			page 4


  54      FD6D4C24 
  54      65B83548 
  54      94BE7C3D 
  54      9FD829F5 
  55 0109 394E16C6 		.ascii	"9N\026\306\275\207\274U:\256;%D'Q\202\017w\360Q\223"
  55      BD87BC55 
  55      3AAE3B25 
  55      44275182 
  55      0F77F051 
  56 011e 7B7869BD 		.ascii	"{xi\275\205bv\317\376\225\252\216@F\317\030\272\361"
  56      856276CF 
  56      FE95AA8E 
  56      4046CF18 
  56      BAF1
  57 0130 94B59DC5 		.ascii	"\224\265\235\305\365s\322\3719\015E\310\270A\210\017"
  57      F573D2F9 
  57      390D45C8 
  57      B841880F 
  58 0140 A1C8FDE0 		.ascii	"\241\310\375\340\012M\340\022\015\372U\031\001R\307"
  58      0A4DE012 
  58      0DFA5519 
  58      0152C7
  59 014f 5B7B7535 		.ascii	"[{u5x\312\2372Z.}G\245\267D\315\034_\005Af\213\255n"
  59      78CA9F32 
  59      5A2E7D47 
  59      A5B744CD 
  59      1C5F0541 
  60 0167 C5666746 		.ascii	"\305fgF\326\327\226C+\352\374\302\242\177.\034f6\221"
  60      D6D79643 
  60      2BEAFCC2 
  60      A27F2E1C 
  60      663691
  61 017a B27F2845 		.ascii	"\262\177(E\177I"
  61      7F49
  62              		.text
  63              		.section	.gnu.lto_.symtab.801d4f58,"",%progbits
  64 0000 74657374 		.ascii	"test32\000"
  64      333200
  65 0007 00       		.ascii	"\000"
  66 0008 00       		.ascii	"\000"
  67 0009 00       		.ascii	"\000"
  68 000a 00000000 		.ascii	"\000\000\000\000\000\000\000\000"
  68      00000000 
  69 0012 BC000000 		.ascii	"\274\000\000\000"
  70              		.text
  71              		.section	.gnu.lto_.opts,"",%progbits
  72 0000 272D666D 		.ascii	"'-fmath-errno' '-fsigned-zeros' '-ftrapping-math' '"
  72      6174682D 
  72      6572726E 
  72      6F272027 
  72      2D667369 
  73 0033 2D666E6F 		.ascii	"-fno-trapv' '-fno-strict-overflow' '-fno-openmp' '-"
  73      2D747261 
  73      70762720 
  73      272D666E 
  73      6F2D7374 
  74 0066 666E6F2D 		.ascii	"fno-openacc' '-mcpu=cortex-m4' '-mthumb' '-O0' '-fo"
ARM GAS  C:\Users\Luczia\AppData\Local\Temp\ccisWVna.s 			page 5


  74      6F70656E 
  74      61636327 
  74      20272D6D 
  74      6370753D 
  75 0099 6D69742D 		.ascii	"mit-frame-pointer' '-falign-functions=16' '-ffuncti"
  75      6672616D 
  75      652D706F 
  75      696E7465 
  75      72272027 
  76 00cc 6F6E2D73 		.ascii	"on-sections' '-fdata-sections' '-fno-common' '-flto"
  76      65637469 
  76      6F6E7327 
  76      20272D66 
  76      64617461 
  77 00ff 2700     		.ascii	"'\000"
  78              		.text
  79              		.comm	__gnu_lto_v1,1,1
  80              		.comm	__gnu_lto_slim,1,1
  81              		.ident	"GCC: (GNU Tools for Arm Embedded Processors 7-2017-q4-major) 7.2.1 20170904 (release) [ARM
ARM GAS  C:\Users\Luczia\AppData\Local\Temp\ccisWVna.s 			page 6


DEFINED SYMBOLS
                            *ABS*:00000000 lib.c
                            *COM*:00000001 __gnu_lto_v1
                            *COM*:00000001 __gnu_lto_slim

NO UNDEFINED SYMBOLS
