ARM GAS  C:\Users\Luczia\AppData\Local\Temp\cc5G0ZjL.s 			page 1


   1              		.cpu cortex-m4
   2              		.eabi_attribute 20, 1
   3              		.eabi_attribute 21, 1
   4              		.eabi_attribute 23, 3
   5              		.eabi_attribute 24, 1
   6              		.eabi_attribute 25, 1
   7              		.eabi_attribute 26, 1
   8              		.eabi_attribute 30, 6
   9              		.eabi_attribute 34, 1
  10              		.eabi_attribute 18, 4
  11              		.file	"memstreams.c"
  12              		.section	.gnu.lto_.inline.803eb5a6,"",%progbits
  13 0000 789C6363 		.ascii	"x\234cc``(c@\000V\006\006>^\006\006&\211\011\247\031"
  13      60602863 
  13      40005606 
  13      063E5E06 
  13      06268909 
  14 0016 19581898 		.ascii	"\031X\030\230@b\214\230BL\014\242\262@R\256\341\027"
  14      40628C98 
  14      424C0CA2 
  14      B24052AE 
  14      E117
  15 0028 5C8805A8 		.ascii	"\\\210\005\250\206y\202\037\0102\343\225ea\340`\007"
  15      8679821F 
  15      0832E395 
  15      6561E060 
  15      07
  16 0039 CAF26CC8 		.ascii	"\312\362l\310\205I2\000\000$\275\015\374"
  16      85493200 
  16      0024BD0D 
  16      FC
  17              		.text
  18              		.section	.gnu.lto__put.803eb5a6,"",%progbits
  19 0000 789C9554 		.ascii	"x\234\225T\335K\024Q\024\277g\316|\270\353G\256O>\370"
  19      DD4B1451 
  19      14BF67CE 
  19      7CB8EB47 
  19      AE4F3EF8 
  20 0014 E043223E 		.ascii	"\340C\">\264\243$\204P\177\214\212\340\202\213\322\366"
  20      B4A32484 
  20      507F8C8A 
  20      E0828BD2 
  20      F6
  21 0025 9C93EB47 		.ascii	"\234\223\353G\226\230P\256:\014b-\"\024Q\322jfZ\223"
  21      969850AE 
  21      3A0C622D 
  21      221451D2 
  21      6A665A93 
  22 0039 9AF9B569 		.ascii	"\232\371\265i\245 >H$\212V\024\221\371\320\203u\316"
  22      A5203E48 
  22      248A5614 
  22      91F9D083 
  22      75CE
  23 004b 9D15CD5E 		.ascii	"\235\025\315^t\3309{\357\271\347\374\316\357w\317\235"
  23      74D8397B 
  23      EFB9E7FC 
  23      CEEF77CF 
ARM GAS  C:\Users\Luczia\AppData\Local\Temp\cc5G0ZjL.s 			page 2


  23      9D
  24 005c AB0B2106 		.ascii	"\253\013!\006T!.\322\1771\275B\027\240\010z\025\024"
  24      54212ED2 
  24      7F31BD42 
  24      17A0087A 
  24      1514
  25 006e C25268C5 		.ascii	"\302Rh\305R\0214\362\250\322j\000\024\004\242^AU\203"
  25      521134F2 
  25      A8D26A00 
  25      1404A25E 
  25      415583
  26 0081 7A68C33B 		.ascii	"zh\303;\010\357\032\037;x\023\035\244(\232\376H\332"
  26      08EF1A1F 
  26      3B78131D 
  26      A4289AFE 
  26      48DA
  27 0093 1B593C05 		.ascii	"\033Y<\005\310\247i\377xt\014\212\006,z\334\256\230"
  27      C8A769FF 
  27      78740C8A 
  27      062C7ADC 
  27      AE98
  28 00a5 DE9B58B2 		.ascii	"\336\233X\262|\016*\"F\341\011\310\203'\220\307\220"
  28      7C0E2A22 
  28      46E109C8 
  28      832790C7 
  28      90
  29 00b6 435044C1 		.ascii	"CPD\301\037\222+\035\006\226\202\240\361\355__\\\245"
  29      1F922B1D 
  29      069682A0 
  29      F1ED5F5F 
  29      5CA5
  30 00c8 B0DFB21A 		.ascii	"\260\337\262\032,w!\216\326Y\007\021\206\001\217&\222"
  30      2C77218E 
  30      D6590711 
  30      86018F26 
  30      92
  31 00d9 4BC05328 		.ascii	"K\300S(\244p\247\371\376&\342\005\231:\27773u\220\372"
  31      A470A7F9 
  31      FE26E205 
  31      993ABF37 
  31      337590FA 
  32 00ed B511AD0C 		.ascii	"\265\021\255\014\007U\030\361R\317\347A1'\252\002\236"
  32      075518F1 
  32      52CFE741 
  32      3127AA02 
  32      9E
  33 00fe 412147FF 		.ascii	"A!G\377\374\2762\357\3032\231\371`81\227Q\020\227\231"
  33      FCBE32EF 
  33      C33299F9 
  33      60383197 
  33      51109799 
  34 0112 5BDD39F7 		.ascii	"[\3359\367\242\326\214\245:\250\301\350\277\205\371"
  34      A2D68CA5 
  34      3AA8C1E8 
  34      BF85F9
  35 0121 A1F04F83 		.ascii	"\241\360O\203\373\235\231\272\012\317\241\200\005\221"
  35      FB9D99BA 
ARM GAS  C:\Users\Luczia\AppData\Local\Temp\cc5G0ZjL.s 			page 3


  35      0ACFA180 
  35      0591
  36 012f 8E31A02D 		.ascii	"\2161\240-\024B\241\305\221\366\370\272\217\261:,w\277"
  36      1442A1C5 
  36      91F6F8BA 
  36      8FB13A2C 
  36      77BF
  37 0141 3BF76EB4 		.ascii	";\367n\264Ib\035\227NI\343P\300\020\217\336k\256\265"
  37      49621D97 
  37      4E49E350 
  37      C0108FDE 
  37      6BAEB5
  38 0154 FFA7C572 		.ascii	"\377\247\305r\327sWw\223\201\034 \236\272\302\006\311"
  38      D7735777 
  38      93811C20 
  38      9EBAC206 
  38      C9
  39 0165 182A8F34 		.ascii	"\030*\2174\036\351<2\330\244\221Q\374\300\233\220.\030"
  39      1EE93C32 
  39      D8A49151 
  39      FCC09B90 
  39      2E18
  40 0177 24135857 		.ascii	"$\023XW6\273\003l\204\270\316\304D+\017\36134\330;m"
  40      36BB036C 
  40      84B8CEC4 
  40      442B0FF1 
  40      3334D83B 
  41 018c 713FF3B4 		.ascii	"q?\363\2641\335F\277 \327\350N\373\244\356\271\200\210"
  41      31DD46BF 
  41      20D7E84E 
  41      FBA4EEB9 
  41      8088
  42 019e C79A2616 		.ascii	"\307\232&\026\015\356\240&\367dl\"9\255\367A\3575ja"
  42      0DEEA026 
  42      F7646C22 
  42      39ADF741 
  42      EF356A61 
  43 01b2 BE836994 		.ascii	"\276\203i\224\007/\230:\255-\267\254\256\247\233\017"
  43      072F983A 
  43      AD2DB7AC 
  43      AEA79B0F 
  44 01c2 2D6FC907 		.ascii	"-o\311\007/\241\017:e=p\301\224\330\263A\017Y9%\324"
  44      2FA10F3A 
  44      653D70C1 
  44      94D8B341 
  44      0F593925 
  45 01d7 2B0925CF 		.ascii	"+\011%\317\333\004AmB\343\332di\212\244\315b\244(\364"
  45      DB04416D 
  45      42E3DA64 
  45      698AA4CD 
  45      62A428F4 
  46 01eb 44ED6EDF 		.ascii	"D\355n\337\212\032\336b\200\260\266\234\304\364\031"
  46      8A1ADE62 
  46      80B0B69C 
  46      C4F419
  47 01fa 56A0C055 		.ascii	"V\240\300U\230\224\333\334J\035\227\241\243;\335\321"
  47      9894DBDC 
ARM GAS  C:\Users\Luczia\AppData\Local\Temp\cc5G0ZjL.s 			page 4


  47      4A1D97A1 
  47      A33BDDD1 
  48 020a 94583C15 		.ascii	"\224X<\025%\003\246$%.\015\257\217\251SO\251n\372P\335"
  48      2503A624 
  48      252E0DAF 
  48      8FA9534F 
  48      A96EFA50 
  49 021f 1B091575 		.ascii	"\033\011\025u\232{4\017K#f\204\310\370\366\354%\366"
  49      9A7B340F 
  49      4B236684 
  49      C8F8F6EC 
  49      25F6
  50 0231 1D6D8AF1 		.ascii	"\035m\212\361_S\372\262\3508S\032\314p1\230%h\0333\275"
  50      5F53FAB2 
  50      E838531A 
  50      CC703198 
  50      25681B33 
  51 0246 C6F61C6C 		.ascii	"\306\366\034l\213~\"\202\347\230\333\334!\267y\217["
  51      8B7E2282 
  51      E798DBDC 
  51      21B7798F 
  51      5B
  52 0257 AC193C14 		.ascii	"\254\031<\024\303\003\032jY\030\3643\031\037\000,\020"
  52      C3031A6A 
  52      5918F433 
  52      191F002C 
  52      10
  53 0268 02D55ABE 		.ascii	"\002\325Z\276\001)\252',\223<,\363\026L\302\026\262"
  53      0129AA27 
  53      2C933C2C 
  53      F3164CC2 
  53      16B2
  54 027a 91F6C151 		.ascii	"\221\366\301Q\314>\252Z\001\001\213\251F\322M\204\333"
  54      CC3EAA5A 
  54      01018BA9 
  54      46D24D84 
  54      DB
  55 028b 74137551 		.ascii	"t\023uQ\363\277\321}ec\032\371\367\200\012\005\360\367"
  55      F3BFD17D 
  55      65631AF9 
  55      F7800A05 
  55      F0F7
  56 029d C647529F 		.ascii	"\306GR\237\255\256m-\001\035}\376\026\205(\011\006M"
  56      ADAE6D2D 
  56      011D7DFE 
  56      16852809 
  56      064D
  57 02af FA555687 		.ascii	"\372UV\207*B\265\221\222\262\022\2636bV\227\327\230"
  57      2A42B591 
  57      92B212B3 
  57      36625697 
  57      D798
  58 02c1 35A10A33 		.ascii	"5\241\0123r\345rUy8b\206\253\302\251a\260R(\241:\250"
  58      72E57255 
  58      79386286 
  58      ABC2A961 
  58      B05228A1 
ARM GAS  C:\Users\Luczia\AppData\Local\Temp\cc5G0ZjL.s 			page 5


  59 02d7 C070A4EE 		.ascii	"\300p\244\356/\033Wxn"
  59      2F1B5778 
  59      6E
  60              		.text
  61              		.section	.gnu.lto__get.803eb5a6,"",%progbits
  62 0000 789C9594 		.ascii	"x\234\225\224\333K\324A\024\307\347\374\346wq\327l\265"
  62      DB4BD441 
  62      14C7E7FC 
  62      E67771D7 
  62      6CB5
  63 0012 872890F0 		.ascii	"\207(\220\360!\021\037\364\247$D\227\177\244G\025\301"
  63      21111FF4 
  63      A7244497 
  63      7FA44715 
  63      C1
  64 0023 0517A5ED 		.ascii	"\005\027\245\3559GW\335\264\010\301\324\\~\330\326\""
  64      394757DD 
  64      B408C1D4 
  64      5C7ED8D6 
  64      22
  65 0034 A11625AD 		.ascii	"\241\026%\255f\233\227M\313\274v\325.B\022\211\341\005"
  65      669B974D 
  65      CBBC76D5 
  65      2E421289 
  65      E105
  66 0046 8C6E3E85 		.ascii	"\214n>\205u\316\314\226V/\372c\177\263\363;s\316\347"
  66      75CECC96 
  66      562FFA63 
  66      7FB3F33B 
  66      73CEE7
  67 0059 7CCF9C61 		.ascii	"|\317\234aL\306X\273\316\330I\374\317\303\227\231\014"
  67      4CC658BB 
  67      CED849FC 
  67      CFC39799 
  67      0C
  68 006a 3486AFC6 		.ascii	"4\206\257\306\031\023\032\256\010\235\203\201\026]\216"
  68      19131AAE 
  68      089D8381 
  68      165D8E
  69 0079 06003A01 		.ascii	"\006\000:\001\253\324\270n@%\\\340\2278<\257\271\355"
  69      ABD4B86E 
  69      40255CE0 
  69      97383CAF 
  69      B9ED
  70 008b F0F3DCE1 		.ascii	"\360\363\334\341\350\205\237\237gB\213{\351\023 \003"
  70      E8859F9F 
  70      67428B7B 
  70      E9132003 
  71 009b 3F3B0603 		.ascii	"?;\006\003\003\220}]\340\023o\215\231\355\321g\302\345"
  71      03907D5D 
  71      E0136F8D 
  71      99EDD167 
  71      C2E5
  72 00ad 708DB5A0 		.ascii	"p\215\265\240{\024\322\341\016\244\023\262\027\262\321"
  72      7B14D2E1 
  72      0EA413B2 
  72      17B2D1
ARM GAS  C:\Users\Luczia\AppData\Local\Temp\cc5G0ZjL.s 			page 6


  73 00bc F9E5CC5C 		.ascii	"\371\345\314\\\243\305\013\200\341\274\351\373Z\\\313"
  73      A3C50B80 
  73      E1BCE9FB 
  73      5A5CCB
  74 00cb EA10A25A 		.ascii	"\352\020\242Z\304\247#\\\034v8\207>\340\333\003\321"
  74      C4A7235C 
  74      1C763887 
  74      3EE0DB03 
  74      D1
  75 00dc C4E02E64 		.ascii	"\304\340.d\221\377\327OsS.~T\306v\367E'\367dFd\354f"
  75      91FFD74F 
  75      73532E7E 
  75      54C676F7 
  75      4527F764 
  76 00f4 DBBE6B01 		.ascii	"\333\276k\0011.t\207\353\320\377w<=\350\356\324u-q~"
  76      312E7487 
  76      EBD0FF77 
  76      3C3DE8EE 
  76      D4752D71 
  77 0109 42860E35 		.ascii	"B\206\0165\205\207\365D\350F\333\376\252\200\270L\241"
  77      8587F544 
  77      E846DBFE 
  77      AA80B84C 
  77      A1
  78 011a 06C454E8 		.ascii	"\006\304T\350\221t\310\373\023\370\241g\2639\305\324"
  78      9174C8FB 
  78      13F8A167 
  78      B339C5D4 
  79 012a E13E64C2 		.ascii	"\341>d\302=\310\244\242\260\226\001\300md\214\366\246"
  79      3DC8A4A2 
  79      B09601C0 
  79      6D648CF6 
  79      A6
  80 013b FF6264C1 		.ascii	"\377bd\301E\264F\021\177\025:p5P+\205\374[>\006\015"
  80      45B44611 
  80      7F153A70 
  80      35502B85 
  80      FC5B3E06 
  81 0150 222281B9 		.ascii	"\"\"\201\271\365\302\210\213\315\237A\021_?8\030}\235"
  81      F5C2888B 
  81      CD9F4111 
  81      5F3F3818 
  81      7D9D
  82 0162 960658A8 		.ascii	"\226\006X\250\251\321\300q\260t\232\03143if\321\220"
  82      A9D1C071 
  82      B0749A19 
  82      34336966 
  82      D190
  83 0174 8483E606 		.ascii	"\204\203\346\006\332\214dF\220\024F8\017\231Si`\354"
  83      DA8C6446 
  83      90144638 
  83      0F995369 
  83      60EC
  84 0186 1C8963F5 		.ascii	"\034\211c\3654\345\253P\035Z\271\022q\223\326\020O\016"
  84      34E5AB50 
  84      1D5AB912 
  84      7193D610 
ARM GAS  C:\Users\Luczia\AppData\Local\Temp\cc5G0ZjL.s 			page 7


  84      4F0E
  85 0198 71374353 		.ascii	"q7CSl\245s\324T&@\361-\265#O-\352\244.wf`df\314\014"
  85      6CA573D4 
  85      542640F1 
  85      2DB5234F 
  85      2DEAA42E 
  86 01b3 437B15B6 		.ascii	"C{\025\2662\303\341I\030\007C$\037\327f\203o\026\222"
  86      32C3E149 
  86      18074324 
  86      1FD76683 
  86      6F1692
  87 01c6 ED9B422D 		.ascii	"\355\233B-\271`\030\302\320,\363A\034l\311\236\310Q"
  87      B96018C2 
  87      D02CF341 
  87      1C6CC99E 
  87      C851
  88 01d8 646D97A8 		.ascii	"dm\227\250\007\022%\317\335\010\242\226\240f~\264 !"
  88      071225CF 
  88      DD08A296 
  88      A0667EB4 
  88      2021
  89 01ea 3244C5C8 		.ascii	"2D\305\310\242\270*\352\333rW\300R\213\251\310\372\350"
  89      A2B82AEA 
  89      DB7257C0 
  89      528BA9C8 
  89      FAE8
  90 01fc 44C73C54 		.ascii	"D\307<T\201\006gaTnu=\327\225k\254\263\233+O\276+E\026"
  90      81066761 
  90      546E753D 
  90      D7956BAC 
  90      B39B2B4F 
  91 0214 3C948A28 		.ascii	"<\224\212(3<\372]\334q\205\322wY\334\330Vq\217%*\340"
  91      333CFA5D 
  91      DC7185D2 
  91      7759DCD8 
  91      56718F25 
  92 022a D4BD3514 		.ascii	"\324\2755\024\313@eH$\376\217\206S\312\226\262\275-"
  92      CB406548 
  92      24FE8F86 
  92      53CA96B2 
  92      BD2D
  93 023c D67F6D09 		.ascii	"\326\177m\011\037r(\314\200q\312\007\023HW}\275\261"
  93      1F7228CC 
  93      8071CA07 
  93      1348577D 
  93      BDB1
  94 024e 98D81573 		.ascii	"\230\330\025sG\002sH\333\344\226\266)\245\255\245\016"
  94      47027348 
  94      DBE496B6 
  94      29A5ADA5 
  94      0E
  95 025f 14C552A0 		.ascii	"\024\305R\240\336\340t\217\233\224\270\000`\032\011"
  95      DEE0748F 
  95      9B94B800 
  95      601A09
  96 026e 986BB641 		.ascii	"\230k\266A\372\354<\315\314V\232'`#\233(_\202\357zK"
  96      FAEC3CCD 
ARM GAS  C:\Users\Luczia\AppData\Local\Temp\cc5G0ZjL.s 			page 8


  96      CC569A27 
  96      60239B28 
  96      5F82EF7A 
  97 0283 552E0F56 		.ascii	"U.\017V-\373\206\027\020_\306\013\250\025{\275\216\327"
  97      2DFB8617 
  97      105FC60B 
  97      A8157BBD 
  97      8ED7
  98 0295 548827A1 		.ascii	"T\210'\241}\003\020\234\312\347W\337\343i\360\350\261"
  98      7D03109C 
  98      CAE757DF 
  98      E369F0E8 
  98      B1
  99 02a6 B5678027 		.ascii	"\265g\200'\035q\330\237\374\334\\\033\177\305\245\336"
  99      1D71D89F 
  99      FCDC5C1B 
  99      7FC5A5DE 
 100 02b6 226FB93F 		.ascii	"\"o\271?\377X\276]\356\267K\013\313\3542o\221\355?s"
 100      FF58BE5D 
 100      EEB74B0B 
 100      CBEC326F 
 100      91ED3F73 
 101 02ca BAA4D0E7 		.ascii	"\272\244\320\347\267}%\276\3044\267\230i\336\012\356"
 101      B77D25BE 
 101      C434B798 
 101      69DE0AEE 
 102 02da F35740D1 		.ascii	"\363W@\321/1\253u\374"
 102      2F31AB75 
 102      FC
 103              		.text
 104              		.section	.gnu.lto__writes.803eb5a6,"",%progbits
 105 0000 789C9594 		.ascii	"x\234\225\224\317O\023A\024\307\347\315\354\017J\313"
 105      CF4F1341 
 105      14C7E7CD 
 105      EC0F4ACB 
 106 0010 AF046F1C 		.ascii	"\257\004o\0348H\010\007\273\222\220\250\250\361\352"
 106      38480807 
 106      BB9290A8 
 106      A8F1EA
 107 001f D9FF0090 		.ascii	"\331\377\000\220\204&T\210\365\342\251+?\012\212\007"
 107      84265488 
 107      F5E2A92B 
 107      3F0A8A07 
 108 002f 5428BAD9 		.ascii	"T(\272\331\230\032\"51F\211\210\362C(?\254\002VD !j"
 108      981A2235 
 108      31468988 
 108      F243283F 
 108      AC025644 
 109 0046 3CA8440A 		.ascii	"<\250D\012\005c\214$j\250\276\231\335\246\312\2116\335"
 109      05638C24 
 109      6AA8BE99 
 109      DDA6CA89 
 109      36DD
 110 0058 D9D937EF 		.ascii	"\331\3317\357\373\231\357{;\255B\0109-\023r\002\357"
 110      FB99EF7B 
 110      3BAD4208 
 110      392D1372 
ARM GAS  C:\Users\Luczia\AppData\Local\Temp\cc5G0ZjL.s 			page 9


 110      02EF
 111 006a 07F1220A 		.ascii	"\007\361\"\012\001J\360\242\214\020\235J8H\014\360\006"
 111      014AF0A2 
 111      8C109D4A 
 111      38480CF0 
 111      06
 112 007b 12601AC8 		.ascii	"\022`\032\310\000\230\004\304O\231$\203\037.\263.\006"
 112      009804C4 
 112      4F992483 
 112      1F2EB32E 
 112      06
 113 008c 0B2D0F4C 		.ascii	"\013-\017L\326\301L\206Y\370\370-f|\312\345\217\000"
 113      D6C14C86 
 113      59F8F82D 
 113      667CCAE5 
 113      8F00
 114 009e C5F898D8 		.ascii	"\305\370\230\330\212\016\270\312\302\272\336\244Gz\306"
 114      8A0EB8CA 
 114      C2BADEA4 
 114      477AC6
 115 00ad 8EDF6A6E 		.ascii	"\216\337jn=i2J\202\230=\000E\360\020\2128\361\021\224"
 115      3D69324A 
 115      82983D00 
 115      45F0108A 
 115      38F11194 
 116 00c1 61EE626C 		.ascii	"a\356bl\271Se\025@p~\355\307F\204\226\336\026\272D/"
 116      B9536515 
 116      40707EED 
 116      C7468496 
 116      DE16BA44 
 117 00d6 D3F79B8C 		.ascii	"\323\367\233\214\301 \260\177\205\030\"\360\030J1\375"
 117      C120B07F 
 117      851822F0 
 117      184A31FD 
 118 00e6 77C772D0 		.ascii	"w\307r\320\301\016\011\351\225/\341$\330\322\351>!\225"
 118      C10E09E9 
 118      952FE124 
 118      D8D2E93E 
 118      2195
 119 00f8 E0C96EA9 		.ascii	"\340\311n\251D`HHw\364\256`.\253\024\322\317s\275\235"
 119      44604848 
 119      77F4AE60 
 119      2EAB14D2 
 119      CF73BD9D 
 120 010c AA2D7D1F 		.ascii	"\252-}\037\026R\012\303\273\245\224\300\010\224\362"
 120      16520AC3 
 120      BBA594C0 
 120      0894F2
 121 011b FCEF5F97 		.ascii	"\374\357_\227\347\034\354\230\320\336\035\034\230u\225"
 121      E71CEC98 
 121      D0DE1D1C 
 121      987595
 122 012a F40A6D34 		.ascii	"\364\012m4(\033z\244\245\330d2\214\376/\347\037\314"
 122      281B7AA4 
 122      A5D86432 
 122      8CFE2FE7 
 122      1FCC
ARM GAS  C:\Users\Luczia\AppData\Local\Temp\cc5G0ZjL.s 			page 10


 123 013c FED89FEC 		.ascii	"\376\330\237\354\316Q$x\012%\274\031\330\2031\300\356"
 123      CE512478 
 123      0A25BC19 
 123      D88331C0 
 123      EE
 124 014d 134271B1 		.ascii	"\023Bq\261\177\363\347\204\302QW\365\310v\0373\356\010"
 124      7FF3E784 
 124      C25157F5 
 124      C8761F33 
 124      EE08
 125 015f D4EEAEA1 		.ascii	"\324\356\256\241f\034J8\341\376\0339\242'\377\264\351"
 125      661C4A38 
 125      E1FE1B39 
 125      A227FFB4 
 125      E9
 126 0170 91E42A84 		.ascii	"\221\344*\204\307\235\373\000]*\224\017\214\017\022"
 126      C79DFB00 
 126      5D2A940F 
 126      8C0F12
 127 017f 1F643E28 		.ascii	"\037d>(8\250*\237e\361\231\203\317\262\371\340\0245"
 127      38A82A9F 
 127      65F19983 
 127      CFB2F9E0 
 127      1435
 128 0191 B980F733 		.ascii	"\271\200\3673\207ph\036\360H\276\210\027\000oV\241\250"
 128      8770681E 
 128      F048BE88 
 128      17006F56 
 128      A1A8
 129 01a3 9DB473BB 		.ascii	"\235\264s\273\344\"\237\262uh2\342k\247\270y\203\345"
 129      E4229FB2 
 129      756832E2 
 129      6BA7B879 
 129      83E5
 130 01b5 18CC4530 		.ascii	"\030\314E02\034_\257\260\"\200\305\004['\347U~ d\321"
 130      321C5FAF 
 130      B02280C5 
 130      045B27E7 
 130      557E2064 
 131 01ca A6D1C958 		.ascii	"\246\321\311XT\011\301\315\013\272\256cQY(\203\010\257"
 131      5409C1CD 
 131      0BBAAE63 
 131      51592883 
 131      08AF
 132 01dc 07D796DA 		.ascii	"\007\327\226\332V>8\265{\272\265Da\002B\320-v\203I\320"
 132      563E38B5 
 132      7BBAB544 
 132      610242D0 
 132      2D768349 
 133 01f1 047AC66D 		.ascii	"\004z\306m\221i\206\250)\201\022\307wZ\240\232\257\007"
 133      916986A8 
 133      298112C7 
 133      775AA09A 
 133      AF07
 134 0203 6EC8168B 		.ascii	"n\310\026\213\241Q$\222UhY\231\262\235\347a\230Xu2\253"
 134      A1512492 
 134      55685999 
ARM GAS  C:\Users\Luczia\AppData\Local\Temp\cc5G0ZjL.s 			page 11


 134      B29DE761 
 134      98587532 
 135 0218 CEE1F8C6 		.ascii	"\316\341\370\306akM\312p\357g\3512\242\2512l\224\234"
 135      616B4DCA 
 135      70EF67E9 
 135      32A2A932 
 135      6C949C
 136 022b 21EA79BA 		.ascii	"!\352y\272\214\027\2512\316[\250|4\206@aYJYNTZ\213J"
 136      8C17A932 
 136      CE5BA87C 
 136      34864061 
 136      594A594E 
 137 0243 46FBA830 		.ascii	"F\373\2500#\366\241|\237\331\224\345\243\026J\315\320"
 137      23F6A17C 
 137      9FD994E5 
 137      A3164ACD 
 137      D0
 138 0254 F25CDAF2 		.ascii	"\362\\\332\362K\313\262\031\210\333\235G!'\222\004\004"
 138      4BCBB219 
 138      88DB9D47 
 138      21279204 
 138      04
 139 0265 42B9E217 		.ascii	"B\271\342\027\200\200\241\241\304;\325\277\243g\231"
 139      8080A1A1 
 139      C43BD5BF 
 139      A36799
 140 0274 CC11E442 		.ascii	"\314\021\344B\210\201\237\210\344\002\2039M\226m\035"
 140      88819F88 
 140      E4028339 
 140      4D966D1D 
 141 0284 B24DBB87 		.ascii	"\262M\273\207\216=\031:\300\275\274J{\231\267\274\004"
 141      8E3D193A 
 141      C0BDBC4A 
 141      7B99B7BC 
 141      04
 142 0295 036051B2 		.ascii	"\003`Q\262\021\215,\216^\272$b{\307\276Nc\027@3,\203"
 142      118D2C8E 
 142      5EBA2462 
 142      7BC7BE4E 
 142      63174033 
 143 02ab 467CCB3E 		.ascii	"F|\313>K\205\210&d\033\220\237G\261\220|\366\353-\303"
 143      4B858826 
 143      641B909F 
 143      47B1907C 
 143      F6EB2DC3 
 144 02bf B784EF8A 		.ascii	"\267\204\357\212\255\341_j\017\236\215-h\012\215,\332"
 144      ADE15F6A 
 144      0F9E8D2D 
 144      680A8D2C 
 144      DA
 145 02d0 5E0AF959 		.ascii	"^\012\371Yi\347@|\003\345n\267\206\337\232:O\265\247"
 145      69E7407C 
 145      03E56EB7 
 145      86DF9A3A 
 145      4FB5A7
 146 02e3 C1577EA4 		.ascii	"\301W~\244\\k\360iuU\365Z\275\247Z\363\235;[[\345\365"
 146      5C6BF069 
ARM GAS  C:\Users\Luczia\AppData\Local\Temp\cc5G0ZjL.s 			page 12


 146      7555F55A 
 146      BDA75AF3 
 146      9D3B5B5B 
 147 02f9 69DE5AAF 		.ascii	"i\336Z\257=u\327\020\352i\244\325\215p\206y}\215\177"
 147      3D75D710 
 147      EA69A4D5 
 147      8D708679 
 147      7D8D7F
 148 030c 01E578B0 		.ascii	"\001\345x\260}"
 148      7D
 149              		.text
 150              		.section	.gnu.lto__reads.803eb5a6,"",%progbits
 151 0000 789C9594 		.ascii	"x\234\225\224\313OSA\024\306\347\314\334G\013\345\225"
 151      CB4F5341 
 151      14C6E7CC 
 151      DC470BE5 
 151      95
 152 0011 E0C6B060 		.ascii	"\340\306\260`!!,\340JB\342#*[\327\376\007@\2104\241"
 152      21212CE0 
 152      4A42E223 
 152      2A5BD7FE 
 152      07408834 
 153 0026 42AC1B57 		.ascii	"B\254\033W\035y\024\020\026\250PH\323\230\232\006\210"
 153      1D791410 
 153      16A85048 
 153      D3989A06 
 153      88
 154 0037 31468988 		.ascii	"1F\211\210RQ\013h\345\215(\030\022\023M\024\243(b\324"
 154      52510B68 
 154      E58D2818 
 154      12134D14 
 154      A32862D4 
 155 004b A8F141F1 		.ascii	"\250\361A\361\314L\233\372\330\320\246w\356\334\231"
 155      CC4C9BFA 
 155      D8D0A677 
 155      EEDC99
 156 005a F3FDE63B 		.ascii	"\363\375\346;g\346^\203\020rT'\244\034\357\273\361\""
 156      67E65E83 
 156      10725427 
 156      A41CEFBB 
 156      F122
 157 006c 06014AF0 		.ascii	"\006\001J\360\242\214\020N5l4\006x\003\0150\014t\000"
 157      A28C104E 
 157      356C3406 
 157      78030D30 
 157      0C7400
 158 007f 0C02E2A1 		.ascii	"\014\002\342\241L\323\301\003\035\254\213\301b\323\325"
 158      4CD3C103 
 158      1DAC8BC1 
 158      62D3D5
 159 008e 006B6701 		.ascii	"\000kg\001\206Q\370\370q\316\3772S<\002\344\343\343"
 159      8651F8F8 
 159      71CEFF32 
 159      533C02E4 
 159      E3E3
 160 00a0 FA4674C8 		.ascii	"\372Ft\310Q4\300y\003\217\364|:x\241\261\371p\200Q\342"
 160      5134C079 
ARM GAS  C:\Users\Luczia\AppData\Local\Temp\cc5G0ZjL.s 			page 13


 160      038FF47C 
 160      3A78A1B1 
 160      F9708051 
 161 00b5 C3E821C8 		.ascii	"\303\350!\310\203k\220'\210\327\241\010c\037\317-w\232"
 161      836B9027 
 161      88D7A108 
 161      631FCF2D 
 161      779A
 162 00c7 AC0C08F6 		.ascii	"\254\014\010\366\317}y\027\241\205}R\267\032b|W\200"
 162      CF7D7917 
 162      A1857D52 
 162      B71A627C 
 162      5780
 163 00d9 311806F6 		.ascii	"1\030\006\366\247\020\207\010\334\200B\014\377\331\276"
 163      A7108708 
 163      DC80420C 
 163      FFD9BE
 164 00e8 ECB3B33D 		.ascii	"\354\263\263=Rz\346\365@\014\342\322\331>)\325\340\346"
 164      527AE6F5 
 164      400CE2D2 
 164      D93E29D5 
 164      E0E6
 165 00fa BF528DC0 		.ascii	"\277R\215\300\210\224n\362._&\333/\245\2533\241N3\261"
 165      88946EF2 
 165      2E5F26DB 
 165      2FA5AB33 
 165      A14E33B1 
 166 010e 6ABF9452 		.ascii	"j\277\224R\010\377+\245\004nA\241\210\377\374ay\306"
 166      08FF2BA5 
 166      046E41A1 
 166      88FFFC61 
 166      79C6
 167 0120 CE0E48ED 		.ascii	"\316\016H\355\245\341\241iGAHj\237\364\350~\036i\312"
 167      A5E1A169 
 167      4741486A 
 167      9FF4E87E 
 167      1E69CA
 168 0133 0F301D46 		.ascii	"\0170\035F\377\226\213\037F\277\030\214ug\030\032\334"
 168      FF968B1F 
 168      46BF188C 
 168      7567181A 
 168      DC
 169 0144 8602510C 		.ascii	"\206\002Q\014\254\301\035\300\352\023Bqr\360\375\367"
 169      ACC11DC0 
 169      EA134271 
 169      72F0FDF7 
 170 0154 3143A0CE 		.ascii	"1C\240\316\362H\2647\027\2136\311\265\377\313\206\242"
 170      F248B437 
 170      178B36C9 
 170      B5FFCB86 
 170      A2
 171 0165 BB502010 		.ascii	"\273P \020W\036\351\021\036\333j\341\221\371o\320?\320"
 171      571EE911 
 171      1EDB6AE1 
 171      91F96FD0 
 171      3FD0
 172 0177 013B007D 		.ascii	"\001;\000}\032T4L4\232ht\321\030\"wS\364l\242g\027\275"
ARM GAS  C:\Users\Luczia\AppData\Local\Temp\cc5G0ZjL.s 			page 14


 172      1A54344C 
 172      349A6874 
 172      D1182277 
 172      53F46CA2 
 173 018e 34D1A4CB 		.ascii	"4\321\244\313\254\034 *\232A\0045\013\304H\266\034\317"
 173      AC1C202A 
 173      9A410435 
 173      0BC448B6 
 173      1CCF
 174 01a0 0151AE5C 		.ascii	"\001Q\256\\\231=i\025\206I\233\350\262\267\320\340_"
 174      993D6915 
 174      86499BE8 
 174      B2B7D0E0 
 174      5F
 175 01b1 FB7144D8 		.ascii	"\373qD\330\367\263\014?s\020\034\011\257\375*S#\200"
 175      F7B30C3F 
 175      73101C09 
 175      AFFD2A53 
 175      2380
 176 01c3 E9F89AC7 		.ascii	"\351\370\232\307\027Lq$tY\250\321\361\271\250\021\204"
 176      174C7124 
 176      7459A8D1 
 176      F1B9A811 
 176      84
 177 01d4 F3A738E7 		.ascii	"\363\2478\347X!\023e\020\021\011\341\334R\313\312\263"
 177      58211365 
 177      101109E1 
 177      DC52CBCA 
 177      B3
 178 01e5 74EB3257 		.ascii	"t\3532WS\024\306 \010\335r5\030\007K\242\247\212\025"
 178      5314C620 
 178      08DD7235 
 178      18074BA2 
 178      A78A15
 179 01f8 99A6889A 		.ascii	"\231\246\210\232\220(y\200\357ITc\257\267MW,\206F\221"
 179      90287980 
 179      EF495463 
 179      AFB74D57 
 179      2C864691 
 180 020c 485E41D3 		.ascii	"H^A\323\312D\334y\026\016\023\225'Sy\206\3276\367\252"
 180      CA44DC79 
 180      160E1395 
 180      27537986 
 180      D736F7AA 
 181 0220 392DC5B5 		.ascii	"9-\305\265\357'\323\210&\322\260\024JO\021\365 \231"
 181      EF27D388 
 181      26D2B014 
 181      4A4F11F5 
 181      2099
 182 0232 C664228D 		.ascii	"\306d\"\215\223\012\225\215\306\020(-k\011\313\261\370"
 182      930A958D 
 182      C610282D 
 182      6B09CBB1 
 182      F8
 183 0243 D61829AD 		.ascii	"\326\030)\255\243\301\224\\\207\212u\246\023\226\313"
 183      A3C1945C 
 183      878A75A6 
ARM GAS  C:\Users\Luczia\AppData\Local\Temp\cc5G0ZjL.s 			page 15


 183      1396CB
 184 0252 15CA4CD1 		.ascii	"\025\312L\321\362L\322\362\254\262\034\360^4\025\313"
 184      F24CD2F2 
 184      ACB21CF0 
 184      5E3415CB 
 185 0262 86CE9048 		.ascii	"\206\316\220H\326\301\033\314\224\357\000\002FF\326"
 185      D6C11BCC 
 185      94EF0002 
 185      4646D6
 186 0271 9F9A9E4D 		.ascii	"\237\232\236Mn\0130\233O\010a\016<\304\317rd|z\200\331"
 186      6E0B309B 
 186      4F08610E 
 186      3CC4CF72 
 186      647C7A80 
 187 0286 D521DB3A 		.ascii	"\325!\333:\244 \366m\031*\026^\346\223^\026\224\027"
 187      A420F66D 
 187      192A165E 
 187      E6935E16 
 187      9417
 188 0298 9F171425 		.ascii	"\237\027\024%\015\321~\205^:-\307\266\217}\230\304."
 188      0DD17E85 
 188      5E3A2DC7 
 188      B68F7D98 
 188      C42E
 189 02aa 82852C22 		.ascii	"\202\205,\"\337\213\326\011C\261s\221M\310W\300\005"
 189      DF8BD609 
 189      43B17391 
 189      4DC857C0 
 189      05
 190 02bb B2286692 		.ascii	"\262(f\222\315\302\317\031n\023n\026{\203_\325\036<"
 190      CDC2CF19 
 190      6E136E16 
 190      7B835FD5 
 190      1E3C
 191 02cd 1C1BD010 		.ascii	"\034\033\320\020\014u\354\214\013\304ai\025D\334\202"
 191      0C75EC8C 
 191      0BC46169 
 191      1544DC82 
 192 02dd D292120B 		.ascii	"\322\222\022\013\377U5\316Jg\235\273t_\251U\347\266"
 192      FF5535CE 
 192      4A679DBB 
 192      745FA955 
 192      E7B6
 193 02ef 6A2A6AAD 		.ascii	"j*j\255Zg\245\345>q\274\272\302\345\266\\\325\256x\267"
 193      5A67A5E5 
 193      3E71BCBA 
 193      C2E5B65C 
 193      D5AE78B7 
 194 0303 A48A5067 		.ascii	"\244\212Pg=\255\254\207c\314\345\256\377\015\006\205"
 194      3DADAC87 
 194      63CCE5AE 
 194      FF0D0685 
 195 0313 B0F7     		.ascii	"\260\367"
 196              		.text
 197              		.section	.gnu.lto_msObjectInit.803eb5a6,"",%progbits
 198 0000 789C9D92 		.ascii	"x\234\235\222\321KSQ\034\307\317w\277{\357&C\351\241"
 198      D14B5351 
ARM GAS  C:\Users\Luczia\AppData\Local\Temp\cc5G0ZjL.s 			page 16


 198      1CC7CF77 
 198      BF7BEF26 
 198      43E9A1
 199 0013 20C2071F 		.ascii	" \302\007\037\202\345\313.B\017\365\324K`\377\206\223"
 199      82E5CB2E 
 199      420FF5D4 
 199      4B60FF86 
 199      93
 200 0024 8903C7C2 		.ascii	"\211\003\307\302[/\021\354\352\\S*zI\223q\213\221\256"
 200      5B2F11EC 
 200      EA5C532A 
 200      7A499371 
 200      8B91AE
 201 0037 3D490BCB 		.ascii	"=I\013\313\322i\256\225V\316\031\213\204\204\322H\211"
 201      D269AE95 
 201      56CE198B 
 201      8484D248 
 201      89
 202 0048 122A4221 		.ascii	"\022*B!\223\262~\347\270\240\244\227<\334\313=\347\334"
 202      93B27EE7 
 202      B8A0A497 
 202      3CDCCB3D 
 202      E7DC
 203 005a DFF7F3FB 		.ascii	"\337\367\363\373\236\337\357\030B\210~\022\242\221\277"
 203      9EDFEF18 
 203      42887E12 
 203      A291BF
 204 0069 FBF81524 		.ascii	"\373\370\025$\340\022\374\002\274\200\210\272\020\305"
 204      E012FC02 
 204      BC8088BA 
 204      10C5
 205 0077 05BA4C28 		.ascii	"\005\272L($\336\215\272\35236\217\374\225\254\373\234"
 205      24DE8DBA 
 205      EA33368F 
 205      FC95ACFB 
 205      9C
 206 0088 1DDFEFB0 		.ascii	"\035\337\357\260\260\217\204\032\030F=G\225\273\262"
 206      B08F841A 
 206      18463D47 
 206      95BBB2
 207 0097 0E9D2787 		.ascii	"\016\235'\207\000\215\227_J\311\345\032\271t\241\216"
 207      008D975F 
 207      4AC9E51A 
 207      B974A18E 
 208 00a7 976B9FE7 		.ascii	"\227k\237\347\213Ut\030\202\347\033\013#\207|i\333\356"
 208      8B557418 
 208      82E71B0B 
 208      23877C69 
 208      DBEE
 209 00b9 B4F3B383 		.ascii	"\264\363\263\203d\037t\2100\002b\036\356\240\026\267"
 209      641F7488 
 209      3002621E 
 209      EEA016B7 
 210 00c9 512B784B 		.ascii	"Q+xK\340.|\034\235\351\312-T\321\021\245\314.\255ox"
 210      E02E7C1C 
 210      9DE9CA2D 
 210      54D111A5 
ARM GAS  C:\Users\Luczia\AppData\Local\Temp\cc5G0ZjL.s 			page 17


 210      CC2EAD6F 
 211 00de 2AD2EF69 		.ascii	"*\322\357i%\325po\247T\023\030U\322\353\035\363\305"
 211      25D5706F 
 211      A7541318 
 211      55D2EB1D 
 211      F3C5
 212 00f0 6A3AA6A4 		.ascii	"j:\246\244oz\206.j\025\351\334\325\275\0031\373\204"
 212      6F7A862E 
 212      6A15E9DC 
 212      D5BD0331 
 212      FB84
 213 0102 433AC676 		.ascii	"C:\306v\212u\201\234\022\177\315\024\2464:\256\304\253"
 213      8A75819C 
 213      127FCD14 
 213      A6343AAE 
 213      C4AB
 214 0114 7D3363FA 		.ascii	"}3c\372\357\274\333\226u\214\377C:\001\237\214\177{"
 214      EFBCDB96 
 214      758CFF43 
 214      3A019F8C 
 214      7F7B
 215 0126 6BABB7DA 		.ascii	"k\253\267\332\320\266K\204\3730\204\254\351\315\347"
 215      D0B64B84 
 215      FB3084AC 
 215      E9CDE7
 216 0135 7ADEDEFA 		.ascii	"z\336\336\372\231\260\363+i\224\033\275\\i>\242\006"
 216      99B0F32B 
 216      69941BBD 
 216      5C693EA2 
 216      06
 217 0146 E9D6804C 		.ascii	"\351\326\200L\353\201\"\210nU\332\036\342~\320*:7\023"
 217      EB812288 
 217      6E55DA1E 
 217      E27ED02A 
 217      3A3713
 218 0159 13B9B312 		.ascii	"\023\271\263\022\303\350\276x\341\231[\326\225\224\263"
 218      C3E8BE78 
 218      E1995BD6 
 218      9594B3
 219 0168 F14269DA 		.ascii	"\361Bi\332H\341Z\0077'u\300!#\311\005\237d;\362\347"
 219      48E15A07 
 219      372775C0 
 219      2123C905 
 219      9F643BF2 
 220 017d 8BC4CB45 		.ascii	"\213\304\313E\2579$\033W\347\220\033y\244\320\253\320"
 220      AF39241B 
 220      57E7901B 
 220      79A4D0AB 
 220      D0
 221 018e 7800F34F 		.ascii	"x\000\363O\230[\301b\233\223k5\321\0376\267\327\235"
 221      985BC162 
 221      9B936B35 
 221      D11F36B7 
 221      D79D
 222 01a0 9271BCF7 		.ascii	"\222q\274\367\255\374\261\333+\023\354q\310\203\207"
 222      ADFCB1DB 
 222      2B13EC71 
ARM GAS  C:\Users\Luczia\AppData\Local\Temp\cc5G0ZjL.s 			page 18


 222      C88387
 223 01af 7C270A15 		.ascii	"|'\012\025zlp8\016\216\356\347\3147 \031\217\230\317"
 223      7A6C7038 
 223      0E8EEEE7 
 223      CC372019 
 223      8F98CF
 224 01c2 EC294405 		.ascii	"\354)D\005\273N~x\265\354\256\270\376\017\233\032\246"
 224      BB4E7E78 
 224      B5ECAEB8 
 224      FE0F9B1A 
 224      A6
 225 01d3 954D750B 		.ascii	"\225Mu\013\037\303Lr?\025\355\365nh:\236(\232K\322\236"
 225      1FC34C72 
 225      3F15EDF5 
 225      6E683A9E 
 225      289A4BD2 
 226 01e8 4A9AB14D 		.ascii	"J\232\261M[\334\035mF\321T[\213\222\346\221\264\365"
 226      5BDC1D6D 
 226      46D1545B 
 226      8B92E691 
 226      B4F5
 227 01fa F74BBBA3 		.ascii	"\367K\273\243\315*\232&i\245\277\033\242C`\216U\237"
 227      CD2A9A26 
 227      69A5BF1B 
 227      A243608E 
 227      559F
 228 020c D0991AB8 		.ascii	"\320\231\032\270\004u\207\344\350\226u\341\3034\370"
 228      047587E4 
 228      E89675E1 
 228      C334F8
 229 021b FD263FCD 		.ascii	"\375&?\315\255\241@(b5\034m0#\226\331\332\324f\266\205"
 229      ADA14028 
 229      62351C6D 
 229      302396D9 
 229      DAD466B6 
 230 0230 02A675AA 		.ascii	"\002\246u\252=\330\024\266\314p0\\\231\372\233\005\205"
 230      3DD814B6 
 230      CC70305C 
 230      99FA9B05 
 230      85
 231 0241 AD9346E0 		.ascii	"\255\223F\340tKK\260]\263Bg\202\024\214X\277\000\257"
 231      744B4BB0 
 231      5DB34267 
 231      82148C58 
 231      BF00AF
 232 0254 ED3E40   		.ascii	"\355>@"
 233              		.text
 234              		.section	.gnu.lto_vmt.803eb5a6,"",%progbits
 235 0000 789C6363 		.ascii	"x\234cc``\330\000\304\306\014\0200\205\231q\347\316"
 235      6060D800 
 235      C4C60C10 
 235      30859971 
 235      E7CE
 236 0012 37B7D9EB 		.ascii	"7\267\331\353\3776t44<\350\336\301<\233y\0163\3034f"
 236      FF367434 
 236      343CE8DE 
 236      C13C9B79 
ARM GAS  C:\Users\Luczia\AppData\Local\Temp\cc5G0ZjL.s 			page 19


 236      0E33C334 
 237 0027 0CB905DB 		.ascii	"\014\271\005\333x\34603Ncf\304\220\370\006\324\3014"
 237      78E63033 
 237      4E6366C4 
 237      90F806D4 
 237      C134
 238 0039 8D990943 		.ascii	"\215\231\011Cb\023P\202y\03233Xb\375\233\235?y\273\201"
 238      62135082 
 238      791A3333 
 238      5862FD9B 
 238      9D3F79BB 
 239 004e 222C8C20 		.ascii	"\",\214 \356\331\373s\2370Ylk\350X\320\0200\207\231"
 239      EED9FB73 
 239      9F30596C 
 239      6BE858D0 
 239      10308799 
 240 0062 752A3303 		.ascii	"u*3\003\343vF\231\251\314\214\214\333\030\353\24723"
 240      E3764699 
 240      A9CC8C8C 
 240      DB18EBA7 
 240      3233
 241 0074 316E0551 		.ascii	"1n\005Q\314\214[@\024\013\343f\306z\006\306\035\214"
 241      CC8C5B40 
 241      140BE366 
 241      C67A06C6 
 241      1D8C
 242 0086 160C867A 		.ascii	"\026\014\206zz\372@\224\234\221\231\224\231_lhi\250"
 242      7AFA4094 
 242      9C919994 
 242      995F6C68 
 242      69A8
 243 0098 9F5FAC9F 		.ascii	"\237_\254\237\221\230\243\237\223\231\244_\\R\224\232"
 243      9198A39F 
 243      9399A45F 
 243      5C52949A 
 244 00a8 985BAC9F 		.ascii	"\230[\254\237\233\232\013e\352%3\000\000\203\244Q\270"
 244      9B9A0B65 
 244      EA253300 
 244      0083A451 
 244      B8
 245              		.text
 246              		.section	.gnu.lto_.symbol_nodes.803eb5a6,"",%progbits
 247 0000 789C6363 		.ascii	"x\234cc``\350\003b\006\246SL\365\014\014\023\31610\000"
 247      6060E803 
 247      6206A653 
 247      4CF50C0C 
 247      13CE3130 
 248 0015 A91D0B0F 		.ascii	"\251\035\013\0176\260\001\305N3\3253\242\213\235`\252"
 248      36B001C5 
 248      4E33D533 
 248      A28B9D60 
 248      AA
 249 0026 6742173B 		.ascii	"gB\027;\311T\317\214.v\226\251\236\005&\266\253\321"
 249      C954CF8C 
 249      2E7696A9 
 249      9E0526B6 
 249      ABD1
ARM GAS  C:\Users\Luczia\AppData\Local\Temp\cc5G0ZjL.s 			page 20


 250 0038 918181F5 		.ascii	"\221\201\201\365\014\023C\213\022\003\0033\3439\246"
 250      0C13438B 
 250      12030333 
 250      E339A6
 251 0047 7A56B014 		.ascii	"zV\260\024\003CC\203\003P\204\211\215aq\373\033yff\010"
 251      03434383 
 251      03508489 
 251      8D6171FB 
 251      1B796666 
 252 005c CD00004C 		.ascii	"\315\000\000L\014&^"
 252      0C265E
 253              		.text
 254              		.section	.gnu.lto_.refs.803eb5a6,"",%progbits
 255 0000 789C6363 		.ascii	"x\234cc``\020\000bF\026&VF\026V&&&f&\006&F\006\000\003"
 255      60601000 
 255      62461626 
 255      56461656 
 255      26262666 
 256 001b 4F003B   		.ascii	"O\000;"
 257              		.text
 258              		.section	.gnu.lto_.decls.803eb5a6,"",%progbits
 259 0000 789CAD57 		.ascii	"x\234\255WkP\024\331\025\356\333w\230\031\206\001\014"
 259      6B5014D9 
 259      15EEDB77 
 259      98198601 
 259      0C
 260 0011 9A0D9BE2 		.ascii	"\232\015\233\342\007\253l\025\273\331\345\241VLR\373"
 260      07AB6C15 
 260      BBD9E5A1 
 260      564C52FB 
 261 0021 C32D53B5 		.ascii	"\303-S\265\311\017\223\2525\331*+TF\036\203\316\026"
 261      C90F93AA 
 261      35D92A2B 
 261      54461E83 
 261      CE16
 262 0033 33439821 		.ascii	"3C\230!\253\371\325\362\022Q\024D\021T\024\025E\236"
 262      ABF9D5F2 
 262      12511444 
 262      11541415 
 262      459E
 263 0045 E202BE40 		.ascii	"\342\002\276@\034\021_(8\202\200\273\200(\340\003\326"
 263      1C115F28 
 263      388280BB 
 263      8028E003 
 263      D6
 264 0056 804F58F0 		.ascii	"\200OX\360A\316\275\267{\246\031g6\331\324vy\350\276"
 264      41CEBDB7 
 264      7BA61967 
 264      36D9D476 
 264      79E8BE
 265 0069 A7CF39DF 		.ascii	"\247\3179\3379\3379\367N\253\3448\356\367s8n1\346\270"
 265      39DF39F7 
 265      4EABE438 
 265      EEF77338 
 265      6E31E6B8 
 266 007d B53CC7CD 		.ascii	"\265<\307\315\300\245\002\3359\316y)A:@\272A\206@FA"
 266      C0A502DD 
ARM GAS  C:\Users\Luczia\AppData\Local\Temp\cc5G0ZjL.s 			page 21


 266      39CE7929 
 266      413A40BA 
 266      41864046 
 267 0092 0211C785 		.ascii	"\002\021\307\205\202\300?\356\003\304\315\272\016\301"
 267      82C03FEE 
 267      03C4CDBA 
 267      0EC1
 268 00a0 5A03F700 		.ascii	"Z\003\367\000\220y v\020\035\310Y\220\237\303\273\225"
 268      90792076 
 268      101DC859 
 268      909FC3BB 
 268      95
 269 00b1 70BF4FDE 		.ascii	"p\277O\336\301s/\334\001\232\323\302\263?\310\317\304"
 269      C1732FDC 
 269      019AD3C2 
 269      B33FC8CF 
 269      C4
 270 00c2 98048FDC 		.ascii	"\230\004\217\334?t\211]\345!6\211K\342\273\213M\342"
 270      3F74895D 
 270      E5213689 
 270      4BE2BB8B 
 270      4DE2
 271 00d4 FACA6277 		.ascii	"\372\312bw\213\261\177\345\022\373\022\254}d\261{\305"
 271      8BB17FE5 
 271      12FB12AC 
 271      7D64B17B 
 271      C5
 272 00e5 D8036EF2 		.ascii	"\330\003n\362\376\010d!z;w^\344H\342f\221\013F\227K"
 272      FE086421 
 272      7A3B775E 
 272      E448E266 
 272      910B4697 
 273 00fa FE12C67D 		.ascii	"\376\022\306}\031\206k|y\376\274\310\277\024\177\261"
 273      19866B7C 
 273      79FEBCC8 
 273      BF147FB1 
 274 010a 4BFC4830 		.ascii	"K\374H0\360\206\373*\031\006\211{_\304\"\261\275A\324"
 274      F086FB2A 
 274      1906897B 
 274      5FC422B1 
 274      BD41D4
 275 011d 205EB0F6 		.ascii	" ^\260\366\021\343J5\370\212q\003=\364v\005\317\346"
 275      11E34A35 
 275      F88A7103 
 275      3DF47605 
 275      CFE6
 276 012f 81BC9C80 		.ascii	"\201\274\234\200\333\367 \323\"\357RL\005\311\033DE"
 276      DBF720D3 
 276      22EF524C 
 276      05C91B44 
 276      45
 277 0140 62101D88 		.ascii	"b\020\035\210B\344\275C\314\177\210{\373\332\216Q\305"
 277      42E4BD43 
 277      CC7F887B 
 277      FBDA8E51 
 277      C5
 278 0151 B6A19D8A 		.ascii	"\266\241\235\212\001\324OP\321\034\204\304,\344\027"
ARM GAS  C:\Users\Luczia\AppData\Local\Temp\cc5G0ZjL.s 			page 22


 278      01D44F50 
 278      D11C84C4 
 278      2CE417
 279 0160 59CF4897 		.ascii	"Y\317H\227\210\000\027\217\244\227\314\312\325\215\276"
 279      8800178F 
 279      A497CCCA 
 279      D58DBE
 280 016f 434C78CE 		.ascii	"CLx\316i\353\364\220E\2259#zq4\025y.431=\344\204G\016"
 280      69EBF490 
 280      45953923 
 280      7A713415 
 280      792E3433 
 281 0189 1BC95E16 		.ascii	"\033\311^\026\0259\234\336\316\216c\275&$t=\332\\\255"
 281      15399CDE 
 281      CE8E63BD 
 281      2624743D 
 281      DA5CAD
 282 019c BD836E83 		.ascii	"\275\203n\203)\320\232\2436\"\242\275tfO\213?\346\351"
 282      29D09AA3 
 282      3622A2BD 
 282      74664F8B 
 282      3FE6E9
 283 01af F395D4F3 		.ascii	"\363\225\324\3633Z\254\242\317%\247\355\231^a\225\002"
 283      335AACA2 
 283      CF25A7ED 
 283      995E6195 
 283      02
 284 01c0 BBD46B39 		.ascii	"\273\324k9t\034a\211\317\243\351\303e\352M\030\005i"
 284      741C6189 
 284      CFA3E9C3 
 284      65EA4D18 
 284      0569
 285 01d2 D00C22EB 		.ascii	"\320\014\"\353G\247\246|\331\232\274\256\263=\253R\340"
 285      47A7A67C 
 285      D99ABCAE 
 285      B33DAB52 
 285      E0
 286 01e3 4FC9337F 		.ascii	"O\3113\177\254j\370K\024\2529L\242\330\006\012\303\322"
 286      AC6AF84B 
 286      14AA394C 
 286      A2D8060A 
 286      C3D2
 287 01f5 3708028F 		.ascii	"7\010\002\217\032\221\006\235F\030\235@a\244\236 2\273"
 287      1A91069D 
 287      46189D40 
 287      61A49E20 
 287      32BB
 288 0207 99829022 		.ascii	"\231\202\220\"\010\007\005\034\310\241EA(\"\210C\015"
 288      0807051C 
 288      C8A14541 
 288      28228843 
 288      0D
 289 0218 2894C424 		.ascii	"(\224\304$V\350\024\012B'Q\020\211_\266\357H\213/\376"
 289      56E8140A 
 289      42275110 
 289      895FB6EF 
 289      488B2FFE 
ARM GAS  C:\Users\Luczia\AppData\Local\Temp\cc5G0ZjL.s 			page 23


 290 022c 1A5180DB 		.ascii	"\032Q\200\333U\343\355\330\201\320st~m:A8\013\010g\234"
 290      55E3EDD8 
 290      81D07374 
 290      7E6D3A41 
 290      380B0867 
 291 0241 0800E81E 		.ascii	"\010\000\350\036\242\311=D\335@G\251\217\002:J\003\231"
 291      A2C93D44 
 291      DD4047A9 
 291      8F023A4A 
 291      0399
 292 0253 1444D792 		.ascii	"\024D\327\222\265i\005U\351\264\310\206\250\352\302"
 292      B5690555 
 292      E9B4C886 
 292      A8EAC2
 293 0262 CCA4CD1F 		.ascii	"\314\244\315\037\012\017\320 \036\226\035\217\257\025"
 293      0A0FD020 
 293      1E961D8F 
 293      AF15
 294 0270 F9C0729E 		.ascii	"\371\300r\236\006\315\201ezv\325N\015,\225@\0239\000"
 294      06CD8165 
 294      7A76D54E 
 294      0D2C9540 
 294      133900
 295 0283 4135FC78 		.ascii	"A5\374x\372\270\202\251H\276kAUT\330w\314\017\347\263"
 295      FAB882A9 
 295      48BE6B41 
 295      5554D877 
 295      CC0FE7B3 
 296 0297 16DC48AB 		.ascii	"\026\334H\253\331\203Y@\005,\237\264\355\032\362c\001"
 296      D9835940 
 296      052C9FB4 
 296      ED1AF263 
 296      01
 297 02a8 83A1D6A6 		.ascii	"\203\241\326\246\316\223i\27626\177]\370X\020\202Q+"
 297      CE9369BE 
 297      32367F5D 
 297      F8581082 
 297      512B
 298 02ba A478D159 		.ascii	"\244x\321Y\253R,U\020\212S\005\357?p\3502\324u\011\352"
 298      AB522C55 
 298      108A5305 
 298      EF3F70E8 
 298      32D47509 
 299 02cf 4257A058 		.ascii	"BW\240X\245X\354\005P\266\260b\237N=\256S\340b\232\001"
 299      A558EC05 
 299      50B6B062 
 299      9F4E3DAE 
 299      53E0629A 
 300 02e4 5F9BF7AA 		.ascii	"_\233\367\252\300O\306\347\302z\312g\033`\\ub\264\""
 300      C04FC6E7 
 300      C27ACA67 
 300      1B605C75 
 300      62B422
 301 02f7 8F20D7DC 		.ascii	"\217 \327\334\203\364l\356\354U\342#\014\344\304\325"
 301      83F46CEE 
 301      EC55E223 
 301      0CE4C4D5 
ARM GAS  C:\Users\Luczia\AppData\Local\Temp\cc5G0ZjL.s 			page 24


 302 0307 BE97CEA6 		.ascii	"\276\227\316\246M\266}\322E\307\302\016 \355N\2206\317"
 302      4DB67DD2 
 302      45C7C20E 
 302      20ED4E90 
 302      36CF
 303 0319 20D7DD83 		.ascii	" \327\335\203Lw\217\244\250\003\363\211GN\2520\207E"
 303      4C778FA4 
 303      A803F389 
 303      474EAA30 
 303      8745
 304 032b 3C0FEF9B 		.ascii	"<\017\357\233\341=\207n\240@\370{\016)\330\030\267\\"
 304      E13D876E 
 304      A040F87B 
 304      0E29D818 
 304      B75C
 305 033d 1A3D86E6 		.ascii	"\032=\206\346\027\0136\233`\233\351\377\250\240\361"
 305      170B369B 
 305      609BE9FF 
 305      A8A0F1
 306 034c A1206814 		.ascii	"\241 h\024\304\012\325;\263\250's\217\352\320\035\204"
 306      C40AD53B 
 306      B3A82773 
 306      8FEAD01D 
 306      84
 307 035d 6AD100EC 		.ascii	"j\321\000\354\236\0164\037\234\323\006+\322\325x?\246"
 307      9E0E341F 
 307      9CD3062B 
 307      D2D5783F 
 307      A6
 308 036e 6DABAE7C 		.ascii	"m\253\256|Y\243\221f\203M\313=a\260\312\317s*]4\225"
 308      59A39166 
 308      834DCB3D 
 308      61B0CACF 
 308      732A5D34 
 309 0383 9B522AED 		.ascii	"\233R*\355\345\217Z\264b*\243\357\356\022l0\247@\010"
 309      E58F5AB4 
 309      622AA3EF 
 309      EE126C30 
 309      A74008
 310 0396 58A14E67 		.ascii	"X\241Ng*\235\256\251t\323T:\313\033\327\340\303,\223"
 310      2A9DAEA9 
 310      74D3543A 
 310      CB1BD7E0 
 310      C32C93
 311 03a9 FECB6515 		.ascii	"\376\313e\025d\200V\262\231\363\227\355\316\225lw\226"
 311      648056B2 
 311      99F397ED 
 311      CE956C77 
 311      96
 312 03ba 4C8D9FD0 		.ascii	"L\215\237\320\342jj\316\267\331'O\253\221&\224\356\014"
 312      E26A6ACE 
 312      B7D9274F 
 312      AB912694 
 312      EE0C
 313 03cc 5792FB80 		.ascii	"W\222\373\200\344\225\"\311\337\200\362\026(Y\307\306"
 313      E49522C9 
 313      DF80F216 
ARM GAS  C:\Users\Luczia\AppData\Local\Temp\cc5G0ZjL.s 			page 25


 313      2859C7C6 
 314 03dc C7E637DC 		.ascii	"\307\3467\334&\243\327\013E}\353Lp\245\206\225\263g"
 314      26A3D70B 
 314      457DEB4C 
 314      70A58695 
 314      B367
 315 03ee 387B8B17 		.ascii	"8{\213\027\345\243\327\261}\246\0364\013\012\215\270"
 315      E5A3D7B1 
 315      7DA61E34 
 315      0B0A8DB8 
 316 03fe 0533FFFB 		.ascii	"\0053\377\373\026\264_\257\032\347\265Y\216\304\340"
 316      16B45FAF 
 316      1AE7B559 
 316      8EC4E0
 317 040d E4D23872 		.ascii	"\344\3228r\343\240|\255x\032\365\345\0156\260\275\012"
 317      E3A07CAD 
 317      781AF5E5 
 317      0D36B0BD 
 317      0A
 318 041e 3A38E429 		.ascii	":8\344)Z\366s\341\272\277\324\221;LW\326\277u\213\277"
 318      5AF673E1 
 318      BABFD491 
 318      3B4C57D6 
 318      BF758BBF 
 319 0432 BC25BDB3 		.ascii	"\274%\275\263Z2H[rWj\311\376\214\201Q_\307t|\362\342"
 319      5A32485B 
 319      72576AC9 
 319      FE8C8151 
 319      5FC7747C 
 320 0448 7C866007 		.ascii	"|\206`\007\317\245\324\020\3658\213\356q\355\312\020"
 320      CFA5D410 
 320      F5388BEE 
 320      71EDCA10 
 321 0458 EDCAC5DE 		.ascii	"\355\312\305\336\007SJ\274K\201<\021R^Wy\330_^\340\331"
 321      07534ABC 
 321      4B813C11 
 321      525E5779 
 321      D85F5EE0 
 322 046d 5905DE77 		.ascii	"Y\005\336w\024\330\330q\354\036s\006\035\272\307\212"
 322      14D8D871 
 322      EC1E7306 
 322      1DBAC78A 
 323 047d 79DD74AE 		.ascii	"y\335t\256\022K\005>`\272\261\272\224\215\274\347\002"
 323      124B053E 
 323      60BAB1BA 
 323      948DBCE7 
 323      02
 324 048e 4768810F 		.ascii	"Gh\201\017\245\002m)o6\251\304\002[K\261\260\035\334"
 324      A5026D29 
 324      6F36A9C4 
 324      025B4BB1 
 324      B01DDC
 325 04a1 E6102334 		.ascii	"\346\020#4\354,n\330\265\270QZ\334\336\374mo|\360~\317"
 325      EC2C6ED8 
 325      B5B8515A 
 325      DCDEFC6D 
 325      6F7CF07E 
ARM GAS  C:\Users\Luczia\AppData\Local\Temp\cc5G0ZjL.s 			page 26


 326 04b6 C5D5D45C 		.ascii	"\305\325\324\\\251@\016\335#\226\337\346\202\262v\265"
 326      A9400EDD 
 326      2396DFE6 
 326      82B276B5 
 327 04c6 A3907F33 		.ascii	"\243\220\1773\245th\006\260CsW\303\363V/\266T\303r\262"
 327      A5746806 
 327      B0437357 
 327      C3F3562F 
 327      B654C372 
 328 04db B4F98202 		.ascii	"\264\371\202\002W3\240\003\353\273\256\302\301\317\026"
 328      5733A003 
 328      EBBBAEC2 
 328      C1CF16
 329 04ea A5690DDF 		.ascii	"\245i\015\337x\343\023l\221;Sr\323\0337\261\305\314"
 329      78E3136C 
 329      913B5372 
 329      D31B37B1 
 329      C5CC
 330 04fc F8B3DB5A 		.ascii	"\370\263\333Z\334\314\026\223\267\316\330g\215\021\331"
 330      DCCC1693 
 330      B7CED867 
 330      8D11D9
 331 050b DE4E9627 		.ascii	"\336N\226'\034,\217e\234\356\367\303\027\231WS}\031"
 331      1C2C8F65 
 331      9CEEF7C3 
 331      17995753 
 331      7D19
 332 051d 0C93CC6B 		.ascii	"\014\223\314kd\226\327\367\016\257\256\007\247&|\360"
 332      6496D7F7 
 332      0EAFAE07 
 332      A7267CF0 
 333 052d 55E675E4 		.ascii	"U\346u\344\320\353*o\271\327\340,\257i\207Wu\307\303"
 333      D0EB2A6F 
 333      B9D7E02C 
 333      AF698757 
 333      75C7C3
 334 0540 173CBEC1 		.ascii	"\027<\276\301\274:\032+\332\375\360]\266x\362\252\350"
 334      BC3A1A2B 
 334      DAFDF05D 
 334      B678F2AA 
 334      E8
 335 0551 84372B7F 		.ascii	"\2047+\177\036\351\362@N\216\212\375\000\024\323_\332"
 335      1EE9F240 
 335      4E8E8AFD 
 335      0014D35F 
 335      DA
 336 0562 FE0399BE 		.ascii	"\376\003\231\276x\214\331Vl\255\370\205\034\255k\026"
 336      788CD956 
 336      6CADF885 
 336      1CAD6B16 
 337 0572 9AC08B68 		.ascii	"\232\300\213h\252\232\316\354z%\012\231\033\022\022"
 337      AA9ACEEC 
 337      7A250A99 
 337      1B1212
 338 0581 121A7280 		.ascii	"\022\032r\200\330\333z\366\3427\0273\204\234hB\000z"
 338      D8DB7AF6 
 338      E2371733 
ARM GAS  C:\Users\Luczia\AppData\Local\Temp\cc5G0ZjL.s 			page 27


 338      849C6842 
 338      007A
 339 0593 01FD4EE1 		.ascii	"\001\375N\341\347:w\376c\032\3412\371\313\345\322q\002"
 339      E73A77FE 
 339      631AE132 
 339      F9CBE5D2 
 339      7102
 340 05a5 8176A137 		.ascii	"\201v\2417`\361\232X\274\022]`LP\006\037\212\322\370"
 340      60F19A58 
 340      BC125D60 
 340      4C50061F 
 340      8AD2F8
 341 05b8 10940AB2 		.ascii	"\020\224\012\262\001d=H:\037B\277\026\030\234\035]\216"
 341      01643D48 
 341      3A1F42BF 
 341      16189C1D 
 341      5D8E
 342 05ca 20E5A329 		.ascii	" \345\243)W\244p'\220\314\224\314\314K\267\246\221."
 342      57A47027 
 342      90CC94CC 
 342      CC4BB7A6 
 342      912E
 343 05dc 9650257C 		.ascii	"\226P%|\203\270X\216#\207);\257\3066`\370\210!F\234"
 343      83B8588E 
 343      2387293B 
 343      AFC63660 
 343      F8882146 
 344 05f1 38D8CEDC 		.ascii	"8\330\316\334&\226\300q\233\206IO\321\244{\"h$ <k[\356"
 344      2696C071 
 344      9B86494F 
 344      D1A47B22 
 344      6824203C 
 345 0608 1E9FB922 		.ascii	"\036\237\271\"!\231\036\011\341<\262\0011\266=\351\330"
 345      21991E09 
 345      E13CB201 
 345      31B63DE9 
 345      D8
 346 0619 EA2BEF5A 		.ascii	"\352+\357Z\246\014\217C\033\245\256\241\347y\337\016"
 346      A60C8F43 
 346      1BA5AEA1 
 346      E779DF0E 
 347 0629 F8E1122F 		.ascii	"\370\341\022/\322j\225}p\303:\004\375\233\353\350\340"
 347      D26A957D 
 347      70C33A04 
 347      FD9BEBE8 
 347      E0
 348 063a C5C2A083 		.ascii	"\305\302\240\203\251\0020\000\036\3509\200o\371!\256"
 348      A9023000 
 348      1EE83980 
 348      6FF921AE 
 349 064a DA0B95AC 		.ascii	"\332\013\225\254J\302\354SWkY\225.M\310\342]Le\324\272"
 349      4AC2EC53 
 349      576B5995 
 349      2E4DC8E2 
 349      5D4C65D4 
 350 065f 1D0C8E9A 		.ascii	"\035\014\216\232\223\251\310\201\251\330\004\265\347"
 350      93A9C881 
ARM GAS  C:\Users\Luczia\AppData\Local\Temp\cc5G0ZjL.s 			page 28


 350      A9D804B5 
 350      E7
 351 066c 826C06D9 		.ascii	"\202l\006\331\012\222\375\366T\020\224'\356\023bc\301"
 351      0A92FDF6 
 351      54109427 
 351      EE136263 
 351      C1
 352 067d 3A385110 		.ascii	":8Q\020\260\036\220\210\331\333-tTG\216\225gn\271`\261"
 352      B01E9088 
 352      D9DB2D74 
 352      54478E95 
 352      676EB960 
 353 0692 80D61DE5 		.ascii	"\200\326\035\345\335=j\\Ai\345\253S\262vhQ\350\\\206"
 353      DD3D6A5C 
 353      4169E5AB 
 353      53B27668 
 353      51E85C86 
 354 06a6 D1F12E19 		.ascii	"\321\361.\031\222\355\340\273\215w\034\200\004\320\323"
 354      92EDE0BB 
 354      8D771C80 
 354      04D0D3
 355 06b5 26C88312 		.ascii	"&\310\203\022\377\227r\001vb\364x\257J\336\366\355\263"
 355      FF977201 
 355      7662F478 
 355      AF4ADEF6 
 355      EDB3
 356 06c7 DABEC3D1 		.ascii	"\332\276\303\321\366\365Y\371\271\354\\\007\035\032"
 356      F6F559F9 
 356      B9EC5C07 
 356      1D1A
 357 06d5 63676456 		.ascii	"cgdVq\217}\326w\315\252wd\347\372N\236\234\353\371\274"
 357      718F7DD6 
 357      77CDAA77 
 357      64E7FA4E 
 357      9E9CEBF9 
 358 06ea 78AEDFAD 		.ascii	"x\256\337\255\350\032$\347z1\375\341\012.\272\346\370"
 358      E81A24E7 
 358      7A31FDE1 
 358      0A2EBAE6 
 358      F8
 359 06fb E10243F4 		.ascii	"\341\002C\364\235\363l\377\316\365l/\340\311\331\276"
 359      9DF36CFF 
 359      CEF56C2F 
 359      E0C9D9BE 
 360 070b BBBCA156 		.ascii	"\273\274\241V\211OR\206P\333\321\221MJ|\226-jv\337o"
 360      894F5286 
 360      50DBD191 
 360      4D4A7C96 
 360      2D6A76DF 
 361 0720 55416E68 		.ascii	"UAnh\027\217\031V\315z[\251/na\257\017\034\332\333\341"
 361      178F1956 
 361      CD7A5BA9 
 361      2F6E61AF 
 361      0F1CDADB 
 362 0735 4D5EEF81 		.ascii	"M^\357\201\327h7\257\360\364\343p\276\352\245\215\325"
 362      D76837AF 
 362      F0F4E370 
ARM GAS  C:\Users\Luczia\AppData\Local\Temp\cc5G0ZjL.s 			page 29


 362      BEEAA58D 
 362      D5
 363 0746 18AD457B 		.ascii	"\030\255E{\231]\321\251\341\"o\351\367l\037\323u\247"
 363      995DD1A9 
 363      E1226FE9 
 363      F76C1FD3 
 363      75A7
 364 0758 6E9EF07B 		.ascii	"n\236\360{\357\232\327>AM\321\316\024\216\324*\250\315"
 364      EF9AD73E 
 364      414DD1CE 
 364      148ED42A 
 364      A8CD
 365 076a 7EFE3D46 		.ascii	"~\376=F\353`v\236\012\2673\374'\373\236\035V\022\374"
 365      EB60769E 
 365      0AB733FC 
 365      27FB9E1D 
 365      5612FC
 366 077d 83D0BE03 		.ascii	"\203\320\276\003\204\016\262\215\372\012\033\275p7\263"
 366      840EB28D 
 366      FA0A1BBD 
 366      7037B3
 367 078c A8D85962 		.ascii	"\250\330Yb\247\005\034\"\031\2260\224\2147\371\265X"
 367      A7051C22 
 367      19963094 
 367      8C37F9B5 
 367      58
 368 079d 4E2E2420 		.ascii	"N.$ \222\213\016\203\011*\245\374\026\363\216o\265\372"
 368      928B0E83 
 368      092AA5FC 
 368      16F38E6F 
 368      B5FA
 369 07af 0B84DF3B 		.ascii	"\013\204\337;\360\3239\331\260\340l\315C!3K\210\020"
 369      F0D339D9 
 369      B0E06CCD 
 369      4321334B 
 369      8810
 370 07c1 D231B144 		.ascii	"\3221\261D\205\322\354\240\"^AV\354\377m"
 370      85D2ECA0 
 370      225E4156 
 370      ECFF6D
 371 07d0 4728B7B9 		.ascii	"G(\267\271\315%\227\360\373\007\005;\353\315\356\355"
 371      CD2597F0 
 371      FB07053B 
 371      EBCDEEED 
 372 07e0 F0711D40 		.ascii	"\360q\035@\217\200\347\254/\262\215D4\177\207\\\313"
 372      8F80E7AC 
 372      2FB28D44 
 372      347F875C 
 372      CB
 373 07f1 F8F7C173 		.ascii	"\370\367\301sh\252`\361\202\375tNo\027\362B\246\032"
 373      68AA60F1 
 373      82FD744E 
 373      6F17F242 
 373      A61A
 374 0803 66807E8B 		.ascii	"f\200~\213\262\360\345\374\0020j\236N5\212FO\177)\331"
 374      B2F0E5FC 
 374      02306A9E 
ARM GAS  C:\Users\Luczia\AppData\Local\Temp\cc5G0ZjL.s 			page 30


 374      4E358A46 
 374      4F7F29D9 
 375 0817 744B3615 		.ascii	"tK6\025\324f\343\370\370y\215|\022I\322\316I\254d\223"
 375      D466E3F8 
 375      F8798D7C 
 375      1249D2CE 
 375      49AC6493 
 376 082b 48EE1EBA 		.ascii	"H\356\036\2727q},@\362O\001\377\230wd\356\321\322\034"
 376      37717D2C 
 376      40F24F01 
 376      FF987764 
 376      EED1D21C 
 377 083f 97359D29 		.ascii	"\2275\235)g\037`\3250\307U\274[\327UrW\240\235\015&"
 377      671F60D5 
 377      30C755BC 
 377      5BD75572 
 377      57A09D0D 
 378 0854 18DE7A79 		.ascii	"\030\336zy\362\005\363\256\001\357\243\314{wn^\320\017"
 378      F205F3AE 
 378      01EFA3CC 
 378      7B776E5E 
 378      D00F
 379 0866 F5E96BDA 		.ascii	"\365\351k\332\247c\264Od\001.#\223i\225\274\310\310"
 379      A763B44F 
 379      64012E23 
 379      936995BC 
 379      C8C8
 380 0878 74868096 		.ascii	"t\206\200\226RF\206$Fj)#\3357\373Z\274D\243\326@\211"
 380      52468624 
 380      466A2923 
 380      DD37FB5A 
 380      BC44A3D6 
 381 088e B651C9A8 		.ascii	"\266Q\311\250\216_\300)t\211\311\326\210\260\260p\370"
 381      8E5FC029 
 381      7489C9D6 
 381      88B0B070 
 381      F8
 382 089f 17BBC610 		.ascii	"\027\273\306\020c0[\"\177\033\031n\266\204\257\211N"
 382      63305B22 
 382      7F1B196E 
 382      B684AF89 
 382      4E
 383 08b0 084F30C4 		.ascii	"\010O0\304\204[\254I\372h\243%\334\2507\212\217a\261"
 383      845BAC49 
 383      FA68A325 
 383      DCA8378A 
 383      8F61B1
 384 08c3 EACFFEF4 		.ascii	"\352\317\376\364\327\340e\221\221\234\267N\227l0Y\177"
 384      D7E06591 
 384      919CB74E 
 384      976C3059 
 384      7F
 385 08d4 A3B3C6C7 		.ascii	"\243\263\306\307\376.\212\006\260X\223\343\014\346("
 385      FE2E8A06 
 385      B05893E3 
 385      0CE628
 386 08e3 ABD99C60 		.ascii	"\253\331\234`\211ZmJ\016\246O\301\321I\306`\2751F\037"
ARM GAS  C:\Users\Luczia\AppData\Local\Temp\cc5G0ZjL.s 			page 31


 386      895A6D4A 
 386      0EA64FC1 
 386      D149C660 
 386      BD31461F 
 387 08f7 17A78F8B 		.ascii	"\027\247\217\213Z\022\026\021\2740\"r\311?\026G\201"
 387      5A121611 
 387      BC302272 
 387      C93F1647 
 387      81
 388 0908 FE6393D9 		.ascii	"\376c\223\331\244\377X\037\035c\2102\230b\023\222\343"
 388      A4FF581F 
 388      1D638832 
 388      98621392 
 388      E3
 389 0919 F451C668 		.ascii	"\364Q\306h\210e\322G\351\342\364\361\321\311\011V\235"
 389      8865D247 
 389      E9E2F4F1 
 389      D1C90956 
 389      9D
 390 092a 755DA2DE 		.ascii	"u]\242\336\022\266\206S\211p\177\373I\341,\353,Q:\213"
 390      12B68653 
 390      89707FFB 
 390      49E12CEB 
 390      2C513A8B 
 391 093e 350E6203 		.ascii	"5\016b\003\006\024\005\017\213\026\352\254*\361\356"
 391      0614050F 
 391      8B16EAAC 
 391      2AF1EE
 392 094d 65B4ACD6 		.ascii	"e\264\254\326Y\227\272\243)\326l4\232M\341\211\346$"
 392      5997BAA3 
 392      29D66C34 
 392      9A4DE189 
 392      E624
 393 095f AB25FCD3 		.ascii	"\253%\374\323\317\227/[\276\226\350\022\015\011\372"
 393      CF972F5B 
 393      BE96E812 
 393      0D09FA
 394 096e 244BF867 		.ascii	"$K\370g\313\226\201\275\224|\344\217\345\031\332\263"
 394      CB9681BD 
 394      947CE48F 
 394      E519DAB3 
 395 097e 5A6F55E9 		.ascii	"ZoU\351\276J2X\365\026\245\305\360/\275\316\032\367"
 395      BE4A3258 
 395      F516A5C5 
 395      F02FBDCE 
 395      1AF7
 396 0990 7F960E20 		.ascii	"\177\226\016 Q\253cc](X\022\2660,\322I\204\025\274\342"
 396      51AB6363 
 396      5D285812 
 396      B6302CD2 
 396      498415BC 
 397 09a5 2155A50E 		.ascii	"!U\245\016R\210\263h\215\226?\307|\251\217\265\376\321"
 397      5288B368 
 397      8D963FC7 
 397      7CA98FB5 
 397      FED1
 398 09b7 64B062BD 		.ascii	"d\260b\275\331\242 9(c\222\343\343\365I\370\237F+\206"
ARM GAS  C:\Users\Luczia\AppData\Local\Temp\cc5G0ZjL.s 			page 32


 398      D9A22039 
 398      286392E3 
 398      E3F549F8 
 398      9F462B86 
 399 09cb F1511053 		.ascii	"\361Q\020S/\232\243\277\301d\261F\233b\365:s|\274Eo"
 399      2F9AA3BF 
 399      C164B146 
 399      9B62F53A 
 399      737CBC45 
 400 09e0 D52ED71B 		.ascii	"\325.\327\033W\320j\276X\376\027\014\265\374X\012 \023"
 400      57D06ABE 
 400      58FE170C 
 400      B5FC580A 
 400      2013
 401 09f2 672473D2 		.ascii	"g$s\322:\026L\011\026\261\211\353\024\011\372\350x\225"
 401      3A164C09 
 401      16B189EB 
 401      1409FAE8 
 401      7895
 402 0a04 C96C5D93 		.ascii	"\311l]\223d\376\012E\252\342M\301\226D},hL\246\344\204"
 402      64FE0A45 
 402      AAE24DC1 
 402      96447D2C 
 402      684CA6E4 
 403 0a19 842F7EDA 		.ascii	"\204/~\332\031\261&\031L\253!\241\377\000\201\362\275"
 403      19B12619 
 403      4CAB21A1 
 403      FF0081F2 
 403      BD
 404 0a2a DD       		.ascii	"\335"
 405              		.text
 406              		.section	.gnu.lto_.symtab.803eb5a6,"",%progbits
 407 0000 6D734F62 		.ascii	"msObjectInit\000"
 407      6A656374 
 407      496E6974 
 407      00
 408 000d 00       		.ascii	"\000"
 409 000e 00       		.ascii	"\000"
 410 000f 00       		.ascii	"\000"
 411 0010 00000000 		.ascii	"\000\000\000\000\000\000\000\000"
 411      00000000 
 412 0018 18010000 		.ascii	"\030\001\000\000"
 413              		.text
 414              		.section	.gnu.lto_.opts,"",%progbits
 415 0000 272D666D 		.ascii	"'-fmath-errno' '-fsigned-zeros' '-ftrapping-math' '"
 415      6174682D 
 415      6572726E 
 415      6F272027 
 415      2D667369 
 416 0033 2D666E6F 		.ascii	"-fno-trapv' '-fno-strict-overflow' '-fno-openmp' '-"
 416      2D747261 
 416      70762720 
 416      272D666E 
 416      6F2D7374 
 417 0066 666E6F2D 		.ascii	"fno-openacc' '-mcpu=cortex-m4' '-mthumb' '-O0' '-fo"
 417      6F70656E 
 417      61636327 
ARM GAS  C:\Users\Luczia\AppData\Local\Temp\cc5G0ZjL.s 			page 33


 417      20272D6D 
 417      6370753D 
 418 0099 6D69742D 		.ascii	"mit-frame-pointer' '-falign-functions=16' '-ffuncti"
 418      6672616D 
 418      652D706F 
 418      696E7465 
 418      72272027 
 419 00cc 6F6E2D73 		.ascii	"on-sections' '-fdata-sections' '-fno-common' '-flto"
 419      65637469 
 419      6F6E7327 
 419      20272D66 
 419      64617461 
 420 00ff 2700     		.ascii	"'\000"
 421              		.text
 422              		.comm	__gnu_lto_v1,1,1
 423              		.comm	__gnu_lto_slim,1,1
 424              		.ident	"GCC: (GNU Tools for Arm Embedded Processors 7-2017-q4-major) 7.2.1 20170904 (release) [ARM
ARM GAS  C:\Users\Luczia\AppData\Local\Temp\cc5G0ZjL.s 			page 34


DEFINED SYMBOLS
                            *ABS*:00000000 memstreams.c
                            *COM*:00000001 __gnu_lto_v1
                            *COM*:00000001 __gnu_lto_slim

NO UNDEFINED SYMBOLS
