ARM GAS  C:\Users\Luczia\AppData\Local\Temp\cc5luDAj.s 			page 1


   1              		.cpu cortex-m4
   2              		.eabi_attribute 20, 1
   3              		.eabi_attribute 21, 1
   4              		.eabi_attribute 23, 3
   5              		.eabi_attribute 24, 1
   6              		.eabi_attribute 25, 1
   7              		.eabi_attribute 26, 1
   8              		.eabi_attribute 30, 6
   9              		.eabi_attribute 34, 1
  10              		.eabi_attribute 18, 4
  11              		.file	"misc.c"
  12              		.section	.gnu.lto_.inline.803e9776,"",%progbits
  13 0000 789C6363 		.ascii	"x\234cc``X\310\200\000\254\014\014\202\222\014\014L"
  13      606058C8 
  13      8000AC0C 
  13      0C82920C 
  13      0C4C
  14 0012 520F6E31 		.ascii	"R\017n12\26000\201\304\230\270\031\030\030'\37012\030"
  14      32B03030 
  14      81C498B8 
  14      19181827 
  14      F8313218 
  15 0026 9C02F102 		.ascii	"\234\002\361\002.4\260\242I\241Q\014\374\012@)\241\005"
  15      2E34B0A2 
  15      49A1510C 
  15      FC0A4029 
  15      A105
  16 0038 73D08D80 		.ascii	"s\320\215\200R\314\014R\332@1\215\011'\230\260+`\301"
  16      52CC0C52 
  16      DA40318D 
  16      092798B0 
  16      2B60C1
  17 004b E9080600 		.ascii	"\351\010\006\000R;\023\015"
  17      523B130D 
  18              		.text
  19              		.section	.gnu.lto_NVIC_PriorityGroupConfig.803e9776,"",%progbits
  20 0000 789C6592 		.ascii	"x\234e\222]H\024Q\024\307\357\2313_\273~AO\022K\210"
  20      5D481451 
  20      14C7EF99 
  20      335FBB7E 
  20      414F124B 
  21 0015 2462811B 		.ascii	"$b\201\033\325C\357\366AP!\030\365\270\210\032\355\203"
  21      D543EFF6 
  21      41502118 
  21      F5B8881A 
  21      ED83
  22 0027 B88C5BD8 		.ascii	"\270\214[\330\323^u\325\264\242\207\324h\031j\245\254"
  22      D35E75D5 
  22      B4A287D4 
  22      68196AA5 
  22      AC
  23 0038 08C4B44C 		.ascii	"\010\304\264L\327\254\326\361\223\302\254\210@\353\241"
  23      D7ACD6F1 
  23      93C2AC88 
  23      40EBA1
  24 0047 B2444582 		.ascii	"\262DE\202\310>\036l\355\334\231uE\032\230;\377{\356"
  24      C83E1E6C 
ARM GAS  C:\Users\Luczia\AppData\Local\Temp\cc5luDAj.s 			page 2


  24      EDDC9975 
  24      451A983B 
  24      FF7BEE
  25 005a 6FCEFD9F 		.ascii	"o\316\375\237{\217\312\030;\211\214\035\241o9\275\314"
  25      7B8FCA18 
  25      3B898C1D 
  25      A16F39BD 
  25      CC
  26 006b CD4062F4 		.ascii	"\315@b\364J\032c\\\242\025.\243\243e\241eG+B+\216V\205"
  26      4A1A635C 
  26      A2152EA3 
  26      A365A165 
  26      472B422B 
  27 0082 561DAD0B 		.ascii	"V\035\255\013\255\201\2132\350\366\350\002\240\244\300"
  27      AD818B32 
  27      E8F6E802 
  27      A0A4C0
  28 0091 4212CA8A 		.ascii	"B\022\312\212\252\351.\010\301ElE\260\232\346cR\301"
  28      AAE92E08 
  28      C1456C45 
  28      B09AE663 
  28      52C1
  29 00a3 1D4E4FFC 		.ascii	"\035NO\374\352\007\255\2217d\233\264[;2\373\201\007"
  29      EA07AD91 
  29      37649BB4 
  29      5B3B32FB 
  29      8107
  30 00b5 5040D4EB 		.ascii	"P@\324\353\360}\023/\240\211\0002M\277OE\3462\305T\202"
  30      F07D132F 
  30      A0890032 
  30      4DBF4F45 
  30      E632C554 
  31 00ca 1C9A76DF 		.ascii	"\034\232v\337\232\351\2210\017\030\351\311\271\3365"
  31      9AE99130 
  31      0F18E9C9 
  31      B9DE35
  32 00d9 777E27E7 		.ascii	"w~'\347u<>\332\211|\273\211\010\217\000)!\364\201\007"
  32      753C3EDA 
  32      897CBB89 
  32      088F0029 
  32      21F48107 
  33 00ed 1E828751 		.ascii	"\036\202\207Q\210A?\344\013\376J\367\342r\032\356\263"
  33      88413FE4 
  33      0BFE4AF7 
  33      E2721AEE 
  33      B3
  34 00fe FF9DEE8B 		.ascii	"\377\235\356\213\264f\345F\371G\362\362\362\206\032"
  34      B466E546 
  34      F947F2F2 
  34      F2861A
  35 010d E19664A2 		.ascii	"\341\226d\242\014\003\366\337\302\014)\333\025\261\237"
  35      0C03F6DF 
  35      C20C29DB 
  35      15B19F
  36 011c 7B126D19 		.ascii	"{\022m\031\252\0141\310u\314\302 \250T \003Z\214t-\214"
  36      AA0C31C8 
  36      75CCC220 
ARM GAS  C:\Users\Luczia\AppData\Local\Temp\cc5luDAj.s 			page 3


  36      A8542003 
  36      5A8C742D 
  37 0131 E978C04E 		.ascii	"\351x\300N\332\370\245\343\256+\357\246]\340\253ai\222"
  37      DAF8A5E3 
  37      AE2BEFA6 
  37      5DE0AB61 
  37      6992
  38 0143 CB262AF0 		.ascii	"\313&*\360x\263#;\373\020\344u\277Q\342<\261\326\304"
  38      78B3233B 
  38      FB10E475 
  38      BF51E23C 
  38      B1D6C4
  39 0156 E3896D1D 		.ascii	"\343\211m\035?\263\334@^U\211\006\015iPd\020\266\025"
  39      3FB3DC40 
  39      5E558906 
  39      0D695064 
  39      10B615
  40 0169 21553130 		.ascii	"!U10v\3366\324\214tW\370\025\302\263#\344[8\211\240"
  40      76DE36D4 
  40      8C7457F8 
  40      15C2B323 
  40      E45B3889 
  41 017e 3827AB61 		.ascii	"8'\253a\252-M\234\023\002\317\204'\311\215\232\251\374"
  41      AA2D4D9C 
  41      1302CF84 
  41      27C98D9A 
  41      A9FC
  42 0190 243D2A6D 		.ascii	"$=*m\300\327.\015\334[\207\323\341i\012\226\223p\321"
  42      C0D72E0D 
  42      DC5B87D3 
  42      E1690A96 
  42      9370D1
  43 01a3 067A7BFA 		.ascii	"\006z{\372\307'L\242nx\226B\225\377\321\226\372\325"
  43      C7274CA2 
  43      6E789642 
  43      95FFD196 
  43      FAD5
  44 01b5 E7904475 		.ascii	"\347\220Du\210\247Pu\335\202g\203}10\337\233\221dU\030"
  44      88A75075 
  44      DD826783 
  44      7D3130DF 
  44      9B916455 
  45 01ca 4EB1D452 		.ascii	"N\261\324R\270\004u+\272\203\252\260\323c\307\365\315"
  45      B804752B 
  45      BA83AAB0 
  45      D363C7F5 
  45      CD
  46 01db 71057638 		.ascii	"q\005v8qj8\\\206p\216}%\2247\026[~\257\205\376r\335"
  46      716A385C 
  46      86708E7D 
  46      25943716 
  46      5B7EAF85 
  47 01f2 44BD1DC5 		.ascii	"D\275\035\305\035Y\020b\021\244\235d&\022,\254\216\200"
  47      1D591062 
  47      11A49D64 
  47      26122CAC 
  47      8E80
ARM GAS  C:\Users\Luczia\AppData\Local\Temp\cc5luDAj.s 			page 4


  48 0204 9343DC5E 		.ascii	"\223C\334^ml\250U\0216T\340\263\365tp#\344d\011\352"
  48      6D6CA855 
  48      113654E0 
  48      B3F57470 
  48      23E46409 
  49 0219 FF34C65C 		.ascii	"\3774\306\\\016%9~gVz-M\200\032p\276\340\205Q\233\263"
  49      0E25397E 
  49      67567A2D 
  49      4D801A70 
  49      BEE08551 
  50 022f DEB62CA2 		.ascii	"\336\266,\242\340\210ho\260\2465'\22502dM\215\253Q\270"
  50      E088686F 
  50      B0A63527 
  50      95303264 
  50      4D8DAB51 
  51 0244 5E4BCD10 		.ascii	"^K\315\020\335j\242\2136\2041Q'-\276\353\037\354\317"
  51      DD6AA28B 
  51      36843151 
  51      272DBEEB 
  51      1FECCF
  52 0257 F076F170 		.ascii	"\360v\361p-\3171\321\015\343\020\2056\247\357&\300K"
  52      2DCF31D1 
  52      0DE31085 
  52      36A7EF26 
  52      C04B
  53 0269 9BB26F50 		.ascii	"\233\262oP\027\375}\331v*\302\277\000\3510\264\301D"
  53      17FD7DD9 
  53      762AC2BF 
  53      00E930B4 
  53      C144
  54 027b 36D5AE4B 		.ascii	"6\325\256K\324\013T\0325Bn\311\361\243{v\037\334[S\343"
  54      D40B541A 
  54      35426EC9 
  54      F1A37B76 
  54      1FDC5B53 
  55 0290 2B099617 		.ascii	"+\011\226\027W\030\376\300i\337~\303\177\266\302\360"
  55      5718FEC0 
  55      69DF7EC3 
  55      7FB6C2F0 
  56 02a0 56FAABCB 		.ascii	"V\372\253\313\012\313\330\226c'\016\027\371\212\015"
  56      0ACBD896 
  56      63270E17 
  56      F98A0D
  57 02af 7F95E10F 		.ascii	"\177\225\341\017\236;dT\235\011\244\227VWW\030A_\240"
  57      9E3B6454 
  57      9D09A497 
  57      56575718 
  57      415FA0
  58 02c2 D428ADD4 		.ascii	"\324(\255\324\374\247\202\225\201\302]\377\000\246h"
  58      FCA78295 
  58      81C25DFF 
  58      00A668
  59 02d1 1462     		.ascii	"\024b"
  60              		.text
  61              		.section	.gnu.lto_NVIC_Init.803e9776,"",%progbits
  62 0000 789C9557 		.ascii	"x\234\225WkLTW\020\276\263g\357\335e\037,\"\002\352"
  62      6B4C5457 
ARM GAS  C:\Users\Luczia\AppData\Local\Temp\cc5luDAj.s 			page 5


  62      10BEB367 
  62      EFDD651F 
  62      2C2202EA 
  63 0014 AA802202 		.ascii	"\252\200\"\002\021\212\330\304g\332\264M\023\323\264"
  63      118AD8C4 
  63      67DAB44D 
  63      13D3B4
  64 0023 31B169FB 		.ascii	"1\261i\373\243)\261\024#?l\311\202\306\376)\227\327"
  64      A329B114 
  64      233F6CC9 
  64      82C6FE29 
  64      97D7
  65 0035 A2ADFD25 		.ascii	"\242\255\375%\242nW\305V\2524V\264\025uQ*\242(\213\017"
  65      A26E57C5 
  65      56AA3456 
  65      B4157551 
  65      2AA2288B 
  66 004a AA452ABE 		.ascii	"\252E*\276\253\242`\221\012\245>\022\244\2359\347.\313"
  66      ABA26091 
  66      0AA53E12 
  66      A49D39E7 
  66      2ECB
  67 005c 4B9B25D9 		.ascii	"K\233%\331\331{\277;3\347\233\371\346\234\273(\222$"
  67      D97BBF3B 
  67      33E79BF9 
  67      E69CBB28 
  67      9224
  68 006e BD6595A4 		.ascii	"\275e\225\244t\374\376\000?\222I\002\235\204\037\235"
  68      74FCFE00 
  68      3F924902 
  68      9D841F9D 
  69 007e 5E92541D 		.ascii	"^\222T\035C\243g\342Z\246k=(\370T\346V\321\031\0107"
  69      43A367E2 
  69      5AA66B3D 
  69      28F854E6 
  69      56D11908 
  70 0093 126E8020 		.ascii	"\022n\200 D\214\334\006\001`\"\220ruL/+\006c\020\344"
  70      448CDC06 
  70      01602290 
  70      72754C2F 
  70      2B066310 
  71 00a8 C23A56C2 		.ascii	"\302:V\302\240\256\370\256G\027\277S\305\277\332\215"
  71      A0AEF8AE 
  71      4717BF53 
  71      C5BFDA8D 
  72 00b8 7B4D4EB5 		.ascii	"{MN\265(\322\215+\2242\211\377\301\317\020\217^\347"
  72      28D28D2B 
  72      943289FF 
  72      C1CF108F 
  72      5EE7
  73 00ca 0BF7BAD9 		.ascii	"\013\367\272\331W\314\315\000\364x\333}\326u;\230nu"
  73      57CCCD00 
  73      F478DB7D 
  73      D6753B98 
  73      6E75
  74 00dc 1085B7EB 		.ascii	"\020\205\267\353k\236\356\015f\261 \341u\333\365\232"
  74      6B9EEE0D 
ARM GAS  C:\Users\Luczia\AppData\Local\Temp\cc5luDAj.s 			page 6


  74      66B120E1 
  74      75DBF59A 
  75 00ec 124B5CB9 		.ascii	"\022K\\\271\252\346\253\265\315;\230:\315\315\030\034"
  75      AAE6ABB5 
  75      CD3B983A 
  75      CDCD181C 
  76 00fc 008609A1 		.ascii	"\000\206\011\241\012\354\260\037\354\022B\022\034\204"
  76      0AECB01F 
  76      EC124212 
  76      1C84
  77 010a 38F25F5F 		.ascii	"8\362__\331\321if/\363\330\246*W\211-\246L\275\211\\"
  77      D9D16966 
  77      2FF3D8A6 
  77      2A57892D 
  77      A64CBD89 
  78 011f CE6D535C 		.ascii	"\316mS\\j\235\316\315\364p\210G\023\031\274\342\254"
  78      6A9DCECD 
  78      F4708847 
  78      1319BCE2 
  78      AC
  79 0130 D0F7C6BA 		.ascii	"\320\367\306\272o\212\255\3545\036\367m\345\351\350"
  79      6F8AADEC 
  79      351EF76D 
  79      E5E9E8
  80 013f D8EFF892 		.ascii	"\330\357\370\222-\025\366\242\002u\223\252w3\031\252"
  80      2D15F6A2 
  80      027593AA 
  80      773319AA 
  81 014f C5B2A976 		.ascii	"\305\262\251vx\311\356\213\353?\372\370\200\231-\342"
  81      78C9EE8B 
  81      EB3FFAF8 
  81      80992DE2 
  82 015f 7127BB6F 		.ascii	"q'\273om6i\201}\005L]\247\352(\354\310(a\017:v\3371"
  82      6D366981 
  82      7D054C5D 
  82      A7EA28EC 
  82      C828610F 
  83 0177 B3C53CAC 		.ascii	"\263\305<\254\261\312\273'X\013\273\2327\020\366\313"
  83      B1CABB27 
  83      580BBB9A 
  83      3710F6CB 
  84 0187 2861B7F6 		.ascii	"(a\267\366\365o\260*z8\012\261P\203\237\303\370\361"
  84      F56FB02A 
  84      7A380AB1 
  84      50839FC3 
  84      F8F1
  85 0199 408C682F 		.ascii	"@\214h/\324\242d(\013u\364@Y\313\017\026\366\241h\241"
  85      D4A26428 
  85      0B75F440 
  85      59CB0F16 
  85      F6A168A1 
  86 01ad BBA3C14A 		.ascii	"\273\243\301J\371\261\015]\025\212kWma\224\233)plh\027"
  86      F9B10D5D 
  86      158A6B57 
  86      6D61949B 
  86      29706C68 
  87 01c2 7947EA30 		.ascii	"yG\3520\341\240\344\225\027\344Z\265\377\337b\354_\374"
ARM GAS  C:\Users\Luczia\AppData\Local\Temp\cc5luDAj.s 			page 7


  87      E1A0E495 
  87      17E45AB5 
  87      FFDF62EC 
  87      5FFC
  88 01d4 F6B6F057 		.ascii	"\366\266\360W\001{m\320\221ah\214z4A2\032E\241[\003"
  88      017B6DD0 
  88      9161688C 
  88      7A344132 
  88      1A45A15B 
  89 01e9 DD1AE936 		.ascii	"\335\032\3516\210\\LhLf4f\013\031+\231`\362\263\221"
  89      885C4C68 
  89      4C663466 
  89      0B192B99 
  89      60F2B391 
  90 01fd 4B089931 		.ascii	"K\010\2311dB\011\033KWad\306\221\011',\202L$\032\313"
  90      6442091B 
  90      4B576164 
  90      C6910927 
  90      2C824C24 
  91 0213 78BA9A40 		.ascii	"x\272\232@\017&\322\025I\256L\"3\231\236N!,\212L4a1"
  91      0F26D215 
  91      49AE4C22 
  91      33999E4E 
  91      212C8A4C 
  92 022a B4D054BA 		.ascii	"\264\320T\272\235F\267\261d\246\223_\034a3\310\304\023"
  92      9D46B7B1 
  92      64A6935F 
  92      1C6133C8 
  92      C413
  93 023c 96407E89 		.ascii	"\226@~\211t5S\242\242\223$*;Y\242\302S\200\006j\026"
  93      743553A2 
  93      A293242A 
  93      3B59A2C2 
  93      5380066A 
  94 0251 3D4C2533 		.ascii	"=L%3\207{\314\345\036\363\270\307|\216,\340v!\267\222"
  94      877BCCE5 
  94      1EF3B8C7 
  94      7C8E2CE0 
  94      7621B792 
  95 0265 B4868FD3 		.ascii	"\264\206\217\323Z\206\273\213\335\207\374\336vW\233"
  95      5A86BB8B 
  95      DD87FCDE 
  95      76579B
  96 0274 42AAB8D8 		.ascii	"B\252\270\330L\324\241\264\250\256\311@S.\203\004\307"
  96      4CD4A1B4 
  96      A8AEC940 
  96      532E8304 
  96      C7
  97 0285 B1E3E4D2 		.ascii	"\261\343\344\322\360\212pH\362#\037\011$\031Cv\177\337"
  97      F08A7048 
  97      F2231F09 
  97      24194376 
  97      7FDF
  98 0297 5D6B1321 		.ascii	"]k\023!68!\034\252;\266\024\231\204\013\014\316\312"
  98      3638211C 
  98      AA3BB614 
  98      99840B0C 
ARM GAS  C:\Users\Luczia\AppData\Local\Temp\cc5luDAj.s 			page 8


  98      CECA
  99 02a9 B8D847EA 		.ascii	"\270\330G\352\316\236T\312`k\036\252\215*[],\005\352"
  99      CE9E54CA 
  99      606B1EAA 
  99      8D2A5B5D 
  99      2C05EA
 100 02bc 495D7CD6 		.ascii	"I]|\326\\|\351\2729\371GU<\012\206\223P\006\033\304"
 100      5C7CE9BA 
 100      39F94755 
 100      3C0A8693 
 100      50061BC4 
 101 02d0 4E3805C9 		.ascii	"N8\005\311R\033\024^>n\037%s0\362m\320&d-\3565^\\\265"
 101      521B145E 
 101      3E6E1F25 
 101      7330F26D 
 101      D026642D 
 102 02e9 778670D5 		.ascii	"w\206p\325\005\270\252\327\277j\343\260U)UU\361\231"
 102      05B8AAD7 
 102      BF6AE3B0 
 102      55295555 
 102      F199
 103 02fb 7D26B12A 		.ascii	"}&\261*\300\351\201U\365ZK\215\3023\025\022\355\034"
 103      C0E98155 
 103      F55A4B8D 
 103      C2331512 
 103      ED1C
 104 030d 9787E2B3 		.ascii	"\227\207\342\263 A\340xx\261N(\214\342\233\002\323z"
 104      2041E078 
 104      78B14E28 
 104      8CE29B02 
 104      D37A
 105 031f 3C9D570C 		.ascii	"<\235W\014\271\317T\243\233\331J\261U\022\234\201\\"
 105      B9CF54A3 
 105      9BD94AB1 
 105      55129C81 
 105      5C
 106 0330 C9C512F1 		.ascii	"\311\305\022\361D\020]\335\352\353*\013\250 \031\316"
 106      44105DDD 
 106      EAEB2A0B 
 106      A82019CE 
 107 0340 F282F879 		.ascii	"\362\202\370yx\016\013\272\017\005[\213\347\212Tz\314"
 107      780E0BBA 
 107      0F055B8B 
 107      E78A547A 
 107      CC
 108 0351 E6D3ADA7 		.ascii	"\346\323\255\247\030\004(#.\275\230[\023\347&\017p\333"
 108      18042823 
 108      2EBD985B 
 108      13E7260F 
 108      70DB
 109 0363 E6E3A604 		.ascii	"\346\343\246\004\310\355W\316MG\334\316\017\343f\300"
 109      C8ED57CE 
 109      4D47DCCE 
 109      0FE366C0 
 110 0373 6C23B819 		.ascii	"l#\270\031\021\377\037n\02787\343\000\267\212z\263\210"
 110      11FF1F6E 
 110      173837E3 
ARM GAS  C:\Users\Luczia\AppData\Local\Temp\cc5luDAj.s 			page 9


 110      00B78A7A 
 110      B388
 111 0385 0D0A7010 		.ascii	"\015\012p\020~\363\017B\263\030\204+\307gk\251|\363"
 111      7EF30F42 
 111      B318842B 
 111      C7676BA9 
 111      7CF3
 112 0397 F6081251 		.ascii	"\366\010\022Ql}\365\316\361\250\255\254Ca\015\276\275"
 112      6C7DF5CE 
 112      F1A8ADAC 
 112      43610DBE 
 112      BD
 113 03a8 B5BB3C54 		.ascii	"\265\273<T8\2330w\236\347H\211LSc\002\365r\201\032\014"
 113      389B3077 
 113      9EE74889 
 113      4C536302 
 113      F572811A 
 114 03bd 17796175 		.ascii	"\027yau\325A\302\307<x\236M\243\355\224\020L\004-\032"
 114      D541C2C7 
 114      3C789E4D 
 114      A3ED9410 
 114      4C042D1A 
 115 03d1 D59683D5 		.ascii	"\325\226\203\325\007\255H\2650\217\036\215\201\3379"
 115      07AD48B5 
 115      308F1E8D 
 115      81DF39
 116 03e0 557EC85E 		.ascii	"U~\310^\342m\314\357wV\030Dj\013f\247\306\3668[m\002"
 116      E26DCCEF 
 116      77561844 
 116      6A0B66A7 
 116      C6F6385B 
 117 03f6 C1AA2D98 		.ascii	"\301\252-\230\304u\270\267\221sR\360\245\331:\254\321"
 117      C475B8B7 
 117      917352F0 
 117      A5D93AAC 
 117      D1
 118 0407 C1E84651 		.ascii	"\301\350FQ}\316\315\262@\346 \210Q\336\306\215\273,"
 118      7DCECDB2 
 118      40E62088 
 118      51DEC68D 
 118      BB2C
 119 0419 62CB1BE0 		.ascii	"b\313\033\3402\217*\330\344\274v1Kx\315E\227c7\177\352"
 119      328F2AD8 
 119      E4BC7631 
 119      4B78CD45 
 119      9763377F 
 120 042e 360B173D 		.ascii	"6\013\027=\\\001;\306\212\334\017.\356\327\322\333\360"
 120      5C013BC6 
 120      8ADC0F2E 
 120      EED7D2DB 
 120      F0
 121 043f FC18B25E 		.ascii	"\374\030\262^\210pB\226\0320\206;\205\010'/\023\340"
 121      88704296 
 121      1A30863B 
 121      8508272F 
 121      13E0
 122 0451 3CC485AA 		.ascii	"<\304\205\252\207\352\265\356\206\0068qW\375\273\341"
ARM GAS  C:\Users\Luczia\AppData\Local\Temp\cc5luDAj.s 			page 10


 122      87EAB5EE 
 122      86063871 
 122      57FDBBE1 
 123 0461 1A0CE530 		.ascii	"\032\014\3450\026\263\011\240#E aX\020\261z\350c5\216"
 123      16B309A0 
 123      23452061 
 123      5810B17A 
 123      E863358E 
 124 0475 7B85092F 		.ascii	"{\205\011/_g\346#.Xy\352#\004\024\036 \253\353\376}"
 124      5F67E623 
 124      2E5879EA 
 124      2304141E 
 124      20ABEBFE 
 125 048a 7043EC83 		.ascii	"pC\354\203>g\253\226>\202\327\035N\340\223\0015\026"
 125      3E67AB96 
 125      3E82D71D 
 125      4EE09301 
 125      3516
 126 049c F0652304 		.ascii	"\360e#\004\271\252\367\005\270\020\361\301\277^B\261"
 126      B9AAF705 
 126      B810F1C1 
 126      BF5E42B1 
 127 04ac FF37B563 		.ascii	"\3777\265c\273\275\246\\;\353#\321e\377\366\256'\\E"
 127      BBBDA65C 
 127      3BEB23D1 
 127      65FFF6AE 
 127      275C45
 128 04bf 0BA87534 		.ascii	"\013\250u4\217\177h\207\267w\241p\032\037`\001\267x"
 128      8F7F6887 
 128      B777A170 
 128      1A1F6001 
 128      B778
 129 04d1 017A2AE0 		.ascii	"\001z*\340\366\260\266N\300l4\353\245\336\345\004\014"
 129      F6B0B64E 
 129      C06C34EB 
 129      A5DEE504 
 129      0C
 130 04e2 9E74CB88 		.ascii	"\236t\313\210I/[\206\2573lq$\334\031u\326\303\240\215"
 130      492F5B86 
 130      AF336C71 
 130      24DC1975 
 130      D6C3A08D 
 131 04f6 AF248B1F 		.ascii	"\257$\213\037\034O{\3137\350S*\351a\331*7\033\007w!"
 131      1C4F7BCB 
 131      37E8532A 
 131      E961D92A 
 131      371B0777 
 132 050b 1957E49B 		.ascii	"\031W\344\233\366\036\244`K\2040\336\362pAfb\200u\265"
 132      F61EA460 
 132      4B8430DE 
 132      F2704166 
 132      628075B5 
 133 051f FBEBEAF0 		.ascii	"\373\353\352\360\325\345\321\366\021\016\366D!\225V"
 133      D5E5D1F6 
 133      110EF644 
 133      219556
 134 052e E924C4E8 		.ascii	"\351$\304\3507\336\216=\036\253\330XS\340\276\257\377"
ARM GAS  C:\Users\Luczia\AppData\Local\Temp\cc5luDAj.s 			page 11


 134      37DE8E3D 
 134      1EABD858 
 134      53E0BEAF 
 134      FF
 135 053f 0DBEFE4F 		.ascii	"\015\276\376O\3667[{\271N\011\220\324\237~R\235bZz\234"
 135      F6375B7B 
 135      B94E0990 
 135      D49F7E52 
 135      9D625A7A 
 136 0554 9BAD2257 		.ascii	"\233\255\"W\224H\347\335Q\335g\021\034dx0lsG\243\233"
 136      9448E7DD 
 136      51DD6711 
 136      1C647830 
 136      6C7347A3 
 137 0569 989C2DAD 		.ascii	"\230\234-\255\2074,\206\246\342\304)\247\221\202\314"
 137      87342C86 
 137      A6E2C429 
 137      A79182CC 
 138 0579 F86EEBA2 		.ascii	"\370n\353\242\215;\211\204k\376\362\353\326v\246i7\232"
 138      8D3B8984 
 138      6BFEF2EB 
 138      D676A669 
 138      379A
 139 058b 58939F23 		.ascii	"X\223\237#V8\374\305\231*#\305\372\202\216\255\207$"
 139      5638FCC5 
 139      992A23C5 
 139      FA828EAD 
 139      8724
 140 059d 563417AB 		.ascii	"V4\027\253\233\304\212\341\257F\243\366\002\357h\362"
 140      9BC48AE1 
 140      AF46A3F6 
 140      02EF68F2 
 141 05ad 893635C0 		.ascii	"\21165\300\376\364\370\373\363\367p\321\246a\272!\242"
 141      FEF4F8FB 
 141      F3F770D1 
 141      A661BA21 
 141      A2
 142 05be C522E657 		.ascii	"\305\"\346W\351\234O\245\351#T\212\013\220E\257\237"
 142      E99C4FA5 
 142      E923548A 
 142      0B9045AF 
 142      9F
 143 05cf C53FC355 		.ascii	"\305?\303U\232\201\351F\310\022\217\270\220\345\331"
 143      9A81E946 
 143      C8128FB8 
 143      90E5D9
 144 05de 802C0942 		.ascii	"\200,\011B\207X\241\303\203\027\3530\375\271:<\342\\"
 144      8758A1C3 
 144      8317EB30 
 144      FDB93A3C 
 144      E25C
 145 05f0 0CCFD1E1 		.ascii	"\014\317\321\3411\351\020\317uxB:$p\035\360\377(\326"
 145      31E910CF 
 145      7578423A 
 145      24701DF0 
 145      FF28D6
 146 0603 05F965F7 		.ascii	"\005\371e\367J9\027\376Cg\015\235\234xL\305,y\367\355"
ARM GAS  C:\Users\Luczia\AppData\Local\Temp\cc5luDAj.s 			page 12


 146      4A3917FE 
 146      43670D9D 
 146      9C784CC5 
 146      2C79F7ED 
 147 0617 D4596FCE 		.ascii	"\324Yo\316^\275:mI\316'\2133\034\231Y\313\323\336pd"
 147      5EBD3A6D 
 147      49CE278B 
 147      331C9959 
 147      CBD3DE70 
 148 062c AECA7024 		.ascii	"\256\312p$\257\310\314NOJ\227l\357\274\267\350\365\264"
 148      AFC8CC4E 
 148      4F4A976C 
 148      EFBCB7E8 
 148      F5B4
 149 063e 459F66E6 		.ascii	"E\237f\346,\311q\254L\317\261,\315\316\316p\344\244"
 149      2CC971AC 
 149      4CCFB12C 
 149      CDCECE70 
 149      E4A4
 150 0650 652D752C 		.ascii	"e-u,]\241\344\254\310\312^\3711}e92\314\374+\3633Gf"
 150      5DA1E4AC 
 150      C8CA5EF9 
 150      317D6539 
 150      32CCFC2B 
 151 0668 CEE786CC 		.ascii	"\316\347\206\314ex\227\224\362\037pl2\037"
 151      65789794 
 151      F21F706C 
 151      321F
 152              		.text
 153              		.section	.gnu.lto_NVIC_SetVectorTable.803e9776,"",%progbits
 154 0000 789C7D52 		.ascii	"x\234}RMHTQ\024\276\347\235\3673:\243.\373\301\205H"
 154      4D485451 
 154      14BEE79D 
 154      F7333AA3 
 154      2EFBC185 
 155 0015 22168C60 		.ascii	"\"\026\214`mZD\013Cha\005\212\333a\262\221f!\3108\204"
 155      6D5A440B 
 155      43686105 
 155      8ADB61B2 
 155      916621C8 
 156 002b 3BEFE8E8 		.ascii	";\357\350\350d\265\312Qax\330H\206m\314\244LG\255\246"
 156      64B5CA51 
 156      6178D848 
 156      866DCCA4 
 156      4C47ADA6 
 157 003f B14C03B5 		.ascii	"\261L\003\265\037\211\264\240(\014\022\233,\244\037"
 157      1F89B4A0 
 157      280C129B 
 157      2CA41F
 158 004e B199CEBD 		.ascii	"\261\231\316\275o0\204\350\301\273\357\336s\277\357"
 158      6F3084E8 
 158      C1BBEFDE 
 158      73BFEF
 159 005d 9CEF7CEF 		.ascii	"\234\357|\357\350\214\261>d\254\222\276G\350e\006\003"
 159      E88CB13E 
 159      64AC92BE 
 159      47E86506 
ARM GAS  C:\Users\Luczia\AppData\Local\Temp\cc5luDAj.s 			page 13


 159      03
 160 006e 85D1ABA8 		.ascii	"\205\321\253\250\214q\205n\270\212\326^\023{\025t\272"
 160      8C71856E 
 160      B88AD65E 
 160      137B1574 
 160      BA
 161 007f D5E4AA03 		.ascii	"\325\344\252\003\020\001X\263\202\252\246C3\\\3020B"
 161      100158B3 
 161      82AAA643 
 161      335CC230 
 161      42
 162 0090 22F431A6 		.ascii	"\"\3641\246\224\014pz\342=\257\354\355\274m\267Ii\272"
 162      940C707A 
 162      E23DAFEC 
 162      EDBC6DB7 
 162      4969BA
 163 00a3 91C9076E 		.ascii	"\221\311\007nA\011\241\236\005o\232x\021M\004P\351\370"
 163      4109A19E 
 163      056F9A78 
 163      114D0450 
 163      E9F8
 164 00b5 752EF221 		.ascii	"u.\362!W\034\025(\240cxi~]\305\"`\002\271\336:\343("
 164      571C1528 
 164      A0637869 
 164      7E5DC522 
 164      6002B9DE 
 165 00cc BEC6790B 		.ascii	"\276\306y\013\217\277\351G\276\317D\204;\200\224\020"
 165      8FBFE947 
 165      BECF4484 
 165      3B809410 
 166 00dc 46201F6E 		.ascii	"F \037nC>\243\020\203Q(&\370f`\253K\3032I\355\031~1"
 166      433EA310 
 166      83512826 
 166      F86660AB 
 166      4BC33249 
 167 00f4 A366A88B 		.ascii	"\243f\250\213\003\031\352\330?\2501(\026\370\316\241"
 167      0319EAD8 
 167      3FA83128 
 167      16F8CEA1 
 168 0104 4F6B763C 		.ascii	"Okv<,\271\013#\221p^a\224\277\2436\346\257\350\021\236"
 168      2CB90B23 
 168      91705E61 
 168      94BFA336 
 168      E6AFE811 
 169 0119 504C5461 		.ascii	"PLTa\\\262E\037\264\223\015\021\366\375p\252+GWa\002"
 169      5CB2451F 
 169      B4930D11 
 169      F6FD70AA 
 169      2B475761 
 170 012e 0AAD3E61 		.ascii	"\012\255>a\222\014\"s@\210\370\325\337\223\213\0252"
 170      920C2273 
 170      4088F8D5 
 170      DF938B15 
 170      32
 171 013f E9EC4A72 		.ascii	"\351\354JrL/\272*\275\331tF\256\307\203\005&jpw\247"
 171      4C2FBA2A 
 171      BDD97446 
ARM GAS  C:\Users\Luczia\AppData\Local\Temp\cc5luDAj.s 			page 14


 171      AEC78305 
 171      266A7077 
 172 0154 2499FE1E 		.ascii	"$\231\376\036\024\015=\327\342<\225\016\361x\322\331"
 172      140D3DD7 
 172      E23C950E 
 172      F178D2D9 
 173 0164 F779571E 		.ascii	"\367yW\036\220X]\241ECZ\014\225\026\233&v\272\210\031"
 173      90585DA1 
 173      45435A0C 
 173      95169B26 
 173      76BA8819 
 174 0178 201CB089 		.ascii	" \034\260\211m\226X\034 \333b\347\245\314\016\244\277"
 174      6D96581C 
 174      20DB62E7 
 174      A5CC0EA4 
 174      BF
 175 0189 8A2B105C 		.ascii	"\212+\020\\\236J\335\320\205\276\010\032\244(\311\237"
 175      9E4ADDD0 
 175      85BE081A 
 175      A428C99F 
 176 0199 4634613C 		.ascii	"F4a<\202P\245\300\375\214\200\016\362\305\"\224\377"
 176      8250A5C0 
 176      FD8C800E 
 176      F2C52294 
 176      FF
 177 01aa 4547FBC2 		.ascii	"EG\373\302f\3666:\316 \276\215\246\021\301Uh\331\260"
 177      66F6363A 
 177      CE20BE8D 
 177      A611C155 
 177      68D9B0
 178 01bd 59E82C38 		.ascii	"Y\350,8\220/\343\332\316\270\015\366[q\032 \\\203`\201"
 178      902FE3DA 
 178      CEB80DF6 
 178      5B711A20 
 178      5C836081 
 179 01d1 B48A52C7 		.ascii	"\264\212R\307bk\257\215\346\337\334fbV7\012\357\036"
 179      626BAF8D 
 179      E6DFDC66 
 179      6256370A 
 179      EF1E
 180 01e3 40338BA0 		.ascii	"@3\213\240N\256\263Uh\355\015\265\271\254\024\020A\007"
 180      4EAEB355 
 180      68ED0DB5 
 180      B9AC1410 
 180      4107
 181 01f5 11569EFC 		.ascii	"\021V\236\374\350\314\261\264\244\322G!AJ\250\316\267"
 181      E8CCB1B4 
 181      A4D24721 
 181      414AA8CE 
 181      B7
 182 0206 10582885 		.ascii	"\020X(\205\200\354\377\005\246d\001%S`\253}\360\355"
 182      80ECFF05 
 182      A6640125 
 182      5360AB7D 
 182      F0ED
 183 0218 986291D1 		.ascii	"\230b\221\321*\221L\015]\266\213\022\006\360t:\015\360"
 183      2A914C0D 
ARM GAS  C:\Users\Luczia\AppData\Local\Temp\cc5luDAj.s 			page 15


 183      5DB68B12 
 183      06F0743A 
 183      0DF0
 184 022a D02AB231 		.ascii	"\320*\2621\223qP\214n 6\031\226\016\332\200/\267\362"
 184      9371508C 
 184      6E203619 
 184      960EDA80 
 184      2FB7F2
 185 023d 5C782441 		.ascii	"\\x$A\255?\333g\015\013\245\221y\224\223\202\211\305"
 185      AD3FDB67 
 185      0D0BA591 
 185      79949382 
 185      89C5
 186 024f 0B4B2882 		.ascii	"\013K(\202\304\353nK,\030\026O\310\233L\314M\353Q\350"
 186      C4EB6E4B 
 186      2C18164F 
 186      C89B4CCC 
 186      4DEB51E8 
 187 0263 0D90B1D1 		.ascii	"\015\220\261\321\275&fSv\230\026\366\322\345\313\321"
 187      BD266653 
 187      769816F6 
 187      D2E5CBD1 
 188 0273 F1D19CD2 		.ascii	"\361\321\234\322A\036\014p\032\030;<\206(tYc8\003\245"
 188      411E0C70 
 188      1A183B3C 
 188      86287459 
 188      633803A5 
 189 0287 548125A1 		.ascii	"T\201%\241%\372\245G\366.\302\337\345?P7'\366\220\345"
 189      25FAA547 
 189      F62EC2DF 
 189      E53F5037 
 189      27F690E5 
 190 029b 9A424340 		.ascii	"\232BC@\015\323\004\024VUW\036,\2538\324\324\344\252"
 190      0DD30414 
 190      5655571E 
 190      2CAB38D4 
 190      D4E4AA
 191 02ae F29F39E5 		.ascii	"\362\2379\345\361y\033\316\272\216\371\274\347<\276"
 191      F1791BCE 
 191      BA8EF9BC 
 191      E73CBE
 192 02bd D27A6F63 		.ascii	"\322zoc\255\263\2269N\324\034/w\325xj\375\325\356\323"
 192      ADB39639 
 192      4ED41C2F 
 192      77D5786A 
 192      FDD5EED3 
 193 02d1 FAC9BABA 		.ascii	"\372\311\272\272F\217\337\341nl\364\370\374\256\006"
 193      468FDFE1 
 193      6E6CF4F8 
 193      FCAE06
 194 02e0 B7CF5D6F 		.ascii	"\267\317]ox\353\374\365\015\316\262?r\341.\322"
 194      78EBFCF5 
 194      0DCEB23F 
 194      72E12ED2 
 195              		.text
 196              		.section	.gnu.lto_NVIC_SystemLPConfig.803e9776,"",%progbits
 197 0000 789C8554 		.ascii	"x\234\205T]h\\U\020>s\316\375\377\331\244\320\226*\253"
ARM GAS  C:\Users\Luczia\AppData\Local\Temp\cc5luDAj.s 			page 16


 197      5D685C55 
 197      103E73CE 
 197      FDFFD9A4 
 197      D0962AAB 
 198 0014 84400855 		.ascii	"\204@\010Uh\244\351K\360U\304\007+\201\010>\206\320"
 198      68A4E94B 
 198      F055C407 
 198      2B81083E 
 198      86D0
 199 0026 AE988790 		.ascii	"\256\230\207\220\260YL\337r\263\335fSME0\215\272\254"
 199      B0594CDF 
 199      72B3DD66 
 199      534D4530 
 199      8DBAAC
 200 0039 CD8A8A15 		.ascii	"\315\212\212\025\011\265\352\0327\215\272\335\244\351"
 200      09B5EA1A 
 200      378DBADD 
 200      A4E9
 201 0047 5F7E4C29 		.ascii	"_~L)\205&/\245\332`K\250\264\226\"\245Fg\316\271\233"
 201      85262FA5 
 201      DA604BA8 
 201      B49622A5 
 201      4667CEB9 
 202 005c 4D24A10B 		.ascii	"M$\241\013w\356\334\357~3\363\315\3349k0\306~\327\031"
 202      77EEDCEF 
 202      7E33F3CD 
 202      DC396B30 
 202      C67ED719 
 203 0070 7B03EFC7 		.ascii	"{\003\357\307\360bU\0148\303\213#\030p\201F\023\312"
 203      F062550C 
 203      38C38B23 
 203      18708146 
 203      13CA
 204 0082 D7C8D794 		.ascii	"\327\310\327\224o\220\257\203\211LCZ\223\333\204[\204"
 204      6F90AF83 
 204      894C435A 
 204      93DB845B 
 204      84
 205 0093 5BCA77C8 		.ascii	"[\312w\310\267\301\305\267\216\264.\367\010\367\011"
 205      B7C1C5B7 
 205      8EB42EF7 
 205      08F709
 206 00a2 F7208288 		.ascii	"\367 \202\210/m\004\000\013\003\353\345B\323\015\323"
 206      2F6D0400 
 206      0B03EBE5 
 206      42D30DD3 
 207 00b2 B21DD7F3 		.ascii	"\262\035\327\363#\320\013\203bH@)\275\\\340\273\277"
 207      23D00B83 
 207      62484029 
 207      BD5CE0BB 
 207      BF
 208 00c3 0CF057FC 		.ascii	"\014\360W\374\360D\244?8\262+\213\262\206\005\223?\370"
 208      F044A43F 
 208      38B22B8B 
 208      B2860593 
 208      3FF8
 209 00d5 0E76232B 		.ascii	"\016v#+W\032\355\023\242\016\030\372\267\337\317?\204"
ARM GAS  C:\Users\Luczia\AppData\Local\Temp\cc5luDAj.s 			page 17


 209      571AED13 
 209      A20E18FA 
 209      B7DFCF3F 
 209      84
 210 00e6 FA2F8220 		.ascii	"\372/\202 \031\024\257\246D\340e\005\300\367 0\004\032"
 210      1914AFA6 
 210      44E06505 
 210      C0F72030 
 210      041A
 211 00f8 A3F04294 		.ascii	"\243\360B\224!\300 \017\365H\036\274\2654b\212\2752"
 211      21C0200F 
 211      F5481EBC 
 211      B534628A 
 211      BD32
 212 010a 70E0BDF1 		.ascii	"p\340\275\361\373v\0308\265\353\243\240\010Y\301\341"
 212      FB761838 
 212      B5EBA3A0 
 212      0859C1E1 
 213 011a 878D919C 		.ascii	"\207\215\221\234\301\030\324\023\375\203S\267W\\\361"
 213      C118D413 
 213      FD8353B7 
 213      575CF1
 214 0129 A20C9DCF 		.ascii	"\242\014\235\317g\206\252js\301\015T97bd\202\022\317"
 214      6786AA6A 
 214      73C10D54 
 214      39376264 
 214      8212CF
 215 013c 0A013FCA 		.ascii	"\012\001?\312X\222\211\236\324\213\334\233\247W\217"
 215      5892899E 
 215      D48BDC9B 
 215      A7578F
 216 014b FB860605 		.ascii	"\373\206\006\005\250Um\3008\030\330?\343\370r!\365M"
 216      A8556DC0 
 216      3818D83F 
 216      E3F87221 
 216      F54D
 217 015d 56BC2BB2 		.ascii	"V\274+\262B\003\015\037\357\315f~\213\320\243\0165\370"
 217      42030D1F 
 217      EFCD667E 
 217      8BD0A30E 
 217      35F8
 218 016f F860F6DC 		.ascii	"\370`\366\334\262#^\221%\377\234\236K\273u\237\311\301"
 218      B2235E91 
 218      25FF9C9E 
 218      4BBB759F 
 218      C9C1
 219 0181 5C69CA9C 		.ascii	"\\i\312\234,\246j\262\302\200\237\224\334\011\210\302"
 219      2CA66AB2 
 219      C2809F94 
 219      DC0988C2 
 220 0191 1988AA19 		.ascii	"\031\210\252\031\375\014u\030\360\371\261\231Q\020\315"
 220      FD0C7518 
 220      F0F9B199 
 220      5110CD
 221 01a0 32782EF9 		.ascii	"2x.\371h\301\014\203\027+\301\277l\022\\\204\272SW\364"
 221      68C10C83 
 221      172BC1BF 
ARM GAS  C:\Users\Luczia\AppData\Local\Temp\cc5luDAj.s 			page 18


 221      6C125C84 
 221      BA5357F4 
 222 01b4 62B0FA6F 		.ascii	"b\260\372o:(N7}\232\177\346i\3009\230\034\215%\310h"
 222      3A284E37 
 222      7D9A7FE6 
 222      69C03998 
 222      1C8D25C8 
 223 01c9 F4A89367 		.ascii	"\364\250\223g\220g\222g\221\261\3118\204\271\344yh\014"
 223      90679267 
 223      91B1C938 
 223      84B9E479 
 223      680C
 224 01db 9F4C15D0 		.ascii	"\237L\025\320\370\253\311\335Ff;\320Pw\220\273\223\014"
 224      F8ABC9DD 
 224      46663BD0 
 224      507790BB 
 224      930C
 225 01ed 6303725C 		.ascii	"c\003r\\Gq\334L\334\202\324\342\344\265\202As\312\210"
 225      4771DC4C 
 225      DC82D4E2 
 225      E4B58241 
 225      73CA88
 226 0200 2A947FE6 		.ascii	"*\224\177\346\257\307\2279\215\005\240\032\316\206J"
 226      AFC79739 
 226      8D05A01A 
 226      CE864A
 227 020f 8F0A5126 		.ascii	"\217\012Q&O\361\012\367\354\215o\357\271\212\253Ai\215"
 227      4FF10AF7 
 227      EC8D6FEF 
 227      B98AAB41 
 227      698D
 228 0221 AB95B9D1 		.ascii	"\253\225\271\321\012ubd\360+GQ9L\256Qq\345\305\035H"
 228      0A756264 
 228      F02B4751 
 228      394CAE51 
 228      71E5C51D 
 229 0236 3EB01473 		.ascii	">\260\024s\033<\037\225\270\261\021\257\206\347\024"
 229      1B3C1F95 
 229      B8B111AF 
 229      86E714
 230 0245 8E0742AC 		.ascii	"\216\007B\254@\252F~WL[(\254,\231\275\377\004VV\330"
 230      40AA467E 
 230      574C5B28 
 230      AC2C99BD 
 230      FF045656 
 231 025a C3B87A0C 		.ascii	"\303\270z\014\246\240\227e\004.\246`R\303b\223J\261"
 231      A6A09765 
 231      042EA660 
 231      52C36293 
 231      4AB1
 232 026c 1DD9C347 		.ascii	"\035\331\303GJ\363&\211\340\270\244\347\224\210\207"
 232      4AF32689 
 232      E0B8A4E7 
 232      948887
 233 027b E0615DFD 		.ascii	"\340a]\375\3222`\031\203c\015\253,\177}h>=s\332Q\241"
 233      D2326019 
 233      83630DAB 
ARM GAS  C:\Users\Luczia\AppData\Local\Temp\cc5luDAj.s 			page 19


 233      2C7F7D68 
 233      3E3D73DA 
 234 0291 00D36BFA 		.ascii	"\000\323k\372\355\215:w\226\365;\033\361\035e\375\356"
 234      ED8D3A77 
 234      96F53B1B 
 234      F11D65FD 
 234      EE
 235 02a2 13F59F97 		.ascii	"\023\365\237\227\372\375P\377\322\344\335\202\027\252"
 235      FAFD50FF 
 235      D2E4DD82 
 235      17AA
 236 02b0 A828F6B1 		.ascii	"\250(\366\261\222\375h\371)L\354\220b/\254\366\307\310"
 236      92FD68F9 
 236      294CEC90 
 236      622FACF6 
 236      C7C8
 237 02c2 79539101 		.ascii	"yS\221\001s\367\025&\206t\222lB\260x8\210\300\005\214"
 237      73F71526 
 237      8674926C 
 237      42B07838 
 237      88C0058C 
 238 02d6 BF03A571 		.ascii	"\277\003\245q[q\370\372\211\230rw'J\263\323F\016N\364"
 238      5B71F8FA 
 238      89987277 
 238      274AB3D3 
 238      460E4EF4 
 239 02ea E1F2E2D6 		.ascii	"\341\362\342\326:\230\010.RU|wml|\314o\030\015Rxt]\270"
 239      3A98082E 
 239      52557C77 
 239      6D6C7CCC 
 239      6F180D52 
 240 0302 043938AE 		.ascii	"\00498\256\316\337eh\300\264\311\373iPy\005~q\266\256"
 240      CEDF6568 
 240      C0B4C9FB 
 240      69507905 
 240      7E71B6AE 
 241 0316 792D2C7C 		.ascii	"y-,|\370\357\376\220\241cq\344\221\230\253\357Hl\323"
 241      F8EFFE90 
 241      A16371E4 
 241      9198ABEF 
 241      486CD3
 242 0329 DADA16B5 		.ascii	"\332\332\026\265g*\265g\241!CK\204C\360\303!\234\374"
 242      672AB567 
 242      A121434B 
 242      8443F0C3 
 242      219CFC
 243 033c 3A9C81F1 		.ascii	":\234\201\361\377\206\315M\253\030[T\231\253T\231/w"
 243      FF86CD4D 
 243      AB185B54 
 243      99AB5499 
 243      2F77
 244 034e 783D4C6D 		.ascii	"x=Lm\205-\256\366\177\254+\304FP6}\341Y\0058\345\256"
 244      852DAEF6 
 244      7FAC2BC4 
 244      4650367D 
 244      E1590538 
 245 0364 1F97BB76 		.ascii	"\037\227\273vQ\001\022\237\324\265\263\205\236_+z\026"
ARM GAS  C:\Users\Luczia\AppData\Local\Temp\cc5luDAj.s 			page 20


 245      5101129F 
 245      D4B5B385 
 245      9E5F2B7A 
 245      16
 246 0375 A86B5776 		.ascii	"\250kWv\215\377\362\342.$sc\237\310\214r-\007h\221\360"
 246      8DFFF2E2 
 246      2E247363 
 246      9FC88C72 
 246      2D076891 
 247 038a 74D7B6BC 		.ascii	"t\327\266\274\276\277q\357\313\373\016\035jmI\034l\216"
 247      BEBF71EF 
 247      CBFB0E1D 
 247      6A6D491C 
 247      6C8E
 248 039c C5DBBBDE 		.ascii	"\305\333\273\336j})\336\376v,\336\320\321\336}`\317"
 248      6A7D29DE 
 248      FE762CDE 
 248      D0D1DE7D 
 248      60CF
 249 03ae 01E6BDDA 		.ascii	"\001\346\275\332\331\323\334\331\023\213\357\357<\030"
 249      D9D3DCD9 
 249      138BEFEF 
 249      3C18
 250 03bc B35E8BF5 		.ascii	"\263^\213\365\264$\332\0221\257\255\273;\026O\264v\265"
 250      B424DA12 
 250      31AFADBB 
 250      3B164FB4 
 250      76B5
 251 03ce C5DB3ACC 		.ascii	"\305\333:\314\3667\023\035]{\032\303\373\276\377\000"
 251      F637131D 
 251      5D7B1AC3 
 251      FBBEFF00 
 252 03de DEB6CAF3 		.ascii	"\336\266\312\363"
 253              		.text
 254              		.section	.gnu.lto_SysTick_CLKSourceConfig.803e9776,"",%progbits
 255 0000 789C8554 		.ascii	"x\234\205T]H\223Q\030>\357w\276_\267)uU !\222\210\005"
 255      5D489351 
 255      183EEF77 
 255      BE5FB729 
 255      75552021 
 256 0017 0DFAA11B 		.ascii	"\015\372\241\033\357\224n,\020\346EwC\326\242\021\222"
 256      EF946E2C 
 256      10E64577 
 256      43D6A211 
 256      92
 257 0028 6C1676B5 		.ascii	"l\026v\265/\235\177)$\244Fc\330\304Bo\312J\315\264U"
 257      2F9D7F29 
 257      24A44663 
 257      D8C4426F 
 257      CA4ACDB4 
 258 003d 7396FDA1 		.ascii	"s\226\375\241\222\210\220AIY\226\230aT\010\231\353="
 258      92889041 
 258      49599698 
 258      61540899 
 258      EB3D
 259 004f E74C97A1 		.ascii	"\347L\227\241\364\301w\366~\357y\316\373<\317{^\246"
 259      F4C177F6 
ARM GAS  C:\Users\Luczia\AppData\Local\Temp\cc5luDAj.s 			page 21


 259      7EEF79CE 
 259      FB3CCF7B 
 259      5EA6
 260 0061 12420A65 		.ascii	"\022B\012eB\012\360\367(\276$\205\200D\360\2250iJ\024"
 260      420AF0F7 
 260      28BE2485 
 260      8044F095 
 260      30694A14 
 261 0075 17998A58 		.ascii	"\027\231\212Xa\261\014*\356*|U%\215\345u\226\327\300"
 261      61B10C2A 
 261      EE2A7C55 
 261      258DE575 
 261      96D7C0
 262 0088 C08CCE57 		.ascii	"\300\214\316W\003\000\013\001\361KTVTM7\300\017\015"
 262      03000B01 
 262      F14B5456 
 262      544D37C0 
 262      0F0D
 263 009a B48942AC 		.ascii	"\264\211B\254\346c\277\224\323a\342\023\275\264\222"
 263      E663BF94 
 263      D361E213 
 263      BDB492
 264 00a9 5A6D566D 		.ascii	"ZmVm\013!C\013%\374\201n\310A\324\313\300\315\020\255"
 264      0B21430B 
 264      25FC816E 
 264      C841D4CB 
 264      C0CD10AD 
 265 00bd A7210A20 		.ascii	"\247!\012 \343\347\342H\360}*\373\224 \003?/\264^\236"
 265      E3E7E248 
 265      F07D2AFB 
 265      9420033F 
 265      2FB45E9E 
 266 00d1 D5681610 		.ascii	"\325h\026\020\214\353\273#\023\326\354k\246YaF\227\257"
 266      8CEBBB23 
 266      13D6EC6B 
 266      A6596146 
 266      97AF
 267 00e3 52736788 		.ascii	"Rsg\210R\270\003\024\013B/\244C\017\244\023L\021\350"
 267      52B80314 
 267      0B422FA4 
 267      430FA413 
 267      4C11E8
 268 00f6 836C86BF 		.ascii	"\203l\206\277\330\365y\336B\017\362\263c\275\301\246"
 268      D8F579DE 
 268      420FF2B3 
 268      63BDC1A6 
 269 0106 B4CCB039 		.ascii	"\264\314\2609\215ZF\257\250A3&\205\250\014w\371i&\006"
 269      8D5A46AF 
 269      A8413326 
 269      85A80C77 
 269      F9692606 
 270 011a 23AE0AB1 		.ascii	"#\256\012\261\357n\2554\333T\031\372!S\210\205\001l"
 270      EF6EAD34 
 270      DB5419FA 
 270      21538885 
 270      016C
 271 012c 009A04DC 		.ascii	"\000\232\004\334\234\351Y\252\263\321|^\264\277\341"
ARM GAS  C:\Users\Luczia\AppData\Local\Temp\cc5luDAj.s 			page 22


 271      9CE959AA 
 271      B3D17C5E 
 271      B4BFE1
 272 013b 47AD91D5 		.ascii	"G\255\221\325\316\015\216\347\006;\243\201\214\020U"
 272      CE0D8EE7 
 272      063BA381 
 272      8C1055
 273 014a E0DE7A49 		.ascii	"\340\336zI\274|\004\262\272\306\225\250\271\022\257"
 273      BC7C04B2 
 273      BAC695A8 
 273      B912AF
 274 0159 31A3C3B9 		.ascii	"1\243\303\271m_vl\005\024\253J\270h\224E2\213\024\026"
 274      6D5F766C 
 274      0514AB4A 
 274      B8689445 
 274      328B1416 
 275 016d A92CD258 		.ascii	"\251,\322X\244\263\310\300E\261\000see\241\215-\204"
 275      A4B3C8C0 
 275      45B10073 
 275      6565A18D 
 275      2D84
 276 017f D472BD75 		.ascii	"\324r\275u\024\257\217~\200\300\324\320dDeB\203\324"
 276      14AF8F7E 
 276      80C0D4D0 
 276      64446542 
 276      83D4
 277 0191 82D206A7 		.ascii	"\202\322\006\247o/ZX\033)\310p?\241\242\016\233#\300"
 277      6F2F5A58 
 277      1B29C870 
 277      3FA1A20E 
 277      9B23C0
 278 01a4 7949E468 		.ascii	"yI\344h\373\2156U \177\305\343\3614x\260\206\3069\240"
 278      FB8D3655 
 278      207FC5E3 
 278      F13478B0 
 278      86C639A0 
 279 01b8 7350F15D 		.ascii	"sP\361]\027h\033\354N\347ye}\336\012\273D\036\247\204"
 279      17681BEC 
 279      4EE77965 
 279      7DDE0ABB 
 279      441EA784 
 280 01cc CE432083 		.ascii	"\316C \203\367\213\365\247\177\376\265\346\377m\352"
 280      F78BF5A7 
 280      7FFEB5E6 
 280      FF6DEA
 281 01db 21AAB750 		.ascii	"!\252\267P\326\300\207\340'Aj`\353\011\327\374&bM(Y"
 281      D6C087E0 
 281      27416A60 
 281      EB09D7FC 
 281      26624D28 
 282 01f0 15F9130C 		.ascii	"\025\371\023\014d\222\247\276m\307\302\212\204U\265"
 282      6492A7BE 
 282      6DC7C28A 
 282      8455B5
 283 01ff 04DBA791 		.ascii	"\004\333\247\221\331\024\001f\367\360v\2411n0\331*4"
 283      D9140166 
 283      F7F076A1 
ARM GAS  C:\Users\Luczia\AppData\Local\Temp\cc5luDAj.s 			page 23


 283      316E30D9 
 283      2A34
 284 0211 462BCD54 		.ascii	"F+\315T\210\342\3719\210\015\030\002#!\246\245*6\246"
 284      88E2F939 
 284      880D1802 
 284      2321A6A5 
 284      2A36A6
 285 0224 090C9313 		.ascii	"\011\014\223\023\211\215\014\253ah=\207\367\205\027"
 285      898D0CAB 
 285      61683D87 
 285      F78517
 286 0233 853C0083 		.ascii	"\205<\000\203\214\025\367&\373\006\372l\366\353f\000"
 286      8C15F726 
 286      FB06FA6C 
 286      F6EB6600 
 287 0243 42340562 		.ascii	"B4\005b\020\206f1\027C`'\177y\245\011\236\312\245j\020"
 287      10866631 
 287      17436027 
 287      7F79A509 
 287      9ECAA56A 
 288 0258 195970AD 		.ascii	"\031Yp\255\215\261\206\015\177$\264L\234\347\230\015"
 288      8DB1860D 
 288      7F24B44C 
 288      9CE7980D 
 289 0268 A9E926D4 		.ascii	"\251\351&\324\217\223\324\303`\017\262;\300\036\350"
 289      8F93D4C3 
 289      600FB23B 
 289      C01EE8
 290 0277 891E74BE 		.ascii	"\211\036t\276\322\004\253\362\257\337\215Y\224MX\236"
 290      D204ABF2 
 290      AFDF8D59 
 290      944D589E 
 291 0287 24599EAE 		.ascii	"$Y\236\2567\250\255\032\\^5\250\213\342\035S3\2614a"
 291      37A8AD1A 
 291      5C5E35A8 
 291      8BE21D53 
 291      33B13461 
 292 029b 50CCC9B3 		.ascii	"P\314\311\263\377\233\3246\241\177\236\244\177\301L"
 292      FF9BD436 
 292      A17F9EA4 
 292      7FC14C
 293 02aa EADC24FE 		.ascii	"\352\334$\376\231\320\005\250\010\177m\345\025\371\020"
 293      99D005A8 
 293      087F6DE5 
 293      15F910
 294 02b9 D6B2B1C1 		.ascii	"\326\262\261\301\021\317t\024\035\331\267\367\320\376"
 294      11CF7414 
 294      1DD9B7F7 
 294      D0FE
 295 02c7 F272A7A3 		.ascii	"\362r\247\243\354X\241\333\353)=\341\314\367z\316\270"
 295      EC58A1DB 
 295      EB293DE1 
 295      CCF77ACE 
 295      B8
 296 02d8 BDF6128F 		.ascii	"\275\366\022\217\317\265\307E\2668\316\372\212<\256"
 296      CFB5C745 
 296      B638CEFA 
ARM GAS  C:\Users\Luczia\AppData\Local\Temp\cc5luDAj.s 			page 24


 296      8A3CAE
 297 02e7 93CEBCC3 		.ascii	"\223\316\274\303\005\216S\247\275.\267\265\330\347s"
 297      058E53A7 
 297      BD2EB7B5 
 297      D8E773
 298 02f6 7BCB9CA5 		.ascii	"{\313\234\245\305\336\342\022\315s\274\254\244t\317"
 298      C5DEE212 
 298      CD73BCAC 
 298      A474CF
 299 0305 813FCBD9 		.ascii	"\201?\313\331]d"
 299      5D64
 300              		.text
 301              		.section	.gnu.lto_.symbol_nodes.803e9776,"",%progbits
 302 0000 789C55CA 		.ascii	"x\234U\312\273\015\203@\020\204\341\177\3568\213\262"
 302      BB0D8340 
 302      1084E17F 
 302      EE388BB2 
 303 0010 A0B2C52F 		.ascii	"\240\262\305/\220\034\271\003\007t\001\241s\367`9u\015"
 303      901CB903 
 303      077401A1 
 303      73F76039 
 303      750D
 304 0022 96F74020 		.ascii	"\226\367@ ]\260\232\321\267s\000f?\302I\006\367\027"
 304      5DB09AD1 
 304      B7730066 
 304      3FC24906 
 304      F717
 305 0034 784CC7D6 		.ascii	"xL\307\326\345,S)\027Y(\345*\213\245\364\262\252\020"
 305      E52C5329 
 305      175928E5 
 305      2A8BA5F4 
 305      B2AA10
 306 0047 0DB2B408 		.ascii	"\015\262\264\010t]\003\221\304\330\177\037uT\342\263"
 306      745D0391 
 306      C4D87F1F 
 306      7554E2B3 
 307 0057 97612BB7 		.ascii	"\227a+\267\\B\342\371\376\2659\327m\364O\006\317q\231"
 307      5C42E2F9 
 307      FEB539D7 
 307      6DF44F06 
 307      CF7199
 308 006a 56EB823F 		.ascii	"V\353\202?\345\2324\242"
 308      E59A34A2 
 309              		.text
 310              		.section	.gnu.lto_.refs.803e9776,"",%progbits
 311 0000 789C6363 		.ascii	"x\234cc```\004b\006\000\000D\000\010"
 311      60606004 
 311      62060000 
 311      440008
 312              		.text
 313              		.section	.gnu.lto_.decls.803e9776,"",%progbits
 314 0000 789CBD58 		.ascii	"x\234\275XkP\024Y\226\256\233\267\200\342!\030ht\273"
 314      6B501459 
 314      96AE9BB7 
 314      80E22118 
 314      6874BB
 315 0013 BDC48663 		.ascii	"\275\304\206c\020\321\304\354\216\370\350\215vwcw\033"
ARM GAS  C:\Users\Luczia\AppData\Local\Temp\cc5luDAj.s 			page 25


 315      10D1C4EC 
 315      8EF8E88D 
 315      76776377 
 315      1B
 316 0024 0B1DD9D1 		.ascii	"\013\035\331\321n\246p\214\230\031#\030\204rdZ\300\205"
 316      6EA6708C 
 316      98192318 
 316      8472645A 
 316      C085
 317 0036 62437F6C 		.ascii	"bC\177lD\"\210 j\203\"\362\320\006\001Q\033\025P\001"
 317      44228820 
 317      6A8322F2 
 317      D0060151 
 317      1B155001 
 318 004a 15159087 		.ascii	"\025\025\220\207\210\362\020\305'P\210\200\212\310\323"
 318      88F210C5 
 318      27508880 
 318      8AC8D3
 319 0059 1788B0E7 		.ascii	"\027\210\260\347>\2622I\251v~Ll\006\207\254\233\367"
 319      3EB23249 
 319      A9767E4C 
 319      6C0687AC 
 319      9BF7
 320 006b BBE77CE7 		.ascii	"\273\347|\347\234\3738\231\266\032\215f\357?h4MX\243"
 320      9CFB3899 
 320      B61A8D66 
 320      EF3F6834 
 320      4D58A3
 321 007e 59256834 		.ascii	"Y%h4Sp\331\302\263J\215|\221v-H\037\310 \310+\2207 "
 321      5370D9C2 
 321      B34A8D7C 
 321      91762D48 
 321      1FC820C8 
 322 0096 639A8FAF 		.ascii	"c\232\217\257=H\243q\204\373\237@\\A\346\202T\200\274"
 322      3D48A371 
 322      84FB9F40 
 322      5C41E682 
 322      5480BC
 323 00a9 03F903C8 		.ascii	"\003\371\003\310w\320\377%\334}\341\276\006\344\357"
 323      77D0FF25 
 323      DC7DE1BE 
 323      06E4EF
 324 00b8 40E04FF3 		.ascii	"@\340O\363_\360O\340vf\322\333\012\375\237\253\364>"
 324      5FF04FE0 
 324      7666D2DB 
 324      0AFD9FAB 
 324      F43E
 325 00ca E57A6F71 		.ascii	"\345zoq\335\017A\334@\014H\266\223\016\367^\270\267"
 325      DD0F41DC 
 325      400C48B6 
 325      930EF75E 
 325      B8B7
 326 00dc AB6CFE1E 		.ascii	"\253l\376\036\332\251p7\202\374\022$\002D\007\317\314"
 326      DAA97037 
 326      82FC1224 
 326      024407CF 
 326      CC
ARM GAS  C:\Users\Luczia\AppData\Local\Temp\cc5luDAj.s 			page 26


 327 00ed 205D209D 		.ascii	" ] \235\234S\007\334\343\341\036\007\262\233s\354\263"
 327      9C5307DC 
 327      E3E11E07 
 327      B29B73EC 
 327      B3
 328 00fe C2D10CFD 		.ascii	"\302\321\014\375N?\343\273\201s\"\334\324\376\257\340"
 328      4E3FE3BB 
 328      817322DC 
 328      D4FEAFE0 
 329 010e BA07ADE8 		.ascii	"\272\007\255\350~\256\320}\213\373\363Na\347\347b\373"
 329      7EAED07D 
 329      8BFBF34E 
 329      61E7E762 
 329      FB
 330 011f EF5CF72B 		.ascii	"\357\\\367++\272_~\"g\307\025z\363\024z3\271^ks!\031"
 330      2BBA5F7E 
 330      2267C715 
 330      7AF3147A 
 330      33B95E6B 
 331 0136 A3FC7D4F 		.ascii	"\243\374}O\016j\315\250\235\300\321l\204\370H\345E\332"
 331      0E6ACDA8 
 331      9DC0D16C 
 331      84F848E5 
 331      45DA
 332 0148 53D245FA 		.ascii	"S\322E\372\031@@R'C\251\207\321>\304D\320\310Xy\204"
 332      19404052 
 332      2743A987 
 332      D13EC444 
 332      D0C85879 
 333 015d 42AB6230 		.ascii	"B\253b0\242\227\206RQr\241\3148=$\233G\026\214\204W"
 333      A2978652 
 333      5172A1CC 
 333      383D249B 
 333      47168C84 
 334 0172 68459641 		.ascii	"hE\226A\037\263\203\013\363 \264\366\357>\355\324\211"
 334      1FB3830B 
 334      F320B4F6 
 334      EF3EEDD4 
 334      89
 335 0183 3A000AD3 		.ascii	":\000\012\323.Q\027\202\310S\363\261\314\233\263\260"
 335      2E511782 
 335      C853F3B1 
 335      CC9BB3B0 
 336 0193 407FC734 		.ascii	"@\177\3074\324\3648\341\277\247\277\237\276ni\021\026"
 336      D4F438E1 
 336      BFA7BF9F 
 336      BE6E6911 
 336      16
 337 01a4 9E14D9A5 		.ascii	"\236\024\331\245\373_\015*AX\212g{\335\211|\234\200"
 337      FB5F0D2A 
 337      41588A67 
 337      7BDD897C 
 337      9C80
 338 01b6 D1970E88 		.ascii	"\321\227\016\210Pp\201G\005\375\027\306f\261G\004\321"
 338      50708147 
 338      05FD17C6 
 338      66B14704 
ARM GAS  C:\Users\Luczia\AppData\Local\Temp\cc5luDAj.s 			page 27


 338      D1
 339 01c7 F2C348AE 		.ascii	"\362\303H\256\035^I\177\337\212)<D\320\256\016H\013"
 339      1D5E497F 
 339      DF8A293C 
 339      44D0AE0E 
 339      480B
 340 01d9 CDE186F4 		.ascii	"\315\341\206\364'\316\320\234\353\200\346'c\301\374"
 340      27CED09C 
 340      EB80E627 
 340      63C1FC
 341 01e8 E07D9B33 		.ascii	"\340}\2333r\360\210\023\305\355bV\264h\277J\203.!7T"
 341      72F08813 
 341      C5ED6256 
 341      B468BF4A 
 341      832E2137 
 342 01fd 86DC34E8 		.ascii	"\206\3344\350\012\362 \032K\321B\015\272\000\017\317"
 342      0AF2201A 
 342      4BD1420D 
 342      BA000FCF 
 343 020d C3C33C42 		.ascii	"\303\303<B\250\242)\375?\322FDq>\272\214\034\320E\204"
 343      A8A229FD 
 343      3FD24644 
 343      713EBA8C 
 343      1CD04584 
 344 0221 290642F0 		.ascii	")\006B\360\245\003\243x\"7)\333\026\237G\204\201P\226"
 344      A503A378 
 344      223729DB 
 344      169F4784 
 344      815096
 345 0234 D1532358 		.ascii	"\321S#X\263Qi\335\306\371\005\265;DQ@\025`\243\\\266"
 345      B35169DD 
 345      C6F905B5 
 345      3B445140 
 345      1560A35C 
 346 0249 01269991 		.ascii	"\001&\231\221k\307\213+\221\026\362N\021\241Z\362\254"
 346      6BC78B2B 
 346      9116F24E 
 346      11A15AF2 
 346      AC
 347 025a 66EA6D85 		.ascii	"f\352m\205\013\363V \201\030\272y\330\221y;\033\232"
 347      0BF35620 
 347      8118BA79 
 347      D891793B 
 347      1B9A
 348 026c 076F675F 		.ascii	"\007og_\2345/\205\250O\214\026g\013\350O\237\241j0Z"
 348      9C352F85 
 348      A84F8C16 
 348      670BE84F 
 348      9FA16A30 
 349 0281 054635A8 		.ascii	"\005F5\250\006\315\203\377W\221\226\251\177\333\224"
 349      06CD83FF 
 349      579196A9 
 349      7FDB94
 350 0290 35E2B020 		.ascii	"5\342\260 K\314\252\020+\006o,\373\361f\254\330\014"
 350      4BCCAA10 
 350      2B066F2C 
 350      FBF166AC 
ARM GAS  C:\Users\Luczia\AppData\Local\Temp\cc5luDAj.s 			page 28


 350      D80C
 351 02a2 03BFA140 		.ascii	"\003\277\241@T,\023*&\251A\347P'Bg\021\254\177T\213"
 351      542C132A 
 351      26A941E7 
 351      50274267 
 351      11AC7F54 
 352 02b7 16C0F894 		.ascii	"\026\300\370\224\312+\315Z\\\301\222;\020\323\323\311"
 352      CA2BCD5A 
 352      5CC1923B 
 352      10D3D3C9 
 353 02c7 89CC23B3 		.ascii	"\211\314#\263\241n\3709\306\365\254\257`G\367\011\035"
 353      A16EF839 
 353      C6F5ACAF 
 353      6047F709 
 353      1D
 354 02d8 F4B9413E 		.ascii	"\364\271A>\221\"\231n,\231\347*FOiq\017\305\012E\247"
 354      9122996E 
 354      2C99E72A 
 354      464F6971 
 354      0FC50A45 
 355 02ed BAFF823C 		.ascii	"\272\377\202<\034\244,,\334\261\223D\250\021\374\277"
 355      1CA42C2C 
 355      DCB19344 
 355      A811FCBF 
 356 02fd 29137223 		.ascii	")\023r#\001\242\321\026sD<O\203\226\272\241E\020\353"
 356      01A2D116 
 356      73443C4F 
 356      8396BAA1 
 356      4510EB
 357 0310 0688B51B 		.ascii	"\006\210\265\033\217\365\015p\273\036\334&\311\312<"
 357      8FF50D70 
 357      BB1EDC26 
 357      C9CA3C
 358 031f 5E3D0B0F 		.ascii	"^=\013\0172\003\035\247\006\033\261l\341\374\202\263"
 358      32031DA7 
 358      061BB16C 
 358      E1FC82B3 
 359 032f 3407B7C0 		.ascii	"4\007\267\300B\223l\241\021Y1\321<\263\211\330\254\323"
 359      42936CA1 
 359      115931D1 
 359      3CB389D8 
 359      ACD3
 360 0341 3AFC96B9 		.ascii	":\374\226\271\373C\354\273\203:\234\206i#\366jv\263"
 360      FB43ECBB 
 360      833A9C86 
 360      6923F66A 
 360      76B3
 361 0353 033EC11A 		.ascii	"\003>\301\032Y\315\273\237\012\370\022k\034\256\272"
 361      59CDBB9F 
 361      0AF8126B 
 361      1CAEBA
 362 0362 DFE40CD9 		.ascii	"\337\344\014\331E\255`\366\037\335hJ\336\034yt]\300"
 362      45AD60F6 
 362      1FDD684A 
 362      DE1C7974 
 362      5DC0
 363 0374 550C90DB 		.ascii	"U\014\220\333\177\277T \200{\000\370\245\033\272\213"
ARM GAS  C:\Users\Luczia\AppData\Local\Temp\cc5luDAj.s 			page 29


 363      7FBF5420 
 363      807B00F8 
 363      A51BBA8B 
 364 0384 C80C109E 		.ascii	"\310\014\020\236\344\235\351\026\220\207\2169`\036["
 364      E49DE916 
 364      90878E39 
 364      601E5B
 365 0393 56BE9D38 		.ascii	"V\276\2358\360\020\3514\234=\271b)\365\350(\231\272"
 365      F010E934 
 365      9C3DB962 
 365      29F5E828 
 365      99BA
 366 03a5 86400802 		.ascii	"\206@\010\002=\000\037\356#\255\222\377\300\321}\243"
 366      3D001FEE 
 366      23AD92FF 
 366      C0D17DA3 
 367 03b5 08C76869 		.ascii	"\010\307hi\210\342\337\367\272X\0144\326\331\302\002"
 367      88E2DFF7 
 367      BA580C34 
 367      D6D9C202 
 368 03c5 85CD4D87 		.ascii	"\205\315M\207\036\311\361!\326f2\202\332@\267u;\266"
 368      1EC9F121 
 368      D6663282 
 368      DA40B775 
 368      3BB6
 369 03d7 7B3E3C1A 		.ascii	"{><\032\235\205\334\335\335=\334\347d\223\321\025Ow"
 369      9D85DCDD 
 369      DD3DDCE7 
 369      6493D115 
 369      4F77
 370 03e9 E177259D 		.ascii	"\341w%\235\242\030\353Dsp\033l<As$u\236\204\367br\336"
 370      A218EB44 
 370      73701B6C 
 370      3C417324 
 370      759E84F7 
 371 0400 31F464EA 		.ascii	"1\364d\352g\333\243\305\324E\224\317\235\031\260uH\006"
 371      67DBA3C5 
 371      D44594CF 
 371      9D19B075 
 371      4806
 372 0412 DF4DFD2C 		.ascii	"\337M\375,\212\202\211\342\3533\200\253)\230\371\371"
 372      8A8289E2 
 372      EB3380AB 
 372      2998F9F9 
 373 0422 2605133F 		.ascii	"&\005\023?\001\242\014#S4P\212S\305\212(L\025\265\314"
 373      01A20C23 
 373      5334508A 
 373      53C58A28 
 373      4C15B5CC 
 374 0436 A06829D1 		.ascii	"\240h)\321\223D\227\035\010\331y\245\365\257\241X\022"
 374      9344971D 
 374      08D979A5 
 374      F5AFA158 
 374      12
 375 0447 8DC7108D 		.ascii	"\215\307\020\215\016\344\216\272@:A\314\310]\332\360"
 375      0EE48EBA 
 375      403A41CC 
ARM GAS  C:\Users\Luczia\AppData\Local\Temp\cc5luDAj.s 			page 30


 375      C85DDAF0 
 376 0457 76D7167F 		.ascii	"v\327\026\177\201KY\360\357\3559\233\214\220\307\034"
 376      814B59F0 
 376      EFED399B 
 376      8C90C71C 
 377 0467 C6EA6E1A 		.ascii	"\306\352n\032\215~/\350\350\226\243OHZ\261\207z\300"
 377      8D7E2FE8 
 377      E896A34F 
 377      485AB187 
 377      7AC0
 378 0479 CC5F6132 		.ascii	"\314_a2\377Ua\253\243\323.\313\216EM\310\244\237\"'"
 378      FF5561AB 
 378      A3D32ECB 
 378      8E454DC8 
 378      A49F2227 
 379 048d 0EEC9C4C 		.ascii	"\016\354\234Lx\350L7!x\3067\241\372]%\005\310\3526\363"
 379      78E84C37 
 379      2178C637 
 379      A1FA5D25 
 379      05C8EA36 
 380 04a2 9C6E33CF 		.ascii	"\234n3\317\244m\346\376\315\272F\301\262\315\314?!o"
 380      A46DE6FE 
 380      CDBA46C1 
 380      B2CDCC3F 
 380      216F
 381 04b4 330044D7 		.ascii	"3\000D\327d\257\256\251\267\231>\272\315\264\374d~\354"
 381      64AFAEA9 
 381      B7993EBA 
 381      CDB4FC64 
 381      7EEC
 382 04c6 8CEB6874 		.ascii	"\214\353htf\334\022o\274=V\256\265<\353\247\253\004"
 382      66DC126F 
 382      BC3D56AE 
 382      B53CEBA7 
 382      AB04
 383 04d8 0D5FE948 		.ascii	"\015_\351H\021\254R\034\240\024_J\024\323.\034z\341"
 383      11AC521C 
 383      A0145F4A 
 383      14D32E1C 
 383      7AE1
 384 04ea C429762D 		.ascii	"\304)v-L\027+`V\303\222\002\024z!\363{\241\3467H\371"
 384      4C172B60 
 384      56C39202 
 384      147A21F3 
 384      7BA1E637 
 385 0500 DDB99F57 		.ascii	"\335\271\237Wi\207\333\030\277\244\3143\343,Zd\2022"
 385      6987DB18 
 385      BFA4CC33 
 385      E32C5A64 
 385      8232
 386 0512 7E318587 		.ascii	"~1\205\207/;\322gd\372\0143~\351\303\203\2656V\371\215"
 386      2F3BD267 
 386      64FA0C33 
 386      7EE9C383 
 386      B53656F9 
 387 0527 527E2312 		.ascii	"R~#\022?\363\255\262\011[\316o|\231\205\037\240\320"
 387      3FF3ADB2 
ARM GAS  C:\Users\Luczia\AppData\Local\Temp\cc5luDAj.s 			page 31


 387      095BCE6F 
 387      7C99851F 
 387      A0D0
 388 0539 90CC6F48 		.ascii	"\220\314oH\315\357\025\345\227\271\243h\002\343!\306"
 388      CDEF15E5 
 388      97B9A368 
 388      02E321C6 
 389 0549 6FE44063 		.ascii	"o\344@c\233\243\244\351\337,\232\310\206\377Z\326\364"
 389      9BA3A4E9 
 389      DF2C9AC8 
 389      86FF5AD6 
 389      F4
 390 055a 5AADE90D 		.ascii	"Z\255\351\015\325\264\277\340y\277#\216\263\241\232"
 390      D5B4BFE0 
 390      79BF238E 
 390      B3A19A
 391 0569 4EEE9E4A 		.ascii	"N\356\236J\236\346\300\037\034\024\016\274#\016\360"
 391      9EE6C01F 
 391      1C140EBC 
 391      230EF0
 392 0578 19D43899 		.ascii	"\031\3248\231h&\321\355$\273I\246m\272xU \375\350-;"
 392      6826D1ED 
 392      24BB49A6 
 392      6DBA7855 
 392      20FDE82D 
 393 058d F1A5BB06 		.ascii	"\361\245\273\006\215Q+'\033\256\265\361\363<\216\234"
 393      8D512B27 
 393      1BAEB5F1 
 393      F33C8E9C 
 394 059d 1653CF1F 		.ascii	"\026S\317\037\344\330\263\366\020\315\354\304\341R\336"
 394      E4D8B3F6 
 394      10CDECC4 
 394      E152DE
 395 05ac 9E0BCD0F 		.ascii	"\236\013\315\017\346\304D;v\360d\021\370\343\366\247"
 395      E6C4443B 
 395      76F06411 
 395      F8E3F6A7 
 396 05bc BB9CF101 		.ascii	"\273\234\361\001F\262?5!\332\305!\216\220d\263\034\006"
 396      46B23F35 
 396      21DAC521 
 396      8E9064B3 
 396      1C06
 397 05ce C9937C8A 		.ascii	"\311\223|\212l\362\260\200i\223d\262\275'\305\3115\221"
 397      6CF2B080 
 397      699364B2 
 397      BD27C5C9 
 397      3591
 398 05e0 2FAB6FB4 		.ascii	"/\253o\264t>}\000\370\004\205\213\202\2534\210\240\267"
 398      743E7D00 
 398      F804858B 
 398      82AB3488 
 398      A0B7
 399 05f2 973D48E2 		.ascii	"\227=H\342'q'i\027\267\334{c\2173\231\341\007)\273\372"
 399      27712769 
 399      17B7DC7B 
 399      638F3399 
 399      E10729BB 
ARM GAS  C:\Users\Luczia\AppData\Local\Temp\cc5luDAj.s 			page 32


 400 0607 6D88E168 		.ascii	"m\210\341h0\034\367\311\202\200\354\366\275E\203\366"
 400      301CF7C9 
 400      8280ECF6 
 400      BD4583F6 
 401 0617 4AE3D1C2 		.ascii	"J\343\321\302\317\030\277\335{$\306\211\031o\326(\352"
 401      CF18BFDD 
 401      7B24C689 
 401      196FD628 
 401      EA
 402 0628 00575607 		.ascii	"\000WV\007\224\364^\257u`A\021IP\312j[`\377\313e\334"
 402      94F45EAF 
 402      75604111 
 402      4950CA6A 
 402      5B60FFCB 
 403 063e AE8E141E 		.ascii	"\256\216\024\036\343c1Y\340\211US\326c\264K\3401\212"
 403      E3633159 
 403      E0895553 
 403      D663B44B 
 403      E0318A
 404 0651 1728CDD7 		.ascii	"\027(\315\327\211\205+\325!\332)\270\241X\201\240\023"
 404      89852BD5 
 404      21DA29B8 
 404      A15881A0 
 404      13
 405 0662 284B3A86 		.ascii	"(K:\206\256\253\303}\247\005\265OV\321\0115\305\265"
 405      AEABC37D 
 405      A705B54F 
 405      56D10935 
 405      C5B5
 406 0674 3CF175A4 		.ascii	"<\361u\244\335;y\266\336\016\237`\244\367\357{W\257"
 406      DD3B79B6 
 406      DE0E9F60 
 406      A4F7EF7B 
 406      57AF
 407 0686 C3A758A3 		.ascii	"\303\247X\243t \277t\026CV\320\305T\366\252\336\206"
 407      7420BF74 
 407      164356D0 
 407      C554F6AA 
 407      DE86
 408 0698 B5758AEE 		.ascii	"\265u\212\356\271\274{4\177\350\250-.bc\223\206F\366"
 408      B9BC7B34 
 408      7FE8A82D 
 408      2E626393 
 408      8646F6
 409 06ab DB5A7537 		.ascii	"\333Zu7Yrw\021\365\266\2648gP\247vw\0378\220D\0358@"
 409      59727711 
 409      F5B6B438 
 409      6750A776 
 409      771F3890 
 410 06c3 1D48961C 		.ascii	"\035H\226\034(\213\312m\305jw\255\242\217\367\036\332"
 410      288BCA6D 
 410      C56A77AD 
 410      A28FF71E 
 410      DA
 411 06d4 CBD3B00C 		.ascii	"\313\323\260\014\232\251cG\372f\341bF2\265\245h\205"
 411      9AA96347 
 411      FA66E162 
ARM GAS  C:\Users\Luczia\AppData\Local\Temp\cc5luDAj.s 			page 33


 411      4632B5A5 
 411      6885
 412 06e6 347B3E5D 		.ascii	"4{>]N\302\200\227\003\023\005\316\370\"\033]Vz\251\226"
 412      4EC28097 
 412      031305CE 
 412      F8221B5D 
 412      567AA996 
 413 06fa 876311D9 		.ascii	"\207c\021\331\352OV6:\342r\3267\221\230y\326\036\327"
 413      EA4F5636 
 413      3AE272D6 
 413      37919879 
 413      D61ED7
 414 070d B046C668 		.ascii	"\260F\306h\373s\276\224<\310\304\310\371q\237=\256g"
 414      FB73BE94 
 414      3CC8C4C8 
 414      F9719F3D 
 414      AE67
 415 071f 7D538971 		.ascii	"}S\211qiv\270\2115\244\242\332\225\026\325(\27119\307"
 415      6976B889 
 415      35A4A2DA 
 415      9516D528 
 415      B93139C7 
 416 0733 11DFB199 		.ascii	"\021\337\261\231V\371\271\262\312\357\375\263\344\007"
 416      56F9B9B2 
 416      CAEFFDB3 
 416      E407
 417 0741 88359D14 		.ascii	"\2105\235\024\253d._%\247\337\354=\350\210\037\262\241"
 417      AB642E5F 
 417      25A7DFEC 
 417      3DE8881F 
 417      B2A1
 418 0753 F71EC45C 		.ascii	"\367\036\304\\\340XGhF\237\274Rbc55\307\245\324\034"
 418      E0584768 
 418      469FBC52 
 418      62633535 
 418      C7A5D41C 
 419 0767 633371CF 		.ascii	"c3q\317\351\334r[9\332\210\356\256G!\332\2714\332'h"
 419      E9DC725B 
 419      39DA88EE 
 419      AE4721DA 
 419      B934DA27 
 420 077c B48F4BD1 		.ascii	"\264\217K\321\336^\035\377\002\261\220\376U\005]coB"
 420      DE5E1DFF 
 420      02B190FE 
 420      55055D63 
 420      6F42
 421 078e 93A352FB 		.ascii	"\223\243R\373O\302\317h\277\334\322\366\015\356`N\275"
 421      4FC2CF68 
 421      BFDCD2F6 
 421      0DEE604E 
 421      BD
 422 079f 6E6C7B8C 		.ascii	"nl{\214p\027k\304\334\270~\314\016\367\362\335\350D"
 422      70176BC4 
 422      DCB87ECC 
 422      0EF7F2DD 
 422      E844
 423 07b1 439D2DEE 		.ascii	"C\235-\356g\215\356\336\361\363\030\017\263F^\177\366"
ARM GAS  C:\Users\Luczia\AppData\Local\Temp\cc5luDAj.s 			page 34


 423      678DEEDE 
 423      F1F3180F 
 423      B3465E7F 
 423      F6
 424 07c2 1E7BFC86 		.ascii	"\036{\374\206\217\351\036h\344\001\335M\026\357"
 424      8FE91E68 
 424      E401DD4D 
 424      16EF
 425 07d0 FBA1923B 		.ascii	"\373\241\222;R\010\311\364\356{\3353\245\303\023\024"
 425      5208C9F4 
 425      EE7BDD33 
 425      A5C31314 
 426 07e0 FC7951CB 		.ascii	"\374yQ\313\315,{RP\315q\227/\017~\317\026\223\243\304"
 426      CD2C7B52 
 426      50CD7197 
 426      2F0F7ECF 
 426      1693A3C4 
 427 07f4 8A7B7538 		.ascii	"\212{u8\243\251\036bz\025\241\335\202+\212\0230:/\314"
 427      A3A91E62 
 427      7A15A1DD 
 427      822B8A13 
 427      303A2FCC 
 428 0808 B12C44B4 		.ascii	"\261,D\264CPTY10\342\352\326(Z\356\344\003:\217\243"
 428      43505459 
 428      3130E2EA 
 428      D6285AEE 
 428      E4033A8F 
 429 081d 25DF518E 		.ascii	"%\337Q\216\022\235\034-V\264l\203s$\006\323\331\276"
 429      129D1C2D 
 429      56B46C83 
 429      732406D3 
 429      D9BE
 430 082f 97A32DF3 		.ascii	"\227\243-\363u\017E_B\323\013$\255\006\235\005}gh'\301"
 430      750F455F 
 430      42D30B24 
 430      AD069D05 
 430      7D676827 
 431 0844 936AA55A 		.ascii	"\223j\245Z\360@\327\004wT\006R\003R\017r\031\344\012"
 431      F040D704 
 431      77540652 
 431      03520F72 
 431      19E40A
 432 0857 4809482D 		.ascii	"H\011H-H\035H%H\025\310U\220\013 \327An\200\\\002)\005"
 432      481D4825 
 432      4815C855 
 432      900B20D7 
 432      416E805C 
 433 086e 2906B908 		.ascii	")\006\271\010R\001R.\270\363:.\006\230\216leL\323\200"
 433      5201522E 
 433      B8F33A2E 
 433      06988E6C 
 433      654CD380 
 434 0882 69BA9AE9 		.ascii	"i\272\232\351\301i~A\000\272\266EQt\014Da;GK\0332\212"
 434      C1697E41 
 434      00BAB645 
 434      51740C44 
 434      613B474B 
ARM GAS  C:\Users\Luczia\AppData\Local\Temp\cc5luDAj.s 			page 35


 435 0899 9A1633D0 		.ascii	"\232\0263\320\3750L\326]\250\326\355)\007\201\305\254"
 435      FD304CD6 
 435      5DA8D6ED 
 435      290781C5 
 435      AC
 436 08aa 5E11B31F 		.ascii	"^\021\263\037f\216\231B\367\210B\367)5:V\215\036W\240"
 436      668E9942 
 436      F78842F7 
 436      29353A56 
 436      8D1E57A0 
 437 08be 4FCE8C96 		.ascii	"O\316\214\226\250P\345\333d\37095|\034)\013p8\300\373"
 437      A850E5DB 
 437      64F83935 
 437      7C1C290B 
 437      7038C0FB 
 438 08d2 7850E03C 		.ascii	"xP\340<B\223H\025\224\367H\255\374\241\"\342\231j\345"
 438      42934815 
 438      94F748AD 
 438      FCA122E2 
 438      996AE5
 439 08e5 3F7EC4A5 		.ascii	"?~\304\245O\001?\244\206g|\004\357R\300\017\317\014"
 439      4F013FA4 
 439      86677C04 
 439      EF52C00F 
 439      CF0C
 440 08f7 5F2C57F8 		.ascii	"_,W\370\265\203\256Q\244X\006\324\364\022\237\250\352"
 440      B583AE51 
 440      A45806D4 
 440      F4129FA8 
 440      EA
 441 0908 1D9C9B1D 		.ascii	"\035\234\233\035-\326-\242\272\012\324\272\222\3241"
 441      2DD62DA2 
 441      BA0AD4BA 
 441      92D431
 442 0917 AE5758CE 		.ascii	"\256WX\316V\243\217\010\352t\267\204\311\351.\232qr"
 442      56A38F08 
 442      EA74B784 
 442      C9E92E9A 
 442      7172
 443 0929 2874B728 		.ascii	"(t\267(tg\315\0343e\266\025\350\324\231\347\364\264"
 443      7467CD1C 
 443      3365B615 
 443      E8D499E7 
 443      F4B4
 444 093b 082B26C7 		.ascii	"\010+&\307\351\231\335\264\020';\001Ow\012\244{?\207"
 444      E999DDB4 
 444      10273B01 
 444      4F770AA4 
 444      7B3F87
 445 094e 4B271A4A 		.ascii	"K'\032J\224\271\220\035\323|\240Q\213\253m\351[L\373"
 445      94B9901D 
 445      D37CA051 
 445      8BAB6DE9 
 445      5B4CFB
 446 0961 F373098E 		.ascii	"\363s\011\216h\216\307\214K\0365\302J\377\377X\365,"
 446      688EC78C 
 446      4B1E35C2 
ARM GAS  C:\Users\Luczia\AppData\Local\Temp\cc5luDAj.s 			page 36


 446      4AFFFF58 
 446      F52C
 447 0973 EF9363F4 		.ascii	"\357\223c\364\035\252\001\014\336\024,5.\231\005\224"
 447      1DAA010C 
 447      DE142C35 
 447      2E990594 
 448 0983 774E6F57 		.ascii	"wNoW\225V\371&\324 (\337\204\232\004\372&D\356\244\230"
 448      9556F926 
 448      D42028DF 
 448      849A04FA 
 448      2644EEA4 
 449 0998 9E789FE6 		.ascii	"\236x\237\346\254\004\223BV\0067sp3\0057\324\334N\265"
 449      AC049342 
 449      56063773 
 449      70330537 
 449      D4DC4EB5 
 450 09ac C30D3422 		.ascii	"\303\0154\"\332\214\352\222\001Gd\357\206\000\214<v"
 450      DA8CEA92 
 450      014764EF 
 450      86008C3C 
 450      76
 451 09bd B237E7C4 		.ascii	"\2627\347\304\331\310r\020\265B Z\004{\030}\033\342"
 451      D9C87210 
 451      B542205A 
 451      047B187D 
 451      1BE2
 452 09cf 7407E294 		.ascii	"t\007\342\224\016\254\311\223t\021\316\255\331\364g"
 452      0EACC993 
 452      7411CEAD 
 452      D9F467
 453 09de 9EF4C54C 		.ascii	"\236\364\305LC\232\350\226\200\245\357p\244M\252\347"
 453      439AE896 
 453      80A5EF70 
 453      A44DAAE7 
 454 09ee D6CC325E 		.ascii	"\326\3142^U\210n\344\344\256\334y\216\267\207\354\310"
 454      55886EE4 
 454      E4AEDC79 
 454      8EB787EC 
 454      C8
 455 09ff D17DEA49 		.ascii	"\321}\352I)?r\023I\371\374\254\365X:\257\225\304#\344"
 455      293F7213 
 455      49F9FCAC 
 455      F5583AAF 
 455      95C423E4 
 456 0a13 B4393C31 		.ascii	"\2649<1\021\243\305\267)i\364\370\356\344\015^\222E"
 456      11A3C5B7 
 456      2969F4F8 
 456      EEE40D5E 
 456      9245
 457 0a25 DB9057AD 		.ascii	"\333\220W\255\236\266\003\263\254\236\320m\322\011\375"
 457      9EB603B3 
 457      AC9ED06D 
 457      D209FD
 458 0a34 889DD0F9 		.ascii	"\210\235\320\371)\331\305X]==\000\347\356\323\211\323"
 458      29D9C558 
 458      5D3D3D00 
 458      E7EED389 
ARM GAS  C:\Users\Luczia\AppData\Local\Temp\cc5luDAj.s 			page 37


 458      D3
 459 0a45 4ECFD036 		.ascii	"N\317\3206\351\014\355>\332\235\305\213\021\321\226"
 459      E90CED3E 
 459      DA9DC58B 
 459      11D196
 460 0a54 7C3949EA 		.ascii	"|9I\352\312\3415\307\020!\326\234\264{\277\2263%\237"
 460      CAE135C7 
 460      1021D69C 
 460      B47BBF96 
 460      33259F
 461 0a67 04F7DE4B 		.ascii	"\004\367\336K\372O\334\316x\336/\332_\310+\236A\202"
 461      FA4FDCCE 
 461      78DE2FDA 
 461      5FC82B9E 
 461      4182
 462 0a79 BD987E37 		.ascii	"\275\230~7\335\321*\317'\022\317.\306\263\325\234\362"
 462      DDD12ACF 
 462      2712CF2E 
 462      C6B3D59C 
 462      F2
 463 0a8a C8515D49 		.ascii	"\310Q]It\002O3\345\331My>\221x\246\326\214\015j\325"
 463      74024F33 
 463      E5D94D79 
 463      3E9178A6 
 463      D68C0D6A 
 464 0a9f 95815574 		.ascii	"\225\201Ut\21199\236\307?\213|\236\274\330>\\\301\017"
 464      8939399E 
 464      C73F8B7C 
 464      9EBCD83E 
 464      5CC10F
 465 0ab2 F74EC274 		.ascii	"\367N\302t\254?\265U\307\275r\206v\325\350\241a'\334"
 465      AC3FB555 
 465      C7BD7286 
 465      76D5E8A1 
 465      6127DC
 466 0ac5 C9DCBAFA 		.ascii	"\311\334\272\372\350r\034w\353kh\336\334{\241\307z\364"
 466      E8721C77 
 466      EB6B68DE 
 466      DC7BA1C7 
 466      7AF4
 467 0ad7 5F485EF5 		.ascii	"_H^\3651\257&\263\016\335\025\324\321\177\006<\237R"
 467      31AF26B3 
 467      0EDD15D4 
 467      D17F063C 
 467      9F52
 468 0ae9 9EFD94E7 		.ascii	"\236\375\224\347\013\211\347\301\227c_\360\340\023\232"
 468      0B89E7C1 
 468      97635FF0 
 468      E0139A
 469 0af8 A79F951F 		.ascii	"\247\237\225\037\222^ \310w\306\252\333\031\371v\270"
 469      925E20C8 
 469      77C6AADB 
 469      19F976B8 
 470 0b08 8FD17AB5 		.ascii	"\217\321z\265k\307[>+\310\224\352\256\0379\343l\225"
 470      6BC75B3E 
 470      2BC894EA 
 470      AE1F39E3 
ARM GAS  C:\Users\Luczia\AppData\Local\Temp\cc5luDAj.s 			page 38


 470      6C95
 471 0b1a D6B0446B 		.ascii	"\326\260Dk\210\321:\3247:\345\254\2465\000\264\330\256"
 471      88D13AD4 
 471      373AE5AC 
 471      A63500B4 
 471      D8AE
 472 0b2c 3942690D 		.ascii	"9Bi\015K\264n_\031orQ\242\311\276e\025\375\266\344\375"
 472      4BB46E5F 
 472      196F7251 
 472      A2C9BE65 
 472      15FDB6E4 
 473 0b41 233E65B2 		.ascii	"#>e\262\260bJ\315\345S*\352Y\341N\214\007\231\027\243"
 473      B0624ACD 
 473      E5532AEA 
 473      59E14E8C 
 473      079917A3 
 474 0b55 0777C4EB 		.ascii	"\007w\304\353\030\370sh\036)\030\350\327Y\365\342\235"
 474      18F87368 
 474      1E2918E8 
 474      D759F5E2 
 474      9D
 475 0b66 E4C55BE6 		.ascii	"\344\305[\346\305\207\253\346l\027\265\027\257\201\027"
 475      C587ABE6 
 475      6C17B517 
 475      AF8117
 476 0b75 AB0BC628 		.ascii	"\253\013\306(\257w\022\257s\227\207\217JS\233\360\352"
 476      AF7712AF 
 476      7397878F 
 476      4A539BF0 
 476      EA
 477 0b86 C9EFCA71 		.ascii	"\311\357\312q\300c\214\307O\025\011u<\232Y$\324S\031"
 477      C0638CC7 
 477      4F150975 
 477      3C9A5924 
 477      D45319
 478 0b99 43879DF0 		.ascii	"C\207\235\360$\353\224\362\340\312\363\320\364\274\004"
 478      24EB94F2 
 478      E0CAF3D0 
 478      F4BC04
 479 0ba8 CE8F383B 		.ascii	"\316\2178;\332)\275\372\272\362W_\363\203\326\"'\274"
 479      DA29BDFA 
 479      BAF2575F 
 479      F383D622 
 479      27BC
 480 0bba 87754AAF 		.ascii	"\207uJ\257\200\256\374\0250\276\240+\301\006\247\260"
 480      80AEFC15 
 480      30BEA02B 
 480      C106A7B0 
 481 0bca CE6BB5DB 		.ascii	"\316k\265\333\377\2023\330\357\033Ob\376\211\341b\310"
 481      FF8233D8 
 481      EF1B4F62 
 481      FE89E162 
 481      C8
 482 0bdb 8651935B 		.ascii	"\206Q\223[\224\211\371\3734\235\241g+wE\273\340,\012"
 482      9489F9FB 
 482      349DA167 
 482      2B7745BB 
ARM GAS  C:\Users\Luczia\AppData\Local\Temp\cc5luDAj.s 			page 39


 482      E02C0A
 483 0bee 76318F47 		.ascii	"v1\217G\233\235\020//\347\360B\223\025\215\265/\346"
 483      9B9D102F 
 483      2FE7F042 
 483      93158DB5 
 483      2FE6
 484 0c00 EE13C909 		.ascii	"\356\023\311\011:\012gE\014\306\350\007<\307\222\252"
 484      3A0A6745 
 484      0CC6E807 
 484      3CC792AA 
 485 0c10 E9871CA0 		.ascii	"\351\207\034\240[6\263\022\263\007\300\217\005\006\226"
 485      5B36B312 
 485      B307C08F 
 485      050696
 486 0c1f 1611EA50 		.ascii	"\026\021\352P\036rd\013\037\377\236\035C\020W\364\206"
 486      1E72640B 
 486      1FFF9E1D 
 486      431057F4 
 486      86
 487 0c30 A3A568A3 		.ascii	"\243\245h\243W\037\225\257\233\031\232\020\031\024T"
 487      571F95AF 
 487      9B199A10 
 487      191454
 488 0c3f 445EAAD1 		.ascii	"D^\252\321-\337\313\350h5\355\355X]\377(\230|P3\231"
 488      2DDFCBE8 
 488      6835EDED 
 488      585DFF28 
 488      987C5033 
 489 0c54 501FCE5D 		.ascii	"P\037\316]\233\345\323v'\327m9m\357\312\350i\307d,v"
 489      9BE5D376 
 489      27D76D39 
 489      6DEFCAE8 
 489      69C7642C 
 490 0c69 433BA85D 		.ascii	"C;\250]\002'gd\022\366@q\330\035\355\007\331\015\222"
 490      02276764 
 490      12F64071 
 490      D81DED07 
 490      D90D92
 491 0c7c 089202B2 		.ascii	"\010\222\002\262\007\344\000\310.\220\004\220d\220x"
 491      07E400C8 
 491      2E900490 
 491      649078
 492 0c8b 907D207B 		.ascii	"\220} {\261T\371\022\332\017\025\264\243\260\212\266"
 492      B154F912 
 492      DA0F15B4 
 492      A3B08AB6 
 493 0c9b 283BC9BF 		.ascii	"(;\311\277\205\366\261J\011P\252\217\241\320\331\321"
 493      85F6B14A 
 493      0950AA8F 
 493      A1D0D9D1 
 494 0cab CFF30CFB 		.ascii	"\317\363\014\3737z\310C \355\352\350\236:u\365\012\313"
 494      377AC843 
 494      20EDEAE8 
 494      9E3A75F5 
 494      0ACB
 495 0cbd A4609C66 		.ascii	"\244`\234f\371\310Gh\236:\330\235\320s\256[\332\263"
 495      F9C84768 
ARM GAS  C:\Users\Luczia\AppData\Local\Temp\cc5luDAj.s 			page 40


 495      9E3AD89D 
 495      D073AE5B 
 495      DAB3
 496 0ccf 50AF3A75 		.ascii	"P\257:u#\212\324\275W'z\\\215\356R\240\247\324\350\311"
 496      238AD4BD 
 496      57277A5C 
 496      8DEE52A0 
 496      A7D4E8C9 
 497 0ce3 69B5CCE4 		.ascii	"i\265\314\344]s5\302G\351\234\027\266\217\027\225\330"
 497      5D7335C2 
 497      47E99C17 
 497      B68F1795 
 497      D8
 498 0cf4 A86B1929 		.ascii	"\250k\031)I(\015r\363\267\310\023\213<\354A\244VI\005"
 498      49280D72 
 498      F3B7C813 
 498      8B3CEC41 
 498      A4564905 
 499 0d08 8507B1A5 		.ascii	"\205\007\261\245V!y\240\274\342\237\216\337\300\312"
 499      562179A0 
 499      BCE29F8E 
 499      DFC0CA
 500 0d17 F223152B 		.ascii	"\362#\025+k\225t\314\312\017\270\223]\246\370C\223\023"
 500      6B9574CC 
 500      CA0FB893 
 500      5DA6F843 
 500      9313
 501 0d29 2E60ABBC 		.ascii	".`\253\274m\177\241\210\360Y\32683\325\333\254\303\347"
 501      6D7FA188 
 501      F059D638 
 501      33D5DBAC 
 501      C3E7
 502 0d3b 59A3E8D4 		.ascii	"Y\243\350\324$\224E\227i\303\366\345\353\301K\366\226"
 502      24944597 
 502      69C3F6E5 
 502      EBC14BF6 
 502      96
 503 0d4c EFF3640A 		.ascii	"\357\363d\0127\226\343\237\316\211b\274-\253\262\201"
 503      3796E39F 
 503      CE8962BC 
 503      2DABB281 
 504 0d5c 542EB652 		.ascii	"T.\266R\274\222J\267\253\034\313\245\356\217j\364\364"
 504      BC924AB7 
 504      AB1CCBA5 
 504      EE8F6AF4 
 504      F4
 505 0d6d 029316BB 		.ascii	"\002\223\026\273\022\236\226\3743j\277\244\370J?y\005"
 505      129E96FC 
 505      336ABFA4 
 505      F84A3F79 
 505      05
 506 0d7e A7915A28 		.ascii	"\247\221Z(W=3\211\256\216iT3f6\376\361z\223?H\345\362"
 506      573D3389 
 506      AE8E6954 
 506      336636FE 
 506      F17A933F 
 507 0d95 3C66431E 		.ascii	"<fC\0363!7G@r@\262\260\345\273\371\235\352gi.\270\212"
ARM GAS  C:\Users\Luczia\AppData\Local\Temp\cc5luDAj.s 			page 41


 507      33213747 
 507      407240B2 
 507      B0E5BBF9 
 507      9DEA6769 
 508 0dac CD8CA20F 		.ascii	"\315\214\242\017\346\275\366\352\231ay\255>\006Z>\245"
 508      E6BDF6EA 
 508      996179AD 
 508      3E065A3E 
 508      A5
 509 0dbd 9167BD1C 		.ascii	"\221g\275\034G\223\365\226\007\350\243r\332s\245\264"
 509      4793F596 
 509      07E8A372 
 509      DA73A5B4 
 510 0dcd 97757454 		.ascii	"\227utT\332(\323\2367-\355\307y\332\311}\336\267\353"
 510      DA28D39E 
 510      372DEDC7 
 510      79DAC97D 
 510      DEB7EB
 511 0de0 7CF4FEBE 		.ascii	"|\364\376\276\341\301a\341\301\246m\277\016\017\213"
 511      E1C161E1 
 511      C1A66DBF 
 511      0E0F8B
 512 0def DCA20F0B 		.ascii	"\334\242\017\013\335\030\374\347_\370\255]\263t\311"
 512      DD18FCE7 
 512      5FF8AD5D 
 512      B374C9
 513 0dfe CAAFB66E 		.ascii	"\312\257\266n\365\3673\005\371\032\303\203\267l\362"
 513      F5F73305 
 513      F91AC383 
 513      B76CF2
 514 0e0d F70E0FFE 		.ascii	"\367\016\017\376\037c\270gHpD\340\302@\335\257\277\375"
 514      1F63B867 
 514      487044E0 
 514      C240DDAF 
 514      BFFD
 515 0e1f DD7CFDE2 		.ascii	"\335|\375\342\305\032\007\177\377\310\340P\323\322%"
 515      C51A077F 
 515      FFC8E050 
 515      D3D225
 516 0e2e FEA68D81 		.ascii	"\376\246\215\201\377\272>pS\360\206\340\010SdPp\330"
 516      FFBA3E70 
 516      53F086E0 
 516      08536450 
 516      70D8
 517 0e40 7A5358D8 		.ascii	"zSX\330\346\210\365\177\016\215\234O\177\315\017\010"
 517      E688F57F 
 517      0E8D9C4F 
 517      7FCD0F08 
 518 0e50 0F996F0C 		.ascii	"\017\231o\014\331`\014\0122\006\255\377z\341\242\371"
 518      D9600C0A 
 518      3206ADFF 
 518      7AE1A2F9 
 519 0e60 4B162DFE 		.ascii	"K\026-\376\372\277\277Z\017\317\177\025\032\026j\374"
 519      FABFBF5A 
 519      0FCF7F15 
 519      1A166AFC 
 520 0e70 95316043 		.ascii	"\2251`C\360\372\340\320\300\315\221A\306\365!\001\240"
ARM GAS  C:\Users\Luczia\AppData\Local\Temp\cc5luDAj.s 			page 42


 520      F0FAE0D0 
 520      C0CD9141 
 520      C6F52101 
 520      A0
 521 0e81 2BD4B8DE 		.ascii	"+\324\270\336?\310\2701 r\263\311\337\264m\2131b\341"
 521      3FC8B831 
 521      2072B3C9 
 521      DFB46D8B 
 521      3162E1
 522 0e94 268D4EB2 		.ascii	"&\215N\262\367\307\277\251\275\210m\021\353\375#LA\240"
 522      F7C7BFA9 
 522      BD886D11 
 522      EBFD234C 
 522      41A0
 523 0ea6 1C8C2CF8 		.ascii	"\034\214,\370d\0044\3664z>\241\301\246/\330/\303o\365"
 523      640434F6 
 523      347A3EA1 
 523      C1A62FD8 
 523      2FC36FF5 
 524 0eba 9B024243 		.ascii	"\233\002BC\215\233\375\"7HA\265g\341Y\346o\262\343\367"
 524      8D9BFD22 
 524      374841B5 
 524      67E159E6 
 524      6FB2E3F7 
 525 0ece 5FA8C0BE 		.ascii	"_\250\300\276\341Fc\310\026SpX\2504\306E\205pU\265\365"
 525      E14663C8 
 525      16537058 
 525      A834C645 
 525      857055B5 
 526 0ee3 2141B62B 		.ascii	"!A\266+\276\365Z\276z\205\235\267\217\037\271/[\270"
 526      BEF55ABE 
 526      7A859DB7 
 526      8F1FB92F 
 526      5BB8
 527 0ef5 D013FE68 		.ascii	"\320\023\376h0\302\"\026\377\313b\317\260\010\317\300"
 527      30C22216 
 527      FFCB62CF 
 527      B008CFC0 
 528 0f05 B09090B0 		.ascii	"\260\220\220\260PO\343V\223\247\337ZO\213?\236\021\246"
 528      504FE356 
 528      93A7DF5A 
 528      4F8B3F9E 
 528      11A6
 529 0f17 90A54B36 		.ascii	"\220\245K6\302/p\323eedh \261\035\260\331\317\024`2"
 529      C22F70D3 
 529      65656468 
 529      20B11DB0 
 529      D9CF1460 
 530 0f2c 7ED2ED4D 		.ascii	"~\322\355M\232\331\026\267\327BB\274\215\033\347\320"
 530      9AD916B7 
 530      D74242BC 
 530      8D1BE7D0 
 531 0f3c 077E46D3 		.ascii	"\007~F\323:c\240),|m\300\206\315F\376l[\204\311\030"
 531      3A63A029 
 531      2C7C6DC0 
 531      86CD46FE 
 531      6C5B84C9 
ARM GAS  C:\Users\Luczia\AppData\Local\Temp\cc5luDAj.s 			page 43


 532 0f51 B2DA974D 		.ascii	"\262\332\227M\252\317\241\27168\360{\177\375\352\337"
 532      AACFA1B9 
 532      3638F07B 
 532      7FFDEADF 
 533 0f61 F8854586 		.ascii	"\370\205E\206\007\032\331s\247\200\210\010c\270\311"
 533      071AD973 
 533      A7808808 
 533      63B8C9
 534 0f70 7F4B4078 		.ascii	"\177K@x@\210\275a\205\337\012\303\272\025\336\213\264"
 534      4088BD61 
 534      85DF0AC3 
 534      BA15DE8B 
 534      B4
 535 0f81 E09A41BB 		.ascii	"\340\232A\273f\315J\003\366\3626`o\270\373\2564h\275"
 535      66CD4A03 
 535      F6F23660 
 535      6FB8FBAE 
 535      3468BD
 536 0f94 56FA19B4 		.ascii	"V\372\031\264\313Wz\031l\240\013\000"
 536      CB577A19 
 536      6CA00B00 
 537 0fa0 DEA4BD8A 		.ascii	"\336\244\275\212\374\323\303?\033\277Uz?\003\366[\345"
 537      FCD3C33F 
 537      1BBF557A 
 537      3F03F65B 
 537      E5
 538 0fb1 8BF57AB8 		.ascii	"\213\365z\270\353\0156^>\006\275A\273n\355w\006\255"
 538      EB0D365E 
 538      3E06BD41 
 538      BB6EED77 
 538      06AD
 539 0fc3 0FF4D9E8 		.ascii	"\017\364\331\350}\177\347\343\015\377\275\364\006\257"
 539      7D7FE7E3 
 539      0DFFBDF4 
 539      06AF
 540 0fd1 4F84CDCB 		.ascii	"O\204\315\313\260\306S\277\306\317\307\317S\037\026"
 540      B0C653BF 
 540      C6CFC7CF 
 540      531F16
 541 0fe0 6EF4F461 		.ascii	"n\364\364a3\005\020\341F\377\300\220\257\310\\\364\323"
 541      330510E1 
 541      46FFC090 
 541      AFC85CF4 
 541      D3
 542 0ff1 2FF72771 		.ascii	"/\367'q\260\361_\016s\316\302\376\237\005\037"
 542      B0F15F0E 
 542      73CEC2FE 
 542      9F051F
 543 1000 5F4BE32B 		.ascii	"_K\343+\255\217\327r\203\245\271\024x\370\312\315%\340"
 543      AD8FD772 
 543      83A5B914 
 543      78F8CACD 
 543      25E0
 544 1012 A8AF4167 		.ascii	"\250\257Ag`\255\305\320\271\002\230BK\353\267\326\307"
 544      60ADC5D0 
 544      B9029842 
 544      4BEBB7D6 
ARM GAS  C:\Users\Luczia\AppData\Local\Temp\cc5luDAj.s 			page 44


 544      C7
 545 1023 C02619B1 		.ascii	"\300&\031\261\200\327y\255\326\256\376\316\313[\253"
 545      80D779AD 
 545      D6AEFECE 
 545      CB5BAB
 546 1032 5F6B586D 		.ascii	"_kXm\243\367Z\355\263\334I\012)\001\374\037\225\376"
 546      A3F75AED 
 546      B3DC490A 
 546      2901FC1F 
 546      95FE
 547 1044 DB50     		.ascii	"\333P"
 548              		.text
 549              		.section	.gnu.lto_.symtab.803e9776,"",%progbits
 550 0000 4E564943 		.ascii	"NVIC_PriorityGroupConfig\000"
 550      5F507269 
 550      6F726974 
 550      7947726F 
 550      7570436F 
 551 0019 00       		.ascii	"\000"
 552 001a 00       		.ascii	"\000"
 553 001b 00       		.ascii	"\000"
 554 001c 00000000 		.ascii	"\000\000\000\000\000\000\000\000"
 554      00000000 
 555 0024 C6000000 		.ascii	"\306\000\000\000"
 556 0028 4E564943 		.ascii	"NVIC_Init\000"
 556      5F496E69 
 556      7400
 557 0032 00       		.ascii	"\000"
 558 0033 00       		.ascii	"\000"
 559 0034 00       		.ascii	"\000"
 560 0035 00000000 		.ascii	"\000\000\000\000\000\000\000\000"
 560      00000000 
 561 003d EA000000 		.ascii	"\352\000\000\000"
 562 0041 4E564943 		.ascii	"NVIC_SetVectorTable\000"
 562      5F536574 
 562      56656374 
 562      6F725461 
 562      626C6500 
 563 0055 00       		.ascii	"\000"
 564 0056 00       		.ascii	"\000"
 565 0057 00       		.ascii	"\000"
 566 0058 00000000 		.ascii	"\000\000\000\000\000\000\000\000"
 566      00000000 
 567 0060 EF000000 		.ascii	"\357\000\000\000"
 568 0064 4E564943 		.ascii	"NVIC_SystemLPConfig\000"
 568      5F537973 
 568      74656D4C 
 568      50436F6E 
 568      66696700 
 569 0078 00       		.ascii	"\000"
 570 0079 00       		.ascii	"\000"
 571 007a 00       		.ascii	"\000"
 572 007b 00000000 		.ascii	"\000\000\000\000\000\000\000\000"
 572      00000000 
 573 0083 F4000000 		.ascii	"\364\000\000\000"
 574 0087 53797354 		.ascii	"SysTick_CLKSourceConfig\000"
 574      69636B5F 
ARM GAS  C:\Users\Luczia\AppData\Local\Temp\cc5luDAj.s 			page 45


 574      434C4B53 
 574      6F757263 
 574      65436F6E 
 575 009f 00       		.ascii	"\000"
 576 00a0 00       		.ascii	"\000"
 577 00a1 00       		.ascii	"\000"
 578 00a2 00000000 		.ascii	"\000\000\000\000\000\000\000\000"
 578      00000000 
 579 00aa F6000000 		.ascii	"\366\000\000\000"
 580 00ae 61737365 		.ascii	"assert_param\000"
 580      72745F70 
 580      6172616D 
 580      00
 581 00bb 00       		.ascii	"\000"
 582 00bc 02       		.ascii	"\002"
 583 00bd 00       		.ascii	"\000"
 584 00be 00000000 		.ascii	"\000\000\000\000\000\000\000\000"
 584      00000000 
 585 00c6 F9000000 		.ascii	"\371\000\000\000"
 586              		.text
 587              		.section	.gnu.lto_.opts,"",%progbits
 588 0000 272D666D 		.ascii	"'-fmath-errno' '-fsigned-zeros' '-ftrapping-math' '"
 588      6174682D 
 588      6572726E 
 588      6F272027 
 588      2D667369 
 589 0033 2D666E6F 		.ascii	"-fno-trapv' '-fno-strict-overflow' '-fno-openmp' '-"
 589      2D747261 
 589      70762720 
 589      272D666E 
 589      6F2D7374 
 590 0066 666E6F2D 		.ascii	"fno-openacc' '-mcpu=cortex-m4' '-mthumb' '-O0' '-fo"
 590      6F70656E 
 590      61636327 
 590      20272D6D 
 590      6370753D 
 591 0099 6D69742D 		.ascii	"mit-frame-pointer' '-falign-functions=16' '-ffuncti"
 591      6672616D 
 591      652D706F 
 591      696E7465 
 591      72272027 
 592 00cc 6F6E2D73 		.ascii	"on-sections' '-fdata-sections' '-fno-common' '-flto"
 592      65637469 
 592      6F6E7327 
 592      20272D66 
 592      64617461 
 593 00ff 2700     		.ascii	"'\000"
 594              		.text
 595              		.comm	__gnu_lto_v1,1,1
 596              		.comm	__gnu_lto_slim,1,1
 597              		.ident	"GCC: (GNU Tools for Arm Embedded Processors 7-2017-q4-major) 7.2.1 20170904 (release) [ARM
ARM GAS  C:\Users\Luczia\AppData\Local\Temp\cc5luDAj.s 			page 46


DEFINED SYMBOLS
                            *ABS*:00000000 misc.c
                            *COM*:00000001 __gnu_lto_v1
                            *COM*:00000001 __gnu_lto_slim

NO UNDEFINED SYMBOLS
