ARM GAS  C:\Users\Luczia\AppData\Local\Temp\ccx13ZjL.s 			page 1


   1              		.cpu cortex-m4
   2              		.eabi_attribute 20, 1
   3              		.eabi_attribute 21, 1
   4              		.eabi_attribute 23, 3
   5              		.eabi_attribute 24, 1
   6              		.eabi_attribute 25, 1
   7              		.eabi_attribute 26, 1
   8              		.eabi_attribute 30, 6
   9              		.eabi_attribute 34, 1
  10              		.eabi_attribute 18, 4
  11              		.file	"nullstreams.c"
  12              		.section	.gnu.lto_.inline.803e9611,"",%progbits
  13 0000 789C6363 		.ascii	"x\234cc``\210a@\000V\006\006f&\006\006&\246\005\362"
  13      60608861 
  13      40005606 
  13      06662606 
  13      0626A605 
  14 0015 0C2C0C4C 		.ascii	"\014,\014L !F\014\021&\014\021f\014\021\026\006\026"
  14      2021460C 
  14      11260C11 
  14      660C1116 
  14      0616
  15 0027 66A008CB 		.ascii	"f\240\010\313\007=\230\010\003\000\354\214\004\333"
  15      073D9808 
  15      0300EC8C 
  15      04DB
  16              		.text
  17              		.section	.gnu.lto_writes.803e9611,"",%progbits
  18 0000 789C6591 		.ascii	"x\234e\221\271JCA\024\206\317?\347\032\021\227'H\221"
  18      B94A4341 
  18      1486CF3F 
  18      E71A1197 
  18      274891
  19 0013 420936B9 		.ascii	"B\0116\271(\012\212\332\373\032F\004\003q\301h\355\020"
  19      280A8ADA 
  19      FB1A4604 
  19      0371C168 
  19      ED10
  20 0025 15152D5C 		.ascii	"\025\025-\\#\\\322H\320\330\251\270opml\304\302%>\200"
  20      235CD248 
  20      D0D8A9B8 
  20      6F706D6C 
  20      C4C2253E 
  21 003a 0AEE010B 		.ascii	"\012\356\001\013\013Q\243g.)$\302,\377\231\363\177s"
  21      0B51A367 
  21      2E2924C2 
  21      2CFF99F3 
  21      7F73
  22 004c 38333E22 		.ascii	"83>\"Z\001Q\263\354~\231d\021\024\311\004\313\312\220"
  22      5A0151B3 
  22      EC7E9964 
  22      1114C904 
  22      CBCA90
  23 005f 14810615 		.ascii	"\024\201\006\025c\020\223<\3078\037^K\362\004'\231`"
  23      6310933C 
  23      C7381F5E 
  23      4BF20427 
ARM GAS  C:\Users\Luczia\AppData\Local\Temp\ccx13ZjL.s 			page 2


  23      9960
  24 0071 49F876E6 		.ascii	"I\370v\346\334V\230\020\010H\370\222=\331,\253Nk\035"
  24      DC569810 
  24      0848F892 
  24      3DD92CAB 
  24      4E6B1D
  25 0084 D7EEC27E 		.ascii	"\327\356\302~\313\342\320Hk\222\025%\304\275\011?6`"
  25      CBE2D048 
  25      6B921525 
  25      C4BD093F 
  25      3660
  26 0096 6A600BD5 		.ascii	"j`\013\325\342\275<\313L\025s=H\364\354\373\263\253"
  26      E2BD3CCB 
  26      4C15733D 
  26      48F4ECFB 
  26      B3AB
  27 00a8 824B1E77 		.ascii	"\202K\036w\227b]\231d\3066\370/(G\204\035\004\305\376"
  27      97625D99 
  27      64C636F8 
  27      2F284784 
  27      1D04C5FE 
  28 00bc 39914994 		.ascii	"9\221I\224p\203\207N\337\247s\310\243_K\036ja\267\020"
  28      7083874E 
  28      DFA773C8 
  28      A35F4B1E 
  28      6A61B710 
  29 00d0 95B6F63C 		.ascii	"\225\266\366<\364[\317%*\270\311C\357NSS\305y\364*\355"
  29      F45BCF25 
  29      2AB8C943 
  29      EF4E5353 
  29      C579F42A 
  30 00e5 A10AFB85 		.ascii	"\241\012\373\205\250\"\034 h\3747\353\271\371r\237e"
  30      A8221C20 
  30      68FC37EB 
  30      B9F9729F 
  30      65
  31 00f6 DA912E0E 		.ascii	"\332\221.\016\341\223\247!Hb\375\365\343\330W\225\322"
  31      E193A721 
  31      4862FDF5 
  31      E3D85795 
  31      D2
  32 0107 7A46BBD7 		.ascii	"zF\273\327\313\354\254\270\303\201\377}\213\367\010"
  32      CBECACB8 
  32      C381FF7D 
  32      8BF708
  33 0116 55AB1745 		.ascii	"U\253\027E\256\316\375\214j7\233Az\265\324\002\314\375"
  33      AECEFD8C 
  33      6A379B41 
  33      7AB5D402 
  33      CCFD
  34 0128 CAAB4463 		.ascii	"\312\253Dc\346j\0327\222\237\020w\036\237\352L!\207"
  34      E66A1A37 
  34      929F1077 
  34      1E9FEA4C 
  34      2187
  35 013a 95C3F032 		.ascii	"\225\303\3602b\340\007\371\227\005\021Y\304\003\371"
  35      62E007F9 
ARM GAS  C:\Users\Luczia\AppData\Local\Temp\ccx13ZjL.s 			page 3


  35      97051159 
  35      C403F9
  36 0149 B4C1C68C 		.ascii	"\264\301\306\214ETm(d\313h\357\214\204#=\261\232\306"
  36      45546D28 
  36      64CB68EF 
  36      8C84233D 
  36      B19AC6
  37 015c 1ABB2766 		.ascii	"\032\273'fw\266E\355h$l\307\372\373:\332\272bv\367@"
  37      77B645ED 
  37      68246CC7 
  37      FAFB3ADA 
  37      BA6276F7 
  38 0171 349AD7A1 		.ascii	"4\232\327\241vR\221^\025\356E\367/e\311\221\375"
  38      7652915E 
  38      15EE45F7 
  38      2F65C991 
  38      FD
  39              		.text
  40              		.section	.gnu.lto_reads.803e9611,"",%progbits
  41 0000 789C6591 		.ascii	"x\234e\221MK[Q\020\206\347=\023\023\244\352/p\221\205"
  41      4D4B5B51 
  41      1086E73D 
  41      1313A4EA 
  41      2F709185 
  42 0014 12B2C925 		.ascii	"\022\262\311%\322\202R\273\357\3370A0\020\2434\355:"
  42      D28252BB 
  42      EFDF3041 
  42      3010A334 
  42      ED3A
  43 0026 8798D088 		.ascii	"\207\230\320\210]\330\326F\010w#!\211;M\033?\372\241"
  43      5DD8D646 
  43      08772321 
  43      893B4D1B 
  43      3FFAA1
  44 0039 DC96D28D 		.ascii	"\334\226\322\215\210\264\305\215\024\027Z4\250\015\024"
  44      88B4C58D 
  44      14175A34 
  44      A80D14
  45 0048 ED42A469 		.ascii	"\355B\244i\347\\\"H\204{\316\2319\347}\346e\346z\211"
  45      E75C2248 
  45      847BCE99 
  45      39E77DE6 
  45      65E67A89 
  46 005c E8358886 		.ascii	"\3505\210\206\345\354\225E\036\202\"Y`\331\031\362D"
  46      E5EC9545 
  46      1E822259 
  46      60D919F2 
  46      44
  47 006d A09462A4 		.ascii	"\240\224b\244\360\214\347\030_3\3136\317\260\315\004"
  47      F08CE718 
  47      5F33CB36 
  47      CFB0CD04 
  48 007d 8FA4BFB7 		.ascii	"\217\244\277\267\013\207=&\005\374\222\2365\276\324"
  48      0B873D26 
  48      05FC929E 
  48      35BED4
  49 008c BA8215AD 		.ascii	"\272\202\025\255\323\332\231\337{\2600\225}h\263\242"
ARM GAS  C:\Users\Luczia\AppData\Local\Temp\ccx13ZjL.s 			page 4


  49      D3DA99DF 
  49      7BB03095 
  49      7D68B3A2 
  50 009c BCA86BE8 		.ascii	"\274\250k\350\305\033\030\017\254 (\332\357\333\273"
  50      C51B180F 
  50      AC2028DA 
  50      EFDBBB
  51 00ab B33EBE07 		.ascii	"\263>\276\007\222\370\345\237SG\005J.\367\243\310\272"
  51      92F8E59F 
  51      5347054A 
  51      2EF7A3C8 
  51      BA
  52 00bc CF66C62A 		.ascii	"\317f\306*\370&(W\2045\004D~5\263\233\357\344A\027}"
  52      F8262857 
  52      84350444 
  52      7E35B39B 
  52      EFE44117 
  53 00d1 7E5C69A2 		.ascii	"~\\i\242\205~.\271\250\007\353\355\250\264\365\326E"
  53      857E2EB9 
  53      A807EBED 
  53      A8B4F5D6 
  53      45
  54 00e2 FFEAB97C 		.ascii	"\377\352\271|\017\337w\321\237[\305Y\337\265k\331E\025"
  54      0FDF77D1 
  54      9F5BC559 
  54      DFB56BD9 
  54      4515
  55 00f4 DEB5A38A 		.ascii	"\336\265\243\212\360\036\001\243?\2506_u{=\246\035\351"
  55      F01E01A3 
  55      3FA8365F 
  55      757B3DA6 
  55      1DE9
  56 0106 E203BC32 		.ascii	"\342\003\2742\032\202<T\177]~\364\366\027\265~\241\235"
  56      1A823C54 
  56      7F5D7EF4 
  56      F617B57E 
  56      A19D
  57 0118 FD0A1716 		.ascii	"\375\012\027\026\235\214\377v\337\242\335@\377\322\267"
  57      9D8CFF76 
  57      DFA2DD40 
  57      FFD2B7
  58 0127 0E4737FF 		.ascii	"\016G7\377=\325N\343\010\345\363;\014\327\203r\246("
  58      3DD54EE3 
  58      08E5F33B 
  58      0CD78372 
  58      A628
  59 0139 4D9B904F 		.ascii	"M\233\220O\220\276\250_\3355\026\0056\006\371\354\247"
  59      90BEA85F 
  59      DD351605 
  59      3606F9EC 
  59      A7
  60 014a 1D9F19B3 		.ascii	"\035\237\031\263\002a\323\2556-\343 \256\313\037\232"
  60      0261D3AD 
  60      362DE320 
  60      AECB1F9A 
  61 015a 97A081B4 		.ascii	"\227\240\201\264\277%7er\346\220J\003\241\220%_t,\026"
  61      BF253765 
ARM GAS  C:\Users\Luczia\AppData\Local\Temp\ccx13ZjL.s 			page 5


  61      72E6904A 
  61      03A19025 
  61      5F742C16 
  62 016e 894D24C3 		.ascii	"\211M$\303Cak\"i\215\215\304\255x,b%\037?\032\035\031"
  62      43616B22 
  62      698D8DC4 
  62      AD782C62 
  62      251F3F1A 
  63 0184 4F5A8927 		.ascii	"OZ\211'\361x+\016EI\305&Ud\022\211\377>\201\226\204"
  63      F1782B0E 
  63      4549C526 
  63      55641289 
  63      FF3E8196 
  64              		.text
  65              		.section	.gnu.lto_put.803e9611,"",%progbits
  66 0000 789C6550 		.ascii	"x\234eP9KCA\020\236\357\3153\"\250\225e\012\013CH\223"
  66      394B4341 
  66      109EEFCD 
  66      3322A895 
  66      650A0B43 
  67 0016 6714C1FC 		.ascii	"g\024\301\374\003\377\206\011\202\201x`\024\354\262"
  67      03FF8609 
  67      82817860 
  67      14ECB2
  68 0025 249E2488 		.ascii	"$\236$\210\340\021\011\257\221\030\004\033\225x\037"
  68      E01109AF 
  68      9118041B 
  68      95781F
  69 0034 F0D01401 		.ascii	"\360\320\024\001\011\242bk\341\001\242 \010\036\215"
  69      09A2626B 
  69      E101A220 
  69      081E8D
  70 0043 A8B31E20 		.ascii	"\250\263\036 \270\354\354\314\354|\337\\.\"\032\004"
  70      B8ECECCC 
  70      EC7CDF5C 
  70      2E221A04 
  71 0053 5150B45B 		.ascii	"QP\264[\204L\202A\"`y\031\022\"P\334`\304\221\346i\306"
  71      844C8241 
  71      22607919 
  71      122250DC 
  71      60C491E6 
  72 0069 C9D08ACD 		.ascii	"\311\320\212\315)\266\231`\212\373X\316^\325j\027\250"
  72      29B69960 
  72      8AFB58CE 
  72      5ED56A17 
  72      A8
  73 007a 1737BF9F 		.ascii	"\0277\277\237\334\203oQ\311q2o\301\371\344p\233\315"
  73      DC836F51 
  73      C971326F 
  73      C1F9E470 
  73      9BCD
  74 008c 06CD0A7A 		.ascii	"\006\315\012z\015n\024\240k`\035>\301\236\225\317'+"
  74      0D6E14A0 
  74      6B601D3E 
  74      C19E95CF 
  74      272B
  75 009e B90524F6 		.ascii	"\271\005$\366\324\363\275cx\363J%\224S\314\261j\260"
ARM GAS  C:\Users\Luczia\AppData\Local\Temp\ccx13ZjL.s 			page 6


  75      D4F3BD63 
  75      78F34A25 
  75      9453CCB1 
  75      6AB0
  76 00b0 99B101FE 		.ascii	"\231\261\001\376K\224/\302&\274\002\267G\226n\230[\277"
  76      4B942FC2 
  76      26BC02B7 
  76      47966E98 
  76      5BBF
  77 00c2 A8472FA5 		.ascii	"\250G/\245\342/\365z\210U\265\315&\266\276\251\315n"
  77      E22FF57A 
  77      8855B5CD 
  77      26B6BEA9 
  77      CD6E
  78 00d4 346AA20C 		.ascii	"4j\242\014\265\015\257F_\256\276\317\324\270L\335\221"
  78      B50DAF46 
  78      5FAEBECF 
  78      D4B84CDD 
  78      91
  79 00e5 34B20397 		.ascii	"4\262\003\227LG\220\300\326D\356\242\312\223SjR9\027"
  79      4C4790C0 
  79      D644EEA2 
  79      CA93536A 
  79      523917
  80 00f8 7375D279 		.ascii	"su\322yI\231\377{\027\360.<\313\247\025\216z\377\030"
  80      4999FF7B 
  80      17F02E3C 
  80      CBA7158E 
  80      7AFF18
  81 010b 55CECB2B 		.ascii	"U\316\313+\026\012iY\024i,\215\351\2644\256M\276C\342"
  81      160A6959 
  81      14692C8D 
  81      E9B434AE 
  81      4DBE43E2 
  82 011f E93675E8 		.ascii	"\3516u\350\322U\262\254k\314\016\037\034W\352e\031 "
  82      D255B2AC 
  82      6BCC0E1F 
  82      1C57EA65 
  82      1920
  83 0131 EC7DE51B 		.ascii	"\354}\345\033\227\241\210oe\317\0311\036\220\250\377"
  83      97A1886F 
  83      65CF1931 
  83      1E90A8FF 
  84 0141 81EB3C63 		.ascii	"\201\353<cZI\252&\277\337\222\033\356\214\204\"=\261"
  84      5A49AA26 
  84      BFDF921B 
  84      EE8C8422 
  84      3DB1
  85 0153 403060F5 		.ascii	"@0`\365\304\254\316\366\250\025\215\204\254X\177_G{"
  85      C4ACCEF6 
  85      A8158D84 
  85      AC587F5F 
  85      477B
  86 0165 57CCEA1E 		.ascii	"W\314\352\036\210F\177l\177\230\214H/B\237\213]\201"
  86      88467F6C 
  86      7F988C48 
  86      2F429F8B 
ARM GAS  C:\Users\Luczia\AppData\Local\Temp\ccx13ZjL.s 			page 7


  86      5D81
  87 0177 C9       		.ascii	"\311"
  88              		.text
  89              		.section	.gnu.lto_get.803e9611,"",%progbits
  90 0000 789C6550 		.ascii	"x\234ePMKBQ\020\235\363\346\365B\242 h\321\302\205\213"
  90      4D4B4251 
  90      109DF3E6 
  90      F542A220 
  90      68D1C285 
  91 0015 44DCF828 		.ascii	"D\334\370(\210h\325o1\011\024,#k\355E\213\224\"\204"
  91      8868D56F 
  91      3109142C 
  91      236BED45 
  91      8B942284 
  92 0029 BE481E41 		.ascii	"\276H\036A\210\264\354\313\312\302\340E-\332\010}P\313"
  92      88B4ECCB 
  92      CAC2E045 
  92      2DDA087D 
  92      50CB
  93 003b 88DA4441 		.ascii	"\210\332DA XKkn\270\010\272\334\271sf\346\3343s\257"
  93      20584B6B 
  93      6EB808BA 
  93      DCB97366 
  93      E6DC3373 
  94 0050 45442320 		.ascii	"ED# \032\022\357\025#\223`\220\030XN\206\224\010\224"
  94      1A12EF15 
  94      23936090 
  94      18584E86 
  94      940894
  95 0063 3218292C 		.ascii	"2\030),\362\012\343fv\327\341\005v\230`JX\257\025^\272"
  95      F20AE366 
  95      76D7E105 
  95      7698604A 
  95      58AF155E 
  96 0078 7408F824 		.ascii	"t\010\370$,\235e\252\010n+Y\356\272cm\226\257\225\307"
  96      2C9D65AA 
  96      086E2B59 
  96      EEBA636D 
  96      96AF95C7 
  97 008c 6183D684 		.ascii	"a\203\326\204^\206\027\007\320Mp\210\240\220\357j\367"
  97      5E861707 
  97      D04D7088 
  97      A090EF6A 
  97      F7
  98 009d F9761E04 		.ascii	"\371v\036\004\011^\376|w\215@I\251\264r/\213\254\372"
  98      095EFE7C 
  98      778D4049 
  98      A9B4722F 
  98      8BACFA
  99 00b0 1C661C81 		.ascii	"\034f\034\201\377^\224\024\341\030\001\315\177\336k"
  99      FF5E9414 
  99      E11801CD 
  99      7FDE6B
 100 00bf AE765AA6 		.ascii	"\256vZ\246\026\026\275\012,\231\222 \205\312R\361\321"
 100      1616BD0A 
 100      2C999220 
 100      85CA52F1 
ARM GAS  C:\Users\Luczia\AppData\Local\Temp\ccx13ZjL.s 			page 8


 100      D1
 101 00d0 E32F2A95 		.ascii	"\343/*\225W\356\303F\317Vf\356J\231\377G\020\362\011"
 101      57EEC346 
 101      CF5666EE 
 101      4A99FF47 
 101      10F209
 102 00e3 FC3BB76D 		.ascii	"\374;\267m\256j~\317+\367\253\267\332\250u3HS)\253U"
 102      AE6A7ECF 
 102      2BF7ABB7 
 102      DAA87533 
 102      485329AB 
 103 00f8 29A721BF 		.ascii	")\247!\277!\335x-\\X\272I\201u\213\363\247\375z\207"
 103      21DD782D 
 103      5C58BA49 
 103      81758BF3 
 103      A7FD7A87 
 104 010c 7EB30113 		.ascii	"~\263\001\023\247\277r9\031\215\370U\276k]\300\007\322"
 104      A7BF7239 
 104      198DF855 
 104      BE6B5DC0 
 104      07D2
 105 011e BE165DEB 		.ascii	"\276\026]\353d\265\023\251\201P\310\226\035\211\306"
 105      64B513A9 
 105      8150C896 
 105      1D89C6
 106 012d 46638964 		.ascii	"Fc\211d\377p\277\235H\332\321p\334\216\307F\355\344"
 106      FF70BF9D 
 106      48DAD170 
 106      DC8EC746 
 106      EDE4
 107 013f F4D45878 		.ascii	"\364\324Xx<iO\314\304\343-\034\212\220\021\233\374\001"
 107      3C694FCC 
 107      C4E32D1C 
 107      8A90119B 
 107      FC01
 108 0151 192A70AB 		.ascii	"\031*p\253"
 109              		.text
 110              		.section	.gnu.lto_nullObjectInit.803e9611,"",%progbits
 111 0000 789C4D50 		.ascii	"x\234MP[+DQ\024^\337\2543G\021yQ\222\007\017J^\346D"
 111      5B2B4451 
 111      145EDFAC 
 111      33471179 
 111      5192070F 
 112 0018 29FE80FF 		.ascii	")\376\200\377\301\244L\215K\016/^f\033\306\214\360\346"
 112      C1A44C8D 
 112      4B0E2F5E 
 112      661BC68C 
 112      F0E6
 113 002a 16878E1A 		.ascii	"\026\207\216\032\361\"\367\373m\232\007O\244\221\007"
 113      F122F7FB 
 113      6D9A074F 
 113      A49107
 114 0039 4F1E284A 		.ascii	"O\036(J\256Q\242\\\326><X\355\335^k\355o\177\353\373"
 114      AE51A25C 
 114      D63E3C58 
 114      EDDD5E6B 
 114      ED6F7FEB 
ARM GAS  C:\Users\Luczia\AppData\Local\Temp\ccx13ZjL.s 			page 9


 115 004e B64944FD 		.ascii	"\266ID\375 \252\226\263@61\301G\262!M\002E|\210`\200"
 115      20AA96B3 
 115      403631C1 
 115      47B2214D 
 115      02457C88 
 116 0064 8718E9F8 		.ascii	"\207\030\351\370\365\226\257|VI\244F\237\314^\025+t"
 116      F596AF7C 
 116      5649A446 
 116      9FCC5E15 
 116      2B74
 117 0076 986884C9 		.ascii	"\230h\204\311\013\254\240\\P\231\236E\207\373\331a\300"
 117      0BACA05C 
 117      50999E45 
 117      87FBD961 
 117      C0
 118 0087 90F2F978 		.ascii	"\220\362\371x\374*O\227>\224Hy3\275|gp\025H\362\311"
 118      FC2A4F97 
 118      3E944879 
 118      33BD7C67 
 118      701548F2 
 119 009c B9CC4476 		.ascii	"\271\314Dv\331\214RQ\225:J\262*u\230\261\016\026B\254"
 119      D98C5251 
 119      953A4AB2 
 119      2A7598B1 
 119      0E1642AC 
 120 00b0 A118AB28 		.ascii	"\241\030\253(&i\0216P\246\361\227K_\303\271\246\361"
 120      26691136 
 120      50A6F197 
 120      4B5FC3B9 
 120      A6F1
 121 00c2 3B109B30 		.ascii	";\020\2330I+\\8\365\247\324\327w\\\245^\223x\2535D\267"
 121      492B5C38 
 121      F5A7D4D7 
 121      775CA55E 
 121      9378AB35 
 122 00d8 C653C293 		.ascii	"\306S\302\223\325\307\342\205o\021\375\210\317o\264"
 122      D5C7E285 
 122      6F11FD88 
 122      CF6FB4
 123 00e7 EA474234 		.ascii	"\352GB4\022K\237diM\354\351\330M\037\037\232.\246\272"
 123      124B9F64 
 123      694DECE9 
 123      D84D1F1F 
 123      9A2EA6BA 
 124 00fb C4985BE4 		.ascii	"\304\230[\344\2601.b\267d\270\276<\213\237_\344X\363"
 124      B0312E62 
 124      B764B8BE 
 124      3C8B9F5F 
 124      E458F3
 125 010e DA7489C3 		.ascii	"\332t\211\303~l\303\305\260G\215\035X\377\311\374\036"
 125      7E6CC3C5 
 125      B0478D1D 
 125      58FFC9FC 
 125      1E
 126 011f 59F7C7C1 		.ascii	"Y\367\307\301K^\344S\311\327\370]\215\223\336{\346>"
 126      4B5EE453 
 126      C9D7F85D 
ARM GAS  C:\Users\Luczia\AppData\Local\Temp\ccx13ZjL.s 			page 10


 126      8D93DE7B 
 126      E63E
 127 0131 91A307E4 		.ascii	"\221\243\007\344;lbO\376s\367\217\275;\271\022\203\240"
 127      3B6C624F 
 127      FE73F78F 
 127      BD3BB912 
 127      83A0
 128 0143 C76472A7 		.ascii	"\307dr\247\246\330\027z\241>@\204\036\020u\037\007\341"
 128      A6D8177A 
 128      A13E4084 
 128      1E10751F 
 128      07E1
 129 0155 19D59110 		.ascii	"\031\325\221\020\265$n*\003\001KV\2601T\037j\261+j*"
 129      B5246E2A 
 129      03014B56 
 129      B031541F 
 129      6AB12B6A 
 130 016a AC16DB6A 		.ascii	"\254\026\333j\254\013[\341P\275e\267\2675\3245\331V"
 130      AC0B5BE1 
 130      50BD65B7 
 130      B735D435 
 130      D956
 131 017c 734738FC 		.ascii	"sG8\374\227\007\202\304\315v\353\017[\000\217\213"
 131      970782C4 
 131      CD76EB0F 
 131      5B008F8B 
 132              		.text
 133              		.section	.gnu.lto_vmt.803e9611,"",%progbits
 134 0000 789C6363 		.ascii	"x\234cc``\330\000\304&\014\0200\205\231q\347\3167\267"
 134      6060D800 
 134      C4260C10 
 134      30859971 
 134      E7CE37B7 
 135 0014 D9EBFF36 		.ascii	"\331\353\3776t44<\350\236\313<\223y\0163\3034f\014\271"
 135      7434343C 
 135      E89ECB3C 
 135      93790E33 
 135      C334660C 
 136 0029 059B78E6 		.ascii	"\005\233x\34603Ncf\304\220\370\006\324\3014\215\231"
 136      30334E63 
 136      66C490F8 
 136      06D4C134 
 136      8D99
 137 003b 0943621B 		.ascii	"\011Cb\033P\202y\03233Xb\375\233\235?y\273\201\",\214"
 137      5082791A 
 137      33335862 
 137      FD9B9D3F 
 137      79BB8122 
 138 0051 20EED9FB 		.ascii	" \356\331\373s\2370Ylk\350X\320\0200\207\231u*3\003"
 138      739F3059 
 138      6C6BE858 
 138      D0103087 
 138      99752A33 
 139 0066 E3764699 		.ascii	"\343vF\231\251\314\214\214\333\030\353\247231n\005Q"
 139      A9CC8C8C 
 139      DB18EBA7 
 139      3233316E 
ARM GAS  C:\Users\Luczia\AppData\Local\Temp\ccx13ZjL.s 			page 11


 139      0551
 140 0078 CC8C5B40 		.ascii	"\314\214[@\024\013\343f\306z\006\306\035\214\026\014"
 140      140BE366 
 140      C67A06C6 
 140      1D8C160C 
 141 0088 467A7AFA 		.ascii	"Fzz\372@\224\234\221\231\224\231_lhi\250\237_\254\237"
 141      40949C91 
 141      9994995F 
 141      6C6869A8 
 141      9F5FAC9F 
 142 009c 9198A39F 		.ascii	"\221\230\243\237\223\231\244_\\R\224\232\230[\254\237"
 142      9399A45F 
 142      5C52949A 
 142      985BAC9F 
 143 00ac 579A9303 		.ascii	"W\232\223\003e\353%3\000\000\277\231R\031"
 143      65EB2533 
 143      0000BF99 
 143      5219
 144              		.text
 145              		.section	.gnu.lto_.symbol_nodes.803e9611,"",%progbits
 146 0000 789C6363 		.ascii	"x\234cc``\310\005b\006\246\023L\365\014\014\023\316"
 146      6060C805 
 146      6206A613 
 146      4CF50C0C 
 146      13CE
 147 0012 313000A9 		.ascii	"10\000\251\035\013\0176\260\001\305N2\3253\242\213\235"
 147      1D0B0F36 
 147      B001C54E 
 147      32D533A2 
 147      8B9D
 148 0024 62AA6742 		.ascii	"b\252gB\027;\315T\317\214.v\226\251\236\005&\266\253"
 148      173BCD54 
 148      CF8C2E76 
 148      96A99E05 
 148      26B6AB
 149 0037 D1918181 		.ascii	"\321\221\201\201\365\014\023C\213\022\003\0033\003\000"
 149      F50C1343 
 149      8B120303 
 149      330300
 150 0046 D3391DC9 		.ascii	"\3239\035\311"
 151              		.text
 152              		.section	.gnu.lto_.refs.803e9611,"",%progbits
 153 0000 789C6363 		.ascii	"x\234cc``\020\000bF\026&VF\026V&\006&F&&&f\006\000\003"
 153      60601000 
 153      62461626 
 153      56461656 
 153      26062646 
 154 001b 3F003B   		.ascii	"?\000;"
 155              		.text
 156              		.section	.gnu.lto_.decls.803e9611,"",%progbits
 157 0000 789CAD56 		.ascii	"x\234\255VkP\024W\026\356\323wf\030\006\030(\261\014"
 157      6B501457 
 157      16EED377 
 157      66180618 
 157      28B10C
 158 0013 A9A2B628 		.ascii	"\251\242\266(%U\374\011#$\225W\345\207)\267*\273?\314"
 158      2555FC09 
ARM GAS  C:\Users\Luczia\AppData\Local\Temp\ccx13ZjL.s 			page 12


 158      23249557 
 158      E58729B7 
 158      2ABB3FCC 
 159 0027 566D76B7 		.ascii	"Vmv\267\312\332\251\235\360\030uR0\3432\315n\262\373"
 159      CADAA99D 
 159      F0187552 
 159      30E332CD 
 159      6EB2FB
 160 003a A7454182 		.ascii	"\247EA\202\312ccV\360Q\276\215\254\202\032GQ\021\026"
 160      CA636356 
 160      F051BE8D 
 160      AC821A47 
 160      511116
 161 004d 8D51A320 		.ascii	"\215Q\243 \004\005\214\3620\212\242\204e\300\007\310"
 161      04058CF2 
 161      308AA284 
 161      65C007C8 
 162 005d 6BD973EF 		.ascii	"k\331s\357\355\236\356\031\207\332\312\326v\315\231"
 162      ED9EEE19 
 162      87DACAD6 
 162      76CD99
 163 006c EE7BE63B 		.ascii	"\356{\346;\367\373\3169\367\336\036\223 \010U\321\202"
 163      F7FBCE39 
 163      F7DE1E93 
 163      200855D1 
 163      82
 164 007d 50290A42 		.ascii	"P)\012B3\010\302,^\021\350;'h\227\021\255\025\255\023"
 164      3308C22C 
 164      5E11E83B 
 164      27689711 
 164      AD15AD13 
 165 0091 ED01DA20 		.ascii	"\355\001\332 Z\024b\361#D\203\020t\355\004\216\237\207"
 165      5A1462F1 
 165      23448310 
 165      74ED048E 
 165      9F87
 166 00a3 361FAD01 		.ascii	"6\037\255\001\315\201\366\255\362;(s\321{LHl\315\034"
 166      CD81F6AD 
 166      F23B2873 
 166      D17B4C48 
 166      6CCD1C
 167 00b6 B1EDBAD8 		.ascii	"\261\355\272\330N\345n\015\211m\011\211\355Wb/\351b"
 167      4EE56E0D 
 167      896D0989 
 167      ED57622F 
 167      E962
 168 00c8 1F28F7D8 		.ascii	"\037(\367\330\220\330\016\034\033\302\304\252q\203\312"
 168      90D80E1C 
 168      1BC2C4AA 
 168      7183CA
 169 00d7 3D2E24EE 		.ascii	"=.$\356%\254\031\255\325G\272X3b\"hm\200\007\321\233"
 169      25AC19AD 
 169      D547BA58 
 169      33622268 
 169      6D8007D1 
 170 00ec 41B9CF55 		.ascii	"A\271\317U\263\227q\036\023\336\237\243\371\321F\321"
 170      B397711E 
ARM GAS  C:\Users\Luczia\AppData\Local\Temp\ccx13ZjL.s 			page 13


 170      13DE9FA3 
 170      F9D146D1 
 171 00fc 9EA02D57 		.ascii	"\236\240-W\004\320\274\246\321&\321f\321&\320f\004\256"
 171      04D0BCA6 
 171      D126D166 
 171      D126D066 
 171      04AE
 172 010e 7950C9AB 		.ascii	"yP\311\253S\251k\350\265\231\300\241\277\335\333b\350"
 172      53A96BE8 
 172      B599C0A1 
 172      BFDDDB62 
 172      E8
 173 011f 831EA628 		.ascii	"\203\036\246(\016@Q\241\277\350xV\275T\365\202 \202"
 173      0E4051A1 
 173      BFE87856 
 173      BD54F582 
 173      2082
 174 0131 FA234785 		.ascii	"\372#G\205\206\361\014\271\211\202\206\325\"t\263\352"
 174      86F10CB9 
 174      898286D5 
 174      2274B3EA 
 175 0141 82815D02 		.ascii	"\202\201]\002\250E\322\317\246\026\0154z\010`T\274n"
 175      A845D2CF 
 175      A6160D34 
 175      7A086054 
 175      BC6E
 176 0153 560804BD 		.ascii	"V\010\004\275\250\016/\242\024\241chcm\364\035\350E"
 176      A80E2FA2 
 176      14A16368 
 176      636DF41D 
 176      E845
 177 0165 2896B5DC 		.ascii	"(\226\265\334\234\013\324{u\333\216\012 \"{.\336\263"
 177      9C0BD47B 
 177      75DB8E0A 
 177      20227B2E 
 177      DEB3
 178 0177 A6D74A22 		.ascii	"\246\327J\"\331\263\257\307\177;6\365\260\314/\363_"
 178      D9B3AFC7 
 178      7F3B36F5 
 178      B0CC2FF3 
 178      5F
 179 0188 05380944 		.ascii	"\0058\011D\255g\317\345\352Cd\003\201\345\026\240\022"
 179      AD67CFE5 
 179      EA436403 
 179      81E516A0 
 179      12
 180 0199 62D17564 		.ascii	"b\321ud\350\364D\014wQ\304\276\011\177]4\3719{\376n"
 180      E8F4440C 
 180      7751C4BE 
 180      097F5D34 
 180      F9397BFE 
 181 01ae DDD1ED14 		.ascii	"\335\321\355\024=\317\002\006\034\216\266l\275g\305"
 181      3DCF0206 
 181      1C8EB66C 
 181      BD67C5
 182 01bd E17C0B24 		.ascii	"\341|\013$m&bK\333\370\0313XR\212e\271@\336\265V\216"
 182      6D26624B 
ARM GAS  C:\Users\Luczia\AppData\Local\Temp\ccx13ZjL.s 			page 14


 182      DBF81933 
 182      58528A65 
 182      B940DEB5 
 183 01d3 FC850067 		.ascii	"\374\205\000g!\021\352!Q\200FH\2413\326A\252\000\247"
 183      2111EA21 
 183      51804648 
 183      A133D641 
 183      AA00A7
 184 01e6 D1790A9D 		.ascii	"\321y\012\235\007\250\240\246\276\252\205\365\275\262"
 184      07A8A0A6 
 184      BEAA85F5 
 184      BDB2
 185 01f4 9C040D60 		.ascii	"\234\004\015`\2013@\030\006K\260\334\302%n\357\337T"
 185      81334018 
 185      064BB0DC 
 185      C2256EEF 
 185      DF54
 186 0206 6A34604B 		.ascii	"j4`K\030\300m\240\276#\205\375\325fdND\331\240\323\234"
 186      18C06DA0 
 186      BE2385FD 
 186      D566644E 
 186      44D9A0D3 
 187 021b C835FB9A 		.ascii	"\3105\373\232\236\324\030\310Q\240\003\361XM\377\307"
 187      9ED418C8 
 187      51A003F1 
 187      584DFFC7 
 188 022b 9062E164 		.ascii	"\220b\341d]GR\013\327\313\262\010\027p\256\363\032Y"
 188      5D47520B 
 188      D7CBB208 
 188      1770AEF3 
 188      1A59
 189 023d 222563C2 		.ascii	"\"%c\302\345\2752I\020\340\265DX\214\262\277F\331\211"
 189      E5BD3249 
 189      10E0B544 
 189      588CB2BF 
 189      46D989
 190 0250 8AEC7328 		.ascii	"\212\354s(\273\011e#A\365\316\203\027b\310nVl\261\267"
 190      BB096523 
 190      41F5CE83 
 190      1762C86E 
 190      566CB1B7 
 191 0264 C67F8D04 		.ascii	"\306\177\215\004\030Z[\026\036/\244\014\227\220\341"
 191      185A5B16 
 191      1E2FA40C 
 191      9790E1
 192 0273 1B8D0109 		.ascii	"\033\215\001\011\303S\\\014O11p^6X\024|\361\177\307"
 192      C3535C0C 
 192      4F313170 
 192      5E365814 
 192      7CF17FC7 
 193 0287 B7B5D6F8 		.ascii	"\267\265\326\370\305\350\222@\355\3412\362\253\345\027"
 193      C5E89240 
 193      EDE132F2 
 193      ABE517
 194 0296 E05B8856 		.ascii	"\340[\210VZ\336\375\371\335\372(VO\364\301?\201\025"
 194      5ADEFDF9 
 194      DDFA2856 
ARM GAS  C:\Users\Luczia\AppData\Local\Temp\ccx13ZjL.s 			page 15


 194      4FF4C13F 
 194      8115
 195 02a8 74D353B9 		.ascii	"t\323S\2715\2269\035\321p\205\373\276\231\035o\212\345"
 195      3596391D 
 195      D17085FB 
 195      BE991D6F 
 195      8AE5
 196 02ba DD1671D8 		.ascii	"\335\026q\330>\322\274#\212w;\216\226\240\247\25446"
 196      3ED2BC23 
 196      8A773B8E 
 196      96A0A7AC 
 196      3436
 197 02cc E1EF34E7 		.ascii	"\341\3574\347\362\265r\234\310\272\323\202|\315\214"
 197      F2B5729C 
 197      C8BAD382 
 197      7CCD8C
 198 02db EF1A24E0 		.ascii	"\357\032$\340\367U0p\322\351\332\201\216\230\205\273"
 198      F7553070 
 198      D2E9DA81 
 198      8E9885BB 
 199 02eb E4A626B9 		.ascii	"\344\246&\271\311\377\360\365g_\027\311m\030\271\204"
 199      C9FFF0F5 
 199      675F17C9 
 199      6D18B984 
 200 02fb 01E18456 		.ascii	"\001\341\204V\246\023tm\202\017\356\000\034\207>\\\341"
 200      A613746D 
 200      820FEE00 
 200      1C873E5C 
 200      E1
 201 030c ADB09056 		.ascii	"\255\260\220V\243\242\305g$\247\010\314\265\"\376\341"
 201      A3A2C567 
 201      24A708CC 
 201      B522FEE1 
 202 031c 3B7C2056 		.ascii	";| V\237\376\245\240\364\333\003\351\237m?v\237\007"
 202      9FFEA5A0 
 202      F4DB03E9 
 202      9F6D3F76 
 202      9F07
 203 032e A30FBEE3 		.ascii	"\243\017\276\343\251\3164\236;L\324\364\257s\337\260"
 203      A9CE349E 
 203      3B4CD4F4 
 203      AF73DFB0 
 204 033e AFE03371 		.ascii	"\257\3403q\356\004;X\2027\324\004\345/*\353#\224\004"
 204      EE043B58 
 204      8237D404 
 204      E52F2AEB 
 204      239404
 205 0351 070F1079 		.ascii	"\007\017\020y3\206\305Q\020\264i\311\265\205&\327\311"
 205      3386C551 
 205      10B469C9 
 205      B58526D7 
 205      C9
 206 0362 929BF53F 		.ascii	"\222\233\365?\351\215&\215<9__\373\227\274=\227\002"
 206      E98D268D 
 206      3C395F5F 
 206      FB97BC3D 
 206      9702
ARM GAS  C:\Users\Luczia\AppData\Local\Temp\ccx13ZjL.s 			page 16


 207 0374 C95D28D9 		.ascii	"\311](\331\360\241\252\356&WW\270\251f\213\005\273a"
 207      F0A1AAEE 
 207      265757B8 
 207      A9668B05 
 207      BB61
 208 0386 E21B3702 		.ascii	"\342\0337\002]\375#\223'\015\334EE\177\202\256\035U"
 208      5DFD2393 
 208      270DDC45 
 208      457F82AE 
 208      1D55
 209 0398 DDC7ACE4 		.ascii	"\335\307\254\344<\233Yl\274~j]\214n'\274Q5B\267]/\322"
 209      3C9B596C 
 209      BC7E6A5D 
 209      8C6E27BC 
 209      513542B7 
 210 03af 746B1A4D 		.ascii	"tk\032M\3122\225_\330\302=\270\360L\312\302\273\215"
 210      CA32955F 
 210      D8C23DB8 
 210      F04CCAC2 
 210      BB8D
 211 03c1 CE5B7CE1 		.ascii	"\316[|\341=\236\030\361\031H3\3478\376\371t\245U\267"
 211      3D9E18F1 
 211      194833E7 
 211      38FEF974 
 211      A555B7
 212 03d4 17D24FB0 		.ascii	"\027\322O\260\275\360\003r\364i\034\2750'\311\235\360"
 212      BDF00372 
 212      F4691CBD 
 212      3027C99D 
 212      F0
 213 03e5 245D1BAF 		.ascii	"$]\033\257\3376\221\033\234\244\356j\367\224\266\341"
 213      DF36911B 
 213      9CA4EE6A 
 213      F794B6E1 
 214 03f5 BAA6DEED 		.ascii	"\272\246\336\355`[\272\037I\356j$?\314Mr/<\311d\347"
 214      605BBA1F 
 214      49EE6A24 
 214      3FCC4D72 
 214      2F3CC964 
 215 040a A302B3BE 		.ascii	"\243\002\263\276\343\375A\035\277\317:\376\275\332\361"
 215      E3FD411D 
 215      BFCF3AFE 
 215      BDDAF1
 216 0419 C192B66A 		.ascii	"\301\222\266j\022X\322o\015hK\032\201\320\245\011\351"
 216      1258D26F 
 216      0D684B1A 
 216      81D0A509 
 216      E9
 217 042a 0AEDFA03 		.ascii	"\012\355\372\003\326\365#={\212c\3106\003\353z\355\341"
 217      D6F5233D 
 217      7B8A63C8 
 217      3603EB7A 
 217      EDE1
 218 043c A9A316B5 		.ascii	"\251\243\026\265\305\274\351\367\345\2735\326\271\325"
 218      C5BCE9F7 
 218      E5BB35D6 
 218      B9D5
ARM GAS  C:\Users\Luczia\AppData\Local\Temp\ccx13ZjL.s 			page 17


 219 044a 3C626A1E 		.ascii	"<bj\036\252j\272\313n<7(j\036'l\225\233\360\330\300"
 219      AA6ABACB 
 219      6E3C3728 
 219      6A1E276C 
 219      959BF0D8 
 220 045f 9A200A06 		.ascii	"\232 \012\0064)\003\241R\006\231\224\362\322\311)3\331"
 220      342903A1 
 220      52069994 
 220      F2D2C929 
 220      33D9
 221 0471 C9A554CC 		.ascii	"\311\245T\314\356\273\021Ij\371@\335\364\363\370\246"
 221      EEBB1149 
 221      6AF940DD 
 221      F4F3F8A6 
 222 0481 DF5AFFF4 		.ascii	"\337Z\377\364\212\221\017\3158\034\277\331\320\026t"
 222      8A910FCD 
 222      381CBFD9 
 222      D01674
 223 0490 E6D0CCB5 		.ascii	"\346\320\314\265M\347\017l\272\341\2423=V\362\025\237"
 223      4DE70F6C 
 223      BAE1A233 
 223      3D56F215 
 223      9F
 224 04a1 B3F14475 		.ascii	"\263\361Du\037\350\243:\202\242F\003Q\035\003\247\307"
 224      1FE8A33A 
 224      82A24603 
 224      511D03A7 
 224      C7
 225 04b2 A2481D8F 		.ascii	"\242H\035\217:\270\177\246&R\037u-(\352I \252\266\375"
 225      3AB87FA6 
 225      26521F75 
 225      2D28EA49 
 225      20AAB6FD 
 226 04c6 E1339134 		.ascii	"\3413\2214\360\250\202\332\247\315V\322\302\007\243"
 226      F0A882DA 
 226      A7CD56D2 
 226      C207A3
 227 04d5 D33BEA22 		.ascii	"\323;\352\"\271\372\371t\323\367\225\227G\360\003m\027"
 227      B9FAF974 
 227      D3F79597 
 227      47F0036D 
 227      17
 228 04e6 7D891C2A 		.ascii	"}\211\034*;\364\222\236\340Q\020\301s\225 \342\253\346"
 228      3BF4929E 
 228      E05110C1 
 228      739520E2 
 228      ABE6
 229 04f8 E20D5190 		.ascii	"\342\015Q\220\234\034\237\234\234\222\274\207\342\233"
 229      9C1C9F9C 
 229      9C92BC87 
 229      E29B
 230 0506 FAB691E1 		.ascii	"\372\266\221\341\213Ery\006\315\231\365~\012\342\265"
 230      8B457279 
 230      06CD99F5 
 230      7E0AE2B5 
 231 0516 F536CC66 		.ascii	"\3656\314f8K\277\005\036\320\006\227\027S\315\3608\024"
 231      384BBF05 
ARM GAS  C:\Users\Luczia\AppData\Local\Temp\ccx13ZjL.s 			page 18


 231      1ED00697 
 231      1753CDF0 
 231      3814
 232 0528 6BD3A015 		.ascii	"k\323\240\025\254\367h\330d\030G\300\030\005<S\"\260"
 232      ACF768D8 
 232      641847C0 
 232      18053C53 
 232      22B0
 233 053a A5F06F5C 		.ascii	"\245\360o\\\310\323\220\014\223h\263h\023h3\220\314"
 233      C8D3900C 
 233      9368B368 
 233      13683390 
 233      CC
 234 054b DEEE3A22 		.ascii	"\336\356:\"zr=\015K\224\026\"\011\263d\353%\010\371"
 234      7A723D0D 
 234      4B941622 
 234      09B364EB 
 234      2508F9
 235 055e 2F0840F9 		.ascii	"/\010@\371\226\033.\"\370O\202\202\004eei\204co\340"
 235      961B2E22 
 235      F84F8282 
 235      04656569 
 235      84636FE0 
 236 0572 E25B4768 		.ascii	"\342[Gh\033a$|!\330LX\360\272\321\313{H\274\222e\361"
 236      1B61247C 
 236      21D84C58 
 236      F0BAD1CB 
 236      7B48BC92 
 237 0588 9C590A73 		.ascii	"\234Y\012s\246\210s\014\024u\215\006-AY\214\327um\215"
 237      A688730C 
 237      14758D06 
 237      2D41598C 
 237      D7756D8D 
 238 059c A8748D4C 		.ascii	"\250t\215L\327\225\2347@|Jr\205r\"0>\015Y \362\222\256"
 238      D7959C37 
 238      407C4A72 
 238      85722230 
 238      3E0D5920 
 239 05b3 1553609D 		.ascii	"\025S`\235\310\347\347\331\216ma\331\"\340\305l/V\376"
 239      C8E7E7D9 
 239      8E6D61D9 
 239      22E0C56C 
 239      2F56FE
 240 05c6 6CEF5A19 		.ascii	"l\357Z\031\013\207D0\204\232\013\304\260%\246o\255\322"
 240      0B874430 
 240      849A0BC4 
 240      B025A66F 
 240      ADD2
 241 05d8 EE93D1A4 		.ascii	"\356\223\321\244\324\310\216\260\233e\276Z#\244\304"
 241      D4C88EB0 
 241      9B65BE5A 
 241      23A4C4
 242 05e7 7386CE4A 		.ascii	"s\206\316J\023eX\217\261\205b`\263RBe\021\204\312\205"
 242      1365588F 
 242      B1856260 
 242      B3524265 
 242      1184CA85 
ARM GAS  C:\Users\Luczia\AppData\Local\Temp\ccx13ZjL.s 			page 19


 243 05fb 2254194E 		.ascii	"\"T\031N1\362\034\033\377\342jPE\326\007U\244X\255\010"
 243      31F21C1B 
 243      FFE26A50 
 243      45D60755 
 243      A458AD08 
 244 060f ECDC373E 		.ascii	"\354\3347>ceg\016\372\224C\347\326\025_g\320K\357\243"
 244      6365670E 
 244      FA9443E7 
 244      D6155F67 
 244      D04BEFA3 
 245 0623 05BA33A7 		.ascii	"\005\2723\247D\244g\316g\242r\346|\277\177\346\012}"
 245      44A467CE 
 245      67A272E6 
 245      7CBF7FE6 
 245      0A7D
 246 0635 E7ED6227 		.ascii	"\347\355b'`\322\266\346\300\011\210@\370Q;v~\014=v6"
 246      60D2B6E6 
 246      C0098840 
 246      F8513B76 
 246      7E0C3D76 
 247 064a 88F4D829 		.ascii	"\210\364\330)\370r\315\301\250W\366\312m\030?\\\265"
 247      F872CDC1 
 247      A857F6CA 
 247      6D183F5C 
 247      B5
 248 065b 005F99BC 		.ascii	"\000_\231\274}C<2\260\030\004\346\371\203(\300F\361"
 248      7D433C32 
 248      B01804E6 
 248      F98328C0 
 248      46F1
 249 066d 15FAA7B5 		.ascii	"\025\372\247\265\244a,f\321nV\272\336\005r\261\031U"
 249      A4612C66 
 249      D16E56BA 
 249      DE0572B1 
 249      1955
 250 067f B23F0AFC 		.ascii	"\262?\012\374\177\365&q\021\202\246\256\265\267F)\240"
 250      7FF52671 
 250      1182A6AE 
 250      B5B74629 
 250      A0
 251 0690 BBEB6558 		.ascii	"\273\353eX\302@\235*\250\224\201\266\237\352\0372\251"
 251      C2409D2A 
 251      A89481B6 
 251      9FEA1F32 
 251      A9
 252 06a1 A00475A6 		.ascii	"\240\004u\246\007*\250\214\201v7\357\367\023\005t\353"
 252      072AA88C 
 252      817637EF 
 252      F7130574 
 252      EB
 253 06b2 651534A8 		.ascii	"e\0254\250\202\312\305E\202\351\317y.\311\351MKM\265"
 253      82CAC545 
 253      82E9CF79 
 253      2EC9E94D 
 253      4B4DB5
 254 06c5 E1276B95 		.ascii	"\341'k\225+\323\345\361\246\275\235f\363xm\2532rl9\256"
 254      2BD3E5F1 
ARM GAS  C:\Users\Luczia\AppData\Local\Temp\ccx13ZjL.s 			page 20


 254      A6BD9D66 
 254      F3786DAB 
 254      32726C39 
 255 06da 4C9B57CA 		.ascii	"L\233W\312sf\344zm\356\374\234\034\34595\313\374\376"
 255      7366E47A 
 255      6DEEFC9C 
 255      1CE53935 
 255      CBFCFE
 256 06ed 07BF4D5A 		.ascii	"\007\277MZ\232\226&\230\274\256\2778\035Rv\326;v\026"
 256      9A962698 
 256      BCAEBF38 
 256      1D5276D6 
 256      3B7616
 257 0700 EE95F2B3 		.ascii	"\356\225\362\263]\036\273\344\361\344x\355+\335\371"
 257      5D1EBBE4 
 257      F1E478ED 
 257      2BDDF9
 258 070f 49EC2929 		.ascii	"I\354))#/7\311\231\233\351\314\316vf\333\337L]\234\224"
 258      232F37C9 
 258      999BE9CC 
 258      CE7666DB 
 258      DF4C5D9C 
 259 0724 BE38EDCD 		.ascii	"\2768\355\315?\276nG\002\373\312\254,;\376\376\252\333"
 259      3FBE6E47 
 259      02FBCAAC 
 259      2C3BFEFE 
 259      AADB
 260 0736 E376BEEA 		.ascii	"\343v\276\352\314\310t! =5\315\356rg\345\344g;\355^"
 260      CCC87421 
 260      203D35CD 
 260      EE7267E5 
 260      E4673BED 
 261 074b 09A356A4 		.ascii	"\011\243V\244\256\022\"\035\216|\227[z\313!\255\370"
 261      AE12221D 
 261      8E7C975B 
 261      7ACB21AD 
 261      F8
 262 075c 1FE98269 		.ascii	"\037\351\202iT\202\334\014\234\313\355\264;\220&#?G"
 262      5482DC0C 
 262      9CCBEDB4 
 262      3B902623 
 262      3F47
 263 076e 72489FAE 		.ascii	"rH\237\256vz\2210B\241\373\375\377\225\316\373\251\327"
 263      767A9130 
 263      42A1FBFD 
 263      FF95CEFB 
 263      A9D7
 264 0780 EEC0A470 		.ascii	"\356\300\244pn\344H\377\311\265\027\214\370\220\355"
 264      6EE448FF 
 264      C9B5178C 
 264      F890ED
 265 078f 25ABF325 		.ascii	"%\253\363%\254\010\316\362Z\272C\212P\356\306\\\357"
 265      AC08CEF2 
 265      5ABA438A 
 265      50EEC65C 
 265      EF
 266 07a0 4A87B424 		.ascii	"J\207\264$\334\244Y\236\334\\\217\333\266\332\223'y"
ARM GAS  C:\Users\Luczia\AppData\Local\Temp\ccx13ZjL.s 			page 21


 266      DCA4599E 
 266      DC5C8FDB 
 266      B6DA9327 
 266      79
 267 07b1 6DEFFD7A 		.ascii	"m\357\375z\331\322e\237P\337jW\2163\317k{\177\351R\304"
 267      D9D2659F 
 267      50DF6A57 
 267      8E33CF6B 
 267      7B7FE952 
 268 07c6 AB999395 		.ascii	"\253\231\223\225N\311JY\177\225"
 268      4EC94A59 
 268      7F95
 269 07d0 F9B1334B 		.ascii	"\371\2613K\372\245\333%\221?\345J\006\312ld\213&\326"
 269      FAA5DB25 
 269      913FE54A 
 269      06CA6C64 
 269      8B26D6
 270 07e3 E5F64A19 		.ascii	"\345\366J\031\356,\247\303\263b\205\327)\305|\200\350"
 270      EE2CA7C3 
 270      B36285D7 
 270      29C57C80 
 270      E8
 271 07f4 0F99C6DF 		.ascii	"\017\231\306\337-\373\315O\316j\225`\321&\370\017<b"
 271      2DFBCD4F 
 271      CE6A9560 
 271      D126F80F 
 271      3C62
 272 0806 8CC6     		.ascii	"\214\306"
 273              		.text
 274              		.section	.gnu.lto_.symtab.803e9611,"",%progbits
 275 0000 6E756C6C 		.ascii	"nullObjectInit\000"
 275      4F626A65 
 275      6374496E 
 275      697400
 276 000f 00       		.ascii	"\000"
 277 0010 00       		.ascii	"\000"
 278 0011 00       		.ascii	"\000"
 279 0012 00000000 		.ascii	"\000\000\000\000\000\000\000\000"
 279      00000000 
 280 001a 0B010000 		.ascii	"\013\001\000\000"
 281              		.text
 282              		.section	.gnu.lto_.opts,"",%progbits
 283 0000 272D666D 		.ascii	"'-fmath-errno' '-fsigned-zeros' '-ftrapping-math' '"
 283      6174682D 
 283      6572726E 
 283      6F272027 
 283      2D667369 
 284 0033 2D666E6F 		.ascii	"-fno-trapv' '-fno-strict-overflow' '-fno-openmp' '-"
 284      2D747261 
 284      70762720 
 284      272D666E 
 284      6F2D7374 
 285 0066 666E6F2D 		.ascii	"fno-openacc' '-mcpu=cortex-m4' '-mthumb' '-O0' '-fo"
 285      6F70656E 
 285      61636327 
 285      20272D6D 
 285      6370753D 
ARM GAS  C:\Users\Luczia\AppData\Local\Temp\ccx13ZjL.s 			page 22


 286 0099 6D69742D 		.ascii	"mit-frame-pointer' '-falign-functions=16' '-ffuncti"
 286      6672616D 
 286      652D706F 
 286      696E7465 
 286      72272027 
 287 00cc 6F6E2D73 		.ascii	"on-sections' '-fdata-sections' '-fno-common' '-flto"
 287      65637469 
 287      6F6E7327 
 287      20272D66 
 287      64617461 
 288 00ff 2700     		.ascii	"'\000"
 289              		.text
 290              		.comm	__gnu_lto_v1,1,1
 291              		.comm	__gnu_lto_slim,1,1
 292              		.ident	"GCC: (GNU Tools for Arm Embedded Processors 7-2017-q4-major) 7.2.1 20170904 (release) [ARM
ARM GAS  C:\Users\Luczia\AppData\Local\Temp\ccx13ZjL.s 			page 23


DEFINED SYMBOLS
                            *ABS*:00000000 nullstreams.c
                            *COM*:00000001 __gnu_lto_v1
                            *COM*:00000001 __gnu_lto_slim

NO UNDEFINED SYMBOLS
