ARM GAS  C:\Users\Luczia\AppData\Local\Temp\cccgIcIS.s 			page 1


   1              		.cpu cortex-m4
   2              		.eabi_attribute 20, 1
   3              		.eabi_attribute 21, 1
   4              		.eabi_attribute 23, 3
   5              		.eabi_attribute 24, 1
   6              		.eabi_attribute 25, 1
   7              		.eabi_attribute 26, 1
   8              		.eabi_attribute 30, 6
   9              		.eabi_attribute 34, 1
  10              		.eabi_attribute 18, 4
  11              		.file	"nvic.c"
  12              		.section	.gnu.lto_.inline.803ee4e4,"",%progbits
  13 0000 789C6363 		.ascii	"x\234cc``\010d@\000\026\006\006^\036\006\006&\261\003"
  13      60600864 
  13      40001606 
  13      065E1E06 
  13      0626B103 
  14 0014 BB19811C 		.ascii	"\273\031\201\034&\220\030#\003\007;P\210gC.L\204\211"
  14      26901823 
  14      03073B50 
  14      8867432E 
  14      4C8489
  15 0027 81531048 		.ascii	"\201S\020Hr=\210\205\213p\203\324\2610\260\263\241\212"
  15      723D8885 
  15      8B7083D4 
  15      B130B0B3 
  15      A18A
  16 0039 33000020 		.ascii	"3\000\000 0\006)"
  16      300629
  17              		.text
  18              		.section	.gnu.lto_nvicEnableVector.803ee4e4,"",%progbits
  19 0000 789C8592 		.ascii	"x\234\205\222\317KTQ\024\307\357\367\235\367c~9\213"
  19      CF4B5451 
  19      14C7EFF7 
  19      9DF7637E 
  19      398B
  20 0012 A04520E5 		.ascii	"\240E \345\"\0207>\206 \012\332D\320\316M\377A\315\306"
  20      2210373E 
  20      86200ADA 
  20      44D0CE4D 
  20      FF41CDC6 
  21 0026 819C110D 		.ascii	"\201\234\021\015i\347s\264Q\313E\220\2434\274b\"-!l"
  21      69E773B4 
  21      51CB4590 
  21      A334BC62 
  21      222D216C 
  22 003a 922CD3AC 		.ascii	"\222,\323\254\246\311\374AH\024\322\276\222\002!)q\221"
  22      A6C9FC41 
  22      4814D2BE 
  22      92022129 
  22      7191
  23 004c A0D639EF 		.ascii	"\240\3269\357\215\025\214\322e\336\235\363\353{\357"
  23      8D158CD2 
  23      65DE9DF3 
  23      EB7BEF
  24 005b F99CF74C 		.ascii	"\371\234\367L\245\324\022)u\202\377\367\363\243HAS\374"
  24      A5D41229 
ARM GAS  C:\Users\Luczia\AppData\Local\Temp\cccgIcIS.s 			page 2


  24      7582FFF7 
  24      F3A34841 
  24      53FC
  25 006d 00EC40B5 		.ascii	"\000\354@\265khG\037\365\023J\335_&\265\272\273\016"
  25      6B68471F 
  25      F5134ADD 
  25      5F26B5BA 
  25      BB0E
  26 007f AFE2E0DA 		.ascii	"\257\342\340\332\001g\244\010\227\205\003\244\274\205"
  26      0167A408 
  26      978503A4 
  26      BC85
  27 008d 87A8E3AA 		.ascii	"\207\250\343\252w]\017\\\272B.\001:\273?\026s\237\243"
  27      775D0F5C 
  27      BA422E01 
  27      3ABB3F16 
  27      739FA3
  28 00a0 E26AA861 		.ascii	"\342j\250aw\313\351\037\210\322Q(\266\227\337\334\276"
  28      77CBE91F 
  28      88D25128 
  28      B697DFDC 
  28      BE
  29 00b1 6AD50E3B 		.ascii	"j\325\016;N\332)\316\014\221s\330%\302c\020\037\210"
  29      4EDA29CE 
  29      0C9173D8 
  29      25C26310 
  29      1F88
  30 00c3 47A8C638 		.ascii	"G\250\3068\252\025\207\024&P\313\345\367\322_\277\021"
  30      AA158714 
  30      2650CBE5 
  30      F7D25FBF 
  30      11
  31 00d4 1DF3A49F 		.ascii	"\035\363\244\237\346?\366\033e\351\362pY\372d\027\351"
  31      E63FF61B 
  31      65E9F270 
  31      59FA6417 
  31      E9
  32 00e5 246ABDFA 		.ascii	"$j\275\372\261\355l\225\251\373\275b\012\246\022\270"
  32      B1ED6C95 
  32      A9FBBD62 
  32      0AA612B8 
  33 00f5 C27BA3E8 		.ascii	"\302{\243\350l\377\352v\212Kw0xz\037X\243k\274\031$"
  33      6CFFEA76 
  33      8A4B7730 
  33      787A1F58 
  33      A36BBC19 
  34 010a 96CE9B69 		.ascii	"\226\316\233i\210k\212e\361f\005\304\012J,$VXb\021\310"
  34      886B8A65 
  34      F16605C4 
  34      0A4A2C24 
  34      56586211 
  35 011f 3551489F 		.ascii	"5QH\237J\365x\343\350%\236!\255 \275\326\275U\010\311"
  35      4AF578E3 
  35      E8259E21 
  35      AD20BDD6 
  35      BD5508C9 
  36 0133 8D39428E 		.ascii	"\2159B\216\"\212C\353\363\226\037\320\270\263\361[\253"
ARM GAS  C:\Users\Luczia\AppData\Local\Temp\cccgIcIS.s 			page 3


  36      228A43EB 
  36      F3961FD0 
  36      B8B3F15B 
  36      AB
  37 0144 3F23321F 		.ascii	"?#2\037\003N\251\323\211\342)\267\276\202\316\357\231"
  37      034EA9D3 
  37      89E229B7 
  37      BE82CEEF 
  37      99
  38 0155 EB865F45 		.ascii	"\353\206_E\254\374w\256\026tL{E\245\245\313\033$E\234"
  38      ACFC77AE 
  38      16744C7B 
  38      45A5A5CB 
  38      1B24459C 
  39 0169 1EB8547A 		.ascii	"\036\270Tzk\371\347\010\360tiq\326\314\343f\007\277"
  39      6BF9E708 
  39      F0746971 
  39      D6CCE366 
  39      07BF
  40 017b ACFC4197 		.ascii	"\254\374A\227\002|\033\236\261J\222\037&\246&\252\354"
  40      027C1B9E 
  40      B14A921F 
  40      26A626AA 
  40      EC
  41 018c 51A7ABC3 		.ascii	"Q\247\253\303\251q)\210\347\310#\353\265\315\311\215"
  41      A9712988 
  41      E7C823EB 
  41      B5CDC98D 
  42 019c F5E1AC1E 		.ascii	"\365\341\254\036+H2\237t)\204\027\260s\024\365\336p"
  42      2B48329F 
  42      74298417 
  42      B07314F5 
  42      DE70
  43 01ae 1131EE47 		.ascii	"\0211\356G\332\333\314\334\030\033\321\374\006uN\263"
  43      DADBCCDC 
  43      181BD1FC 
  43      06754EB3 
  44 01be F0DAD0FD 		.ascii	"\360\332\320\375\311*\351\300\304!\274\364\032\374\213"
  44      C92AE9C0 
  44      C421BCF4 
  44      1AFC8B
  45 01cd 6AEC70AD 		.ascii	"j\354p\255ez\313\\\246/[\030\232\332\214\370\\\006J"
  45      657ACB5C 
  45      A62F5B18 
  45      9ADA8CF8 
  45      5C064A
  46 01e0 3BF00B65 		.ascii	";\360\013e\235%#\232\231\313\004\374\012\340\025\252"
  46      9D25239A 
  46      99CB04FC 
  46      0AE015AA 
  47 01f0 F9C632BC 		.ascii	"\371\3062\274Q\206\337\205\326\330\2036\214\031\217"
  47      5186DF85 
  47      D6D88336 
  47      8C198F
  48 01ff 1695B46D 		.ascii	"\026\225\264m.E\360ZhM\217vVh-\237v\364\017-\237\035"
  48      2E45F05A 
  48      684D8F76 
ARM GAS  C:\Users\Luczia\AppData\Local\Temp\cccgIcIS.s 			page 4


  48      56682D9F 
  48      76F40F2D 
  49 0215 ADC00B56 		.ascii	"\255\300\013V\342\205\244\256\202'\354\003\004\376\017"
  49      E285A4AE 
  49      8227EC03 
  49      04FE0F
  50 0224 10DC1360 		.ascii	"\020\334\023`\316\003\320\366\000\230\027\200\220\007"
  50      CE03D0F6 
  50      00981780 
  50      9007
  51 0232 B0200061 		.ascii	"\260 \000a\265\212t\276\320\007\357\263\227\325#\360"
  51      B58A74BE 
  51      D007EFB3 
  51      97D523F0 
  52 0242 2C3F525F 		.ascii	",?R_o\363/\336\2308\227H\265\306\216\307\354T\253\335"
  52      6FF32FDE 
  52      98389748 
  52      B5C68EC7 
  52      EC54ABDD 
  53 0256 78F6BCDD 		.ascii	"x\366\274\335\234j\271\320j\307SMM\251\244}\362L\303"
  53      9C6AB9D0 
  53      6AC7534D 
  53      4DA9A47D 
  53      F24CC3
  54 0269 A9868B76 		.ascii	"\251\206\213v\262-\021\257\217+$\365\346\226D\3527\027"
  54      B22D11AF 
  54      8F2B24F5 
  54      E69644EA 
  54      3717
  55 027b 1C3DAE   		.ascii	"\034=\256"
  56              		.text
  57              		.section	.gnu.lto_nvicDisableVector.803ee4e4,"",%progbits
  58 0000 789C7552 		.ascii	"x\234uRAk\023A\030\235\267\337\356\246\266&7\301C\260"
  58      416B1341 
  58      189DB7DF 
  58      EEA6B626 
  58      37C143B0 
  59 0014 3D08A597 		.ascii	"=\010\245\227,AP<\212\340\255\027\377\201\346\322\200"
  59      2C41503C 
  59      8AE0AD17 
  59      FF81E6D2 
  59      80
  60 0025 CD8A91E2 		.ascii	"\315\212\221\342\255\323\244M[kA\260\211\020\026\211"
  60      ADD3A44D 
  60      5B6B41B0 
  60      89101689 
  61 0035 986241B4 		.ascii	"\230bA\264J\2431\261\352\272\026m\321 \212\372\003l"
  61      4AA331B1 
  61      EABA166D 
  61      D1208AFA 
  61      036C
  62 0047 11E9A1A8 		.ascii	"\021\351\241\250\344`\241V\277\231\315AP\207\335\331"
  62      E460A156 
  62      BF99CD41 
  62      5087DDD9 
  63 0057 793B6FDF 		.ascii	"y;o\337{\337|k\013!f\015!\216\360s\037\337\202\004\030"
  63      7BDF7C6B 
ARM GAS  C:\Users\Luczia\AppData\Local\Temp\cccgIcIS.s 			page 5


  63      0B21660D 
  63      218EF073 
  63      1FDF8204 
  64 006c C2001840 		.ascii	"\302\000\030@\214\032\030\305%\232#\004\223\237\033"
  64      8C1A18C5 
  64      259A2304 
  64      939F1B
  65 007b C6C04DC9 		.ascii	"\306\300M\311\303\277Z\263\013rb\277GB\224H\350\201"
  65      C3BF5AB3 
  65      0B7262BF 
  65      47429448 
  65      E881
  66 008d 250C30EB 		.ascii	"%\0140\353\355\370]\217f\310#\300d\370\255U^\217)h\240"
  66      EDF85D8F 
  66      66C823C0 
  66      64F8AD55 
  66      5E8F2968 
  67 00a2 8FE14F39 		.ascii	"\217\341O9W\212\321a\010^o\274\272q9\322?/eN\372\257"
  67      578AD161 
  67      085E6FBC 
  67      BA7139D2 
  67      3F2F654E 
  68 00b8 AB240F7A 		.ascii	"\253$\017zDx\000bA\334G\0345\304\005\277\022\250\243"
  68      44780062 
  68      41DC471C 
  68      35C405BF 
  68      12A8A3
  69 00cb 5FF13FDD 		.ascii	"_\361?\335\333-Fm34\304C\330B%\\|g\371r\367\327\244"
  69      DB2D466D 
  69      3334C443 
  69      D842255C 
  69      7C67F972 
  70 00e2 F437AAF8 		.ascii	"\3647\252\370p\242\033\374\215i\360d\221Z\231<\331\226"
  70      70A21BFC 
  70      8D69F064 
  70      915A993C 
  70      D996
  71 00f4 8236B490 		.ascii	"\2026\264\220\230\322y\247\211\213\244M\344w\012\255"
  71      98D279A7 
  71      898BA44D 
  71      E4770AAD 
  72 0104 A50543C9 		.ascii	"\245\005C\311\225\011e\262\331\350J\365N#\2522\233\350"
  72      950965B2 
  72      D9E84AF5 
  72      4E23AA32 
  72      9BE8
  73 0116 4583536C 		.ascii	"E\203Sl\"\327^\215\204\034\203\011\265\353[?\366*\202"
  73      22D75E8D 
  73      841C8309 
  73      B5EB5B3F 
  73      F62A82
  74 0129 0519E465 		.ascii	"\005\031\344e\014MM\312\177/L[!\213B\245\265jsG\023"
  74      0C4D4DCA 
  74      7F2F4C5B 
  74      218B42A5 
  74      B56A7347 
  75 013e 6D587814 		.ascii	"mXx\024\222\276\026\326:R\352|j+/\013]!\003XF\234C0"
ARM GAS  C:\Users\Luczia\AppData\Local\Temp\cccgIcIS.s 			page 6


  75      92BE16D6 
  75      3A52EA7C 
  75      6A2B2F0B 
  75      5D210358 
  76 0156 29787F71 		.ascii	")x\177q[+1\2434\021\274\211\204f\352\024\226\203\326"
  76      5B2B31A3 
  76      3411BC89 
  76      8466EA14 
  76      9683D6
  77 0169 0BBB826B 		.ascii	"\013\273\202kc\334\206\312\001\217\"\034\011\217YZm"
  77      63DC86CA 
  77      018F221C 
  77      098F595A 
  77      6D
  78 017a 7EAC37EB 		.ascii	"~\2547\353Q\347\266\034\037\223}\036u\341\011*(\352"
  78      51E7B61C 
  78      1F937D1E 
  78      75E1092A 
  78      28EA
  79 018c 7A7973BB 		.ascii	"zys\273=_4\223\213j\2632\342\321\036<\205\303Iu\357"
  79      3D5F3493 
  79      8B6AB332 
  79      E2D11E3C 
  79      85C34975 
  80 01a1 7C24398F 		.ascii	"|$9\217.\364\313\302:\302|V\247\256\240\275\332\333"
  80      2EF4CBC2 
  80      3AC27C56 
  80      A7AEA0BD 
  80      DADB
  81 01b3 09F30F77 		.ascii	"\011\363\017w\353?\356\335x\246\335\361\267{\306\243"
  81      EB3FEEDD 
  81      78A6DDF1 
  81      B77BC6A3 
  82 01c3 1E04CADD 		.ascii	"\036\004\312\335\326\356\317\221\374\263\320\036\010"
  82      D6EECF91 
  82      FCB3D01E 
  82      08
  83 01d0 ACB0E616 		.ascii	"\254\260\346\026r\225[\263:\214\376\303\246\224\026"
  83      72955BB3 
  83      3A8CFEC3 
  83      A69416
  84 01df B7ED5022 		.ascii	"\267\355P\"\341\360\225\032J\237N\273\331\344\321\244"
  84      E1F0951A 
  84      4A9F4EBB 
  84      D9E4D1A4 
  85 01ef E3669DA1 		.ascii	"\343f\235\241Sg\234\263\356\271\363Y'\345\016\017\273"
  85      53679CB3 
  85      EEB9F359 
  85      27E50E0F 
  85      BB
  86 0200 19E7D8C9 		.ascii	"\031\347\330\311\301\343\203\027\234\314H:\225H\011"
  86      C1E38317 
  86      9CCC483A 
  86      954809
  87 020f 647E0332 		.ascii	"d~\0032J\332\006"
  87      4ADA06
  88              		.text
ARM GAS  C:\Users\Luczia\AppData\Local\Temp\cccgIcIS.s 			page 7


  89              		.section	.gnu.lto_nvicSetSystemHandlerPriority.803ee4e4,"",%progbits
  90 0000 789C6D52 		.ascii	"x\234mR\317O\023Q\020~\337\316\356v\005!\036\211\341"
  90      CF4F1351 
  90      107EDFCE 
  90      EE760521 
  90      1E89E1
  91 0013 D08309E1 		.ascii	"\320\203\011\341\302\332\230\230x1Q/^\270\370\037`5"
  91      C2DA9898 
  91      7831512F 
  91      5EB8F81F 
  91      6035
  92 0025 A109B484 		.ascii	"\241\011\264\204\032\343\255\257\277\240\250\361\"T"
  92      1AE3ADAF 
  92      BFA0A8F1 
  92      2254
  93 0033 5237A607 		.ascii	"R7\246\007\033\016\306\240A\305B\201R\224pA\0031F\361"
  93      1B0EC6A0 
  93      41C54281 
  93      52947041 
  93      033146F1 
  94 0047 E42F4C08 		.ascii	"\344/L\010\020\225\036D#:\357\265&\034|\331}og\3367"
  94      10951E44 
  94      233AEFB5 
  94      261C7CD9 
  94      7D6F67DE 
  95 005c 33DF37B3 		.ascii	"3\3377\263\266\020b\336\020\3424\237G\371\025\266\000"
  95      B61062DE 
  95      10E2349F 
  95      47F915B6 
  95      00
  96 006d 9B3040BC 		.ascii	"\2330@\274\223a\012!\015\2137\323\004\037\260\000\006"
  96      93610A21 
  96      0D8B37D3 
  96      041FB000 
  96      06
  97 007e 41C40C32 		.ascii	"A\304\0142-\304p\235\206\011\225\301\365\242\321>&y"
  97      2DC4709D 
  97      860995C1 
  97      F5A2D13E 
  97      2679
  98 0090 956F55ED 		.ascii	"\225oU\355\001\231n\3618<KB/L\240\235Q+\251\007\036"
  98      01996EF1 
  98      383C4B42 
  98      2F4CA09D 
  98      512BA907 
  99 00a5 5D238F00 		.ascii	"]#\217\000\223\315o\313\271\217\315\3124\340g3ys\266"
  99      93CD6FCB 
  99      B98FCDCA 
  99      34E06733 
  99      7973B6
 100 00b8 E4D07108 		.ascii	"\344\320q\010\376^\235\030=\333V\2202!\313\237\012$"
 100      FE5E9D18 
 100      3DDB5690 
 100      3221CB9F 
 100      0A24
 101 00ca 8F784478 		.ascii	"\217xDx\002\342|x\214V<B\253`\227\300$\332\030}/\361"
 101      02E27C78 
ARM GAS  C:\Users\Luczia\AppData\Local\Temp\cccgIcIS.s 			page 8


 101      8C563C42 
 101      AB6097C0 
 101      24DA187D 
 102 00e0 658BE8A4 		.ascii	"e\213\350\244\216\374\260\364~\330\252\207V\307\352"
 102      8EFCB0F4 
 102      7ED8AA87 
 102      56C7EA
 103 00ef A14FFF13 		.ascii	"\241O\377\023ZD\233\306?\334\033i\262\315\374?\266\230"
 103      5A449BC6 
 103      3FDC1B69 
 103      B2CDFC3F 
 103      B698
 104 0101 0237804F 		.ascii	"\0027\200O\366\214\257Ze\271\367g\220I\264\254\3558"
 104      F68CAF5A 
 104      65B9F767 
 104      9049B4AC 
 104      ED38
 105 0113 0DE048D3 		.ascii	"\015\340H\323\340\315\"\365\305\235\340\372\016t*\221"
 105      E0CD22F5 
 105      C59DE0FA 
 105      0E742A91 
 106 0123 D15A33C4 		.ascii	"\321Z3\304\275\243!. \3503Ro\026\326o\333*e\216,.\366"
 106      BDA3212E 
 106      20E83352 
 106      6F16D66F 
 106      DB2A658E 
 107 013a EBC78B19 		.ascii	"\353\307\213\031\237RLh\30443Qk\210\270\305\264\211"
 107      9F524C68 
 107      C4343351 
 107      6B88B8C5 
 107      B489
 108 014c 945FD766 		.ascii	"\224_\327fX\261\270\371\316\027\373-\035\217\354,)2"
 108      58B1B8F9 
 108      CE17FB2D 
 108      1D8FEC2C 
 108      2932
 109 015e 25C4D445 		.ascii	"%\304\324E6]y\251\343}Zk\362\347\334N3\343\270\327>"
 109      365D79A9 
 109      E37D5A6B 
 109      F2E7DC4E 
 109      33E3B8D7 
 110 0173 2540F976 		.ascii	"%@\371vW\2662\215y\334\211\037\362\310\301,\017hF\325"
 110      57B6328D 
 110      79DC891F 
 110      F2C8C12C 
 110      0F6846D5 
 111 0187 51E8BB13 		.ascii	"Q\350\273\023i0zTJ\277\3120\207<jj\313\210yt@S\341\011"
 111      69307A54 
 111      4ABFCA30 
 111      873C6A6A 
 111      CB887974 
 112 019f D30612DF 		.ascii	"\323\006\022\337\007\227\213%\324\210#G\216`_u\251\256"
 112      07978B25 
 112      D4882347 
 112      8E605F75 
 112      A9AE
 113 01b1 C4E064F1 		.ascii	"\304\340d\361bi\330RL,\310\265\244l\306<W\331@\362\353"
ARM GAS  C:\Users\Luczia\AppData\Local\Temp\cccgIcIS.s 			page 9


 113      6269D852 
 113      4C2CC8B5 
 113      A46CC63C 
 113      57D940F2 
 114 01c6 C0AE5543 		.ascii	"\300\256UC\021G\356\237y\003LT4\250\362\352\352[\015"
 114      1147EE9F 
 114      79034C54 
 114      34A8F2EA 
 114      EA5B0D
 115 01d9 DAAFC8D2 		.ascii	"\332\257\310\322\212J\225\345E[\261\347\037)\177\330"
 115      8A4A95E5 
 115      455BB1E7 
 115      1F297FD8 
 116 01e9 A346AE86 		.ascii	"\243F\256\206\205\272\200\327\223S\223M\356}\231\212"
 116      85BA80D7 
 116      9353934D 
 116      EE7D998A 
 117 01f9 2B0107F1 		.ascii	"+\001\007\361\214\005\214\350\256+\335\325\302\210\031"
 117      8C058CE8 
 117      AE2BDDD5 
 117      C28819
 118 0208 185797F9 		.ascii	"\030W\227\371\260GMx\0167\247\344p\367\026\021`>b\033"
 118      B0474D78 
 118      0E37A7E4 
 118      70F71611 
 118      603E621B 
 119 021c 89FCF48D 		.ascii	"\211\374\364\215\232\346\332\254\270\265<\256c\035\035"
 119      9AE6DAAC 
 119      B8B53CAE 
 119      631D1D
 120 022b 2E3FC1EE 		.ascii	".?\301\356\320\371P$\0328\021p#Q\267\273\253\307\355"
 120      D0F95024 
 120      1A381170 
 120      2351B7BB 
 120      ABC7ED
 121 023e 8BF45F8A 		.ascii	"\213\364_\212\272\301Hoo$\354\236:\327y\246\363\212"
 121      BAC1486F 
 121      6F24EC9E 
 121      3AD779A6 
 121      F38A
 122 0250 1BBE1C0A 		.ascii	"\033\276\034\012v\004\205\257\273+|\241\347b\277\331"
 122      760485AF 
 122      BB2B7CA1 
 122      E762BFD9 
 123 0260 D71F8AFC 		.ascii	"\327\037\212\374\005\026I\353D"
 123      051649EB 
 123      44
 124              		.text
 125              		.section	.gnu.lto___func__.8260.803ee4e4,"",%progbits
 126 0000 789C6363 		.ascii	"x\234cc``\020\005by\006\010\230\302\314\370\341\361"
 126      60601005 
 126      62790608 
 126      98C2CCF8 
 126      E1F1
 127 0012 9CCB4C8A 		.ascii	"\234\313L\212L\363\0338\3460300nfTd\220\315+\313L\016"
 127      4CF31B38 
 127      E6303330 
ARM GAS  C:\Users\Luczia\AppData\Local\Temp\cccgIcIS.s 			page 10


 127      306E6654 
 127      6490CD2B 
 128 0029 4E2D09AE 		.ascii	"N-\011\256,.I\315\365H\314K\311I-\012(\312\314/\312"
 128      2C2E49CD 
 128      F548CC4B 
 128      C9492D0A 
 128      28CACC2F 
 129 003e 2CA96400 		.ascii	",\251d\000\000\346\363\022t"
 129      00E6F312 
 129      74
 130              		.text
 131              		.section	.gnu.lto_nvicClearPending.803ee4e4,"",%progbits
 132 0000 789C3551 		.ascii	"x\2345Q\315k\023Q\020\237\337\316~X0\271\011\036\202"
 132      CD6B1351 
 132      109FDFCE 
 132      7E5830B9 
 132      091E82
 133 0013 F6209422 		.ascii	"\366 \224\"d\011\202\342Q<x\352\305\377@si\300f\305"
 133      640982E2 
 133      513C78EA 
 133      C5FF4073 
 133      69C066C5 
 134 0027 48F1D6D7 		.ascii	"H\361\326\327\264MZ-Xh\223BXd\245)\342A\253X\215I\253"
 134      B44D5A2D 
 134      58689342 
 134      5864A529 
 134      E241AB58 
 135 003e 86454491 		.ascii	"\206ED\221\"\025\361\344I\245\240\207\242\245\007\205"
 135      2215F1E4 
 135      49A5A087 
 135      A2A50785 
 136 004e 7E38EFAD 		.ascii	"~8\357\255\035\366\315\276\231\371\315o>\236KD\260\210"
 136      1DF6CDBE 
 136      99F9CD6F 
 136      3E9E4B44 
 136      B088
 137 0060 CEC8FF88 		.ascii	"\316\310\377\210\034bc\302\002t\204F,\214`\232\347\030"
 137      1C6263C2 
 137      02748446 
 137      2C8C609A 
 137      E718
 138 0072 7175A36D 		.ascii	"qu\243m\365\337S\"\335\371\216WQ\023GC&\2523\031\301"
 138      F5DF5322 
 138      DDF98E57 
 138      51134743 
 138      26AA3319 
 139 0087 13F40B6A 		.ascii	"\023\364\013j}\374Q\310\2678d\300\026\363\367Z\343["
 139      7DFC51C8 
 139      B73864C0 
 139      16F3F75A 
 139      E35B
 140 0099 5A9B167A 		.ascii	"Z\233\026z\305\334Us\3654\237\006\311\375\373\373\205"
 140      C5DC5573 
 140      F5349F06 
 140      C9FDFBFB 
 140      85
 141 00aa 19AF6F51 		.ascii	"\031\257oQ\251\262\352\276n\262:\0212\343\031X\010\361"
ARM GAS  C:\Users\Luczia\AppData\Local\Temp\cccgIcIS.s 			page 11


 141      A9B2EABE 
 141      6EB23A11 
 141      32E31958 
 141      08F1
 142 00bc 14192C23 		.ascii	"\024\031,#C\342\"\264\320\247\361_\037\357\325R\256"
 142      43E222B4 
 142      D0A7F15F 
 142      1FEFD552 
 142      AE
 143 00cd 9D14C473 		.ascii	"\235\024\304s\270\244;\\\372\350t\325\336~Uu\2774\261"
 143      B8A43B5C 
 143      FAE874D5 
 143      DE7E5575 
 143      BF34B1
 144 00e0 7EA10792 		.ascii	"~\241\007\222c[\242\034\026%p1\035\255\\\030\"\2324"
 144      635BA21C 
 144      16257031 
 144      1DAD5C18 
 144      229A34
 145 00f3 FD4EB10C 		.ascii	"\375N\261\014\311?1\266S\331]\211,M\327`4\330\225B\263"
 145      C93F31B6 
 145      53D95D89 
 145      2C4DD760 
 145      34D89542 
 146 0108 CD87ED94 		.ascii	"\315\207\355\224\356\331\306q\264\245\013\201\375\252"
 146      EED9C671 
 146      B4A50B81 
 146      FDAA
 147 0116 DCF71290 		.ascii	"\334\367\022\220\205\223\031\201\212\263\274\375\366"
 147      85931981 
 147      8AB3BCFD 
 147      F6
 148 0123 BF4FAF67 		.ascii	"\277O\257g\371\356\346\237\303:\313\205\212\307T\032"
 148      F9EEE69F 
 148      C33ACB85 
 148      8AC7541A 
 149 0133 9D2473AB 		.ascii	"\235$s\2532\345$(;\241\177\327\354\354\030\240\003\007"
 149      32E52428 
 149      3BA17FD7 
 149      ECEC18A0 
 149      0307
 150 0145 2B0654DE 		.ascii	"+\006T\336\252\036\320;RA<\361\247\233?L\232$\324'\342"
 150      AA1ED03B 
 150      52413CF1 
 150      A79B3F4C 
 150      9A24D427 
 151 015a 0F5EC2AC 		.ascii	"\017^\302\254\367\260\032\257\275q#\334\031\225\207"
 151      F7B01AAF 
 151      BD7123DC 
 151      199587
 152 0169 888E85EC 		.ascii	"\210\216\205\354I}\254\012\217\016~nuZ)\377\201\032"
 152      497DAC0A 
 152      8F0E7E6E 
 152      755A29FF 
 152      811A
 153 017b 1F55BD21 		.ascii	"\037U\275!\037\302\013D\250\231\211%\370w{\261f\347"
 153      1FC20B44 
ARM GAS  C:\Users\Luczia\AppData\Local\Temp\cccgIcIS.s 			page 12


 153      A8998925 
 153      F8777BB1 
 153      66E7
 154 018d 9674301A 		.ascii	"\226t0\032\016\271\007/\341K[\346\365^!'\305i\023\345"
 154      0EB9072F 
 154      E14B5BE6 
 154      F55E2127 
 154      C56913E5 
 155 01a1 68E136CC 		.ascii	"h\3416\314z\265L\312\244$\253:\225\315\372\362\345\007"
 155      7AB54CCA 
 155      A424AB3A 
 155      95CDFAF2 
 155      E507
 156 01b3 0B970B41 		.ascii	"\013\227\013A)w6\347\007%\177\360\322\025\377jp\355"
 156      297736E7 
 156      07257FF0 
 156      D215FF6A 
 156      70ED
 157 01c5 7AC9CF07 		.ascii	"z\311\317\007CCA\321?wq\340\374\300\015\2778\\\310g"
 157      434341D1 
 157      3F7771E0 
 157      FCC00DBF 
 157      385CC867 
 158 01d9 F384E23F 		.ascii	"\363\204\342?[\014\253\016"
 158      5B0CAB0E 
 159              		.text
 160              		.section	.gnu.lto_.symbol_nodes.803ee4e4,"",%progbits
 161 0000 789C6363 		.ascii	"x\234cc``\310\001b\006\246\023L\365\014\014\023\316"
 161      6060C801 
 161      6206A613 
 161      4CF50C0C 
 161      13CE
 162 0012 313000A9 		.ascii	"10\000\251]\215\216@\221\223L\365\214\250\"\247\230"
 162      5D8D8E40 
 162      91934CF5 
 162      8CA822A7 
 162      98
 163 0023 EA995044 		.ascii	"\352\231PDX\317214(1003\235f\252gF\221b<\303T\317\002"
 163      58CF3231 
 163      34283130 
 163      30339D66 
 163      AA674691 
 164 003d 16616068 		.ascii	"\026a`hhp\000\251ae8\374\340\037#\003\000\346\177\033"
 164      687000A9 
 164      616538FC 
 164      E01F2303 
 164      00E67F1B 
 165 0051 24       		.ascii	"$"
 166              		.text
 167              		.section	.gnu.lto_.refs.803ee4e4,"",%progbits
 168 0000 789C6363 		.ascii	"x\234cc```\003bF&&f&\006\000\000\303\000\027"
 168      60606003 
 168      62462626 
 168      66260600 
 168      00C30017 
 169              		.text
 170              		.section	.gnu.lto_.decls.803ee4e4,"",%progbits
ARM GAS  C:\Users\Luczia\AppData\Local\Temp\cccgIcIS.s 			page 13


 171 0000 789CBD58 		.ascii	"x\234\275XkPTG\026\236\276=\300\360v\221\332\270YRe"
 171      6B505447 
 171      169EBE3D 
 171      C0F07691 
 171      DAB85952 
 172 0015 6549C98F 		.ascii	"eI\311\217\004P\223Mv\177\354\206\214\272\362\303\204"
 172      0450934D 
 172      767FEC86 
 172      8CBAF2C3 
 172      84
 173 0026 1A12AB76 		.ascii	"\032\022\253v\227Z\2028F\022\036Y\030\267\364\327^^"
 173      975A8238 
 173      46121E59 
 173      18B7F4D7 
 173      5E5E
 174 0038 0AA20615 		.ascii	"\012\242\006\025Ay\004\004|\020|\021\024\037\210\016"
 174      41790404 
 174      7C107C11 
 174      141F880E 
 175 0048 C81B0183 		.ascii	"\310\033\001\203\202\242 \210\200\210(/EA\224=\375\270"
 175      82A22088 
 175      8088282F 
 175      4541943D 
 175      FDB8
 176 005a CCF532E3 		.ascii	"\314\3652\343f\253R{\313C\337s\373\353\323_\237\323"
 176      66AB527B 
 176      CB43DF73 
 176      FBEBD35F 
 176      9FD3
 177 006c 7DFA8CD6 		.ascii	"}\372\214\326*\225j\335\233*\225\035V\251n \225j\006"
 177      2A956ADD 
 177      9B2A951D 
 177      56A96E20 
 177      956A06
 178 007f 1E6BF856 		.ascii	"\036k\370V\2562=V 5 \015 \215 \315 7A\000\256\272\253"
 178      AE323D56 
 178      2035200D 
 178      208D20CD 
 178      20374100 
 179 0096 7AF5F90E 		.ascii	"z\365\371\016>:B\373%\210\013\210+\210\021\304\015\344"
 179      3E3A42FB 
 179      25880B88 
 179      2B8811C4 
 179      0DE4
 180 00a8 03E85B04 		.ascii	"\003\350[\004\355_A\226\302\3734\264\317A\034\340\335"
 180      ED5F4196 
 180      C2FB34B4 
 180      CF411CE0 
 180      DD
 181 00b9 1E0428A8 		.ascii	"\036\004(\250\334\241\365\006\371\035b\366kTs\2374\350"
 181      DCA1F506 
 181      F91D62F6 
 181      6B54739F 
 181      34E8
 182 00cb 703033C7 		.ascii	"p03\307\">\207d_\262+\315#\020\014bs \276\036\345\223"
 182      223E8764 
 182      5FB22BCD 
ARM GAS  C:\Users\Luczia\AppData\Local\Temp\cccgIcIS.s 			page 14


 182      23100C62 
 182      7320BE1E 
 183 00e1 011D4E16 		.ascii	"\001\035N\026\370o\206\276- \011 =\240\267\363\265\304"
 183      F86F86BE 
 183      2D200920 
 183      3DA0B7F3 
 183      B5C4
 184 00f3 81BE06B1 		.ascii	"\201\276\006\2619\210\3350\304\346j|\215\237j8\207\036"
 184      3988DD30 
 184      C4E66A7C 
 184      8D9F6A38 
 184      871E
 185 0105 331CA427 		.ascii	"3\034\244'\033\000v\026\326\3717\276V\371:\211=o\336"
 185      1B007616 
 185      D6F937BE 
 185      56F93A89 
 185      3D6FDE
 186 0118 369BB197 		.ascii	"6\233\261\227\202Q\341\256\273i\352.\324I h\036B\034"
 186      8251E1AE 
 186      BB69EA2E 
 186      D4492068 
 186      1E421C
 187 012b 2D7F883E 		.ascii	"-\177\210>#=\244\237\001\004$u2\224r\030\355CL\004\225"
 187      233DA49F 
 187      01042475 
 187      32947218 
 187      ED434C04 
 188 0140 096B1A21 		.ascii	"\011k\032!\263*\033\214\350\243\242T\344\\(3N\017\231"
 188      B32A1B8C 
 188      E8A3A254 
 188      E45C2833 
 188      4E0F99
 189 0153 A647B318 		.ascii	"\246G\263\030\011/\263\212f\007\315e\247b\373\2138\241"
 189      092FB38A 
 189      6607CD65 
 189      A762FB8B 
 189      38A1
 190 0165 7568DB31 		.ascii	"uh\3331\207nt\033\240\020\276d\015\304\013\276f\\\353"
 190      876E741B 
 190      A010BE64 
 190      0DC40BBE 
 190      665CEB
 191 0178 C913B040 		.ascii	"\311\023\260@\337\013\207j\2378\342\371\364=&\255\343"
 191      DF0B876A 
 191      9F38E2F9 
 191      F43D26AD 
 191      E3
 192 0189 89BDE711 		.ascii	"\211\275\347\021\221=\232\035X\205J\020\226\034\332"
 192      913D9A1D 
 192      58854A10 
 192      961CDA
 193 0198 595B5088 		.ascii	"Y[P\210\2230Zd\207\010\007g\370t|\350\354\244#\373D"
 193      93305A64 
 193      87080767 
 193      F8747CE8 
 193      ECA423FB 
 194 01ad 102DDF8D 		.ascii	"\020-\337\215\345\333\340\317\350\373Oq'2\011\332\305"
ARM GAS  C:\Users\Luczia\AppData\Local\Temp\cccgIcIS.s 			page 15


 194      E5DBE0CF 
 194      E8FB4F71 
 194      273209DA 
 194      C5
 195 01be 0EA9411D 		.ascii	"\016\251A\035mL\277\353\004\252\253\035Z\230\202\205"
 195      6D4CBFEB 
 195      04AAAB1D 
 195      5A988285 
 196 01ce AEF6E71D 		.ascii	"\256\366\347\035N\310\316#A\024c\304\234X\321v\245\012"
 196      4EC8CE23 
 196      411463C4 
 196      9C58D176 
 196      A50A
 197 01e0 9D476EA8 		.ascii	"\235Gn\250\024\271\251\320\005\344A,\236F\236*t\026"
 197      14B9A9D0 
 197      05E4412C 
 197      9E469E2A 
 197      7416
 198 01f2 3E9E818F 		.ascii	">\236\201\217\007\011#\343\365\214?\355\033\023\305"
 198      070923E3 
 198      F58C3FED 
 198      1B13C5
 199 0201 85A80CD9 		.ascii	"\205\250\014\331\241s\010S\014\370`\221\035\243X\220"
 199      A1730853 
 199      0CF86091 
 199      1DA35890 
 200 0211 BF33D71A 		.ascii	"\2773\327\032\227#\302@(\315\350\253\022,\315Qny\216"
 200      9723C240 
 200      28CDE8AB 
 200      122CCD51 
 200      6E798E
 201 0224 B36F57C7 		.ascii	"\263oW\307\213\242\200\2140\307E\323\0340%\233\244\346"
 201      8BA2808C 
 201      30C745D3 
 201      1C30259B 
 201      A4E6
 202 0236 F0A972A4 		.ascii	"\360\251r\244\206\300SD\270\232|kxz\350\242z\366[\005"
 202      86C05344 
 202      B89A7C6B 
 202      787AE8A2 
 202      7AF65B05 
 203 024a A21FAB66 		.ascii	"\242\037\253f\236\032\235\231\013\004\342\235\221\313"
 203      9E1A9D99 
 203      0B04E29D 
 203      91CB
 204 0258 59F6CC05 		.ascii	"Y\366\314\005\363\210G.\334N\025\026\244\2229\223c\305"
 204      F388472E 
 204      DC4E1516 
 204      A4923993 
 204      63C5
 205 026a 7902FAF2 		.ascii	"y\002\372\362\327\250\012\230T\002\023\025\252F\013"
 205      D7A80A98 
 205      54021315 
 205      AA460B
 206 0279 E0EF2530 		.ascii	"\340\357%0D\347\254\312\312\336j\373v\216\230c\024\215"
 206      44E7ACCA 
 206      CADE6AFB 
ARM GAS  C:\Users\Luczia\AppData\Local\Temp\cccgIcIS.s 			page 16


 206      768E9863 
 206      148D
 207 028b 4F2FBBDF 		.ascii	"O/\273\337;)\212\300QT\023\034:e\"y\212\204\013\235"
 207      3B298AC0 
 207      5154131C 
 207      3A652279 
 207      8A840B9D 
 208 029f 44DD0815 		.ascii	"D\335\010\025\243.\210z\015z\233l\203\333e#\030\337"
 208      A32E887A 
 208      0D7A9B6C 
 208      83DB6523 
 208      18DF
 209 02b1 641137C7 		.ascii	"d\0217\307?\355j\3569G\213d\352)\231:\211\314\231\342"
 209      3FED6AEE 
 209      39478B64 
 209      EA29993A 
 209      89CC99E2 
 210 02c5 C976CCC9 		.ascii	"\311v\314\311\264\374&]4\306\210\304_\200B\265&*\265"
 210      B4FC265D 
 210      34C688C4 
 210      5F8042B5 
 210      262AB5
 211 02d8 4A2A0D94 		.ascii	"J*\015\224J\321\263\007\261\030\0171*\345\225\325\333"
 211      4AD1B307 
 211      B1180F31 
 211      2AE595D5 
 211      DB
 212 02e9 AD254BBF 		.ascii	"\255%K\277\235\265D\026u\331d\351\262\322R#\265Tv(\315"
 212      9DB54416 
 212      75D964E9 
 212      B2D25223 
 212      B5547628 
 213 02fe 1727626A 		.ascii	"\027'bj(\251l\327a\304\015\015\276\365\012\245&\223"
 213      28A96CD7 
 213      61C40D0D 
 213      BEF50AA5 
 213      2693
 214 0310 A126A5A1 		.ascii	"\241&\245\241fj\3108\222\277\027\343tf\251\365Y\331"
 214      666AC838 
 214      92BF17E3 
 214      7466A9F5 
 214      59D9
 215 0322 9403CEA7 		.ascii	"\224\003\316\247\212\372H\354\017#j\344\341\206\300"
 215      8AFA48EC 
 215      0F236AE4 
 215      E186C0
 216 0331 15C8EEA0 		.ascii	"\025\310\356\240t0T\250\025<\367\023?\032\360\244\213"
 216      743054A8 
 216      153CF713 
 216      3F1AF0A4 
 216      8B
 217 0342 B0C946FE 		.ascii	"\260\311F\376M>\303\273\206\266t\333\211y\"^\240BK\335"
 217      4D3EC3BB 
 217      86B674DB 
 217      8979225E 
 217      A0424BDD 
 218 0356 90376CBA 		.ascii	"\2207l\272\026\330t\244K\205\256\201\301\253\340[\342"
ARM GAS  C:\Users\Luczia\AppData\Local\Temp\cccgIcIS.s 			page 17


 218      16D874A4 
 218      4B85AE81 
 218      C1ABE05B 
 218      E2
 219 0367 90CCDA49 		.ascii	"\220\314\332I[;\216N\370o\350;\317f*\035\034\266\316"
 219      5B3B8E4E 
 219      F86FE83B 
 219      CF662A1D 
 219      1CB6CE
 220 037a 6E69D406 		.ascii	"ni\324\006L\244]\255B\327\221\003?\255\315\015{R\235"
 220      4CA45DAD 
 220      42D79103 
 220      3FADCD0D 
 220      7B529D
 221 038d 6994E11B 		.ascii	"i\224\341\033\217\362L\354\276\011+\213Qn\247Q\276!"
 221      8FF24CEC 
 221      BE092B8B 
 221      516EA751 
 221      BE21
 222 039f 4539FA6A 		.ascii	"E9\372j[\035qi7\234\211\346\207\357f\236\030\020\023"
 222      5B1D7169 
 222      379C89E6 
 222      87EF669E 
 222      181013
 223 03b2 EC280A5D 		.ascii	"\354(\012]1\271\364\012w\002\272I]\371\243\321\330\356"
 223      31B9F40A 
 223      7702BA49 
 223      5DF9A3D1 
 223      D8EE
 224 03c4 8C9B982B 		.ascii	"\214\233\230+s\007\032\353\254\330\376\177\213xv\367"
 224      73071AEB 
 224      ACD8FE7F 
 224      8B7876F7 
 225 03d4 D00EC4F6 		.ascii	"\320\016\304\366\377\000\002}\177\343x\252\035\356`"
 225      FF00027D 
 225      7FE378AA 
 225      1DEE60
 226 03e3 D833650F 		.ascii	"\3303e\017\2270\250\033I5I\035\267\020\361\211\310W"
 226      9730A81B 
 226      4935491D 
 226      B710F189 
 226      C857
 227 03f5 E9225F64 		.ascii	"\351\"_d7u\212\227\033\204\220\372$;\373B\033rI\246"
 227      37758A97 
 227      1B8490FA 
 227      243BFB42 
 227      1B7249A6 
 228 0409 CB12C58F 		.ascii	"\313\022\305\217\021\215N'\300;(\374\016r\221\006\321"
 228      118D4E27 
 228      C03B28FC 
 228      0E729106 
 228      D1
 229 041a 8437963F 		.ascii	"\2047\226?m/G\267\275\016]\324\225\025o\365N\236x\205"
 229      6D2F47B7 
 229      BD0E5DD4 
 229      95156FF5 
 229      4E9E7885 
ARM GAS  C:\Users\Luczia\AppData\Local\Temp\cccgIcIS.s 			page 18


 230 042e 1E3CEF8C 		.ascii	"\036<\357\214\203bBr\264\006\365 \027H\252\230\354D"
 230      83624272 
 230      B406F520 
 230      1748AA98 
 230      EC44
 231 0440 D9D85BF0 		.ascii	"\331\330[\360\345\037\202\012\335E\357\300\320#\255"
 231      E51F820A 
 231      DD45EFC0 
 231      D023AD
 232 044f D9A50E6C 		.ascii	"\331\245\016lM\"Y\324h\371\226\223\\\037\261\001=\345"
 232      4D2259D4 
 232      68F99693 
 232      5C1FB101 
 232      3DE5
 233 0461 E8DDD388 		.ascii	"\350\335\323\210\351\311\256\240\017\264\036Jwd\376"
 233      E9C9AEA0 
 233      0FB41E4A 
 233      7764FE
 234 0470 11F71307 		.ascii	"\021\367\023\007eMO\307\251q\037s\320\235\266\227\015"
 234      654D4FC7 
 234      A9711F73 
 234      D09DB697 
 234      0D
 235 0481 3C9FC65A 		.ascii	"<\237\306Z\221\214\323\327\261\307\321\242\213\006%"
 235      918CD3D7 
 235      B1C7D1A2 
 235      8B0625
 236 0490 17DD672E 		.ascii	"\027\335g.*L\315=\205M\213V\323\243\177\017\340\375"
 236      2A4CCD3D 
 236      854D8B56 
 236      D3A37F0F 
 236      E0FD
 237 04a2 14FE802E 		.ascii	"\024\376\200.zPZt\357\201\336\034[\316\334\032\364\315"
 237      7A505A74 
 237      EF81DE1C 
 237      5BCEDC1A 
 237      F4CD
 238 04b4 3B7BF29C 		.ascii	";{\362\2348sB\354\312\316m\273\325\234)\271\006v\\\337"
 238      387342EC 
 238      CACE6DBB 
 238      D59C29B9 
 238      06765CDF 
 239 04c8 F9673CCC 		.ascii	"\371g<\314x\336(\332}\202\007}\230`\317\245\267\245"
 239      78DE28DA 
 239      7D82077D 
 239      9860CFA5 
 239      B7A5
 240 04da DB5BE439 		.ascii	"\333[\3449*\361\034a<\217\307\367\026h`\264\033\334"
 240      2AF11C61 
 240      3C8FC7F7 
 240      166860B4 
 240      1BDC
 241 04ec 314876C1 		.ascii	"1Hv\301\270\261\013\346\244q\374\250\032\217\321\231"
 241      B8B10BE6 
 241      A471FCA8 
 241      1A8FD199 
 242 04fc 84A2A3BD 		.ascii	"\204\242\243\275_#\017;\351f\360\214\337B\216\374\004"
ARM GAS  C:\Users\Luczia\AppData\Local\Temp\cccgIcIS.s 			page 19


 242      5F230F3B 
 242      E966F08C 
 242      DF428EFC 
 242      04
 243 050d 2CECB169 		.ascii	",\354\261i\177\272\221%\2319\212O\340p\271\361\374?"
 243      7FBA9125 
 243      99398A4F 
 243      E070B9F1 
 243      FC3F
 244 051f 0E74C6D8 		.ascii	"\016t\306\330\374\005\331\207+\035\3614\233\340\366"
 244      FC05D987 
 244      2B1DF134 
 244      9BE0F6
 245 052e D161D8C9 		.ascii	"\321a\330\311\2633\234}\273\230\336\013\2230\303S\323"
 245      B3339C7D 
 245      BB98DE0B 
 245      9330C353 
 245      D3
 246 053f 0C13C8C2 		.ascii	"\014\023\310\302\024\317\314O\321\332\225z\353\225\375"
 246      14CFCC4F 
 246      D1DA957A 
 246      EB95FD
 247 054e 47EC3D82 		.ascii	"G\354=\202\376\207\324#S4\024\243R(b*\023\037\320\223"
 247      FE87D423 
 247      533414A3 
 247      5228622A 
 247      131FD093 
 248 0562 10FBF3AC 		.ascii	"\020\373\363\254\357\255\232\034V\313\255?\177\235\365"
 248      EFAD9A1C 
 248      56CBAD3F 
 248      7F9DF5
 249 0571 92AE9444 		.ascii	"\222\256\224D\276%s\310-}\256s\324h\317\364n\342\376"
 249      BE2573C8 
 249      2D7DAE73 
 249      D468CFF4 
 249      6EE2FE
 250 0584 C9A1BDAD 		.ascii	"\311\241\275\255\032\036h'\320/\215g\216:\34085\015"
 250      1A1E6827 
 250      D02F8D67 
 250      8E3AE038 
 250      350D
 251 0596 46C5ADB2 		.ascii	"F\305\255\262\004\036\351\017A\275\274\343l\237\345"
 251      041EE90F 
 251      41BDBCE3 
 251      6C9FE5
 252 05a5 0D1923F0 		.ascii	"\015\031#\360@G\013\224\347\313\234\3146A\271!g\000"
 252      40470B94 
 252      E7CB9CCC 
 252      3641B921 
 252      6700
 253 05b7 FE92C263 		.ascii	"\376\222\302c\005\027i\020\275\236\036N\276\311\367"
 253      05176910 
 253      BD9E1E4E 
 253      BEC9F7
 254 05c6 A3BC9870 		.ascii	"\243\274\230p\241\305\004:6p1\323\216\263$\027\355\245"
 254      A1C5043A 
 254      367031D3 
ARM GAS  C:\Users\Luczia\AppData\Local\Temp\cccgIcIS.s 			page 20


 254      8EB32417 
 254      EDA5
 255 05d8 AB198536 		.ascii	"\253\031\2056x\007c\371xk\374S~n\310\241\353\255\037"
 255      780763F9 
 255      786BFC53 
 255      7E6EC8A1 
 255      EBAD1F
 256 05eb FBD1C922 		.ascii	"\373\321\311\"\313D\211e\002c\23198>\343\244d\271Yp"
 256      CB448965 
 256      02639939 
 256      383EE3A4 
 256      64B95970 
 257 05ff 43F10281 		.ascii	"C\361\002\201o\245,\023%\226{[\212\226\263P\375\234"
 257      6FA52C13 
 257      25967B5B 
 257      8A96B350 
 257      FD9C
 258 0611 6A03065C 		.ascii	"j\003\006\\\2750\325\354,7\237$\274\306\374\323\222"
 258      BD30D5EC 
 258      2C379F24 
 258      BCC6FCD3 
 258      92
 259 0622 E7B7F8AA 		.ascii	"\347\267\370\252s0\331\032\245\355;yy\321-?\265\256"
 259      7330D91A 
 259      A5ED3B79 
 259      79D12D3F 
 259      B5AE
 260 0634 FCD4460F 		.ascii	"\374\324F\017\234\330\202\361n\346\206\361\264\370D"
 260      9CD882F1 
 260      6EE686F1 
 260      B4F844
 261 0643 0D03BF41 		.ascii	"\015\003\277Ar\357\361GC\032\213n\330%\271a's\303\213"
 261      72EFF147 
 261      431A8B6E 
 261      D825B961 
 261      2773C38B 
 262 0657 8AAE5C67 		.ascii	"\212\256\\g\245\033\276\003\236;(\317\335\224\347.\211"
 262      A51BBE03 
 262      9E3B28CF 
 262      DD94E72E 
 262      89
 263 0668 E7C9B2D1 		.ascii	"\347\311\262\321\003R\366 <\373\012{\362\354p\026\343"
 263      0352F620 
 263      3CFB0A7B 
 263      F2EC7016 
 263      E3
 264 0679 F18331A9 		.ascii	"\361\2031\251\226\207#\207\304j&c$\313\001\347\262N"
 264      96872387 
 264      C46A2663 
 264      24CB01E7 
 264      B24E
 265 068b 29902E3C 		.ascii	")\220.<\220\315\367K\212\004|\204u\276\350JN\266\341"
 265      90CDF74B 
 265      8A047C84 
 265      75BEE84A 
 265      4EB6E1
 266 069e 23C9DEEC 		.ascii	"#\311\336\354jo-r\300E\254\263\244\277\256Z\032I:\023"
ARM GAS  C:\Users\Luczia\AppData\Local\Temp\cccgIcIS.s 			page 21


 266      6A6F2D72 
 266      C045ACB3 
 266      A4BFAE5A 
 266      1A493A13 
 267 06b2 8FF72459 		.ascii	"\217\367$Y\341s\254\363N\347\275\255N\370\"Sj\252c\276"
 267      E173ACF3 
 267      4EE7BDAD 
 267      4EF82253 
 267      6AAA63BE 
 268 06c6 C675ECBD 		.ascii	"\306u\354\275\341n\334\273lP\034I\320U\371E\331\230"
 268      E16EDCBB 
 268      6C501C49 
 268      D055F945 
 268      D998
 269 06d8 3930876E 		.ascii	"90\207n\377\342\362\255\261p\233Q\260s\327Tl\227\003"
 269      FFE2F2AD 
 269      B1709B51 
 269      B073D754 
 269      6C9703
 270 06eb 7267CF7C 		.ascii	"rg\317|w\017\332\346\212q\321\242\261+\035\237i\254"
 270      770FDAE6 
 270      8A71D1A2 
 270      B12B1D9F 
 270      69AC
 271 06fd 07575620 		.ascii	"\007WV \264MpA\331\002,T\230?\033Jp%8h1\371a\305\006"
 271      B44D7041 
 271      D9022C54 
 271      983F1B4A 
 271      70253868 
 272 0716 B484C29F 		.ascii	"\264\204\302\237h\214\246\341\032\031F\014,\035R4\204"
 272      688CA6E1 
 272      1A19460C 
 272      2C1D5234 
 272      84
 273 0727 64689279 		.ascii	"dh\222y\246\276\001t\034&~F\311\334\264\344}\264]P\330"
 273      A6BE0174 
 273      1C267E46 
 273      C9DCB4E4 
 273      7DB45D50 
 274 073c AE086568 		.ascii	"\256\010ehBd\213\222H\234\022\335\362\215\011\235\245"
 274      42648B92 
 274      489C12DD 
 274      F28D099D 
 274      A5
 275 074d 44670A0A 		.ascii	"Dg\012\012&\2032&iJ&\251\257\330\216\025\215=\241\351"
 275      26833226 
 275      694A26A9 
 275      AFD88E15 
 275      8D3DA1E9 
 276 0761 144D7675 		.ascii	"\024Mvu.G\317\036\211^\323*w\362\215%B\351\201\366\203"
 276      2E47CF1E 
 276      895ED32A 
 276      77F28D25 
 276      42E981F6 
 277 0776 B91C6A89 		.ascii	"\271\034j\211\300\341\304\240#\202\007\312\023\334\321"
 277      C0E1C4A0 
 277      238207CA 
ARM GAS  C:\Users\Luczia\AppData\Local\Temp\cccgIcIS.s 			page 22


 277      13DCD1
 278 0785 31904320 		.ascii	"1\220C \205 E \207AN\200\034\0009\010r\034$\037\344"
 278      85204520 
 278      87414E80 
 278      1C003908 
 278      721C241F 
 279 079a 284881E0 		.ascii	"(H\201\340N\313\022F\373\246\214v\206\222v\272\2116"
 279      4ECB1246 
 279      FBA68C76 
 279      869276BA 
 279      8936
 280 07ac 4BF41383 		.ascii	"K\364\023\203.\321\300\205\240T<\311\233L\335\036r\335"
 280      2ED1C085 
 280      A0543CC9 
 280      9B4CDD1E 
 280      72DD
 281 07be 258AB5DE 		.ascii	"%\212\265\336\344\312\2042\206\331\222.R\324\247\014"
 281      E4CA8432 
 281      86D9922E 
 281      52D4A70C 
 282 07ce 5DBD     		.ascii	"]\275"
 283 07d0 6CE6EF95 		.ascii	"l\346\357\2253\307+\335[\317C\007\331\017\016\000CK"
 283      33C72BDD 
 283      5BCF4307 
 283      D90F0E00 
 283      434B
 284 07e2 3911BD40 		.ascii	"9\021\275@\212\320\215\311B\267G\031\272\024e\240{d"
 284      8AD08DC9 
 284      42B74719 
 284      BA1465A0 
 284      7B64
 285 07f4 E87D4AF4 		.ascii	"\350}J\364^\023\232\344\346\266\256J\204\367X\321K0"
 285      5E139AE4 
 285      E6B6AE4A 
 285      84F758D1 
 285      4B30
 286 0806 66AAA8C4 		.ascii	"f\252\250\304\012\315\3670\033$t\022b\363K\304\211y"
 286      0ACDF730 
 286      1B247412 
 286      62F34BC4 
 286      8979
 287 0818 1E721254 		.ascii	"\036r\022T\327\250\030\014\376(\314^\260$\016\224W\342"
 287      D7A8180C 
 287      FE28CC5E 
 287      B0240E94 
 287      57E2
 288 082a BDA9062C 		.ascii	"\275\251\006,\257}\213e\033\012~\373\010\264\366%-\251"
 288      AF7D8B65 
 288      1B0A7EFB 
 288      08B4F625 
 288      2DA9
 289 083c BE1A6B3A 		.ascii	"\276\032k:x\242I gy\346~{\036\317J#\304\330\350t\326"
 289      78A24920 
 289      6779E67E 
 289      7B1ECF4A 
 289      23C4D8E8 
 290 0852 69AEBBCA 		.ascii	"i\256\273\312\262\213+\317.C{\223b\235-&\310sR\202,"
ARM GAS  C:\Users\Luczia\AppData\Local\Temp\cccgIcIS.s 			page 23


 290      B28B2BCF 
 290      2E437B93 
 290      629D2D26 
 290      C8735282 
 291 0867 6589FC5A 		.ascii	"e\211\374Zg_\252\2032A\236\005'\235\241\216-\245\011"
 291      675FAA83 
 291      32419E05 
 291      279DA18E 
 291      2DA509
 292 087a F29C9420 		.ascii	"\362\234\224 O\265\\\237\260\305\331\324\277\250=u\353"
 292      4FB55C9F 
 292      B0C5D9D4 
 292      BFA83D75 
 292      EB
 293 088b 9095746B 		.ascii	"\220\225tk$\374\234[#\277\277h\330V>Y\231\360\232\311"
 293      24FC9C5B 
 293      23BFBF68 
 293      D8563E59 
 293      99F09AC9 
 294 089f AEF6EF8F 		.ascii	"\256\366\357\217\343W\374\025\225\354W\250\013\373\025"
 294      E357FC15 
 294      95EC57A8 
 294      0BFB15
 295 08ae 2A254E57 		.ascii	"*%NW\2368K\253[\352\020\316g\334*\306N\034\342cI\"\357"
 295      9E384BAB 
 295      5BEA10CE 
 295      67DC2AC6 
 295      4E1CE263 
 296 08c5 4EBE3463 		.ascii	"N\2764c\331'\225\222O.\261K\343I\362\211\025J\227\224"
 296      D9279592 
 296      4F2EB14B 
 296      E349F289 
 296      154A9794 
 297 08d9 034B2365 		.ascii	"\003K#eYEYVJ,\367e\015\036\023\224k\262\210N\252:U\315"
 297      59455956 
 297      4A2CF765 
 297      0D1E1394 
 297      6BB2884E 
 298 08f1 635B4BF4 		.ascii	"c[K\364\376\227\305\3656\270\200\221\336\275\353Y\275"
 298      FE97C5F5 
 298      36B88091 
 298      DEBDEB59 
 298      BD
 299 0902 061F65CA 		.ascii	"\006\037e\312\351G\205\247\035\031\322H\364\364\322"
 299      E94785A7 
 299      1D19D248 
 299      F4F4D2
 300 0911 C7F5BC66 		.ascii	"\307\365\274f\321\310\272]y\367x\341\310\001k\\\304"
 300      D1C8BA5D 
 300      79F778E1 
 300      C8016B5C 
 300      C4
 301 0922 C6EE1C19 		.ascii	"\306\356\034\031\333mmq\271M\322r\275\351jO\237\312"
 301      DB6D6D71 
 301      B94DD272 
 301      BDE96A4F 
 301      9FCA
ARM GAS  C:\Users\Luczia\AppData\Local\Temp\cccgIcIS.s 			page 24


 302 0934 1BD62897 		.ascii	"\033\326(\227{\031\026\320@\027\320L\027\320$-\2404"
 302      7B1916D0 
 302      4017D04C 
 302      17D0242D 
 302      A034
 303 0946 3ABF152B 		.ascii	":\277\025+\227k\021}\270?s\007\017\303G\244\314\230"
 303      976B117D 
 303      B83F7307 
 303      0FC347A4 
 303      CC98
 304 0958 DC3FE888 		.ascii	"\334?\350\210O1\222\017\037M\037w\302\347\230Rz\372"
 304      4F31920F 
 304      1F4D1F77 
 304      C2E79852 
 304      7AFA
 305 096a 7C355F9D 		.ascii	"|5_\2357)\372\217\2247\331\343\213\254o:9\273\330\026"
 305      3729FA8F 
 305      9437D9E3 
 305      8BAC6F3A 
 305      39BBD816 
 306 097e 57312563 		.ascii	"W1%c\274\363>\337\374\036$\316y\337\357\262\305\365"
 306      BCF33EDF 
 306      FC1E24CE 
 306      79DFEFB2 
 306      C5F5
 307 0990 AC6F2639 		.ascii	"\254o&9a\237\015nfJJSJ\236=\276\306\224Gq}\335|\353"
 307      619F0D6E 
 307      664A4A53 
 307      4A9E3DBE 
 307      C6944771 
 308 09a8 2C00F5F9 		.ascii	",\000\365\371@J;\377\375\342 +G\\y9rlbG\232=\276\311"
 308      404A3BFF 
 308      FDE2202B 
 308      475C7939 
 308      726C6247 
 309 09c0 865E6F8F 		.ascii	"\206^o\217;\313\261\366\240\306\036\271Pbe\371\367\235"
 309      3BCBB1F6 
 309      A0C61EB9 
 309      506265F9 
 309      F79D
 310 09d2 E4DA2EB6 		.ascii	"\344\332.\266\223\266\037\313\277h\255\254\230;\301"
 310      93B61FCB 
 310      BF68ADAC 
 310      983BC1
 311 09e1 5B1DD45B 		.ascii	"[\035\324[w\250\267\272%o5\365'5\333++`\213\350\262"
 311      77A8B7BA 
 311      256F35F5 
 311      2735DB2B 
 311      2B608BE8 
 312 09f6 968E8FF1 		.ascii	"\226\216\217\361mF\362IS\307\035\204{\230\022\327Pw"
 312      6D46F249 
 312      53C71D84 
 312      7B9812D7 
 312      5077
 313 0a08 C806F733 		.ascii	"\310\006\3673e\250\240\261\326\032\0171\245\267\177"
 313      65A8A0B1 
 313      D61A0F31 
ARM GAS  C:\Users\Luczia\AppData\Local\Temp\cccgIcIS.s 			page 25


 313      A5B77F
 314 0a17 EA0CC6A3 		.ascii	"\352\014\306\243L98\224\273\335\026O\3601\275\217\232"
 314      4C393894 
 314      BBDD164F 
 314      F031BD8F 
 314      9A
 315 0a28 B883B691 		.ascii	"\270\203\266\221\303\364|\244\344\232\344\022\262\335"
 315      C3F47CA4 
 315      E49AE412 
 315      B2DD
 316 0a36 069FF4CD 		.ascii	"\006\237\364\315h\3604\005\277Q\324r9\307\026\321Z\302"
 316      68F03405 
 316      BF51D472 
 316      39C716D1 
 316      5AC2
 317 0a48 F478F036 		.ascii	"\364x\3606WL\201t}{\222_6\325\220\264+ #\016C\302\223"
 317      574C8174 
 317      7D7B925F 
 317      36D590B4 
 317      2B20230E 
 318 0a5f 4E05BA38 		.ascii	"N\005\2728\347\346\337\310\252\212\036@\337\346hi\341"
 318      E7E6DFC8 
 318      AA8A1E40 
 318      DFE66869 
 318      E1
 319 0a70 E8961C9D 		.ascii	"\350\226\034\235\002\267s\313&v;\223\255W\313\321\263"
 319      02B773CB 
 319      26763B93 
 319      AD57CBD1 
 319      B3
 320 0a81 A9A786A2 		.ascii	"\251\247\206\242\317\2439\327\363 \330\273O;\207y\332"
 320      CFA339D7 
 320      F320D8BB 
 320      4F3B8779 
 320      DA
 321 0a92 7F0E69FF 		.ascii	"\177\016i\377%\244\3621\220i\220h\354\216\036C\373\004"
 321      25A4F231 
 321      90699068 
 321      EC8E1E43 
 321      FB04
 322 0aa4 E421C80B 		.ascii	"\344!\310\013\220\031\220g S \223 # \"\340b@\306\341"
 322      90199067 
 322      20532093 
 322      20232022 
 322      E06240C6 
 323 0ab9 FD11C810 		.ascii	"\375\021\310\020\310(\310S\220\211\331\353\233\324\021"
 323      C828C853 
 323      9089D9EB 
 323      9BD411
 324 0ac8 631B4D75 		.ascii	"c\033Mu\304U%\323\237^Y\027\271\3506\261\213\356\002"
 324      C45525D3 
 324      9F5E5917 
 324      B9E836B1 
 324      8BEE02
 325 0adb 78E13C47 		.ascii	"x\341<GK\331\221\027\254\262\032\345f\204\311\366=\245"
 325      4BD99117 
 325      ACB21AE5 
ARM GAS  C:\Users\Luczia\AppData\Local\Temp\cccgIcIS.s 			page 26


 325      6684C9F6 
 325      3DA5
 326 0aed 6D2F9313 		.ascii	"m/\223\023\230\317\352e>\2533\3573\231\3551\231\355"
 326      98CFEA65 
 326      3EAB33EF 
 326      3399ED31 
 326      99ED
 327 0aff 5E25DAA8 		.ascii	"^%\332\250DO\311\320w\315\243%*\324\370&\023\374\201"
 327      444FC9D0 
 327      77CDA325 
 327      2AD4F826 
 327      13FC81
 328 0b12 125E32A7 		.ascii	"\022^2\247p\343N)\345u\310+N9=\307\370M\231\307o(\215"
 328      70E34E29 
 328      E575C82B 
 328      4E393DC7 
 328      F84D99C7 
 329 0b29 5F9F031F 		.ascii	"_\237\003\037\224\301[\225\360ks\340=2x\233y\270\254"
 329      94C15B95 
 329      F06B73E0 
 329      3D32789B 
 329      79B8AC
 330 0b3c 1CAB1E66 		.ascii	"\034\253\036f\345\330\260\262\034#\246\372\207]sc\311"
 330      E5D8B0B2 
 330      1C23A6FA 
 330      875D7363 
 330      C9
 331 0b4d 0921B6FA 		.ascii	"\011!\266\372\225\266\032\224>\256\227\315|S\211\216"
 331      95B61A94 
 331      3EAE97CD 
 331      7C53898E 
 332 0b5d 1794E16E 		.ascii	"\027\224\341n\2110\205{\300\354\346\220\331n\221\331"
 332      8930857B 
 332      C0ECE690 
 332      D96E91D9 
 333 0b6d 6E37EF33 		.ascii	"n7\3573y\264e\350\026\363{\372\025\017\3136G\237\371"
 333      79B465E8 
 333      16F37BFA 
 333      150FCB36 
 333      479FF9
 334 0b80 65CE1227 		.ascii	"e\316\022'\231\200\207\373\012\204\273\221\303\245\353"
 334      998087FB 
 334      0A84BB91 
 334      C3A5EB
 335 0b8f 05D5BF52 		.ascii	"\005\325\277R\3545u\355iR\343\030kZ\354u\336?\231d\257"
 335      EC3575ED 
 335      6952E318 
 335      6B5AEC75 
 335      DE3F9964 
 336 0ba4 2CF6A423 		.ascii	",\366\244#\217\342\261\307\377\345\324\263\270\277\234"
 336      8FE2B1C7 
 336      FFE5D4B3 
 336      B8BF9C
 337 0bb3 B426C560 		.ascii	"\264&\305`\034\236\217b\361l18,\025\203y\375=\227\324"
 337      1C9E8F62 
 337      F16C3138 
 337      2C158379 
ARM GAS  C:\Users\Luczia\AppData\Local\Temp\cccgIcIS.s 			page 27


 337      FD3D97D4 
 338 0bc7 F2629000 		.ascii	"\362b\220\000Mw\310f\314\212Ah\311\335Tqe\257F\016&"
 338      4D77C866 
 338      CC8A4168 
 338      C9DD5471 
 338      65AF460E 
 339 0bdc FF8B6902 		.ascii	"\377\213i\002o\341\340-\024\334\230w\251\300^\016&\377"
 339      6FE1E02D 
 339      14DC9877 
 339      A9C05E0E 
 339      26FF
 340 0bee D9670227 		.ascii	"\331g\002'p0i\347\205\377+$xyx\320\232P\375j}\260!\""
 340      703069E7 
 340      85FF2B24 
 340      787978D0 
 340      9A50FD6A 
 341 0c06 7289A7A7 		.ascii	"r\211\247\247\027\374\013^\037\262&$\"j\361\037\026"
 341      17FC0B5E 
 341      1FB22624 
 341      226AF11F 
 341      16
 342 0c17 7B454479 		.ascii	"{EDy\255\017\012\365\3726\"\322\020\345\025\034\021"
 342      AD0F0AF5 
 342      FA3622D2 
 342      10E5151C 
 342      11
 343 0c28 161611EE 		.ascii	"\026\026\021\356\345\243[\245]\265\321\213\014\366\014"
 343      E5A35BA5 
 343      5DB5D18B 
 343      0CF60C
 344 0c37 D6FCE5D3 		.ascii	"\326\374\345\323/\026j\027/V\331\005\006n\010\0117,"
 344      2F166A17 
 344      2F56D905 
 344      066E0809 
 344      372C
 345 0c49 5D126858 		.ascii	"]\022hX\027\374\307\000j#\312\260amHD\200!\"\"4*\340"
 345      17FCC700 
 345      6A23CAB0 
 345      616D4844 
 345      80212222 
 346 0c60 ABF00D0B 		.ascii	"\253\360\015\013\351\333\302\240\310\260\205\372\260"
 346      E9DBC2A0 
 346      C8B085FA 
 346      B0
 347 0c6d 35FAB56B 		.ascii	"5\372\265k\365k\003>\364\364^\270\304{\361\207\377|"
 347      F56B033E 
 347      F4F45EB8 
 347      C47BF187 
 347      FF7C
 348 0c7f 3F00BEBF 		.ascii	"?\000\276\277\027\036\021\256\177O\037\264&$ $<8t\303"
 348      171E11AE 
 348      7F4F1FB4 
 348      26242024 
 348      3C3874C3 
 349 0c93 5A7D4058 		.ascii	"Z}@X\020\330\012\327\007\004\256\325\257\013\332\020"
 349      10D80AD7 
 349      0704AED5 
ARM GAS  C:\Users\Luczia\AppData\Local\Temp\cccgIcIS.s 			page 28


 349      AF0BDA10 
 350 0ca3 6A08346C 		.ascii	"j\0104l\372V\037\345\271^\245\221\346\373\373/:_\324"
 350      FA561FE5 
 350      B95EA591 
 350      E6FBFB2F 
 350      3A5FD4
 351 0cb6 A6A880C0 		.ascii	"\246\250\200\300(\303Z0\016\223,\375\337]\242\372\025"
 351      28C35A30 
 351      0E932CFD 
 351      DF5DA2FA 
 351      15
 352 0cc7 69978544 		.ascii	"i\227\205D\231\034\353F\276\370\353\015\376\233\242"
 352      991CEB46 
 352      BEF8EB0D 
 352      FE9BA2
 353 0cd6 0CFAB095 		.ascii	"\014\372\260\225A\341kC\365\221~\221!\021\221!\206M"
 353      41E16B43 
 353      F5917E91 
 353      21119121 
 353      864D
 354 0ce8 340CDA50 		.ascii	"4\014\332P}P\244\237>\034\246\375\3126x=\000W\006\205"
 354      7D50A49F 
 354      3E1CA6FD 
 354      CA36783D 
 354      00570685 
 355 0cfc 1AD4C1EB 		.ascii	"\032\324\301\353\203\"\335\315Q\2104xq\302\320\001<"
 355      8322DDCD 
 355      51883478 
 355      71C2D001 
 355      3C
 356 0d0d 1D0303D7 		.ascii	"\035\003\003\327m\010\017\016\014\364\374h\311\357\275"
 356      6D080F0E 
 356      0CF4FC68 
 356      C9EFBD
 357 0d1c 359266AB 		.ascii	"5\222f\253[\356\277\\\267z\371\262\017\004_?[\026\242"
 357      5BEEBF5C 
 357      B77AF9B2 
 357      0F045F3F 
 357      5B16A2
 358 0d2f 8F020D36 		.ascii	"\217\002\0156\274\235\355~_\355\353\363\211nV]\252\366"
 358      BC9DED7E 
 358      5FEDEBF3 
 358      896E565D 
 358      AAF6
 359 0d41 D5FA99D4 		.ascii	"\325\372\231\324%j_\177?\235F\307\264\305\320\271\334"
 359      256A5F7F 
 359      3F9D46C7 
 359      B4C5D0B9 
 359      DC
 360 0d52 D4E90D9D 		.ascii	"\324\351\015\235\313uj\377\317}u>\346\230r\027\3517"
 360      CB756AFF 
 360      CF7D753E 
 360      E6987217 
 360      E937
 361 0d64 1A889BBC 		.ascii	"\032\210\233\274\264\253\374}\375\275\264\021\221z/"
 361      B4ABFC7D 
 361      FDBDB411 
ARM GAS  C:\Users\Luczia\AppData\Local\Temp\cccgIcIS.s 			page 29


 361      917A2F
 362 0d73 5F6901A0 		.ascii	"_i\001\240\004\006\207\275\017\313\260\375t\265\257"
 362      040687BD 
 362      0FCBB0FD 
 362      74B5AF
 363 0d82 36F07388 		.ascii	"6\360s\2100X\365\321\251W\255Z\241\303>\313tx\031\264"
 363      3058F5D1 
 363      A957AD5A 
 363      A1C33ECB 
 363      747819B4 
 364 0d96 7E2B746A 		.ascii	"~+tj\237\025\376:\365'+|tV\320\005\200eD_I\376h\341"
 364      9F15FE3A 
 364      F5272B7C 
 364      7456D005 
 364      8065445F 
 365 0dae 8F95FF4A 		.ascii	"\217\225\377J\255\277\016\373\257\364\303Z-\264Z\235"
 365      ADBF0EFB 
 365      AFF4C35A 
 365      2DB45A9D 
 366 0dbe 958FAF4E 		.ascii	"\225\217\257N\253S\257\376\3743\035\320\006\204\326"
 366      AB53AFFE 
 366      FC331DD0 
 366      0684D6
 367 0dcd EF0BDF65 		.ascii	"\357\013\337e\360\327G\253\323\370k?\241s\375\007\237"
 367      F0D747AB 
 367      D3F86B3F 
 367      A173FD07 
 367      9F
 368 0dde B16E98   		.ascii	"\261n\230"
 369              		.text
 370              		.section	.gnu.lto_.symtab.803ee4e4,"",%progbits
 371 0000 6E766963 		.ascii	"nvicEnableVector\000"
 371      456E6162 
 371      6C655665 
 371      63746F72 
 371      00
 372 0011 00       		.ascii	"\000"
 373 0012 00       		.ascii	"\000"
 374 0013 00       		.ascii	"\000"
 375 0014 00000000 		.ascii	"\000\000\000\000\000\000\000\000"
 375      00000000 
 376 001c C7000000 		.ascii	"\307\000\000\000"
 377 0020 6E766963 		.ascii	"nvicDisableVector\000"
 377      44697361 
 377      626C6556 
 377      6563746F 
 377      7200
 378 0032 00       		.ascii	"\000"
 379 0033 00       		.ascii	"\000"
 380 0034 00       		.ascii	"\000"
 381 0035 00000000 		.ascii	"\000\000\000\000\000\000\000\000"
 381      00000000 
 382 003d CB000000 		.ascii	"\313\000\000\000"
 383 0041 6E766963 		.ascii	"nvicSetSystemHandlerPriority\000"
 383      53657453 
 383      79737465 
 383      6D48616E 
ARM GAS  C:\Users\Luczia\AppData\Local\Temp\cccgIcIS.s 			page 30


 383      646C6572 
 384 005e 00       		.ascii	"\000"
 385 005f 00       		.ascii	"\000"
 386 0060 00       		.ascii	"\000"
 387 0061 00000000 		.ascii	"\000\000\000\000\000\000\000\000"
 387      00000000 
 388 0069 CD000000 		.ascii	"\315\000\000\000"
 389 006d 6E766963 		.ascii	"nvicClearPending\000"
 389      436C6561 
 389      7250656E 
 389      64696E67 
 389      00
 390 007e 00       		.ascii	"\000"
 391 007f 00       		.ascii	"\000"
 392 0080 00       		.ascii	"\000"
 393 0081 00000000 		.ascii	"\000\000\000\000\000\000\000\000"
 393      00000000 
 394 0089 CF000000 		.ascii	"\317\000\000\000"
 395 008d 63685379 		.ascii	"chSysHalt\000"
 395      7348616C 
 395      7400
 396 0097 00       		.ascii	"\000"
 397 0098 02       		.ascii	"\002"
 398 0099 00       		.ascii	"\000"
 399 009a 00000000 		.ascii	"\000\000\000\000\000\000\000\000"
 399      00000000 
 400 00a2 DA000000 		.ascii	"\332\000\000\000"
 401              		.text
 402              		.section	.gnu.lto_.opts,"",%progbits
 403 0000 272D666D 		.ascii	"'-fmath-errno' '-fsigned-zeros' '-ftrapping-math' '"
 403      6174682D 
 403      6572726E 
 403      6F272027 
 403      2D667369 
 404 0033 2D666E6F 		.ascii	"-fno-trapv' '-fno-strict-overflow' '-fno-openmp' '-"
 404      2D747261 
 404      70762720 
 404      272D666E 
 404      6F2D7374 
 405 0066 666E6F2D 		.ascii	"fno-openacc' '-mcpu=cortex-m4' '-mthumb' '-O0' '-fo"
 405      6F70656E 
 405      61636327 
 405      20272D6D 
 405      6370753D 
 406 0099 6D69742D 		.ascii	"mit-frame-pointer' '-falign-functions=16' '-ffuncti"
 406      6672616D 
 406      652D706F 
 406      696E7465 
 406      72272027 
 407 00cc 6F6E2D73 		.ascii	"on-sections' '-fdata-sections' '-fno-common' '-flto"
 407      65637469 
 407      6F6E7327 
 407      20272D66 
 407      64617461 
 408 00ff 2700     		.ascii	"'\000"
 409              		.text
 410              		.comm	__gnu_lto_v1,1,1
ARM GAS  C:\Users\Luczia\AppData\Local\Temp\cccgIcIS.s 			page 31


 411              		.comm	__gnu_lto_slim,1,1
 412              		.ident	"GCC: (GNU Tools for Arm Embedded Processors 7-2017-q4-major) 7.2.1 20170904 (release) [ARM
ARM GAS  C:\Users\Luczia\AppData\Local\Temp\cccgIcIS.s 			page 32


DEFINED SYMBOLS
                            *ABS*:00000000 nvic.c
                            *COM*:00000001 __gnu_lto_v1
                            *COM*:00000001 __gnu_lto_slim

NO UNDEFINED SYMBOLS
