ARM GAS  C:\Users\Luczia\AppData\Local\Temp\ccW9FKIy.s 			page 1


   1              		.cpu cortex-m4
   2              		.eabi_attribute 20, 1
   3              		.eabi_attribute 21, 1
   4              		.eabi_attribute 23, 3
   5              		.eabi_attribute 24, 1
   6              		.eabi_attribute 25, 1
   7              		.eabi_attribute 26, 1
   8              		.eabi_attribute 30, 6
   9              		.eabi_attribute 34, 1
  10              		.eabi_attribute 18, 4
  11              		.file	"packet.c"
  12              		.section	.gnu.lto_.inline.801d5c8e,"",%progbits
  13 0000 789C6363 		.ascii	"x\234cc``8\317\200\000l\014\014\234\202\014\014Ll\007"
  13      606038CF 
  13      80006C0C 
  13      0C9C820C 
  13      0C4C6C07 
  14 0014 EC185818 		.ascii	"\354\030X\030\230@B,\274\014\014\314\023\374\200\202"
  14      9840422C 
  14      BC0C0CCC 
  14      13FC8082 
  15 0024 0C6CAC40 		.ascii	"\014l\254@\222\003\310\206J13X\337\000RL\021\023\366"
  15      9203C886 
  15      4A313358 
  15      DF00524C 
  15      1113F6
  16 0037 B3222B67 		.ascii	"\263\"+g\232\3407\301\017\252\017\004Y\005ab\014|b@"
  16      9AE037C1 
  16      0FAA0F04 
  16      59056162 
  16      0C7C6240 
  17 004b A6C887D5 		.ascii	"\246\310\207\325\2140\365L\334\214\014\214@%\014\027"
  17      8C30F54C 
  17      DC8C0C8C 
  17      40250C17 
  18 005b 189E80B8 		.ascii	"\030\236\200\270]\214\017\216r`\030\0067\201\215\341"
  18      5D8C0F8E 
  18      72601806 
  18      37818DE1 
  19 006b 20C32590 		.ascii	" \303%\220\272\254\007\247\331`\312\330\370\201\306"
  19      BAAC07A7 
  19      D960CAD8 
  19      F881C6
  20 007a 41AC42B1 		.ascii	"A\254B\261\227\001\000\240X!o"
  20      970100A0 
  20      58216F
  21              		.text
  22              		.section	.gnu.lto_packet_init.801d5c8e,"",%progbits
  23 0000 789C8D53 		.ascii	"x\234\215S\317KTQ\024\276\337;\357\307\350\224\213\300"
  23      CF4B5451 
  23      14BEDF3B 
  23      EFC7E894 
  23      8BC0
  24 0012 85F01641 		.ascii	"\205\360\026A\305`\213\031\346\037Jd\032\011\252I\264"
  24      C5608B19 
  24      E61F4A64 
  24      1A09AA49 
ARM GAS  C:\Users\Luczia\AppData\Local\Temp\ccW9FKIy.s 			page 2


  24      B4
  25 0023 59CF652A 		.ascii	"Y\317e*\307\230V\222#\274\006}\220\245\004\223ES9\243"
  25      C7985692 
  25      23BC067D 
  25      90A50493 
  25      455339A3 
  26 0037 D56BCCB4 		.ascii	"\325k\314\2641\011[\264\251\026%\010\212Y\212+\311\251"
  26      31095BB4 
  26      A9162508 
  26      8A598A2B 
  26      C9A9
  27 0049 73AF6D8C 		.ascii	"s\257m\214~x\341r\337\271\347|\347\373\316wy\266\020"
  27      7E78E172 
  27      DFB9E77C 
  27      E7FBCE77 
  27      79B610
  28 005c E2040911 		.ascii	"\342\004\011\021\345\263\225\267 \001C\360\0068\200"
  28      E5B395B7 
  28      200143F0 
  28      063880
  29 006b C818C8E0 		.ascii	"\310\030\310\340\032]'\324r+\025\243}L\362\012\206\336"
  29      1A5D27D4 
  29      722B15A3 
  29      7D4CF20A 
  29      86DE
  30 007d B5C9F100 		.ascii	"\265\311\361\000E\006\026H\350\205\007h\347\252\245"
  30      45061648 
  30      E8850768 
  30      E7AAA5
  31 008c CBF78A94 		.ascii	"\313\367\212\224\247\"\001&\207\233\213\336r\213\012"
  31      A7220126 
  31      879B8BDE 
  31      728B0A
  32 009b 0D1CE570 		.ascii	"\015\034\345p`f6oQ+\004\177\367\255\016\017\205#\267"
  32      6066366F 
  32      512B047F 
  32      F7AD0E0F 
  32      8523B7
  33 00ae A4CCCAE0 		.ascii	"\244\314\312\340\365M\222\307\213Dx\004\342\206x\010"
  33      F54D92C7 
  33      8B447804 
  33      E2867808 
  34 00be 1765B882 		.ascii	"\027e\270\202\257\004\036#\302\345\243\223\325/\006"
  34      AF041E23 
  34      C2E5A393 
  34      D52F06
  35 00cd B91A7A63 		.ascii	"\271\032zc*?\022\372\005]\271M\236\014L\005\236\374"
  35      2A3F12FA 
  35      055DB94D 
  35      9E0C4C05 
  35      9EFC
  36 00df 03B8A2C1 		.ascii	"\003\270\242\301s\301\247z\210\216i\260\267\273=\257"
  36      73C1A77A 
  36      888E69B0 
  36      B7BB3DAF 
  37 00ef 79798EED 		.ascii	"yy\216\3551\315k\242\372;\324\024\230BD\325\177\276"
  37      31CD6BA2 
ARM GAS  C:\Users\Luczia\AppData\Local\Temp\ccW9FKIy.s 			page 3


  37      FA3BD414 
  37      984244D5 
  37      7FBE
  38 0101 DF183C6C 		.ascii	"\337\030<l\233{\203b\032\266P\316L\274\265\002\331\370"
  38      9B7B8362 
  38      1AB650CE 
  38      4CBCB502 
  38      D9F8
  39 0113 9193C187 		.ascii	"\221\223\301\2076\357T\023\030b\261g\214\261\240\024"
  39      36EF5413 
  39      1862B167 
  39      8CB1A014 
  40 0123 3B50D442 		.ascii	";P\324B\364k{\256\022{Jk\310\356\344>\226l\325\304#"
  40      F46B7BAE 
  40      127B4A6B 
  40      C8EEE43E 
  40      966CD5C4 
  41 0138 70EFC295 		.ascii	"p\357\302\225\332\033G\331cki\225\312\372{'\263+C|\341"
  41      DA1B47D9 
  41      636B6995 
  41      CAFA7B27 
  41      B32B437C 
  42 014d 2B20DF95 		.ascii	"+ \337\225/m\016\264\370\030f\263\035<\345\307x\302"
  42      2F6D0EB4 
  42      F81866B3 
  42      1D3CE5C7 
  42      78C2
  43 015f FAB4095B 		.ascii	"\372\264\011[\362\373\241\370\204\232\303_\343l\010"
  43      F2FBA1F8 
  43      849AC35F 
  43      E36C08
  44 016e CFE0C353 		.ascii	"\317\340\303SL:_\372\266U1\271\231\312w\261:\004\210"
  44      4C3A5FFA 
  44      B65531B9 
  44      99CA77B1 
  44      3A0488
  45 0181 F300CF91 		.ascii	"\363\000\317\221\021\353\350\363\233\365(\373I\233\012"
  45      11EBE8F3 
  45      9BF528FB 
  45      499B0A
  46 0190 C4B3A1C6 		.ascii	"\304\263\241\306%\254\017']N\217,,\335\325/\330\214"
  46      25AC0F27 
  46      5D4E8F2C 
  46      2CDDD52F 
  46      D88C
  47 01a2 F11066E0 		.ascii	"\361\020f\340\026),x\022ou\243\014\325\343 \272_\374"
  47      16292C78 
  47      126F75A3 
  47      0CD5E320 
  47      BA5FFC
  48 01b5 45F71DAD 		.ascii	"E\367\035\255{v\237\356\351\372\350\242\023+\351|\003"
  48      7B769FEE 
  48      E9FAE8A2 
  48      132BE97C 
  48      03
  49 01c6 EA5D5F22 		.ascii	"\352]_\">\250m\304\034b\036Y{\364_\253\007\246\237\377"
  49      3EA86DC4 
ARM GAS  C:\Users\Luczia\AppData\Local\Temp\ccW9FKIy.s 			page 4


  49      1C621E59 
  49      7BF45FAB 
  49      07A69FFF 
  50 01da 27FDABFF 		.ascii	"'\375\253\377\320\327\025\275\376\033\026\024\275#6"
  50      D0D715BD 
  50      FE1B1614 
  50      BD2336
  51 01e9 90F597C3 		.ascii	"\220\365\227\303\332?\265\372U\222\341G\242\261\336"
  51      DA3FB5FA 
  51      5592E147 
  51      A2B1DE
  52 01f8 0BE99E44 		.ascii	"\013\351\236D2\326\335\2318\233\274\030M\010\273\267"
  52      32D6DD99 
  52      389BBC18 
  52      4D08BBB7 
  53 0208 A32B9D4A 		.ascii	"\243+\235J\330\335\372\010\237\351L\235>\227\354\351"
  53      D8DDFA08 
  53      9FE94C9D 
  53      3E97ECE9 
  54 0218 48A5CFFF 		.ascii	"H\245\317\377\004H\373\014\225"
  54      0448FB0C 
  54      95
  55              		.text
  56              		.section	.gnu.lto_packet_reset.801d5c8e,"",%progbits
  57 0000 789C8D91 		.ascii	"x\234\215\221\333+DQ\024\306\327w\366\314\0315\314\203"
  57      DB2B4451 
  57      14C6D777 
  57      F6CC1935 
  57      CC83
  58 0012 F2A0E661 		.ascii	"\362\240\346a\036\224x\230\223\277H\032S\312\265\301"
  58      1E947898 
  58      93BF481A 
  58      53CAB5C1 
  59 0022 F39C5C1A 		.ascii	"\363\234\\\032\342I.5&\235D\2444\204\341\270\036\343"
  59      E2492E35 
  59      269D44A4 
  59      3484E1B8 
  59      1EE3
  60 0034 9A927855 		.ascii	"\232\222xU\312%IR4/\232\013ko\311\333\260\352\264\317"
  60      CA254952 
  60      342F9A0B 
  60      6B6FC9DB 
  60      B0EAB4CF 
  61 0048 5ADFDAEB 		.ascii	"Z\337\332\353\373\355\275u\"\212hD\001^+\370#A\340\024"
  61      FBEDBD75 
  61      228A6844 
  61      015E2BF8 
  61      2341E014 
  62 005c 1AC00928 		.ascii	"\032\300\011(\252!\212a1*\220\216=\332Z\315\234\311"
  62      AA218A61 
  62      312A908E 
  62      3DDA5ACD 
  62      9CC9
  63 006e E14C642A 		.ascii	"\341Ld*\315y\007\011A4.H\005VP\303]\227}K\0111$\022"
  63      CD790709 
  63      41342E48 
  63      055650C3 
ARM GAS  C:\Users\Luczia\AppData\Local\Temp\ccW9FKIy.s 			page 5


  63      5D977D4B 
  64 0086 027071FA 		.ascii	"\002pq\372v\036\277\367\311TC\200\323\023\347\366\254"
  64      761EBFF7 
  64      C9544380 
  64      D313E7F6 
  64      AC
  65 0097 445480F8 		.ascii	"DT\200\370?\236\317\234z\253g\325\274\334\2640\253\022"
  65      3F9ECF9C 
  65      7AAB67D5 
  65      BCDCB430 
  65      AB12
  66 00a9 422005C1 		.ascii	"B \005\301\003\261\006?V\341'.\021\326Q-\373\357\226"
  66      03B1063F 
  66      56E1272E 
  66      11D6512D 
  66      FBEF96
  67 00bc 0B6365BA 		.ascii	"\013ce\272\353\333\020\033\320I\022&\257\334\216Y\370"
  67      EBDB101B 
  67      D0491226 
  67      AFDC8E59 
  67      F8
  68 00cd 8C99CEC3 		.ascii	"\214\231\316\303\014\362n\235\271e?\015(\254A\301g\021"
  68      0CF26E9D 
  68      B9653F0D 
  68      28AC41C1 
  68      6711
  69 00df CFE8C93C 		.ascii	"\317\350\311<e7 7\361\240\361\376\364\205G2\271\024"
  69      65372037 
  69      F1A0F1FE 
  69      F4854732 
  69      B914
  70 00f1 876DBF5C 		.ascii	"\207m\277\\{\242y\263\204\013\226\334\305\265\325\336"
  70      7BA279B3 
  70      840B96DC 
  70      C5B5D5DE 
  71 0101 B7119F85 		.ascii	"\267\021\237\205)>\241\033\233|\0036\303Ha\362\335\314"
  71      293EA11B 
  71      9B7C0336 
  71      C34861F2 
  71      DDCC
  72 0113 95D62525 		.ascii	"\225\326%%\264\265\300\252\216-X\210K\033\245g'_o|\306"
  72      B4B5C0AA 
  72      8E2D5888 
  72      4B1BA567 
  72      275F6F7C 
  73 0128 A2D20BAC 		.ascii	"\242\322\013\254{\260\215\2721\305\202\035\030\334\221"
  73      7BB08DBA 
  73      31C5821D 
  73      18DC91
  74 0137 7CB13FCA 		.ascii	"|\261?\312\244\273\007\204]\036\253\350r\233?t\177\342"
  74      A4BB0784 
  74      5D1EABE8 
  74      729B3F74 
  74      7FE2
  75 0149 EC15C571 		.ascii	"\354\025\305q\376\300\331\2278\352i\3230~\375\363\251"
  75      FEC0D997 
  75      38EA69D3 
ARM GAS  C:\Users\Luczia\AppData\Local\Temp\ccW9FKIy.s 			page 6


  75      307EFDF3 
  75      A9
  76 015a 7FFB1F14 		.ascii	"\177\373\037\024\365?,\352/p$\375\245\214c\366\257\365"
  76      F53F2CEA 
  76      2F7024FD 
  76      A58C63F6 
  76      AFF5
  77 016c D32B7AAC 		.ascii	"\323+z\254\254W\275\247\214\001\011\307zy\320\350l\357"
  77      AC57BDA7 
  77      8C0109C7 
  77      7A79D0E8 
  77      6CEF
  78 017e 8E84C246 		.ascii	"\216\204\302FGC\2509\334\025\014\221\267\251\241\255"
  78      4743A839 
  78      DC150C91 
  78      B7A9A1AD 
  79 018e B1251CA9 		.ascii	"\261%\034\251o\353n\375\002*\360\325\263"
  79      6FEB6EFD 
  79      022AF0D5 
  79      B3
  80              		.text
  81              		.section	.gnu.lto_packet_send_packet.801d5c8e,"",%progbits
  82 0000 789CA557 		.ascii	"x\234\245W\353OTW\020\277s\317\335\273w\037<\004TDD"
  82      EB4F5457 
  82      10BF73CF 
  82      DDBB771F 
  82      3C045444 
  83 0015 D42A4AAB 		.ascii	"\324*J\253\204\030k-\261F\323\230\364\257\260\024\260"
  83      84186B2D 
  83      B146D398 
  83      F4AFB014 
  83      B0
  84 0026 ADB5B4B1 		.ascii	"\255\265\264\261\372\241\237\270\262<\304\326\244\261"
  84      FAA19FB8 
  84      B23CC4D6 
  84      A4B1
  85 0034 15615D0D 		.ascii	"\025a]\015j\214\032\343\003\025\025\244JYE\240\002\325"
  85      6A8C1AE3 
  85      031515A4 
  85      4A5945A0 
  85      02D5
  86 0046 A2A53E68 		.ascii	"\242\245>h\025\037\200`qK\261(Hg\316\271\273\260\213"
  86      151F8060 
  86      714BB128 
  86      4867CEB9 
  86      BBB08B
  87 0059 AEA16CB2 		.ascii	"\256\241l\262\263s\347\236\231\371\375f\346\334sW\225"
  87      B373E79E 
  87      99F9FD66 
  87      E6DC7357 
  87      95
  88 006a 24A9344C 		.ascii	"$\2514L\222R\360\367k\374J!\022\310\022~eE\222t\231"
  88      9252F0F7 
  88      6BFC4A21 
  88      12C8127E 
  88      65459274 
  89 007f A15098D0 		.ascii	"\241P\230\320M\244+`\307\273&Y%\213\231,*X\321b\226"
ARM GAS  C:\Users\Luczia\AppData\Local\Temp\ccW9FKIy.s 			page 7


  89      4DA42B60 
  89      C7BB2659 
  89      258B992C 
  89      2A58D162 
  90 0094 35B258C8 		.ascii	"5\262X\310\242q\213\205K\253l#\273\235\3546\356k\007"
  90      A2718B85 
  90      4BAB6C23 
  90      BB9DEC36 
  90      EE6B07
  91 00a7 C0342065 		.ascii	"\3004 e\311L1\251f\315b\265\331!\013\276e?0\250\316"
  91      C94C31A9 
  91      66CD62B5 
  91      D9210BBE 
  91      653F30A8 
  92 00bc 7F502ECF 		.ascii	"\177P.\317\333\257\343\247j\373wj\236\236\033\355B\010"
  92      DBAFE3A7 
  92      6AFB776A 
  92      9E9E1BED 
  92      4208
  93 00ce 854CE21F 		.ascii	"\205L\342\0378\001\363p\325\225\234c.\366\015s1\000"
  93      3801F370 
  93      D5959C63 
  93      2EF60D73 
  93      3100
  94 00e0 052F9F34 		.ascii	"\005/\23748\333B\351R\206x\274<\324w\251\022\330D\220"
  94      38DB42E9 
  94      528678BC 
  94      3CD477A9 
  94      12D84490 
  95 00f4 50CF2E76 		.ascii	"P\317.v_W\023\366\351z\266^ua\037\323\337p1\006\247"
  95      5F5713F6 
  95      E97AB65E 
  95      75611FD3 
  95      DF703106 
  96 0109 80614028 		.ascii	"\200a@(\203X8\011\261\022\232$8\015\011\270\374\271"
  96      83583809 
  96      B1129A24 
  96      380D09B8 
  96      FCB9
  97 011b BEF11AB0 		.ascii	"\276\361\032\260\030\356\332RW\343\000\303\365\326~"
  97      18EEDA52 
  97      57E300C3 
  97      F5D67E
  98 012a EEAAC099 		.ascii	"\356\252\300\231@WE\202r\356z\251\352N\275\306\342\270"
  98      40574582 
  98      72EE7AA9 
  98      EA4EBDC6 
  98      E2B8
  99 013c AB73B0B7 		.ascii	"\253s\260\267\326F\256\310\342^\264S\257R\\\314\004"
  99      D646AEC8 
  99      E25EB453 
  99      AF525CCC 
  99      04
 100 014d 1581BE26 		.ascii	"\025\201\276&\011\316B\0029\\\034zZ\025&\010\311xy\265"
 100      09CE4202 
 100      395C1C7A 
 100      5A152608 
ARM GAS  C:\Users\Luczia\AppData\Local\Temp\ccW9FKIy.s 			page 8


 100      C97879B5 
 101 0161 E7F24E9B 		.ascii	"\347\362N\233 \024\216\227\347O\267\355TY\"\017\375"
 101      20148E97 
 101      E74FB7ED 
 101      5459220F 
 101      FD
 102 0172 7B63D1F1 		.ascii	"{c\321\361\260\331{9\252\306\035\021[\035\372\001\035"
 102      B0D97B39 
 102      AAC61D11 
 102      5B1DFA01 
 102      1D
 103 0183 A3AB704E 		.ascii	"\243\253pND\377\021\243Wbt\372\340r\307\367\347*5\266"
 103      44FF11A3 
 103      576274FA 
 103      E072C7F7 
 103      E72A35B6 
 104 0197 80BBB63D 		.ascii	"\200\273\266=\352.\263\030\256}EQ{\034z-\271\232\241"
 104      EA2EB318 
 104      AE7D4551 
 104      7B1C7A2D 
 104      B99AA1
 105 01aa CA1F98E1 		.ascii	"\312\037\230\341z\245zw\216\302\336\346\256\273{\332"
 105      7AA57A77 
 105      8EC2DEE6 
 105      AEBB7BDA 
 106 01ba 7ACCE48A 		.ascii	"z\314\344\212\204\036\027\331\221QN<Q\252~\251\347\335"
 106      841E17D9 
 106      91514E3C 
 106      51AA7EA9 
 106      E7DD
 107 01cc D217DB42 		.ascii	"\322\027\333BT\005\3340\033~\302\357y\230-:\010\027"
 107      5405DC30 
 107      1B7EC2EF 
 107      79982D3A 
 107      0817
 108 01de 40C5C64B 		.ascii	"@\305\306Kl\344\255\243WMU\372\213\241|\275\252&\372"
 108      6CE4ADA3 
 108      574D55FA 
 108      8BA17CBD 
 108      AA26FA
 109 01f1 A0BBD125 		.ascii	"\240\273\321%\177\000T\033\231\004C\241)\244\231\250"
 109      7F00541B 
 109      990443A1 
 109      29A499A8 
 110 0201 D62A6966 		.ascii	"\326*if\262i\244YH\263\222f\243\273v\322B\310\026J\227"
 110      B269A459 
 110      48B39266 
 110      A3BB76D2 
 110      42C8164A 
 111 0216 61A48593 		.ascii	"a\244\205\223m\002i\021\244E\222\026\205\3022\021\005"
 111      6D026911 
 111      A4459216 
 111      85C23211 
 111      05
 112 0227 4C42619D 		.ascii	"LBa\235L\213\243ILA\241\306\320\272\251\264\216\267"
 112      4C8BA349 
 112      4C41A1C6 
ARM GAS  C:\Users\Luczia\AppData\Local\Temp\ccW9FKIy.s 			page 9


 112      D0BAA9B4 
 112      8EB7
 113 0239 681A6971 		.ascii	"h\032iq\244MGa\213'1\203\002\314$\217Y\0221\231\003"
 113      A44D4761 
 113      8B273183 
 113      02CC248F 
 113      59123199 
 114 024e 3403095C 		.ascii	"4\003\011\\\237\013\324\323y\022\261K\344\226\371\\"
 114      9F0BD4D3 
 114      7912B14B 
 114      E496F95C 
 115 025e 267199CC 		.ascii	"&q\231\314\345B.\027q\271\230\313%\\\246p\271\024h\030"
 115      E5422E17 
 115      71B998CB 
 115      255CA670 
 115      B9146818 
 116 0272 97717DB9 		.ascii	"\227q}\271D\025Z\301\365\367\271\\\311\245$m\342;\242"
 116      44155AC1 
 116      F5F7B95C 
 116      C9A5246D 
 116      E23BA2
 117 0285 80E15665 		.ascii	"\200\341Ve\367!\347\206\273\261\310J\345u\2629\330\201"
 117      F721E786 
 117      BBB1C84A 
 117      E575B239 
 117      D881
 118 0297 A35DE5FD 		.ascii	"\243]\345\375!4@\012Hp\321\350L\001\3169_\334\342\036"
 118      2134400A 
 118      4870D1E8 
 118      4C01CE39 
 118      5FDCE21E 
 119 02ab 80E1B5DB 		.ascii	"\200\341\265\333\273\373c\304R]\201\032c\355&\034l\211"
 119      BBFB63C4 
 119      525D811A 
 119      63ED261C 
 119      6C89
 120 02bd 15E0884A 		.ascii	"\025\340\210J\254\023\262{\333\267\270\015\227\004H"
 120      AC13B27B 
 120      DBB7B80D 
 120      970448
 121 02cc 8C95D0F4 		.ascii	"\214\225\320\364,\277\273\364\200a\243=Y\230[\335d\246"
 121      2CBFBBF4 
 121      8061A33D 
 121      59985BDD 
 121      64A6
 122 02de 38763E31 		.ascii	"8v>1\345\345]7\315Y\203\272\206\206\022&\346\342\244"
 122      E5E55D37 
 122      CD5983BA 
 122      86861226 
 122      E6E2A4
 123 02f1 E3C9D6D0 		.ascii	"\343\311\326\320\022\330\005.\026\002\265\270\345/Q"
 123      12D8052E 
 123      1602B5B8 
 123      E52F51
 124 0300 36BCB1C3 		.ascii	"6\274\261\303\243\017\330\223\217\322x\225\364\311."
 124      A30FD893 
 124      8FD27895 
ARM GAS  C:\Users\Luczia\AppData\Local\Temp\ccW9FKIy.s 			page 10


 124      F4C92E
 125 030f 160A7550 		.ascii	"\026\012uP\002N6\327\030\250\303=\236r\005\203\321}"
 125      024E36D7 
 125      18A8C33D 
 125      9E720583 
 125      D17D
 126 0321 0FD0C8D6 		.ascii	"\017\320\310\326C2\216\323\317\220%!\237&wM\361H\362"
 126      43328ED3 
 126      CF902521 
 126      9F26774D 
 126      F148F2
 127 0334 B9F70E6A 		.ascii	"\271\367\016j\202\321\020\300e\037{Up)\354(n\013\025"
 127      82D110C0 
 127      651F7B55 
 127      7029EC28 
 127      6E0B15
 128 0347 AB314502 		.ascii	"\2531E\002rq\024\346\031D\226\240\015\336\344\374zk"
 128      727114E6 
 128      194496A0 
 128      0DDEE4FC 
 128      7A6B
 129 0359 97916D24 		.ascii	"\227\221m$33gVY\335P\243\"\213\215\204f\015NA(\026\000"
 129      33336756 
 129      59DD50A3 
 129      228B8D84 
 129      660D4E41 
 130 0370 1A0C2ACD 		.ascii	"\032\014*\315\371-\255\266\244\303\004\025wH\0304\""
 130      F92DADB6 
 130      A4C30415 
 130      77481834 
 130      22
 131 0381 916DCCE0 		.ascii	"\221m\314\340q\242\273\275T1x\236B\036\0324A\022\246"
 131      71A2BBBD 
 131      5431789E 
 131      421E1A34 
 131      4112A6
 132 0394 E48FB65F 		.ascii	"\344\217\266_ y\344\223@\003\031\256\000\207R\330\341"
 132      2079E493 
 132      400319AE 
 132      008752D8 
 132      E1
 133 03a5 F4229611 		.ascii	"\364\"\226\021\243\037\342\024\264\031\210=\371\375"
 133      A31FE214 
 133      B419883D 
 133      F9FD
 134 03b3 66616458 		.ascii	"fadX\010\2624o\006\203\303\330@_\015\016\372W\002-s"
 134      08B2346F 
 134      0683C3D8 
 134      405F0D0E 
 134      FA57022D 
 135 03c8 D0CD90EC 		.ascii	"\320\315\220\354\244\261\302\362\232\305p5\271[\213"
 135      A4B1C2F2 
 135      9AC57035 
 135      B95B8B
 136 03d7 DF196EC6 		.ascii	"\337\031n\306\276g\317{\230\321\214!\006\327|\335\320"
 136      BE67CF7B 
 136      98D18C21 
ARM GAS  C:\Users\Luczia\AppData\Local\Temp\ccW9FKIy.s 			page 11


 136      06D77CDD 
 136      D0
 137 03e8 BCDD7079 		.ascii	"\274\335py\271)\201\335X\210\266Q\335\030\033\223\353"
 137      B92981DD 
 137      5888B651 
 137      DD181B93 
 137      EB
 138 03f9 C199FC46 		.ascii	"\301\231\374FL\024\316\244\205\227\277\332sl\277]\224"
 138      4C14CEA4 
 138      8597BFDA 
 138      736CBF5D 
 138      94
 139 040a 1F9FB5BC 		.ascii	"\037\237\265\274\374\016O\336\355\023'e\001\311$X9\317"
 139      FC0E4FDE 
 139      ED132765 
 139      01C92458 
 139      39CF
 140 041c F6D69B68 		.ascii	"\366\326\233h\231\0114\270at\251.E\254!\344~<\026\241"
 140      990934B8 
 140      6174A92E 
 140      45AC21E4 
 140      7E3C16A1 
 141 0430 6D548FCC 		.ascii	"mT\217\314\030l<=\272\031\234\331-b\246rf\267\251Gf"
 141      186C3C3D 
 141      BA199CD9 
 141      2D62A672 
 141      66B7A947 
 142 0445 3148BBBC 		.ascii	"1H\273\274\305\326\020\226\037\310\305h\033\005\322"
 142      C5D61096 
 142      1FC8C568 
 142      1B05D2
 143 0454 32CE416A 		.ascii	"2\316Aj\015\016\362\017\002\251q\220\177\022H\013\237"
 143      0D0EF20F 
 143      02A97190 
 143      7F12480B 
 143      9F
 144 0465 0C8B7732 		.ascii	"\014\213w2\016x\301Z\003'#\021m\343\234\214;\301\241"
 144      0E78C15A 
 144      03272311 
 144      6DE39C8C 
 144      3BC1A1
 145 0478 DD256856 		.ascii	"\335%hV\016\255\215O\206\357\235C\003\005\356y'cg\231"
 145      0EAD8D4F 
 145      86EF9D43 
 145      0305EE79 
 145      27636799 
 146 048c 77326C62 		.ascii	"w2lb2|G\267\011\302\341~\300d\330\021\271\037\217\371"
 146      327C47B7 
 146      09C2E17E 
 146      C064D811 
 146      B91F8FF9 
 147 04a0 681B55F4 		.ascii	"h\033U\364\020\0146\236\242?\010\316\354!1\263sf\355"
 147      100C369E 
 147      A23F08CE 
 147      EC2131B3 
 147      7366ED
 148 04b3 54F410C1 		.ascii	"T\364\020\301\344p\331\031\203\011\006\237\343\035j"
ARM GAS  C:\Users\Luczia\AppData\Local\Temp\ccW9FKIy.s 			page 12


 148      E470D919 
 148      8309069F 
 148      E31D6A
 149 04c2 4F7E9D4D 		.ascii	"O~\235MX\303\360\206\037\231p\204\357G\006\303\206\013"
 149      58C3F086 
 149      1F997084 
 149      EF4706C3 
 149      860B
 150 04d4 328E813C 		.ascii	"2\216\201<\257\333\004\364D\030G<\275GTQ\2750\350\020"
 150      AFDB04F4 
 150      4418473C 
 150      BD475451 
 150      BD30E810 
 151 04e8 B19B370B 		.ascii	"\261\2337\013\306c&\330\031\234\340#\"\030\316\011v"
 151      C66326D8 
 151      199CE023 
 151      2218CE09 
 151      76
 152 04f9 11C10962 		.ascii	"\021\301\011b\364\017y\247)\002\241\372\001\3075\021"
 152      F40F79A7 
 152      2902A1FA 
 152      01C73511 
 153 0509 A3BA1039 		.ascii	"\243\272\0209\316\321\357\016\016\3621\201\214\340 "
 153      CED1EF0E 
 153      0EF23181 
 153      8CE020
 154 0518 FF229091 		.ascii	"\377\"\220\221|\364\255b\364\361l-K\0270\242\002\023"
 154      7CF4AD62 
 154      F4F16C2D 
 154      4B1730A2 
 154      0213
 155 052a EF81D765 		.ascii	"\357\201\327e\356\031\231\371PCg\253j\034\235\253\361"
 155      EE1999F9 
 155      504367AB 
 155      6A1C9DAB 
 155      F1
 156 053b B5059E40 		.ascii	"\265\005\236@\022\346\364\340\311\311\351\316\023i&"
 156      12E6F4E0 
 156      C9C9E9CE 
 156      136926
 157 054a 3AD92CAA 		.ascii	":\331,\252\211\313[\223I\230\032\315R\027\344\305\363"
 157      89CB5B93 
 157      49981ACD 
 157      5217E4C5 
 157      F3
 158 055b D736FF33 		.ascii	"\3276\3773=\274\220N-\370\033\303\360\265K\261Z.QiO"
 158      3DBC904E 
 158      2DF81BC3 
 158      F0B54BB1 
 158      5A2E5169 
 159 0570 FE60D987 		.ascii	"\376`\331\207\"\310d#\252\257\322\321\270\014\315b\231"
 159      22C86423 
 159      AAAFD2D1 
 159      B80CCD62 
 159      99
 160 0581 615B8666 		.ascii	"a[\206fL\223[\362p\213\001f\271\177\256\210B:l\240\227"
 160      4C935BF2 
ARM GAS  C:\Users\Luczia\AppData\Local\Temp\ccW9FKIy.s 			page 13


 160      708B0166 
 160      B97FAE88 
 160      423A6CA0 
 161 0596 E7128922 		.ascii	"\347\022\211\"\215\231=]b\314\354\024\364\032~\020\277"
 161      8D993D5D 
 161      62CCEC14 
 161      F41A7E10 
 161      BF
 162 05a7 2B8C3118 		.ascii	"+\2141\030\334/\375\012\264\371\032]`\021\306\251\350"
 162      DC2FFD0A 
 162      B4F91A5D 
 162      6011C6A9 
 162      E8
 163 05b8 2D1ADDF1 		.ascii	"-\032\335\361\322q\\\375\272z\377\363\252N\037\347\235"
 163      D2715CFD 
 163      BA7AFFF3 
 163      AA4E1FE7 
 163      9D
 164 05c9 EEA34EC7 		.ascii	"\356\243N\307\360N?\245NO\025\343x\326m\214c,\342\362"
 164      F04E3FA5 
 164      4E4F15E3 
 164      78D66D8C 
 164      632CE2F2 
 165 05dd 43F93EDA 		.ascii	"C\371>\332F\241\234\206\004\307\205\362\337\340(\373"
 165      46A19C86 
 165      04C785F2 
 165      DFE028FB 
 166 05ed 09253F9B 		.ascii	"\011%?\233\341\031\241\234&PVzQ\306!.?\224+\321\346"
 166      E119A19C 
 166      2650567A 
 166      51C6212E 
 166      3F942BD1 
 167 0602 7B04BFF7 		.ascii	"{\004\277\367\277 =\017\016i\200 \305qH\203\220l\234"
 167      BF203D0F 
 167      0E698020 
 167      C5714883 
 167      906C9C
 168 0615 C6D9151D 		.ascii	"\306\331\025\035\347\366\032[tz@\306\370\240\371l\360"
 168      E7F61A5B 
 168      747A40C6 
 168      F8A0F96C 
 168      F0
 169 0626 82E7E37F 		.ascii	"\202\347\343\177>\207p\027\340\313\312M\367[\303\241"
 169      3E877017 
 169      E0CBCA4D 
 169      F75BC3A1 
 170 0636 7CEF7936 		.ascii	"|\357y6|i\326e^\214>\230\205\357X\352\215\007-\370N"
 170      7C69D665 
 170      5E8C3E98 
 170      85EF58EA 
 170      8D072DF8 
 171 064b B558ABFF 		.ascii	"\265X\253\377\030\237\026\226\3165\270Umb\253Vt\234"
 171      189F1696 
 171      CE35B855 
 171      6D62AB56 
 171      749C
 172 065d 77AB2246 		.ascii	"w\253\"F\374\030\341l\224}p\262\345$\361N\335a\022\261"
ARM GAS  C:\Users\Luczia\AppData\Local\Temp\ccW9FKIy.s 			page 14


 172      FC18E16C 
 172      947D70B2 
 172      E524F14E 
 172      DD6112B1 
 173 0671 660416B3 		.ascii	"f\004\026\263\357\265\333\336!\277b\333W\000\355\373"
 173      EFB5DBDE 
 173      21BF62DB 
 173      5700EDFB 
 174 0681 1C99F67D 		.ascii	"\034\231\366}\256l\354\373%\"\317Ll$m>\261\307\221\003"
 174      AE6CECFB 
 174      2522CF4C 
 174      6C246D3E 
 174      B1C79103 
 175 0695 7E67A0D9 		.ascii	"~g\240\331\305\242\370\003\011\317\011\326\216\377\327"
 175      C5A2F803 
 175      09CF09D6 
 175      8EFFD7
 176 06a4 B723CEC7 		.ascii	"\267#\316\307 K\306\237\003\004\215z\304\202\244\257"
 176      204BC69F 
 176      03048D7A 
 176      C482A4AF 
 177 06b4 BED8B02E 		.ascii	"\276\330\260.-#\351\313\324\264\3172\326/H\223\224\364"
 177      2D23E9CB 
 177      D4B4CF32 
 177      D62F4893 
 177      94F4
 178 06c6 D4F5A96C 		.ascii	"\324\365\251lmF\246\355\223\324\314\364\265\031\353"
 178      6D46A6ED 
 178      93D4CCF4 
 178      B519EB
 179 06d5 56656EF8 		.ascii	"Ven\370\234\245\255K3\033\327\246\217V}\232\231\376"
 179      9CA5AD4B 
 179      331BD7A6 
 179      8F567D9A 
 179      99FE
 180 06e7 1F409DF0 		.ascii	"\037@\235\360m"
 180      6D
 181              		.text
 182              		.section	.gnu.lto_packet_timerfunc.801d5c8e,"",%progbits
 183 0000 789C8D53 		.ascii	"x\234\215SMkSA\024\235\363\356\373\212\246\021\277\212"
 183      4D6B5341 
 183      149DF3EE 
 183      FB8AA611 
 183      BF8A
 184 0012 8B2CDC74 		.ascii	"\213,\334tQ\205\206\202\340\037\361\017H\350B\\(~\254"
 184      51858682 
 184      E01FF10F 
 184      48E8425C 
 184      287EAC
 185 0025 F36CD2D6 		.ascii	"\363l\322\326V\315B\332(\361Y\236\210\210\013i\325\252"
 185      56CD42DA 
 185      28F1599E 
 185      88880B69 
 185      D5AA
 186 0037 4D6A624C 		.ascii	"MjbLl\255\212\024K\205h]\031\024[\212\322Zt\243\211"
 186      6CAD8A14 
 186      4B85685D 
ARM GAS  C:\Users\Luczia\AppData\Local\Temp\ccW9FKIy.s 			page 15


 186      19145B8A 
 186      D25A74A3 
 187 004c 77666205 		.ascii	"wfb\005\261\332\007\357\016s\317\275s\317\271s\307\026"
 187      B1DA07EF 
 187      0E73CFBD 
 187      73CFB973 
 187      C716
 188 005e 428C9210 		.ascii	"B\214\222\020\255\274\036\340_\204\004\014\301?\034"
 188      ADBC1EE0 
 188      5F84040C 
 188      C13F1C
 189 006d B6649842 		.ascii	"\266d\230Bx\206\305\3064a\263\307R\326V\250c\220D]\211"
 189      7886C5C6 
 189      3461B3C7 
 189      52D656A8 
 189      6390445D 
 190 0082 BA002743 		.ascii	"\272\000'C$\0142-\333q\2210\034\321\374\316\322 \241"
 190      240C322D 
 190      DB719130 
 190      1CD1FCCE 
 190      D220A1
 191 0095 DCF72167 		.ascii	"\334\367!g\264_\367\370+]\030vz\275\236]>\247gH\307"
 191      B45FF7F8 
 191      2B5D1876 
 191      7ABD9E5D 
 191      3EA76748 
 192 00aa E00EDA05 		.ascii	"\340\016\332\005\207\275\273U\037j\261M\355\307\030"
 192      87BDBB55 
 192      1F6AB14D 
 192      EDC718
 193 00b9 5762E7CB 		.ascii	"Wb\347\313\324\250Og\310'\300\344\355\362\213l-\"\267"
 193      D4A84F67 
 193      C827C0E4 
 193      EDF28B6C 
 193      2D22B7
 194 00cc 0676F3F6 		.ascii	"\006v\363\366\332\363J1B;!\323\373\337\246\013\221\266"
 194      DAF34A31 
 194      423B21D3 
 194      FBDFA60B 
 194      91B6
 195 00de ABAACAD4 		.ascii	"\253\252\312\324\345\326+Io\3323}\"\334\007\361\221"
 195      E5D62B49 
 195      6FDA337D 
 195      22DC07F1 
 195      91
 196 00ef B88728EE 		.ascii	"\270\207(\356\"\252J\376\256\206q\264\251b\\2\307%y"
 196      22AA4AFE 
 196      AE8671B4 
 196      A9625C32 
 196      C72579
 197 0102 91AE9159 		.ascii	"\221\256\221Y\253\344\325\033}^\251\036-\254~\336\332"
 197      ABE4D51B 
 197      7D5EA91E 
 197      2DAC7EDE 
 197      DA
 198 0113 02E19369 		.ascii	"\002\341\223iHC\322\230\322XB\206\272\312\206\225\025"
 198      4843D298 
ARM GAS  C:\Users\Luczia\AppData\Local\Temp\ccW9FKIy.s 			page 16


 198      D2584286 
 198      BACA8695 
 198      15
 199 0124 E2B412D5 		.ascii	"\342\264\022\325O\334HZD\367\352\307j\315\226\007g\311"
 199      4FDC485A 
 199      44F7EAC7 
 199      6ACD9607 
 199      67C9
 200 0136 C59EA882 		.ascii	"\305\236\250\202HA\345\374\302\353JDCRh\246\247<\343"
 200      4841E5FC 
 200      C2EB4A44 
 200      435268A6 
 200      A73CE3
 201 0149 48659652 		.ascii	"He\226R\223\313-\315;\211\037\236\313\216\2004\345\261"
 201      93CB2DCD 
 201      3B891F9E 
 201      CB8E8034 
 201      E5B1
 202 015b E4F2F948 		.ascii	"\344\362\371H\200a\370dc\002\011\344\245\034\006.\255"
 202      8061F864 
 202      630209E4 
 202      A51C062E 
 202      AD
 203 016c 78DFC39D 		.ascii	"x\337\303\235#RzPd\324\301\003\004\310\222\325\324Z"
 203      23527A50 
 203      64D4C103 
 203      04C892D5 
 203      D45A
 204 017e BDB890B2 		.ascii	"\275\270\220\262b7\275\324)/Xd\334E\001\235C\212)\212"
 204      6237BDD4 
 204      292F5864 
 204      DC45019D 
 204      438A298A 
 205 0192 8889F748 		.ascii	"\210\211\367H\315W\366\375\205\213\013\201\207\315\236"
 205      CD57F6FD 
 205      858B0B81 
 205      87CD9E
 206 01a1 F593F98B 		.ascii	"\365\223\371\213\370\233\332f\035ll\204ii\035\246\267"
 206      F89BDA66 
 206      1D6C6C84 
 206      69691DA6 
 206      B7
 207 01b2 15D347EB 		.ascii	"\025\323G\3532-*\246\3455\246\025f\312-\235\033\270"
 207      322D2AA6 
 207      E535A615 
 207      66CA2D9D 
 207      1BB8
 208 01c4 11D2D589 		.ascii	"\021\322\325\211\011\260'\231\351\205v\230\354\343C"
 208      09B02799 
 208      E9857698 
 208      ECE343
 209 01d3 F2D557FB 		.ascii	"\362\325W\3735\373F\203\360\230K3\353\271\001\025\264"
 209      35FB4683 
 209      F0984B33 
 209      EBB90115 
 209      B4
 210 01e4 11C293FF 		.ascii	"\021\302\223\377$<\365\037\302O\326\010O#\226\225M\343"
ARM GAS  C:\Users\Luczia\AppData\Local\Temp\ccW9FKIy.s 			page 17


 210      243CF51F 
 210      C24FD608 
 210      4F239695 
 210      4DE3
 211 01f6 D671382D 		.ascii	"\326q8-!\025|I\233\222\305\0377\034\312\220\034\274"
 211      21157C49 
 211      9B92C51F 
 211      371CCA90 
 211      1CBC
 212 0208 A748083E 		.ascii	"\247H\010>\331\247M*\307V\355fu\347&\306\015-0\3140"
 212      D9A74D2A 
 212      C756ED66 
 212      75E726C6 
 212      0D2D30CC 
 213 021d F6EA31E2 		.ascii	"\366\3521\3427F|q3\225\035\032\263\370\314\311\306\267"
 213      37467C71 
 213      33951D1A 
 213      B3F8CCC9 
 213      C6B7
 214 022f D216299D 		.ascii	"\322\026)\235\370\025?\323\027\367\025\026\017\237\261"
 214      F8153FD3 
 214      17F71516 
 214      0F9FB1
 215 023e 22D3EDD9 		.ascii	"\"\323\355\331\355\234\311\257\226>\241;h\244\241'_"
 215      ED9CC9AF 
 215      963EA13B 
 215      68A4A127 
 215      5F
 216 024f C8B96506 		.ascii	"\310\271e\006<\264\333:b\307\217\234<\026\357\212\035"
 216      3CB4DB3A 
 216      62C78F9C 
 216      3C16EF8A 
 216      1D
 217 0260 3D183FDC 		.ascii	"=\030?\334u\242#.p\350'\240T!C"
 217      75A2232E 
 217      70E827A0 
 217      542143
 218              		.text
 219              		.section	.gnu.lto_try_decode_packet.801d5c8e,"",%progbits
 220 0000 789C8D57 		.ascii	"x\234\215W{P\224\327\025\277\347\273\373~\262+\340\202"
 220      7B5094D7 
 220      15BFE7BB 
 220      FB7EB22B 
 220      E082
 221 0012 C4101511 		.ascii	"\304\020\025\021_\240&\212\2171\246:\032kg\372\177\377"
 221      5FA0268A 
 221      8F31A63A 
 221      1A6B67FA 
 221      7FFF
 222 0024 6190E24C 		.ascii	"a\220\342L\246\031\222\001\234I\376\251\237 \253\020"
 222      A6199201 
 222      9C49FEA9 
 222      9F20AB10 
 223 0034 D3B41A44 		.ascii	"\323\264\032D7K\242\315\370(3V\023M\342\252\340\306"
 223      374BA2CD 
 223      F8283356 
 223      134DE2AA 
ARM GAS  C:\Users\Luczia\AppData\Local\Temp\ccW9FKIy.s 			page 18


 223      E0C6
 224 0046 8D0F5050 		.ascii	"\215\017PP\211\032\305Dk4\232\261h5Z\020\015\244\347"
 224      891AC544 
 224      6B349AB1 
 224      68355A10 
 224      0DA4E7
 225 0059 DC7BBF65 		.ascii	"\334{\277e\241[\247\314\354\371\356\367\273\347w\316"
 225      A15BA7CC 
 225      ECF9EEF7 
 225      BBE777CE 
 226 0069 B9E77177 		.ascii	"\271\347qw\2610\306\212=\214\225\341\323\011(F1\320"
 226      B130C68A 
 226      3D8C95E1 
 226      D3092846 
 226      31D0
 227 007b 187E34CE 		.ascii	"\030~4\316\230\256\231P\2308d\"b\322\314\204X\0111k"
 227      98AE9950 
 227      98386422 
 227      62D2CC84 
 227      5809316B 
 228 008f 96F8DA22 		.ascii	"\226\370\332\"v\255\232\215\020;!6\201\3305\007!.B\034"
 228      76AD9A8D 
 228      103B2136 
 228      81D83507 
 228      212E421C 
 229 00a3 9A93D65E 		.ascii	"\232\223\326^Z;\305\256Ks\307\021\267\346\211\257=b"
 229      5A3BC5AE 
 229      4B73C711 
 229      B7E689AF 
 229      3D62
 230 00b5 D7ABA510 		.ascii	"\327\253\245\020\342#$E >\315O\310\010B\374\002\031"
 230      E2232445 
 230      203ECD4F 
 230      C80842FC 
 230      0219
 231 00c7 A1A51292 		.ascii	"\241\245\022\222FH\252@\322\264tB2\010I\327F\322:@\353"
 231      4648AA40 
 231      D2B47442 
 231      320849D7 
 231      46D23A40 
 232 00dc 91800F08 		.ascii	"\221\200\017\010\010\235\014!3\201\216\012l\225\306"
 232      089D0C21 
 232      33818E0A 
 232      6C95C6
 233 00eb 4D668BD5 		.ascii	"Mf\213\325fw8]n\2177\305\347\037\221\232\226>2\220\221"
 233      6677385D 
 233      6E8F37C5 
 233      E71F919A 
 233      963E3290 
 234 0100 09AB603D 		.ascii	"\011\253`=\177\237\303\2715{\303\374\035\036\346\230"
 234      7F9FC3B9 
 234      357BC3FC 
 234      1D1EE698 
 235 0110 007C7DD0 		.ascii	"\000|}\320\036\272\341\241W\200l|\375\342\203s3\362"
 235      1EBAE1A1 
 235      57806C7C 
 235      FDE28373 
ARM GAS  C:\Users\Luczia\AppData\Local\Temp\ccW9FKIy.s 			page 19


 235      33F2
 236 0122 76EAF817 		.ascii	"v\352\370\027m\010y\302\373\317\352\3660\327\330&\324"
 236      6D0879C2 
 236      FBCFEAF6 
 236      30D7D826 
 236      D4
 237 0133 DE0F59B0 		.ascii	"\336\017Y\260\017\262\310\315g\220\207\272;\327\034"
 237      0FB2C8CD 
 237      679087BA 
 237      3BD71C
 238 0142 BA6CE769 		.ascii	"\272l\347i\300p\275\367\332\243\307\266\334\355\272"
 238      C070BDF7 
 238      DAA3C7B6 
 238      DCEDBA
 239 0151 5EA547BB 		.ascii	"^\245G\273\267s}\\\230s\370\034x\"\021!\006_@.\252\267"
 239      B7737D5C 
 239      9873F81C 
 239      78221121 
 239      065F402E 
 240 0167 6CE83E6B 		.ascii	"l\350>k\342Y\202\272\376Xu\227CQ\317\007Bz\324\024\346"
 240      E25982BA 
 240      FE587597 
 240      4351CF07 
 240      427AD414 
 241 017c 2638309C 		.ascii	"&80\234kb\020\021\334\313\235\353vh|\254\340~\324{\263"
 241      6B621011 
 241      DCCB9DEB 
 241      76687CAC 
 241      E07ED47B 
 242 0191 D1ABB83D 		.ascii	"\321\253\270=\007\374\333\252\365W\303\334\014\007\207"
 242      07FCDBAA 
 242      F557C3DC 
 242      0C0787
 243 01a0 93CD0C0E 		.ascii	"\223\315\014\016\011\362gw\243_\272y\201 o\253\272\372"
 243      09F26777 
 243      A35FBA79 
 243      81206FAB 
 243      BAFA
 244 01b2 27A722DF 		.ascii	"'\247\"\337T\216-px8\327\302\240\031r\211p\354\227\336"
 244      548E2D70 
 244      7838D7C2 
 244      A0197289 
 244      70EC97DE 
 245 01c6 A857A64E 		.ascii	"\250W\246N\303\327\316\373\247\033\2352u)\370\372\316"
 245      C3D7CEFB 
 245      A71B9D32 
 245      7529F8FA 
 245      CE
 246 01d7 E3A608F0 		.ascii	"\343\246\010\360\271\302\364\311\015\353>\367\346|,"
 246      B9C2F4C9 
 246      0DEB3EF7 
 246      E67C2C
 247 01e6 4CDF6AF3 		.ascii	"L\337j\363o\250\326w\351h\335\012Qi\375\010Zo\021\271"
 247      6FA8D677 
 247      E968DD0A 
 247      5169FD08 
 247      5A6F11B9 
ARM GAS  C:\Users\Luczia\AppData\Local\Temp\ccW9FKIy.s 			page 20


 248 01fa 64A4DE54 		.ascii	"d\244\336T\263\357}\013\377\225\240\036\254\336\360"
 248      B3EF7D0B 
 248      FF95A01E 
 248      ACDEF0
 249 0209 9E4551BB 		.ascii	"\236EQ\273~\275E\217Ve\023\361hR\342S}\365\005\340\313"
 249      7EBD458F 
 249      566513F1 
 249      6852E253 
 249      7DF505E0 
 250 021e 04F1FA5F 		.ascii	"\004\361\372_\352N\200\"\036o\036\215\2718\251\213T"
 250      EA4E8022 
 250      1E6F1E8D 
 250      B938A98B 
 250      54
 251 022f 7E35F444 		.ascii	"~5\364D\212\372\327\217\372\267\271\370o\005u\323\301"
 251      8AFAD78F 
 251      FAB7B9F8 
 251      6F0575D3 
 251      C1
 252 0240 D3355645 		.ascii	"\3235VE\275x\320\263Y\217\256F\24768.\2313\262\240 "
 252      BD78D0B3 
 252      598FAE46 
 252      A736382E 
 252      9933B2A0 
 253 0255 CEAB3AFF 		.ascii	"\316\253:\377\367\036\215\377N\360\332\353\017\3340"
 253      F71E8DFF 
 253      4EF0DAEB 
 253      0FDC30
 254 0264 8E391049 		.ascii	"\2169\020Ipy2\251\313\315\027v\304l\274TP\367\255\216"
 254      707932A9 
 254      CBCD1776 
 254      C46CBC54 
 254      50F7AD8E 
 255 0278 9D305CF6 		.ascii	"\2350\\\366D\006]\266%q\371\375'\003\365n\213\011NA"
 255      44065DB6 
 255      2571F9FD 
 255      2703F56E 
 255      8B094E41 
 256 028c 0EB4E207 		.ascii	"\016\264\342\007\217\011\307\360\023\303\317\227\220"
 256      8F09C7F0 
 256      13C3CF97 
 256      90
 257 0299 43DD894D 		.ascii	"C\335\211My\032\260R\214Y\221\360\260\361H\217\215\214"
 257      791AB052 
 257      8C5991F0 
 257      B0F1488F 
 257      8D8C
 258 02ab FF598F5E 		.ascii	"\377Y\217^\215\244n\253\256\021q\015\357c$\265\243\211"
 258      8DA46EAB 
 258      AE11710D 
 258      EF6324B5 
 258      A389
 259 02bd FF61764F 		.ascii	"\377avO\2479\252\017\374\262\026\343+\334\025;~Z\373"
 259      A739AA0F 
 259      FCB216E3 
 259      2BDC153B 
 259      7E5AFB
ARM GAS  C:\Users\Luczia\AppData\Local\Temp\ccW9FKIy.s 			page 21


 260 02d0 0D6037D8 		.ascii	"\015`7\3305\022\234\204\011\205\315L\302B\375iE\201"
 260      35129C84 
 260      0985CD4C 
 260      C242FD69 
 260      4581
 261 02e2 770676B9 		.ascii	"w\006v\271\235v\035\264r\322\312E\273n\022\036\302\274"
 261      9D761DB4 
 261      72D2CA45 
 261      BB6E121E 
 261      C2BC
 262 02f4 84A5D0AB 		.ascii	"\204\245\320\253\217\221??\361\322\201\232,\000\324"
 262      8F913F3F 
 262      F1D2819A 
 262      2C00D4
 263 0303 E3194053 		.ascii	"\343\031@S\222\311(0\274\2740\264,F\301=G\234\321$\236"
 263      92C92830 
 263      BCBC30B4 
 263      2C46C13D 
 263      479CD124 
 264 0318 27914DE2 		.ascii	"'\221M\342\005\022c\310\302XZ\215C\301r\310\313x\362"
 264      051263C8 
 264      C2585A8D 
 264      43C172C8 
 264      CB78F2
 265 032b 924BAB09 		.ascii	"\222K\253\011\264\221G\253\211\204M\"\345\311$\246\240"
 265      B49147AB 
 265      89844D22 
 265      E5C924A6 
 265      A0
 266 033c 704CA5DD 		.ascii	"pL\245\335|\242\025\220\3124R\231N\0333H\274H\330K\244"
 266      7CA21590 
 266      CA345299 
 266      4E1B3348 
 266      BC48D84B 
 267 0351 3293C42C 		.ascii	"2\223\304,\242\025\212\250g\0139\207\200\271b9\217\226"
 267      A2158AA8 
 267      670B3987 
 267      80B96239 
 267      8F96
 268 0363 F31965EF 		.ascii	"\363\031e\357eF\371[@\300+@\203\267\220\226\213H,&\261"
 268      6546F95B 
 268      40C02B40 
 268      83B79096 
 268      8B482C26 
 269 0378 84C45212 		.ascii	"\204\304R\022\313H0\266\216\012\310ji\311\357@\325\243"
 269      CB4830B6 
 269      8E0AC86A 
 269      69C9EF40 
 269      D5A3
 270 038a 1FDF3B61 		.ascii	"\037\337;a\245zb)\367tG\372\3344d\026\3216\347\326\367"
 270      A57A6229 
 270      F77447FA 
 270      DC346416 
 270      D136E7D6 
 271 039f E9EEADF0 		.ascii	"\351\356\255\360\341j\274\241\266:\220\034\342\351\320"
 271      E16ABCA1 
 271      B63A901C 
ARM GAS  C:\Users\Luczia\AppData\Local\Temp\ccW9FKIy.s 			page 22


 271      E2E9D0
 272 03ae 41D58433 		.ascii	"A\325\2043\260\025`b\026\373\001\326t\305:\"\0162\020"
 272      B0156062 
 272      16FB01D6 
 272      74C53A22 
 272      0E3210
 273 03c1 E281441B 		.ascii	"\342\201D\033&`pV\225\276\026o#\345-t\333\3606\304\274"
 273      26607056 
 273      95BE166F 
 273      23E52D74 
 273      DBF036C4 
 274 03d6 6788F973 		.ascii	"g\210\371sd~R\026\023\214\017NX\244\371eH:\374\351\273"
 274      647E5216 
 274      138C0F4E 
 274      58A4F965 
 274      483AFCE9 
 275 03eb BD40E635 		.ascii	"\275@\3465\370#t\012\363\265x]\011\343?\327\335}x\023"
 275      F823740A 
 275      F3B5785D 
 275      09E33FD7 
 275      DD7D7813 
 276 03ff A42ED0A4 		.ascii	"\244.\320\244\325\034=c%].\216\323\266~\337\015\273"
 276      D51C3D63 
 276      255D2E8E 
 276      D3B67EDF 
 276      0DBB
 277 0411 F287ED6F 		.ascii	"\362\207\355o\017\361\014\370Z\270;\217\356\320W\365"
 277      0FF10CF8 
 277      5AB83B8F 
 277      EED057F5 
 278 0421 FEB56F4B 		.ascii	"\376\265oKv\2464\020\277\203\354\240\301\005\020\361"
 278      76A63410 
 278      BF83ECA0 
 278      C10510F1 
 279 0431 FC5CD7FF 		.ascii	"\374\\\327\377p\227&\325\264gZ\275(\255V\375\264\266"
 279      709726D5 
 279      B4675ABD 
 279      28AD56FD 
 279      B4B6
 280 0443 8F4BFD51 		.ascii	"\217K\375QH\2216v\377\373G\025(\177\246\215o\206G\226"
 280      48913676 
 280      FFFB4715 
 280      287FA68D 
 280      6F864796 
 281 0457 2519477F 		.ascii	"%\031G\177\332\273\323%#\343pIF6\020\274\333\033\220"
 281      DABBD325 
 281      23E37049 
 281      463610BC 
 281      DB1B90
 282 046a 5A263C02 		.ascii	"Z&<\002\325\346Jl\262\002\022\323a\303\312\\\216W\306"
 282      D5E64A6C 
 282      B20212D3 
 282      61C3CA5C 
 282      8E57C6
 283 047d 2C933710 		.ascii	",\2237\020l5K]3z\221\344\257L\012IP\267\030\205<b\224"
 283      6C354B5D 
 283      337A91E4 
ARM GAS  C:\Users\Luczia\AppData\Local\Temp\ccW9FKIy.s 			page 23


 283      AF4C0A49 
 283      50B71885 
 284 0494 65164C91 		.ascii	"e\026L\221e\300/t\216\274\216\330\325\303FC\340\231"
 284      65C02F74 
 284      8EBC8ED8 
 284      D5C34643 
 284      E099
 285 04a6 15CF2678 		.ascii	"\025\317&x\325\233\203\355}\367\325\321eF\0022G\012"
 285      D59B83ED 
 285      7DF7D5D1 
 285      65460232 
 285      470A
 286 04b8 B3224CC0 		.ascii	"\263\"L\300\371:\231\264g\367I\027\246\0079\262O\332"
 286      F93A99B4 
 286      67F74917 
 286      A60739B2 
 286      4FDA
 287 04ca 8D8096C6 		.ascii	"\215\200\226\306\033\303n\004{Iv]\210\027\212\236\024"
 287      1BC36E04 
 287      7B49765D 
 287      88178A9E 
 287      14
 288 04db A7BBD8AC 		.ascii	"\247\273\330\254\242\314L8\236C\206\031\0166?}\244B"
 288      A2CC4C38 
 288      9E438619 
 288      0E363F7D 
 288      A442
 289 04ed B251390A 		.ascii	"\262Q9\012T\361\025fOZ5\233\252\332\225x\345U\325\346"
 289      54F11566 
 289      4F5A359B 
 289      AADA9578 
 289      E555D5E6 
 290 0501 2243CE4A 		.ascii	"\"C\316JO\263KA\011\303\3414\302\274v[\035a\236\221"
 290      4FB34B41 
 290      09C3E134 
 290      C2BC765B 
 290      1D619E91 
 291 0515 5397CCE9 		.ascii	"S\227\314\351\225XGK\241\352\200\204h\335F\264\273\373"
 291      9558474B 
 291      A1EA8084 
 291      68DD46B4 
 291      BBFB
 292 0527 8D681D49 		.ascii	"\215h\035I\242u&\215\326\241\242\3756\036\355\026\325"
 292      A275268D 
 292      D6A1A2FD 
 292      361EED16 
 292      D5
 293 0538 A72EA450 		.ascii	"\247.\244P\327\335\017n\261K\304\215 \032\011\035z\324"
 293      D7DD0F6E 
 293      B14BC48D 
 293      201A091D 
 293      7AD4
 294 054a 6696D367 		.ascii	"f\226\323g\203\357D\333\241\363V\257T\362\220\353\026"
 294      83EF44DB 
 294      A1F356AF 
 294      54F290EB 
 294      16
ARM GAS  C:\Users\Luczia\AppData\Local\Temp\ccW9FKIy.s 			page 24


 295 055b 18EADB9B 		.ascii	"\030\352\333\233\324\267G\371\276\032\367]\353\224\372"
 295      D4B747F9 
 295      BE1AF75D 
 295      EB94FA
 296 056a 294821B3 		.ascii	")H!\263\217\203*w\263\205\367\024J\337\231\330\275\026"
 296      8F832A77 
 296      B385F714 
 296      4ADF99D8 
 296      BD16
 297 057c 95BED968 		.ascii	"\225\276\331h\366\322?;O9\345U3\000p-\236\025\217\221"
 297      F6D23F3B 
 297      4F39E555 
 297      3300702D 
 297      9E158F91 
 298 0590 CE7B463A 		.ascii	"\316{F:\347\030\351\364\312t^\212\335:\251\212\357C"
 298      E718E9F4 
 298      CA745E8A 
 298      DD3AA98A 
 298      EF43
 299 05a2 430D77FB 		.ascii	"C\015w\3732\245\035\335\004\377\220vz\300\207Er<\351"
 299      32A51DDD 
 299      04FF9076 
 299      7AC08745 
 299      723CE9
 300 05b5 41FFB3DD 		.ascii	"A\377\263\335mO\260\317\012]\241\236>@+)\206\203w[\225"
 300      6D4FB0CF 
 300      0A5DA19E 
 300      3E402B29 
 300      8683775B 
 301 05ca 83258603 		.ascii	"\203%\206\003\237\254\310\246`\343\306OT\006\236C'4"
 301      9FACC8A6 
 301      60E3C64F 
 301      54069E43 
 301      2734
 302 05dc 07023612 		.ascii	"\007\0026\022:\032\361\30496\341\034_\227\235\331a\014"
 302      3A1AF1C4 
 302      3936E11C 
 302      5F979DD9 
 302      610C
 303 05ee 2D4ECF68 		.ascii	"-N\317hu$\277av\367\306\2102\373\374\240\331\315A#{"
 303      7524BF61 
 303      76F7C688 
 303      32FBFCA0 
 303      D9CD4123 
 304 0603 D9020F48 		.ascii	"\331\002\017H_J\361\005\204\205\355\3049\033\203\370"
 304      5F4AF105 
 304      8485EDC4 
 304      391B83F8 
 305 0613 FF3F67DF 		.ascii	"\377?g\337\2139\033\243\356c\343\320\213\343s6\302\010"
 305      8B391BA3 
 305      EE63E3D0 
 305      8BE37336 
 305      C208
 306 0625 AF7FE375 		.ascii	"\257\177\343u\345`\254\030n\237\214\244U5\3268\304U"
 306      E560AC18 
 306      6E9F8CA4 
 306      5535D638 
ARM GAS  C:\Users\Luczia\AppData\Local\Temp\ccW9FKIy.s 			page 25


 306      C455
 307 0637 8760DF28 		.ascii	"\207`\337(\315\034l\033\334\032\3225\343\223vM\216\352"
 307      CD1C6C1B 
 307      DC1AD235 
 307      E393764D 
 307      8EEA
 308 0649 9A1BD435 		.ascii	"\232\033\3245\211\327\333xq\007\312T\245\032\305\331"
 308      89D7DB78 
 308      7107CA54 
 308      A51AC5D9 
 309 0659 65C4B9C8 		.ascii	"e\304\271\310(NZ|\270\353\037(G\271\302\371(\326\015"
 309      284E5A7C 
 309      B8EB1F28 
 309      47B9C2F9 
 309      28D60D
 310 066c 355B7728 		.ascii	"5[w(l>:\217D\272\257XW\365\353\2660wn\302\357\017\006"
 310      6C3E3A8F 
 310      44BAAF58 
 310      57F5EBB6 
 310      30776EC2 
 311 0683 37611513 		.ascii	"7a\025\023\372\2760N\2458V{\375\003u\260\011\203\247"
 311      FABE304E 
 311      A538567B 
 311      FD0375B0 
 311      0983A7
 312 0696 0D076BDD 		.ascii	"\015\007k\335\022\314\023\266'\0149\330\304\244\007"
 312      12CC13B6 
 312      270C39D8 
 312      C4A407
 313 06a5 CB5307FB 		.ascii	"\313S\007\373!>\016\177S\367\325$\244\310Q\214L\223"
 313      213E0E7F 
 313      53F7D524 
 313      A4C8518C 
 313      4C93
 314 06b7 C86404D5 		.ascii	"\310d\004\325\354\241\336w\365\305\022\236\202;*\331"
 314      ECA1DE77 
 314      F5C5129E 
 314      823B2AD9 
 315 06c7 AA17A626 		.ascii	"\252\027\246&V\240V\365]>\342\362z\030,@\201\2103\177"
 315      56A056F5 
 315      5D3EE2F2 
 315      7A182C40 
 315      8188337F 
 316 06db 489CD392 		.ascii	"H\234\323\222\306Y\240\342\274\025\217S\251OG\206\234"
 316      C659A0E2 
 316      BC158F53 
 316      A94F4786 
 316      9C
 317 06ec DA5A9591 		.ascii	"\332Z\225\221\031\"\244\351R\253\275~\273R|\031w\344"
 317      1922A4E9 
 317      52ABBD7E 
 317      BB527C19 
 317      77E4
 318 06fe 4D38D0A6 		.ascii	"M8\320\246&p>\242\252v\351\306mw\374\224\232\363W\022"
 318      26703EA2 
 318      AA76E9C6 
 318      6D77FC94 
ARM GAS  C:\Users\Luczia\AppData\Local\Temp\ccW9FKIy.s 			page 26


 318      9AF35712 
 319 0712 BFB8CCF8 		.ascii	"\277\270\314\370\305u;^\350\221F5\033\033|R\371\305"
 319      C5753B5E 
 319      E8914635 
 319      1B1B7C52 
 319      F9C5
 320 0724 C162668B 		.ascii	"\301bf\213\237\250\310g\002\306\232\271\005)`tj{\203"
 320      9FA8C867 
 320      02C69AB9 
 320      05296074 
 320      6A7B83
 321 0737 BA5F5E4A 		.ascii	"\272_^J\034\317\210J\373L\304\377kf\026\".\214d\030"
 321      1CCF884A 
 321      FB4CC4FF 
 321      6B661622 
 321      2E8C6418 
 322 074b 2DD662B4 		.ascii	"-\326b\264\330\002\243\305\360\377C\216_\355\254\001"
 322      D802A3C5 
 322      F0FF438E 
 322      5FEDAC01 
 323 075b 7FF0DCC3 		.ascii	"\177\360\334\303\377\205C4\272x\231\370\361\347\013"
 323      FF854334 
 323      BA7899F8 
 323      F1E70B
 324 076a BF730BA7 		.ascii	"\277s\013\247h\226\345\316\277\360\261\324\326\364\020"
 324      6896E5CE 
 324      BFF0B1D4 
 324      D6F410
 325 0779 1FF39C4F 		.ascii	"\037\363\234Oz/\343s\216\247\355)>\026dt\355\351\304"
 325      7A2FE373 
 325      8EA7ED29 
 325      3E166474 
 325      EDE9C4
 326 078c E79294A6 		.ascii	"\347\222\224\246\217q\376\026\373\357\354\300\307\242"
 326      8F71FE16 
 326      FBEFECC0 
 326      C7A2
 327 079a D4BA267C 		.ascii	"\324\272&|,\014\204\366tq\374\001\207\355\210\277\336"
 327      2C0C84F6 
 327      7471FC01 
 327      87ED88BF 
 327      DE
 328 07ab FC53F32B 		.ascii	"\374S\363+\336XY^R\232\377fq\311\037J+\247\2260\313"
 328      DE58595E 
 328      529AFF66 
 328      71C91F4A 
 328      2BA79630 
 329 07c0 F2952B56 		.ascii	"\362\225+V\224\226[^++z\275\264\314\365f"
 329      94965B5E 
 329      2B2B7ABD 
 329      B4CCF566 
 330 07d0 F91B25A5 		.ascii	"\371\033%\245\025\025E+V\226\2258\226\277]YZ\201\360"
 330      1515452B 
 330      56969538 
 330      96BF5D59 
 330      5A81F0
 331 07e3 8A4A4B49 		.ascii	"\212JKIyIQ\371[6z\224\024\277^\302Q\327\361\032\355"
ARM GAS  C:\Users\Luczia\AppData\Local\Temp\ccW9FKIy.s 			page 27


 331      794951F9 
 331      5B367A94 
 331      14BF5EC2 
 331      51D7F11A 
 332 07f8 95154D9B 		.ascii	"\225\025M\233\271\334\361\373\342\312\342\242\212\312"
 332      B9DCF1FB 
 332      E2CAE2A2 
 332      8ACA
 333 0806 E2F24ABB 		.ascii	"\342\362J\273B\013\227\377\007%\037}g"
 333      420B97FF 
 333      07251F7D 
 333      67
 334              		.text
 335              		.section	.gnu.lto_packet_process_byte.801d5c8e,"",%progbits
 336 0000 789C9D58 		.ascii	"x\234\235X\371STG\020~\375\346\355\001{\202\200\027"
 336      F9535447 
 336      107EFDE6 
 336      ED017B82 
 336      8017
 337 0012 5894462C 		.ascii	"X\224F,cp\203\371\315J\376\200\374\023R\224\222J%\206"
 337      637083F9 
 337      CD4AFE80 
 337      FC135294 
 337      924A2586 
 338 0026 58A85539 		.ascii	"X\250U9\252\302\303\205E<rh@\263\331R\022By\020\312"
 338      AAC2C385 
 338      453C7268 
 338      40B3D952 
 338      12427910 
 339 003b 081E6183 		.ascii	"\010\036a\203\212\340\001F4(\022\021!Q<\000A\205\020"
 339      8AE00146 
 339      34281211 
 339      21513C00 
 339      418510
 340 004e 8CCA91EE 		.ascii	"\214\312\221\356\231\367x\260(+\274*z\337\366\314|\335"
 340      99F778B0 
 340      282BBC2A 
 340      7ADFF6CC 
 340      7CDD
 341 0060 FD4D77CF 		.ascii	"\375Mw\317,fI\222>sK\322;\370y\030\377\244h\011d\011"
 341      2C664992 
 341      3E734BD2 
 341      3BF87918 
 341      FFA46809 
 342 0076 FF642649 		.ascii	"\377d&I\252\254\240P\030D\241F\221M\2441\223\306\004"
 342      AAACA050 
 342      1844A146 
 342      914DA431 
 342      93C604
 343 0089 F80166D9 		.ascii	"\370\001f\331B\032+i,|\216U\216 M$i\"\300\205\232H\331"
 343      421A2B69 
 343      2C7C8E55 
 343      8E204D24 
 343      6922C085 
 344 00a0 461A3B69 		.ascii	"F\032;il\340D\215]v\220\306I\032\007\3278\001!\300%"
 344      6CE0448D 
 344      5D7690C6 
ARM GAS  C:\Users\Luczia\AppData\Local\Temp\ccW9FKIy.s 			page 28


 344      491A07D7 
 344      380121C0 
 345 00b5 BB491F45 		.ascii	"\273I\037Ez7G\213\002@\207@\312\222\231b2[\254\021\221"
 345      7A37478B 
 345      02408740 
 345      CA929962 
 345      325BAC11 
 346 00ca 36BBC3E9 		.ascii	"6\273\303\351rGA\026\031\025\3176\366-\203\232\274{"
 346      72474116 
 346      1915CF36 
 346      F62D839A 
 346      BC7B
 347 00dc 95F2D27D 		.ascii	"\225\362\322}*>\325\273\256X|j\356\234\000\372_\310"
 347      2A3ED5BB 
 347      AE587C6A 
 347      EE9C00FA 
 347      5FC8
 348 00ee C41CA880 		.ascii	"\304\034\250\200\2458\353{\357\343]\221,\026$|?\327"
 348      A538EB7B 
 348      EFE35D91 
 348      2C16247C 
 348      3FD7
 349 0100 E1AD302D 		.ascii	"\341\2550-)Q\325MjuS\016S\355\001\006p\004\030.\201"
 349      2951D54D 
 349      6A75530E 
 349      53ED0106 
 349      7004182E 
 350 0115 B7E2E1CD 		.ascii	"\267\342\341\315x\011\025\022\034\205%8\2711\347\227"
 350      78091512 
 350      1C852538 
 350      B931E797 
 351 0125 00DBCA02 		.ascii	"\000\333\312\002L\006\005\277\3665\370;\234\364\225"
 351      4C0605BF 
 351      F635F83B 
 351      9CF495
 352 0134 41227E3D 		.ascii	"A\"~=_}\353\202\225%pX\377\360@\235\215`\321\221\241"
 352      5F7DEB82 
 352      95257058 
 352      FFF0409D 
 352      8D60D191 
 353 0149 12A6BE16 		.ascii	"\022\246\276\026`\012\374*`\217C<\034\003\002V$\250"
 353      600AFC2A 
 353      608F433C 
 353      1C030256 
 353      24A8
 354 015b 842534BF 		.ascii	"\204%4\277pg\366\250\213-\345k\353~\332Vg]\\\314]\032"
 354      7067F6A8 
 354      8B2DE56B 
 354      EB7EDA56 
 354      675D5CCC 
 355 0171 DCB3E007 		.ascii	"\334\263\340\007\257Z\247*\001f\202\340\304\365\364"
 355      AF5AA72A 
 355      016682E0 
 355      C4F5F4
 356 0180 E074EFCE 		.ascii	"\340t\357\316\223UV\266\202/\355x\320{4B[\332\274'\346"
 356      935556B6 
 356      822FED78 
ARM GAS  C:\Users\Luczia\AppData\Local\Temp\ccW9FKIy.s 			page 29


 356      D07B3442 
 356      5BDABC27 
 357 0195 476DA919 		.ascii	"Gm\251\031\252^\270\364\366\341\221\002\207Y\201\023"
 357      AA5EB8F4 
 357      F6E19102 
 357      87598113 
 358 01a5 B0187E83 		.ascii	"\260\030~\203\305\202'8\011f\300\301;~\365\264\211\255"
 358      C5822738 
 358      0966C0C1 
 358      3B7EF5B4 
 358      89AD
 359 01b7 E4B857EF 		.ascii	"\344\270W\357\345\335w\022.\2063r\320\351W\253s\022"
 359      E5DD7712 
 359      2E863372 
 359      D0E957AB 
 359      7312
 360 01c9 29A25353 		.ascii	")\242SS\302V#$\241!\346i\304\224$\246[\242\241CWL\325"
 360      C2562324 
 360      A121E669 
 360      C49424A6 
 360      5BA2A143 
 361 01e0 EAC8689E 		.ascii	"\352\310h\236Z}i\301\320\221G\321o\0032b\222I0\022\012"
 361      5A7D69C1 
 361      D09147D1 
 361      6F033262 
 361      92493012 
 362 01f5 09130933 		.ascii	"\011\023\0113\011\013\012\213\225D\004}\215Da\265\321"
 362      090B0A8B 
 362      9544047D 
 362      8D4461B5 
 362      D1
 363 0206 9B9D8483 		.ascii	"\233\235\204\203\204\223(u\221p\223\210\242\311\321"
 363      84932875 
 363      91709388 
 363      A2C9D1
 364 0215 34300B45 		.ascii	"40\013ED\014\212\310X\024\2668\322\315&1\207\304\\\022"
 364      440C8AC8 
 364      5814B638 
 364      D2CD2631 
 364      87C45C12 
 365 0229 F348CC27 		.ascii	"\363H\314'\021/\221\207\011\\.\004\332\240E\022\371"
 365      112F9187 
 365      095C2E04 
 365      DAA04512 
 365      F9
 366 023a 9DC435CB 		.ascii	"\235\3045\313\200r!\231\277{$\212#\205\277\257\340R"
 366      80722199 
 366      BF7B248A 
 366      2385BFAF 
 366      E052
 367 024c 9236F354 		.ascii	"\2226\363T\313gX;\254\0336=\313+;\261\037\210\004?["
 367      CB67583B 
 367      AC1B363D 
 367      CB2B3BB1 
 367      1F88043F 
 368 0261 44FB9C5B 		.ascii	"D\373\234[s\331B)c\347\274VV\366\264Z\262\206U+*\212"
 368      73D94229 
ARM GAS  C:\Users\Luczia\AppData\Local\Temp\ccW9FKIy.s 			page 30


 368      63E7BC56 
 368      56F6B45A 
 368      B286552B 
 369 0277 9860EF88 		.ascii	"\230`\357\210\267o\207\263\010\366@\2009\240\026\262"
 369      B76F87B3 
 369      08F64080 
 369      39A016B2 
 370 0287 A08698A5 		.ascii	"\240\206\230\245\264\355W\207\354)\207h\023\212\006"
 370      B4ED5787 
 370      EC298768 
 370      138A06
 371 0296 E50073C2 		.ascii	"\345\000s\302\031(\002?[\250\321^\366\270\277RA0\032"
 371      1928023F 
 371      5BA8D15E 
 371      F6B8BF52 
 371      41301A
 372 02a9 EF07DAF5 		.ascii	"\357\007\332\365\263\220\202\334\237\203,\251\033j\006"
 372      B39082DC 
 372      9F832CA9 
 372      1B6A06
 373 02b8 3A7B6A6D 		.ascii	":{jm\344\311x7\314\334\215\252\232\206sf4\231MK\337"
 373      E4C97837 
 373      CCDC8DAA 
 373      9A867366 
 373      34994D4B 
 374 02cd 43129CE8 		.ascii	"C\022\234\350-\234\327\3546\037\017\036wx\312\324\234"
 374      2D9CD7EC 
 374      361F0F1E 
 374      7778CAD4 
 374      9C
 375 02de 6C1537DD 		.ascii	"l\0257\335\005uh\265\200\207\011\365\340\301\011\273"
 375      057568B5 
 375      808709F5 
 375      E0C109BB 
 376 02ee 3BFAEA1C 		.ascii	";\372\352\034\204\346\202N\013\\\300e\030y\260\353a"
 376      84E6824E 
 376      0B5CC065 
 376      1879B0EB 
 376      61
 377 02ff 71B4081C 		.ascii	"q\264\010\034BL$\206\030(=90hB\003b\310\004\277s\003"
 377      424C2486 
 377      18283D39 
 377      30684203 
 377      62C804BF 
 378 0315 BCE62F82 		.ascii	"\274\346/\202\207\203\325\177*\240\344iB5p(\231\240"
 378      8783D57F 
 378      2AA0E469 
 378      42357028 
 378      99A0
 379 0327 2E7128EF 		.ascii	".q(\357n\337S&\260\222\3203D\224\356B\316\365\332K{"
 379      6EDF5326 
 379      B092D033 
 379      4494EE42 
 379      CEF5DA4B 
 380 033c 23352DA2 		.ascii	"#5-\242\364\226?hpQ@&\310S\340\262\226\331\371\214\211"
 380      F4963F68 
 380      70514026 
ARM GAS  C:\Users\Luczia\AppData\Local\Temp\ccW9FKIy.s 			page 31


 380      C853E0B2 
 380      96D9F98C 
 381 0351 4D1DE87C 		.ascii	"M\035\350|V\354\324\230\234@\335\007\241\324\205\272"
 381      56ECD498 
 381      9C40DD07 
 381      A1D485BA 
 382 0361 F3871159 		.ascii	"\363\207\021Y#\247\356PO\345S\207\260$\301\025\301\334"
 382      23A7EE50 
 382      4FE55387 
 382      B024C115 
 382      C1DC
 383 0373 40E773EF 		.ascii	"@\347s\357\314\340\257\032\3216\201\307\300\033\352"
 383      CCE0AF1A 
 383      D13681C7 
 383      C01BEA
 384 0382 B0CD004F 		.ascii	"\260\315\000O\201k\034\2177\205f\304{]\333\330\341b"
 384      816B1C8F 
 384      378566C4 
 384      7B5DDBD8 
 384      E162
 385 0394 97E08A4D 		.ascii	"\227\340\212Ms7\3764\302\277.6\266iK\245M`)\010G\373"
 385      7337FE34 
 385      C2BF2E36 
 385      B6694BA5 
 385      4D602908 
 386 03aa 53E8D3CA 		.ascii	"S\350\323\312\305\204:*\2073\347}V\301\020@\213\210"
 386      C5843A2A 
 386      8733E77D 
 386      56C11040 
 386      8B88
 387 03bc A8690BBC 		.ascii	"\250i\013\274(\236A\010G\320\015\303\201V\360\240\015"
 387      289E4108 
 387      47D00DC3 
 387      8156F0A0 
 387      0D
 388 03cd 42F3D7A7 		.ascii	"B\363\327\247\276\022;My\327\333mc`n\270\311\301\024"
 388      BE123B4D 
 388      79D7DB6D 
 388      63606EB8 
 388      C9C114
 389 03e0 517C15BD 		.ascii	"Q|\025\275\235\207\025\2558\217a\361EA\033\031Px\231"
 389      9D8715AD 
 389      388F61F1 
 389      45411B19 
 389      507899
 390 03f3 B4438A9F 		.ascii	"\264C\212\237-\343)\244\210\024\012vm-\261\2108C\015"
 390      2DE329A4 
 390      88140A76 
 390      6D2DB188 
 390      38430D
 391 0406 8723F12F 		.ascii	"\207#\361/#\206\277\221D\236\275ohP\343r\325\2447\240"
 391      2386BF91 
 391      449EBD6F 
 391      6850E372 
 391      D5A437A0 
 392 041a 86C6B562 		.ascii	"\206\306\265b\324\022\032\341\301I|\205\206xk|\210\245"
 392      D4121AE1 
ARM GAS  C:\Users\Luczia\AppData\Local\Temp\ccW9FKIy.s 			page 32


 392      C1497C85 
 392      86786B7C 
 392      88A5
 393 042c 0DDDED66 		.ascii	"\015\335\355f\255\277d`k\205\333h^\202\016\336^\320"
 393      ADBF6460 
 393      6B85DB68 
 393      5E820EDE 
 393      5ED0
 394 043e 505B638C 		.ascii	"P[c\2140d\0155\224\031\316\316\235\227\331\211#;w\271"
 394      30640D35 
 394      9419CECE 
 394      9D97D989 
 394      233B77B9 
 395 0452 9D7BC24E 		.ascii	"\235{\302N\260\376]a%b\232\274\3357\212\243S\264\202"
 395      B0FE5D61 
 395      25629ABC 
 395      DD378AA3 
 395      53B482
 396 0465 80AFA1D1 		.ascii	"\200\257\241\321.\300\"\321k\204\224z\300\227\310\217"
 396      2EC022D1 
 396      6B84947A 
 396      C097C88F 
 397 0475 AC89CD39 		.ascii	"\254\211\3159\272\220\010\207.t\001y\344\323\223\002"
 397      BA900887 
 397      2E740179 
 397      E4D39302 
 398 0485 6C96A8AE 		.ascii	"l\226\250\256\335\2713\253\326n\303\241\007F\265\026"
 398      DDB933AB 
 398      D66EC3A1 
 398      0746B516 
 399 0495 767D5732 		.ascii	"v}W23\274\036#1z)\367\222x\036\230\365\204\013\344j"
 399      33BC1E23 
 399      317A29F7 
 399      92781E98 
 399      F5840BE4 
 400 04aa 556B9B26 		.ascii	"Uk\233&q\017\015\334Gz\325\036\320\252\326\216p\023"
 400      710F0DDC 
 400      477AD51E 
 400      D0AAD68E 
 400      7013
 401 04bc AAD681BA 		.ascii	"\252\326\201\2720e\332\037\266L\037\033\026\373(\022"
 401      3065DA1F 
 401      B64C1F1B 
 401      16FB2812 
 402 04cc 8728D355 		.ascii	"\207(\323U/B\233t\\\205\346V\377\313\312\264\234\227"
 402      2F429B74 
 402      5C85E656 
 402      FFCBCAB4 
 402      9C97
 403 04de E93F64C0 		.ascii	"\351?d\300\316\313t@\224)\017\247\355\352\373\"\240"
 403      CECB7440 
 403      94290FA7 
 403      EDEAFB22 
 403      A0
 404 04ef 6424520F 		.ascii	"d$R\017(\330\265W\257Z\347\264HT\340_\243\225\016\206"
 404      28D8B557 
 404      AF5AE7B4 
ARM GAS  C:\Users\Luczia\AppData\Local\Temp\ccW9FKIy.s 			page 33


 404      4854E05F 
 404      A3950E86 
 405 0503 54AD1396 		.ascii	"T\255\023\226\351Ek\3217k\377Y\263\030tM\323\316\023"
 405      E9456BD1 
 405      376BFF59 
 405      B318744D 
 405      D3CE13
 406 0516 C3CE7F22 		.ascii	"\303\316\177\"\313\013}]&\201\345F8H\236jk\302\236\010"
 406      CB0B7D5D 
 406      2681E546 
 406      38489E6A 
 406      6BC29E08 
 407 052a 4F0DF867 		.ascii	"O\015\370gD\234\233\273m\325{\315\360\265!\240\273\236"
 407      449C9BBB 
 407      6DD57BCD 
 407      F0B521A0 
 407      BB9E
 408 053c 9F458542 		.ascii	"\237E\205B\007\345p\033\365\374eM`\004\250\013\014\361"
 408      07E5701B 
 408      F5FC654D 
 408      6004A80B 
 408      0CF1
 409 054e 2E30AC77 		.ascii	".0\254w\201\317\205\235\350i&\363\210Qt\243z\027ha\002"
 409      81CF859D 
 409      E86926F3 
 409      885174A3 
 409      7A176861 
 410 0563 6B16BA8D 		.ascii	"k\026\272\215\210\034?B\250bB\303\350(X>E\034E\247\012"
 410      881C3F42 
 410      A86242C3 
 410      E828583E 
 410      451C45A7 
 411 0578 12F09609 		.ascii	"\022\360\226\011\252LVLd%[\366\210\366\250\021\023;"
 411      AA4C564C 
 411      64255BF6 
 411      88F6A811 
 411      133B
 412 058a 19715538 		.ascii	"\031qU8\3267\311:\3538X\322\352\357\260h\314ps6\360"
 412      D637C93A 
 412      EB3858D2 
 412      EAEFB068 
 412      CC707336 
 413 059f CA444D8E 		.ascii	"\312DM\216\234\205\375+\257h\2010\344\231\330\302b\012"
 413      9C85FD2B 
 413      AF688130 
 413      E499D8C2 
 413      620A
 414 05b1 296AC895 		.ascii	")j\310\225\251\205a\244\361\030\034z\023`\261\224\214"
 414      A98561A4 
 414      F1181C7A 
 414      1360B194 
 414      8C
 415 05c2 376ADB4B 		.ascii	"7j\333K\355\306\272\252\362\355O\200\016]\005\276\000"
 415      EDC6BAAA 
 415      F2ED4F80 
 415      0E5D05BE 
 415      00
ARM GAS  C:\Users\Luczia\AppData\Local\Temp\ccW9FKIy.s 			page 34


 416 05d3 9FCCD373 		.ascii	"\237\314\323s\020pI\2629\270\257\021oM\011N\272\352"
 416      107049B2 
 416      39B8AF11 
 416      6F4D094E 
 416      BAEA
 417 05e5 E28F3C96 		.ascii	"\342\217<\226\317\360W\036\343\371<2\006AW\005\221\321"
 417      CFF0571E 
 417      E3F93C32 
 417      06415705 
 417      91D1
 418 05f7 36911AFD 		.ascii	"6\221\032\375y\333[6\210\3018\034\027\0271\215\221\025"
 418      79DB5B36 
 418      88C1381C 
 418      1717318D 
 418      9115
 419 0609 DC993851 		.ascii	"\334\2318Q`\365\330\374\270v\366+ml2\277\243\311c{\272"
 419      60F5D8FC 
 419      B876F62B 
 419      6D6C32BF 
 419      A3C9637B 
 420 061e 59B0DDAF 		.ascii	"Y\260\335\257\263=G3V\250\033\233\213\310\250\326k\340"
 420      B33D4733 
 420      56A81B9B 
 420      8BC8A8D6 
 420      6BE0
 421 0630 F4A41A98 		.ascii	"\364\244\032\230\302N\276ag\213\214\311?\227Gh\027\341"
 421      C24EBE61 
 421      678B8CC9 
 421      3F974768 
 421      17E1
 422 0642 DFA86DFE 		.ascii	"\337\250m\376y\245\036~\262\036\276C/\350\213w\315b"
 422      79A51E7E 
 422      B21EBE43 
 422      2FE88B77 
 422      CD62
 423 0654 70DE3413 		.ascii	"p\3364\023v\253at\233\254\305\222o\021X\363\021n|\263"
 423      76AB6174 
 423      9BACC592 
 423      6F1158F3 
 423      116E7CB3 
 424 0668 9D1C4D51 		.ascii	"\235\034MQF\270^\273\335\300\377\222\202\232\257\365"
 424      46B85EBB 
 424      DDC0FF92 
 424      829AAFF5 
 425 0678 BF9675C2 		.ascii	"\277\226u\302\006\266\304x\\\326Vw\240\224\211k\330"
 425      06B6C478 
 425      5CD65677 
 425      A094896B 
 425      D8
 426 0689 283E2EF8 		.ascii	"(>.\370\212gE>\303D`\230\033\011\270\2176\177y\027\346"
 426      8A67453E 
 426      C3446098 
 426      1B09B88F 
 426      367F7917 
 427 069e 46BC1D33 		.ascii	"F\274\0353,\305\021\254\270\0058\356\032\243\247L\273"
 427      2CC511AC 
 427      B80538EE 
ARM GAS  C:\Users\Luczia\AppData\Local\Temp\ccW9FKIy.s 			page 35


 427      1AA3A74C 
 427      BB
 428 06af 61C7F3A3 		.ascii	"a\307\363\243N\360\343\326o\324\2553<D\2776\334\377"
 428      4EF0E3D6 
 428      6FD4AD33 
 428      3C44BF36 
 428      DCFF
 429 06c1 461E77E5 		.ascii	"F\036w\345\2759\303Ct\207<v\364\354\324\360\310\317"
 429      BD39C343 
 429      74873C76 
 429      F4ECD4F0 
 429      C8CF
 430 06d3 28F4B313 		.ascii	"(\364\263\023@\332\205C\017\351\037#\364l\246y\370\036"
 430      40DA8543 
 430      0FE91F23 
 430      F46CA679 
 430      F81E
 431 06e5 BDDCB3FE 		.ascii	"\275\334\263\376\343\215\231\253\323=\353\322V\177\230"
 431      E38D99AB 
 431      D33DEBD2 
 431      567F98
 432 06f4 BE61F96A 		.ascii	"\276a\371j\311\222\371I\352\232\264\015i\266\367\323"
 432      C992F949 
 432      EA9AB40D 
 432      69B6F7D3 
 433 0704 32D6AC4D 		.ascii	"2\326\254M\317L\315\330\370\221\225\024\251k\3233,\232"
 433      CF4CCDD8 
 433      F8919514 
 433      A96BD333 
 433      2C9A
 434 0716 9265A6AF 		.ascii	"\222e\246\257\377\037\2203K\324"
 434      FF1F9033 
 434      4BD4
 435              		.text
 436              		.section	.gnu.lto_.symbol_nodes.801d5c8e,"",%progbits
 437 0000 789C558A 		.ascii	"x\234U\2121\012\302@\020E\337\356\354n6\271D\300\223"
 437      310AC240 
 437      1045DFEE 
 437      EC6E36B9 
 437      44C093
 438 0013 E8C92621 		.ascii	"\350\311&!bcce\241`\223K\210\225\222\3363\010\001\253"
 438      62636365 
 438      A160934B 
 438      889592DE 
 438      330801AB 
 439 0027 1C41C525 		.ascii	"\034A\305% \270\305\360y\357M\000^\351\260Faw\2074\227"
 439      20B8C5F0 
 439      79EF4D00 
 439      5EE9B046 
 439      61778734 
 440 003c 76051ED6 		.ascii	"v\005\036\326\013\020k\325d\301\212\332\\8\225\\\004"
 440      0B106BD5 
 440      64C18ADA 
 440      5C38955C 
 440      04
 441 004d 753F716E 		.ascii	"u?qnoMH\312\253\317~L\241a\026\3204\313\304\245\026"
 441      6F4D48CA 
ARM GAS  C:\Users\Luczia\AppData\Local\Temp\ccW9FKIy.s 			page 36


 441      ABCF7E4C 
 441      A16116D0 
 441      34CBC4A5 
 442 0062 19478D19 		.ascii	"\031G\215\031WZ\376\263P0<>F\244\244;L\265H\244;N\265"
 442      575AFEB3 
 442      50303C3E 
 442      46A4A43B 
 442      4CB548A4 
 443 0079 1386F1FA 		.ascii	"\023\206\361\372\026\304Y\272M\012>2\234R\360\214\317"
 443      16C459BA 
 443      4D0A3E32 
 443      9C52F08C 
 443      CF
 444 008a 39848A7E 		.ascii	"9\204\212~\233B\360\364\373\251\346\013\210\000=\375"
 444      9B42F0F4 
 444      FBA9E60B 
 444      88003DFD 
 445              		.text
 446              		.section	.gnu.lto_.refs.801d5c8e,"",%progbits
 447 0000 789C1D88 		.ascii	"x\234\035\210\001\012\000 \020\302\334)\365\231\376"
 447      010A0020 
 447      10C2DC29 
 447      F599FE
 448 000f FFBEAC81 		.ascii	"\377\276\254\2010\267$\235\316\032\212!\376\306\274"
 448      30B7249D 
 448      CE1A8A21 
 448      FEC6BC
 449 001e 578F2346 		.ascii	"W\217#F\0046\253U\027\020W\000\204"
 449      0436AB55 
 449      17105700 
 449      84
 450              		.text
 451              		.section	.gnu.lto_.decls.801d5c8e,"",%progbits
 452 0000 789CAD57 		.ascii	"x\234\255W{PT\327\031\277\347\236]\330]\226G0I\231\014"
 452      7B5054D7 
 452      19BFE79E 
 452      5DD85D96 
 452      47304999 
 453 0015 33256A2C 		.ascii	"3%j,3\255(iZ\3234\3154M\323$\323\307\244i\332\031Sf"
 453      33AD2869 
 453      5AD334CD 
 453      344DD324 
 453      D3C7A469 
 454 002d 36B07BD1 		.ascii	"6\260{\321ma\261\273KS\373O/o\014\232@ >x\304W\004\025"
 454      6D61B1BB 
 454      4B53FB4F 
 454      2F6F0C9A 
 454      40203E78 
 455 0045 45141179 		.ascii	"E\024\021yHV\024\025\344mT0>0\012bT@ET0n\277\363\270"
 455      48561415 
 455      E46D5430 
 455      3E300A62 
 455      54404554 
 456 005e BB970D24 		.ascii	"\273\227\015$i';\363\301\375\316\375\316\367\373}\217"
 456      69273BF3 
 456      C1FDCEFD 
 456      CEF7FB7D 
ARM GAS  C:\Users\Luczia\AppData\Local\Temp\ccW9FKIy.s 			page 37


 456      8F
 457 006f F3B87E82 		.ascii	"\363\270~\202 |o\226 \350\260 <\020\005\301\015?\177"
 457      207C6F96 
 457      20E8B020 
 457      3C1005C1 
 457      0D3F7F
 458 0082 183B2878 		.ascii	"\030;(x\177\006\220f\220\026\220N\220\036\220>\220A"
 458      7F069066 
 458      9016904E 
 458      901E903E 
 458      9041
 459 0094 90496280 		.ascii	"\220Ib\200\300\006$\010\321G\341gH\230\362\313\001\335"
 459      C0062408 
 459      D147E167 
 459      4898F2CB 
 459      01DD
 460 00a6 08FFDF06 		.ascii	"\010\377\337\006\011\005y\224\373\177\013\3449x\367"
 460      09057994 
 460      FB7F0BE4 
 460      3978F7
 461 00b5 73906741 		.ascii	"s\220gA\026\201<\017\262\030\306'@\200\216\360#\320"
 461      16813C0F 
 461      B218C627 
 461      40808EF0 
 461      23D0
 462 00c7 A3107B6E 		.ascii	"\243\020{n\346x\323a\344\203\256\363\301 \376\325\276"
 462      E678D361 
 462      E483AEF3 
 462      C120FED5 
 462      BE
 463 00d8 895F0853 		.ascii	"\211_\010S\230\017\317\321 \0138\337\226\031|\256\007"
 463      980FCFD1 
 463      200B38DF 
 463      96197CAE 
 463      07
 464 00e9 FD311F9F 		.ascii	"\3751\037\237\015\002\363C|\317\343\374\303\341\377"
 464      0D02F343 
 464      7CCFE3FC 
 464      C3E1FF
 465 00f8 2FE0BF89 		.ascii	"/\340\277\211\307\245\306|\002\344\005\220_\203\274"
 465      C7A5C67C 
 465      02E40590 
 465      5F83BC
 466 0107 0CE286F7 		.ascii	"\014\342\206\367.\036\3333\210\305\207y^I\016\005\036"
 466      2E1EDB33 
 466      88C58779 
 466      5E490E05 
 466      1E
 467 0118 2BE1F21B 		.ascii	"+\341\362\033\037>[@\017\230&\306y>\230?\000y\005\344"
 467      1F3E5B40 
 467      0F9826C6 
 467      793E983F 
 467      007905E4 
 468 012c 188FEB87 		.ascii	"\030\217\353\207\334g\317\327\304ZE\352\347\343W\211"
 468      DC67CFD7 
 468      C45A45EA 
 468      E7E35789 
ARM GAS  C:\Users\Luczia\AppData\Local\Temp\ccW9FKIy.s 			page 38


 469 013c 95C4F406 		.ascii	"\225\304\364\006\307y\215\307\373{\237x\004\036\023"
 469      C7798DC7 
 469      FB7B9F78 
 469      041E13
 470 014b E90B81E7 		.ascii	"\351\013\201\347\365u\037\214v\320\037\347\374/\371"
 470      F5751F8C 
 470      76D01FE7 
 470      FC2FF9
 471 015a 602DE6B9 		.ascii	"`-\346\271$y\214\345\330\012\256olOp\016$\257z\220?"
 471      24798CE5 
 471      D80AAE6F 
 471      6C4F700E 
 471      24AF7A90 
 472 016f 82F482EE 		.ascii	"\202\364\202\356\307c%\265\235\317\353\273\220\367\017"
 472      C76325B5 
 472      9DCFEBBB 
 472      90F70F
 473 017e C931E957 		.ascii	"\3111\351W\322\243}\2027\307o\370p,\300\250\374\203"
 473      D2A37D82 
 473      37C76FF8 
 473      702CC0A8 
 473      FC83
 474 0190 4B6B3417 		.ascii	"Kk4\027\3209Z\215\020\204x4\352\037\321\335\312\217"
 474      D0395A8D 
 474      10847834 
 474      EA1FD1DD 
 474      CA8F
 475 01a2 BC670622 		.ascii	"\274g\006\"R^2+\337i,3LD\301k\353\235\241\362\252\232"
 475      525E322B 
 475      DF692C33 
 475      4C44C16B 
 475      EB9DA1F2 
 476 01b8 8CE84FA0 		.ascii	"\214\350O\240T\324\\(3N\017y\341\221\307F\261WyE\236"
 476      54D45C28 
 476      334E0F79 
 476      E191C746 
 476      B1577945 
 477 01cd 495F6527 		.ascii	"I_e'\260<\221$\234\274\276\262\302\330\217\316\203)"
 477      B03C9124 
 477      9CBCBEB2 
 477      C2D88FCE 
 477      8329
 478 01df 94265797 		.ascii	"\224&W\227\210\310\350\241\007#\247\021\026\351\363"
 478      88C8E8A1 
 478      0723A711 
 478      16E9F3
 479 01ee 8DEEC14A 		.ascii	"\215\356\301J-\016\242\317\267\276,\376\020E\355\220"
 479      2D0EA2CF 
 479      B7BE2CFE 
 479      1045ED90 
 480 01fe D94FF7AA 		.ascii	"\331O\367\252\200\366!\254\344\263b\307d\245A\003\361"
 480      80F621AC 
 480      E4B362C7 
 480      64A54103 
 480      F1
 481 020f A2B70CC8 		.ascii	"\242\267\014\310\246!C\335\351\225\3058\007\243P\003"
 481      A62143DD 
ARM GAS  C:\Users\Luczia\AppData\Local\Temp\ccW9FKIy.s 			page 39


 481      E995C538 
 481      07A35003 
 482 021f D2807AB3 		.ascii	"\322\200z\263\275\360R\020\250\217\032P\304\224\011"
 482      BDF05210 
 482      A88F1A50 
 482      C49409
 483 022e 8B9509A5 		.ascii	"\213\225\011\245[\256\215\006\032\337\225\345TyC\232"
 483      5BAE8D06 
 483      1ADF95E5 
 483      5479439A 
 484 023e AC7F1585 		.ascii	"\254\177\025\205\033P\035\012G\265\010\032\0015 #\307"
 484      1B501D0A 
 484      47B5081A 
 484      01352023 
 484      C7
 485 024f CA393760 		.ascii	"\31297`\2433a\010\325#:\267\331}\327\025\314\300DP{"
 485      A3336108 
 485      D5233AB7 
 485      D97DD715 
 485      CCC04450 
 486 0264 46DB4A02 		.ascii	"F\333J\002\030X\010\250YCC\337\017[Mh\347\246\311!\""
 486      185808A8 
 486      594343DF 
 486      0F5B4D68 
 486      E7A6C921 
 487 0279 7AFB71F4 		.ascii	"z\373q\364\0118n\244\216](\014\376\036\000?\324\373"
 487      09386EA4 
 487      8E5D280C 
 487      FE1E003F 
 487      D4FB
 488 028b F64BB965 		.ascii	"\366K\271e\0325\013x\257\242q\320C\343\\sy\023\213\000"
 488      1A350B78 
 488      AFA271D0 
 488      43E35C73 
 488      79138B00 
 489 029f C6D07ECE 		.ascii	"\306\320~\316\243\2429_\357\031lb\203\365y\037v\351"
 489      A3A2395F 
 489      EF196C62 
 489      83F5791F 
 489      76E9
 490 02b1 67C43F4C 		.ascii	"g\304?L\361\017)\370\253v\2247\032fo\2207\270dW\347"
 490      F10F29F8 
 490      AB769437 
 490      1A666F90 
 490      37B86457 
 491 02c6 C013A569 		.ascii	"\300\023\245i\362V\230\027A\314P5\302\250\006E\221\202"
 491      F2569817 
 491      41CC5035 
 491      C2A80645 
 491      9182
 492 02d8 5793DCA3 		.ascii	"W\223\334\243\275\250\037\241*t\001*\330\214f\303\354"
 492      BDA81FA1 
 492      2A74012A 
 492      D88C66C3 
 492      EC
 493 02e9 92E6B2C7 		.ascii	"\222\346\262\307\360\363h\206\222l(\314\251\014\234"
 493      F0F36886 
ARM GAS  C:\Users\Luczia\AppData\Local\Temp\ccW9FKIy.s 			page 40


 493      926C28CC 
 493      A90C9C
 494 02f8 91C8314A 		.ascii	"\221\3101J\344\250B\244\240\245\366b \020\351\007\""
 494      E4A842A4 
 494      A0A5F662 
 494      2010E907 
 494      22
 495 0309 3D65582E 		.ascii	"=eX.\200Y!\304\010\035\361\3228\342K\243\205\322(^Q"
 495      805921C4 
 495      081DF1D2 
 495      38E24BA3 
 495      85D2285E 
 496 031e 94A9C1AF 		.ascii	"\224\251\301\257\315\304\343b\331@\262R\373\343,G\247"
 496      CDC4E362 
 496      D940B252 
 496      FBE32C47 
 496      A7
 497 032f CB8FAFD4 		.ascii	"\313\217\257\324{\252\332\306\0067\027\247\344hg\344"
 497      7BAADAC6 
 497      063717A7 
 497      E46867E4 
 498 033f DB41F9B6 		.ascii	"\333A\371\266+|\373\032\217]\367\343\211k\012+\224]"
 498      2B7CFB1A 
 498      8F5DF7E3 
 498      896B0A2B 
 498      945D
 499 0351 A9304D24 		.ascii	"\2510M$V\250\325K\270\325\227p'%\\\324\325\331\244\303"
 499      56A8D54B 
 499      B8D59770 
 499      27255CD4 
 499      D5D9A4C3 
 500 0365 3194F08E 		.ascii	"1\224\360\216\225\356\202\231Q\273)\252\215\203\272"
 500      95EE8299 
 500      51BB29AA 
 500      8D83BA
 501 0374 AF149DC3 		.ascii	"\257\024\235\303\034t\"\334\003\012F\250\313\013\332"
 501      1C7422DC 
 501      030A46A8 
 501      CB0BDA
 502 0383 E50BDA43 		.ascii	"\345\013\332CAkN~\322\213p\242O\226\3360\362,Mm\260"
 502      416B4E7E 
 502      D28B70A2 
 502      4F96DE30 
 502      F22C4D6D 
 503 0398 4F594A3E 		.ascii	"OYJ>\331]\337kTrw\222\215U\345g]\323xrw\212\015\336"
 503      D95DDF6B 
 503      54727792 
 503      8D55E567 
 503      5DD37872 
 504 03b0 F9B4A501 		.ascii	"\371\264\245\001\251\243\200\354{\243\350\245Q\234V"
 504      A9A380EC 
 504      7BA3E8A5 
 504      519C56
 505 03bf 7277FD60 		.ascii	"rw\375`a\205\006\302pA\030\303\373\3036*M\007f\350\204"
 505      618506C2 
 505      704118C3 
 505      FBC3362A 
ARM GAS  C:\Users\Luczia\AppData\Local\Temp\ccW9FKIy.s 			page 41


 505      4D0766E8 
 506 03d4 378E13BE 		.ascii	"7\216\023\276q\364\3218N\354.I\327\341\377\314T\355"
 506      71F4D138 
 506      4EEC2E49 
 506      D7E1FFCC 
 506      54ED
 507 03e6 5D1997B7 		.ascii	"]\031\227\267\351`1\302rv#\242_\257\275\037\310t\362"
 507      E96031C2 
 507      727623A2 
 507      5FAFBD1F 
 507      C874F2
 508 03f9 7AAFEBF6 		.ascii	"z\257\353\366N\015\316GD\021w\357\274\3747\024i(%\264"
 508      4E0DCE47 
 508      441177EF 
 508      BCFC3714 
 508      692825B4 
 509 040d 5D23E551 		.ascii	"]#\345Q\031Y$\235\375\310\000\273\224\207F8\271\254"
 509      1959249D 
 509      FDC800BB 
 509      94874638 
 509      B9AC
 510 041f 6493152A 		.ascii	"d\223\025*o\226q\230\200~\034\216\026\206\013\300(\222"
 510      6F967198 
 510      807E1C8E 
 510      16860BC0 
 510      2892
 511 0431 382556B0 		.ascii	"8%V\260\263\207\243\263\020*\000l[\277\365p N\247;\232"
 511      B387A3B3 
 511      102A006C 
 511      5BBFF570 
 511      204EA73B 
 512 0446 787EE748 		.ascii	"x~\347H\007\366 \\i\231]\225A\020.\001\302E/\002\000"
 512      07F6205C 
 512      69995D95 
 512      41102E01 
 512      C2452F02 
 513 045b 4E0FF1F9 		.ascii	"N\017\361\371\364\020\245m\203\215\"\215\2328\372\214"
 513      F410A56D 
 513      838D228D 
 513      9A38FA8C 
 514 046b 5520CB75 		.ascii	"U \313u\247{\346\3256@+pY\251\300\231\373\023\253\265"
 514      A77BE6D5 
 514      36402B70 
 514      59A9C099 
 514      FB13ABB5 
 515 047f CAB2DFF2 		.ascii	"\312\262\337\362\334\305\275\262\014\304d\015\261Cg"
 515      DCC5BDB2 
 515      0CC4640D 
 515      B14367
 516 048e BCCCCEF8 		.ascii	"\274\314\316\370\226`\220\226`WM\303*-\036b\273v\373"
 516      96609096 
 516      60574DC3 
 516      2A2D1E62 
 516      BB76FB
 517 04a1 AEAB397E 		.ascii	"\256\2539~x\204)\225E\203\255\376@\015\015\321\335\232"
 517      78842995 
 517      4583ADFE 
ARM GAS  C:\Users\Luczia\AppData\Local\Temp\ccW9FKIy.s 			page 42


 517      400D0DD1 
 517      DD9A
 518 04b3 8CA4B8CA 		.ascii	"\214\244\270\312\002\361\030{\275i\313G=d\335\241/\340"
 518      02F1187B 
 518      BD69CB47 
 518      3D64DDA1 
 518      2FE0
 519 04c5 35BACA98 		.ascii	"5\272\312\230\237;\266\255\234l\335\320b\344@\011V\025"
 519      9F3BB6AD 
 519      9C6CDDD0 
 519      62E44009 
 519      5615
 520 04d7 6D312BDA 		.ascii	"m1+\332\307\367Gj\214\370\001\313i{\327\335:\0352Df"
 520      C7F7476A 
 520      8CF801CB 
 520      697BD7DD 
 520      3A1D3244 
 521 04ec 7B364DC1 		.ascii	"{6M\301\263c\242Q\310\330b\236\261\0330x\035\006Y\362"
 521      B363A251 
 521      C8D8629E 
 521      B11B3078 
 521      1D0659F2 
 522 0500 2F0CCDAE 		.ascii	"/\014\315\256?O\272l\004r6\354\015q\261\201\361,\276"
 522      3F4FBA6C 
 522      047236EC 
 522      0D71B181 
 522      F12CBE
 523 0513 BCEA3D2D 		.ascii	"\274\352=-M*1`\275th\347\244\013+\355u\223\261-\251"
 523      4D2A3160 
 523      BD7468E7 
 523      A40B2BED 
 523      7593B12D 
 524 0528 BD5CC2B6 		.ascii	"\275\\\302\266\016\223\021\335bc\247\322V\216\007=9"
 524      0E9311DD 
 524      6263A7D2 
 524      568E073D 
 524      39
 525 0539 84D7CB3A 		.ascii	"\204\327\313:\352\353\300\272\253Ul\211\214\241'\351"
 525      EAEBC0BA 
 525      AB556C89 
 525      8CA127E9 
 526 0549 C8F8E7AB 		.ascii	"\310\370\347\253\362\375\361\027\230\206ss\375\355R"
 526      F2FDF117 
 526      98867373 
 526      FDED52
 527 0558 3F928571 		.ascii	"?\222\205q\240q\207\324\004\006\307\316\256k\320\342"
 527      A07187D4 
 527      0406C7CE 
 527      AE6BD0E2 
 528 0568 5BCCA27C 		.ascii	"[\314\242|\315\307]4\215\367H\236\3562\224\314\207\253"
 528      CDC75D34 
 528      8DF7489E 
 528      EE3294CC 
 528      87AB
 529 057a ABB0BAC2 		.ascii	"\253\260\272\302@\200W\030\335\007\0234A\213|[)\362"
 529      40805718 
 529      DD071334 
ARM GAS  C:\Users\Luczia\AppData\Local\Temp\ccW9FKIy.s 			page 43


 529      418B7C5B 
 529      29F2
 530 058c D1DDABDD 		.ascii	"\321\335\253\335d\231\365\303J;\355\2367\266WN\317\220"
 530      6499F5C3 
 530      4A3BED9E 
 530      37B6574E 
 530      CF90
 531 059e C3B231B1 		.ascii	"\303\2621\261CW\224\014\240kHC4v\272O\262\015\365\326"
 531      4357940C 
 531      A06B4843 
 531      3476BA4F 
 531      B20DF5D6 
 532 05b2 40891FEE 		.ascii	"@\211\037\356\326\370\2541\317\3319\345L\374\222\367"
 532      D6F8AC31 
 532      CFD939E5 
 532      4CFC92F7 
 533 05c2 9FCFA937 		.ascii	"\237\317\2517O\275\001\270)\263\207\012\263\246\316"
 533      4FBD01B8 
 533      29B3870A 
 533      B3A6CE
 534 05d1 7BE39419 		.ascii	"{\343\224\031\324\305]\210\033\272\206\344l\003\265"
 534      D4C55D88 
 534      1BBA86E4 
 534      6C03B5
 535 05e0 420FBC95 		.ascii	"B\017\274\225y\240\220\222E\272in\257\257\362\303W4"
 535      79A09092 
 535      45BA696E 
 535      AFAFF2C3 
 535      5734
 536 05f2 33F4D9D4 		.ascii	"3\364\331\324\326J\0255\337\\\324X#J\027\277Z\324\014"
 536      D64A1535 
 536      DF5CD458 
 536      234A17BF 
 536      5AD40C
 537 0605 36366D95 		.ascii	"66m\225\246\026&K\374\306\302d\203\011Z!\222\3603E\036"
 537      A616264B 
 537      FCC6C264 
 537      83095A21 
 537      92F03345 
 538 061a 7EC7F6EA 		.ascii	"~\307\366\352f\177Oa^H;\224\351\352\222e\2745\214\030"
 538      667F4F61 
 538      5E483B94 
 538      E9EA9265 
 538      BC358C18 
 539 062e A21451A9 		.ascii	"\242\024Q\251L\232\250!\032K\302\2734\011kK>?%\342\341"
 539      4C9AA821 
 539      1A4BC2BB 
 539      34096B4B 
 539      3E3F25E2 
 540 0643 6F978495 		.ascii	"o\227\204\225\214\336\201\262\322\201`\016w\304Y(7\245"
 540      8CDE81B2 
 540      D281600E 
 540      77C45928 
 540      37A5
 541 0655 CAC64C4C 		.ascii	"\312\306LL\261r<X\253\000+G\301z\217bml\275Z\027\214"
 541      B1723C58 
 541      AB002B47 
ARM GAS  C:\Users\Luczia\AppData\Local\Temp\ccW9FKIy.s 			page 44


 541      C17A8F62 
 541      6D6CBD5A 
 542 066b C7195646 		.ascii	"\307\031VF\353\256\263\376\354\312s/\214t\305\205\276"
 542      EBAEB3FE 
 542      ECCA732F 
 542      8C74C585 
 542      BE
 543 067c CF34ECCE 		.ascii	"\3174\354\316\343:J\366\331\265\231g\367h\014\331$\011"
 543      E33A4AF6 
 543      D9B59967 
 543      F7680CD9 
 543      2409
 544 068e EC2613AA 		.ascii	"\354&\023\252\276O} \3022C\013X?\200\365\276\013\005"
 544      BE4F7D20 
 544      C232430B 
 544      583F80F5 
 544      BE0B05
 545 06a1 2B8CCCDD 		.ascii	"+\214\314\335\006\015\305J[\315\257o\331D\237\254\354"
 545      060DC54A 
 545      5BCDAF6F 
 545      D9449FAC 
 545      EC
 546 06b2 3CE7CFDD 		.ascii	"<\347\317\335\223\013\334p\372@\177\000{O\320\357\344"
 546      930BDC70 
 546      FA407F00 
 546      7B4FD0EF 
 546      E4
 547 06c3 0DDF1071 		.ascii	"\015\337\020q\226\226]\033\367\\k\347\267\261,2\367"
 547      96965D1B 
 547      F75C6BE7 
 547      B7B12C32 
 547      F7
 548 06d4 F2E9EA7E 		.ascii	"\362\351\352~<#\223u\012\223\265\"e\322\272fh\024\207"
 548      3C239375 
 548      0A93B522 
 548      65D2BA66 
 548      681487
 549 06e7 E6D2E2C9 		.ascii	"\346\322\342\311\362/\021\331p?\024\303Q\201H\254\013"
 549      F22F11D9 
 549      703F14C3 
 549      518148AC 
 549      0B
 550 06f8 C550658E 		.ascii	"\305Pe\216\240\272\351\205\262\233^\365\015\327\301"
 550      A0BAE985 
 550      B29B5EF5 
 550      0DD7C1
 551 0707 409CC768 		.ascii	"@\234\307hd4\245v\"\\\314\224\302\372\261V-3\324\221"
 551      6434A576 
 551      225CCC94 
 551      C2FAB156 
 551      2D33D491 
 552 071b DEAD3B9A 		.ascii	"\336\255;\232\245\307\333\330\273\276\236\354R\021W"
 552      A5C7DBD8 
 552      BBBE9EEC 
 552      521157
 553 072a 33A526B3 		.ascii	"3\245&\263\356\214\210\233\230\322V\360)\324\240\215"
 553      EE8C889B 
ARM GAS  C:\Users\Luczia\AppData\Local\Temp\ccW9FKIy.s 			page 45


 553      98D256F0 
 553      29D4A08D 
 554 073a 295B2626 		.ascii	")[&&GIJ\346\221m\021\2536\305y\374$k\313\251\325\343"
 554      47494AE6 
 554      916D11AB 
 554      36C579FC 
 554      246BCBA9 
 555 0750 D3CCB8F6 		.ascii	"\323\314\270\366\312D\245>\262T\271.\013\304h\013/'"
 555      CA44A53E 
 555      B254B92E 
 555      0BC4680B 
 555      2F27
 556 0762 A3DEDD3B 		.ascii	"\243\336\335;~S$YI#M\252\215\024<\313\023\225\212\221"
 556      7E532459 
 556      49234DAA 
 556      8D143CCB 
 556      13958A91 
 557 0776 C49E6E9A 		.ascii	"\304\236n\232\037C\350\233Yf\326\037\357\256\010b1l"
 557      1F43E89B 
 557      5966D61F 
 557      EFAE0862 
 557      316C
 558 0788 25413CD8 		.ascii	"%A<\330<\222\242\3455i\242A\336k\312\015\302_P\006\206"
 558      3C92A2E5 
 558      3569A241 
 558      DE6BCA0D 
 558      C25F5006 
 559 079d D1CEDB5D 		.ascii	"\321\316\333]\301h.\373\315\212\234\273INO\203\303\245"
 559      C1682EFB 
 559      CD8A9CBB 
 559      494E4F83 
 559      C3A5
 560 07af 39B46E0F 		.ascii	"9\264n\017\034.~\250L4\240M\320n{\304Y^\344\005$\307"
 560      1C2E7EA8 
 560      4C34A04D 
 560      D06E7BC4 
 560      595EE405 
 561 07c5 D1E4CB6B 		.ascii	"\321\344\313k\023\331\315]\347\3231"
 561      13D9CD5D 
 561      E7D331
 562 07d0 DC6AD231 		.ascii	"\334j\3221\275\203l\344\326\236\315\235Z\327!\257\371"
 562      BD836CE4 
 562      D69ECD9D 
 562      5AD721AF 
 562      F9
 563 07e1 F0183787 		.ascii	"\360\0307\207\235i\275\257\365G\242\257\371\240\332"
 563      9D69BDAF 
 563      F547A2AF 
 563      F9A0DA
 564 07f0 FB86E9ED 		.ascii	"\373\206\351\355\0252\2603=\2640k\330\373\213}\215\213"
 564      1532B033 
 564      3DB4306B 
 564      D8FB8B7D 
 564      8D8B
 565 0802 A63A07EB 		.ascii	"\246:\007\353#\031\332\024\331\225\202I\313\2405\334"
 565      2319DA14 
 565      D9958249 
ARM GAS  C:\Users\Luczia\AppData\Local\Temp\ccW9FKIy.s 			page 46


 565      CBA035DC 
 566 0812 5E6924B4 		.ascii	"^i$\264Z\364\211t\\E\275dz\357\324:\2177\246L6\370m"
 566      5AF48974 
 566      5C45BD64 
 566      7AEFD43A 
 566      8F37A64C 
 567 0829 E06E2B7D 		.ascii	"\340n+}G\314\241^\250\012JW.\316E;@*@v\202\354\006\331"
 567      47CCA15E 
 567      A80A4A57 
 567      2ECE453B 
 567      402A4076 
 568 0841 055209B2 		.ascii	"\005R\011\262W\234K\033\200\235\201\035\005\030\232"
 568      579C4B1B 
 568      809D811D 
 568      05189A
 569 0850 834C16F8 		.ascii	"\203L\026\370&+x\370w\250\371o\367\345\237\357e\004"
 569      262B78F8 
 569      77A8F96F 
 569      F7E59FEF 
 569      6504
 570 0862 85EF1CDD 		.ascii	"\205\357\034\335]\255\303c\264\360\342G\333k\256\005"
 570      5DADC363 
 570      B4F0E247 
 570      DB6BAE05 
 571 0872 A0C8590C 		.ascii	"\240\310Y\014\342\324O\010B\015\314\255\026=;9\001\234"
 571      E2D44F08 
 571      420DCCAD 
 571      163D3B39 
 571      019C
 572 0884 2114B40F 		.ascii	"!\024\264\017\"\370_\243\001\012\271\255\025\265\301"
 572      22F85FA3 
 572      010AB9AD 
 572      15B5C1
 573 0893 DE65ABA1 		.ascii	"\336e\253\241\220y\3404\2272\335O\327\355\007\312\272"
 573      9079E034 
 573      9732DD4F 
 573      D7ED07CA 
 573      BA
 574 08a4 3DD93174 		.ascii	"=\3311t8\370\251\315\354\306y\207\004\252!&\350}\306"
 574      38F8A9CD 
 574      ECC67987 
 574      04AA2126 
 574      E87DC6
 575 08b7 5135F17D 		.ascii	"Q5\361}\262hP\255\370\024\371\222\222+w\032\324\037"
 575      B26850AD 
 575      F814F992 
 575      922B771A 
 575      D41F
 576 08c9 6735AA22 		.ascii	"g5\252\"A\365E\372qF\376\203qj\356\272f\2446&\376\275"
 576      41F545FA 
 576      7146FE83 
 576      716AEEBA 
 576      66A43626 
 577 08df C6F5DCB8 		.ascii	"\306\365\334\270\236\032\257\030\03194\305\363\304\224"
 577      9E1AAF18 
 577      193934C5 
 577      F3C494
ARM GAS  C:\Users\Luczia\AppData\Local\Temp\ccW9FKIy.s 			page 47


 578 08ee CFBE066E 		.ascii	"\317\276\006n\334@\215ow\237\354\027\325\306\205S<\037"
 578      DC408D6F 
 578      779FEC17 
 578      D5C68553 
 578      3C1F
 579 0900 E0C607A6 		.ascii	"\340\306\007\246\367L\266y\257q#7n\244\306\323\035\217"
 579      F74CB679 
 579      AF712337 
 579      6EA4C6D3 
 579      1D8F
 580 0912 E39DC3A1 		.ascii	"\343\235\303\241\312\374T\230\037\367\270jz\254\362"
 580      CAFC5498 
 580      1FF7B86A 
 580      7AACF2
 581 0921 39BAADF1 		.ascii	"9\272\255\361\300\366`:\323%\302a'N;\365m\365T8\023"
 581      C0F6603A 
 581      D325C261 
 581      274E3BF5 
 581      6DF55438 
 582 0936 59378061 		.ascii	"Y7\200a\357\344\376;lv\023\314>\310f\027\345\345\207"
 582      EFE4FE3B 
 582      6C7613CC 
 582      3EC86617 
 582      E5E587
 583 0949 7FDD217A 		.ascii	"\177\335!z\230\036\242\207\350!J\224\351\276\236\335"
 583      981EA287 
 583      E8214A94 
 583      E9BE9EDD 
 584 0959 53D2D8CC 		.ascii	"S\322\330\314\203m\246\301>L}\267^;g#k\366bQ\316\326"
 584      836DA6C1 
 584      3E4C7DB7 
 584      5E3B6723 
 584      6BF66251 
 585 096f 0141FA45 		.ascii	"\001A\372E\306\016\275#\342\034\362\321\232\222sB\253"
 585      C60EBD23 
 585      E21CF2D1 
 585      9A927342 
 585      AB
 586 0980 76796C8A 		.ascii	"vyl\212\313\243\334\345Q\352\262\275\371\304Z\177\234"
 586      CBA3DCE5 
 586      51EAB2BD 
 586      F9C45A7F 
 586      9C
 587 0991 E647D681 		.ascii	"\346G\326\201\246\350\360\276\341\000\244\017\207\023"
 587      A6E8F0BE 
 587      E100A40F 
 587      8713
 588 099f 04A1C82C 		.ascii	"\004\241\310,z\233O\313\015A\236\333|\033tw\213\250"
 588      7A9B4FCB 
 588      0D419EDB 
 588      7C1B7477 
 588      8BA8
 589 09b1 279F85D0 		.ascii	"'\237\205\320n\307\241\335\012a\251\220\221B9\233|\355"
 589      6EC7A1DD 
 589      0A61A990 
 589      9142399B 
 589      7CED
ARM GAS  C:\Users\Luczia\AppData\Local\Temp\ccW9FKIy.s 			page 48


 590 09c3 9247D516 		.ascii	"\222G\325\026\016*:\346\335\303\211^\200\361\251\262"
 590      0E2A3AE6 
 590      DDC3895E 
 590      80F1A9B2 
 591 09d3 C6498C0C 		.ascii	"\306I\214\014\014&\233\247K\275\235\303G*=\342:\001"
 591      0C269BA7 
 591      4BBD9DC3 
 591      472A3DE2 
 591      3A01
 592 09e5 A4838280 		.ascii	"\244\203\202\200\325\250\333\355O\307\251&\347mz\236"
 592      D5A8DBED 
 592      4FC7A926 
 592      E76D7A9E 
 593 09f5 6AE40FD9 		.ascii	"j\344\017\331\310\313\213zt<5M\277S2\323\247d\246\213"
 593      C8CB8B7A 
 593      743C354D 
 593      BF5332D3 
 593      A764A68B 
 594 0a09 66E6EE9A 		.ascii	"f\346\356\232\206\367\374\325\231\351\235\222\231n\236"
 594      86F7FCD5 
 594      99E99D92 
 594      996E9E
 595 0a18 996E9A99 		.ascii	"\231n\232\231\306\301\033\233\020\367xk\276\342qP\361"
 595      C6C11B9B 
 595      10F7786B 
 595      BEE27150 
 595      F1
 596 0a29 D823CE11 		.ascii	"\330#\316\021\002\226\305\232\377.9MV\233\325\371H\324"
 596      0296C59A 
 596      FF2E394D 
 596      569BD5F9 
 596      48D4
 597 0a3b 024752B2 		.ascii	"\002GR\262\335,-`\203Qf\335+\177\370s\304K\321\321B"
 597      DD2C2D60 
 597      835166DD 
 597      2B7FF873 
 597      C44BD1D1 
 598 0a50 E8575E09 		.ascii	"\350W^\011F>\323.9$g(W\034\222\315bb\317!|\310iM\224"
 598      463ED32E 
 598      39246728 
 598      571C92CD 
 598      6262CF21 
 599 0a69 ECF1C936 		.ascii	"\354\361\3116\363#N\373r\223E2'Y$n2\213\233,\263'\231"
 599      F3234EFB 
 599      72934532 
 599      2759246E 
 599      328B9B2C 
 600 0a80 2587C314 		.ascii	"%\207\303\024\267\334)\351M\246d\253\315\371\254\311"
 600      B7DC29E9 
 600      4DA664AB 
 600      CDF9ACC9 
 601 0a90 196F7E2E 		.ascii	"\031o~.\306\274\324\032gu8\223-\326\244\030gRR\202#"
 601      C6BCD41A 
 601      67753893 
 601      2DD6A418 
 601      67525282 
 602 0aa5 66892D39 		.ascii	"f\211-9\202>E\304\332\023#\244\3048\311b\221,1\213\242"
ARM GAS  C:\Users\Luczia\AppData\Local\Temp\ccW9FKIy.s 			page 49


 602      823E45C4 
 602      DA1323A4 
 602      C438C962 
 602      912C318B 
 603 0aba 16463CBD 		.ascii	"\026F<\2750z\321?\236\211\201\361\371\266$\2334_\212"
 603      307AD13F 
 603      9E8981F1 
 603      F9B6249B 
 603      345F8A
 604 0acd 8DB3C658 		.ascii	"\215\263\306Xm\346\204d\213\024\223\030\013\276lR\014"
 604      6DE68464 
 604      8B149318 
 604      0BBE6C52 
 604      0C
 605 0ade 30888F4D 		.ascii	"0\210\217MN\000^\313\227I\216\250\245\202?\207\373\353"
 605      4E005ECB 
 605      97498EA8 
 605      A5823F87 
 605      FBEB
 606 0af0 770AE758 		.ascii	"w\012\347X\356\21019\234\026\360\015\030~\211R\"dI\223"
 606      EE883139 
 606      9C16F00D 
 606      187E8952 
 606      22644993 
 607 0b04 20C5C6FB 		.ascii	" \305\306\373\333\222\234K\355I\357\3709\254\377\226"
 607      DB929C4B 
 607      ED49EFF8 
 607      39ACFF96 
 608 0b14 4C4ECBFF 		.ascii	"LN\313\377\011\233`\215\213Yb6\373\300/\212z:*\332K"
 608      099B608D 
 608      8B596236 
 608      FBC02F8A 
 608      7A3A2ADA 
 609 0b29 C209B3E2 		.ascii	"\302\011\263\342\001\037E\373\307\333\"\034\313$3\240"
 609      011F45FB 
 609      C7DB221C 
 609      CB2433A0 
 610 0b39 DB6CC909 		.ascii	"\333l\311\011\011\177\371n\243u\332\255\266%\000\244"
 610      097FF96E 
 610      A375DAAD 
 610      B62500A4 
 611 0b49 35DBCDD1 		.ascii	"5\333\315\321?\015\366t\013\250<|\363\262\345\376\360"
 611      3F0DF674 
 611      0BA83C7C 
 611      F3B2E5FE 
 611      F0
 612 0b5a 2F31E99F 		.ascii	"/1\351\237RH\242ii\254\315\222 \331!C\261N\311\241\267"
 612      5248A269 
 612      69ACCD92 
 612      20D92143 
 612      B14EC9A1 
 613 0b6f FFCB1497 		.ascii	"\377\313\024\227\034\037/\331\015\244\005\034\246\004"
 613      1C1F2FD9 
 613      0DA4051C 
 613      A604
 614 0b7d 29DE6984 		.ascii	")\336i\204\301w\354V'4\213\323\036\000\212]\212\265"
 614      C177EC56 
ARM GAS  C:\Users\Luczia\AppData\Local\Temp\ccW9FKIy.s 			page 50


 614      27348BD3 
 614      1E008A5D 
 614      8AB5
 615 0b8f 9067A3D2 		.ascii	"\220g\243\322.\244\251\364\264\343\310\223\001LH\257"
 615      2EA4A9F4 
 615      B4E3C893 
 615      014C48AF 
 616 0b9f 25253B43 		.ascii	"%%;C\035K\223\354\316\210d\233\303\272\304&Y\"\240\010"
 616      1D4B93EC 
 616      CE88649B 
 616      C3BAC426 
 616      5922A008 
 617 0bb3 7AA70211 		.ascii	"z\247\002\021\364\372\213/\375\366\3457M\177z\363\305"
 617      F4FA8B2F 
 617      FDF6E537 
 617      4D7F7AF3 
 617      C5
 618 0bc4 375F3639 		.ascii	"7_69\265\246_A\300\377\005\375m\211q"
 618      B5A65F41 
 618      C0FF05FD 
 618      6D8971
 619              		.text
 620              		.section	.gnu.lto_.symtab.801d5c8e,"",%progbits
 621 0000 7061636B 		.ascii	"packet_init\000"
 621      65745F69 
 621      6E697400 
 622 000c 00       		.ascii	"\000"
 623 000d 00       		.ascii	"\000"
 624 000e 00       		.ascii	"\000"
 625 000f 00000000 		.ascii	"\000\000\000\000\000\000\000\000"
 625      00000000 
 626 0017 C5000000 		.ascii	"\305\000\000\000"
 627 001b 7061636B 		.ascii	"packet_reset\000"
 627      65745F72 
 627      65736574 
 627      00
 628 0028 00       		.ascii	"\000"
 629 0029 00       		.ascii	"\000"
 630 002a 00       		.ascii	"\000"
 631 002b 00000000 		.ascii	"\000\000\000\000\000\000\000\000"
 631      00000000 
 632 0033 C9000000 		.ascii	"\311\000\000\000"
 633 0037 7061636B 		.ascii	"packet_send_packet\000"
 633      65745F73 
 633      656E645F 
 633      7061636B 
 633      657400
 634 004a 00       		.ascii	"\000"
 635 004b 00       		.ascii	"\000"
 636 004c 00       		.ascii	"\000"
 637 004d 00000000 		.ascii	"\000\000\000\000\000\000\000\000"
 637      00000000 
 638 0055 CF000000 		.ascii	"\317\000\000\000"
 639 0059 7061636B 		.ascii	"packet_timerfunc\000"
 639      65745F74 
 639      696D6572 
 639      66756E63 
ARM GAS  C:\Users\Luczia\AppData\Local\Temp\ccW9FKIy.s 			page 51


 639      00
 640 006a 00       		.ascii	"\000"
 641 006b 00       		.ascii	"\000"
 642 006c 00       		.ascii	"\000"
 643 006d 00000000 		.ascii	"\000\000\000\000\000\000\000\000"
 643      00000000 
 644 0075 D2000000 		.ascii	"\322\000\000\000"
 645 0079 7061636B 		.ascii	"packet_process_byte\000"
 645      65745F70 
 645      726F6365 
 645      73735F62 
 645      79746500 
 646 008d 00       		.ascii	"\000"
 647 008e 00       		.ascii	"\000"
 648 008f 00       		.ascii	"\000"
 649 0090 00000000 		.ascii	"\000\000\000\000\000\000\000\000"
 649      00000000 
 650 0098 E6000000 		.ascii	"\346\000\000\000"
 651 009c 63726331 		.ascii	"crc16\000"
 651      3600
 652 00a2 00       		.ascii	"\000"
 653 00a3 02       		.ascii	"\002"
 654 00a4 00       		.ascii	"\000"
 655 00a5 00000000 		.ascii	"\000\000\000\000\000\000\000\000"
 655      00000000 
 656 00ad 00010000 		.ascii	"\000\001\000\000"
 657              		.text
 658              		.section	.gnu.lto_.opts,"",%progbits
 659 0000 272D666D 		.ascii	"'-fmath-errno' '-fsigned-zeros' '-ftrapping-math' '"
 659      6174682D 
 659      6572726E 
 659      6F272027 
 659      2D667369 
 660 0033 2D666E6F 		.ascii	"-fno-trapv' '-fno-strict-overflow' '-fno-openmp' '-"
 660      2D747261 
 660      70762720 
 660      272D666E 
 660      6F2D7374 
 661 0066 666E6F2D 		.ascii	"fno-openacc' '-mcpu=cortex-m4' '-mthumb' '-O0' '-fo"
 661      6F70656E 
 661      61636327 
 661      20272D6D 
 661      6370753D 
 662 0099 6D69742D 		.ascii	"mit-frame-pointer' '-falign-functions=16' '-ffuncti"
 662      6672616D 
 662      652D706F 
 662      696E7465 
 662      72272027 
 663 00cc 6F6E2D73 		.ascii	"on-sections' '-fdata-sections' '-fno-common' '-flto"
 663      65637469 
 663      6F6E7327 
 663      20272D66 
 663      64617461 
 664 00ff 2700     		.ascii	"'\000"
 665              		.text
 666              		.comm	__gnu_lto_v1,1,1
 667              		.comm	__gnu_lto_slim,1,1
ARM GAS  C:\Users\Luczia\AppData\Local\Temp\ccW9FKIy.s 			page 52


 668              		.ident	"GCC: (GNU Tools for Arm Embedded Processors 7-2017-q4-major) 7.2.1 20170904 (release) [ARM
ARM GAS  C:\Users\Luczia\AppData\Local\Temp\ccW9FKIy.s 			page 53


DEFINED SYMBOLS
                            *ABS*:00000000 packet.c
                            *COM*:00000001 __gnu_lto_v1
                            *COM*:00000001 __gnu_lto_slim

NO UNDEFINED SYMBOLS
