ARM GAS  C:\Users\Luczia\AppData\Local\Temp\cclyXGHL.s 			page 1


   1              		.cpu cortex-m4
   2              		.eabi_attribute 20, 1
   3              		.eabi_attribute 21, 1
   4              		.eabi_attribute 23, 3
   5              		.eabi_attribute 24, 1
   6              		.eabi_attribute 25, 1
   7              		.eabi_attribute 26, 1
   8              		.eabi_attribute 30, 6
   9              		.eabi_attribute 34, 1
  10              		.eabi_attribute 18, 4
  11              		.file	"stm32f4xx_syscfg.c"
  12              		.section	.gnu.lto_.inline.803eed49,"",%progbits
  13 0000 789C6363 		.ascii	"x\234cc``X\302\200\000l\014\014\234R\014\014LL\013\344"
  13      606058C2 
  13      80006C0C 
  13      0C9C520C 
  13      0C4C4C0B 
  14 0015 19581898 		.ascii	"\031X\030\230@B\314<\014 \006\224bd\340\023\0032D>\254"
  14      4042CC3C 
  14      0C200694 
  14      6264E013 
  14      0332443E 
  15 002a 66842960 		.ascii	"f\204)`\342\006\012O\360cb8\305p\033\304\355`\234\260"
  15      E2060A4F 
  15      F0636238 
  15      C5701BC4 
  15      ED609CB0 
  16 003e 8D035D12 		.ascii	"\215\003]\022B13p\011\001\305x6\344\242\311\263\340"
  16      42313370 
  16      0901C578 
  16      36E4A2C9 
  16      B3E0
  17 0050 92606560 		.ascii	"\222`e`\007\272\211\211\353A,L\202\001\000\0226\017"
  17      07BA8989 
  17      EB412C4C 
  17      82010012 
  17      360F
  18 0062 C0       		.ascii	"\300"
  19              		.text
  20              		.section	.gnu.lto_SYSCFG_DeInit.803eed49,"",%progbits
  21 0000 789C6363 		.ascii	"x\234cc```gd`0\000\322\242@\314\300\314\300\310\304"
  21      60606067 
  21      64603000 
  21      D2A240CC 
  21      C0CCC0C8 
  22 0015 00C48C40 		.ascii	"\000\304\214@A\006F\206z&\306z\306\036\346)\314\214"
  22      41064686 
  22      7A26C67A 
  22      C61EE629 
  22      CC8C
  23 0027 87DA9FED 		.ascii	"\207\332\237\355d\322\\\336\000\004\007\246\377`kkh"
  23      64D25CDE 
  23      000407A6 
  23      FF606B6B 
  23      68
  24 0038 9598C3CC 		.ascii	"\225\230\303\314\3000\215\231\001\014\03073j2\000\225"
  24      C0308D99 
ARM GAS  C:\Users\Luczia\AppData\Local\Temp\cclyXGHL.s 			page 2


  24      010C1837 
  24      336A3200 
  24      95
  25 0049 3DDAF86F 		.ascii	"=\332\370o*/\033\013D\234q\013#\033\003\310\240\365"
  25      2A2F1B0B 
  25      449C710B 
  25      231B03C8 
  25      A0F5
  26 005b 97580F34 		.ascii	"\227X\0174\374\373\337\336p\340\235\364\302\205|,\014"
  26      FCFBDFDE 
  26      70E09DF4 
  26      C2857C2C 
  26      0C
  27 006c 0C1D607D 		.ascii	"\014\035`}\235\314@\313\230\3370\266.\370\335\313\002"
  27      9DCC40CB 
  27      98DF30B6 
  27      2EF8DDCB 
  27      02
  28 007d 560D3462 		.ascii	"V\0154b\347\3167\267\331\353\3776p\314af\234\306\014"
  28      E7CE37B7 
  28      D9EBFF36 
  28      70CC6166 
  28      9CC60C
  29 0090 D4CEB895 		.ascii	"\324\316\270\225\261\036$q\373\324\216+\354\335\314"
  29      B11E2471 
  29      FBD48E2B 
  29      ECDDCC
  30 009f 73989918 		.ascii	"s\230\231\030\033\032\030\031\2671\312\000\005\267\266"
  30      1B1A1819 
  30      B731CA00 
  30      05B7B6
  31 00ae 9FD9C805 		.ascii	"\237\331\310\005\022dfdd\334\316(3\207\231\205\001d"
  31      12646664 
  31      64DCCE28 
  31      33879985 
  31      0164
  32 00c0 E05F5EDC 		.ascii	"\340_^\334\346\355\000\232\007\325>\255\365\320yv\210"
  32      E6ED009A 
  32      07D53EAD 
  32      F5D07976 
  32      88
  33 00d1 7606C69D 		.ascii	"v\006\306\235\020\355\357\030\233\026,\356c\004\353"
  33      10EDEF18 
  33      9B162CEE 
  33      6304EB
  34 00e0 07810E90 		.ascii	"\007\201\016\220&\240C\365\202C|\215\215\334L**\342"
  34      26A043F5 
  34      82437C8D 
  34      8DDC4C2A 
  34      2AE2
  35 00f2 834B5202 		.ascii	"\203KR\002R\2132\0132\342]\2122\313R\213\364\213Kr\215"
  35      528B320B 
  35      32E25D8A 
  35      32CB528B 
  35      F48B4B72 
  36 0107 8DD24052 		.ascii	"\215\322@R\305\225\305\311i\351z\311\014\000\335\003"
  36      C595C5C9 
ARM GAS  C:\Users\Luczia\AppData\Local\Temp\cclyXGHL.s 			page 3


  36      69E97AC9 
  36      0C00DD03 
  37 0117 5F1C     		.ascii	"_\034"
  38              		.text
  39              		.section	.gnu.lto_SYSCFG_MemoryRemapConfig.803eed49,"",%progbits
  40 0000 789C5552 		.ascii	"x\234UR\337KTA\024\2363\347\336\271\253iFO>l \202\210"
  40      DF4B5441 
  40      149E33E7 
  40      DEB9AB69 
  40      464F3E6C 
  41 0017 056ADA7F 		.ascii	"\005j\332\177\240\330\223PmP=-\213\355\326>,-\273K\350"
  41      A0D89350 
  41      6D503D2D 
  41      8BEDD63E 
  41      2C2DBB4B 
  42 002c D38E7275 		.ascii	"\323\216ru\263\204\036R\243\345V+\022%\"&e\272f\265"
  42      B3841E52 
  42      A3E5562B 
  42      12252226 
  42      65BA66B5 
  43 0040 AE3FF021 		.ascii	"\256?\360!\261Bz\250\207\242_\250\211TDA\224v\346\336"
  43      B1427AA8 
  43      87A25FA8 
  43      89544441 
  43      9476E6DE 
  44 0054 55EBC2CC 		.ascii	"U\353\302\314=s\316w\316\371\2769#\030c{\220\261\223"
  44      3D73CE77 
  44      CEF9BE39 
  44      2318637B 
  44      90B193
  45 0067 F43F418B 		.ascii	"\364?A\213\3451\340\214\026\027\214IN\021\251\241ck"
  45      E531E08C 
  45      16178C49 
  45      4E11A9A1 
  45      636B
  46 0079 CAD61C5B 		.ascii	"\312\326\034[W\266\356\330\206\262\005\270(\313\260"
  46      57B6EED8 
  46      86B205B8 
  46      28CBB0
  47 0088 77170015 		.ascii	"w\027\000\025\002\026\347\250\351\302pA\034\272\260"
  47      0216E7A8 
  47      E9C27041 
  47      1CBAB0
  48 0097 1B219BF8 		.ascii	"\033!\233\370\224\346\025\267%}\231\253\343F\207l/\266"
  48      94E615B7 
  48      257D99AB 
  48      E346876C 
  48      2FB6
  49 00a9 A8412F32 		.ascii	"\250A/2\373\203{PA\250\304\352\233\271\002<\010Le|^"
  49      FB837B50 
  49      41A8C4EA 
  49      9BB9023C 
  49      084C657C 
  50 00be 9AD7CB6F 		.ascii	"\232\327\313oI\331&3\277M\224\005\026\002\334\007\244"
  50      49D92633 
  50      BF4D9405 
  50      1602DC07 
ARM GAS  C:\Users\Luczia\AppData\Local\Temp\cclyXGHL.s 			page 4


  50      A4
  51 00cf 14A87543 		.ascii	"\024\250uC\265\233\221\203\301(\224+\364\225\341\225"
  51      B59B9183 
  51      C128942B 
  51      F495E195 
  52 00df B55D586F 		.ascii	"\265]Xog.\216&\273\213JS\362-\365\332\270.\2222\313"
  52      672E8E26 
  52      BB8B4A53 
  52      F22DF5DA 
  52      B82E9232 
  53 00f4 2DE4F0C0 		.ascii	"-\344\360\300\316U\315\310\262\273\022\366\335\310F"
  53      CE55CDC8 
  53      B2BB12F6 
  53      DDC846
  54 0103 4FA1D060 		.ascii	"O\241\320`\014J\03520\016\202\3703\240\340s\363\256"
  54      0C4A1D32 
  54      300E82F8 
  54      33A0E073 
  54      F3AE
  55 0115 8597D042 		.ascii	"\205\227\320B\004\215\216_\027\222\357w\253\243\006"
  55      048D8E5F 
  55      1792EF77 
  55      ABA306
  56 0124 25744C0E 		.ascii	"%tL\016-\317\272\360\250\335\262\343C\337\235\274\262"
  56      2DCFBAF0 
  56      A8DDB2E3 
  56      43DF9DBC 
  56      B2
  57 0135 7E5BDEB3 		.ascii	"~[\336\263)>/5\013ux\350\260\235\0007\244\301\355\010"
  57      293E2F35 
  57      0B7578E8 
  57      B09D0037 
  57      A4C1ED08 
  58 0149 9D84B2E1 		.ascii	"\235\204\262\341\027zFnl&df}_\337@Q>\220\022\301i3\220"
  58      177A466E 
  58      6C266466 
  58      7D5FDF40 
  58      513E9012 
  59 0161 365D0325 		.ascii	"6]\003%JW\246P\033c\027l\272\235H\303\301\217`\276\232"
  59      4A57A650 
  59      1B63176C 
  59      BA9D48C3 
  59      C18F60BE 
  60 0176 26558A67 		.ascii	"&U\212g\022\025\255\336\366\354\242\241h\321\325\303"
  60      1215ADDE 
  60      F6ECA2A1 
  60      68D1D5C3 
  61 0186 A35C9F4E 		.ascii	"\243\\\237N\304-\360\014\337\301\216&\236\216\344;X"
  61      C42DF00C 
  61      DFC18E26 
  61      9E8EE43B 
  61      58
  62 0197 80C7DB58 		.ascii	"\200\307\333X-\207\255\333AvZ\327\006sU\021\236l#\365"
  62      2D87ADDB 
  62      41765AD7 
  62      06735511 
  62      9E6C23F5 
ARM GAS  C:\Users\Luczia\AppData\Local\Temp\cclyXGHL.s 			page 5


  63 01ab ADAAEE1D 		.ascii	"\255\252\356\035\350\344\315\256\201\\Q\016\231m(=\020"
  63      E8E4CDAE 
  63      815C510E 
  63      996D283D 
  63      10
  64 01bc 5C85B6EF 		.ascii	"\\\205\266\357.\007)\340\200\333\366\033\377\373u\330"
  64      2E0729E0 
  64      80DBF61B 
  64      FFFB75D8 
  65 01cc EFF8E9F9 		.ascii	"\357\370\351\371\340\032\230%\366\004\250l:\275\366"
  65      E01A9825 
  65      F604A86C 
  65      3ABDF6
  66 01db DA88FF91 		.ascii	"\332\210\377\221.\013]\275\250F2\005q\226Dj\304\231"
  66      2E0B5DBD 
  66      A8463205 
  66      7196446A 
  66      C499
  67 01ed 2AB0BCD2 		.ascii	"*\260\274\322\237\273\0065\254!sz\263H\261\020 \277"
  67      9FBB0635 
  67      AC21737A 
  67      B348B110 
  67      20BF
  68 01ff 9852832C 		.ascii	"\230R\203,1!\330\267\304\200\356\2408\321%Ov\351\"("
  68      3121D8B7 
  68      C480EEA0 
  68      38D1254F 
  68      76E92228 
  69 0213 C7BF5727 		.ascii	"\307\277W'\354)Nf\027\346D\012n\264\322\030S\001\272"
  69      EC294E66 
  69      17E6440A 
  69      6EB4D218 
  69      5301BA
  70 0226 FB3C2A0D 		.ascii	"\373<*\015\323J\021E_\216M\214\025V\015I\263U\226X\230"
  70      D34A1145 
  70      5F8E4D8C 
  70      15560D49 
  70      B3559658 
  71 023b 0F339082 		.ascii	"\0173\220\202\036\347A\315B\025\225g\353\320\226\032"
  71      1EE741CD 
  71      42159567 
  71      EBD0961A 
  72 024b BC6C1757 		.ascii	"\274l\027W\356\037\200$[\374\372YL*\015Nc$\0214\303"
  72      EE1F8024 
  72      5BFCFA59 
  72      4C2A0D4E 
  72      63241134 
  73 0260 4ACFF1C6 		.ascii	"J\317\361\306\332\232\206C\315\315^O\354\364\021\177"
  73      DA9A8643 
  73      CDCD5E4F 
  73      ECF4117F 
  74 0270 24183EEB 		.ascii	"$\030>\353\255\217\004\317\373#U\321X\250\266&\240B"
  74      AD8F04CF 
  74      FB2355D1 
  74      58A8B626 
  74      A042
  75 0282 D1966853 		.ascii	"\321\226hS\340Le\023\333\3539\345\251k8\354m\364\207"
ARM GAS  C:\Users\Luczia\AppData\Local\Temp\cclyXGHL.s 			page 6


  75      E04C6513 
  75      DBEB39E5 
  75      A96B38EC 
  75      6DF487
  76 0295 CE455A8E 		.ascii	"\316EZ\216\371C\276p\201/\032\365Gb\336\260/\342\013"
  76      F943BE70 
  76      812F1AF5 
  76      4762DEB0 
  76      2FE20B
  77 02a8 19C1402C 		.ascii	"\031\301@,\024\256\254\376\0134g\377\217"
  77      14AEACFE 
  77      0B3467FF 
  77      8F
  78              		.text
  79              		.section	.gnu.lto_SYSCFG_EXTILineConfig.803eed49,"",%progbits
  80 0000 789C8556 		.ascii	"x\234\205Vkl\024U\024\2363wwf\337\333\307v\273m\267"
  80      6B6C1455 
  80      149E3377 
  80      7766DFDB 
  80      C776BB6D 
  81 0015 8F94B71A 		.ascii	"\217\224\267\032\260\240\361\207?U\014?\214$\020c\342"
  81      B0A0F187 
  81      3F550C3F 
  81      8C241063 
  81      E2
  82 0026 8F86D482 		.ascii	"\217\206\324\202\375\201\220\266\222\362\253#]Z\212"
  82      FD8190B6 
  82      92F2AB23 
  82      5D5A8A
  83 0035 04A3422B 		.ascii	"\004\243B+\233UZ\024\255R\250\210<\212\200K\013\330"
  83      9B555A14 
  83      AD52A888 
  83      3C8A804B 
  83      0BD8
  84 0047 222D82B5 		.ascii	"\"-\202\265H\021,\224\242<\003\015\341Q\265\365\234"
  84      48112C94 
  84      A23C030D 
  84      E151B5F5 
  84      9C
  85 0058 7B6767DB 		.ascii	"{gg\333\2356n\262g\277\371\356w\317=\367\2343\367\256"
  85      9D366EB2 
  85      67BFF9EE 
  85      77CF3DF7 
  85      9C33F7AE 
  86 006c 2249D243 		.ascii	"\"I\322C\207$\255\302\337U\200&O\002Y\302\257\354\224"
  86      8724ADC2 
  86      DF558026 
  86      4F0259C2 
  86      AFEC94
  87 007f 244D6668 		.ascii	"$Mfh,L`\013a\213\300V\302V\201\025\302\212\300*aU`\033"
  87      2C4C600B 
  87      618BC056 
  87      C2568115 
  87      C28AC02A 
  88 0097 619BC076 		.ascii	"a\233\300v\302v\201\035\204\035\002\273\010;\301\215"
  88      C276811D 
  88      841D02BB 
ARM GAS  C:\Users\Luczia\AppData\Local\Temp\cclyXGHL.s 			page 7


  88      083BC18D 
  89 00a7 2BBAB875 		.ascii	"+\272\270u\313\331\304{\210\367\010\354%\354\0258\211"
  89      CBD9C47B 
  89      88F708EC 
  89      25EC1538 
  89      89
  90 00b8 7092C0C9 		.ascii	"p\222\300\311\204\223\005N!\234\"p*\341T\201}\204}\002"
  90      8493054E 
  90      219C2270 
  90      2AE15481 
  90      7D847D02 
  91 00cc A7114E13 		.ascii	"\247\021N\023\330O\330/p:\341t\201\003\204\003\002g"
  91      D84FD82F 
  91      703AE174 
  91      81038403 
  91      0267
  92 00de 10CE1038 		.ascii	"\020\316\0208\223p\246\300Y\204\263\004\016\022\016"
  92      9370A6C0 
  92      5984B304 
  92      0E120E
  93 00ed 0A9C4338 		.ascii	"\012\234C8\033rq\0279\334\346\002%\024\244J\231Y\254"
  93      1B727117 
  93      39DCE602 
  93      2514A44A 
  93      9959AC
  94 0100 8A6AB33B 		.ascii	"\212j\263;\234.\267\307\233\224\234\222\352K\363\247"
  94      9C2EB7C7 
  94      9B949C92 
  94      EA4BF3A7 
  95 0110 073232B3 		.ascii	"\00722\263\202\3319\271P\011\033\330&\006m5\327Z\345"
  95      82D939B9 
  95      50091BD8 
  95      26066D35 
  95      D75AE5
  96 0123 595F6AF8 		.ascii	"Y_j\370\211\326\017\253\325\332\332@\004\363_\207_\372"
  96      89D60FAB 
  96      D5DADA40 
  96      04F35F87 
  96      5FFA
  97 0135 C01E9885 		.ascii	"\300\036\230\205\252\033{.\326YY\001H\210\037u4\337"
  97      AA1B7B2E 
  97      D6595901 
  97      48881F75 
  97      34DF
  98 0147 B6CED8AE 		.ascii	"\266\316\330\256ik\264\350\325\020\323\\\021\006\360"
  98      696BB4E8 
  98      D510D35C 
  98      1106F0
  99 0156 1D309C02 		.ascii	"\0350\234\002\363\202\360tPBB\202\2750\003\305W\206"
  99      F382F074 
  99      50424282 
  99      BD3003C5 
  99      5786
 100 0168 1B3F54D9 		.ascii	"\033?T\331|>\261g]\370\204C\237\330\023\370X\213\002"
 100      7C3EB167 
 100      5DF88443 
 100      9FD813F8 
ARM GAS  C:\Users\Luczia\AppData\Local\Temp\cclyXGHL.s 			page 8


 100      588B02
 101 017b CDDC679A 		.ascii	"\315\334g\232\271\037f\220\374\243\226\353\267\234\354"
 101      B91F6690 
 101      FCA396EB 
 101      B79CEC
 102 018a 353EF5F4 		.ascii	"5>\365\364\336\360&o~\203\326\217Q\216|\242\204\265"
 102      DEF0266F 
 102      7E83D68F 
 102      518E7CA2 
 102      84B5
 103 019c 3639C264 		.ascii	"69\302d8\300\347R\230\210x\274\250=\023\372&\302\336"
 103      38C0E752 
 103      988878BC 
 103      A83D13FA 
 103      26C2DE
 104 01af 6311C6C0 		.ascii	"c\021\306\300\202\217\367\272\302\003\036z\264@\036"
 104      828FF7BA 
 104      C2031E7A 
 104      B4401E
 105 01be EDA4EFC2 		.ascii	"\355\244\357\302>'+\342^\373\377\354nqN\373\214\007"
 105      3E272BE2 
 105      5EFBFFEC 
 105      6E714EFB 
 105      8C07
 106 01d0 34B235D0 		.ascii	"4\2625\320X\245uh\226\010\263\302!\021\323\367\020\204"
 106      58A57568 
 106      9608B3C2 
 106      2111D3F7 
 106      1084
 107 01e2 83108C39 		.ascii	"\203\020\2149\276\262{d\263[\261\300a\230\006\255\220"
 107      BEB27B64 
 107      B35BB1C0 
 107      619806AD 
 107      90
 108 01f3 2F720447 		.ascii	"/r\004G@\301lK\224\313}\015\275_\273\3302\356{0r\275"
 108      40C16C4B 
 108      94CB7D0D 
 108      BD5FBBD8 
 108      32EE7B30 
 109 0209 C34DBE31 		.ascii	"\303M\2761\342\336&%\334\024\015\345E\230\002?\230]"
 109      E2DE2625 
 109      DC140DE5 
 109      4598023F 
 109      985D
 110 021b 4314A6E1 		.ascii	"C\024\246\341\214\372\307\237\327{\330\012>\273s\360"
 110      8CFAC79F 
 110      D77BD80A 
 110      3EBB73F0 
 111 022b CE01459F 		.ascii	"\316\001E\237\3357\323\230|t\202\311m\030\015F\324r"
 111      DD37D398 
 111      7C7482C9 
 111      6D180D46 
 111      D472
 112 023d D61AD546 		.ascii	"\326\032\325FFk\264\350\203\334\306\313\276Y\200\271"
 112      466BB4E8 
 112      83DCC6CB 
 112      BE5980B9 
ARM GAS  C:\Users\Luczia\AppData\Local\Temp\cclyXGHL.s 			page 9


 113 024d 5464328C 		.ascii	"Td2\214\214\005\215jEcS\350QEc\267\221\261\323\200\203"
 113      8C058D6A 
 113      456353E8 
 113      514563B7 
 113      91B1D380 
 114 0262 069C34E0 		.ascii	"\006\2344\340\"\316M\234\2078/qI\304%\223I\241\307T"
 114      22CE4D9C 
 114      87382F71 
 114      49C42593 
 114      49A1C754 
 115 0276 323E3269 		.ascii	"2>2i\304\371I\234N\342\000q\031\304e\022\312\"\023\224"
 115      C4F9499C 
 115      4EE20071 
 115      19C46512 
 115      CA221394 
 116 028a 28B86CA0 		.ascii	"(\270l\240v\310!\"\227L>P\221\247\020\234Jf:WI\322:"
 116      76C82122 
 116      974C3E50 
 116      91A7109C 
 116      4A663A57 
 117 02a1 5EC45A86 		.ascii	"^\304Z\206g\001\273\001k\356\3775Z\245R\202\303,\210"
 117      6701BB01 
 117      6BEEFF35 
 117      5AA55282 
 117      C32C88
 118 02b4 49A95BDB 		.ascii	"I\251[\333vZ\245JZ\261I\332q\377\203\020\352k\307\344"
 118      765AA54A 
 118      5AB149DA 
 118      71FF8310 
 118      EA6BC7E4 
 119 02c8 0A49F658 		.ascii	"\012I\366X\011\276\004pLOQ-C\267\214\213\217\311q\355"
 119      09BE0470 
 119      4C4F512D 
 119      43B78C8B 
 119      8FC971ED 
 120 02dc DE9A53BB 		.ascii	"\336\232S\273\035B\013p\334\320Zt\355\013q\345\241\255"
 120      1D420B70 
 120      DCD05A74 
 120      ED0B71E5 
 120      A1AD
 121 02ee 1BBED295 		.ascii	"\033\276\322\2252\2340\224V\263\2626\262e\207\276>\203"
 121      329C3094 
 121      56B3B236 
 121      B26587BE 
 121      3E83
 122 0300 1F0DA562 		.ascii	"\037\015\245bV\036\355\377\366\236S(-\320a(U\263r\344"
 122      561EEDFF 
 122      F69E5328 
 122      2DD06128 
 122      55B372E4 
 123 0314 E6E59B6E 		.ascii	"\346\345\233n\241\264B\247\241\264\231\225\203M\355"
 123      A1B442A7 
 123      A1B49995 
 123      834DED
 124 0323 037A9C0A 		.ascii	"\003z\234\012\2344\224v\263\262\363d}\223K(U\370\311"
 124      9C349476 
 124      B3B2F364 
ARM GAS  C:\Users\Luczia\AppData\Local\Temp\cclyXGHL.s 			page 10


 124      7D934B28 
 124      55F8C9
 125 0336 503A6279 		.ascii	"P:by\012\306\245\353\207\317m\264\011\251\015N\031R"
 125      0AC6A5EB 
 125      87CF6DB4 
 125      09A90D4E 
 125      1952
 126 0348 A75E229B 		.ascii	"\247^\"\233P\346\302\223A\316\273\306\3639\360\204\340"
 126      50E6C293 
 126      41CEBBC6 
 126      F339F084 
 126      E0
 127 0359 F19865B7 		.ascii	"\361\230e\267 \224\307\337\027t\333\332z\353\202Z\371"
 127      2094C7DF 
 127      1774DBDA 
 127      7AEB825A 
 127      F9
 128 036a AF668B30 		.ascii	"\257f\2130G\035\276\365\022tA\245\024f\231\370^\213"
 128      471DBEF5 
 128      127441A5 
 128      146699F8 
 128      5E8B
 129 037c C2F6CD14 		.ascii	"\302\366\315\024.\362c\205|\000\231\270\220\363\344"
 129      2EF26385 
 129      7C0099B8 
 129      90F3E4
 130 038b 3640BF2E 		.ascii	"6@\277.\031\235zb\361^jZ\030\023\307+\351\035\277\357"
 130      199D7A62 
 130      F15E6A5A 
 130      1813C72B 
 130      E91DBFEF 
 131 039f FC31A54B 		.ascii	"\3741\245KJ\034\212\327*9q(^\234\224\304\241x5R\023"
 131      4A1C8AD7 
 131      2A397128 
 131      5E9C94C4 
 131      A1783552 
 132 03b4 87E2E9F7 		.ascii	"\207\342\351\367%\016\305\363\235\2268\024\317\257?"
 132      250EC5F3 
 132      9D963814 
 132      CFAF3F
 133 03c3 61889ABB 		.ascii	"a\210\232\273\353\203\203\212\250\204\035\272\015e\272"
 133      EB83838A 
 133      A8841DBA 
 133      0D65BA
 134 03d2 59D9D5D8 		.ascii	"Y\331\325\330\334\255+\035p\332P\006\314\312\277\037"
 134      DCAD2B1D 
 134      70DA5006 
 134      CCCABF1F 
 135 03e2 751FD61B 		.ascii	"u\037\326\033\326\011?\033\312\014\263\262\252\375\374"
 135      D6093F1B 
 135      CA0CB3B2 
 135      AAFDFC
 136 03f1 6EBD0F5C 		.ascii	"n\275\017\\p\306Pf\232\225w[\2677\311B\351\206\263\206"
 136      70C65066 
 136      9A95775B 
 136      B737C942 
 136      E986B386 
ARM GAS  C:\Users\Luczia\AppData\Local\Temp\cclyXGHL.s 			page 11


 137 0405 32CBACBC 		.ascii	"2\313\254\274\335\273\243\231\011\245\007~1\224\301"
 137      DDBBA399 
 137      09A5077E 
 137      3194C1
 138 0414 84362469 		.ascii	"\2046$i\363\027\367\242^!\365B\217!\315\036\337nScm"
 138      F317F7A2 
 138      5E21F542 
 138      8F21CD1E 
 138      DF6E5363 
 139 0429 98339E9F 		.ascii	"\2303\236\237\022k\303\334\377m\303_y\033fQ\033\242"
 139      126BC3DC 
 139      FF6DC35F 
 139      791B6651 
 139      1BA2
 140 043b 83A19A8B 		.ascii	"\203\241\232\213g\0160\341\004\333.\037\271\252\177"
 140      670E30E1 
 140      04DB2E1F 
 140      B9AA7F
 141 044a AA411032 		.ascii	"\252A\0202r\360T\220\270pu\253]\220\014\371\261\267"
 141      72F05490 
 141      B87075AB 
 141      5D900CF9 
 141      B1B7
 142 045c 9082EF77 		.ascii	"\220\202\357w/p\321\335\352\325B3\035\005\273\206\356"
 142      2F70D1DD 
 142      EAD54233 
 142      1D05BB86 
 142      EE
 143 046d EFE235B2 		.ascii	"\357\3425\262\343\206\316A\020gJ\374\314\3338\350\027"
 143      E386CE41 
 143      10674AFC 
 143      CCDB38E8 
 143      17
 144 047e 2ABABD76 		.ascii	"*\272\275v\206\332G\371\266U\320\356\2064\013\374&\\"
 144      86DA47F9 
 144      B655D0EE 
 144      86340BFC 
 144      265C
 145 0490 0DC562B0 		.ascii	"\015\305b\260\212\364\034\037}(\322\243\340\021u\236"
 145      8AF41C1F 
 145      7D28D2A3 
 145      E011759E 
 146 04a0 6B30765D 		.ascii	"k0v]C2$\332\216\350!\252cOJ\225_8\207\332\272N(\015"
 146      433224DA 
 146      8EE821AA 
 146      634F4A95 
 146      5F3887DA 
 147 04b8 F0E9BB78 		.ascii	"\360\351\273x\343\340U\343\304\325\241\217\262\214c"
 147      E3E055E3 
 147      C4D5A18F 
 147      B28C63
 148 04c7 BDFB0FEE 		.ascii	"\275\373\017\356w\317\331\251\205\360\276v\301\005h"
 148      77CFD9A9 
 148      85F0BE76 
 148      C10568
 149 04d6 80CD4CBF 		.ascii	"\200\315L\277\022\037\337\337\276\331R\320\302\207\334"
 149      121FDFDF 
ARM GAS  C:\Users\Luczia\AppData\Local\Temp\cclyXGHL.s 			page 12


 149      BED952D0 
 149      C287DC
 150 04e5 F03BCC09 		.ascii	"\360;\314\011\323Y\207Y\274\010\005\024\302H\365u\247"
 150      D3598759 
 150      BC080514 
 150      C248F575 
 150      A7
 151 04f6 58D386BB 		.ascii	"X\323\206\273\346\373\353xC\020v\323V\034\364\006$\306"
 151      E6FBEB78 
 151      431076D3 
 151      561CF406 
 151      24C6
 152 0508 8E9138C6 		.ascii	"\216\2218\306%\335\205\361\243;\332O\317z\316M\030\276"
 152      25DD85F1 
 152      A33BDA4F 
 152      CF7ACE4D 
 152      18BE
 153 051a 7D92F02F 		.ascii	"}\222\360/M\036\376\037\024\276\223\207\337\017\005"
 153      4D1EFE1F 
 153      14BE9387 
 153      DF0F05
 154 0529 B8128FB7 		.ascii	"\270\022\217\267\351}\253X\330m\012\3303Q\300^\344\307"
 154      E97DAB58 
 154      D86D0AD8 
 154      3351C05E 
 154      E4C7
 155 053b 263B69C2 		.ascii	"&;i\302\360\334\223\204wy\362\360\256Px^\036\336\200"
 155      F0DC9384 
 155      7779F2F0 
 155      AE50785E 
 155      1EDE80
 156 054e C8EE504D 		.ascii	"\310\356PM\255[,\222\214g\265`:\237\027LJb\263\246\""
 156      AD5B2C92 
 156      8C67B560 
 156      3A9F174C 
 156      4A62B3A6 
 157 0563 6734EB96 		.ascii	"g4\353\226\347\004\351C>\336\235\265\317\0126\215;\364"
 157      E704E943 
 157      3EDE9DB5 
 157      CF0A368D 
 157      3BF4
 158 0575 8D2B97DF 		.ascii	"\215+\227\337\264\373\364\211v\037@\236T\217b\252\014"
 158      B4FBF489 
 158      761F409E 
 158      548F62AA 
 158      0C
 159 0586 CC007AFC 		.ascii	"\314\000z\374\277r\371'\311\307\325\311\3631H\371\010"
 159      BF72F927 
 159      C9C7D5C9 
 159      F33148F9 
 159      08
 160 0597 F07C5CA3 		.ascii	"\360|\\\243reHw`M\303\300&\276\210\270/\262\360D\310"
 160      72654877 
 160      604DC3C0 
 160      26BE88B8 
 160      2FB2F044 
 161 05ac 1EDE8631 		.ascii	"\036\336\2061L\311\221\361\337\005\276\337\370\327b"
ARM GAS  C:\Users\Luczia\AppData\Local\Temp\cclyXGHL.s 			page 13


 161      4CC991F1 
 161      DF05BEDF 
 161      F8D762
 162 05bb F6A2C5AF 		.ascii	"\366\242\305\257\314\233;\377\231\212\212\302E\345o"
 162      CC9B3BFF 
 162      998A8AC2 
 162      45E56F
 163 05ca 2E2C2E2D 		.ascii	".,.-Y\371V\341\213\245%\253\212K\347\224\225/\2377w"
 163      59F956E1 
 163      8BA525AB 
 163      8A4BE794 
 163      952F9F37 
 164 05df 290D95AD 		.ascii	")\015\225\255.+Z\272lv\221\344{\351\365\305\013\012"
 164      2E2B5ABA 
 164      6C7691E4 
 164      7BE9F5C5 
 164      0B0A
 165 05f1 17AE282D 		.ascii	"\027\256(-_\264\342\235\322\242\342\227\027.x\265\302"
 165      5FB4E29D 
 165      D2A2E297 
 165      172E78B5 
 165      C2
 166 0602 2BC892B7 		.ascii	"+\310\222\267\005W\341ZRVV\\Z^\270rI\351\222\345\254"
 166      0557E15A 
 166      5256565C 
 166      5A5EB872 
 166      49E992E5 
 167 0617 7CF94AB5 		.ascii	"|\371J\265d)\332\331\005\372\357\334\377\000?\202K\327"
 167      6429DAD9 
 167      05FAEFDC 
 167      FF003F82 
 167      4BD7
 168              		.text
 169              		.section	.gnu.lto_SYSCFG_ETH_MediaInterfaceConfig.803eed49,"",%progbits
 170 0000 789C5551 		.ascii	"x\234UQQHSQ\030>\337\375\357\275\263\231\366\024$\354"
 170      51485351 
 170      183EDFFD 
 170      EFBDB399 
 170      F61424EC 
 171 0014 4124110D 		.ascii	"A$\021\015\214\264\327\236,+B\010\346C\3652\206n\265"
 171      8CB4D79E 
 171      2C2B4208 
 171      E643F532 
 171      866EB5
 172 0027 0743B611 		.ascii	"\007C\266\021\366\264;\231-\253\227H\027\\n\261\010"
 172      F6B43B99 
 172      2DAB9748 
 172      175C6EB1 
 172      08
 173 0038 490A3231 		.ascii	"I\01221\253U\346\355FA\224I\321SE\305\242E\"E \321C"
 173      AB55E6ED 
 173      46419449 
 173      D15345C5 
 173      A2452245 
 174 004f 69FF3937 		.ascii	"i\37797*\017\354\277\377\371\317w\276}\337wL!D^\023"
 174      2A0FECBF 
 174      FFF9CF77 
ARM GAS  C:\Users\Luczia\AppData\Local\Temp\cclyXGHL.s 			page 14


 174      BE7DDF77 
 174      4C21445E 
 175 0064 22C2DF6D 		.ascii	"\"\302\337m\374\023\001\001\336B\323t!,\215\270\350"
 175      FC130101 
 175      DE42D374 
 175      212C8DB8 
 175      E8
 176 0075 E4F786EC 		.ascii	"\344\367\206\354u\230|j\250j\002|\001\"\243\221n\230"
 176      75987C6A 
 176      A86A027C 
 176      0122A391 
 176      6E98
 177 0087 C8E0148D 		.ascii	"\310\340\024\215\020\274|\245\2445_\262x\271g_\006\217"
 177      10BC7CA5 
 177      A4355FB2 
 177      78B9675F 
 177      068F
 178 0099 59431B1C 		.ascii	"YC\033\034\246)\220P\013Shf\324\363\3345\207N\222C\200"
 178      A6299050 
 178      0B536866 
 178      D4F3DC35 
 178      874E9243 
 179 00ae CEDB6F73 		.ascii	"\316\333os\366\207Z\271\325P\317\333\212W~RK[ \270_"
 179      F6875AB9 
 179      D550CFDB 
 179      8A577E52 
 179      4B5B20B8 
 180 00c3 3931F9C9 		.ascii	"91\371\311l\032\263\254A\313\3759F\326F\207\0107@L\210"
 180      6C1AB3AC 
 180      41CBFD39 
 180      46D64687 
 180      0837404C 
 181 00d8 6984701D 		.ascii	"i\204p\035!\301#\201\233h\222\3703\023\237\027\253i"
 181      21C12381 
 181      9B6892F8 
 181      33139F17 
 181      AB69
 182 00ea 8FBA3B3F 		.ascii	"\217\272;?m\217\254k(Z\357Y\313\3629\323\266<\315!\035"
 182      6D8FAC6B 
 182      285AEF59 
 182      CBF239D3 
 182      B63CCD21 
 183 00ff B7D46D29 		.ascii	"\267\324m)\206;\245\212\261\345\311\345\321\032SG\011"
 183      863BA58A 
 183      B1E5C9E5 
 183      D11A5347 
 183      09
 184 0110 0DBE58DC 		.ascii	"\015\276X\334f\227\354\020|\2704\367\260\022\244}\212"
 184      6697EC10 
 184      7CB834F7 
 184      B012A47D 
 184      8A
 185 0121 F4EBA367 		.ascii	"\364\353\243g\371\352\306\213\312`\271\305\036ws\365"
 185      F9EAC68B 
 185      CA60B9C5 
 185      1E7773F5 
 186 0131 0E19B8B3 		.ascii	"\016\031\270\263Z\222\242\277\213\306\211\027\206k-"
ARM GAS  C:\Users\Luczia\AppData\Local\Temp\cclyXGHL.s 			page 15


 186      5A92A2BF 
 186      8BC68917 
 186      866B2D
 187 0140 AFE42DF7 		.ascii	"\257\344-\367m\313\205\231\365k\300bM\215\213\301\326"
 187      6DCB8599 
 187      F56BC062 
 187      4D8D8BC1 
 187      D6
 188 0151 59B22E5B 		.ascii	"Y\262.[C\026!\216+1\303\304\017@\037\221{\365\240r\331"
 188      4316218E 
 188      2B31C3C4 
 188      0F401F91 
 188      7BF5A072 
 189 0166 942A6C92 		.ascii	"\224*l\222\301\026\206\274\371\200\314\210 0\363\347"
 189      C11686BC 
 189      F980CC88 
 189      2030F3E7 
 190 0176 2F86D9B9 		.ascii	"/\206\331\271\017\356\370\207\234\316?\235\014\372H"
 190      0FEEF887 
 190      9CCE3F9D 
 190      0CFA48
 191 0185 E0DE5F24 		.ascii	"\340\336_$\277\"-`p\251\312G\032\330\024Rsc\365\\G\213"
 191      BF222D60 
 191      70A9CA47 
 191      1AD81452 
 191      7363F55C 
 192 019b 3FE737A6 		.ascii	"?\3477\246E\344\352U\020L[*-\276\016d~YU\016\005\012"
 192      45E4EA55 
 192      104C5B2A 
 192      2DBE0E64 
 192      7E59550E 
 193 01b1 24939945 		.ascii	"$\223\231EF\330$3\025\222`\374\252\341S\310\310~x\345"
 193      46D82433 
 193      159260FC 
 193      AAE153C8 
 193      C87E78E5 
 194 01c5 D91A29C2 		.ascii	"\331\032)\302\304\233\254sZ\207\313B\026\340\331\217"
 194      C49BAC73 
 194      5A87CB42 
 194      16E0D98F 
 195 01d5 0F48D0FF 		.ascii	"\017H\320\377\206L\225\353\224\373\256\020,\342|6\227"
 195      864C95EB 
 195      94FBAE10 
 195      2CE27C36 
 195      97
 196 01e6 B58AB50E 		.ascii	"\265\212\265\016U1\017\356K\365\360P\004[\023_0X\234"
 196      55310FEE 
 196      4BF5F050 
 196      045B135F 
 196      30589C
 197 01f9 1D8512C4 		.ascii	"\035\205\022\304\353;4\266\241\333W\352X\265\241q~,"
 197      EB3B34B6 
 197      A1DB57EA 
 197      58B5A171 
 197      7E2C
 198 020b 8AC36B0D 		.ascii	"\212\303k\015ww\265\267un\035\030\210\204\323\275{c"
 198      7777B5B7 
ARM GAS  C:\Users\Luczia\AppData\Local\Temp\cclyXGHL.s 			page 16


 198      756E1D18 
 198      8884D3BD 
 198      7B63
 199 021d C944FFA1 		.ascii	"\311D\377\241\310\366d\342H,\2719\225\356ko\213\313"
 199      C8F664E2 
 199      482CB939 
 199      95EE6B6F 
 199      8BCB
 200 022f A3D4D154 		.ascii	"\243\324\321TO\374`k\217\250\013\357\017wt\356\214\354"
 200      4FFC606B 
 200      8FA80BEF 
 200      0F7774EE 
 200      8CEC
 201 0241 E8DE15E9 		.ascii	"\350\336\025\351\212\365&\242\273\017\247c\311x\264"
 201      8AF526A2 
 201      BB0FA763 
 201      C978B4
 202 0250 27B6369A 		.ascii	"'\2666\232J\305\222\351H\1774\031\355\013$\342\351\276"
 202      4AC592E9 
 202      487F3419 
 202      ED0B24E2 
 202      E9BE
 203 0262 FED6F6DF 		.ascii	"\376\326\366\337\241\342\335\220"
 203      A1E2DD90 
 204              		.text
 205              		.section	.gnu.lto_SYSCFG_CompensationCellCmd.803eed49,"",%progbits
 206 0000 789C5551 		.ascii	"x\234UQKhSQ\020\275\347\315\373\244_w\242\220E)\224"
 206      4B685351 
 206      10BDE7CD 
 206      FBA45F77 
 206      A2904529 
 207 0015 522D519B 		.ascii	"R-Q\233\256\004W\212\256,B\335\227PS\355\242P\222\240"
 207      AE04578A 
 207      AE2C42DD 
 207      975053ED 
 207      A25092A0 
 208 0029 ED2AB721 		.ascii	"\355*\267!m\022\255\202X#\204W\215\250\330\205RK\215"
 208      6D12AD82 
 208      58238457 
 208      8DA8D885 
 208      524B8D
 209 003c 9AFA7BC6 		.ascii	"\232\372{\306ml\255\037\220v\241(\251T\212`\221.\004"
 209      6D6CAD1F 
 209      9076A128 
 209      A9548A60 
 209      912E04
 210 004f A373DF2B 		.ascii	"\243s\337+~.\274y3s\317\314\2343\327\024BLjBt\361\177"
 210      7E2EBC79 
 210      3373CFCC 
 210      9C33D714 
 210      424C6A42 
 211 0066 1F7FC212 		.ascii	"\037\177\302\022\340\020\232\246\013!5b\243\223\347"
 211      E0109AA6 
 211      0B213562 
 211      A393E7
 212 0075 1BCAD761 		.ascii	"\033\312\327a\362\255\341Z\023\340\002\210\270F\272"
 212      F2ADE15A 
ARM GAS  C:\Users\Luczia\AppData\Local\Temp\cclyXGHL.s 			page 17


 212      13E00288 
 212      B846BA
 213 0084 61228E71 		.ascii	"a\"\216q\232 \224R+E\255\355\246\344\343\\\312\326\215"
 213      9A209452 
 213      2B45ADED 
 213      A6E4E35C 
 213      CAD68D
 214 0097 C9D16D36 		.ascii	"\311\321m6\267\311\222p\017f\321\306\250\361\312\362"
 214      B7C99270 
 214      0F66D1C6 
 214      A8F1CAF2 
 215 00a7 158BF640 		.ascii	"\025\213\366@\260\237>7\267^\323zC\312\204t\312c$\353"
 215      B09F3E37 
 215      B75ED37A 
 215      43CA8474 
 215      CA6324EB 
 216 00bb 6D02EE82 		.ascii	"m\002\356\202\270\004A?v\373\005'\004\012hU\350\013"
 216      B804413F 
 216      76FB0527 
 216      040A6855 
 216      E80B
 217 00cd D3AB6B75 		.ascii	"\323\253ku\264\327\255\\(\344&\2664\347\345\007\236"
 217      B4D7AD5C 
 217      28E426B6 
 217      34E7E507 
 217      9E
 218 00de 559D3473 		.ascii	"U\2354s\262\244\331\244\341\236[\253\206\261\347Ne\354"
 218      B2A4D9A4 
 218      E19E5BAB 
 218      86B1E74E 
 218      65EC
 219 00f0 C799EAC5 		.ascii	"\307\231\352\305\006S\307}4{d\360\200U\260\002\360\345"
 219      0653C77D 
 219      347B64F0 
 219      8055B002 
 219      F0E5
 220 0102 62F28E4D 		.ascii	"b\362\216Mg\310&\202\316\341\267\027\271O\215*\324\321"
 220      67C82682 
 220      CEE1B717 
 220      B94F8D2A 
 220      D4D1
 221 0114 C4E1F5B3 		.ascii	"\304\341\365\263\345\333\240C\356\310\371\304\217E\253"
 221      E5DBA043 
 221      EEC8F9C4 
 221      8F45AB
 222 0123 E59A2B6F 		.ascii	"\345\232+o\275=7\345$\233l2\360\320\243;\007?\212\360"
 222      BD3D37E5 
 222      249B6C32 
 222      F0D0A33B 
 222      073F8AF0 
 223 0137 7B4A1FA1 		.ascii	"{J\037\241e\372\225\341\310\352\257\224tV\332\257V\266"
 223      65FA95E1 
 223      C8EAAF94 
 223      7456DAAF 
 223      56B6
 224 0149 D682A598 		.ascii	"\326\202\245\230\032\033\213\330\030:\224*C\271\246"
 224      1A1B8BD8 
ARM GAS  C:\Users\Luczia\AppData\Local\Temp\cclyXGHL.s 			page 18


 224      183A942A 
 224      43B9A6
 225 0158 3242A45D 		.ascii	"2B\244]\276\031\3427\240\012\222K\3177n\231\212h\216"
 225      BE19E237 
 225      A00A924B 
 225      CF376E99 
 225      8A688E
 226 016b 14AFEC68 		.ascii	"\024\257\354hi\301R\274x\363x\2749'C\264\011\336\377"
 226      69C152BC 
 226      78F378BC 
 226      392743B4 
 226      09DEFF
 227 017e 17594895 		.ascii	"\027YH\225gj=$\360\344\017\222\037\222\276 \361\335"
 227      676A3D24 
 227      F0E40F92 
 227      1F92BE20 
 227      F1DD
 228 0190 E7214DEC 		.ascii	"\347!M\354\364\273y\343\377\274\201\035^\236\237\231"
 228      F4BB79E3 
 228      FFBC811D 
 228      5E9E9F99 
 229 01a0 D6906C72 		.ascii	"\326\220lrw\305m\213\305\265e+\376S\372l\362eI-\357"
 229      77C56D8B 
 229      C5B5652B 
 229      FE53FA6C 
 229      F265492D 
 230 01b5 29E22247 		.ascii	")\342\"G<H\023\252\301\324;\303k\241\266:\377\366\345"
 230      3C4813AA 
 230      C1D43BC3 
 230      6BA1B63A 
 230      FFF6E5
 231 01c8 EB0645C2 		.ascii	"\353\006E\302\204L\333\347u8L\204Q\353\251L\235\207"
 231      844CDBE7 
 231      75384C84 
 231      51EBA94C 
 231      9D87
 232 01da D2982D67 		.ascii	"\322\230-gJoN\257\326\250\314\277\032Mw\337\263\316"
 232      4A6F4EAF 
 232      D6A8CCBF 
 232      1A4D77DF 
 232      B3CE
 233 01ec FB6C6D1E 		.ascii	"\373lm\036\227G\222#2\337hS\015\267\3063%\010%\344\301"
 233      97479223 
 233      32DF6853 
 233      0DB7C633 
 233      250825E4 
 234 0201 2DC45724 		.ascii	"-\304W$\362\237\263p9\362\331\000\2612}iv;\01314^)\363"
 234      F29FB370 
 234      39F2D900 
 234      B1327D69 
 234      763B0B31 
 235 0219 E47D06BA 		.ascii	"\344}\006\272\217\036\016v\034\354\034\032\352\351\216"
 235      8F1E0E76 
 235      1CEC1C1A 
 235      EAE98E
 236 0228 1D3B128E 		.ascii	"\035;\022\216\364\017\236\3509\020\351?\031\216\354"
 236      F40F9EE8 
ARM GAS  C:\Users\Luczia\AppData\Local\Temp\cclyXGHL.s 			page 19


 236      3910E93F 
 236      198EEC
 237 0237 8AC60682 		.ascii	"\212\306\006\202\035}\352*:\034\355\355;\036\350\025"
 237      1D7DEA2A 
 237      3A1CEDED 
 237      3B1EE815 
 238 0247 BEAEF0A9 		.ascii	"\276\256\360\251\356X(\026\256\017E\243\341H\254g0\024"
 238      EE582816 
 238      AE0F45A3 
 238      E148AC67 
 238      3014
 239 0259 090D58FD 		.ascii	"\011\015X\375}\261\201\301@\347o\374'\333\247"
 239      7DB181C1 
 239      40E76FFC 
 239      27DBA7
 240              		.text
 241              		.section	.gnu.lto_SYSCFG_GetCompensationCellStatus.803eed49,"",%progbits
 242 0000 789C5592 		.ascii	"x\234U\222Kh\023Q\024\206\317?w\036I$\270\021\004\311"
 242      4B681351 
 242      1486CF3F 
 242      771E4924 
 242      B81104C9 
 243 0014 C24D16DD 		.ascii	"\302M\026\335$\332\024\004\327\342N\020\352\276hm5\013"
 243      24DA1404 
 243      D7E24E10 
 243      EABE686D 
 243      350B
 244 0026 41922875 		.ascii	"A\222(u\325\233G\215Qq!&\221:H\304E\273ic\26156\251"
 244      D59B478D 
 244      51712126 
 244      913A48C4 
 244      45BB6963 
 245 003e 6D48A90B 		.ascii	"mH\251\013\251ZD*\350N\250\244\245\204\342\013*\245"
 245      A95A442A 
 245      E84EA8A4 
 245      A584E20B 
 245      2AA5
 246 0050 F5DC9911 		.ascii	"\365\334\231\021\352b\376y\234\357\374\3471\327$\242"
 246      EA62FE79 
 246      9CEFFCE7 
 246      31D724A2 
 247 0060 BC467492 		.ascii	"\274Ft\222\357'\370\"\213\300\257\3204A$5\235E\0270"
 247      EF27F822 
 247      8BC0AFD0 
 247      34412435 
 247      9D451730 
 248 0074 F88BEEA8 		.ascii	"\370\213\356\250\001\223\325\004\030\005\015kB7L\014"
 248      0193D504 
 248      18050D6B 
 248      42374C0C 
 249 0084 E3AE7820 		.ascii	"\343\256x P,4>\005\273\306\244\314\310fy\345\200\375"
 249      502C343E 
 249      05BBC6A4 
 249      CCC86679 
 249      E580FD
 250 0097 6C450A9B 		.ascii	"lE\012\233mJ\202\020\013\341XH\345<G\0271\373\375v\266"
 250      6D4A8210 
ARM GAS  C:\Users\Luczia\AppData\Local\Temp\cclyXGHL.s 			page 20


 250      0BE15848 
 250      E53C4717 
 250      31FBFD76 
 251 00ac E313C7A1 		.ascii	"\343\023\307\241\236\227\307>\336\263\302O\235\274\325"
 251      9E97C73E 
 251      DEB3C24F 
 251      9DBCD5
 252 00bb C9503A2B 		.ascii	"\311P:+\037J\235\0231\015\261?\227\024\374uj\267\030"
 252      1F4A9D13 
 252      310DB13F 
 252      9714FC75 
 252      6AB718
 253 00ce 3475CC20 		.ascii	"4u\314 \254\214\331\361\005\267\304\355h\034\234n=j"
 253      AC8CD9F1 
 253      05B7C4ED 
 253      681C9C6E 
 253      3D6A
 254 00e0 98CAE9BE 		.ascii	"\230\312\351\276l~\253\036JgG\\'\372\337\0065\204\225"
 254      6C7EAB1E 
 254      4A67475C 
 254      27FADF06 
 254      358495
 255 00f3 41F583D1 		.ascii	"A\365\203\321\224\273{y\331|\027y\362\353p\000d\013"
 255      94BB7B79 
 255      D97C1779 
 255      F2EB7000 
 255      640B
 256 0105 9EDE163C 		.ascii	"\236\336\026<<\213N\0122\034\265\034\3659\352'eI\267"
 256      3C8B4E0A 
 256      321CB51C 
 256      F539EA27 
 256      6549B7
 257 0118 945041F0 		.ascii	"\224PA\360\272\304\0062?\333\033K\226jfT\030\334Ji\244"
 257      BAC40632 
 257      3FDB1B4B 
 257      966A6654 
 257      18DC4A69 
 258 012d F5DEBAA3 		.ascii	"\365\336\272\243\346\007\341%B\244\220\361M\303%\300"
 258      E607E125 
 258      42A490F1 
 258      4DC325C0 
 259 013d C4446E71 		.ascii	"\304Dnq\357\240\"\000\271\225\223:f\035\252U\367\273"
 259      EFA02200 
 259      B995933A 
 259      661DAA55 
 259      F7BB
 260 014f 8CB6DF05 		.ascii	"\214\266\337\005\316\246\346Zo_\233\025<NK)\217\332"
 260      CEA6E65A 
 260      6F5F9B15 
 260      3C4E4B29 
 260      8FDA
 261 0161 42B011EA 		.ascii	"B\260\021\352\234\245b\253\265z-\030\235\220\271\264"
 261      9CA562AB 
 261      B57A2D18 
 261      9D90B9B4 
 262 0171 0AE968A0 		.ascii	"\012\351h\240\202\242\323\"\346\020e\343\354\316\315"
 262      82A2D322 
ARM GAS  C:\Users\Luczia\AppData\Local\Temp\cclyXGHL.s 			page 21


 262      E61065E3 
 262      ECCECD
 263 0180 75AFBC70 		.ascii	"u\257\274p\335'\333\013v@\271k\220\032^\261\321\032"
 263      DD27DB0B 
 263      7640B96B 
 263      901A5EB1 
 263      D11A
 264 0192 725F167B 		.ascii	"r_\026{<\210\211\352\346\354v\320%\010\363p\327W\020"
 264      3C8889EA 
 264      E6EC76D0 
 264      2508F370 
 264      D75710
 265 01a5 E2DFC89D 		.ascii	"\342\337\310\2355od\037\3033\371\345\251\200;2\260\340"
 265      356F641F 
 265      C333F9E5 
 265      A9803B32 
 265      B0E0
 266 01b7 C005A17B 		.ascii	"\300\005\241{\350\370\037\257\266\345lC\205\0147TZ\337"
 266      E8F81FAF 
 266      B6E56C43 
 266      850C3754 
 266      5ADF
 267 01c9 5932DD98 		.ascii	"Y2\335\230\177T\361\277\241\263\241\370\334\330\006"
 267      7F54F1BF 
 267      A1B3A1F8 
 267      DCD806
 268 01d8 E3FA9B79 		.ascii	"\343\372\233y0\314\307N\264y\013e\256\335A\246\362\243"
 268      30CCC74E 
 268      B4790B65 
 268      AEDD41A6 
 268      F2A3
 269 01ea 7CC4CB21 		.ascii	"|\304\313!\347_\250\023@\024\351=w&\326}\272gh\250\257"
 269      E75FA813 
 269      4014E93D 
 269      7726D67D 
 269      BA6768A8 
 270 01ff 3775F1EC 		.ascii	"7u\361\354@\"~\365r\337\251D\374\372@\"\232L]\211u\017"
 270      40227EF5 
 270      72DFA944 
 270      FCFA4022 
 270      9A4C5D89 
 271 0215 AA50F246 		.ascii	"\252P\362F\262\177\360R\244\237\374\027\342\251d\352"
 271      B27FF052 
 271      A49FFC17 
 271      E2A964EA 
 272 0225 7CEA5AF2 		.ascii	"|\352Z\362/cT\321\024"
 272      2F6354D1 
 272      14
 273              		.text
 274              		.section	.gnu.lto_.symbol_nodes.803eed49,"",%progbits
 275 0000 789C55C8 		.ascii	"x\234U\310K\016\202@\020\204\341\252i\230\361Xr\262"
 275      4B0E8240 
 275      1084E1AA 
 275      6998F158 
 275      72B2
 276 0012 E6A1A03B 		.ascii	"\346\241\240;\343\005\\x\013\266,I8\003\356=\003\261"
 276      E3055C78 
ARM GAS  C:\Users\Luczia\AppData\Local\Temp\cclyXGHL.s 			page 22


 276      0BB62C49 
 276      3803EE3D 
 276      03B1
 277 0024 4743622F 		.ascii	"GCb/*\177\345\213\000f\033BK\005n\013`\031\233\312\244"
 277      2A7FE58B 
 277      00661B42 
 277      4B056E0B 
 277      60199BCA 
 278 0039 A3D2CB89 		.ascii	"\243\322\313\211\032\274\234\251\342\245\247\026^\006"
 278      1ABC9CA9 
 278      E2A5A716 
 278      5E06
 279 0047 6AE98417 		.ascii	"j\351\204\027j\374\012P\327G\203+5\375\203 \342\271"
 279      6AFC0A50 
 279      D747832B 
 279      35FD8320 
 279      E2B9
 280 0059 6ECC9D72 		.ascii	"n\314\235r\231\320\365\357\307AB\3024\354\347\236\217"
 280      99D0F5EF 
 280      C74142C2 
 280      34ECE79E 
 280      8F
 281 006a D8796D95 		.ascii	"\330ym\225\024\277\342\003]\2016\025"
 281      14BFE203 
 281      5D813615 
 282              		.text
 283              		.section	.gnu.lto_.refs.803eed49,"",%progbits
 284 0000 789C6363 		.ascii	"x\234cc```\004b\006\000\000D\000\010"
 284      60606004 
 284      62060000 
 284      440008
 285              		.text
 286              		.section	.gnu.lto_.decls.803eed49,"",%progbits
 287 0000 789CAD56 		.ascii	"x\234\255V{PT\327\031\277\337=<\226\345e\321\246L\272"
 287      7B5054D7 
 287      19BFDF3D 
 287      3C96E565 
 287      D1A64CBA 
 288 0014 6918C38C 		.ascii	"i\030\303\214LSy\250\235\330L\247\323dE\343L\3100@;"
 288      4C5379A8 
 288      9DD84CA7 
 288      D36445E3 
 288      4CC83040 
 289 0029 4DCACC66 		.ascii	"M\312\314f\205\213n\207\335\265\354\222j\376\350\\\036"
 289      858B6E87 
 289      DDB5EC92 
 289      6AFEE85C 
 289      1E
 290 003a 2A118D80 		.ascii	"*\021\215\200F\021\245\"\361\021\337FETL]Q\021,\017"
 290      4611A522 
 290      F111DF46 
 290      45544C5D 
 290      51112C0F 
 291 004e C5FA8828 		.ascii	"\305\372\210(\370@\361U4\210\021\301\270\375\3169w\367"
 291      F840F155 
 291      348811C1 
 291      B8FDCE39 
ARM GAS  C:\Users\Luczia\AppData\Local\Temp\cclyXGHL.s 			page 23


 291      77F7
 292 0060 5E089BDA 		.ascii	"^\010\233\332N\357\360q\367\334\373\373\276\337\357"
 292      4EEFF071 
 292      F7DCFBFB 
 292      BEDFEF
 293 006f 7BDC736F 		.ascii	"{\334so\200 \010\341a\202\360#\"\010\221\242 \270\361"
 293      802008E1 
 293      6182F023 
 293      220891A2 
 293      20B8F1
 294 0082 08C46B47 		.ascii	"\010\304kG\005\365\320\241\325\241\235DkF\273\204\326"
 294      05F5D0A1 
 294      D5A19D44 
 294      6B46BB84 
 294      D6
 295 0093 83F6086D 		.ascii	"\203\366\010m\000mH\370\376\361\027\020\004\177<\177"
 295      006D48F8 
 295      FEF11710 
 295      047F3C7F 
 296 00a3 88F60C6D 		.ascii	"\210\366\014m\002Z7\332\023\345\276\250\304\034\030"
 296      025A37DA 
 296      13E5BEA8 
 296      C41C18
 297 00b2 C57719FA 		.ascii	"\305w\031\372\006+\276\307\321\006\321\"\320\306\241"
 297      062BBEC7 
 297      D106D122 
 297      D0C6A1
 298 00c1 7D80F653 		.ascii	"}\200\366S\340\361\014x~\031M\217\006\024\003<\356I"
 298      E0F10C78 
 298      7E194D8F 
 298      0614033C 
 298      EE49
 299 00d3 1F9A56E3 		.ascii	"\037\232V\343\3750\037q\317kb\033\204\341\361\2035\034"
 299      FD301F71 
 299      CF6B621B 
 299      84E1F183 
 299      351C
 300 00e5 E3148E66 		.ascii	"\343\024\216f\037\0345x?H\341\320\306\036T\342\277\002"
 300      1F1C3578 
 300      3F48E1D0 
 300      C61E54E2 
 300      BF02
 301 00f7 3C2E8DE7 		.ascii	"<.\215\347\251\303%\037\261\332(N\211\325=J\035^\321"
 301      A9C3251F 
 301      B1DA284E 
 301      89D53D4A 
 301      1D5ED1
 302 010a D4411BAF 		.ascii	"\324A\033\257\307G\274\036\245'\01755\324\326\357'\312"
 302      C747BC1E 
 302      A5270F35 
 302      35D4D6EF 
 302      27CA
 303 011c 99F6959E 		.ascii	"\231\366\225\236\177\006\303\375W\020\330Vvc\225_\027"
 303      7F06C3FD 
 303      5710D856 
 303      7663955F 
 303      17
ARM GAS  C:\Users\Luczia\AppData\Local\Temp\cclyXGHL.s 			page 24


 304 012d 5CA17760 		.ascii	"\\\241w`\014\200\342\241=\350\332\3559\350}\016\020"
 304      0C80E2A1 
 304      3DE8DAED 
 304      39E87D0E 
 304      10
 305 013e C17393A3 		.ascii	"\301s\223\243F\272\261{\300M\024T\254\352\241\211\252"
 305      46BAB17B 
 305      C04D1454 
 305      ACEAA189 
 305      AA
 306 014f 71067608 		.ascii	"q\006v\010L\212V\013S\246\310\003\225\036\274\030\017"
 306      4C8A560B 
 306      53A6C803 
 306      951EBC18 
 306      0F
 307 0160 5E1315BC 		.ascii	"^\023\025\274N\337W\207\007Q\212p\356\376\222\235!W"
 307      4EDF5787 
 307      07518A70 
 307      EEFE929D 
 307      2157
 308 0172 A113A1EF 		.ascii	"\241\023\241\357\013B\211\316\012\364\352\366\241\273"
 308      0B4289CE 
 308      0AF4EAF6 
 308      A1BB
 309 0180 2E3D11D9 		.ascii	".=\021\331\357\213\005\233\334\001d\014\373]\323p\375"
 309      EF8B059B 
 309      DC01640C 
 309      FB5DD370 
 309      FD
 310 0191 6C70EC76 		.ascii	"lp\354v\231\037\272\277\012\260\037\210\247\236'\334"
 310      991FBABF 
 310      0AB01F88 
 310      A79E27DC 
 311 01a1 4F5CE1C5 		.ascii	"O\\\341\305\004\"\364 \342\262\375ase0.\307\351a\014"
 311      0422F420 
 311      E2B2FD61 
 311      7365302E 
 311      C7E9610C 
 312 01b5 0DB9C4BD 		.ascii	"\015\271\304\275\302?r%\365+)\220\307\210\360\341Kp"
 312      C23F7225 
 312      F52B2990 
 312      C788F0E1 
 312      4B70
 313 01c7 100C7000 		.ascii	"\020\014p\000pD\341\020D\342\177\233\037\217Ts\270\254"
 313      7044E110 
 313      44E27F9B 
 313      1F8F5473 
 313      B8AC
 314 01d9 2B687C95 		.ascii	"+h|\225\\\345\222]\356\362\3705\315\013\345\323\350"
 314      5CE5925D 
 314      EEF2F835 
 314      CD0BE5D3 
 314      E8
 315 01ea F75B8683 		.ascii	"\367[\206\203\032 P\013\2614\345\032\312\016\373\340"
 315      1A20500B 
 315      B134E51A 
 315      CA0EFBE0 
ARM GAS  C:\Users\Luczia\AppData\Local\Temp\cclyXGHL.s 			page 25


 316 01fa 2AC05EE8 		.ascii	"*\300^\350\302\034\352`<\372W\256>\330\251#\0371\311"
 316      C21CEA60 
 316      3CFA57AE 
 316      3ED8A923 
 316      1F31C9
 317 020d BB16746F 		.ascii	"\273\026to\321\241\014\203\036\334@\327\367\017>\015"
 317      D1A10C83 
 317      1EDC40D7 
 317      F70F3E0D 
 318 021d E56B7A7B 		.ascii	"\345kz{\237\353\321\016?\262\014\350B\374rG\367\237"
 318      9FEBD10E 
 318      3FB20CE8 
 318      42FC7247 
 318      F79F
 319 022f 2046BF89 		.ascii	" F\277\211\212t\265m\213]\260H\226E8\012z8\242r\032"
 319      8A74B56D 
 319      8B5DB048 
 319      9645380A 
 319      7A38A272 
 320 0244 E81817C9 		.ascii	"\350\030\027\311r\276,\177.\223H\001&\033 \336 \200"
 320      72BE2C7F 
 320      2E934801 
 320      261B20DE 
 320      2080
 321 0256 0B626850 		.ascii	"\013bhP\212\202\277cb_abH\260e\335\027\307C\211\314"
 321      8A82BF63 
 321      625F6162 
 321      48B065DD 
 321      17C74389 
 322 026b 6A2976EE 		.ascii	"j)v\356x\320J\274\014'\233\306\357]@\031\216#C\275\312"
 322      78D04ABC 
 322      0C279BC6 
 322      EF5D4019 
 322      8E2343BD 
 323 0280 8084A353 		.ascii	"\200\204\243S\034\033\235b_W\373\346`?\0344\026\010"
 323      1C1B9D62 
 323      5F57FBE6 
 323      603F1C34 
 323      1608
 324 0292 8B88D7CE 		.ascii	"\213\210\327\316Wt\024\023\237\345n`\345>\001J\275\267"
 324      57741413 
 324      9FE56E60 
 324      E53E014A 
 324      BDB7
 325 02a4 767CDAED 		.ascii	"v|\332\355\247\326\273R\2557\002\341\260\252\354\360"
 325      A7D6BB52 
 325      AD3702E1 
 325      B0AAECF0 
 326 02b4 C87A9F64 		.ascii	"\310z\237d\365\276\326\177\2561\220t\363y\031M\215\353"
 326      F5BED67F 
 326      AE319074 
 326      F379194D 
 326      8DEB
 327 02c6 F9F69630 		.ascii	"\371\366\2260\357\265&`\027\227.\356l\015\362)\361\037"
 327      EFB52660 
 327      17972EEE 
 327      6C0DF229 
ARM GAS  C:\Users\Luczia\AppData\Local\Temp\cclyXGHL.s 			page 26


 327      F11F
 328 02d8 4CE2298F 		.ascii	"L\342)\217Dw\365\262\024E\341\335W+d\027\226\006\013"
 328      4477F5B2 
 328      1445E1DD 
 328      572B6417 
 328      96060B
 329 02eb 87206854 		.ascii	"\207 hT\3455\216\224\327\314\344\255\352\335\263?\220"
 329      E5358E94 
 329      D7CCE4AD 
 329      EADDB33F 
 329      90
 330 02fc 0C727957 		.ascii	"\014ryW\032\267l#\330\377\0118\017x\204kFb\002\037\211"
 330      1AB76C23 
 330      D8FF0938 
 330      0F78846B 
 330      4662021F 
 331 0311 F6657D1B 		.ascii	"\366e}\033\002I\005a\2133\205\273\327\022>\324~\270"
 331      02490561 
 331      8B3385BB 
 331      D7123ED4 
 331      7EB8
 332 0323 FCA6A5E2 		.ascii	"\374\246\245\342F\030\037\352(\354g\327\327C\227\303"
 332      46181FEA 
 332      28EC67D7 
 332      D74397C3 
 333 0333 401FC37A 		.ascii	"@\037\303zUU \007\275#@;\246p\006S\200\177b\267&(\335"
 333      55552007 
 333      BD23403B 
 333      A6700653 
 333      807F62B7 
 334 034a 6AC38BAD 		.ascii	"j\303\213\255x\3213Z\277Y\335'\313Qp\026\253qZ\325?"
 334      78D1335A 
 334      BF59DD27 
 334      CB517016 
 334      AB715AD5 
 335 035f 41CF93DD 		.ascii	"A\317\223\335\262\241\264:\200ld\012\304\27257O\210"
 335      B2A1B43A 
 335      806C640A 
 335      C4BA3537 
 335      4F88
 336 0371 BE382EF8 		.ascii	"\2768.\370\344\300\341j`\303u\0369\316\251\034gA!9\371"
 336      E4C0E16A 
 336      60C3751E 
 336      39CEA91C 
 336      67412139 
 337 0386 45CD5160 		.ascii	"E\315Q`=9\357\355\323\252\263\325\207B}\266\344k\326"
 337      3D39EFED 
 337      D3AAB3D5 
 337      87427DB6 
 337      E46BD6
 338 0399 928B9E96 		.ascii	"\222\213\236\226\354+*>\024\356\235\232\230\255\352"
 338      EC2B2A3E 
 338      14EE9D9A 
 338      98ADEA
 339 03a8 D420105A 		.ascii	"\324 \020ZT\312\226\221m\271\304\332R\263m\373\246 "
 339      54CA9691 
 339      6DB9C4DA 
ARM GAS  C:\Users\Luczia\AppData\Local\Temp\cclyXGHL.s 			page 27


 339      52B36DFB 
 339      A620
 340 03ba B293D7B9 		.ascii	"\262\223\327\271\352\364\222\036\2214\361E\345\261\213"
 340      EAF4921E 
 340      9134F145 
 340      E5B18B
 341 03c9 6D745CE0 		.ascii	"mt\\\3402\006y\335\300\330\276]\337\321$\222\323\034"
 341      320679DD 
 341      C0D8BE5D 
 341      DFD12492 
 341      D31C
 342 03db B0E1FEC5 		.ascii	"\260\341\376\305Z\221\002:\021\360s\003\356\341T\276"
 342      5A91023A 
 342      11F07303 
 342      EEE154BE 
 343 03eb 7863D31E 		.ascii	"xc\323\036\034\302\030\235R\201\241\251G\362i\005\256"
 343      1CC2189D 
 343      5281A1A9 
 343      47F26905 
 343      AE
 344 03fc 814E50B4 		.ascii	"\201NP\264\320c!{\260\012\362\324\007K\240\020\212@"
 344      D063217B 
 344      B00AF2D4 
 344      074BA010 
 344      8A40
 345 040e 8931A8D0 		.ascii	"\2111\250\320O\373t\365n,{\004\244\324\2175\343\223"
 345      4FFB74F5 
 345      6E2C7B04 
 345      A4D48F35 
 345      E393
 346 0420 A15BE15E 		.ascii	"\241[\341^\202\326\306\000\334\004\241\033}\257\253"
 346      82D6C600 
 346      DC04A11B 
 346      7DAFAB
 347 042f D952B6D1 		.ascii	"\331R\266\321H\340\006\306\376\001\236\322u{\006\371"
 347      48E006C6 
 347      FE019ED2 
 347      757B06F9 
 348 043f 334203F2 		.ascii	"3B\003\362~l\355\336y3\330g?n\261~\334\364\364ca}mK"
 348      7E6CEDDE 
 348      7933D867 
 348      3F6EB17E 
 348      DCF4F463 
 349 0457 98B71FBF 		.ascii	"\230\267\037\277\330\256\366\003\201\320\241*\354\030"
 349      D8AEF603 
 349      81D0A12A 
 349      EC18
 350 0465 D98F1ED6 		.ascii	"\331\217\036\326\217\013{\367\256\010\"\353Y\242p\357"
 350      8F0B7BF7 
 350      AE0822EB 
 350      59A270EF 
 351 0475 48655328 		.ascii	"HeS(\251\347\213\013;\3565\206\322r\337Q\373\321\177"
 351      A9E78B0B 
 351      3BEE3586 
 351      D272DF51 
 351      FBD17F
 352 0488 FDF47320 		.ascii	"\375\364s \015\034p\352F\303\331@\012\270\307\373q\227"
ARM GAS  C:\Users\Luczia\AppData\Local\Temp\cclyXGHL.s 			page 28


 352      0D1C70EA 
 352      46C3D940 
 352      0AB8C7FB 
 352      7197
 353 049a F7E3BBBC 		.ascii	"\367\343\273\274\312\003\376\232~D\361~\364\376\347"
 353      CA03FE9A 
 353      7E44F17E 
 353      F4FEE7
 354 04a9 7EF42A75 		.ascii	"~\364*u\372\027\326\351\376\360:\271\217<\333\013\244"
 354      FA17D6E9 
 354      FEF03AB9 
 354      8F3CDB0B 
 354      A4
 355 04ba 99F7A3EC 		.ascii	"\231\367\243\354\334\312b\035\350bF)\3677\350\352+\014"
 355      DCCA621D 
 355      E8624629 
 355      F737E8EA 
 355      2B0C
 356 04cc 17D47984 		.ascii	"\027\324y\204\365\357!\202\036\250\325\351e\375C\242"
 356      F5EF2182 
 356      1EA8D5E9 
 356      65FD43A2 
 357 04dc DA47C736 		.ascii	"\332G\3076\016{cQ\240Z\375\276a\257\254\253\345=\027"
 357      0E7B6351 
 357      A05AFDBE 
 357      61AFACAB 
 357      E53D17
 358 04ef F5DEE247 		.ascii	"\365\336\342G\355<p[\226\365~\024\004\267\325\330\267"
 358      ED3C705B 
 358      96F57E14 
 358      04B7D5D8 
 358      B7
 359 0500 4756FE11 		.ascii	"GV\376\021\253\274\273\277\261]O.\360Z\2166\007\233"
 359      ABBCBBBF 
 359      B15D4F2E 
 359      F05A8E36 
 359      079B
 360 0512 F3AEDC0B 		.ascii	"\363\256\334\013\363>\253\217\371\376\331\263kk\251"
 360      F33EAB8F 
 360      F9FED9B3 
 360      6B6BA9
 361 0521 E873389E 		.ascii	"\350s8\2360y\337z\206cQG\341\203`\324w\025\363~RI\332"
 361      3079DF7A 
 361      86635147 
 361      E18360D4 
 361      7715F37E 
 362 0538 DAEEC845 		.ascii	"\332\356\310Ez\206\202~U_\277\3626\207\001\246k\371"
 362      7A86827E 
 362      555FBFF2 
 362      368701A6 
 362      6BF9
 363 054a AE3BF783 		.ascii	"\256;\367\203I\205?\377&\030\371\002\377@\257\241\033"
 363      49853FFF 
 363      2618F902 
 363      FF40AFA1 
 363      1B
 364 055b A474CA87 		.ascii	"\244t\312\207@\353\363\222\256\020\205\313]\376\353"
ARM GAS  C:\Users\Luczia\AppData\Local\Temp\cclyXGHL.s 			page 29


 364      40EBF392 
 364      AE1085CB 
 364      5DFEEB
 365 056a CA8685AE 		.ascii	"\312\206\205\256d\206\200\247<\276\347,\300\020\343"
 365      648680A7 
 365      3CBEE72C 
 365      C010E3
 366 0579 B97CA7B6 		.ascii	"\271|\247\266.8d\261w\203c\262<{\234\000\317 \204\201"
 366      2E3864B1 
 366      778363B2 
 366      3C7B9C00 
 366      CF208481 
 367 058d F1ACD982 		.ascii	"\361\254\331\202#\330\026\014\275\2057\257\006\363e"
 367      23D8160C 
 367      BD8537AF 
 367      06F365
 368 059c 242E2BEA 		.ascii	"$.+\352\372O\371\363\245\216\366\260w[m(\337\257]\354"
 368      FA4FF9F3 
 368      A58EF6B0 
 368      775B6D28 
 368      DFAF5DEC 
 369 05b0 61AE2FB3 		.ascii	"a\256/\263\220\315<\241\322\207}\313\003\364E4!\316"
 369      90CD3CA1 
 369      D2877DCB 
 369      03F44534 
 369      21CE
 370 05c2 8A3E2A69 		.ascii	"\212>*i\276\210\373$\304\261Y\242\201j>\177\240\213"
 370      BE88FB24 
 370      C4B159A2 
 370      816A3E7F 
 370      A08B
 371 05d4 2861D9E3 		.ascii	"(a\331\3433\345\307\032!\213\006\374\250\240\350\002"
 371      33E5C71A 
 371      218B06FC 
 371      A8A0E802 
 372 05e4 31C2E323 		.ascii	"1\302\343#h\276}\"\370\267\317\376[M\015z\256B\246\337"
 372      68BE7D22 
 372      F8B7CFFE 
 372      5B4D0D7A 
 372      AE42A6DF 
 373 05f8 207716AF 		.ascii	" w\026\257\355\014!\273\271\214\372\276\335\233C8\226"
 373      ED0C21BB 
 373      B98CFABE 
 373      DD9B4338 
 373      96
 374 0609 D0412A39 		.ascii	"\320A*9\346\016\367\251\252\310\243j\221\310d=.\331"
 374      E60EF7A9 
 374      AAC8A36A 
 374      91C8643D 
 374      2ED9
 375 061b 3D7DA4AA 		.ascii	"=}\244\252\005\250\252P\244\350O\230\252\"\217\252\362"
 375      05A8AA50 
 375      A4E84F98 
 375      AA228FAA 
 375      F2
 376 062c F62F1369 		.ascii	"\366/\023i\344\202\027z\215\240C\336\265\215\235a\332"
 376      E482177A 
ARM GAS  C:\Users\Luczia\AppData\Local\Temp\cclyXGHL.s 			page 30


 376      8DA043DE 
 376      B58D9D61 
 376      DA
 377 063d F08BC51F 		.ascii	"\360\213\305\037\010\377\325\323\316'\204\324\362\254"
 377      08FFD5D3 
 377      CE2784D4 
 377      F2AC
 378 064b CA3B5A65 		.ascii	"\312;Ze\221\324\361\305\300\3413\325\"O1\232\356j\256"
 378      91D4F1C5 
 378      C0E133D5 
 378      224F319A 
 378      EE6AAE
 379 065e E246C2CB 		.ascii	"\342F\302\313QE\277\024[.\015\3407X=\303\006.k\270\365"
 379      5145BF14 
 379      5B2E0DE0 
 379      37583DC3 
 379      062E6BB8 
 380 0673 3808C646 		.ascii	"8\010\306FGG\307DG\227*\3242\2161,C\342O\031q\2518\226"
 380      4747C744 
 380      47972AD4 
 380      328E312C 
 380      43E24F19 
 381 068b 3DD69F89 		.ascii	"=\326\237\2111P&F\303J\264\025h\313\321V\211\321l\264"
 381      31502646 
 381      C34AB415 
 381      68CBD156 
 381      89D16CB4 
 382 069f AAE5C202 		.ascii	"\252\345\302\002\334s\016\222\255\273\026/\225\253\352"
 382      DC730E92 
 382      ADBB162F 
 382      95ABEA
 383 06ae 81895F2A 		.ascii	"\201\211_*\022\346\355\315<\216\306K00\007\272'\334"
 383      12E6EDCD 
 383      3C8EC64B 
 383      303007BA 
 383      27DC
 384 06c0 FD384F76 		.ascii	"\3758Ov\025\022\332P\310S\300\2366\303s\320\240\013"
 384      1512DA50 
 384      C853C09E 
 384      36C373D0 
 384      A00B
 385 06d2 11785D41 		.ascii	"\021x]A\027#z\241\202\366\324G\231\014\206\346\373M"
 385      17237AA1 
 385      82F6D447 
 385      990C86E6 
 385      FB4D
 386 06e4 C360441E 		.ascii	"\303`D\036\246BQ\332\375\217+\355\034\214\250.\220\033"
 386      A64251DA 
 386      FD8F2BED 
 386      1C8CA82E 
 386      901B
 387 06f6 E399CC25 		.ascii	"\343\231\314%\243\312l\007\203\027\336\367q\005c\246"
 387      A3CA6C07 
 387      8317DEF7 
 387      710563A6 
 388 0706 E89291E8 		.ascii	"\350\222\221\350\357Tf\372\236\255hn\020IA\000\3330"
 388      EF5466FA 
ARM GAS  C:\Users\Luczia\AppData\Local\Temp\cclyXGHL.s 			page 31


 388      9EAD686E 
 388      10494100 
 388      DB30
 389 0718 DBF207CE 		.ascii	"\333\362\007\316\207A\314X\256\350\371 \333\001+\320"
 389      8741CC58 
 389      AEE8F920 
 389      DB012BD0 
 390 0728 B95CF4EE 		.ascii	"\271\\\364\356\002T\237 \214Z{X\215%\177\221\362#\357"
 390      02549F20 
 390      8C5A7B58 
 390      8D257F91 
 390      F223EF
 391 073b BAA19E53 		.ascii	"\272\241\236S:\355S]\241\321(\300\032\221?\325x\246"
 391      3AED535D 
 391      A1D128C0 
 391      1A913FD5 
 391      78A6
 392 074d E06743AB 		.ascii	"\340gC\253\303\264\340\301a[\300Z\005\274\226\201\233"
 392      C3B4E0C1 
 392      615BC05A 
 392      05BC9681 
 392      9B
 393 075e 6F2FBA16 		.ascii	"o/\272\026\240\005\323*\250\340J\005\\\311\300\327N"
 393      A005D32A 
 393      A8E04A05 
 393      5CC9C0D7 
 393      4E
 394 076f D47FE6F7 		.ascii	"\324\177\346\367\332z\226\257\273|\312\256|9\237n\225"
 394      DA7A96AF 
 394      BB7CCAAE 
 394      7C399F6E 
 394      95
 395 0780 6CEFE59B 		.ascii	"l\357\345\233\320\337\304\327\204\320\324\367S\215\323"
 395      D0DFC4D7 
 395      84D0D4F7 
 395      538DD3
 396 078f 6798A649 		.ascii	"g\230\246I3m\026\347\304\324\264\244\311\223\246O\231"
 396      336D16E7 
 396      C4D4B4A4 
 396      C993A64F 
 396      99
 397 07a0 37CF94EA 		.ascii	"7\317\224\352\314L\226r,s\347\230\246\345X>\222r\342"
 397      CC4C9672 
 397      2C73E798 
 397      A6E5583E 
 397      9272E2
 398 07b3 1C4EEBE4 		.ascii	"\034N\353\344IY\364\226c\276##kvl\206n\306{\277\213"
 398      4959F496 
 398      63BE2323 
 398      6B766C86 
 398      6EC67BBF 
 399 07c8 32262408 		.ascii	"2&$\010\261\377\225\233"
 399      B1FF959B 
 400 07d0 10A97026 		.ascii	"\020\251p&IV{\316\374\024\311j\236k\264\333\262,\263"
 400      49567BCE 
 400      FC14C96A 
 400      9E6BB4DB 
ARM GAS  C:\Users\Luczia\AppData\Local\Temp\cclyXGHL.s 			page 32


 400      B22CB3
 401 07e3 834CA65C 		.ascii	"\203L\246\\\213\3159\325\344\314\312x3=c\216e\226\305"
 401      8BCD39D5 
 401      E4CCCA78 
 401      333D638E 
 401      6596C5
 402 07f6 E1CCCDB4 		.ascii	"\341\314\315\264\330\323\235v{\266#}\266-7\212\375\212"
 402      D8D39D76 
 402      7BB6237D 
 402      B62D378A 
 402      FD8A
 403 0808 32E758A3 		.ascii	"2\347X\243$\353,)3S\312L\177#6>jR|\302\033\177\236\222"
 403      24EB2C29 
 403      3353CA4C 
 403      7F23363E 
 403      6A527CC2 
 404 0820 8ED727DA 		.ascii	"\216\327'\332\3546i\242d\236eI\267\3302\262s3\245t\253"
 404      EC3669A2 
 404      649E6549 
 404      B7D832B2 
 404      7333A574 
 405 0835 1963D9A4 		.ascii	"\031c\331\244tS\246\224e\316\315v\232\234\363\347J\216"
 405      7453A694 
 405      65CECD76 
 405      9A9CF3E7 
 405      4A8E
 406 0847 D83942A0 		.ascii	"\3309B\240B\367\307\377+\035&\232nr8316r\374X\3116\361"
 406      42F7C7FF 
 406      2B1D269A 
 406      6E723833 
 406      313672FC 
 407 085f 0F6933DF 		.ascii	"\017i3\337E\025<\325W=W\323\336\301:dZ\3143mN)'\313"
 407      45153CD5 
 407      573D57D3 
 407      DEC13A64 
 407      5ACC336D 
 408 0877 9CA1DCD7 		.ascii	"\234\241\334\327\363RL\236dr\352<?^V|\214v\353\\\311"
 408      F3524C9E 
 408      6472EA3C 
 408      3F5E567C 
 408      8C76EB5C 
 409 088c E6303B2D 		.ascii	"\3460;-v\233Q\312\3166Z3\003\022\337{\353\355w\023\003"
 409      769B51CA 
 409      CE365A33 
 409      0312DF7B 
 409      EBED7713 
 410 08a1 A7CD4CA5 		.ascii	"\247\315L\245\347\251\261\261q\370\307R\262;\022~\225"
 410      E7A9B1B1 
 410      71F8C752 
 410      B23B127E 
 410      95
 411 08b2 106777C4 		.ascii	"\020gw\304e\330\255V\273-N\232\347\214KM\213\363\266"
 411      65D8AD56 
 411      BB2D4E9A 
 411      E78C4B4D 
 411      8BF3B6
 412 08c5 4CED108A 		.ascii	"L\355\020\212\015\237\236k\313\240q\315\331\251N\263"
ARM GAS  C:\Users\Luczia\AppData\Local\Temp\cclyXGHL.s 			page 33


 412      0D9F9E6B 
 412      CBA071CD 
 412      D9A94EB3 
 413 08d5 538A5228 		.ascii	"S\212R(gH\316\221\254\364~\256\203\244&\246\371\247"
 413      6748CE91 
 413      ACF47EAE 
 413      83A426A6 
 413      F9A7
 414 08e7 24E27FFD 		.ascii	"$\342\177\375\364l\363l~\361\245\024\243\321\364V\362"
 414      F46CF36C 
 414      7EF1A514 
 414      A3D1F456 
 414      F2
 415 08f8 DB93F828 		.ascii	"\333\223\370(\244H\016t\267f\276\376Bc\222\223\221\201"
 415      A4480E74 
 415      B766BEFE 
 415      42639293 
 415      9181
 416 090a 4242CC0E 		.ascii	"BB\314\016\207\224\3434\3155\347\230\255:J\220\362\373"
 416      8794E334 
 416      CD35E798 
 416      AD3A4A90 
 416      F2FB
 417 091c C46901B4 		.ascii	"\304i\001\264\210\306\024\222\234d\014HJLJIJ\3667&%"
 417      88C61492 
 417      9C640C48 
 417      4A4C4A49 
 417      4AF63726 
 418 0931 1B53DEFC 		.ascii	"\033S\336\374\037\362\215\377%\3138L\3110\015Gb\232"
 418      1FF28DFF 
 418      25CB384C 
 418      C9300D47 
 418      629A
 419 0943 94F56F7E 		.ascii	"\224\365o~\323\027_"
 419      D3175F
 420              		.text
 421              		.section	.gnu.lto_.symtab.803eed49,"",%progbits
 422 0000 53595343 		.ascii	"SYSCFG_DeInit\000"
 422      46475F44 
 422      65496E69 
 422      7400
 423 000e 00       		.ascii	"\000"
 424 000f 00       		.ascii	"\000"
 425 0010 00       		.ascii	"\000"
 426 0011 00000000 		.ascii	"\000\000\000\000\000\000\000\000"
 426      00000000 
 427 0019 BB000000 		.ascii	"\273\000\000\000"
 428 001d 53595343 		.ascii	"SYSCFG_MemoryRemapConfig\000"
 428      46475F4D 
 428      656D6F72 
 428      7952656D 
 428      6170436F 
 429 0036 00       		.ascii	"\000"
 430 0037 00       		.ascii	"\000"
 431 0038 00       		.ascii	"\000"
 432 0039 00000000 		.ascii	"\000\000\000\000\000\000\000\000"
 432      00000000 
ARM GAS  C:\Users\Luczia\AppData\Local\Temp\cclyXGHL.s 			page 34


 433 0041 C7000000 		.ascii	"\307\000\000\000"
 434 0045 53595343 		.ascii	"SYSCFG_EXTILineConfig\000"
 434      46475F45 
 434      5854494C 
 434      696E6543 
 434      6F6E6669 
 435 005b 00       		.ascii	"\000"
 436 005c 00       		.ascii	"\000"
 437 005d 00       		.ascii	"\000"
 438 005e 00000000 		.ascii	"\000\000\000\000\000\000\000\000"
 438      00000000 
 439 0066 CC000000 		.ascii	"\314\000\000\000"
 440 006a 53595343 		.ascii	"SYSCFG_ETH_MediaInterfaceConfig\000"
 440      46475F45 
 440      54485F4D 
 440      65646961 
 440      496E7465 
 441 008a 00       		.ascii	"\000"
 442 008b 00       		.ascii	"\000"
 443 008c 00       		.ascii	"\000"
 444 008d 00000000 		.ascii	"\000\000\000\000\000\000\000\000"
 444      00000000 
 445 0095 DA000000 		.ascii	"\332\000\000\000"
 446 0099 53595343 		.ascii	"SYSCFG_CompensationCellCmd\000"
 446      46475F43 
 446      6F6D7065 
 446      6E736174 
 446      696F6E43 
 447 00b4 00       		.ascii	"\000"
 448 00b5 00       		.ascii	"\000"
 449 00b6 00       		.ascii	"\000"
 450 00b7 00000000 		.ascii	"\000\000\000\000\000\000\000\000"
 450      00000000 
 451 00bf E7000000 		.ascii	"\347\000\000\000"
 452 00c3 53595343 		.ascii	"SYSCFG_GetCompensationCellStatus\000"
 452      46475F47 
 452      6574436F 
 452      6D70656E 
 452      73617469 
 453 00e4 00       		.ascii	"\000"
 454 00e5 00       		.ascii	"\000"
 455 00e6 00       		.ascii	"\000"
 456 00e7 00000000 		.ascii	"\000\000\000\000\000\000\000\000"
 456      00000000 
 457 00ef F3000000 		.ascii	"\363\000\000\000"
 458 00f3 5243435F 		.ascii	"RCC_APB2PeriphResetCmd\000"
 458      41504232 
 458      50657269 
 458      70685265 
 458      73657443 
 459 010a 00       		.ascii	"\000"
 460 010b 02       		.ascii	"\002"
 461 010c 00       		.ascii	"\000"
 462 010d 00000000 		.ascii	"\000\000\000\000\000\000\000\000"
 462      00000000 
 463 0115 F8000000 		.ascii	"\370\000\000\000"
 464 0119 61737365 		.ascii	"assert_param\000"
ARM GAS  C:\Users\Luczia\AppData\Local\Temp\cclyXGHL.s 			page 35


 464      72745F70 
 464      6172616D 
 464      00
 465 0126 00       		.ascii	"\000"
 466 0127 02       		.ascii	"\002"
 467 0128 00       		.ascii	"\000"
 468 0129 00000000 		.ascii	"\000\000\000\000\000\000\000\000"
 468      00000000 
 469 0131 FB000000 		.ascii	"\373\000\000\000"
 470              		.text
 471              		.section	.gnu.lto_.opts,"",%progbits
 472 0000 272D666D 		.ascii	"'-fmath-errno' '-fsigned-zeros' '-ftrapping-math' '"
 472      6174682D 
 472      6572726E 
 472      6F272027 
 472      2D667369 
 473 0033 2D666E6F 		.ascii	"-fno-trapv' '-fno-strict-overflow' '-fno-openmp' '-"
 473      2D747261 
 473      70762720 
 473      272D666E 
 473      6F2D7374 
 474 0066 666E6F2D 		.ascii	"fno-openacc' '-mcpu=cortex-m4' '-mthumb' '-O0' '-fo"
 474      6F70656E 
 474      61636327 
 474      20272D6D 
 474      6370753D 
 475 0099 6D69742D 		.ascii	"mit-frame-pointer' '-falign-functions=16' '-ffuncti"
 475      6672616D 
 475      652D706F 
 475      696E7465 
 475      72272027 
 476 00cc 6F6E2D73 		.ascii	"on-sections' '-fdata-sections' '-fno-common' '-flto"
 476      65637469 
 476      6F6E7327 
 476      20272D66 
 476      64617461 
 477 00ff 2700     		.ascii	"'\000"
 478              		.text
 479              		.comm	__gnu_lto_v1,1,1
 480              		.comm	__gnu_lto_slim,1,1
 481              		.ident	"GCC: (GNU Tools for Arm Embedded Processors 7-2017-q4-major) 7.2.1 20170904 (release) [ARM
ARM GAS  C:\Users\Luczia\AppData\Local\Temp\cclyXGHL.s 			page 36


DEFINED SYMBOLS
                            *ABS*:00000000 stm32f4xx_syscfg.c
                            *COM*:00000001 __gnu_lto_v1
                            *COM*:00000001 __gnu_lto_slim

NO UNDEFINED SYMBOLS
