ARM GAS  C:\Users\Luczia\AppData\Local\Temp\ccZsso5O.s 			page 1


   1              		.cpu cortex-m4
   2              		.eabi_attribute 20, 1
   3              		.eabi_attribute 21, 1
   4              		.eabi_attribute 23, 3
   5              		.eabi_attribute 24, 1
   6              		.eabi_attribute 25, 1
   7              		.eabi_attribute 26, 1
   8              		.eabi_attribute 30, 6
   9              		.eabi_attribute 34, 1
  10              		.eabi_attribute 18, 4
  11              		.file	"stm32f4xx_wwdg.c"
  12              		.section	.gnu.lto_.inline.803e8af8,"",%progbits
  13 0000 789C6363 		.ascii	"x\234cc``\330\307\200\000\034\014\014\234R\014\014L"
  13      6060D8C7 
  13      80001C0C 
  13      0C9C520C 
  13      0C4C
  14 0012 4C0BE419 		.ascii	"L\013\344\031X\030\230@B\314<\014 \006\224bd\020\224"
  14      58189840 
  14      42CC3C0C 
  14      20069462 
  14      641094
  15 0025 0432A41E 		.ascii	"\0042\244\036\334b\204)`\342\006\012O\360cb\020\220"
  15      DC628429 
  15      60E2060A 
  15      4FF06362 
  15      1090
  16 0037 00722426 		.ascii	"\000r$&\234F\227af`a\006rX>\350\301$X\030\270\205\201"
  16      9C469761 
  16      66606106 
  16      72583EE8 
  16      C1245818 
  17 004e 227C0DB5 		.ascii	"\"|\015\265hJYqI\2601\260\261\0029\034\023\374`\022"
  17      684A5971 
  17      49B031B0 
  17      B102391C 
  17      13FC6012 
  18 0062 EC18A632 		.ascii	"\354\030\2462\000\000\3254\017\017"
  18      0000D534 
  18      0F0F
  19              		.text
  20              		.section	.gnu.lto_WWDG_DeInit.803e8af8,"",%progbits
  21 0000 789C6363 		.ascii	"x\234cc```cd`\320\003\322\242@\314\300\314\300\310\304"
  21      60606063 
  21      6460D003 
  21      D2A240CC 
  21      C0CCC0C8 
  22 0015 00C48C40 		.ascii	"\000\304\214@A\006F\206z&\306z\306\036\346)\314\214"
  22      41064686 
  22      7A26C67A 
  22      C61EE629 
  22      CC8C
  23 0027 87DA9FED 		.ascii	"\207\332\237\355d\322\\\336\000\004\007\246\357\340"
  23      64D25CDE 
  23      000407A6 
  23      EFE0
  24 0035 6A6B6895 		.ascii	"jkh\225\230\303\314\3000\215\231\001\014\03073j2\000"
ARM GAS  C:\Users\Luczia\AppData\Local\Temp\ccZsso5O.s 			page 2


  24      98C3CCC0 
  24      308D9901 
  24      0C183733 
  24      6A3200
  25 0048 953DDAF8 		.ascii	"\225=\332\370o*/\033\013D\234q\013#\033\003\310\240"
  25      6F2A2F1B 
  25      0B449C71 
  25      0B231B03 
  25      C8A0
  26 005a F597580F 		.ascii	"\365\227X\0174\374\373\337\336p\340\235\346\302\205"
  26      34FCFBDF 
  26      DE70E09D 
  26      E6C285
  27 0069 A22C0C0C 		.ascii	"\242,\014\014\035`}\235\314@\313\230\3370\266.\370\015"
  27      1D607D9D 
  27      CC40CB98 
  27      DF30B62E 
  27      F80D
  28 007b D40B520D 		.ascii	"\324\013R\015\244v\356|s\233\275\376o\003\307\034f\306"
  28      A476EE7C 
  28      739BBDFE 
  28      6F03C71C 
  28      66C6
  29 008d 69CC40ED 		.ascii	"i\314@\355\214[\031\353A\022o\317<]\304\322\315<\207"
  29      8C5B19EB 
  29      41126FCF 
  29      3C5DC4D2 
  29      CD3C87
  30 00a0 9989B141 		.ascii	"\231\211\261A\200q\033\243\014Plk\373\231\215\\ 1fF"
  30      80711BA3 
  30      0C506C6B 
  30      FB998D5C 
  30      20316646 
  31 00b4 46C6ED8C 		.ascii	"F\306\355\2142s\230Y\030@\346\375\025\301m\334\016\240"
  31      32739859 
  31      1840E6FD 
  31      15C16DDC 
  31      0EA0
  32 00c6 7150EDD3 		.ascii	"qP\355\323Z\017\235g\207hg`\334\011\321\376\216\261"
  32      5A0F9D67 
  32      87686760 
  32      DC09D1FE 
  32      8EB1
  33 00d8 69C1E2A9 		.ascii	"i\301\342\251\214`\375 \320\001\322\004t\247Np\210\257"
  33      8C60FD20 
  33      D001D204 
  33      74A74E70 
  33      88AF
  34 00ea B1919B49 		.ascii	"\261\221\233IEE|pIJ@jQfAF\274KQfYj\221~qI\256\261Q\032"
  34      45457C70 
  34      494A406A 
  34      51664146 
  34      BC4B5166 
  35 0108 48AABC3C 		.ascii	"H\252\274<%]/\231\001\000\203\351]\311"
  35      255D2F99 
  35      010083E9 
  35      5DC9
ARM GAS  C:\Users\Luczia\AppData\Local\Temp\ccZsso5O.s 			page 3


  36              		.text
  37              		.section	.gnu.lto_WWDG_SetPrescaler.803e8af8,"",%progbits
  38 0000 789C7552 		.ascii	"x\234uR]HTA\024\236s\347\336\271W]\365-\014,D\0221\303"
  38      5D485441 
  38      149E73E7 
  38      DEB9575D 
  38      F52D0C2C 
  39 0018 0DEDB997 		.ascii	"\015\355\271\227\244\036\"\220\014\304'\021]MH\220]"
  39      A41E2290 
  39      0CC42711 
  39      5D4D4890 
  39      5D
  40 0029 49DF1CDD 		.ascii	"I\337\034\335]-\352-]aYb\2454\245\324\376\3144\177\266"
  40      5D2DEA2D 
  40      5D615962 
  40      A534A5D4 
  40      FECC347F 
  41 003e F55F34A9 		.ascii	"\365_4\251 \242^\372\3212\021!\01530\355\314\314\252"
  41      20A25EFA 
  41      D1321121 
  41      0D3330ED 
  41      CCCCAA
  42 0051 FDD08539 		.ascii	"\375\320\2059\367\3149\337\371\346\233s\206\021B\342"
  42      F7CC39DF 
  42      F9E69B73 
  42      861142E2 
  43 0061 7442F2F1 		.ascii	"tB\362\361\237\207\213D\021\320\010.\215\021\3025\212"
  43      9F878B44 
  43      11D0082E 
  43      8D11C235 
  43      8A
  44 0072 46A7CAD7 		.ascii	"F\247\312\327\205\257+\337\020\276\241|S\370\014,\254"
  44      85AF2BDF 
  44      10BEA17C 
  44      53F80C2C 
  44      AC
  45 0083 32A5B500 		.ascii	"2\245\265\000\220\010H\215Fu\203\231\026\324\300U\332"
  45      9008488D 
  45      46758399 
  45      16D4C055 
  45      DA
  46 0094 4821DCF0 		.ascii	"H!\334\360\251OK\273\305\361\0135oD\327soB\000\017\360"
  46      A94F4BBB 
  46      C5F10B35 
  46      6F44D773 
  46      6F42000F 
  47 00a9 51223F78 		.ascii	"Q\"?x\000i\210z\356\271\033\240Wh\200\002\350\270\375"
  47      0069887A 
  47      EEB91BA0 
  47      57688002 
  47      E8B8FD
  48 00bc 3AEBFF18 		.ascii	":\353\377\030'\266\032$\341\366G\317\304\240\215\332"
  48      27B61A24 
  48      E1F647CF 
  48      C4A08DDA 
  49 00cc 81A03FDC 		.ascii	"\201\240?\3345\377\331\226\332\312y\035\017\315\334"
  49      35FFD996 
ARM GAS  C:\Users\Luczia\AppData\Local\Temp\ccZsso5O.s 			page 4


  49      DACA791D 
  49      0FCDDC
  50 00db A4FC5080 		.ascii	"\244\374P\200Rx\004\024\011\241\007\022\341!$\022\014"
  50      52780414 
  50      09A10712 
  50      E1212412 
  50      0C
  51 00ec 11E88554 		.ascii	"\021\350\205T\201\277\326\375e9\206\036\227\265s=\376"
  51      81BFD6FD 
  51      6539861E 
  51      97B5733D 
  51      FE
  52 00fd C6F8E420 		.ascii	"\306\370\344 \177\207Z\306\3570?\017k\001\252\303cY"
  52      7F875AC6 
  52      EF303F0F 
  52      6B01AAC3 
  52      6359
  53 010f 2DC4A027 		.ascii	"-\304\240'U!\266\267k\311k\321\323\262\316\035jk\213"
  53      5521B6B7 
  53      6BC96BD1 
  53      D3B2CE1D 
  53      6A6B8B
  54 0122 4DB921CF 		.ascii	"M\271!\317\\\277\235\320\342\346\223\\\027\347\366\377"
  54      5CBF9DD0 
  54      E2E6935C 
  54      17E7F6FF 
  55 0132 796EA4F4 		.ascii	"yn\244\364\303\275\255\246X\246\303\023H\201>HVw\205"
  55      C3BDADA6 
  55      58A6C313 
  55      48813E48 
  55      567785
  56 0145 0160D81E 		.ascii	"\001`\330\036\242!\300\337\2718f\321\263\222\273~\276"
  56      A221C0DF 
  56      B93866D1 
  56      B392BB7E 
  56      BE
  57 0156 A53D4A70 		.ascii	"\245=JpG4\265\207<I\001j\300\340\277\3240\204\204H\332"
  57      4734B587 
  57      3C49016A 
  57      C0E0BFD4 
  57      30848448 
  58 016b FDC208F1 		.ascii	"\375\302\010\361\255\355\006\036ZIo\031\334\027\007"
  58      ADED061E 
  58      5A496F19 
  58      DC1707
  59 017a 7861A6A1 		.ascii	"xa\246\2411\251\360t4\206A\004\222\201h\203)\002\226"
  59      31A9F074 
  59      34864104 
  59      92816883 
  59      290296
  60 018d 3031326A 		.ascii	"012j\223\226\220K\362\262\227)\216\236.A\335\267\305"
  60      9396904B 
  60      F2B29729 
  60      8E9E2E41 
  60      DDB7C5
  61 01a0 21AF2964 		.ascii	"!\257)d\372\251\201\302|\336\360\234)f@\201\3000JX\000"
  61      FAA981C2 
ARM GAS  C:\Users\Luczia\AppData\Local\Temp\ccZsso5O.s 			page 5


  61      7CDEF09C 
  61      29664081 
  61      C0304A58 
  62 01b5 CF9B1194 		.ascii	"\317\233\021\224\250 L\306\024\001\362P\231\035\325"
  62      A8204CC6 
  62      1401F250 
  62      991DD5
  63 01c4 2249AC5F 		.ascii	"\"I\254_k\0154[\252\236\003\204v\301z\004|b\017\272"
  63      6B0D345B 
  63      AA9E0384 
  63      76C17A04 
  63      7C620FBA 
  64 01d8 BA50BBA1 		.ascii	"\272P\273\241E\240\032<\335\205\032;\274\211{\330\016"
  64      45A01A3C 
  64      DD851A3B 
  64      BC897BD8 
  64      0E
  65 01e9 F7CCFBF8 		.ascii	"\367\314\373\370\010\026_\327.\226E.a)\250\005\351\211"
  65      08165FD7 
  65      2E96452E 
  65      6129A805 
  65      E989
  66 01fb 326EFE19 		.ascii	"2n\376\0317\341\260\212\343\233\245\313\340I\222sA\336"
  66      37E1B08A 
  66      E39BA5CB 
  66      E0499273 
  66      41DE
  67 020d BEBEE5B7 		.ascii	"\276\276\345\267f\315On\005\250\345\303+\023\030\201"
  67      66CD4F6E 
  67      05A8E5C3 
  67      2B131881 
  68 021d 1AE2A738 		.ascii	"\032\342\2478g\235\310\356L{\243\025\007 \374\345\352"
  68      679DC8EE 
  68      4C7BA315 
  68      0720FCE5 
  68      EA
  69 022e BA2F56C8 		.ascii	"\272/V\310`\300_s\256\303(*Y\202p\177\224\302h\277w"
  69      60C05F73 
  69      AEC3282A 
  69      5982707F 
  69      94C268BF 
  70 0243 90C9490F 		.ascii	"\220\311I\017\204g\307Y\020\256\327\342\250q\304QH\004"
  70      8467C759 
  70      10AED7E2 
  70      A871C451 
  70      4804
  71 0255 63423FE6 		.ascii	"cB?\346^\365\366\367\306\332;\271\247V\244\242a\034"
  71      5EF5F6F7 
  71      C6DA3BB9 
  71      A756A4A2 
  71      611C
  72 0267 82D0A4DE 		.ascii	"\202\320\244\336\344\004\330\221\330\275Y\337A\025u"
  72      E404D891 
  72      D8BD59DF 
  72      411575
  73 0276 8C62FF3E 		.ascii	"\214b\377>\2606\"\233f\302\366\346\366v<LJ\005\356\215"
  73      B036229B 
ARM GAS  C:\Users\Luczia\AppData\Local\Temp\ccZsso5O.s 			page 6


  73      66C2F6E6 
  73      F6763C4C 
  73      4A05EE8D 
  74 028a FAB17C05 		.ascii	"\372\261|\005\264I,S\352\237-\200\212\322\035\251\276"
  74      B4492C53 
  74      EA9F2D80 
  74      8AD21DA9 
  74      BE
  75 029b A90322F2 		.ascii	"\251\003\"\362\227\262\340A)\215\376W\332\324\236\264"
  75      97B2E041 
  75      298DFE57 
  75      DAD49EB4 
  76 02ab 69B0E329 		.ascii	"i\260\343)d\005\352\202\303>I/\302\353\240c\377\231"
  76      6405EA82 
  76      C33E492F 
  76      C2EBA063 
  76      FF99
  77 02bd FFFE7E6C 		.ascii	"\377\376~l\267\251\3413\023\317\236\220#\271\347\316"
  77      B7A9E133 
  77      13CF9E90 
  77      23B9E7CE 
  78 02cd 64659E3C 		.ascii	"de\236<V]]\220[Y\234\343p\226U\234/\310v\226]t8\355"
  78      565D5D90 
  78      5B599CE3 
  78      7096559C 
  78      2FC87696 
  79 02e5 AECAF2AC 		.ascii	"\256\312\362\254\314\022\221\252\252*.\315(\"qyy\331"
  79      CC1291AA 
  79      AA2A2ECD 
  79      28227179 
  79      79D9
  80 02f7 A70A729C 		.ascii	"\247\012r\234\016WQ\341\005\207\323V\350r9\234\225\005"
  80      0E5751E1 
  80      0587D356 
  80      E872399C 
  80      9505
  81 0309 1585CEC2 		.ascii	"\025\205\316\302rVY^\341t\224\232e%\350d\034\375\005"
  81      7256595E 
  81      E174949A 
  81      6525E864 
  81      1CFD05
  82 031c 4BD15357 		.ascii	"K\321SW"
  83              		.text
  84              		.section	.gnu.lto_WWDG_SetWindowValue.803e8af8,"",%progbits
  85 0000 789C7552 		.ascii	"x\234uR]H\024Q\024\276g\357\316\354\316\314\332B\024"
  85      5D481451 
  85      14BE67EF 
  85      CEECCECC 
  85      DA4214
  86 0013 456C2182 		.ascii	"El!\202\210\020nh/\321kD/E`\324\243,\271\231\220%\353"
  86      88106E68 
  86      2FD16B44 
  86      2F4560D4 
  86      A32CB999 
  87 002a 96BEED55 		.ascii	"\226\276\355U\367G\263\267t\205e\220-\021)R\313\262"
  87      F747B3B7 
  87      74856590 
ARM GAS  C:\Users\Luczia\AppData\Local\Temp\ccZsso5O.s 			page 7


  87      2D112952 
  87      CBB2
  88 003c 6DCD6C1B 		.ascii	"m\315l\033\315\037\302$\223\010$\222\376P\221\"\221"
  88      CD1FC224 
  88      93082492 
  88      FE509122 
  88      91
  89 004d E847DDCE 		.ascii	"\350G\335\316\235\273\213\02240g\346\236\373}\3379\347"
  89      9DBB8B12 
  89      343067E6 
  89      9EFB7DDF 
  89      39E7
  90 005f BB572684 		.ascii	"\273W&\204\214RBN\340w'\276\204\022\260\020|\001p\001"
  90      8C52424E 
  90      E07727BE 
  90      8412B010 
  90      7C017001 
  91 0073 24608100 		.ascii	"$`\201\000\\\243\255\024\214\310\227\244\245\260\233"
  91      5CA3AD14 
  91      8CC897A4 
  91      A5B09B
  92 0082 E1936A1F 		.ascii	"\341\223j\037\326\302,\264[Gb\224\022\363\201\373P\210"
  92      D6C22CB4 
  92      5B476294 
  92      12F381FB 
  92      5088
  93 0094 A891B995 		.ascii	"\250\221\271\225~\033u\003\301\377\336\356\346\260V"
  93      7E1B7503 
  93      C1FFDEEE 
  93      E6B056
  94 00a3 D0C55803 		.ascii	"\320\305X\003K\315\006)s\350\024\340\001P\244@\211\013"
  94      4BCD0629 
  94      73E814E0 
  94      0150A440 
  94      890B
  95 00b5 0EB80826 		.ascii	"\016\270\010&\010\014@\001G_\357[\\\326\350a\2239=\020"
  95      080C4001 
  95      475FEF5B 
  95      5CD6E861 
  95      93393D10 
  96 00c9 6B75E6C5 		.ascii	"ku\346\305\331<\326\032\273#\307\230a\321\251\005\036"
  96      D93CD61A 
  96      BB23C798 
  96      61D1A905 
  96      1E
  97 00da 9A5C5E0C 		.ascii	"\232\\^\014\377\314\252\210}\025\274\253\323\026\252"
  97      FFCCAA88 
  97      7D15BCAB 
  97      D316AA
  98 00e9 530A565C 		.ascii	"S\012V\\~\237\212}\334\306\227V\310\305e\242w)d\247"
  98      7E9F8A7D 
  98      DCC69756 
  98      C8C565A2 
  98      772964A7 
  99 00fd C74CD58D 		.ascii	"\307L\325\215\211\337A-\277\223\005\033Y\352e\357\366"
  99      89DF412D 
  99      BF93051B 
ARM GAS  C:\Users\Luczia\AppData\Local\Temp\ccZsso5O.s 			page 8


  99      59EA65EF 
  99      F6
 100 010e 9B8D6C82 		.ascii	"\233\215l\202Yu*\301\240\350)\011.x\004\256\254\360"
 100      59752AC1 
 100      A0E82909 
 100      2E7804AE 
 100      ACF0
 101 0120 877B1B6D 		.ascii	"\207{\033m9\262\025\036C>$ OL\012C \243-\004x\272oF"
 101      39B2151E 
 101      433E2420 
 101      4F4C0A43 
 101      20A32D04 
 102 0138 4AB18D74 		.ascii	"J\261\215t\004\233,\272\361k\327\016\300\201d\013\006"
 102      049B2CBA 
 102      F16BD70E 
 102      C081640B 
 102      06
 103 0149 1BC560B7 		.ascii	"\033\305`\267bP$\014\252\314\203\215\007;\017\012\017"
 103      6250240C 
 103      AACC838D 
 103      073B0F0A 
 103      0F
 104 015a 2A0F1A87 		.ascii	"*\017\032\2078\370\237\023L#H\2239X3\305C\240K`\254"
 104      38F89F13 
 104      4C234893 
 104      395833C5 
 104      43A04B60 
 105 016f 2E2C76A9 		.ascii	".,v\251\274(\257\207MEC\306\264\215\217'\241sO\260\331"
 105      BC28AF87 
 105      4D4543C6 
 105      B48D8F27 
 105      A1734FB0 
 106 0184 25685889 		.ascii	"%hX\211L\275\213\003\007\305(\304\250\023s\215\375\221"
 106      4CBD8B03 
 106      07C528C4 
 106      A813738D 
 106      FD91
 107 0196 432261C1 		.ascii	"C\"a\301\334V\236\214\274\341,/C\242\010#\313\020\314"
 107      DC569E8C 
 107      BCE12C2F 
 107      43A20823 
 107      CB10CC
 108 01a9 35A74374 		.ascii	"5\247Ct2\271<g\013\2543\273N\265(\345\343>\205\000A"
 108      32B93C67 
 108      0BAC33BB 
 108      4EB528E5 
 108      E33E8500 
 109 01be 209E0267 		.ascii	" \236\002g\256.|\013\251\202\313=\177\275\362#\232\303"
 109      AE2E7C0B 
 109      A982CB3D 
 109      7FBDF223 
 109      9AC3
 110 01d0 C515606F 		.ascii	"\305\025`o\031\263B\312,`\014*\002#mm@1\317b\310\230"
 110      19B342CA 
 110      2C600C2A 
 110      02236D6D 
 110      4031CF62 
ARM GAS  C:\Users\Luczia\AppData\Local\Temp\ccZsso5O.s 			page 9


 111 01e6 1A93E3D0 		.ascii	"\032\223\343\320Q\217\327)W\247\016\024\202g\334{\334"
 111      518FD729 
 111      57A70E14 
 111      8267DC7B 
 111      DC
 112 01f7 7B93184C 		.ascii	"{\223\030L\344\270{X\260\236oI`@\034\332\304\271\217"
 112      E4B87B58 
 112      B09E6F49 
 112      60401CDA 
 112      C4B98F
 113 020a 809B4FB7 		.ascii	"\200\233O\267\026^\224\204tF\275\345\305\320\214\304"
 113      165E9484 
 113      7446BDE5 
 113      C5D08CC4 
 114 021a D55560E9 		.ascii	"\325U`\351t\332\011\243\242\203\331\253\267h\326=\004"
 114      74DA09A3 
 114      A283D9AB 
 114      B768D63D 
 114      04
 115 022b 8BA97BDE 		.ascii	"\213\251{\336\177\312\014n\313\270\265\026\316$\354"
 115      7FCA0C6E 
 115      CBB8B516 
 115      CE24EC
 116 023a 9843B9DB 		.ascii	"\230C\271\333\235\363\035\212\220K\023x.\264\242\223"
 116      9DF31D8A 
 116      904B1378 
 116      2EB4A293 
 117 024a 7B0448E1 		.ascii	"{\004H\341j\234\3663KSM\246\"*\302fAU\230\265\3769\203"
 117      6A9CF633 
 117      4B534DA6 
 117      222AC266 
 117      415598B5 
 118 0261 D3B2CE44 		.ascii	"\323\262\316D'\367\212\214#\243\225\345\375cM|\237\351"
 118      27F78A8C 
 118      23A395E5 
 118      FD634D7C 
 118      9FE9
 119 0273 8DF65F6F 		.ascii	"\215\366_o\3066\275\031\0077\352\221\257\320\020\377"
 119      C636BD19 
 119      0737EA91 
 119      AFD010FF 
 120 0283 D36E8A99 		.ascii	"\323n\212\2317\271\211\237\037\336\246\375\245\247\216"
 120      37B9899F 
 120      1FDEA6FD 
 120      A5A78E
 121 0292 97141F3D 		.ascii	"\227\024\037=XWWV\352/?\351\365UV\237/;\342\253\274"
 121      58575756 
 121      EA2F3FE9 
 121      F555569F 
 121      2F3BE2AB 
 122 02a7 E2F5B96B 		.ascii	"\342\365\271k\374U%\305\347\370VmmyE\321Y\242\235\251"
 122      FC5525C5 
 122      E7F8566D 
 122      6D7945D1 
 122      59A29DA9 
 123 02bb BC587EA9 		.ascii	"\274X~\251\366\264\347\302e\257\303SS\343\365\371\313"
 123      F6B4E7C2 
ARM GAS  C:\Users\Luczia\AppData\Local\Temp\ccZsso5O.s 			page 10


 123      65AFC353 
 123      53E3F5F9 
 123      CB
 124 02cc AA3D3E4F 		.ascii	"\252=>O\225\354\257\252\366y+\376\0029@@\333"
 124      95ECAFAA 
 124      F6792BFE 
 124      02394040 
 124      DB
 125              		.text
 126              		.section	.gnu.lto_WWDG_EnableIT.803e8af8,"",%progbits
 127 0000 789C6363 		.ascii	"x\234cc``\370\010\304z@,\012\304\014\314\014\214L\014"
 127      6060F808 
 127      C47A402C 
 127      0AC40CCC 
 127      0C8C4C0C 
 128 0014 40CCC808 		.ascii	"@\314\310\010\34402\32431\3263\3660Oaf<\324\376l'\223"
 128      E43032D4 
 128      3331D633 
 128      F6304F61 
 128      663CD4FE 
 129 002b E6F20620 		.ascii	"\346\362\006 80}\016_[C\253\304\034f\006\206i\314\014"
 129      38307D0E 
 129      5F5B43AB 
 129      C41C6606 
 129      8669CC0C 
 130 003f 60C0B899 		.ascii	"`\300\270\231Q\223\001\250\354\321\306\177Sy\331X \342"
 130      519301A8 
 130      ECD1C67F 
 130      5379D958 
 130      20E2
 131 0051 8C5B18D9 		.ascii	"\214[\030\331\030@\006\255\277\304z\240\341\337\377"
 131      184006AD 
 131      BFC47AA0 
 131      E1DFFF
 132 0060 F68603FF 		.ascii	"\366\206\003\377,\026>\225aad\230\303\014\024\357\000"
 132      2C163E95 
 132      61616498 
 132      C30C14EF 
 132      00
 133 0071 6BEE6406 		.ascii	"k\356d\006\332\310\374\212\261\351\313\213\031\351 "
 133      DAC8FC8A 
 133      B1E9CB8B 
 133      19E920
 134 0080 2DB39819 		.ascii	"-\263\230\031\201&\355X\375\344${73P!\343\222\306i\023"
 134      8126ED58 
 134      FDE4247B 
 134      37335021 
 134      E392C669 
 135 0095 5818B732 		.ascii	"X\030\2672\3120\274b<\364\345\204'H\021P\305\264\326"
 135      CA30BC62 
 135      3CF4E584 
 135      27481150 
 135      C5B4D6
 136 00a8 43E7A12A 		.ascii	"C\347\241*@Vo>p\177\032\327\002\306y\215-\215\015\013"
 136      40566F3E 
 136      707F1AD7 
 136      02C6798D 
ARM GAS  C:\Users\Luczia\AppData\Local\Temp\ccZsso5O.s 			page 11


 136      2D8D0D0B 
 137 00bc F8E63033 		.ascii	"\370\34603\001\315a\334\006\324\304\300\270\235q\001"
 137      01CD61DC 
 137      06D4C4C0 
 137      B89D7101 
 138 00cc C8C82D47 		.ascii	"\310\310-G\216\267q\2004\000%\030w\000e\33616-x>\207"
 138      8EB77180 
 138      34002518 
 138      770065DE 
 138      31362D78 
 139 00e2 11EC4E10 		.ascii	"\021\354N\020\350\000\271\012\350\032\235\340\020_c"
 139      E800B90A 
 139      E81A9DE0 
 139      105F63
 140 00f1 2337938A 		.ascii	"#7\223\212\212\370\340\222\224\200\324\242\314\202\214"
 140      8AF8E092 
 140      9480D4A2 
 140      CC828C
 141 0100 7897A2CC 		.ascii	"x\227\242\314\262\324\"\375\342\222\\c\2434\220TyyJ"
 141      B2D422FD 
 141      E2925C63 
 141      A3349054 
 141      79794A
 142 0113 BA5E3203 		.ascii	"\272^2\003\000\033wZ\271"
 142      001B775A 
 142      B9
 143              		.text
 144              		.section	.gnu.lto_WWDG_SetCounter.803e8af8,"",%progbits
 145 0000 789C5552 		.ascii	"x\234UR]HTQ\020>s\346\376\345\357k\301\026\213 b\205"
 145      5D485451 
 145      103E73E6 
 145      FEE5EF6B 
 145      C1168B20 
 146 0016 1B2A0442 		.ascii	"\033*\004B\364\220\364\022A`\357\"\271\226\017\226\254"
 146      F490F412 
 146      4160EF22 
 146      B9960F96 
 146      AC
 147 0027 5BFAB6C7 		.ascii	"[\372\266\307u\325\254|R7Xn\261QQAbV\246\273my[C\014"
 147      75D5AC7C 
 147      5237586E 
 147      B1515141 
 147      6256A6BB 
 148 0040 52B124CC 		.ascii	"R\261$\314\240\242\320\320DH\304\240R\233s\256H]\330"
 148      A0A2D0D0 
 148      4448C4A0 
 148      529B73AE 
 148      485DD8
 149 0053 D93973BE 		.ascii	"\3319s\276o\346\233\231c0\306\3269c\307\350\377\020"
 149      6FE69B99 
 149      6330C6D6 
 149      3963C7E8 
 149      FF10
 150 0065 FD98C980 		.ascii	"\375\230\311\200\216\30092&\270NFC\256m\373\032\030"
 150      8EC03932 
 150      26B84E46 
 150      43AE6DFB 
ARM GAS  C:\Users\Luczia\AppData\Local\Temp\ccZsso5O.s 			page 12


 150      1A18
 151 0077 74AB2B6B 		.ascii	"t\253+k\000\020\001X\210\243\246\033\020\202+\330\215"
 151      00100158 
 151      88A3A61B 
 151      10822BD8 
 151      8D
 152 0088 906E9F4F 		.ascii	"\220n\237O\360\302;\202>\347\352tN\233h\335iS\256(2"
 152      F0C23B82 
 152      3EE7EA74 
 152      4E9B68DD 
 152      6953AE28 
 153 009d F5C12328 		.ascii	"\365\301#($\324t\377\314C\216>`\344\317\256w\335\313"
 153      24D474FF 
 153      CC438E3E 
 153      60E4CFAE 
 153      77DDCB
 154 00b0 28B82D44 		.ascii	"(\270-DX8\253-(\262l\004x\014H\024(\361\300\001\017"
 154      5838AB2D 
 154      28B26C04 
 154      780C4814 
 154      28F1C001 
 155 00c5 A3008301 		.ascii	"\243\000\203\001(\220\350\256\276\205\245L<\250\230"
 155      2890E8AE 
 155      BE85A54C 
 155      3CA898
 156 00d4 9303B1EE 		.ascii	"\223\003\261\356\334\274\270\370L\265F\357\0331\221"
 156      DCBCB8F8 
 156      4CB546EF 
 156      1B3191
 157 00e3 E6367278 		.ascii	"\3466rx\242\270\262\030y\252*a\277\364o\364d\033\032"
 157      A2B8B218 
 157      79AA2A61 
 157      BFF46FF4 
 157      641B1A
 158 00f6 0C429E2B 		.ascii	"\014B\236+\006\206\250\013\352\000\350r*\362\300\306"
 158      0686A80B 
 158      EA00E872 
 158      2AF2C0C6 
 159 0106 CB682382 		.ascii	"\313h#\202F\307\037\343\261\2579\362\250\201\227\216"
 159      46C71FE3 
 159      B1AF39F2 
 159      A881978E 
 160 0116 B73A5FF7 		.ascii	"\267:_\367\002\226\253\222\023\341_Sf\376M\325\336b"
 160      0296AB92 
 160      13E15F53 
 160      66FE4DD5 
 160      DE62
 161 0128 59ECAE13 		.ascii	"Y\354\256\023\361\332\250\303SWn\022<\220\000\217\333"
 161      F1DAA8C3 
 161      53576E12 
 161      3C90008F 
 161      DB
 162 0139 690AF2FB 		.ascii	"i\012\362\373\336\350\216\330\330l\027\316\307\262\033"
 162      DEE88ED8 
 162      D86C17CE 
 162      C7B21B
 163 0148 73BBB380 		.ascii	"s\273\263\200Z18\031\023\311X\232\364t24>\331\237)]"
ARM GAS  C:\Users\Luczia\AppData\Local\Temp\ccZsso5O.s 			page 13


 163      5A313819 
 163      13C9589A 
 163      F4743234 
 163      3ED99F29 
 164 015d 4B1AC62E 		.ascii	"K\032\306.*\345\035H\333\3009\210\314\214,'\015)9\206"
 164      2AE51D48 
 164      DBC03988 
 164      CC8C2C27 
 164      0D293986 
 165 0171 06C9F8E4 		.ascii	"\006\311\370\344\244f-\251\020\3400<\333\252\330\201"
 165      A4662DA9 
 165      10E0303C 
 165      DBAAD881 
 166 0181 C4C14508 		.ascii	"\304\301E\010\257\264w\350.\026\010\316\210\376~\304"
 166      AFB477E8 
 166      2E1608CE 
 166      88FE7EC4 
 167 0191 B3152072 		.ascii	"\263\025 r\2645=iJ\262Ac}\276M\326\\\362\252\345\"M"
 167      B4353D69 
 167      4AB24163 
 167      7DBE4DD6 
 167      5CF2AAE5 
 168 01a7 D8E75171 		.ascii	"\330\347Qq\375\377\270\005{\3358\275\001\\\202\210W"
 168      FDFFB805 
 168      7BDD38BD 
 168      015C8288 
 168      57
 169 01b8 0D92D226 		.ascii	"\015\222\322&\022K\037\314\320\272\260l\334\021E9\331"
 169      124B1FCC 
 169      D0BAB06C 
 169      DC114539 
 169      D9
 170 01c9 6108B118 		.ascii	"a\010\261\030\352\264\023\246Tu\376\034\0027\011\227"
 170      EAB413A6 
 170      5475FE1C 
 170      02370997 
 171 01d9 BA64D231 		.ascii	"\272d\3221\323\015\310\247\363ve-\232-uY f\204\320\300"
 171      D30DC8A7 
 171      F376652D 
 171      9A2D7559 
 171      206684D0 
 172 01ee 216D8BD0 		.ascii	"!m\213\320\362\247ma\253\035\215\230\004\374=6?\234"
 172      F2A76D61 
 172      AB1D8D98 
 172      04FC3D36 
 172      3F9C
 173 0200 2B8119B0 		.ascii	"+\201\031\260\311\340\205B\245\247/\275B\211\372\267"
 173      C9E08542 
 173      A5A72FBD 
 173      4289FAB7 
 174 0210 414BED2C 		.ascii	"AK\355,\225\036\0375\342p\275\231\226\026\337cc&\225"
 174      951E1F35 
 174      E270BD99 
 174      9616DF63 
 174      632695
 175 0223 83B4EC9B 		.ascii	"\203\264\354\233.\337\015&\007\263}\275\"\322,\2742"
 175      2EDF0D26 
ARM GAS  C:\Users\Luczia\AppData\Local\Temp\ccZsso5O.s 			page 14


 175      07B37DBD 
 175      22D22CBC 
 175      32
 176 0234 E108C4A1 		.ascii	"\341\010\304\241\307}=/\301G%\3312\204\343\337\256)"
 176      C77D3D2F 
 176      C14725D9 
 176      3284E3DF 
 176      AE29
 177 0246 E132BC06 		.ascii	"\3412\274\006:\015GK~\337E\263\3209-\212Z\245-\355\257"
 177      3A0D474B 
 177      7EDF45B3 
 177      D0392D8A 
 177      5AA52DED 
 178 025b 3879BCA4 		.ascii	"8y\274\244\370hiSSeE\260\372\204?P[\177\246\262<P{\301"
 178      F8686953 
 178      536545B0 
 178      FA843F50 
 178      5B7FA6B2 
 179 0273 1FF03504 		.ascii	"\037\3605\004\353J\212k\344Ucc\365\351\242S\314<r\356"
 179      EB4A8A6B 
 179      E4556363 
 179      F5E9A253 
 179      CC3C72EE 
 180 0287 FCD9A03F 		.ascii	"\374\331\240?\220U\325\320\340\017\004+\353\253\002"
 180      9055D5D0 
 180      E00F042B 
 180      EBAB02
 181 0296 5575666D 		.ascii	"UufmM\260\256\276\250\364/\0270\373\014"
 181      4DB0AEBE 
 181      A8F42F17 
 181      30FB0C
 182              		.text
 183              		.section	.gnu.lto_WWDG_Enable.803e8af8,"",%progbits
 184 0000 789C5552 		.ascii	"x\234URMHTQ\024\276\337;\357/\035s[0\224\010\"Vhh\324"
 184      4D485451 
 184      14BEDF3B 
 184      EF2F1D73 
 184      5B309408 
 185 0019 2A5B246D 		.ascii	"*[$m\"\010l/\222c\271\260d\234\322\335\\ut\262\332\251"
 185      22086C2F 
 185      9263B9B0 
 185      649CD2DD 
 185      5C7574B2 
 186 002f 133C869A 		.ascii	"\023<\206\232\212\350\207\302\254\324FM\2471$\027\""
 186      8AE887C2 
 186      ACD4464D 
 186      A7312417 
 186      22
 187 0040 99881961 		.ascii	"\231\210\031a\030\011\311\020$!A\214u\356{\"u\341\235"
 187      1809C910 
 187      2421418C 
 187      75EE7B22 
 187      75E19D
 188 0053 77EFB9DF 		.ascii	"w\357\271\337w\316\371\316\271\246\020\"\253\011q\222"
 188      77CEF9CE 
 188      B9A61022 
 188      AB097192 
ARM GAS  C:\Users\Luczia\AppData\Local\Temp\ccZsso5O.s 			page 15


 189 0063 FF47F913 		.ascii	"\377G\371\023\226\000\037\241i$\204\324\0146:i\372\366"
 189      96001FA1 
 189      692484D4 
 189      0C363A69 
 189      FAF6
 190 0075 5E87C9B7 		.ascii	"^\207\311\267\206kM\200\011\020a\215t\303D\030\327\251"
 190      866B4D80 
 190      0910618D 
 190      74C34418 
 190      D7A9
 191 0087 97908EAE 		.ascii	"\227\220\216\256&\265\222\373\222W\352\306\\~\227\354"
 191      26B592FB 
 191      9257EAC6 
 191      5C7E97EC 
 192 0097 DC15E758 		.ascii	"\334\025\347X1\022\356\302s\2240j~`\361\231Fe\020\274"
 192      3112EEC2 
 192      7394306A 
 192      7E60F199 
 192      466510BC 
 193 00ab 5FCAF63C 		.ascii	"_\312\366<\314)\276'e\273L\315w\220\364\305\011x\001"
 193      CC29BE27 
 193      65BB4CCD 
 193      7790F4C5 
 193      097801
 194 00be 620A2AFC 		.ascii	"b\012*\3748\350\027\354\020\030D\261B\367\364\177\313"
 194      38E817EC 
 194      101844B1 
 194      42F7F47F 
 194      CB
 195 00cf E4D21197 		.ascii	"\344\322\021\2279;\350\364\346\027&\344g\3165\365\330"
 195      393BE8F4 
 195      E61726E4 
 195      67CE35F5 
 195      D8
 196 00e0 74645A8B 		.ascii	"tdZ\213\223\206!\227\253\222\361\316\315\312\330\225"
 196      93862197 
 196      AB92F1CE 
 196      CDCAD895 
 197 00f0 81CDBE3C 		.ascii	"\201\315\276<S\3070\012\275b\360\222U\260\002\360\345"
 197      53C7300A 
 197      BD62F092 
 197      55B002F0 
 197      E5
 198 0101 BBC8D338 		.ascii	"\273\310\3238]\2438\021t>\376\230q\276\354TG\035\005"
 198      5DA33811 
 198      743EFE98 
 198      71BEEC54 
 198      471D05
 199 0114 7CEC7296 		.ascii	"|\354r\226'@Un\312\314\243;\013Z\321]W\336J\245\363"
 199      2740556E 
 199      CACCA33B 
 199      0B5AD15D 
 199      57DE4AA5 
 200 0129 20152988 		.ascii	" \025)\210\223\201Q\257\334\021\370\221\204\337S:\206"
 200      938151AF 
 200      DC11F891 
 200      84DF533A 
ARM GAS  C:\Users\Luczia\AppData\Local\Temp\ccZsso5O.s 			page 16


 200      86
 201 013a A2FE3923 		.ascii	"\242\3769#%7\377Dej\241\362vr\257\017,\305\324\330X"
 201      2537FF44 
 201      656AA1F2 
 201      7672AF0F 
 201      2CC5D4D8 
 202 014f C4C6D6D9 		.ascii	"\304\306\326\331\3540\330p\373\224>Kmme\204\270\342"
 202      EC30D870 
 202      FB943E4B 
 202      6D6D6584 
 202      B8E2
 203 0161 56DE4D3C 		.ascii	"V\336M<\015\372\212\310\342\344\352\270\251Jv\310\344"
 203      0DFA8AC8 
 203      E2E4EAB8 
 203      A94A76C8 
 203      E4
 204 0172 32965363 		.ascii	"2\226ScK\266\252\0208\206W[\031\273\2119\264\206\366"
 204      4BB6AA10 
 204      3886575B 
 204      19BB8939 
 204      B486F6
 205 0185 F568B7E1 		.ascii	"\365h\267\341a\301p\301\364\017\223\376-\007\223c\235"
 205      61C170C1 
 205      F40F93FE 
 205      2D079363 
 205      9D
 206 0196 E9594B91 		.ascii	"\351YK\221Mn\353\3706Y\367\310?m\017ia\277\337\365\033"
 206      4D6EEBF8 
 206      3659F7C8 
 206      3F6D0F69 
 206      61BFDFF5 
 207 01ab FFFB6DEC 		.ascii	"\377\373m\354\363\374\374\006(\203H\201\333H\016\233"
 207      F3FCFC06 
 207      28834881 
 207      DB480E9B 
 208 01bb 4C663E5A 		.ascii	"Lf>Z\341\254\264\343\224\023#\325\331\011\204\205C\006"
 208      E1ACB4E3 
 208      941323D5 
 208      D9098485 
 208      4306
 209 01cd CF44ACA1 		.ascii	"\317D\254\241\343W\327\247l\006^\020\315\2231\264:="
 209      E357D7A7 
 209      6C065E10 
 209      CD9331B4 
 209      3A3D
 210 01df 95A32AB1 		.ascii	"\225\243*\261 \201\024\227\242\022\275\265<\220zN\357"
 210      20811497 
 210      A212BDB5 
 210      3C907A4E 
 210      EF
 211 01f0 D7376279 		.ascii	"\3277by\012aC.J\251\343\265\007Z\217&\267P\272\343\206"
 211      0A61432E 
 211      4AA9E3B5 
 211      075A8F26 
 211      B750BAE3 
 212 0205 4FCF5F9D 		.ascii	"O\317_\235&\345\371W\240\355\316l,=3e&p\263\215\207"
 212      26E5F957 
ARM GAS  C:\Users\Luczia\AppData\Local\Temp\ccZsso5O.s 			page 17


 212      A0EDCE6C 
 212      2C3D3365 
 212      2670B38D 
 213 021a 96D813A7 		.ascii	"\226\330\023\247\\\016\215\264\322\315\227\013\303#"
 213      5C0E8DB4 
 213      D2CD970B 
 213      C323
 214 0228 C379654F 		.ascii	"\303yeOd\244M\362$}\230D\002}\336\353y\2032\016/\276"
 214      64A44DF2 
 214      247D9844 
 214      027DDEEB 
 214      7983320E 
 215 023e A33D317A 		.ascii	"\243=1z\313-\\\2717`pst\347\367n\356\205\241\361\240"
 215      CB2D5CB9 
 215      37607073 
 215      74E7F76E 
 215      EE85A1F1 
 216 0253 582A4FE9 		.ascii	"X*O\351@\365\231S\025\345'\016\265\266\326T\207\352"
 216      40F59953 
 216      15E5270E 
 216      B5B6D654 
 216      87EA
 217 0265 4E07820D 		.ascii	"N\007\202\015M\347k\252\202\015\227\003\301\262\346"
 217      4DE76BAA 
 217      820D9703 
 217      C1B2E6
 218 0274 50634579 		.ascii	"PcEy\275\272ji\251;WzVX\307/^\272\020\012\004}\265\315"
 218      BDBA6A69 
 218      A93B577A 
 218      5658C72F 
 218      5EBA100A 
 219 028c CD8160A8 		.ascii	"\315\201`\250\246\2516X\333h5\324\207\032\233J\017\377"
 219      A6A93658 
 219      DB6835D4 
 219      871A9B4A 
 219      0FFF
 220 029e 05EB46FA 		.ascii	"\005\353F\372\031"
 220      19
 221              		.text
 222              		.section	.gnu.lto_WWDG_GetFlagStatus.803e8af8,"",%progbits
 223 0000 789C6D92 		.ascii	"x\234m\222\315k\023Q\024\305\357\231\3732\223\010\331"
 223      CD6B1351 
 223      14C5EF99 
 223      FB329308 
 223      D9
 224 0011 882BC9C2 		.ascii	"\210+\311\302M\026\0051\322\024\364\017\020\301\205"
 224      4D160531 
 224      D214F40F 
 224      10C185
 225 0020 20D4AD14 		.ascii	" \324\255\024\265U\263\020$\211\266\273\276$-mT\\\210"
 225      B555B310 
 225      2489B6BB 
 225      BE242D6D 
 225      545C88
 226 0033 49A58612 		.ascii	"I\245\206\022\021i\251\370QlML\252\204\010\205hEQQ\321"
 226      1169A9F8 
 226      516C4D4C 
ARM GAS  C:\Users\Luczia\AppData\Local\Temp\ccZsso5O.s 			page 18


 226      AA840885 
 226      68455151 
 227 0048 9D52685D 		.ascii	"\235Rh]dQ$\013\027\325\373\336D\250\340b\356\274\231"
 227      6451240B 
 227      17D5FBDE 
 227      44A8E062 
 227      EEBC99
 228 005b F3BB8773 		.ascii	"\363\273\207s\357\214KD'\034\242\203r? \027y\004y\204"
 228      EF8C4B44 
 228      271CA283 
 228      723F2017 
 228      79047984 
 229 006f E3309176 		.ascii	"\3430\221v\224\024\305\010\310\033ek\000\256T\027\020"
 229      9414C508 
 229      C81B656B 
 229      00AE5417 
 229      10
 230 0080 1434EAB0 		.ascii	"\0244\352\260\012\270\030\305U\276\301(\344\353\237"
 230      0AB818C5 
 230      55BEC128 
 230      E4EB9F
 231 008f C23DB35A 		.ascii	"\302=\263Zguc\252\272\263\364\350\255\346\222\330\024"
 231      677563AA 
 231      BAB3F4E8 
 231      ADE692D8 
 231      14
 232 00a0 99108F60 		.ascii	"\231\020\217`\177\304\364<F\017\011\273y9\327\016r\014"
 232      7FC4F43C 
 232      460F09BB 
 232      7939D70E 
 232      720C
 233 00b2 E6BC3AFB 		.ascii	"\346\274:\373\341\232\027\275c\373:\255H&\247oj%\215"
 233      E19A17BD 
 233      63FB3AAD 
 233      4826A76F 
 233      6A258D
 234 00c5 58046FEF 		.ascii	"X\004o\357%\003\177[\330*\204]\205%D\215\2618>\221H"
 234      25037F5B 
 234      D82A845D 
 234      8525448D 
 234      B1383E91 
 235 00da 12C71171 		.ascii	"\022\307\021q\261y\253\356\032\247\353\272\261\362j"
 235      B179ABEE 
 235      1AA7EBBA 
 235      B1F26A
 236 00e9 572637EE 		.ascii	"W&7\356;\321\2776\250 j\014\036\276\0134\364\326\357"
 236      3BD1BF36 
 236      A8206A0C 
 236      1EBE0B34 
 236      F4D6EF
 237 00fc 09DD681F 		.ascii	"\011\335h\037\271\275\026\015\201J,\323\227X\2067\272"
 237      B9BD160D 
 237      814A2CD3 
 237      97588637 
 237      BA
 238 010d B2D5B5D5 		.ascii	"\262\325\265\325\2635H\306\215&M\241<\313\246\370\007"
 238      B33548C6 
ARM GAS  C:\Users\Luczia\AppData\Local\Temp\ccZsso5O.s 			page 19


 238      8D264DA1 
 238      3CCBA6F8 
 238      07
 239 011e B23FD767 		.ascii	"\262?\327gZ\236\3111\315JR\024\307\233o\274+ft\020\252"
 239      5A9EC931 
 239      CD4A5214 
 239      C79B6FBC 
 239      2B667410 
 240 0133 889045E6 		.ascii	"\210\220E\346\362]\004\202\274\337\354\024\303\006\001"
 240      F25D0482 
 240      BCDFEC14 
 240      C30601
 241 0142 F467AD15 		.ascii	"\364g\255\025\236Z\254Y\013\371\214\263\335\006vK\313"
 241      9E5AAC59 
 241      0BF98CB3 
 241      DD06764B 
 241      CB
 242 0153 CDD72B6E 		.ascii	"\315\327+n\0313\031\255\365\236\022\263\030\241&]F\373"
 242      193319AD 
 242      F59E12B3 
 242      18A1265D 
 242      46FB
 243 0165 58A955C2 		.ascii	"X\251U\302\261\373z,c$\205:\312(\330\214XF\214\3260"
 243      B1FB7A2C 
 243      6324853A 
 243      CA28D88C 
 243      58468CD6 
 244 017a F6F545DF 		.ascii	"\366\365E\337\177\234\225\004|\006\177)y\346\277\323"
 244      7F9C9504 
 244      7C067F29 
 244      79E6BFD3 
 245 018a CC6F74A3 		.ascii	"\314ot\243z\002/M\254.\354\360\247\001\236[8\317\252"
 245      7A022F4D 
 245      AC2EECF0 
 245      A7019E5B 
 245      38CFAA
 246 019d 8BCE3DE8 		.ascii	"\213\316=\350\006v\355\240F\012\370Rq\243\332r}-8m\254"
 246      0676EDA0 
 246      460AF852 
 246      71A3DA72 
 246      7D2D386D 
 247 01b2 3B90C81E 		.ascii	";\220\310\036\177\231\377\005\301\325\313{\216\300\362"
 247      7F99FF05 
 247      C1D5CB7B 
 247      8EC0F2
 248 01c1 33F1BACC 		.ascii	"3\361\272\3147%@\033\331\362\367\273\273\273=d\327l"
 248      3725401B 
 248      D9F2F7BB 
 248      BBBB3D64 
 248      D76C
 249 01d3 BE2BD1DE 		.ascii	"\276+\321\336\376\343G\343\275\207\373FF\006\372\323"
 249      FEE347E3 
 249      BD87FB46 
 249      4606FAD3 
 250 01e3 83C78692 		.ascii	"\203\307\206\222\211\013\347\006\016%\023\227\206\222"
 250      890BE706 
 250      0E251397 
ARM GAS  C:\Users\Luczia\AppData\Local\Temp\ccZsso5O.s 			page 20


 250      8692
 251 01f1 B154FA7C 		.ascii	"\261T\372|\274\367\214\221\206\207\007\317\356;M\241"
 251      BCF78C91 
 251      868707CF 
 251      EE3B4DA1 
 252 0201 5389742A 		.ascii	"S\211t*}2}1\365\007#\"\302\252"
 252      7D327D31 
 252      F5072322 
 252      C2AA
 253              		.text
 254              		.section	.gnu.lto_WWDG_ClearFlag.803e8af8,"",%progbits
 255 0000 789C6363 		.ascii	"x\234cc``\340cd`\320\003\322\242@\314\300\314\300\310"
 255      6060E063 
 255      6460D003 
 255      D2A240CC 
 255      C0CCC0C8 
 256 0014 C400C48C 		.ascii	"\304\000\304\214@A\006F\206z&\306z\306\036\346)\314"
 256      40410646 
 256      867A26C6 
 256      7AC61EE6 
 256      29CC
 257 0026 8C87DA9F 		.ascii	"\214\207\332\237\355d\322\\\336\000\004\007\246O\020"
 257      ED64D25C 
 257      DE000407 
 257      A64F10
 258 0035 6E6B6895 		.ascii	"nkh\225\230\303\314\3000\215\231\001\014\03073j2\000"
 258      98C3CCC0 
 258      308D9901 
 258      0C183733 
 258      6A3200
 259 0048 953DDAF8 		.ascii	"\225=\332\370o*/\033\013D\234q\013#\033\003\310\240"
 259      6F2A2F1B 
 259      0B449C71 
 259      0B231B03 
 259      C8A0
 260 005a F597580F 		.ascii	"\365\227X\0174\374\373\337\336p\340\234\317\302\265"
 260      34FCFBDF 
 260      DE70E09C 
 260      CFC2B5
 261 0069 6A2C8C0C 		.ascii	"j,\214\014s\230\201\342\035`\315\235\314@\033\231_1"
 261      739881E2 
 261      1D60CD9D 
 261      CC401B99 
 261      5F31
 262 007b 367D7971 		.ascii	"6}yq\352%#H\317,fF\240Q\227?}\233\306\333\315\014T\311"
 262      EA252348 
 262      CF2C6646 
 262      A051973F 
 262      7D9BC6DB 
 263 0093 D870A3A1 		.ascii	"\330p\243\241\201\205q+\243\014\303+\306C_N\310\200"
 263      8185712B 
 263      A30CC32B 
 263      C6435F4E 
 263      C880
 264 00a5 1401554C 		.ascii	"\024\001ULk=t\236\035\242\002d\367\236Cg\217\261-`\234"
 264      6B3D749E 
 264      1DA20264 
ARM GAS  C:\Users\Luczia\AppData\Local\Temp\ccZsso5O.s 			page 21


 264      F79E4367 
 264      8FB12D60 
 265 00ba D70874E3 		.ascii	"\327\010t\343\002\2719\314L@s\030\267\0015\201$\257"
 265      02B939CC 
 265      4C407318 
 265      B7013581 
 265      24AF
 266 00cc 6DDFB59D 		.ascii	"m\337\265\235W\177mCKc\203\302\034ff\306\355\214\013"
 266      577F6D43 
 266      4B6383C2 
 266      1C6666C6 
 266      ED8C0B
 267 00df 18A782ED 		.ascii	"\030\247\202\355g\334\301\250\017T\260\376\315\316\237"
 267      67DCC1A8 
 267      0F54B0FE 
 267      CDCE9F
 268 00ee 60EB80AE 		.ascii	"`\353\200\256c\334\011\324\365\216\261i\301\372e`\007"
 268      63DC09D4 
 268      F58EB169 
 268      C1FA6560 
 268      07
 269 00ff 81BDD801 		.ascii	"\201\275\330\001r2\320\251:\301!\276\306Fn&\025\025"
 269      7232D0A9 
 269      3AC121BE 
 269      C6466E26 
 269      1515
 270 0111 F1C12529 		.ascii	"\361\301%)\001\251E\231\005\031\361.E\231e\251E\372"
 270      01A94599 
 270      0519F12E 
 270      459965A9 
 270      45FA
 271 0123 C525B9C6 		.ascii	"\305%\271\306Fi \251\362\362\224t\275d\006\000y9c\271"
 271      466920A9 
 271      F2F29474 
 271      BD640600 
 271      793963B9 
 272              		.text
 273              		.section	.gnu.lto_.symbol_nodes.803e8af8,"",%progbits
 274 0000 789C55C8 		.ascii	"x\234U\310\273\021\302@\024CQi\3276\273]\341\312d0\230"
 274      BB11C240 
 274      14435169 
 274      D736BB5D 
 274      E1CA6430 
 275 0015 5F420704 		.ascii	"_B\007\004\356\202\224\234\032`\030g\324\340\341-$\274"
 275      EE82949C 
 275      1A601867 
 275      D4E0E12D 
 275      24BC
 276 0027 407335A7 		.ascii	"@s5\247\0010\331\020\326\024p\276\003\226\353\2525\351"
 276      0130D910 
 276      D61470BE 
 276      0396EBAA 
 276      35E9
 277 0039 297AD950 		.ascii	")z\331P\301\313\226\212^\006\252\362\262\243j/{\252"
 277      C1CB968A 
 277      5E06AAF2 
 277      B2A36A2F 
ARM GAS  C:\Users\Luczia\AppData\Local\Temp\ccZsso5O.s 			page 22


 277      7BAA
 278 004b F172A016 		.ascii	"\361r\240\026Nx\244\322W\200\256[\032\234\250\374\017"
 278      4E78A4D2 
 278      5780AE5B 
 278      1A9CA8FC 
 278      0F
 279 005c 1109E363 		.ascii	"\021\011\343cf\351\255\224\031\343\360\276\244\030\354"
 279      66E9AD94 
 279      19E3F0BE 
 279      A418EC
 280 006b 3CE73656 		.ascii	"<\3476V\031\257\322\372W|\000\327\312<k"
 280      19AFD2FA 
 280      577C00D7 
 280      CA3C6B
 281              		.text
 282              		.section	.gnu.lto_.refs.803e8af8,"",%progbits
 283 0000 789C6363 		.ascii	"x\234cc```\004b\006\000\000D\000\010"
 283      60606004 
 283      62060000 
 283      440008
 284              		.text
 285              		.section	.gnu.lto_.decls.803e8af8,"",%progbits
 286 0000 789CAD57 		.ascii	"x\234\255W{PS\331\031\277\337=\211\204\204\004V\267"
 286      7B5053D9 
 286      19BFDF3D 
 286      89848404 
 286      56B7
 287 0012 8E7FF007 		.ascii	"\216\177\360\007\3432\003\323\355\202\350v\326:\235"
 287      E33203D3 
 287      ED82E876 
 287      D63A9D
 288 0021 6D5744EB 		.ascii	"mWD\353L\273\343\200\255\263.3\331H\256\232\016$6\011"
 288      4CBBE380 
 288      ADB32E33 
 288      D948AE9A 
 288      0E243609 
 289 0035 D5ED5F17 		.ascii	"\325\355_\027\020|a\025e\025YY\025YW\024DE\027\025["
 289      107C6115 
 289      65155959 
 289      15595714 
 289      44451715 
 290 004a E2031450 		.ascii	"\342\003\024Py\370D\324\340\372\000\026D\026\251\254"
 290      79F844D4 
 290      E0FA0016 
 290      4416A9AC 
 291 005a A2D2EF9C 		.ascii	"\242\322\357\234{\223\033\"\261\333N\317\344\313\275"
 291      7B931B22 
 291      B1DB4ECF 
 291      E4CBBD
 292 0069 E79CDFF7 		.ascii	"\347\234\337\367\373\236\367\334d\034\307q\301z\216"
 292      FB9EF7DC 
 292      641CC771 
 292      C17A8E
 293 0078 73F31C57 		.ascii	"s\363\034W\2062\202#\030\327Nq\312\320\242T\243\324"
 293      86328223 
 293      18D74E71 
 293      CAD0A254 
ARM GAS  C:\Users\Luczia\AppData\Local\Temp\ccZsso5O.s 			page 23


 293      A3D4
 294 008a A35C45B9 		.ascii	"\243\\E\271\216\322\206\322\216\322\211\322\2152\204"
 294      8ED286D2 
 294      8ED289D2 
 294      8D3284
 295 0099 F29C7B7D 		.ascii	"\362\234{},\007\216S\343\3653\224a\224(\224'(O\345}"
 295      2C078E53 
 295      E3F53394 
 295      61942894 
 295      27284FE5 
 296 00ae 5EE61E1A 		.ascii	"^\346\036\032Cw3\352\352d\335\361(o\243\324\242<CY\210"
 296      437733EA 
 296      EA64DDF1 
 296      286FA3D4 
 296      A23C4359 
 297 00c3 A203892F 		.ascii	"\242\003\211/\004\257Z\224Wx\217\027N\015\022o}\000"
 297      04AF5A94 
 297      57788F17 
 297      4E0D126F 
 297      7D00
 298 00d5 9FF6E3BE 		.ascii	"\237\366\343\276^\346m\225\371<\374\224\303\200\373"
 298      5EE66D95 
 298      F93CFC94 
 298      C380FB
 299 00e4 6FC1D836 		.ascii	"o\301\3306|\371\257\006\340\257\300}\225\314\3773\331"
 299      7CF9AF06 
 299      E0AFC07D 
 299      95CCFF33 
 299      D9
 300 00f5 AF28790F 		.ascii	"\257(y\017\344\374\371\217J\334\010\011\340\323B\331"
 300      E4FCF98F 
 300      4ADC0809 
 300      E0D342D9 
 301 0105 A728D99F 		.ascii	"\247(\331\237\020\231\323\343\017\221\375i\013\340O"
 301      1099D3E3 
 301      0F91FD69 
 301      0BE04F
 302 0114 D51BE2F5 		.ascii	"\325\033\342\365p\207\277!\237\036\376\366\000\374M"
 302      7087BF21 
 302      9F1EFEF6 
 302      00FC4D
 303 0123 728DEFFB 		.ascii	"r\215\357\373p\370\352\253d?;\345\371D\030\255\177\331"
 303      70F8EAAB 
 303      643F3BE5 
 303      F94418AD 
 303      7FD9
 304 0135 A747743E 		.ascii	"\247Gt>\266\243\374\364\273\307\260\235O`\377\246{["
 304      B6A3FCF4 
 304      BBC7B09D 
 304      4F60FFA6 
 304      7B5B
 305 0147 556EB84D 		.ascii	"Un\270M!\020\006 \243}\007\235\217x\006\335\227\000"
 305      21100620 
 305      A37D079D 
 305      8F7806DD 
 305      9700
 306 0159 3C783625 		.ascii	"<x6%\224\277\032\333\003IxN\301*\032>\254>\312\300\006"
ARM GAS  C:\Users\Luczia\AppData\Local\Temp\ccZsso5O.s 			page 24


 306      94BF1ADB 
 306      0349784E 
 306      C12A1A3E 
 306      AC3ECAC0 
 307 016e C75CF1F5 		.ascii	"\307\\\361\365\205y&\273\007\212y\360b<x\037V\360*\275"
 307      857926BB 
 307      078A79F0 
 307      623C781F 
 307      56F02ABD 
 308 0182 EE1D0E22 		.ascii	"\356\035\016\"'\341jo\356\201\220\016\270\203\320O8"
 308      27E16A6F 
 308      EE81900E 
 308      B883D04F 
 308      38
 309 0193 6EA3260D 		.ascii	"n\243&\015\350\352\336\334\314\343j\302\263\373\027"
 309      E8EADEDC 
 309      CCE36AC2 
 309      B3FB17
 310 01a2 592519A1 		.ascii	"Y%\031\241\304\300\356\017\255\255\034\324\305\224\211"
 310      C4C0EE0F 
 310      ADAD1CD4 
 310      C59489
 311 01b1 D2D0FC8D 		.ascii	"\322\320\374\215\203o\201x\362Y;2\344\012]G`\274\026"
 311      836F8178 
 311      F2593B32 
 311      E40A5D47 
 311      60BC16
 312 01c4 789CB6F6 		.ascii	"x\234\266\366_(\322\341\364m-\204\341\264,w$_=i\013"
 312      5F28D2E1 
 312      F46D2D84 
 312      E1B42C77 
 312      245F3D69 
 313 01d9 D5DB9825 		.ascii	"\325\333\230%\206\361\360\331D8\016\341p\014\260\205"
 313      86F1F0D9 
 313      44380EE1 
 313      700CB085 
 314 01e9 E0044CC2 		.ascii	"\340\004L\302o\253Jb\332\334x G5y\247\270\323%\272\334"
 314      6FAB4A62 
 314      DADC7820 
 314      473579A7 
 314      B8D325BA 
 315 01fe 05534A2F 		.ascii	"\005SJ/\344\210\315\250\367[\206\203\243@\240\012bh"
 315      E488CDA8 
 315      F75B8683 
 315      A340A00A 
 315      6268
 316 0210 C847A975 		.ascii	"\310G\251u8\002\035\000\225\340\306\030\252a2\3527\354"
 316      38021D00 
 316      95E0C618 
 316      AA6132EA 
 316      37EC
 317 0222 AA73E9C9 		.ascii	"\252s\351\3112\346\362\355\363\245\373\011\272\021\245"
 317      32E6F2ED 
 317      F3A5FB09 
 317      BA11A5
 318 0231 059A9850 		.ascii	"\005\232\230P\\\252\350=\376L/-QD\353\206\201\222 \222"
 318      5CAAE83D 
ARM GAS  C:\Users\Luczia\AppData\Local\Temp\ccZsso5O.s 			page 25


 318      FE4C2F2D 
 318      5144EB86 
 318      81922092 
 319 0245 096CD2B2 		.ascii	"\011l\322\262\362\340v\"\005\241\302\351\017\027\013"
 319      F2E07622 
 319      05A1C2E9 
 319      0F170B
 320 0254 EF19A420 		.ascii	"\357\031\244 \"\362\011\357n\033\276e\000m\364jQ\314"
 320      22F209EF 
 320      6E1BBE65 
 320      006DF46A 
 320      51CC
 321 0266 14776689 		.ascii	"\024wf\211\301\277\343\340\024\006\341\302 \340\014"
 321      C1BFE3E0 
 321      1406E1C2 
 321      20E00C
 322 0275 44534AEA 		.ascii	"DSJ\352\032\374\023\027\377\201\213{h\274\256\307\245"
 322      1AFC1317 
 322      FF818B7B 
 322      68BCAEC7 
 322      A5
 323 0286 1F6E1B10 		.ascii	"\037n\033\020\305\0108\015Z\250Q\334\217\322J\361\226"
 323      C508380D 
 323      5AA851DC 
 323      8FD24AF1 
 323      96
 324 0297 96E4158F 		.ascii	"\226\344\025\217#\203\314\003\276\372\313\007\265| "
 324      2383CC03 
 324      BEFACB07 
 324      B57C20
 325 02a6 1B75816D 		.ascii	"\033u\201m\324L\256\313\026E\036j\321\306Y\305\006\232"
 325      D44CAECB 
 325      16451E6A 
 325      D1C659C5 
 325      069A
 326 02b8 948C9CDB 		.ascii	"\224\214\234\333{\364\024\250\260\035\031\002S\215k"
 326      7BF414A8 
 326      B01D1902 
 326      538D6B
 327 02c7 5B2F179F 		.ascii	"[/\027\237\320\007,\312yV\224s W\245\275\241\2705H\251"
 327      D0072CCA 
 327      79569473 
 327      2057A5BD 
 327      A1B83548 
 328 02dc CA7EA52A 		.ascii	"\312~\245*\010\204\223\212\311\223\376U\251gU\331\236"
 328      0884938A 
 328      C993FE55 
 328      A96755D9 
 328      9E
 329 02ed BB7A2B90 		.ascii	"\273z+\2206\251\253*\262\357\227j0\261\341X\026\360"
 329      36A9AB2A 
 329      B2EF976A 
 329      30B1E158 
 329      16F0
 330 02ff A949B854 		.ascii	"\251I\270T\223#\256'\345*\362\210a\371C\345\367\377"
 330      9323AE27 
 330      E52AF288 
ARM GAS  C:\Users\Luczia\AppData\Local\Temp\ccZsso5O.s 			page 26


 330      61F943E5 
 330      F7FF
 331 0311 0CD15A4F 		.ascii	"\014\321ZO.c\262W\3218\2330\212\213\212\321p\032&\313"
 331      2E63B257 
 331      D1389B30 
 331      8A8B8AD1 
 331      701A26CB 
 332 0325 99B85B24 		.ascii	"\231\270[$\2238\230\026\016S0c\2270c\341r\306.`h\215"
 332      93389816 
 332      0E533063 
 332      973063E1 
 332      72C62E60 
 333 033b 181A4DF9 		.ascii	"\030\032M\371\216\275g\365dH2p\247\374\361%\242X\250"
 333      8EBD67F5 
 333      64483270 
 333      A7FCF125 
 333      A258A8
 334 034e 995CC932 		.ascii	"\231\\\3112\331\212\026\232\025\013M\020\300D\313\330"
 334      D98A169A 
 334      150B4D10 
 334      C044CBD8 
 335 035e 268EB85B 		.ascii	"&\216\270[\277\321\261\204\267z\023~\255\260}\035\011"
 335      BFD1B184 
 335      B77A137E 
 335      ADB07D1D 
 335      09
 336 036f 98F02B2C 		.ascii	"\230\360+,\341\227=\011\257\274\363\262\301\340M\370"
 336      E1973D09 
 336      AFBCF3B2 
 336      C1E04DF8 
 337 037f AFCB9584 		.ascii	"\257\313\225\204#\020\032\024\317\032\374\023~\225%"
 337      23101A14 
 337      CF1AFC13 
 337      7E9525
 338 038e 7C65C9BE 		.ascii	"|e\311\276sz2\"%\274\374a\335n\220\311\006\246\027\212"
 338      737A3222 
 338      25BCFC61 
 338      DD6E90C9 
 338      06A6178A 
 339 03a2 2E8C0263 		.ascii	".\214\002c\244\017\3245\205\351\232?\323u\306\324\332"
 339      A40FD435 
 339      85E99A3F 
 339      D375C6D4 
 339      DA
 340 03b3 DEB33B98 		.ascii	"\336\263;\230\254'\214\251\257\271\261_-3\265\316\360"
 340      AC278CA9 
 340      AFB9B15F 
 340      2D33B5CE 
 340      F0
 341 03c4 32519F6E 		.ascii	"2Q\237n(L7\374\231\332\030S\227XS\254\"E\022Sev\347"
 341      284C37FC 
 341      99DA1853 
 341      975853AC 
 341      22451253 
 342 03db 6D4F4735 		.ascii	"mOG5|8\212\351\246\302t\323\237\251\23515\357\271U\256"
 342      7C388AE9 
 342      A6C274D3 
ARM GAS  C:\Users\Luczia\AppData\Local\Temp\ccZsso5O.s 			page 27


 342      9FA99D31 
 342      35EFB955 
 343 03f0 21A51253 		.ascii	"!\245\022SOMQ\275\236\234\224&\327\313{\316\3531\361"
 343      4F4D51BD 
 343      9E9C9426 
 343      D7CB7BCE 
 343      EB31F1
 344 0403 78B41378 		.ascii	"x\264\023x7\234\345r\360\273\346W@\\\022\240\341^\335"
 344      379CE572 
 344      F0BBE657 
 344      405C12A0 
 344      E15EDD
 345 0416 E5200A70 		.ascii	"\345 \012p#\340\347\341x\372\321\342\360/3\212\216\251"
 345      23E0E7E1 
 345      78FAD1E2 
 345      F02F338A 
 345      8EA9
 346 0428 215A23B5 		.ascii	"!Z#\265\301\320\217\0215\231\324\235\357@\303\311\276"
 346      C1D08F11 
 346      3599D49D 
 346      EF40C3C9 
 346      BE
 347 0439 D091C31A 		.ascii	"\320\221\303\032 +Ci\000\216B(\002\356b't\200\312\267"
 347      202B4369 
 347      008E4228 
 347      02EE6227 
 347      7480CAB7 
 348 044d 0B466A5E 		.ascii	"\013Fj^T\002\031a\206\371MW\267\254\323\200&\372u\016"
 348      54021961 
 348      86F94D57 
 348      B7ACD380 
 348      26FA750E 
 349 0461 7880AA81 		.ascii	"x\200\252\201h$\207\356\324\214\3033\027\356#\350\236"
 349      682487EE 
 349      D48CC333 
 349      17EE23E8 
 349      9E
 350 0472 921DEA1D 		.ascii	"\222\035\352\035\213\260\352\311\231\257G\035\260\024"
 350      8BB0EAC9 
 350      99AF471D 
 350      B014
 351 0480 A8F4D6C3 		.ascii	"\250\364\326\303Q'l\313\303U_\251\225g\271\376X\227"
 351      51276CCB 
 351      C3555FA9 
 351      9567B9FE 
 351      5897
 352 0492 286A5514 		.ascii	"(jU\024\004\267\024\356[\376\231\357d\231\377\252\357"
 352      04B714EE 
 352      5BFE99EF 
 352      6499FFAA 
 352      EF
 353 04a3 74A19AAC 		.ascii	"t\241\232\254U\261\\^9Q\326\250\223\231\352.\204\214"
 353      55B15C5E 
 353      3951D6A8 
 353      9399EA2E 
 353      848C
 354 04b5 6AAC2E85 		.ascii	"j\254.\205\252\313\237\252\233Q=z\354*\323\223m\022"
ARM GAS  C:\Users\Luczia\AppData\Local\Temp\ccZsso5O.s 			page 28


 354      AACB9FAA 
 354      9B513D7A 
 354      EC2AD393 
 354      6D12
 355 04c7 D5CEE6DC 		.ascii	"\325\316\346\334N\236\034\224&Egn4\031h\215z\224\">"
 355      4E9E1C94 
 355      2645676E 
 355      3419688D 
 355      7A94223E 
 356 04db DDD55ECF 		.ascii	"\335\325^\317\223*\011P\322{\243\212\247\200GR\021{"
 356      932A0950 
 356      D27BA38A 
 356      A7804752 
 356      117B
 357 04ed A522DEDB 		.ascii	"\245\"\336\333s\370>\357S\304\351R\021\373\377s\021"
 357      73F83EEF 
 357      53C4E952 
 357      11FBFF73 
 357      11
 358 04fe FBE5EC3F 		.ascii	"\373\345\354?\306\354\367\215.b\337\327\233\236\000"
 358      C6ECF78D 
 358      2E62DFD7 
 358      9B9E00
 359 050d A96186F9 		.ascii	"\251a\206\3715\303\017C\275\006.\235gEy\202\272?(\321"
 359      35C30F43 
 359      BD062E9D 
 359      67457982 
 359      BA3F28D1 
 360 0521 F6B3A28C 		.ascii	"\366\263\242\214Q\345\001\344~\203\235\274\035\207\237"
 360      51E501E4 
 360      7E839DBC 
 360      1D879F
 361 0530 1BD89141 		.ascii	"\033\330\221A\011\245#\343\233\214\333=\006\357\271"
 361      09A523E3 
 361      9B8CDB3D 
 361      06EFB9
 362 053f 3DC8A284 		.ascii	"=\310\242\204\316\212}y|\300s\344)\253\365\277<\347"
 362      CE8A7D79 
 362      7CC073E4 
 362      29ABF5BF 
 362      3CE7
 363 0551 48E3F3FC 		.ascii	"H\343\363\374\303\364\034\351@\177G\266\221KM\335\342"
 363      C3F41CE9 
 363      407F47B6 
 363      914B4DDD 
 363      E2
 364 0562 6A2D43C1 		.ascii	"j-C\301\367\212\317\337\313or\030b\225\331\\\321\335"
 364      F78ACFDF 
 364      CB6F7218 
 364      6295D95C 
 364      D1DD
 365 0574 AB23C352 		.ascii	"\253#\303R\256_{y/\324\372\230{F\315\311?\002.\275\332"
 365      AE5F7B79 
 365      2FD4FA98 
 365      7B46CDC9 
 365      3F022EBD 
 366 0589 E80E916D 		.ascii	"\350\016\221m\271\013\"\312\352r\\\363\030\002~\224"
ARM GAS  C:\Users\Luczia\AppData\Local\Temp\ccZsso5O.s 			page 29


 366      B90B22CA 
 366      EA725CF3 
 366      18027E94 
 367 0599 F83D570E 		.ascii	"\370=W\016\2363;\267\272\253\252u!k\275/;\346\226\347"
 367      9E333BB7 
 367      BAABAA75 
 367      216BBD2F 
 367      3BE696E7 
 368 05ad 7DC7C130 		.ascii	"}\307\3010\20400^\021\\X=\330\240\226\336\316\032\332"
 368      8430305E 
 368      115C583D 
 368      D8A096DE 
 368      CE1ADA
 369 05c0 3D770F6E 		.ascii	"=w\017n7\220\325j\346cA\353\241\004-\236\316Y?\351\245"
 369      3790D56A 
 369      E66341EB 
 369      A1042D9E 
 369      CE593FE9 
 370 05d5 490F9013 		.ascii	"I\017\220\023\035\017\014$W\322\036\356\312o\003\211"
 370      1D0F0C24 
 370      57D21EEE 
 370      CA6F0389 
 371 05e5 991ACAAC 		.ascii	"\231\032\312\254n\313\013\225\336\373\035t{\240\260"
 371      6ECB0B95 
 371      DEFB1D74 
 371      7BA0B0
 372 05f4 AE474B36 		.ascii	"\256GK60\254\272o\315\303\0065DFFN\210.\026Wf\211\256"
 372      30ACBA6F 
 372      CDC30635 
 372      4446464E 
 372      882E1657 
 373 060b EBFBC8E3 		.ascii	"\353\373\310\343\243%-\031b\311$x\005\364\215F \207"
 373      A3252D19 
 373      62C92478 
 373      05F48D46 
 373      2087
 374 061d 9FA07810 		.ascii	"\237\240x\020KC\211\243\277\225%\205\206\012\202\017"
 374      4B4389A3 
 374      BF952585 
 374      860A820F 
 375 062d CA4AC2D0 		.ascii	"\312J\302\320\231\274\037\372\005\370\301O\373\302_"
 375      99BC1FFA 
 375      05F8C14F 
 375      FBC25F
 376 063c 8E497E8A 		.ascii	"\216I~\212\352py\254B(Xz\310\340\303A\344\351&\205\323"
 376      EA7079AC 
 376      4228587A 
 376      C8E0C341 
 376      E4E92685 
 377 0651 8E5BC547 		.ascii	"\216[\305GC\026\037\011\331(+\371HV\006\251\215\373"
 377      43161F09 
 377      D9282BF9 
 377      485606A9 
 377      8DFB
 378 0663 0E906DA2 		.ascii	"\016\220m\242\030F\221\276\217\011F\236S{\345n0\271"
 378      184691BE 
 378      8F09469E 
ARM GAS  C:\Users\Luczia\AppData\Local\Temp\ccZsso5O.s 			page 30


 378      537BE56E 
 378      30B9
 379 0675 C822E707 		.ascii	"\310\"\347\007*\313\326c\357O\220\224\256U\220,4\005"
 379      2ACBD663 
 379      EF4F9094 
 379      AE55902C 
 379      3405
 380 0687 6B917E35 		.ascii	"k\221~5\357m$\312\021\300\025X\203\036\274\311\0334"
 380      EF6D24CA 
 380      11C01558 
 380      831EBCC9 
 380      1B34
 381 0699 D83B78AA 		.ascii	"\330;x\252h\234oC\254\365\011\226\203u\274\324\020x"
 381      689C6F43 
 381      ACF50996 
 381      8375BCD4 
 381      1078
 382 06ab 45F08E17 		.ascii	"E\360\216\027\303\333\014\276\340g\243\272'W\006\347"
 382      C3DB0CBE 
 382      E067A3BA 
 382      275706E7 
 383 06bb 523029EE 		.ascii	"R0)\356s\027\204\342\036hQ\012E\354\025\261\005\340"
 383      731784E2 
 383      1E68510A 
 383      45EC15B1 
 383      05E0
 384 06cd EFBC96BE 		.ascii	"\357\274\226\276\324E\3329\276\307\001]\347`=z\276\001"
 384      D445DA39 
 384      BEC7015D 
 384      E7603D7A 
 384      BE01
 385 06df 3D67F0FE 		.ascii	"=g\360\376\337\260U\372\205\266/\326^.\010\"7YfT_\236"
 385      DFB055FA 
 385      85B62FD6 
 385      5E2E0822 
 385      37596654 
 386 06f5 FDB64F07 		.ascii	"\375\266O\007\301H\214\237\350U\322\223\2771\014\274"
 386      C1488C9F 
 386      E855D293 
 386      BF310CBC 
 387 0705 4F7E3E46 		.ascii	"O~>F\233\307\343_d\330\204\224\233\031\245\206\2550"
 387      9BC7E35F 
 387      64D88494 
 387      9B19A586 
 387      AD30
 388 0717 EA3076BB 		.ascii	"\3520v\273\307\363\313\232\243S\330\310\023\357_\000"
 388      C7F3CB9A 
 388      A353D8C8 
 388      13EF5F00 
 389 0727 9CA3CD0B 		.ascii	"\234\243\315\013]\253\356\216J\016\355\010%\336/\344"
 389      5DABEE8E 
 389      4A0EED08 
 389      25DE2FE4 
 390 0737 78BF60C9 		.ascii	"x\277`\3119Y\233\235\317\277\263\213\325\312]\020\331"
 390      39599B9D 
 390      CFBFB38B 
 390      D5CA5D10 
ARM GAS  C:\Users\Luczia\AppData\Local\Temp\ccZsso5O.s 			page 31


 390      D9
 391 0748 982966D2 		.ascii	"\230)f\322\203\202\035\343\022\351\026\376\035N\267"
 391      83821DE3 
 391      12E916FE 
 391      1D4EB7
 392 0757 60C1AC39 		.ascii	"`\301\2549\306Y\302\\\253\305\371n\322\374?L\233:\373"
 392      C659C25C 
 392      ABC5F96E 
 392      D2FC3F4C 
 392      9B3AFB
 393 076a FD152B8C 		.ascii	"\375\025+\214IN\363<\301nY\266\3248\313n\371\253`\217"
 393      494EF33C 
 393      C16E59B6 
 393      D438CB6E 
 393      F9AB608F 
 394 077e 7538D3A6 		.ascii	"u8\323\246M]L\267\226/7/\211I\321\314\371\370\217\021"
 394      4D5D4CB7 
 394      962F372F 
 394      8949D1CC 
 394      F9F88F11 
 395 0792 F17171DC 		.ascii	"\361qq\334/\376\013%\356-f-Ip\316\263\013\216\024S\252"
 395      2FFE0B25 
 395      EE2D662D 
 395      4970CEB3 
 395      0B8E1453 
 396 07a7 60D71A8D 		.ascii	"`\327\032\215\351\026\253s\332T\243sq\312\214\344\224"
 396      E916AB73 
 396      DA54A373 
 396      71CA8CE4 
 396      94
 397 07b8 A5964516 		.ascii	"\245\226E\026\2073\335l\261%;m\266TG\362\022kz\004\273"
 397      8733DD6C 
 397      B1253B6D 
 397      B65447F2 
 397      126B7A04 
 398 07cd 8B30D9   		.ascii	"\2130\331"
 399 07d0 D32284B4 		.ascii	"\323\"\204\264E\202\331,\230\223?\210\231\0221uJ\334"
 399      4582D92C 
 399      98933F88 
 399      99123175 
 399      4ADC
 400 07e2 077F793F 		.ascii	"\007\177y?\031\327\337\263\332\254\302{\202i\221%\331"
 400      19D7DFB3 
 400      DAACC27B 
 400      82699125 
 400      D9
 401 07f3 624D494D 		.ascii	"bMIM7\013\311i&\344\262\012\311F\263\260\330\224\236"
 401      370BC969 
 401      26E4B20A 
 401      C946B3B0 
 401      D8949E
 402 0806 EA343A3F 		.ascii	"\3524:?_&8b\226r\032\217\275O\377\257\366\034\237;\222"
 402      5F263862 
 402      96721A8F 
 402      BD4FFFAF 
 402      F61C9F3B 
 403 081b 8D0EA719 		.ascii	"\215\016\247\031\311\321\310\004O\240\013,V\263m\371"
ARM GAS  C:\Users\Luczia\AppData\Local\Temp\ccZsso5O.s 			page 32


 403      C9D1C804 
 403      4FA00B2C 
 403      56B36DF9 
 404 082b 9F4CA9E9 		.ascii	"\237L\251\351B\260\024\352t\2433H\276\352\031*\301j"
 404      42B014EA 
 404      74A33348 
 404      BEEA192A 
 404      C16A
 405 083d 5A942ACC 		.ascii	"Z\224*\314\235\037\352\321\211\267\245[\235\202]\347"
 405      9D1FEAD1 
 405      89B7A55B 
 405      9D825DE7 
 406 084d B33B9EDD 		.ascii	"\263;\236\335\317\021\234\263SMK\222\234&g\272\203$"
 406      CF119CB3 
 406      534D4B92 
 406      9C2667BA 
 406      8324
 407 085f 25CC5727 		.ascii	"%\314W'&\340\367\364\230\230X\374\260Xl\216\270_\305"
 407      26E0F7F4 
 407      989858FC 
 407      B0586C8E 
 407      B85FC5
 408 0872 C5DA1CB1 		.ascii	"\305\332\034\261)\266\2644\2335VX\341\214M\232\037\353"
 408      29B6B434 
 408      9B355658 
 408      E18C4D9A 
 408      1FEB
 409 0884 2D925213 		.ascii	"-\222R\023\364R\253\260\031\230\201\370T\301d\247\213"
 409      F452ABB0 
 409      199881F8 
 409      54C164A7 
 409      8B
 410 0895 1313E3E3 		.ascii	"\023\023\343\343\215\037\315\233\031'\0254Qp\240[i\346"
 410      8D1FCD9B 
 410      19271534 
 410      5170A05B 
 410      69E6
 411 08a7 71091F7F 		.ascii	"q\011\037\1774\363\367\011A\263\346&\321k\350\354tk"
 411      34F3F709 
 411      41B3E626 
 411      D16BE8EC 
 411      746B
 412 08b9 8AD362B3 		.ascii	"\212\323b\263\232R)\213\360\323\032\310\236\222\202"
 412      9A52298B 
 412      F0D31AC8 
 412      9E9282
 413 08c8 B6434C0E 		.ascii	"\266CL\016\207`w\032\227\231\354\2464\022?;\221\217"
 413      8760771A 
 413      9799ECA6 
 413      34123F3B 
 413      918F
 414 08da 4FE49312 		.ascii	"O\344\223\022g\374\017\261L\371%\213&\204\2050\037\313"
 414      67FC0FB1 
 414      4CF9258B 
 414      26848530 
 414      1FCB
 415 08ec 3C4B58AC 		.ascii	"<KX\2546\316\304\"\376\033\274\271\321\177"
ARM GAS  C:\Users\Luczia\AppData\Local\Temp\ccZsso5O.s 			page 33


 415      36CEC422 
 415      FE1BBCB9 
 415      D17F
 416              		.text
 417              		.section	.gnu.lto_.symtab.803e8af8,"",%progbits
 418 0000 57574447 		.ascii	"WWDG_DeInit\000"
 418      5F446549 
 418      6E697400 
 419 000c 00       		.ascii	"\000"
 420 000d 00       		.ascii	"\000"
 421 000e 00       		.ascii	"\000"
 422 000f 00000000 		.ascii	"\000\000\000\000\000\000\000\000"
 422      00000000 
 423 0017 BB000000 		.ascii	"\273\000\000\000"
 424 001b 57574447 		.ascii	"WWDG_SetPrescaler\000"
 424      5F536574 
 424      50726573 
 424      63616C65 
 424      7200
 425 002d 00       		.ascii	"\000"
 426 002e 00       		.ascii	"\000"
 427 002f 00       		.ascii	"\000"
 428 0030 00000000 		.ascii	"\000\000\000\000\000\000\000\000"
 428      00000000 
 429 0038 C9000000 		.ascii	"\311\000\000\000"
 430 003c 57574447 		.ascii	"WWDG_SetWindowValue\000"
 430      5F536574 
 430      57696E64 
 430      6F775661 
 430      6C756500 
 431 0050 00       		.ascii	"\000"
 432 0051 00       		.ascii	"\000"
 433 0052 00       		.ascii	"\000"
 434 0053 00000000 		.ascii	"\000\000\000\000\000\000\000\000"
 434      00000000 
 435 005b D5000000 		.ascii	"\325\000\000\000"
 436 005f 57574447 		.ascii	"WWDG_EnableIT\000"
 436      5F456E61 
 436      626C6549 
 436      5400
 437 006d 00       		.ascii	"\000"
 438 006e 00       		.ascii	"\000"
 439 006f 00       		.ascii	"\000"
 440 0070 00000000 		.ascii	"\000\000\000\000\000\000\000\000"
 440      00000000 
 441 0078 D7000000 		.ascii	"\327\000\000\000"
 442 007c 57574447 		.ascii	"WWDG_SetCounter\000"
 442      5F536574 
 442      436F756E 
 442      74657200 
 443 008c 00       		.ascii	"\000"
 444 008d 00       		.ascii	"\000"
 445 008e 00       		.ascii	"\000"
 446 008f 00000000 		.ascii	"\000\000\000\000\000\000\000\000"
 446      00000000 
 447 0097 D9000000 		.ascii	"\331\000\000\000"
 448 009b 57574447 		.ascii	"WWDG_Enable\000"
ARM GAS  C:\Users\Luczia\AppData\Local\Temp\ccZsso5O.s 			page 34


 448      5F456E61 
 448      626C6500 
 449 00a7 00       		.ascii	"\000"
 450 00a8 00       		.ascii	"\000"
 451 00a9 00       		.ascii	"\000"
 452 00aa 00000000 		.ascii	"\000\000\000\000\000\000\000\000"
 452      00000000 
 453 00b2 DB000000 		.ascii	"\333\000\000\000"
 454 00b6 57574447 		.ascii	"WWDG_GetFlagStatus\000"
 454      5F476574 
 454      466C6167 
 454      53746174 
 454      757300
 455 00c9 00       		.ascii	"\000"
 456 00ca 00       		.ascii	"\000"
 457 00cb 00       		.ascii	"\000"
 458 00cc 00000000 		.ascii	"\000\000\000\000\000\000\000\000"
 458      00000000 
 459 00d4 E7000000 		.ascii	"\347\000\000\000"
 460 00d8 57574447 		.ascii	"WWDG_ClearFlag\000"
 460      5F436C65 
 460      6172466C 
 460      616700
 461 00e7 00       		.ascii	"\000"
 462 00e8 00       		.ascii	"\000"
 463 00e9 00       		.ascii	"\000"
 464 00ea 00000000 		.ascii	"\000\000\000\000\000\000\000\000"
 464      00000000 
 465 00f2 E9000000 		.ascii	"\351\000\000\000"
 466 00f6 5243435F 		.ascii	"RCC_APB1PeriphResetCmd\000"
 466      41504231 
 466      50657269 
 466      70685265 
 466      73657443 
 467 010d 00       		.ascii	"\000"
 468 010e 02       		.ascii	"\002"
 469 010f 00       		.ascii	"\000"
 470 0110 00000000 		.ascii	"\000\000\000\000\000\000\000\000"
 470      00000000 
 471 0118 F7000000 		.ascii	"\367\000\000\000"
 472 011c 61737365 		.ascii	"assert_param\000"
 472      72745F70 
 472      6172616D 
 472      00
 473 0129 00       		.ascii	"\000"
 474 012a 02       		.ascii	"\002"
 475 012b 00       		.ascii	"\000"
 476 012c 00000000 		.ascii	"\000\000\000\000\000\000\000\000"
 476      00000000 
 477 0134 FA000000 		.ascii	"\372\000\000\000"
 478              		.text
 479              		.section	.gnu.lto_.opts,"",%progbits
 480 0000 272D666D 		.ascii	"'-fmath-errno' '-fsigned-zeros' '-ftrapping-math' '"
 480      6174682D 
 480      6572726E 
 480      6F272027 
 480      2D667369 
ARM GAS  C:\Users\Luczia\AppData\Local\Temp\ccZsso5O.s 			page 35


 481 0033 2D666E6F 		.ascii	"-fno-trapv' '-fno-strict-overflow' '-fno-openmp' '-"
 481      2D747261 
 481      70762720 
 481      272D666E 
 481      6F2D7374 
 482 0066 666E6F2D 		.ascii	"fno-openacc' '-mcpu=cortex-m4' '-mthumb' '-O0' '-fo"
 482      6F70656E 
 482      61636327 
 482      20272D6D 
 482      6370753D 
 483 0099 6D69742D 		.ascii	"mit-frame-pointer' '-falign-functions=16' '-ffuncti"
 483      6672616D 
 483      652D706F 
 483      696E7465 
 483      72272027 
 484 00cc 6F6E2D73 		.ascii	"on-sections' '-fdata-sections' '-fno-common' '-flto"
 484      65637469 
 484      6F6E7327 
 484      20272D66 
 484      64617461 
 485 00ff 2700     		.ascii	"'\000"
 486              		.text
 487              		.comm	__gnu_lto_v1,1,1
 488              		.comm	__gnu_lto_slim,1,1
 489              		.ident	"GCC: (GNU Tools for Arm Embedded Processors 7-2017-q4-major) 7.2.1 20170904 (release) [ARM
ARM GAS  C:\Users\Luczia\AppData\Local\Temp\ccZsso5O.s 			page 36


DEFINED SYMBOLS
                            *ABS*:00000000 stm32f4xx_wwdg.c
                            *COM*:00000001 __gnu_lto_v1
                            *COM*:00000001 __gnu_lto_slim

NO UNDEFINED SYMBOLS
