ARM GAS  C:\Users\Luczia\AppData\Local\Temp\cc8bLBT4.s 			page 1


   1              		.cpu cortex-m4
   2              		.eabi_attribute 20, 1
   3              		.eabi_attribute 21, 1
   4              		.eabi_attribute 23, 3
   5              		.eabi_attribute 24, 1
   6              		.eabi_attribute 25, 1
   7              		.eabi_attribute 26, 1
   8              		.eabi_attribute 30, 6
   9              		.eabi_attribute 34, 1
  10              		.eabi_attribute 18, 4
  11              		.file	"stm32_isr.c"
  12              		.section	.gnu.lto_.inline.803e97dd,"",%progbits
  13 0000 789C6363 		.ascii	"x\234cc``hf@\000&\006\006\211k \232i\201<\003\013\210"
  13      60606866 
  13      40002606 
  13      06896B20 
  13      9A69813C 
  14 0017 CBC0C0CC 		.ascii	"\313\300\300\314\003\026'\236bd\020<\217f\006\0237H"
  14      0316279E 
  14      6264103C 
  14      8F660613 
  14      3748
  15 0029 98189201 		.ascii	"\230\030\222\001\000\263\023\004\306"
  15      00B31304 
  15      C6
  16              		.text
  17              		.section	.gnu.lto_irqInit.803e97dd,"",%progbits
  18 0000 789C7DD1 		.ascii	"x\234}\321?H\002Q\030\000\360\357\273WwjES\324\020\315"
  18      3F480251 
  18      1800F0EF 
  18      BB57776A 
  18      4553D410 
  19 0015 B978A82D 		.ascii	"\271x\250-Es[4\324\036\345\242P\030\236\203\333\035"
  19      45735B34 
  19      D41EE5A2 
  19      50189E83 
  19      DB1D
  20 0027 81697F88 		.ascii	"\201i\177\210\202R\202C\254%\207@\244\314\316\262.\233"
  20      82528243 
  20      AC258740 
  20      A4CCCEB2 
  20      2E9B
  21 0039 2A6C6809 		.ascii	"*lh\011j*\263Ij\017\262\336\335\013\342\206\356\343"
  21      6A2AB349 
  21      6A0FB2DE 
  21      DD0BE286 
  21      EEE3
  22 004b FDE17BEF 		.ascii	"\375\341{\357\373}ox<\000x9\200Q\272\367\320\011\004"
  22      FB7D6F78 
  22      3C007839 
  22      8051BAF7 
  22      D00904
  23 005e 90A6C821 		.ascii	"\220\246\310!\322\004A\346P\3065\262E\260\232x\3238"
  23      D20441E6 
  23      50C635B2 
  23      45B09A78 
  23      D338
ARM GAS  C:\Users\Luczia\AppData\Local\Temp\cc8bLBT4.s 			page 2


  24 0070 F7BE4243 		.ascii	"\367\276BCOot/)\361>\225\000\244\010\230\201\207\350"
  24      4F6F742F 
  24      29F13E95 
  24      00A40898 
  24      8187E8
  25 0083 065AF652 		.ascii	"\006Z\366Rhmw\361m\354\034\217\220\007\243Q\376\276"
  25      686D77F1 
  25      6DEC1C8F 
  25      9007A351 
  25      FEBE
  26 0095 5D575ADF 		.ascii	"]WZ\337\011E\177\335\303\322\204\023 i\272eB\037#M\214"
  26      09457FDD 
  26      C3D28413 
  26      2069BA65 
  26      421F234D 
  27 00aa 67F31962 		.ascii	"g\363\031bV\323\026\232\326|\022\344/\305\241\022L\021"
  27      56D3169A 
  27      D67C12E4 
  27      2FC5A112 
  27      4C11
  28 00bc CAB188B2 		.ascii	"\312\261\210\262q\321\310]\325]\253D%\034\362x\214\375"
  28      71D1C85D 
  28      D55DAB44 
  28      251CF278 
  28      8CFD
  29 00ce C6540901 		.ascii	"\306T\011\001\303\027\006\376\347%\306\257o\322\271"
  29      C31706FE 
  29      E725C6AF 
  29      6FD2B9
  30 00dd 4EC6053C 		.ascii	"N\306\005<\261\362\242\015\327\030_\371|Xw0\356\300"
  30      B1F2A20D 
  30      D7185FF9 
  30      7C587730 
  30      EEC0
  31 00ef B2956B36 		.ascii	"\262\225k6\374\224\361Tm\263\3143\356\3043+\257\330"
  31      FC94F154 
  31      6DB3CC33 
  31      EEC4332B 
  31      AFD8
  32 0101 F00AE3B5 		.ascii	"\360\012\343\265\335\203\273_\356\302s+\177\266\341"
  32      DD83BB5F 
  32      EEC2732B 
  32      7FB6E1
  33 0110 178CD777 		.ascii	"\027\214\327w\032\345\016\306{Q\267\362\206\015\277"
  33      1AE50EC6 
  33      7B51B7F2 
  33      860DBF
  34 011f 64BC78AB 		.ascii	"d\274x\253?\012\214\017b\365\217\277\343b\366#\203\246"
  34      3F0A8C0F 
  34      62F58FBF 
  34      E362F623 
  34      83A6
  35 0131 37226920 		.ascii	"7\"i \372\245#\036\217HG \030\232\015\205%\357\260W"
  35      FAA5231E 
  35      8F484720 
  35      189A0D85 
  35      25EFB057 
ARM GAS  C:\Users\Luczia\AppData\Local\Temp\cc8bLBT4.s 			page 3


  36 0145 0C4B6270 		.ascii	"\014KbpfN\\\010G\242\222895\356\367\261ul(\026\023\245"
  36      664E5C08 
  36      47A29238 
  36      3935EEF7 
  36      B1756C28 
  37 015c E8BCDF37 		.ascii	"\350\274\3377\035\222\"\236\000\374\000\313M\273K"
  37      1D92229E 
  37      00FC00CB 
  37      4DBB4B
  38              		.text
  39              		.section	.gnu.lto_irqDeinit.803e97dd,"",%progbits
  40 0000 789C7DD1 		.ascii	"x\234}\321?H\002Q\030\000\360\357\273WwjES\324\020\264"
  40      3F480251 
  40      1800F0EF 
  40      BB57776A 
  40      4553D410 
  41 0015 E6E2A1B6 		.ascii	"\346\342\241\266\024\315m\321P{\224\213Bax\016nwD\245"
  41      14CD6DD1 
  41      507B948B 
  41      4261780E 
  41      6E7744A5 
  42 0029 FD21084A 		.ascii	"\375!\010J\011\016\264\226\034\202\2102;\313\272l\252"
  42      090EB496 
  42      1C828832 
  42      3BCBBA6C 
  42      AA
  43 003a B02182A0 		.ascii	"\260!\202\240\246\022\203\300\232\202\240\310zw/\270"
  43      A61283C0 
  43      9A82A0C8 
  43      7A772FB8 
  44 004a A9FB787F 		.ascii	"\251\373x\177\370\336\373~\337\033\036\017\000m\034"
  44      F8DEFB7E 
  44      DF1B1E0F 
  44      006D1C
  45 0059 40BFB1D3 		.ascii	"@\277\261\323\011\004\220\246\310!\322\004A\346P\306"
  45      090490A6 
  45      C821D204 
  45      41E650C6 
  46 0069 25B24AB0 		.ascii	"%\262J\260\024\177\3268\367\226BCO\335\266\316)\263"
  46      147FD638 
  46      F7964243 
  46      4FDDB6CE 
  46      29B3
  47 007b 1D2A0148 		.ascii	"\035*\001H\0220\003\367\320\015\264\354i\267\276\326"
  47      123003F7 
  47      D00DB4EC 
  47      69B7BED6 
  48 008b C237B073 		.ascii	"\3027\260s\334G\036\214F;7\215\272R\377\211+\372\373"
  48      DC471E8C 
  48      463B378D 
  48      BA52FF89 
  48      2BFAFB
  49 009e 267E0D39 		.ascii	"&~\0159\001\022\246\233'\3641R\303\231L>M\314j\332B"
  49      0112A69B 
  49      27F43152 
  49      C3994C3E 
  49      4DCC6ADA 
ARM GAS  C:\Users\Luczia\AppData\Local\Temp\cc8bLBT4.s 			page 4


  50 00b3 D36A0F82 		.ascii	"\323j\017\202\374\2558T\202IB9\346P6.\252\331\363\212"
  50      FCAD3854 
  50      82494239 
  50      E650362E 
  50      AAD9F38A 
  51 00c7 6B91A884 		.ascii	"k\221\250\204C\036\017\260S%\004\014\253u\375O\363\214"
  51      431E0FB0 
  51      5325040C 
  51      AB75FD4F 
  51      F38C
  52 00d9 5E5CA6B2 		.ascii	"^\\\246\262\315\214\012xh\321\242\015\325\030]\370\274"
  52      CD8C0A78 
  52      68D1A20D 
  52      D5185DF8 
  52      BC
  53 00ea 5B7630EA 		.ascii	"[v0\352\300\202E\037m\350\021\243\311\362J\201g\324"
  53      C082451F 
  53      6DE811A3 
  53      C9F24A81 
  53      67D4
  54 00fc 89C716AD 		.ascii	"\211\307\026\255\332\320\"\243\345\215\355\353?\352"
  54      DAD022A3 
  54      E58DEDEB 
  54      3FEA
  55 010a C2138BBE 		.ascii	"\302\023\213\276\330\320SF+\353\325B\023\243\355\250"
  55      D8D05346 
  55      2BEBD542 
  55      13A3EDA8 
  56 011a 5BF4D586 		.ascii	"[\364\325\206\2361\232\273\322\357\005F\273\261\304"
  56      9E319ABB 
  56      D2EF0546 
  56      BBB1C4
  57 0129 E81B4E67 		.ascii	"\350\033Ng>\322hZ#\022\006\240\337\326\347\361\210t"
  57      3ED2685A 
  57      231206A0 
  57      DFD6E7F1 
  57      8874
  58 013b 0482A1F1 		.ascii	"\004\202\241\361PX\362\366z\305\260$\006\307&\304\251"
  58      5058F2F6 
  58      7AC5B024 
  58      06C726C4 
  58      A9
  59 014c 70242A89 		.ascii	"p$*\211\303#\203~\037[\007zb1Q\212N\372}\243!)\342\011"
  59      C323837E 
  59      1F5B077A 
  59      6231518A 
  59      4EFA7DA3 
  60 0164 C02FD38E 		.ascii	"\300/\323\216\266|"
  60      B67C
  61              		.text
  62              		.section	.gnu.lto_.symbol_nodes.803e97dd,"",%progbits
  63 0000 789C55CB 		.ascii	"x\234U\313\315\011\2000\014\206\341\257)8\227N\226J"
  63      CD098030 
  63      0C86E1AF 
  63      2938974E 
  63      964A
  64 0012 1770872E 		.ascii	"\027p\207.!^s\361\007\234A\351\036bZ#\350!<\341\015"
ARM GAS  C:\Users\Luczia\AppData\Local\Temp\cc8bLBT4.s 			page 5


  64      215E73F1 
  64      079C41E9 
  64      1E625A23 
  64      E8213CE1 
  65 0027 69008C3A 		.ascii	"i\000\214:\240\231\030\030v@\231\372N\313B\354~\305"
  65      A0991818 
  65      764099FA 
  65      4ECB42EC 
  65      7EC5
  66 0039 ADC4540B 		.ascii	"\255\304T\013\020B\253a#\366\337\340AH\307\345\212b"
  66      1042AB61 
  66      23F6DFE0 
  66      4148C7E5 
  66      8A62
  67 004b 66339E8F 		.ascii	"f3\236\217\311\0243\027u\253\177\252\230\331\214\357"
  67      C9143317 
  67      75AB7FAA 
  67      98D98CEF 
  68 005b DD14B3FC 		.ascii	"\335\024\263\374\341\006\231\0156\233"
  68      E106990D 
  68      369B
  69              		.text
  70              		.section	.gnu.lto_.refs.803e97dd,"",%progbits
  71 0000 789C6363 		.ascii	"x\234cc```\004b\006\000\000D\000\010"
  71      60606004 
  71      62060000 
  71      440008
  72              		.text
  73              		.section	.gnu.lto_.decls.803e97dd,"",%progbits
  74 0000 789CAD52 		.ascii	"x\234\255R[l\023G\024\235\273\343\204d\033H\212\020"
  74      5B6C1347 
  74      149DBBE3 
  74      84641B48 
  74      8A10
  75 0012 02890F2B 		.ascii	"\002\211\017+?\360\203\035'H<>\020\025\257\362\221~"
  75      3FF0831D 
  75      27483C3E 
  75      1015AFF2 
  75      917E
  76 0024 14A85475 		.ascii	"\024\250Tu%\343\330K\263\222\275\013\3365\004\365g\225"
  76      25E3D84B 
  76      B392BD0B 
  76      DE3504F5 
  76      6795
  77 0036 008A2008 		.ascii	"\000\212 \010\012\001\232\360\220\201\250\024\205\322"
  77      0A019AF0 
  77      9081A814 
  77      85D2
  78 0044 0808AFBC 		.ascii	"\010\010\257\274\034\332\020 \016I\014\010!A\022\221"
  78      1CDA1020 
  78      0E490C08 
  78      21411291 
  79 0054 564280C4 		.ascii	"VB\200\304C\200\305C\012wg\327Y\023p?\252\216<\236\231"
  79      4380C543 
  79      0A7767D7 
  79      5913703F 
  79      AA8E3C9E 
ARM GAS  C:\Users\Luczia\AppData\Local\Temp\cc8bLBT4.s 			page 6


  80 0069 3BE79E73 		.ascii	";\347\236s\346\336\315&\204\034v\020\322\001\2044\340"
  80      E6DECD26 
  80      841C7610 
  80      D2018434 
  80      E0
  81 007a 7E1407C5 		.ascii	"~\024\007\305\265\223\330\003\257I\013\3166\234q\234"
  81      B593D803 
  81      AF490BCE 
  81      369C719C 
  82 008a FDE4D3B1 		.ascii	"\375\344\323\261\021L\334\032\234\0038\273q\366Xw\234"
  82      114CDC1A 
  82      9C0338BB 
  82      71F65877 
  82      9C
  83 009b 951FFF4C 		.ascii	"\225\037\377L\336Oiy\011+\257/-\257-\203^-\205\306\335"
  83      DE4F6979 
  83      092BAF2F 
  83      2DAF2D83 
  83      5E2D85C6 
  84 00b0 23FB1D43 		.ascii	"#\373\035Cp\037\031\010\024\000\340\012\343P`\275\210"
  84      701F1908 
  84      1400E00A 
  84      E35060BD 
  84      88
  85 00c1 0DE3DE04 		.ascii	"\015\343\336\004p\220\2724Q\343\323\330\035\230\223"
  85      7090BA34 
  85      51E3D3D8 
  85      1D9893
  86 00d0 2336D6CE 		.ascii	"#6\326\316HcMK\0066\010\263\222\356\2059\263\354\201"
  86      48634D4B 
  86      063608B3 
  86      92EE8539 
  86      B3EC81
  87 00e3 2D0F6398 		.ascii	"-\017c\230\024>\215\025\306\222>u\207\203ZE\270\375"
  87      143E8D15 
  87      C6923E75 
  87      87835A45 
  87      B8FD
  88 00f5 A4E654DE 		.ascii	"\244\346T\3360\014\"\364{Bv\345\204\300\210n\177\374"
  88      300C22F4 
  88      7B4276E5 
  88      84C0886E 
  88      7FFC
  89 0107 7627508E 		.ascii	"v'P\216\355\373\337?\322\363)\317\366\355\307w\324\346"
  89      EDFBDF3F 
  89      D2F329CF 
  89      F6EDC777 
  89      D4E6
  90 0119 BA4EEAE6 		.ascii	"\272N\352\346\310\251\241\004\316\001M\025\264k4\031"
  90      C8A9A104 
  90      CE014D15 
  90      B46B3419 
  91 0129 CBDF4E61 		.ascii	"\313\337Na2\017\034\036\023\317\342\207\276\300\343"
  91      320F1C1E 
  91      13CFE287 
  91      BEC0E3
  92 0138 141E0AF0 		.ascii	"\024\036\012\360x\262f\2646k\332>#qW\225^\300\301\232"
ARM GAS  C:\Users\Luczia\AppData\Local\Temp\cc8bLBT4.s 			page 7


  92      78B266B4 
  92      366BDA3E 
  92      23715795 
  92      5EC0C19A 
  93 014c A9701166 		.ascii	"\251p\021f\300\005\230\201&/\3014\374\227\035&\323\221"
  93      C0059881 
  93      262FC134 
  93      FC971D26 
  93      D391
  94 015e A69A5FB2 		.ascii	"\246\232_\262\012\243z4\246\307\236\3269[\343[\365~"
  94      0AA37A34 
  94      A6C79ED6 
  94      395BE35B 
  94      F57E
  95 0170 CC5BC470 		.ascii	"\314[\304p\320\014\024\316\203\313xs\263\241\016ga\030"
  95      D00C14CE 
  95      83CB7873 
  95      B3A10E67 
  95      6118
  96 0182 E00C0CE1 		.ascii	"\340\014\014\341#Z\240\020\363\037\376\375\372%O\253"
  96      235AA010 
  96      F31FFEFD 
  96      FA254FAB 
  97 0192 81998E8E 		.ascii	"\201\231\216\216\304\367\360\026Yba\275\036\253D*\216"
  97      C4F7F016 
  97      596261BD 
  97      1EAB442A 
  97      8E
  98 01a3 31B5DA4C 		.ascii	"1\265\332L\255\343\231\332\030\323\201[\017\216qt\267"
  98      ADE399DA 
  98      18D3815B 
  98      0F8E7174 
  98      B7
  99 01b4 C974FFEA 		.ascii	"\311t\377\352\211F\212/\232\311\203Q\344|\014\375\361"
  99      89468A2F 
  99      9AC98351 
  99      E47C0CFD 
  99      F1
 100 01c5 E4E29B89 		.ascii	"\344\342\233\211f\310@$v\276h\230@\217\231\360\201\315"
 100      66C84024 
 100      76BE6898 
 100      408F99F0 
 100      81CD
 101 01d7 4D07A959 		.ascii	"M\007\251Y\017\007\036\237\367\326\217L2\353\341\254"
 101      0F071E9F 
 101      F7D68F4C 
 101      32EBE1AC 
 102 01e7 A5DCD0DD 		.ascii	"\245\334\320\335w\367&\001?\253Z\327+\365h\225\236\373"
 102      77F72601 
 102      3FAB5AD7 
 102      2BF56895 
 102      9EFB
 103 01f9 35813FB1 		.ascii	"5\201?\261\036\227\261\036\320\005\263\014J\303\033"
 103      1E97B11E 
 103      D005B30C 
 103      4AC31B
 104 0208 C430D881 		.ascii	"\3040\330\201\301_\215\322\305\222\277/\254{\241\353"
ARM GAS  C:\Users\Luczia\AppData\Local\Temp\cc8bLBT4.s 			page 8


 104      C15F8DD2 
 104      C592BF2F 
 104      AC7BA1EB 
 105 0218 4EF80B78 		.ascii	"N\370\013x\350\264\375\317\344\315\322\235h\370\371"
 105      E8B4FDCF 
 105      E4CDD29D 
 105      68F8F9
 106 0227 6836DDCB 		.ascii	"h6\335\313z\307\265\034\370\247\213\313\244q5\263FO"
 106      7AC7B51C 
 106      F8A78BCB 
 106      A47135B3 
 106      464F
 107 0239 E1952D46 		.ascii	"\341\225-F\215\272Q\343\212\255\201\222\246H\367o\315"
 107      8DBA51E3 
 107      8AAD8192 
 107      A648F76F 
 107      CD
 108 024a 9DE0C04F 		.ascii	"\235\340\300O\233!\260k\030\353I\036\357p\214\305\256"
 108      9B21B06B 
 108      18EB491E 
 108      EF708CC5 
 108      AE
 109 025b 010B3E6F 		.ascii	"\001\013>o\037\334\307elz\017k\372u\260\272\336p\372"
 109      1FDCC765 
 109      6C7A0F6B 
 109      FA75B0BA 
 109      DE70FA
 110 026e 60631E36 		.ascii	"`c\0366j\030-\334\031\232W\327\364P\257\346\031\012"
 110      6A182DDC 
 110      199A57D7 
 110      F450AFE6 
 110      190A
 111 0280 DA6D13ED 		.ascii	"\332m\023\355\326\007\007q\326\240\333\203m\317(=E!"
 111      D6070771 
 111      D6A0DB83 
 111      6DCF283D 
 111      4521
 112 0292 93AFFD37 		.ascii	"\223\257\3757\217^\232\230\321B\037\263p#e!\372*Yd9"
 112      8F5E9A98 
 112      D1421FB3 
 112      70236521 
 112      FA2A5964 
 113 02a7 783BBD5E 		.ascii	"x;\275^\277\314\031\000\350\265\325{S\352\375L\275\276"
 113      BFCC1900 
 113      E8B5D57B 
 113      53EAFD4C 
 113      BDBE
 114 02b9 B2E94176 		.ascii	"\262\351Av\336\266\261\3622\263\251\012\023\030\200"
 114      DEB6B1F2 
 114      32B3A90A 
 114      131880
 115 02c8 3C06C615 		.ascii	"<\006\306\025\301{G\223#Y\351\340\276\217\300\011\013"
 115      C17B4793 
 115      2359E9E0 
 115      BE8FC009 
 115      0B
 116 02d9 6CAC13A4 		.ascii	"l\254\023\244\360\372\025\262\244\315w\271\334\370\363"
ARM GAS  C:\Users\Luczia\AppData\Local\Temp\cc8bLBT4.s 			page 9


 116      F0FA15B2 
 116      A4CD77B9 
 116      DCF8F3
 117 02e8 974B6592 		.ascii	"\227Ke\222\242z\346{\334\212\352.\367\005\335\353\224"
 117      A27AE67B 
 117      DC8AEA2E 
 117      F705DDEB 
 117      94
 118 02f9 B0A6BA57 		.ascii	"\260\246\272W\256*-)6\377\227\315\251\250p\253Z\250"
 118      AE2A2D29 
 118      36FF97CD 
 118      A9A870AB 
 118      5AA8
 119 030b A4D82BA9 		.ascii	"\244\330+\251a\227?g\3717\253\235\213=\036\262\340?"
 119      61973F67 
 119      F937AB9D 
 119      8B3D1EB2 
 119      E03F
 120 031d 53905C74 		.ascii	"S\220\\t\261D\224\320G\201\274A\362/\225}eA\361;\321"
 120      B14494D0 
 120      4781BC41 
 120      F22F957D 
 120      6541F13B 
 121 0332 AF2961DE 		.ascii	"\257)a\336\353\215H\262\206Pm\255\177\201\300\330U-"
 121      EB8D48B2 
 121      86506DAD 
 121      7F81C0D8 
 121      552D
 122 0344 12901441 		.ascii	"\022\220\024AS\224\240*\374(G\234l\347\364\205CN1T&"
 122      5394A02A 
 122      FC28479C 
 122      6CE7F485 
 122      434E3154 
 123 0359 06026240 		.ascii	"\006\002b@\230\353*r\026\027y\346\256\237#`|\266\254"
 123      98EB2A72 
 123      161779E6 
 123      AE9F2360 
 123      7CB6AC
 124 036c C8E26CD1 		.ascii	"\310\342l\321W&\011\222\354\017F\002\242\020\362!\227"
 124      57260992 
 124      EC0F4602 
 124      A210F221 
 124      97
 125 037d 2C0ADE80 		.ascii	",\012\336\200\270\326\027\011j^m\323:Qu\225\223\234"
 125      B8D61709 
 125      6A5E6DD3 
 125      3A517595 
 125      939C
 126 038f 94DE0FFF 		.ascii	"\224\336\017\377\253\236\272I\025\274\252\026@r\024"
 126      AB9EBA49 
 126      15BCAA16 
 126      407214
 127 039e 29F9F762 		.ascii	")\371\367b\371\225PH\221\335_}[\272\270\264\302m\324"
 127      F9955048 
 127      91DD5F7D 
 127      5BBAB8B4 
 127      C26DD4
ARM GAS  C:\Users\Luczia\AppData\Local\Temp\cc8bLBT4.s 			page 10


 128 03b1 0473BE34 		.ascii	"\004s\2764\326%\222j\027\347\003\3268\335\310"
 128      D625926A 
 128      17E703D6 
 128      38DDC8
 129              		.text
 130              		.section	.gnu.lto_.symtab.803e97dd,"",%progbits
 131 0000 69727149 		.ascii	"irqInit\000"
 131      6E697400 
 132 0008 00       		.ascii	"\000"
 133 0009 00       		.ascii	"\000"
 134 000a 00       		.ascii	"\000"
 135 000b 00000000 		.ascii	"\000\000\000\000\000\000\000\000"
 135      00000000 
 136 0013 BB000000 		.ascii	"\273\000\000\000"
 137 0017 69727144 		.ascii	"irqDeinit\000"
 137      65696E69 
 137      7400
 138 0021 00       		.ascii	"\000"
 139 0022 00       		.ascii	"\000"
 140 0023 00       		.ascii	"\000"
 141 0024 00000000 		.ascii	"\000\000\000\000\000\000\000\000"
 141      00000000 
 142 002c BD000000 		.ascii	"\275\000\000\000"
 143 0030 6E766963 		.ascii	"nvicEnableVector\000"
 143      456E6162 
 143      6C655665 
 143      63746F72 
 143      00
 144 0041 00       		.ascii	"\000"
 145 0042 02       		.ascii	"\002"
 146 0043 00       		.ascii	"\000"
 147 0044 00000000 		.ascii	"\000\000\000\000\000\000\000\000"
 147      00000000 
 148 004c CC000000 		.ascii	"\314\000\000\000"
 149 0050 6E766963 		.ascii	"nvicDisableVector\000"
 149      44697361 
 149      626C6556 
 149      6563746F 
 149      7200
 150 0062 00       		.ascii	"\000"
 151 0063 02       		.ascii	"\002"
 152 0064 00       		.ascii	"\000"
 153 0065 00000000 		.ascii	"\000\000\000\000\000\000\000\000"
 153      00000000 
 154 006d D0000000 		.ascii	"\320\000\000\000"
 155              		.text
 156              		.section	.gnu.lto_.opts,"",%progbits
 157 0000 272D666D 		.ascii	"'-fmath-errno' '-fsigned-zeros' '-ftrapping-math' '"
 157      6174682D 
 157      6572726E 
 157      6F272027 
 157      2D667369 
 158 0033 2D666E6F 		.ascii	"-fno-trapv' '-fno-strict-overflow' '-fno-openmp' '-"
 158      2D747261 
 158      70762720 
 158      272D666E 
 158      6F2D7374 
ARM GAS  C:\Users\Luczia\AppData\Local\Temp\cc8bLBT4.s 			page 11


 159 0066 666E6F2D 		.ascii	"fno-openacc' '-mcpu=cortex-m4' '-mthumb' '-O0' '-fo"
 159      6F70656E 
 159      61636327 
 159      20272D6D 
 159      6370753D 
 160 0099 6D69742D 		.ascii	"mit-frame-pointer' '-falign-functions=16' '-ffuncti"
 160      6672616D 
 160      652D706F 
 160      696E7465 
 160      72272027 
 161 00cc 6F6E2D73 		.ascii	"on-sections' '-fdata-sections' '-fno-common' '-flto"
 161      65637469 
 161      6F6E7327 
 161      20272D66 
 161      64617461 
 162 00ff 2700     		.ascii	"'\000"
 163              		.text
 164              		.comm	__gnu_lto_v1,1,1
 165              		.comm	__gnu_lto_slim,1,1
 166              		.ident	"GCC: (GNU Tools for Arm Embedded Processors 7-2017-q4-major) 7.2.1 20170904 (release) [ARM
ARM GAS  C:\Users\Luczia\AppData\Local\Temp\cc8bLBT4.s 			page 12


DEFINED SYMBOLS
                            *ABS*:00000000 stm32_isr.c
                            *COM*:00000001 __gnu_lto_v1
                            *COM*:00000001 __gnu_lto_slim

NO UNDEFINED SYMBOLS
