ARM GAS  C:\Users\Luczia\AppData\Local\Temp\ccNIR4g6.s 			page 1


   1              		.cpu cortex-m4
   2              		.eabi_attribute 20, 1
   3              		.eabi_attribute 21, 1
   4              		.eabi_attribute 23, 3
   5              		.eabi_attribute 24, 1
   6              		.eabi_attribute 25, 1
   7              		.eabi_attribute 26, 1
   8              		.eabi_attribute 30, 6
   9              		.eabi_attribute 34, 1
  10              		.eabi_attribute 18, 4
  11              		.file	"stm32f4xx_iwdg.c"
  12              		.section	.gnu.lto_.inline.803ea3e1,"",%progbits
  13 0000 789C6363 		.ascii	"x\234cc``\350a@\0006\006\006.!\006\006&\236\015\271"
  13      6060E861 
  13      40003606 
  13      062E2106 
  13      06269E0D 
  14 0015 0C2C0C4C 		.ascii	"\014,\014L !&n\006\006\306\011~\214\014\"2@\216\302"
  14      2021266E 
  14      0606C609 
  14      7E8C0C22 
  14      32408EC2 
  15 0029 854E2634 		.ascii	"\205N&4\031&\006v~ \207\355\200\035\232\0043\003\013"
  15      19260676 
  15      7E2087ED 
  15      801D9A04 
  15      33030B
  16 003c 3390C3F2 		.ascii	"3\220\303\362A\017&\301\202!\302\312\300+\012\024\021"
  16      410F26C1 
  16      8221C2CA 
  16      C02B0A14 
  16      11
  17 004d 5A308711 		.ascii	"Z0\207\021M7\003\000\235\241\014U"
  17      4D370300 
  17      9DA10C55 
  18              		.text
  19              		.section	.gnu.lto_IWDG_WriteAccessCmd.803ea3e1,"",%progbits
  20 0000 789C5552 		.ascii	"x\234URMHTQ\024\276\337;\357\275\031\377]\270(\220\020"
  20      4D485451 
  20      14BEDF3B 
  20      EFBD19FF 
  20      5DB82890 
  21 0015 41C40A27 		.ascii	"A\304\012'\264mP$E\013!Pp9\210\2165\013Af\206r7W\031"
  21      B46D5024 
  21      450B2150 
  21      7039888E 
  21      350B4166 
  22 002e 35CB5DA3 		.ascii	"5\313]\243\301\364\222\221\376\003\261(3\315j\034S\012"
  22      C1F49291 
  22      FE03B128 
  22      33CD6A1C 
  22      530A
  23 0040 124BCA85 		.ascii	"\022K\312\205\005EiXHdE\321\302\261s\357\213~\036\274"
  23      05456958 
  23      486445D1 
  23      C2B173EF 
  23      8B7E1EBC 
ARM GAS  C:\Users\Luczia\AppData\Local\Temp\ccNIR4g6.s 			page 2


  24 0054 F3CECF77 		.ascii	"\363\316\317w\316\375\276s\237-\204X2\204\250\347\357"
  24      CEFDBE73 
  24      9F2D8458 
  24      3284A8E7 
  24      EF
  25 0065 1E7E8547 		.ascii	"\036~\205G\200C\030\206)\2044\210\215I\256o)\337\204"
  25      80431886 
  25      29843488 
  25      8D49AE6F 
  25      29DF84
  26 0078 CD554B5B 		.ascii	"\315UK[\033\340\006\210\250A\246e#\212>\212\023\322"
  26      1BE00688 
  26      A841A665 
  26      238A3E8A 
  26      13D2
  27 008a 3DEFC78D 		.ascii	"=\357\307\215\212\313\222\237\324\231\301\354n\331\265"
  27      8ACB929F 
  27      D499C1EC 
  27      6ED9B5
  28 0099 C5E13103 		.ascii	"\305\3411\003$\364\203\233\250`\324\314\346\217T\301"
  28      24F4839B 
  28      A860D4CC 
  28      E68F54C1 
  29 00a9 29720830 		.ascii	")r\01008\\\370\374\344\\\216\012\015\024r\370z\360\347"
  29      385CF8FC 
  29      E45C8E0A 
  29      0D1472F8 
  29      7AF0E7
  30 00bc 7A3EF920 		.ascii	"z>\371 \330\357\233\310\014\345\225_\224\262S\246^\305"
  30      D8EF9BC8 
  30      0CE5955F 
  30      94B253A6 
  30      5EC5
  31 00ce 49163944 		.ascii	"I\0269D\270\015\342\201\030E1n\241XpJ`\014\345\012\177"
  31      B80DE281 
  31      1845316E 
  31      A158704A 
  31      600CE50A 
  32 00e3 7AE4C35A 		.ascii	"z\344\303Z\016\355\325\275\363\243\211xAiR\276a.\213"
  32      0EEDD5BD 
  32      F3A38978 
  32      416952BE 
  32      612E8B
  33 00f6 57ED844C 		.ascii	"W\355\204L\033\016\231\270\243\273\025\031\3664+\306"
  33      1B0E99B8 
  33      A3BB1519 
  33      F6342BC6 
  34 0106 BEBD91E9 		.ascii	"\276\275\221\351\317\263M\214\243\324%\213\011V\311"
  34      CFB34D8C 
  34      A3D4258B 
  34      0956C9
  35 0115 0AC1C567 		.ascii	"\012\301\305g\261\353\016\271tM\016\327\347\022\357"
  35      B1EB0EB9 
  35      744D0ED7 
  35      E712EF
  36 0124 F25DBA25 		.ascii	"\362]\272%\034&\206Wg\274T\253\217\354^\036\272\222"
  36      1C268657 
ARM GAS  C:\Users\Luczia\AppData\Local\Temp\ccNIR4g6.s 			page 3


  36      67BC54AB 
  36      8FEC5E1E 
  36      BA92
  37 0136 55765ECB 		.ascii	"Uv^\313\177:e<\222\246C\026\356\271|'\231\357]\346\253"
  37      7F3A653C 
  37      92A64316 
  37      EEB97C27 
  37      99EF5DE6 
  38 014b CFBE8FB2 		.ascii	"\317\276\217\262\221\005+%3\233=25[1\264^\224\015Vb"
  38      91052B25 
  38      339B3D32 
  38      355B31B4 
  38      5E940D56 
  39 0160 1B6C3CC4 		.ascii	"\033l<\304\3062\241DY\312\265\225\021\342\204\246\333"
  39      C632A144 
  39      59CAB595 
  39      11E284A6 
  39      DB
  40 0171 4B7C45B4 		.ascii	"K|E\264\202\330\3224\253R<\023\244he.\364-\347*Z\204"
  40      82D8D234 
  40      AB523C13 
  40      A468652E 
  40      F42DE72A 
  41 0187 17D78007 		.ascii	"\027\327\200\007\277O\352\345\355\270\360\375\177\261"
  41      BF4FEAE5 
  41      EDB8F0FD 
  41      7FB1
  42 0195 035DE979 		.ascii	"\003]\351y\217\213\025H\375A\362M\323Gt~\363\272H\033"
  42      8F8B1548 
  42      FD41F24D 
  42      D347747E 
  42      F3BA481B 
  43 01a9 3B8A75DE 		.ascii	";\212u\336\372?oa\273\233\347\377\200\326\020+\321\313"
  43      FA3F6F61 
  43      BB9BE7FF 
  43      80D6102B 
  43      D1CB
  44 01bb E2B1E3E3 		.ascii	"\342\261\343\343k/=\321\015\351u\310;@j{S\210\212\004"
  44      6B2F3DD1 
  44      0DE975C8 
  44      3B406A7B 
  44      53888A04 
  45 01cf F141A650 		.ascii	"\361A\246P\003V\317\256\300\235\241\366:\232\211o\350"
  45      0356CFAE 
  45      C09DA1F6 
  45      3A9A896F 
  45      E8
  46 01e0 45DA5097 		.ascii	"E\332P\227d\"\315L\030\366\245\3471\271(#\241\033\323"
  46      6422CD4C 
  46      18F6A5E7 
  46      31B92823 
  46      A11BD3
  47 01f3 CF4FEAB6 		.ascii	"\317O\352\266\177\231\333z\341\223\351\271Y;\211\301"
  47      7F99DB7A 
  47      E193E9B9 
  47      593B89C1 
  48 0203 0EDE7872 		.ascii	"\016\336xr\233CY<\031\323J\020\027\027\307&\306\362"
ARM GAS  C:\Users\Luczia\AppData\Local\Temp\ccNIR4g6.s 			page 4


  48      9B43593C 
  48      19D34A10 
  48      1717C726 
  48      C6F2
  49 0215 7CC332D6 		.ascii	"|\3032\326!K\034\312\306C$\321\357^\375\014|<]|Bg\362"
  49      214B1CCA 
  49      C64324D1 
  49      EF5EFD0C 
  49      7C3C5D7C 
  50 022c 6B5CCF56 		.ascii	"k\\\317V\351\357 Vm.]\332\312\"-\203\027\316\032x\333"
  50      E9EF2056 
  50      6D2E5DDA 
  50      CA222D83 
  50      17CE1A78 
  51 0241 3BEBEA6B 		.ascii	";\353\352k\253\253\016\354no\367\327E\232\017\007B\301"
  51      ABAB0EEC 
  51      6E6FF7D7 
  51      459A0F07 
  51      42C1
  52 0253 B6A3FE9A 		.ascii	"\266\243\376\232P\360X \344\013GZ\253\253ZT)x\274\371"
  52      50F05820 
  52      E40B475A 
  52      ABAB5A54 
  52      2978BCF9 
  53 0267 48659328 		.ascii	"He\223(<\324Ps\320\337\020\012F\002\373\232\232\002"
  53      3CD45073 
  53      D0DF100A 
  53      4602FB9A 
  53      9A02
  54 0279 E1706E63 		.ascii	"\341pnc8\034\010E\374m\215\241\306VO\260%\322\332V\271"
  54      381C0845 
  54      FC6D8DA1 
  54      C6564FB0 
  54      25D2DA56 
  55 028e EB174A71 		.ascii	"\353\027Jq\364/"
  55      F42F
  56              		.text
  57              		.section	.gnu.lto_IWDG_SetPrescaler.803ea3e1,"",%progbits
  58 0000 789C6592 		.ascii	"x\234e\222_HSQ\034\307\317\357\376\356\237\355n\352"
  58      5F485351 
  58      1CC7CFEF 
  58      FEEE9FED 
  58      6EEA
  59 0012 5B148C10 		.ascii	"[\024\214\020A\304\014-\355\271\227\244\210\010$\203"
  59      41C40C2D 
  59      EDB997A4 
  59      88082483 
  60 0022 1E65E82C 		.ascii	"\036e\350,!A\266Q>\265\253\314\226%\275\244F\343R\023"
  60      2141B651 
  60      3EB5ABCC 
  60      9625BDA4 
  60      46E35213 
  61 0036 8D3429B3 		.ascii	"\2154)\263\2326\263\234s\232A\"E\370`/\226L2%R\3027"
  61      9A36B39C 
  61      739A4122 
  61      45F8602F 
  61      964C3225 
ARM GAS  C:\Users\Luczia\AppData\Local\Temp\ccNIR4g6.s 			page 5


  62 004d 57BF73CF 		.ascii	"W\277s\317\234\205\027\356\331\367\374\316\347\374\376"
  62      9C8517EE 
  62      D9F7FCCE 
  62      E7FCFE
  63 005c EC7E55C6 		.ascii	"\354~U\306\330md\354\034\375^\243\2279\031H\214^\311"
  63      D86D64EC 
  63      1CFD5EA3 
  63      97391948 
  63      8C5EC9
  64 006f CE9821D1 		.ascii	"\316\230!\321\211!\243\3202\327\262\320\012\327\212"
  64      8921A3D0 
  64      32D7B2D0 
  64      0AD78A
  65 007e D02AD7AA 		.ascii	"\320*\327\252\320\032\327\232\3206\256mB\353\\\333\301"
  65      D01AD79A 
  65      D036AE6D 
  65      42EB5CDB 
  65      C1
  66 008f 4199756B 		.ascii	"A\231uku\000P1`\001\011eE\325lv\335\001\001\350\300"
  66      75005031 
  66      60010965 
  66      45D56C76 
  66      DD0101E8 
  67 00a4 4E844468 		.ascii	"N\204Dh%&\025?2\350\211\337\335\322\257\033m\373M\352"
  67      2526153F 
  67      32E889DF 
  67      DDD2AF1B 
  67      6DFB4DEA 
  68 00b8 A31B99F5 		.ascii	"\243\033\231\365\300\013(&j:\331\265\221\207e\300H?"
  68      C00B2826 
  68      6A3AD9B5 
  68      918765C0 
  68      483F
  69 00ca EDFBD5A7 		.ascii	"\355\373\325\247\027=4\214V#\236\014\242\3414\021\340"
  69      173D348C 
  69      56239E0C 
  69      A2E13411 
  69      E0
  70 00db 25205D81 		.ascii	"% ]\201\012\027\034q1\0120\210B\021\247\357\014\255"
  70      0A171C71 
  70      310A3088 
  70      4211A7EF 
  70      0CAD
  71 00ed AE3BF0B8 		.ascii	"\256;\360\270us>\032\356\314+\210\030KTka@\015\033\011"
  71      75733E1A 
  71      EECC2B88 
  71      184B546B 
  71      61400D1B 
  72 0102 C9440946 		.ascii	"\311D\011F\254\273\274\030)\253*\261\337\206\323]9\252"
  72      ACBBBC18 
  72      29AB2AB1 
  72      DF86D35D 
  72      39AA
  73 0114 0CA35020 		.ascii	"\014\243P \232\201W\240\322\010\014\350\360c\360\231"
  73      9A8157A0 
  73      D2080CE8 
  73      F063F099 
ARM GAS  C:\Users\Luczia\AppData\Local\Temp\ccNIR4g6.s 			page 6


  74 0124 89B7D044 		.ascii	"\211\267\320D\004\231\266\033s\341\345\\\276\225!\237"
  74      0499B61B 
  74      73E1E55C 
  74      BE95219F 
  75 0134 B6239185 		.ascii	"\266#\221\205\307N<c\225L\231\253\2639\205\275\326x"
  75      C74E3C63 
  75      954C99AB 
  75      B33985BD 
  75      D678
  76 0146 9B25E1FE 		.ascii	"\233%\341\376x0\337D\005^\213v\307\300\0051p\211I\307"
  76      7830DF44 
  76      055E8B76 
  76      C7C00531 
  76      708949C7 
  77 015a A170E893 		.ascii	"\241p\350\223\0227\322\177BF|\245\244\247g\237\0164"
  77      1237D27F 
  77      42467CA5 
  77      A4A7679F 
  77      0E34
  78 016c 8A2AD1A2 		.ascii	"\212*\321\242!-\212\014|*\205K\225/\214\335\260\372"
  78      212D8A0C 
  78      7C2A854B 
  78      952F8CDD 
  78      B0FA
  79 017e 6D47FA88 		.ascii	"mG\372\210\230\202\340\342\324\326\240\312\033\015#"
  79      9882E0E2 
  79      D4D6A0CA 
  79      1B0D23
  80 018d EFABBB2D 		.ascii	"\357\253\273-1\257\361\276\350\357\2077\231:\355\210"
  80      31AFF1BE 
  80      E8EF8737 
  80      993AED88 
  81 019d 3B7052DA 		.ascii	";pR\332e\243\241\017\303\272`\001\336fY9\303\236\330"
  81      65A3A10F 
  81      C3BA6001 
  81      DE665939 
  81      C39ED8
  82 01b0 25C71F74 		.ascii	"%\307\037t\014dH\011&\262\244\262\227l7\357\015f\352"
  82      0C644809 
  82      26B2A4B2 
  82      976C37EF 
  82      0D66EA
  83 01c3 23C4B3A4 		.ascii	"#\304\263\244\272\227\234\\z\276\341\020\244\014\223"
  83      BA979C5C 
  83      7ABEE110 
  83      A40C93
  84 01d2 5952DB4B 		.ascii	"YR\333K\246\327\276\256\345\010R\201D\226\264\355\314"
  84      A6D7BEAE 
  84      E5085281 
  84      4496B4ED 
  84      CC
  85 01e3 E4DA4553 		.ascii	"\344\332ES\375S\313\231FU\230\312\242dQ\374\001\255"
  85      FD53CB99 
  85      465598CA 
  85      A26451FC 
  85      01AD
  86 01f5 BF6D8254 		.ascii	"\277m\202T\241\304e\305\365\377\343\012\034\022q20\256"
ARM GAS  C:\Users\Luczia\AppData\Local\Temp\ccNIR4g6.s 			page 7


  86      A1C465C5 
  86      F5FFE30A 
  86      1C127132 
  86      30AE
  87 0207 4330DF32 		.ascii	"C0\3372\000\245\215\305\326\277h\201m\303f\242\255\033"
  87      00A58DC5 
  87      D6BF6881 
  87      6DC366A2 
  87      AD1B
  88 0219 B9239210 		.ascii	"\271#\222\020`a\244B\022\343\011\276O\244@\344\340^"
  88      6061A442 
  88      12E309BE 
  88      4FA440E4 
  88      E05E
  89 022b 89A63BB7 		.ascii	"\211\246;\267-s\250\300\215'\3034uB\330f\350=\012J\242"
  89      2D73A8C0 
  89      8D27C334 
  89      7542D866 
  89      E83D0A4A 
  90 0240 762992F8 		.ascii	"v)\222\370|\323\272\366\357\207S-\023\215'\346f\324"
  90      7CD3BAF6 
  90      EF87532D 
  90      138D27E6 
  90      66D4
  91 0252 08DC6F21 		.ascii	"\010\334o!\027E\016\232h\247\3140\303\007\242\303\205"
  91      17450E9A 
  91      68A7CC30 
  91      C307A2C3 
  91      85
  92 0263 D1B1D19C 		.ascii	"\321\261\321\234\262'F\260\305 k\351\360\016\"\320%"
  92      B22746B0 
  92      C5206BE9 
  92      F00E22D0 
  92      25
  93 0274 EC3C0B65 		.ascii	"\354<\013e\224\235\375\204\326Ho\267\225\233\207\267"
  93      949DFD84 
  93      D6486FB7 
  93      959B87B7 
  94 0284 00696AFB 		.ascii	"\000ij\373\342\320\001\032R\227\310C4\003\031\350p\365"
  94      E2D0011A 
  94      5297C843 
  94      340319E8 
  94      70F5
  95 0296 F9B315E5 		.ascii	"\371\263\025\345'\21757\327T\373\353\252<\336\206\246"
  95      278F3537 
  95      D754FBEB 
  95      AA3CDE86 
  95      A6
  96 02a7 4B3595DE 		.ascii	"K5\225\336\206+\036o\231\317\337XQ^\317\217\032\256"
  96      862B1E6F 
  96      99CFDF58 
  96      515ECF8F 
  96      1AAE
  97 02b9 D65D2CAD 		.ascii	"\326],\255e\271\247/T\236\252\251\362z|\265\356\313"
  97      65B9A72F 
  97      549EAAA9 
  97      F27A7CB5 
ARM GAS  C:\Users\Luczia\AppData\Local\Temp\ccNIR4g6.s 			page 8


  97      EECB
  98 02cb 1EAFD3ED 		.ascii	"\036\257\323\355\363y\274\376\232&\267\327\335\2505"
  98      F379BCFE 
  98      9A26B7D7 
  98      DDA835
  99 02da D4FB1B9B 		.ascii	"\324\373\033\233J\217\376\005\255k!\373"
  99      4A8FFE05 
  99      AD6B21FB 
 100              		.text
 101              		.section	.gnu.lto_IWDG_SetReload.803ea3e1,"",%progbits
 102 0000 789C3551 		.ascii	"x\2345QAk\023Q\020\236o'\331$\246\261\036T\004\213\226"
 102      416B1351 
 102      109E6F27 
 102      D924A6B1 
 102      1E54048B 
 103 0015 5E4A410D 		.ascii	"^JA\015\264\342\017\020\361&\210\365\036\202\211\032"
 103      B4E20F10 
 103      F12688F5 
 103      1E82891A 
 104 0025 B05892A0 		.ascii	"\260X\222\240\275\3455mM5\242\207\246\021\302Z\342\241"
 104      BDE5356D 
 104      4D35A287 
 104      A611C25A 
 104      E2A1
 105 0037 4811A9A2 		.ascii	"H\021\251\2421\246\266\272,\350Em\241HA\342A\004EK\020"
 105      31A6B6BA 
 105      2CE8456D 
 105      A14841E2 
 105      4104454B 
 106 004c 292D3D35 		.ascii	")-=5q\336F\037\354\3337o\276\357\233o\346\231Dt\320"
 106      71DE461F 
 106      ECDB376F 
 106      BEEF9B6F 
 106      E6994474 
 107 0061 203A29FF 		.ascii	" :)\377}\362\021\023$\204\001H\000\312\030\310\3406"
 107      7DF21113 
 107      24840148 
 107      00CA18C8 
 107      E036
 108 0073 17184EEE 		.ascii	"\027\030N\356G\315\350{\250d\331\367\236\004o\250\211"
 108      47CDE87B 
 108      A864D9F7 
 108      9E046FA8 
 108      89
 109 0084 03161315 		.ascii	"\003\026\023\025\231\334\205g\350\023\324\333\326\266"
 109      99DC8567 
 109      E813D4DB 
 109      D6B6
 110 0092 DD99678B 		.ascii	"\335\231g\213\001C\302\325?\037\356\007uh`\217\204\215"
 110      0143C2D5 
 110      3F1FEE07 
 110      7568608F 
 110      848D
 111 00a4 D9FCB29F 		.ascii	"\331\374\262\237\303 9\277\317\337\271\033\350\235U"
 111      C32039BF 
 111      CFDFB91B 
 111      E89D55
ARM GAS  C:\Users\Luczia\AppData\Local\Temp\ccNIR4g6.s 			page 9


 112 00b3 2AABECCD 		.ascii	"*\253\354\315)V{-f\274\000\213 *\350\302st\221\\\021"
 112      29567B2D 
 112      66BC008B 
 112      202AE8C2 
 112      7374915C 
 113 00c8 AAE8D5F8 		.ascii	"\252\350\325\370\251\371_\215 \237p\271+\225R\241\263"
 113      A9F95F8D 
 113      209F70B9 
 113      2B9552A1 
 113      B3
 114 00d9 A7ACBE8A 		.ascii	"\247\254\276\212\227\2659\263\244\034\303b\017^\272"
 114      97B539B3 
 114      A41CC362 
 114      0F5EBA
 115 00e8 6C6D464E 		.ascii	"lmFN\256+\301~{\332\234\016\231\036\324\320\3236\213"
 115      AE2BC17E 
 115      7BDA9C0E 
 115      991ED4D0 
 115      D3368B
 116 00fb 0598A4BB 		.ascii	"\005\230\244\273\233_\365\332\252\331\312){\371\350"
 116      9B5FF5DA 
 116      AAD9CA29 
 116      7BF9E8
 117 010a 83ADFD01 		.ascii	"\203\255\375\001H=\257!\233\311\262\371<\262\371\275"
 117      483DAF21 
 117      9BC9B2F9 
 117      3CB2F9BD 
 118 011a 70EBD3A4 		.ascii	"p\353\323\244\253w\223e6\274\216\261\231\334R\275C\013"
 118      AB779365 
 118      36BC8EB1 
 118      99DC52BD 
 118      430B
 119 012c 951825F6 		.ascii	"\225\030%\366J\231\271G\365\215\220\356\224\321:\214"
 119      4A99B947 
 119      F58D90EE 
 119      94D13A8C 
 120 013c 57627E1D 		.ascii	"Wb~\035\331\215\034\332 Cp\324\300x\267[\\\340\265Z"
 120      D98D1CDA 
 120      204370D4 
 120      C078B75B 
 120      5CE0B55A 
 121 0150 A3EECBEC 		.ascii	"\243\356\313\354(\277\305\201\242\344\010\213\310\220"
 121      28BFC581 
 121      A2E4088B 
 121      C890
 122 015e 00A50FCD 		.ascii	"\000\245\017\315\334\374\371\345\373?\256\036~\245Y"
 122      DCFCF9E5 
 122      FB3FAE1E 
 122      7EA559
 123 016d D8D9ADD5 		.ascii	"\330\331\255\325}\320M{\260\364\277\300gn\243<bCn\234"
 123      7DD04D7B 
 123      B0F4BFC0 
 123      676EA33C 
 123      62436E9C 
 124 0181 4FB75C9A 		.ascii	"O\267\\\232p\212\023\316\212\257\315\321\025\027\235"
 124      708A13CE 
 124      8AAFCDD1 
ARM GAS  C:\Users\Luczia\AppData\Local\Temp\ccNIR4g6.s 			page 10


 124      15179D
 125 0190 8FEFCC32 		.ascii	"\217\357\3142fF\345\001\313\207,\336%\312x-2:\271V]"
 125      6646E501 
 125      CB872CDE 
 125      25CA782D 
 125      323AB956 
 126 01a5 A886C28F 		.ascii	"\250\206\302\217\325\370\250\352\2668\2107(c\272=J\033"
 126      D5F8A8EA 
 126      B6388837 
 126      2863BA3D 
 126      4A1B
 127 01b7 6151A7DF 		.ascii	"aQ\247\337\310\226\267\213\256\266;\331ImZ\246qd\360"
 127      C896B78B 
 127      AEB63BD9 
 127      496D5AA6 
 127      7164F0
 128 01ca FC9981FE 		.ascii	"\374\231\201\376\323\307GF\"\203\351\330\331x21|9r*"
 128      D3C74746 
 128      2283E9D8 
 128      D9783231 
 128      7C39722A 
 129 01de 99B8164F 		.ascii	"\231\270\026O\206S\351\241\201\376\213:\225\270\036"
 129      8653E9A1 
 129      81FE8B3A 
 129      95B81E
 130 01ed BB74EC02 		.ascii	"\273t\354\002\231\347\342W\256Fc\035\321T*\236LG\206"
 130      99E7E257 
 130      AE46631D 
 130      D1542A9E 
 130      4C4786
 131 0200 A3C9E8D0 		.ascii	"\243\311\350\320_\212\332\272\376"
 131      5F8ADABA 
 131      FE
 132              		.text
 133              		.section	.gnu.lto_IWDG_ReloadCounter.803ea3e1,"",%progbits
 134 0000 789C254F 		.ascii	"x\234%O=KBa\024>\317=fC\030-Q\203D\253\020\012\332O"
 134      3D4B4261 
 134      143ECF3D 
 134      6643182D 
 134      518344AB 
 135 0018 88B620B0 		.ascii	"\210\266 \260\335!\255\034\2020)7_%S\251\321\017\210"
 135      DD21AD1C 
 135      82302937 
 135      5F2553A9 
 135      D10F88
 136 002b 4BDC2008 		.ascii	"K\334 \010\202\210(3\243A\356\020-\021\00458\365A!\016"
 136      82882833 
 136      A341EE10 
 136      2D110435 
 136      38F54121 
 137 0040 B5485BD6 		.ascii	"\265H[\326y\257\007\016/<\347\371z\335D4\002\"\277\274"
 137      79AF070E 
 137      2F3CE7F9 
 137      7ADD4434 
 137      0222BFBC 
 138 0054 A3B2C404 		.ascii	"\243\262\304\004\203d! \201\322\006\322\330\345\022"
 138      83642120 
ARM GAS  C:\Users\Luczia\AppData\Local\Temp\ccNIR4g6.s 			page 11


 138      81D206D2 
 138      D8E512
 139 0063 C3CE7F36 		.ascii	"\303\316\1776\014\337\221\222iV[C\333*7n2Q\205\311\031"
 139      0CDF9192 
 139      69565B43 
 139      DB2A376E 
 139      325185C9 
 140 0078 9CC34742 		.ascii	"\234\303GB{;\353\225=nW\037\307\005\334\244\215N\037"
 140      7B3BEB95 
 140      3D6E571F 
 140      C705DCA4 
 140      8D4E1F
 141 008b 079AAAF7 		.ascii	"\007\232\252\367\227W\315\037\377\301\353\230\013d\262"
 141      9757CD1F 
 141      FFC1EB98 
 141      0B64B2
 142 009a E005475C 		.ascii	"\340\005G\\dI\344\016\262\335\366\367\007\264f\217!"
 142      6449E40E 
 142      B2DDF6F7 
 142      07B4668F 
 142      21
 143 00ab 56B55EE9 		.ascii	"V\265^\351wx\207\205\011\365\242\224\0135x\251\003\273"
 143      77788785 
 143      09F5A294 
 143      0B3578A9 
 143      03BB
 144 00bd 7BE7D524 		.ascii	"{\347\325$aTr\366\303`\237\241\263o\354\373[\267\205"
 144      615472F6 
 144      C3609FA1 
 144      B36FECFB 
 144      5BB785
 145 00d0 FD8C74B4 		.ascii	"\375\214t\264&L6\304\007\227\"\322\307\347\372u\335"
 145      264C36C4 
 145      079722D2 
 145      C7E7FA75 
 145      DD
 146 00e1 1338515B 		.ascii	"\0238Q[\0315i2\243\016\013e'\037W\010\010\241uXl{\264"
 146      19356932 
 146      A30E0B65 
 146      271F5708 
 146      08A17558 
 147 00f8 19E3F8C9 		.ascii	"\031\343\370\311@Ct_\310Z\357U\247\222\363\311\202."
 147      4043745F 
 147      C85AEF55 
 147      A792F3C9 
 147      822E
 148 010a 2D65A7C2 		.ascii	"-e\247\302\013s\241\340\354t*\025\011'\243\363\261D"
 148      0B73A1E0 
 148      EC742A15 
 148      0927A3F3 
 148      B144
 149 011c 7C6D2532 		.ascii	"|m%2\223\210o\304\022\201\365\344j(\270\244O\361\315"
 149      93886FC4 
 149      1281F5E4 
 149      6A28B8A4 
 149      4FF1CD
 150 012f E8B27F91 		.ascii	"\350\262\177\221\376\001\006\022e\202"
ARM GAS  C:\Users\Luczia\AppData\Local\Temp\ccNIR4g6.s 			page 12


 150      FE010612 
 150      6582
 151              		.text
 152              		.section	.gnu.lto_IWDG_Enable.803ea3e1,"",%progbits
 153 0000 789C254F 		.ascii	"x\234%O=HBQ\024>\337;\366\242Ai\011\032,Z\205P\320\246"
 153      3D484251 
 153      143EDF3B 
 153      F6A24169 
 153      091A2C5A 
 154 0018 E6680B02 		.ascii	"\346h\013\002\333\035\322\312!\010\223r\363*\231F\215"
 154      DB1DD2CA 
 154      21089372 
 154      F32A9946 
 154      8D
 155 0029 6A14AF78 		.ascii	"j\024\257xM!\021\021ef\204\310\013\244\241\010\012\232"
 155      4D211111 
 155      656684C8 
 155      0BA4A108 
 155      0A9A
 156 003b A3A142A8 		.ascii	"\243\241B\250\3115\353\274\347\201\303\205\357|\177"
 156      C935EBBC 
 156      E781C385 
 156      EF7C7F
 157 004a 5727A241 		.ascii	"W'\242A\020\371\345\035\222%&h$\013\001\011\224\326"
 157      10F9E51D 
 157      92252668 
 157      240B0109 
 157      94D6
 158 005c 90C60E17 		.ascii	"\220\306\016\027\031V\376\243\256\371\216\225Ls\267"
 158      1956FEA3 
 158      AEF98E95 
 158      4C73B7
 159 006b E1D954B9 		.ascii	"\341\331T\271a\203\211\312L\316\340\002>\022\332\373"
 159      618389CA 
 159      4CCEE002 
 159      3E12DAFB 
 160 007b 79B7E4D6 		.ascii	"y\267\344\326]=\034\227\320\3116:{\356k\252\356_^5["
 160      5D3D1C97 
 160      D0C9363A 
 160      7BEE6BAA 
 160      EE5F5E35 
 161 0090 93479511 		.ascii	"\223G\225\021\027\310`\301\013\216x\213%\221\333\310"
 161      17C860C1 
 161      0B8E788B 
 161      2591DBC8 
 162 00a0 76BE2A9F 		.ascii	"v\276*\237\2605\373\014\261\252v\213\277\236m\026&\324"
 162      B035FB0C 
 162      B1AA768B 
 162      BF9E6D16 
 162      26D4
 163 00b2 9B522E54 		.ascii	"\233R.T\341\2456\254\316\275\327&\011\243\234\263\236"
 163      E1A536AC 
 163      CEBDD726 
 163      09A39CB3 
 163      9E
 164 00c3 FA7B0C3B 		.ascii	"\372{\014;\373\326zl\351&\0163\322\321\0345X\023\037"
 164      FBD67A6C 
ARM GAS  C:\Users\Luczia\AppData\Local\Temp\ccNIR4g6.s 			page 13


 164      E9260E33 
 164      D2D11C35 
 164      58131F
 165 00d6 5C89C83E 		.ascii	"\\\211\310>\276\326nj\356\300\251\332\310\2501\203\031"
 165      BED66E6A 
 165      EEC0A9DA 
 165      C8A83183 
 165      19
 166 00e7 35982839 		.ascii	"5\230(9\371\270F@\010\337\215\273\227\001\333\214\361"
 166      F9B84640 
 166      08DF8DBB 
 166      9701DB8C 
 166      F1
 167 00f8 B0C7A88B 		.ascii	"\260\307\250\213\356\007Y\363\344\300\251\344|\262`"
 167      EE0759F3 
 167      E4C0A9E4 
 167      7CB260
 168 0107 9796B2E3 		.ascii	"\227\226\262\343\341\271\231Ppz\"\225\212\204\223\321"
 168      E1B99950 
 168      707A2295 
 168      8A8493D1 
 169 0117 D95822BE 		.ascii	"\331X\"\276\262\024\231J\304\327b\211\300jr9\024\\\260"
 169      B214994A 
 169      C4D76289 
 169      C06A7239 
 169      145CB0
 170 012a 4FF1F5E8 		.ascii	"O\361\365\350\242\177\236\376\001f(d\322"
 170      A27F9EFE 
 170      01662864 
 170      D2
 171              		.text
 172              		.section	.gnu.lto_IWDG_GetFlagStatus.803ea3e1,"",%progbits
 173 0000 789C5554 		.ascii	"x\234UTIhTY\024}\367\277?V\254\224\01376\005\006!\210"
 173      49685459 
 173      147DF7BF 
 173      3F56AC94 
 173      0B373605 
 174 0017 03461237 		.ascii	"\003F\0227.\\\210\022\021\024\244\025\\\026Q\243\326"
 174      2E5C8812 
 174      1114A415 
 174      5C1651A3 
 174      D6
 175 0028 2210AACA 		.ascii	"\"\020\252\312nw\371IJcTz\321f\320\262l#\335\242.$\212"
 175      6E77F949 
 175      4A63547A 
 175      D166D0B2 
 175      6C23DDA2 
 176 003f C68C6A59 		.ascii	"\306\214jY\321\244\355\216\330\212((8\"\232\030\343"
 176      D1A4ED8E 
 176      D88A2828 
 176      38229A18 
 176      E3
 177 0050 80A449BA 		.ascii	"\200\244I\272\215\236\373\336wZ\324\255\367\356;w8\347"
 177      8D9EFBDE 
 177      775AD4AD 
 177      F7EE3B77 
 177      38E7
ARM GAS  C:\Users\Luczia\AppData\Local\Temp\ccNIR4g6.s 			page 14


 178 0062 5EBE2D84 		.ascii	"^\276-\204\370\321\024b\003\376c\370\211\002A\206\300"
 178      F8D11462 
 178      03FE63F8 
 178      89024186 
 178      C0
 179 0073 CF80D337 		.ascii	"\317\200\3237$\214)\365\331\342\263I6^-em\303a\277\313"
 179      248C29F5 
 179      D9E2B349 
 179      365E2D65 
 179      6DC361BF 
 180 0088 7E873C78 		.ascii	"~\207<x\\e=\012\301\206\210\220\216D\215!M\313v\\/D"
 180      5C653D0A 
 180      C1868890 
 180      8E448D21 
 180      4DCB765C 
 181 009e 35B44F36 		.ascii	"5\264O6Ijn\354\275\033\236{\334\367\353\374\\kW${\372"
 181      496A6EEC 
 181      BD1B9E7B 
 181      DCF7EBFC 
 181      5C6B5724 
 182 00b4 1F5F6651 		.ascii	"\037_fQ\251E\012*\213\322\242(\307\235\245\271\200^"
 182      A9450A2A 
 182      8BD2A228 
 182      C79DA5B9 
 182      805E
 183 00c6 FDF86F2E 		.ascii	"\375\370o.\262\027\257D\006\256\267\336\014\035.\340"
 183      B217AF44 
 183      06AEB7DE 
 183      0C1D2EE0 
 184 00d6 AB41D371 		.ascii	"\253A\323q\355\272\335\337c\313\022\0228?>;\370\260"
 184      EDBADDDF 
 184      63CB1212 
 184      383F3E3B 
 184      F8B0
 185 00e8 60CE3195 		.ascii	"`\3161\225\364J\263\364gd\245\244\363$9i\007E\351\034"
 185      F44AB3F4 
 185      6764A5A4 
 185      F3243969 
 185      0745E91C 
 186 00fc 45055C82 		.ascii	"E\005\\\202:i\016\343\367\267\017\217\026\310%*\366"
 186      3A690EE3 
 186      F7B70F8F 
 186      16C8252A 
 186      F6
 187 010d 4647A629 		.ascii	"FG\246)2\273\315\177\344\373\271;'\355\214\2377\262"
 187      32BBCD7F 
 187      E4FBB93B 
 187      27ED8C9F 
 187      37B2
 188 011f D2A42E15 		.ascii	"\322\244.\025\315\315\340\304\377\214}\267\247~\314"
 188      CDCDE0C4 
 188      FF8C7DB7 
 188      A77ECC
 189 012e 95E52A6E 		.ascii	"\225\345*n\350\370\355_\234\342\337U\315\361\013\321"
 189      E8F8ED5F 
 189      9CE2DF55 
 189      CDF10BD1 
ARM GAS  C:\Users\Luczia\AppData\Local\Temp\ccNIR4g6.s 			page 15


 190 013e DA7AFF80 		.ascii	"\332z\377\200o\202\011\365\350\272\237\311\250\300'"
 190      6F8209F5 
 190      E8BA9FC9 
 190      A8C027
 191 014d 67A69AC3 		.ascii	"g\246\232\303\266I\275TL\3354[\250\324\324\007%\241"
 191      B649BD54 
 191      4CDD345B 
 191      A8D4D407 
 191      25A1
 192 015f 13CB7233 		.ascii	"\023\313r3}:+5W\023\327\267\3273O\0135\327\"\\['\376"
 192      7D3A2B35 
 192      5713D7B7 
 192      D7334F0B 
 192      35D7225C 
 193 0176 682D946B 		.ascii	"h-\224kU\335k\317\306\272l\256\213~\007.\332\231\023"
 193      55DD6BCF 
 193      C6BA6CAE 
 193      8B7E072E 
 193      DA9913
 194 0189 B9745156 		.ascii	"\271tQVZtI\227\275\010\272\027H\027\246\034\025#\342"
 194      5A744997 
 194      BD08BA17 
 194      4817A61C 
 194      1523E2
 195 019c 5CFE50AF 		.ascii	"\\\376P\257\212\370\025\014/\315\250\255\337\251;\025"
 195      8AF8150C 
 195      2FCDA8AD 
 195      DFA93B15 
 196 01ac DFB74997 		.ascii	"\337\267I\227\321\034\032l\277e\345\374\251\217\015"
 196      D11C1A6C 
 196      BF65E5FC 
 196      A98F0D
 197 01bb 7E6E6CE9 		.ascii	"~nl\351\321W\263\246\023\244\263\015\030G\2621\331X"
 197      D157B3A6 
 197      13A4B30D 
 197      1847B231 
 197      D958
 198 01cd 8291368E 		.ascii	"\202\2216\216\226\243\216.\261\266\036;Bl\302\312[\250"
 198      96A38E2E 
 198      B1B61E3B 
 198      426CC2CA 
 198      5BA8
 199 01df 6C447031 		.ascii	"lDp1\261[\311\330(\261ar\204\352\336\277x0\350\260\004"
 199      B15BC9D8 
 199      28B16172 
 199      84EADEBF 
 199      7830E8B0 
 200 01f4 19E9A0C9 		.ascii	"\031\351\240\311\226\235\371\033\0163\206\"\224\007"
 200      969DF91B 
 200      0E338622 
 200      9407
 201 0202 816794BE 		.ascii	"\201g\224\276\327\017\202\032\342\002\322\3210t&\304"
 201      D70F821A 
 201      E202D2D1 
 201      307426C4 
 202 0212 108844FD 		.ascii	"\020\210D\375\001\307F\214UH\006/\377\212\354;\262\357"
 202      01C7468C 
ARM GAS  C:\Users\Luczia\AppData\Local\Temp\ccNIR4g6.s 			page 16


 202      5548062F 
 202      FF8AEC3B 
 202      B2EF
 203 0224 648034E8 		.ascii	"d\2004\350\312\027\244\031Tv52D\363\243\312o}\357\367"
 203      CA17A419 
 203      54763532 
 203      44F3A3CA 
 203      6F7DEFF7 
 204 0238 689EF663 		.ascii	"h\236\366c\317\345(\245\213\324\240\220\266\273{\364"
 204      CFE528A5 
 204      8BD4A090 
 204      B6BB7BF4 
 205 0248 BE53F3C1 		.ascii	"\276S\363\301w\263\322m\221\230\034]\245\032\221\221"
 205      77B3D26D 
 205      91981C5D 
 205      A51A9191 
 206 0258 36164628 		.ascii	"6\026F(J\303\015\001%\342~\247\232>\250!\332\304\333"
 206      4AC30D01 
 206      25E27EA7 
 206      9A3EA821 
 206      DAC4DB
 207 026b 65D2003A 		.ascii	"e\322\000:\031\241|\217\2471\306\267\264m5\334\276\374"
 207      19A17C8F 
 207      A731C6B7 
 207      B46D35DC 
 207      BEFC
 208 027d F501BB8D 		.ascii	"\365\001\273\215~\253\305t1U\017\211h\220\373\307\333"
 208      7EABC574 
 208      31550F89 
 208      6890FBC7 
 208      DB
 209 028e 9DCE9ECE 		.ascii	"\235\316\236\316p\311)?]\313O!\372\223\332\250Y\257"
 209      70C9293F 
 209      5DCB4F21 
 209      FA93DAA8 
 209      59AF
 210 02a0 E8352AE1 		.ascii	"\3505*\341\372\357\032\016Z:\265\204\016\360\324\377"
 210      FAEF1A0E 
 210      5A3AB584 
 210      0EF0D4FF 
 211 02b0 BF8BB4C3 		.ascii	"\277\213\264\303D9\270Y\325\373\375\213\003\037\222"
 211      4439B859 
 211      D5FBFD8B 
 211      031F92
 212 02bf B68F764F 		.ascii	"\266\217vO\204\271\276\003\331\377\322J\215+q\314\314"
 212      84B9BE03 
 212      D9FFD24A 
 212      8D2B71CC 
 212      CC
 213 02d0 E44C6861 		.ascii	"\344Lha\031\020\302\371<\262\227\317\003~\205\337\316"
 213      1910C2F9 
 213      3CB297CF 
 213      037E85DF 
 213      CE
 214 02e1 43601E7F 		.ascii	"C`\036\177\223\326\314\015\240'^\007\310\260\232&?y"
 214      93D6CC0D 
 214      A0275E07 
ARM GAS  C:\Users\Luczia\AppData\Local\Temp\ccNIR4g6.s 			page 17


 214      C8B09A26 
 214      3F79
 215 02f3 FAA96578 		.ascii	"\372\251exr0\230j$\303\332\217\223\205\204\316\344\344"
 215      7230986A 
 215      24C3DA8F 
 215      938584CE 
 215      E4E4
 216 0305 0401EE8E 		.ascii	"\004\001\356\216\374G\000\343+\"_\340+\322\012\206c"
 216      FC4700E3 
 216      2B225FE0 
 216      2BD20A86 
 216      63
 217 0316 54D7F6F2 		.ascii	"T\327\366\362\310\017A\214P\273\004\365\261H\013\326"
 217      C80F418C 
 217      50BB04F5 
 217      B1480BD6 
 218 0326 AD5F5356 		.ascii	"\255_SVZ\276x\307\216\330\272\324\346\265\225\211x\365"
 218      5ABE78C7 
 218      8ED8BAD4 
 218      E6B59589 
 218      78F5
 219 0338 B6D88A44 		.ascii	"\266\330\212D\374\247\312DI2UUV\272\205\237\342?o\336"
 219      FCA7CA44 
 219      49325555 
 219      56BA859F 
 219      E23F6FDE 
 220 034c BA7093F0 		.ascii	"\272p\223\360VmX\2612V\276z\331\312i\025\311de\"\025"
 220      566D58B1 
 220      3256BE7A 
 220      D9CA6915 
 220      C9646522 
 221 0361 ABAE4854 		.ascii	"\253\256HTTy\033\343\251d\252\"\265=\351\304\267\244"
 221      54791BE3 
 221      A964AA22 
 221      B53DE9C4 
 221      B7A4
 222 0373 AAAA1796 		.ascii	"\252\252\027\226~\002\337\304^\342"
 222      7E02DFC4 
 222      5EE2
 223              		.text
 224              		.section	.gnu.lto_.symbol_nodes.803ea3e1,"",%progbits
 225 0000 789C55C9 		.ascii	"x\234U\311\273\015\2000\020\003P;\201\210\261\310d\027"
 225      BB0D8030 
 225      1003503B 
 225      8188B1C8 
 225      6417
 226 0012 7E81920D 		.ascii	"~\201\222\015`\016Zzf\000\3212\003\342Dw\205e\3539\000"
 226      600E5A7A 
 226      6600D132 
 226      03E24477 
 226      8565EB39 
 227 0027 5835702D 		.ascii	"X5p-\005\230\017@kk\242JG\241\225\236\342\254\014\024"
 227      05980F40 
 227      6B6BA24A 
 227      47A1959E 
 227      E2AC0C14 
 228 003b 6F25530A 		.ascii	"o%S\012+#\2454\302\211\022~\001R\252\001\217\200\375"
ARM GAS  C:\Users\Luczia\AppData\Local\Temp\ccNIR4g6.s 			page 18


 228      2B23A534 
 228      C289127E 
 228      0152AA01 
 228      8F80FD
 229 004e 7AA367C0 		.ascii	"z\243g\300\235\237\245\362N\307\251Pj\353\201\017\247"
 229      9D9FA5F2 
 229      4EC7A950 
 229      6AEB810F 
 229      A7
 230 005f F12AB0   		.ascii	"\361*\260"
 231              		.text
 232              		.section	.gnu.lto_.refs.803ea3e1,"",%progbits
 233 0000 789C6363 		.ascii	"x\234cc```\004b\006\000\000D\000\010"
 233      60606004 
 233      62060000 
 233      440008
 234              		.text
 235              		.section	.gnu.lto_.decls.803ea3e1,"",%progbits
 236 0000 789CAD56 		.ascii	"x\234\255V{PT\327\031\277\337=\013,\227\207\0242\031"
 236      7B5054D7 
 236      19BFDF3D 
 236      0B2C9787 
 236      143219
 237 0013 FFD83F18 		.ascii	"\377\330?\030\343\310N\023y\2316\217\351t\332\252\261"
 237      E3C84E13 
 237      7999368F 
 237      E974DAAA 
 237      B1
 238 0024 9DB41907 		.ascii	"\235\264\031\007\354d\2322\263Y\331\253n\007v\355\356"
 238      EC649A32 
 238      B359D9AB 
 238      6E0776ED 
 238      EE
 239 0035 A5357FB4 		.ascii	"\2455\177\264s\005T\324X\321`4\353\013\023\037AC\250"
 239      730554D4 
 239      58D16034 
 239      EB0B131F 
 239      4143A8
 240 0048 23B11863 		.ascii	"#\261\030cX\011\240\0200\210\025|$\200\242$\212\211"
 240      5809A010 
 240      3088157C 
 240      2480A224 
 240      8A89
 241 005a 08548DA0 		.ascii	"\010T\215\240\333\357\234s\357\336\315\272k\323N\317"
 241      DBEF9C73 
 241      EFDECDBA 
 241      6BD34ECF 
 242 006a F0EDBDF7 		.ascii	"\360\355\275\367\234\337\371\375\276\307\271\337%V\020"
 242      9CDFF9FD 
 242      BEC7B9DF 
 242      255610
 243 0079 84A20441 		.ascii	"\204\242\004A\370\213(\010S\321\0028\342p\356\270`\014"
 243      F88B2808 
 243      53D10238 
 243      E270EEB8 
 243      600C
 244 008b FADC8CD6 		.ascii	"\372\334\214\326\205\326\215v\026\255\027\355\012\332"
ARM GAS  C:\Users\Luczia\AppData\Local\Temp\ccNIR4g6.s 			page 19


 244      85D68D76 
 244      16AD17ED 
 244      0ADA
 245 0099 97C2C363 		.ascii	"\227\302\303c5\010\002R\012\257\242\245\242=\206\346"
 245      35080252 
 245      0AAFA2A5 
 245      A23D86E6 
 246 00a9 471B427B 		.ascii	"G\033B{\005\215\340z\006^Mx\005\264q\274\307\2130\211"
 246      058DE07A 
 246      065E4D78 
 246      05B471BC 
 246      C78B3089 
 247 00bd 266A5A91 		.ascii	"&jZ\221xw\205\360vj|:\377\243x'4\336\256(\274{\020\224"
 247      787785F0 
 247      766A7C3A 
 247      FFA37827 
 247      34DEAE28 
 248 00d5 18C5DF58 		.ascii	"\030\305\337Xx4\367=\215\273;\012\367\001\004\2314n"
 248      7834F73D 
 248      8DBB3B0A 
 248      F7010499 
 248      346E
 249 00e7 12215ED0 		.ascii	"\022!^\320\362\031>\352\276\307\276\336\010\373\332"
 249      F2193EEA 
 249      BEC7BEDE 
 249      08FBDA
 250 00f6 B41C5D8A 		.ascii	"\264\034]\212\020\313\243\342\270\257\305\241\327\224"
 250      10CBA3E2 
 250      B8AFC5A1 
 250      D794
 251 0104 CE49F05D 		.ascii	"\316I\360]\356*\002\0076\016n6\365\303\027t\005R\200"
 251      EE2A0207 
 251      360E6E36 
 251      F5C31774 
 251      055280
 252 0117 328481D8 		.ascii	"2\204\201\330s@\037\232\012%\007}\221\243\302\267\261"
 252      73401F9A 
 252      0A25077D 
 252      91A3C2B7 
 252      B1
 253 0128 35E0260A 		.ascii	"5\340&\012\006\326\330\021\302\032\262\031\330\020\230"
 253      06D6D811 
 253      C21AB219 
 253      D81098
 254 0137 2BA1BE30 		.ascii	"+\241\2760\3174\367\300\220\207 F\307\207\260Bp\323"
 254      CF34F7C0 
 254      90872046 
 254      C787B042 
 254      70D3
 255 0149 C3DED1DC 		.ascii	"\303\336\321\334iI8{\343\365\367\023\007\240\017\241"
 255      6949387B 
 255      E3F5F713 
 255      07A00FA1 
 256 0159 BF13844A 		.ascii	"\277\023\204Js1\320\331\257w\\\3564\023\221\335Wv\237"
 256      7331D0D9 
 256      AF775CEE 
 256      341391DD 
ARM GAS  C:\Users\Luczia\AppData\Local\Temp\ccNIR4g6.s 			page 20


 256      57769F
 257 016c DE2D91C7 		.ascii	"\336-\221\307\331\375\340\205\325cR\346{*\037\3465D"
 257      D9FDE085 
 257      D56352E6 
 257      7B2A1FE6 
 257      3544
 258 017e 80C340F4 		.ascii	"\200\303@\364\204\356\27171B\326\022\230!A @p\242\356"
 258      84EEB937 
 258      3142D612 
 258      98214120 
 258      4070A2EE 
 259 0192 C6916F93 		.ascii	"\306\221o\223\370\004]o\374\264mo\"y\221\335\267\004"
 259      F8045D6F 
 259      FCB46D6F 
 259      227991DD 
 259      B704
 260 01a4 EEF8A7E0 		.ascii	"\356\370\247\340R\252\004\">v\217tlO\300\307\307$H\251"
 260      52AA0422 
 260      3E768F74 
 260      6C4FC0C7 
 260      C72448A9 
 261 01b8 22E2FBBE 		.ascii	"\"\342\373\276\311\311) Y+T\265T\255,Sc\254\002|\004"
 261      C9C92920 
 261      592B54B5 
 261      54AD2C53 
 261      63AC027C 
 262 01cd 16380A16 		.ascii	"\0268\012\026\001>\006+e\374\007d\012p\004'\033pr/\365"
 262      013E062B 
 262      65FC0764 
 262      0A700427 
 262      1B70722F 
 263 01e2 C77FC737 		.ascii	"\307\177\3077c\363*U\025\341\030H\360!\020\206\301\014"
 263      63F32A55 
 263      15E11848 
 263      F0211086 
 263      C10C
 264 01f4 CC90B883 		.ascii	"\314\220\270\203\037o\2708$\221c@=\020K\2736\215E\325"
 264      1F6FB838 
 264      24916340 
 264      3D104BBB 
 264      368D45D5 
 265 0208 381E5DA3 		.ascii	"8\036]\243!\267y\005\325\360\243F\243\241\201\222\\"
 265      21B77905 
 265      D5F0A346 
 265      A3A18192 
 265      5C
 266 0219 A46C70DD 		.ascii	"\244lp\335\016\263\011\313\316\020.\023\213v\303zq\352"
 266      0EB309CB 
 266      CE102E13 
 266      8B76C37A 
 266      71EA
 267 022b 9B743F0A 		.ascii	"\233t?\012\245\210\360\352\343A)\001>\201\251\370\333"
 267      A588F0EA 
 267      E3412901 
 267      3E81A9F8 
 267      DB
 268 023c 0426BE7F 		.ascii	"\004&\276\177\240\373\374`\354\264j\265\332\257\372"
ARM GAS  C:\Users\Luczia\AppData\Local\Temp\ccNIR4g6.s 			page 21


 268      A0FBFC60 
 268      ECB46AB5 
 268      DAAFFA
 269 024b 7B3B7EF2 		.ascii	"{;~\362n\307J\265\0137\376\214\001\341\003C\361\003"
 269      6EC74AB5 
 269      0B37FE8C 
 269      01E10343 
 269      F103
 270 025d 9A79A887 		.ascii	"\232y\250\207\001\200C\320\217\005l\206i\270\277\372"
 270      018043D0 
 270      8F056C86 
 270      69B8BFFA 
 271 026d 93B673F1 		.ascii	"\223\266s\361\3443^\274\272\025Wj\314\230W\013\226\004"
 271      E4335EBC 
 271      BA15576A 
 271      CC98570B 
 271      9604
 272 027f 422A62E1 		.ascii	"B*b\341\025\251\367\217\325\232\310%\206\025\017\326"
 272      15A9F78F 
 272      D59AC825 
 272      86150FD6 
 273 028f 5EF90358 		.ascii	"^\371\003X%=\225\231+X*\3331\210\223\206\250\205F\311"
 273      253D9599 
 273      2B582ADB 
 273      31889386 
 273      A88546C9 
 274 02a3 52A6BEA3 		.ascii	"R\246\276\243\222\251\002\314\262@6&\254\015\023f\321"
 274      92A902CC 
 274      B2403626 
 274      AC0D1366 
 274      D1
 275 02b4 12760243 		.ascii	"\022v\002Ck\305\320P\240f\347\273\315Id\230\013\364"
 275      6BC5D050 
 275      A066E7BB 
 275      CD496498 
 275      0BF4
 276 02c6 D5DE3C45 		.ascii	"\325\336<E\014\205\206i\207X\";Q\341SC\241\035\242H"
 276      0C858669 
 276      8758223B 
 276      51E15343 
 276      A11DA248 
 277 02da 744496A8 		.ascii	"tD\226\250\357\357\336\227\300\362\335\031\314w\217"
 277      EFEFDE97 
 277      C0F2DD19 
 277      CC778F
 278 02e9 EFE25A12 		.ascii	"\357\342Z\0225\341\237\261\204\237\322\023~k\177\315"
 278      35E19FB1 
 278      849FD213 
 278      7E6B7FCD 
 279 02f9 FEB860C2 		.ascii	"\376\270`\302\237:`$\034\201\320bx\326\022\236\360."
 279      9F3A6024 
 279      1C81D062 
 279      78D6129E 
 279      F02E
 280 030b 96F05DDB 		.ascii	"\226\360]\333\272v$\2201\236\360\372\361se\011\032Y"
 280      BA762490 
 280      319EF0FA 
ARM GAS  C:\Users\Luczia\AppData\Local\Temp\ccNIR4g6.s 			page 22


 280      F1736509 
 280      1A59
 281 031d D34C9FEA 		.ascii	"\323L\237\352\307(0FZ\272\323\006\323\351p\246n\306"
 281      C7283046 
 281      5ABAD306 
 281      D3E970A6 
 281      6EC6
 282 032f E4FB68B4 		.ascii	"\344\373h\264\203\220R\302\230\336{=P\025\0235\206\177"
 282      839052C2 
 282      98DE7B3D 
 282      50151335 
 282      867F
 283 0341 B2185C5A 		.ascii	"\262\030\\Z\010#\307+\332\247h\252\3273\203\252\010"
 283      0823C72B 
 283      DAA768AA 
 283      D73383AA 
 283      08
 284 0352 823386EA 		.ascii	"\2023\206\352\231p\325\263Lu\357\316\276\215\022\331"
 284      9970D5B3 
 284      4C75EFCE 
 284      BE8D12D9 
 285 0362 C4557B86 		.ascii	"\304U{\206\267\015\352\311\270\367\334w\230z\014\246"
 285      B70DEAC9 
 285      B8F7DC77 
 285      987A0CA6 
 286 0372 9E70A65E 		.ascii	"\236p\246^\306\264\351\374\346\223\311d\027g\212\364"
 286      C6B4E9FC 
 286      E693C964 
 286      17678AF4 
 287 0382 1E0C376E 		.ascii	"\036\0147noK\"\365\034\320[;|2\011\001p\001\211\237"
 287      6F4B22F5 
 287      1CD05B3B 
 287      7C320901 
 287      7001899F 
 288 0396 B4B040C6 		.ascii	"\264\260@\306/w=\000\322\300\001\355\203\255g\342(\340"
 288      2F773D00 
 288      D2C001ED 
 288      83AD67E2 
 288      28E0
 289 03a8 7304FCD0 		.ascii	"s\004\374\320\002\027\201\222\210\367\227oo\210\001"
 289      02178192 
 289      88F7976F 
 289      6F8801
 290 03b7 AB593B46 		.ascii	"\253Y;F7\323\033K\251\213\375`\0264\377\350X\311\016"
 290      37D31B4B 
 290      A98BFD60 
 290      1634FFE8 
 290      58C90E
 291 03ca 50D972E3 		.ascii	"P\331r\343\000\011\024B\021\330\355\254\330\366M\241"
 291      00091442 
 291      11D8EDAC 
 291      D8F64DA1 
 292 03da A728D038 		.ascii	"\247(\3208y\010\310\035&,n<\373\346Z3\230\255\017s\300"
 292      7908C81D 
 292      262C6E3C 
 292      FBE65A33 
 292      98AD0F73 
ARM GAS  C:\Users\Luczia\AppData\Local\Temp\ccNIR4g6.s 			page 23


 293 03ef 65DC1A8D 		.ascii	"e\334\032\215\206;\324\327\030\213\255\021.!h\300\310"
 293      863BD4D7 
 293      188BAD11 
 293      2E2168C0 
 293      C8
 294 0400 18F58E47 		.ascii	"\030\365\216G\350\257Z\033\027ZV\0124\352:\310\352z"
 294      E8AF5A1B 
 294      175A560A 
 294      34EA3AC8 
 294      EA7A
 295 0412 5E3F9BBE 		.ascii	"^?\233\276[{j\223\202g3\373X\303W\252*\231(\012\316"
 295      5B7B6A93 
 295      826733FB 
 295      58C357AA 
 295      2A99280A 
 296 0427 19E4E7C2 		.ascii	"\031\344\347\302\313q\205\225\343\215\272k7\022H\251"
 296      CB718595 
 296      E38DBA6B 
 296      371248A9 
 297 0437 29F2717A 		.ascii	")\362qzE\012\221\035\242\262Z\033?\365\240\262?\021"
 297      450A911D 
 297      A2B25A1B 
 297      3FF5A0B2 
 297      3F11
 298 0449 35073098 		.ascii	"5\0070\230\236\232X\237\332$\322u\270\312;\275~\025"
 298      9E9A589F 
 298      DA24D275 
 298      B8CA3BBD 
 298      7E15
 299 045b E04BA672 		.ascii	"\340K\246r\272\374\357\333\010\357\344&\3726u\372\006"
 299      BAFCEFDB 
 299      08EFE426 
 299      FA3675FA 
 299      06
 300 046c 9379274F 		.ascii	"\223y'O\247\001\034\035o\217\341\253f|<~\260bK2Y\317"
 300      A7011C1D 
 300      6F8FE1AB 
 300      667C3C7E 
 300      B0624B32 
 301 0482 5DFAE264 		.ascii	"]\372\342d\315\001\2723\203~/\002\201)!\375)\203\367"
 301      CD01BA33 
 301      837E2F02 
 301      812921FD 
 301      2983F7
 302 0495 A7EEF5A3 		.ascii	"\247\356\365\243\273\343\310\033\014.\366\237\237\370"
 302      BBE3C81B 
 302      0C2EF69F 
 302      9FF8
 303 04a3 3C596FD8 		.ascii	"<Yo\330\325ej\374/\005\270\206\021|E\033\366\010\326"
 303      D5656AFC 
 303      2F05B886 
 303      117C451B 
 303      F608D6
 304 04b6 22436B0E 		.ascii	"\"Ck\016_\343\344\215\220\217\302O\337\032U\325t\270"
 304      5FE3E48D 
 304      908FC24F 
 304      DF1A55D5 
ARM GAS  C:\Users\Luczia\AppData\Local\Temp\ccNIR4g6.s 			page 24


 304      74B8
 305 04c8 89C7F01B 		.ascii	"\211\307\360\033#i\031Z\277\256\331\275\341\355X\262"
 305      2369195A 
 305      BFAED9BD 
 305      E1ED58B2 
 306 04d8 836B1CDD 		.ascii	"\203k\034\335z\265E\214\2461\026]\243aZ+\353e\243\250"
 306      7AB5458C 
 306      A631165D 
 306      A3615A2B 
 306      EB65A3A8 
 307 04ec 71CBD0B8 		.ascii	"q\313\320\270\251\177\024\266t\037\234+!i\331\367\""
 307      A97F14B6 
 307      741F9C2B 
 307      2169D9F7 
 307      22
 308 04fd A58938F1 		.ascii	"\245\2118\361a\300D\366\361D\255+__#\221\375\374A\377"
 308      61C044F6 
 308      F144AD2B 
 308      5F5F2391 
 308      FDFC41FF 
 309 0511 54A6B24F 		.ascii	"T\246\262O%\034\036jk\225x\276U\332\341G}\255\303\022"
 309      251C1E6A 
 309      6B9578BE 
 309      55DAE147 
 309      7DADC312 
 310 0525 A965D8D8 		.ascii	"\251e\330\330\212\326#\357\304\302t\034\326\264\267"
 310      8AD623EF 
 310      C4C2741C 
 310      D6B4B7
 311 0534 D5F232D5 		.ascii	"\325\3622\325\177\342o\344z\335\232uju\023\3008:;\214"
 311      7FE26FE4 
 311      7ADD9A75 
 311      6A7513C0 
 311      383A3B8C 
 312 0548 CE0620CD 		.ascii	"\316\006 \315\360\347:;\0179\370#\360\035\355\177\305"
 312      F0E73A3B 
 312      0F39F823 
 312      F01DED7F 
 312      C5
 313 0559 2E504E18 		.ascii	".PN\030\372_\341\350,\012\276\006\006\272)\004};\":"
 313      FA5FE1E8 
 313      2C0ABE06 
 313      06BA2904 
 313      7D3B223A 
 314 056d 84FA4208 		.ascii	"\204\372B\010\370\333\310\216pn\236\345\333\367S\227"
 314      F8DBC88E 
 314      706E9EE5 
 314      DBF75397 
 315 057d AB2A5058 		.ascii	"\253*PX\350\233\276\201\235i4|i\340.n\277\303vR2\372"
 315      E89BBE81 
 315      9D69347C 
 315      69E02E6E 
 315      BFC37652 
 316 0593 963EC004 		.ascii	"\226>\300\004O\302t\230@\273\207v\037\246\353'\275c"
 316      4FC27498 
 316      40BB8776 
 316      1FA6EB27 
ARM GAS  C:\Users\Luczia\AppData\Local\Temp\ccNIR4g6.s 			page 25


 316      BD63
 317 05a5 E7D643F8 		.ascii	"\347\326C\370u\342\245\257\361\355\253J\2024kD:(\025"
 317      75E2A5AF 
 317      F1EDAB4A 
 317      82346B44 
 317      3A2815
 318 05b8 ADFF9191 		.ascii	"\255\377\221\221{9\364\200\275\377\313\3054P\305\340"
 318      7B39F480 
 318      BDFFCBC5 
 318      3450C5E0 
 319 05c8 49A03E33 		.ascii	"I\240>3\315\273}\025\273\305\3045\301\363\305\200z\320"
 319      CDBB7D15 
 319      BBC5C435 
 319      C1F3C580 
 319      7AD0
 320 05da 02948989 		.ascii	"\002\224\211\211\354\335\302+\202wNN\274\225\034\012"
 320      ECDDC22B 
 320      82774E4E 
 320      BC951C0A 
 321 05ea A6EFA101 		.ascii	"\246\357\241\001.\327\300\345\014\334\331rfK\034\271"
 321      2ED7C0E5 
 321      0CDCD972 
 321      664B1CB9 
 322 05fa CBA2316D 		.ascii	"\313\2421mm>\374M\002\304[\000\301`]\305\033Ye\012\004"
 322      6D3EFC4D 
 322      02C45B00 
 322      C1605DC5 
 322      1B59650A 
 323 060f 1BD96A0C 		.ascii	"\033\331j\014h\245\030\217\273W\211\026\250\020-\202"
 323      68A5188F 
 323      BB578916 
 323      A8102D82 
 324 061f 0FBDA633 		.ascii	"\017\275\2463>\025\017j\012\273\335\253\377\247'\320"
 324      3E150F6A 
 324      0ABBDDAB 
 324      FFA727D0 
 325 062f 47582192 		.ascii	"GX!\222\340\277\244\370\214\232\373F\256\336\216yb\027"
 325      E0BFA4F8 
 325      8C9AFB46 
 325      AEDE8E79 
 325      6217
 326 0641 0B1CBF9D 		.ascii	"\013\034\277\235\330\211K\351\207\212u \216[#>!\244"
 326      D8894BE9 
 326      878A7520 
 326      8E5B233E 
 326      21A4
 327 0653 FDEAE539 		.ascii	"\375\352\3459\363l/{\234\212\374\363\302B\331\353\235"
 327      F36C2F7B 
 327      9C8AFCF3 
 327      C242D9EB 
 327      9D
 328 0664 5DEC7832 		.ascii	"]\354x2\177\301of\345\276\360\364\262e\266|\3051_\366"
 328      7FC16F66 
 328      E5BEF0F4 
 328      B265B67C 
 328      C5315FF6 
 329 0678 38972EB1 		.ascii	"8\227.\261\315\3618\377${\262\274J\361\254\334Et\311"
ARM GAS  C:\Users\Luczia\AppData\Local\Temp\ccNIR4g6.s 			page 26


 329      CDF138FF 
 329      247BB2BC 
 329      4AF1ACDC 
 329      4574C9
 330 068b F967C7E2 		.ascii	"\371g\307\342\314B\363\274\227~\233>;'G\220l\266\022"
 330      CC42F3BC 
 330      977E9B3E 
 330      3B274790 
 330      6CB612
 331 069e A74BC9F9 		.ascii	"\247K\311\371\261MYT\370|A\341\022\347B\247W)q8\335"
 331      B14D5954 
 331      F87C41E1 
 331      12E742A7 
 331      57297138 
 332 06b3 058ADB5D 		.ascii	"\005\212\333]\344-X\354*Igw\351vOq\272\\\274Pv8dG\301"
 332      E42D58EC 
 332      2A496777 
 332      E9764F71 
 332      BA5CBC50 
 333 06cc 3399D9E9 		.ascii	"3\231\331\351\271\3319\317\374\361\351\002\234\237\351"
 333      B9D939CF 
 333      FCF1E902 
 333      9C9FE9
 334 06db 72BBE499 		.ascii	"r\273\344\231\262}\241\263\300\351*,*q\310\005\305v"
 334      B27DA1B3 
 334      C0E92A2C 
 334      2A71C805 
 334      C576
 335 06ed E472C905 		.ascii	"\344r\311\0056\207\274\310^R\244\330\224\327\226\312"
 335      3687BCC8 
 335      5E52A4D8 
 335      94D796CA 
 336 06fd DECC2582 		.ascii	"\336\314%\202Y\327\373\375\377U\317\373\232\267\300"
 336      59D7FBFD 
 336      FF55CFFB 
 336      9AB7C0
 337 070c E6551C48 		.ascii	"\346U\034H\216\"O\375\027\271\020~\300\222\231/+\363"
 337      8E224FFD 
 337      17B9107E 
 337      C092992F 
 337      2BF3
 338 071e 3DB2B7D0 		.ascii	"=\262\267\320^${\342yV\236\265)q\3325Y\307\344\311E"
 338      5E247BE2 
 338      79569EB5 
 338      2971DA35 
 338      59C7E4C9 
 339 0733 6EBB2395 		.ascii	"n\273#\225=\362\373\331\356\022\227\"{\022\330\324\\"
 339      3DF2FBD9 
 339      EE129722 
 339      7B12D8D4 
 339      5C
 340 0744 977D6191 		.ascii	"\227}a\221\314\227\347\311\312\013E\366\305\371\212"
 340      CC97E7C9 
 340      CA0B45F6 
 340      C5F98A
 341 0753 5D29F192 		.ascii	"])\361\222\374\271\013b\362\346\342\357\263\231\231"
 341      FCB90B62 
ARM GAS  C:\Users\Luczia\AppData\Local\Temp\ccNIR4g6.s 			page 27


 341      F2E6E2EF 
 341      B39999
 342 0762 59F8C742 		.ascii	"Y\370\307Bw{s\236\313\311r{\263\012\335\305\305nW\226"
 342      777B739E 
 342      CBC9727B 
 342      B30ADDC5 
 342      C56E5796 
 343 0776 BC4CC9CA 		.ascii	"\274L\311\312_\220\025\364\336p\026\203\222\014\266"
 343      5F9015F4 
 343      DE701683 
 343      920CB6
 344 0785 44BBD72B 		.ascii	"D\273\327+{\024\333R\273\307^L\362~\235\247\325qV\256"
 344      7B14DB52 
 344      BBC75E4C 
 344      F27E9DA7 
 344      D57156AE 
 345 0799 4D31EB37 		.ascii	"M1\3537\342\374<\361\305<1?\357\371\377A1\373GL3\221"
 345      E2FC3CF1 
 345      C53C313F 
 345      EFF9FF41 
 345      31FB474C 
 346 07af 45B2006B 		.ascii	"E\262\000k7G^\024c\373\005V\346\337 >8#"
 346      37475E14 
 346      63FB0556 
 346      E6DF203E 
 346      3823
 347              		.text
 348              		.section	.gnu.lto_.symtab.803ea3e1,"",%progbits
 349 0000 49574447 		.ascii	"IWDG_WriteAccessCmd\000"
 349      5F577269 
 349      74654163 
 349      63657373 
 349      436D6400 
 350 0014 00       		.ascii	"\000"
 351 0015 00       		.ascii	"\000"
 352 0016 00       		.ascii	"\000"
 353 0017 00000000 		.ascii	"\000\000\000\000\000\000\000\000"
 353      00000000 
 354 001f C4000000 		.ascii	"\304\000\000\000"
 355 0023 49574447 		.ascii	"IWDG_SetPrescaler\000"
 355      5F536574 
 355      50726573 
 355      63616C65 
 355      7200
 356 0035 00       		.ascii	"\000"
 357 0036 00       		.ascii	"\000"
 358 0037 00       		.ascii	"\000"
 359 0038 00000000 		.ascii	"\000\000\000\000\000\000\000\000"
 359      00000000 
 360 0040 D0000000 		.ascii	"\320\000\000\000"
 361 0044 49574447 		.ascii	"IWDG_SetReload\000"
 361      5F536574 
 361      52656C6F 
 361      616400
 362 0053 00       		.ascii	"\000"
 363 0054 00       		.ascii	"\000"
 364 0055 00       		.ascii	"\000"
ARM GAS  C:\Users\Luczia\AppData\Local\Temp\ccNIR4g6.s 			page 28


 365 0056 00000000 		.ascii	"\000\000\000\000\000\000\000\000"
 365      00000000 
 366 005e D2000000 		.ascii	"\322\000\000\000"
 367 0062 49574447 		.ascii	"IWDG_ReloadCounter\000"
 367      5F52656C 
 367      6F616443 
 367      6F756E74 
 367      657200
 368 0075 00       		.ascii	"\000"
 369 0076 00       		.ascii	"\000"
 370 0077 00       		.ascii	"\000"
 371 0078 00000000 		.ascii	"\000\000\000\000\000\000\000\000"
 371      00000000 
 372 0080 D5000000 		.ascii	"\325\000\000\000"
 373 0084 49574447 		.ascii	"IWDG_Enable\000"
 373      5F456E61 
 373      626C6500 
 374 0090 00       		.ascii	"\000"
 375 0091 00       		.ascii	"\000"
 376 0092 00       		.ascii	"\000"
 377 0093 00000000 		.ascii	"\000\000\000\000\000\000\000\000"
 377      00000000 
 378 009b D7000000 		.ascii	"\327\000\000\000"
 379 009f 49574447 		.ascii	"IWDG_GetFlagStatus\000"
 379      5F476574 
 379      466C6167 
 379      53746174 
 379      757300
 380 00b2 00       		.ascii	"\000"
 381 00b3 00       		.ascii	"\000"
 382 00b4 00       		.ascii	"\000"
 383 00b5 00000000 		.ascii	"\000\000\000\000\000\000\000\000"
 383      00000000 
 384 00bd E4000000 		.ascii	"\344\000\000\000"
 385 00c1 61737365 		.ascii	"assert_param\000"
 385      72745F70 
 385      6172616D 
 385      00
 386 00ce 00       		.ascii	"\000"
 387 00cf 02       		.ascii	"\002"
 388 00d0 00       		.ascii	"\000"
 389 00d1 00000000 		.ascii	"\000\000\000\000\000\000\000\000"
 389      00000000 
 390 00d9 E7000000 		.ascii	"\347\000\000\000"
 391              		.text
 392              		.section	.gnu.lto_.opts,"",%progbits
 393 0000 272D666D 		.ascii	"'-fmath-errno' '-fsigned-zeros' '-ftrapping-math' '"
 393      6174682D 
 393      6572726E 
 393      6F272027 
 393      2D667369 
 394 0033 2D666E6F 		.ascii	"-fno-trapv' '-fno-strict-overflow' '-fno-openmp' '-"
 394      2D747261 
 394      70762720 
 394      272D666E 
 394      6F2D7374 
 395 0066 666E6F2D 		.ascii	"fno-openacc' '-mcpu=cortex-m4' '-mthumb' '-O0' '-fo"
ARM GAS  C:\Users\Luczia\AppData\Local\Temp\ccNIR4g6.s 			page 29


 395      6F70656E 
 395      61636327 
 395      20272D6D 
 395      6370753D 
 396 0099 6D69742D 		.ascii	"mit-frame-pointer' '-falign-functions=16' '-ffuncti"
 396      6672616D 
 396      652D706F 
 396      696E7465 
 396      72272027 
 397 00cc 6F6E2D73 		.ascii	"on-sections' '-fdata-sections' '-fno-common' '-flto"
 397      65637469 
 397      6F6E7327 
 397      20272D66 
 397      64617461 
 398 00ff 2700     		.ascii	"'\000"
 399              		.text
 400              		.comm	__gnu_lto_v1,1,1
 401              		.comm	__gnu_lto_slim,1,1
 402              		.ident	"GCC: (GNU Tools for Arm Embedded Processors 7-2017-q4-major) 7.2.1 20170904 (release) [ARM
ARM GAS  C:\Users\Luczia\AppData\Local\Temp\ccNIR4g6.s 			page 30


DEFINED SYMBOLS
                            *ABS*:00000000 stm32f4xx_iwdg.c
                            *COM*:00000001 __gnu_lto_v1
                            *COM*:00000001 __gnu_lto_slim

NO UNDEFINED SYMBOLS
