ARM GAS  C:\Users\Luczia\AppData\Local\Temp\cct6Tf5b.s 			page 1


   1              		.cpu cortex-m4
   2              		.eabi_attribute 20, 1
   3              		.eabi_attribute 21, 1
   4              		.eabi_attribute 23, 3
   5              		.eabi_attribute 24, 1
   6              		.eabi_attribute 25, 1
   7              		.eabi_attribute 26, 1
   8              		.eabi_attribute 30, 6
   9              		.eabi_attribute 34, 1
  10              		.eabi_attribute 18, 4
  11              		.file	"syscalls_cpp.cpp"
  12              		.section	.gnu.lto_.inline.803e8611,"",%progbits
  13 0000 789C6363 		.ascii	"x\234cc``h`@\0006\006\006V^\006\006&\246\005\362\014"
  13      60606860 
  13      40003606 
  13      06565E06 
  13      0626A605 
  14 0016 2C0C4C20 		.ascii	",\014L !&n\006\006\306\011~\214\014,@\006H\004Y\034"
  14      21266E06 
  14      06C6097E 
  14      8C0C2C40 
  14      06480459 
  15 002b C8646642 		.ascii	"\310dfBU\317\314\300\302\014\024a\371\240\007\023a\305"
  15      55CFCCC0 
  15      C20C1461 
  15      F9A00713 
  15      61C5
  16 003d 50C386DD 		.ascii	"P\303\206\335\026\006\006\000\306}\006@"
  16      16060600 
  16      C67D0640 
  17              		.text
  18              		.section	.gnu.lto__ZL11osalSysHaltPKc.803e8611,"",%progbits
  19 0000 789C254F 		.ascii	"x\234%OMK\303@\020\235\227I\242\027\275y\013\342A\010"
  19      4D4BC340 
  19      109D9749 
  19      A217BD79 
  19      0BE24108 
  20 0014 F590D8A3 		.ascii	"\365\220\330\243\277F\252\010)\210\205\306{\226RhEo"
  20      BF46AA08 
  20      298885C6 
  20      7B965268 
  20      456F
  21 0026 6A859262 		.ascii	"j\205\222bAj\217*\365+\227\022\274\013*\336\274\251"
  21      416A8F2A 
  21      F52B9712 
  21      BC0B2ADE 
  21      BCA9
  22 0038 78902208 		.ascii	"x\220\"\010\336\324\324\3318\354\356\354\233y\373\366"
  22      DED4D4D9 
  22      38ECEEEC 
  22      9B79FBF6 
  23 0048 8D4D440C 		.ascii	"\215MD\014\242E\3113\244\001\301 \331\220\"\201\"\003"
  23      A245C933 
  23      A401C120 
  23      D9902281 
  23      2203
  24 005a 1176788F 		.ascii	"\021vx\217q\323xK\214B_I\244\007?\263\357\352Nq\314"
ARM GAS  C:\Users\Luczia\AppData\Local\Temp\cct6Tf5b.s 			page 2


  24      71D3784B 
  24      8C425F49 
  24      A4073FB3 
  24      EFEA4E71 
  25 006f 442DA63C 		.ascii	"D-\246<0@Ah\367\365\323\230\267\245\003\230\002?o\333"
  25      30404168 
  25      F7F5D398 
  25      B7A50398 
  25      023F6FDB 
  26 0083 2FD31A1A 		.ascii	"/\323\032\032\230\023\330\351d\217\026/\200\344\376"
  26      9813D8E9 
  26      648F162F 
  26      80E4FE
  27 0092 35FE3E34 		.ascii	"5\376>4\334\236R5\225\276\366X\315\307\314\270\004\213"
  27      DC9E5235 
  27      95BEF658 
  27      CDC7CCB8 
  27      048B
  28 00a4 202EE0E0 		.ascii	" .\340\340\034\016I\211p\005W\363\237\317\262\375)\333"
  28      1C0E4989 
  28      700557F3 
  28      9FCFB2FD 
  28      29DB
  29 00b6 FCFF10D7 		.ascii	"\374\377\020\327\260I[<y\260R\225\215\033\242q\214\335"
  29      B0495B3C 
  29      79B05295 
  29      8D1BA271 
  29      8CDD
  30 00c8 65538C6B 		.ascii	"eS\214k>5s[[,\303\360\010\365\356\321\320\311\337\210"
  30      3E35735B 
  30      5B2CC3F0 
  30      08F5EED1 
  30      D0C9DF88 
  31 00dc 50928C9E 		.ascii	"P\222\214\236&\242_5\031\263\331\322\303#ADm6b\266\350"
  31      26A25F35 
  31      19B3D9D2 
  31      C3234144 
  31      6D3662B6 
  32 00f1 03B56E7F 		.ascii	"\003\265n\177\210\234\253\243\251\011\"\342z\236/k5"
  32      889CABA3 
  32      A90922E2 
  32      7A9E2F6B 
  32      35
  33 0102 28AF942B 		.ascii	"(\257\224+aq\251\350WB?(\255K\222\243\272\231g/ \273"
  33      6171A9E8 
  33      57423F28 
  33      AD4B92A3 
  33      BA99672F 
  34 0118 BA560A2B 		.ascii	"\272V\012+\033\177Ja^\001"
  34      1B7F4A61 
  34      5E01
  35              		.text
  36              		.section	.gnu.lto__exit.803e8611,"",%progbits
  37 0000 789C2D4F 		.ascii	"x\234-O=HBQ\024>\307\363|\032Qs\203\220B!.>\334*hko"
  37      3D484251 
  37      143EC7F3 
  37      7C1A5173 
ARM GAS  C:\Users\Luczia\AppData\Local\Temp\cct6Tf5b.s 			page 3


  37      83904221 
  38 001b 6A969709 		.ascii	"j\226\227\011\011\222\217w\265\250\345]B\321\250\241"
  38      09928F77 
  38      B5A8E55D 
  38      42D1A8A1 
  39 002b A12CE241 		.ascii	"\241,\342A!\224-Q\321\237\326\"\321X\203\255mJ\321\340"
  39      21942D51 
  39      D19FD622 
  39      D15883AD 
  39      6D4AD1E0 
  40 003f 12340496 		.ascii	"\0224\004\226u\236y\270\337\275\367\234\363\335\357"
  40      759E79B8 
  40      DFBDF79C 
  40      F3DDEF
  41 004e BB470580 		.ascii	"\273G\005\200a\004\230\346s\224\001\012\240\013\030"
  41      610498E6 
  41      7394010A 
  41      A00B18
  42 005d 48BC5377 		.ascii	"H\274SwG\260\\\204\014\350\305\006m\021\336\347\337"
  42      47B05C84 
  42      0CE8C506 
  42      6D11DEE7 
  42      DF
  43 006e AAAE5059 		.ascii	"\252\256PYr\324v*c\25327d3\243\330c\341\005\206\230"
  43      72D4762A 
  43      63AB3237 
  43      6433A3D8 
  43      63E10586 
  44 0083 55CF9ED9 		.ascii	"U\317\236\331\264N6!*\234~<\3555\007\235\324\205~N\337"
  44      B44E3621 
  44      2A9C7E3C 
  44      ED35079D 
  44      D4857E4E 
  45 0098 73F2A48F 		.ascii	"s\362\244\217&\021\370\376\331|lc\360\260\253\367P\""
  45      2611F8FE 
  45      D97C6C63 
  45      F0B0ABF7 
  45      5022
  46 00aa 396213E1 		.ascii	"9b\023\3415\022\013\342\025\372\360\022}\300%\300\033"
  46      35120BE2 
  46      15FAF012 
  46      7DC025C0 
  46      1B
  47 00bb 0C3AFCC6 		.ascii	"\014:\374\306yg{@U\376\015\261\202*\360\030p\372\354"
  47      79677B40 
  47      55FE0DB1 
  47      822AF018 
  47      70FAEC
  48 00ce AEC9CE6F 		.ascii	"\256\311\316o^\326\276KXW\270W\350~h\215x*ja\366\240"
  48      5ED6BE4B 
  48      5857B857 
  48      E87E688D 
  48      782A6A61 
  49 00e4 FD855D36 		.ascii	"\375\205]6KT\253\255\027\217\365#\2756)E\342\347XE\313"
  49      4B54ABAD 
  49      178FF523 
  49      BD362945 
ARM GAS  C:\Users\Luczia\AppData\Local\Temp\cct6Tf5b.s 			page 4


  49      E2E75845 
  50 00f9 691C77DA 		.ascii	"i\034w\332\257\336\300\324\276\334\365\333\344v*\345"
  50      AFDEC0D4 
  50      BEDCF5DB 
  50      E4762AE5 
  51 0109 CDA30632 		.ascii	"\315\243\0062\225gT\361\026\003\377\206wh\331\344\001"
  51      956754F1 
  51      1603FF86 
  51      7768D9E4 
  51      01
  52 011a C7845DA8 		.ascii	"\307\204]\250\340hpL\204\303\032\257\330|b6\221\022"
  52      E068704C 
  52      84C31AAF 
  52      D87C6236 
  52      9112
  53 012c 91F18896 		.ascii	"\221\361\210\226\022\332\242n&R\031\241\305\014#\272"
  53      12DAA26E 
  53      265219A1 
  53      C50C23BA 
  54 013c 64EA8611 		.ascii	"d\352\206\0217\205&\226ELO&E\224\253a\006\250\"\255"
  54      37852696 
  54      454C4F26 
  54      4594AB61 
  54      06A822AD 
  55 0150 A733A27F 		.ascii	"\2473\242\177f\301\214\353\311\304J|\016\376\000KHt"
  55      66C18CEB 
  55      C9C44A7C 
  55      0EFE004B 
  55      4874
  56 0162 8B       		.ascii	"\213"
  57              		.text
  58              		.section	.gnu.lto__getpid.803e8611,"",%progbits
  59 0000 789C6363 		.ascii	"x\234cc``\370\010\3046@,\003\304\014,\014\214L\014@"
  59      6060F808 
  59      C436402C 
  59      03C40C2C 
  59      0C8C4C0C 
  60 0015 CCC80C24 		.ascii	"\314\310\014$\231\031\031\201B\214\014\365L\314\214"
  60      99191981 
  60      428C0CF5 
  60      4CCC8C
  61 0024 F58C3DCC 		.ascii	"\365\214=\314S\230\031/\266l\230\303\334\315<\207\231"
  61      5398192F 
  61      B66C98C3 
  61      DCCD3C87 
  61      99
  62 0035 819105C8 		.ascii	"\201\221\005\310\375xv\326c>\020\227\221Q\001\310]\272"
  62      FD7876D6 
  62      633E1097 
  62      915101C8 
  62      5DBA
  63 0047 B7790FA3 		.ascii	"\267y\017\243\346\362\006 80\375\212\316\242\346V\217"
  63      E6F20620 
  63      3830FD8A 
  63      CEA2E656 
  63      8F
  64 0058 39CC4C0C 		.ascii	"9\314L\014\323\200\252\2670\3120nf\004\331\301\270\225"
ARM GAS  C:\Users\Luczia\AppData\Local\Temp\cct6Tf5b.s 			page 5


  64      D380AAB7 
  64      30CA306E 
  64      6604D9C1 
  64      B895
  65 006a 519301A8 		.ascii	"Q\223\001\250\370\321\306\177Sy\331X@\262@\301m\214"
  65      F8D1C67F 
  65      5379D958 
  65      40B240C1 
  65      6D8C
  66 007c 6C409B18 		.ascii	"l@\233\030\030\201\022;\372\026\337\343T]\334\3200\241"
  66      1881123B 
  66      FA16DFE3 
  66      545DDCD0 
  66      30A1
  67 008e E1C0BD4D 		.ascii	"\341\300\275M\314\263V\034hQ\3004\006\250v;\243\352"
  67      CCB3561C 
  67      6851C034 
  67      06A8763B 
  67      A3EA
  68 00a0 FA4BAC07 		.ascii	"\372K\254\007\032\376\375oo8p\355\020\343\242\315\234"
  68      1AFEFD6F 
  68      6F3870ED 
  68      10E3A2CD 
  68      9C
  69 00b1 CC8C0C20 		.ascii	"\314\214\014 \245\014\035 C\031:AL\346W\214M_^\2546"
  69      A50C1D20 
  69      43193A41 
  69      4CE6578C 
  69      4D5F5EAC 
  70 00c6 0359310B 		.ascii	"\003Y1\013\350Pm\031\260\014P\001\363\013\240\007\247"
  70      E8506D19 
  70      B00C5001 
  70      F30BA007 
  70      A7
  71 00d7 0319EF18 		.ascii	"\003\031\357\030\233\024\240\322 m\035 \012\250\323"
  71      9B14A0D2 
  71      206D1D20 
  71      0AA8D3
  72 00e6 4A4F4F1F 		.ascii	"JOO\037\210\22232\2232\363\213\015-\015\365\363\213"
  72      88923332 
  72      9332F38B 
  72      0D2D0DF5 
  72      F38B
  73 00f8 F5CB128B 		.ascii	"\365\313\022\2132\363K\213\365\223\013\012\342\313\213"
  73      32F34B8B 
  73      F5930B0A 
  73      E2CB8B
  74 0107 120B0A52 		.ascii	"\022\013\012R\213\212\365\213+\213\223\023sr\212\343"
  74      8B8AF58B 
  74      2B8B9313 
  74      73728AE3 
  75 0117 81A27A40 		.ascii	"\201\242z@\314\000\000<\314Zt"
  75      CC00003C 
  75      CC5A74
  76              		.text
  77              		.section	.gnu.lto__kill.803e8611,"",%progbits
  78 0000 789C6D51 		.ascii	"x\234mQ\335KSa\030\177~{\346PD\275\353j\027\273P\206"
ARM GAS  C:\Users\Luczia\AppData\Local\Temp\cct6Tf5b.s 			page 6


  78      DD4B5361 
  78      187F7E7B 
  78      E65044BD 
  78      EB6A17BB 
  79 0016 A03B5810 		.ascii	"\240;X\020\024t\021x\321\1771\346\024; \354\260C\211"
  79      14741178 
  79      D17F31E6 
  79      143B20EC 
  79      B04389
  80 0029 573BE82A 		.ascii	"W;\350*W\021^\224\312\2342\031jw*\363{SO\020\363\252"
  80      57115E94 
  80      CA9C3219 
  80      6A772AF3 
  80      7B534F10 
  81 003f 0BEBAE1B 		.ascii	"\013\353\256\033\243 $B\212V1\252\325\363\034\026\004"
  81      A3202442 
  81      8A5631AA 
  81      D5F31C16 
  81      04
  82 0050 79789FF3 		.ascii	"yx\237\363\236\347\343\367\361\276'@D\025\020\365\313"
  82      9EE7E3F7 
  82      F1BE2740 
  82      441510F5 
  82      CB
  83 0061 1E94203F 		.ascii	"\036\224 ?\301G\022`y3\244E\240\224\217\221\302C~\314"
  83      C1471260 
  83      7933A445 
  83      A0948F91 
  83      C2437ECC 
  84 0075 384EAFE5 		.ascii	"8N\257\345\370\001\347\230\340\227\364\363\213\354\273"
  84      F801E798 
  84      E097F4F3 
  84      8BECBB
  85 0084 764D8190 		.ascii	"vM\201\220\244\333s\307\227\272W\034y\334\231O=\205"
  85      A4DB73C7 
  85      97BA571C 
  85      79DC994F 
  85      3D85
  86 0096 893B3772 		.ascii	"\211;7r\354\243i\031\336@\020E\250\0046\321-\243\325"
  86      ECA36919 
  86      DE401045 
  86      A80436D1 
  86      2DA3D5
  87 00a9 D747B3AD 		.ascii	"\327G\263\255|\015\244\244o\322\313\010/y\270\237\213"
  87      7C0DA4A4 
  87      6FD2CB08 
  87      2F79B89F 
  87      8B
  88 00ba EC740A0A 		.ascii	"\354t\012\012[\340\177\201J\204m\204e\274\236y\266\330"
  88      5BE07F81 
  88      4A846D84 
  88      65BC9E79 
  88      B6D8
  89 00cc CAD73DE8 		.ascii	"\312\327=\350Zz\242\370\027\372\274\320\200\356\234"
  89      5A7AA2F8 
  89      17FABCD0 
  89      80EE9C
ARM GAS  C:\Users\Luczia\AppData\Local\Temp\cct6Tf5b.s 			page 7


  90 00db 03DD4558 		.ascii	"\003\335EX\347\337\256\327\237\264\005\374\352I\254"
  90      E7DFAED7 
  90      9FB405FC 
  90      EA49AC
  91 00ea EC2120C7 		.ascii	"\354! \307#H\343\313\374\341\267\346\256\202\343L9\356"
  91      2348E3CB 
  91      FCE1B7E6 
  91      AE82E34C 
  91      39EE
  92 00fc FB22679F 		.ascii	"\373\"g\237\272\351\320\377\346e\266\204\256\325\227"
  92      BAE9D0FF 
  92      E665B684 
  92      AED597
  93 010b 4DAE53FF 		.ascii	"M\256S\377}\317q+\257P\370\336\342gO\203&\225\2242\372"
  93      7DCF712B 
  93      AF50F8DE 
  93      E2674F83 
  93      26959432 
  94 0120 C91F305E 		.ascii	"\311\0370^=-]T\011a_\375\270[k\323{b\317\365\217J\356"
  94      3D2D5D54 
  94      09615FFD 
  94      B85B6BD3 
  94      7B62CFF5 
  95 0137 5147EA97 		.ascii	"QG\352\227\323,\205\274\202\244vr7s\022\310c\001z\202"
  95      D32C85BC 
  95      82A47672 
  95      377312C8 
  95      63017A82 
  96 014b 7DB9EFB2 		.ascii	"}\271\357\262*\342\000y\265\367\265v\377\254E\011|\270"
  96      2AE20079 
  96      B5F7B576 
  96      FFAC4509 
  96      7CB8
  97 015d 8043E978 		.ascii	"\200C\351x\374\345\313\312\237\025\326\336\240\247,"
  97      FCE5CBCA 
  97      9F15D6DE 
  97      A0A72C
  98 016c 5C7C2A7F 		.ascii	"\\|*\177mFt\3160\036j\264\325\326\244\224H\234]\215"
  98      6D4674CE 
  98      301E6AB4 
  98      D5D6A494 
  98      489C5D8D 
  99 0180 440C59F1 		.ascii	"D\014Y\361\233\346\200\231\260\373\256\364\031\011\333"
  99      9BE68099 
  99      B0FBAEF4 
  99      1909DB
 100 018f B81D4B9A 		.ascii	"\270\035K\232\211[\266\021\267\254\350h2fYCI\333\260"
 100      895BB611 
 100      B7ACE868 
 100      32665943 
 100      49DBB0
 101 01a2 C7EC786C 		.ascii	"\307\354xld\304\216J5\"Al\231\203l\233\303\177\000\363"
 101      64C48E4A 
 101      3522416C 
 101      99836C9B 
 101      C37F00F3 
 102 01b6 3BA17E   		.ascii	";\241~"
ARM GAS  C:\Users\Luczia\AppData\Local\Temp\cct6Tf5b.s 			page 8


 103              		.text
 104              		.section	.gnu.lto__open_r.803e8611,"",%progbits
 105 0000 789C6363 		.ascii	"x\234cc``h\001b\033 \226\001b\006\026\006F&\006 fd\006"
 105      60606801 
 105      621B2096 
 105      01620616 
 105      06462606 
 106 0018 92CC8C8C 		.ascii	"\222\314\214\214@!F\206z&f\306z\306\036\346)\314\214"
 106      40214686 
 106      7A2666C6 
 106      7AC61EE6 
 106      29CC8C
 107 002b 87DA9FED 		.ascii	"\207\332\237\355d\322\\\336\000\004\007\246\377\323"
 107      64D25CDE 
 107      000407A6 
 107      FFD3
 108 0039 686A6895 		.ascii	"hjh\225\230\003T:\215\231\001\014\03073j2\000\225=\332"
 108      9803543A 
 108      8D99010C 
 108      1837336A 
 108      3200953D 
 109 004e F86F2A2F 		.ascii	"\370o*/\033\013D\234q\013#\033\003\310\244\365\227X"
 109      1B0B449C 
 109      710B231B 
 109      03C8A4F5 
 109      9758
 110 0060 0F34FCFB 		.ascii	"\0174\374\373\337\336p\340\316\"\306\311\254@\213:\300"
 110      DFDE70E0 
 110      CE22C6C9 
 110      AC408B3A 
 110      C0
 111 0071 FA3A9881 		.ascii	"\372:\230\201L\346Nf \207\371\005\320\316\351@\306;"
 111      4CE64E66 
 111      2087F905 
 111      D0CEE940 
 111      C63B
 112 0083 C6A6058B 		.ascii	"\306\246\005\213\245\300Z!J\200\006\000UY\351\351\351"
 112      A5C05A21 
 112      4A800600 
 112      5559E9E9 
 112      E9
 113 0094 03517246 		.ascii	"\003QrFfRf~\261\241\245\241~~\261~YbQf~i\261~rAA|yQ"
 113      6652667E 
 113      B1A1A5A1 
 113      7E7EB17E 
 113      59625166 
 114 00b2 6241416A 		.ascii	"bAAjQ\261~qeqrbNNq<PT\017\210\031\000cc91"
 114      51B17E71 
 114      65717262 
 114      4E4E713C 
 114      50540F88 
 115              		.text
 116              		.section	.gnu.lto___cxa_pure_virtual.803e8611,"",%progbits
 117 0000 789C254E 		.ascii	"x\234%N\277K\303`\020\275\313\265Q\004G\301\301!\035"
 117      BF4BC360 
 117      10BDCBB5 
 117      510447C1 
ARM GAS  C:\Users\Luczia\AppData\Local\Temp\cct6Tf5b.s 			page 9


 117      C1211D
 118 0013 1CBA2474 		.ascii	"\034\272$tT\360\177pu*1T\014\204&\344k*N\371\360\007"
 118      54F07F70 
 118      752A3154 
 118      0C8426E4 
 118      6B2A4EF9 
 119 0029 ADE0A851 		.ascii	"\255\340\250Q0`\301A\234\244\264Z\262\005w\035\\\255"
 119      3060C141 
 119      9CA4B45A 
 119      B205771D 
 119      5CAD
 120 003b 8B835350 		.ascii	"\213\203SPp7zI\037\337\033\356\335{\357>\025\000\236"
 120      70377A49 
 120      1FDF1BEE 
 120      DD7BEF3E 
 120      15009E
 121 004e 995BCC25 		.ascii	"\231[\314%&\020\240\002LD\036\020B\005C<\2453\302\247"
 121      2610A002 
 121      4C441E10 
 121      4205433C 
 121      A533C2A7 
 122 0062 DE67A2D4 		.ascii	"\336g\242\324o%#\275\210V\017\345\361rL\000\021A\011"
 122      6F2523BD 
 122      88560FE5 
 122      F1724C00 
 122      114109
 123 0075 1C611DD8 		.ascii	"\034a\035\330\3661\314\317\027\325\312L\3071\252P\024"
 123      F631CCCF 
 123      17D5CA4C 
 123      C731AA50 
 123      14
 124 0086 DDBF5653 		.ascii	"\335\277VS\231\377\365d:\275\301\253*\357\372e\356\204"
 124      99FFF564 
 124      3ABDC1AB 
 124      2AEFFA65 
 124      EE84
 125 0098 F8186578 		.ascii	"\370\030ex4\030\375`\351\346\212$\311\336\346\302_9"
 125      3418FD60 
 125      E9E68A24 
 125      C9DEE6C2 
 125      5F39
 126 00aa 1F1346C4 		.ascii	"\037\023F\304q|\300\260X\274\347\3379\3266\256\345\245"
 126      717CC0B0 
 126      58BCE7DF 
 126      39D636AE 
 126      E5A5
 127 00bc 16739095 		.ascii	"\026s\220\225iv\367\242\262\225\277B\370\210\265\331"
 127      6976F7A2 
 127      B295BF42 
 127      F888B5D9 
 128 00cc C1098631 		.ascii	"\301\011\2061U\340\013\017\006\223\205R*\320/\252\370"
 128      55E00B0F 
 128      06938552 
 128      2AD02FAA 
 128      F8
 129 00dd DCBAAE1B 		.ascii	"\334\272\256\033\374\254]{\333vEc\255a\270\302\350\232"
 129      FCAC5D7B 
ARM GAS  C:\Users\Luczia\AppData\Local\Temp\cct6Tf5b.s 			page 10


 129      DB764563 
 129      AD61B8C2 
 129      E89A
 130 00ef BEED06C2 		.ascii	"\276\355\006\302\260<\257\271\347\233\236\327\362\205"
 130      B03CAFB9 
 130      E79B9ED7 
 130      F285
 131 00fd 21F68565 		.ascii	"!\366\205e:\216h\262\2523ae3\360[Z\327\366;\201\351"
 131      3A8E68B2 
 131      AA336165 
 131      33F05B5A 
 131      D7F63B81 
 132 0112 683B41DB 		.ascii	"h;A\333\352\330n[+L:\374\003\242\036_["
 132      EAD86E5B 
 132      2B4C3AFC 
 132      03A21E5F 
 132      5B
 133              		.text
 134              		.section	.gnu.lto_.symbol_nodes.803e8611,"",%progbits
 135 0000 789C558C 		.ascii	"x\234U\214\273\015\302@\020\005g\337\341\023eX\256\004"
 135      BB0DC240 
 135      100567DF 
 135      E1136558 
 135      AE04
 136 0012 2ADB2320 		.ascii	"*\333# \247\007\"\273\003\223\021\3623\224@%\210\005"
 136      A70722BB 
 136      039311F2 
 136      33944025 
 136      8805
 137 0024 CBC105AB 		.ascii	"\313\301\005\253\221\346\2156\003C\034\352\345p\230"
 137      91E68D36 
 137      03431CEA 
 137      E57098
 138 0033 20309673 		.ascii	" 0\226s\311\341\256r[\334i\267\015s\223\2536wy\252L"
 138      C9E1AE72 
 138      5BDC69B7 
 138      0D7393AB 
 138      367779AA 
 139 0048 F312EDEF 		.ascii	"\363\022\355\357\343C\276\252\333I\336\324\355E\266"
 139      E343BEAA 
 139      DB49DED4 
 139      ED45B6
 140 0057 EF22B6A7 		.ascii	"\357\"\266\247<\377'(e\003\2115\307\367\307\22213\317"
 140      3CFF2728 
 140      65038935 
 140      C7F7C792 
 140      3133CF
 141 006a E40BBDA9 		.ascii	"\344\013\275\251+\223"
 141      2B93
 142              		.text
 143              		.section	.gnu.lto_.refs.803e8611,"",%progbits
 144 0000 789C6363 		.ascii	"x\234cc```\003bFfF\026F\006\000\000\305\000\027"
 144      60606003 
 144      62466646 
 144      16460600 
 144      00C50017 
 145              		.text
ARM GAS  C:\Users\Luczia\AppData\Local\Temp\cct6Tf5b.s 			page 11


 146              		.section	.gnu.lto_.decls.803e8611,"",%progbits
 147 0000 789CAD55 		.ascii	"x\234\255UiLTW\024~g\336 \303c(\204\032cR~\020\255)"
 147      694C5457 
 147      147E67DE 
 147      20C36328 
 147      841A6352 
 148 0018 A97510DB 		.ascii	"\251u\020\333\304j\372\303\244?j\322\246ij\374!%y\216"
 148      C46AFAC3 
 148      A43F6AD2 
 148      A6696AFC 
 148      2125798E 
 149 002c 33539974 		.ascii	"3S\231t\234\2413\203\313\217\246W@j\305\205Z\\\212\032"
 149      9CA13383 
 149      CB8FA657 
 149      406AC585 
 149      5A5C8A1A 
 150 0040 914570A9 		.ascii	"\221Ep\251\322\326\272\026\031P\021DF\\\020P\266a\223"
 150      D2D6BA16 
 150      19501144 
 150      465C1050 
 150      B66193
 151 0053 55194541 		.ascii	"U\031EA\024\350\271\367\275a\206Q\372\303\364\2063\367"
 151      14E8B9F7 
 151      BD618651 
 151      FAC3F486 
 151      33F7
 152 0065 DD73BFF3 		.ascii	"\335s\277\363\335s\276w\336e\032\307q\315A\034\267\\"
 152      DD73BE77 
 152      DE651AC7 
 152      71CD411C 
 152      B75C
 153 0077 C17105C0 		.ascii	"\301q\005\300q\3438\002\321W\302y\007]_E\273\211\326"
 153      71E33802 
 153      D157C279 
 153      075D5F45 
 153      BB89D6
 154 008a 80E6426B 		.ascii	"\200\346BkG\353D\353B\303P\256\007\255\217\233<v \337"
 154      47EB44EB 
 154      42C350AE 
 154      07AD8F9B 
 154      3C7620DF 
 155 009e 349C57A2 		.ascii	"4\234W\242\205\243MG+E\353G+\2231\012\231\273\213{u"
 155      85A34D47 
 155      2B45EB47 
 155      2B93310A 
 155      99BB8B7B 
 156 00b3 E460BCCA 		.ascii	"\344`\274\312/>V\216\177\2026\350\307sS\346\362\037"
 156      2F3E568E 
 156      7F8236E8 
 156      C77353E6 
 156      F21F
 157 00c5 E79087F7 		.ascii	"\347\220\207\367\341\270'\373A\256\207\316O\375b.\241"
 157      E1B827FB 
 157      41AE87CE 
 157      4FFD622E 
 157      A1
 158 00d6 53E977EE 		.ascii	"S\351w\356\327>q.\237\272\237\371\305V\200\204Y\351"
ARM GAS  C:\Users\Luczia\AppData\Local\Temp\cct6Tf5b.s 			page 12


 158      D73E712E 
 158      9FBA9FF9 
 158      C5568084 
 158      59E9
 159 00e8 836F97E7 		.ascii	"\203o\227\347!?l\025:\003d,\255k\024m\314\257\256\316"
 159      213F6C15 
 159      3A03642C 
 159      AD6B146D 
 159      CCAFAECE 
 160 00fc 29EACAE0 		.ascii	")\352\312\340a\254\363BGh34Rj\010\003\220O\366\035t"
 160      61ACF342 
 160      47683334 
 160      526A0803 
 160      904FF61D 
 161 0111 3DEE1974 		.ascii	"=\356\031t_\002(\300\263)\241\374\303\330\036H\246\340"
 161      5F0228C0 
 161      B329A1FC 
 161      C3D81E48 
 161      A6E0
 162 0123 BC586F84 		.ascii	"\274Xo\204\017\253o0\320\301\261T|sa\231\311\351\201"
 162      0FAB6F30 
 162      D0C1B154 
 162      7C736199 
 162      C9E981
 163 0136 F77898C0 		.ascii	"\367x\230\300x\360>\2540\021\364jv\234\364N\251\010"
 163      78F03EAC 
 163      3011F46A 
 163      769CF44E 
 163      A908
 164 0148 357D5B4F 		.ascii	"5}[O\250[\240\011\241+8.]\265\006\250\267\"/\311\035"
 164      A85BA009 
 164      A12B382E 
 164      5DB506A8 
 164      B7222FC9 
 165 015d CC2BD8B3 		.ascii	"\314+\330\263\363\360\301\013!\374\014\366\334]\364"
 165      F3F0C10B 
 165      21FC0CF6 
 165      DC5DF4
 166 016c F0894A73 		.ascii	"\360\211Js\234HCU\300sp\032x\217\240\316{\273N\204\362"
 166      9C484355 
 166      C073701A 
 166      788FA0CE 
 166      7BBB4E84 
 167 0181 DF30E4CD 		.ascii	"\3370\344\315\224\302\375|\032\017\341\002(q\351\256"
 167      94C2FD7C 
 167      1A0FE102 
 167      2871E9AE 
 168 0191 CA6C7B0B 		.ascii	"\312l{\013\227\323\005\210\244\310\374\274\014\201_"
 168      97D30588 
 168      A4C8FCBC 
 168      0C815F
 169 01a0 CD9035C3 		.ascii	"\315\2205\303E#j\336H\237\2259\333\267\273\005\210\000"
 169      45236ADE 
 169      489F9539 
 169      DBB7BB05 
 169      8800
 170 01b2 FA274465 		.ascii	"\372'De\222\315\204\014\374\010\305 p\231D\305f\364"
ARM GAS  C:\Users\Luczia\AppData\Local\Temp\cct6Tf5b.s 			page 13


 170      92CD840C 
 170      FC08C520 
 170      709944C5 
 170      66F4
 171 01c4 24119243 		.ascii	"$\021\222C\370\231\034|\030\001\363#8p@\024\333\342"
 171      F8991C7C 
 171      1801F323 
 171      38704014 
 171      DBE2
 172 01d6 E022C615 		.ascii	"\340\"\306\025A\004w\230f\227E\262T\034\335\200\177"
 172      41047798 
 172      669745B2 
 172      541CDD80 
 172      7F
 173 01e7 E414E102 		.ascii	"\344\024\341\002}\300#G\352\363\334\201\202L\265\371"
 173      7DC02347 
 173      EAF3DC81 
 173      824CB5F9 
 174 01f7 3FA910ED 		.ascii	"?\251\020\355\330\271\315\245Ro\241\350\254d\022\264"
 174      D8B9CDA5 
 174      526FA1E8 
 174      AC6412B4 
 175 0207 144A90F3 		.ascii	"\024J\220\363<\356\237\303}\016JA-\327\237\326<~\006"
 175      3CEE9FC3 
 175      7D0E4A41 
 175      2DD79FD6 
 175      3C7E06
 176 021a 940AC907 		.ascii	"\224\012\311\007f%\365]\031\037r\204J:(pyk\340\372\201"
 176      6625F55D 
 176      191F7284 
 176      4A3A2870 
 176      796BE0FA 
 177 022f 60498730 		.ascii	"`I\2070\\\346\264\346w\0103w\323t\323\223I\230\002V"
 177      5CE6B4E6 
 177      77083377 
 177      D374D393 
 177      49980256 
 178 0243 CE802BC8 		.ascii	"\316\200+\310|\2311\227\301L\374\275\004J\211>\2517"
 178      7C993197 
 178      C14CFCBD 
 178      044A893E 
 178      A937
 179 0255 B56FDAAC 		.ascii	"\265o\332\254,\342p\020\307\320\201\217_\324u\021\202"
 179      2CE27010 
 179      C7D0818F 
 179      5FD47511 
 179      82
 180 0266 59115052 		.ascii	"Y\021PR$\234\005\036\316\200\206\326\3717\255\023NA"
 180      249C051E 
 180      CE8086D6 
 180      F937AD13 
 180      4E41
 181 0278 0BC05FD0 		.ascii	"\013\300_\320\214\257\366*\314B\202\316\332l'\317\357"
 181      8CAFF62A 
 181      CC4282CE 
 181      DA6C27CF 
 181      EF
ARM GAS  C:\Users\Luczia\AppData\Local\Temp\cct6Tf5b.s 			page 14


 182 0289 0626FBC1 		.ascii	"\006&\373\301\212\326Cj~\277\264\350\356\272s?\0243"
 182      8AD6436A 
 182      7EBFB4E8 
 182      EEBA733F 
 182      1433
 183 029b 870A2615 		.ascii	"\207\012&\025z\252Nv\247M\343\363\244\355\232\237\335"
 183      7AAA4E76 
 183      A74DE3F3 
 183      A4ED9A9F 
 183      DD
 184 02ac 3F29E976 		.ascii	"?)\351v%n\3035`\225\025nt\344\207\360G%D_\237\263ZE"
 184      256EC335 
 184      6095156E 
 184      74E487F0 
 184      4725445F 
 185 02c4 11551471 		.ascii	"\021U\024q]B\2348\376\242P`z\304\012\262\034Y\231i\205"
 185      5D429C38 
 185      FEA25060 
 185      7AC40AB2 
 185      1C599969 
 186 02d9 2153165C 		.ascii	"!S\026\\\315\012\276\341)8\345\327\354&\300\202\263"
 186      CD0ABEE1 
 186      2938E5D7 
 186      EC26C082 
 186      B3
 187 02ea 4A88A3F6 		.ascii	"J\210\243\366\304|\327)B69\010QR\034\224{\312\005'\012"
 187      C47CD729 
 187      42363908 
 187      51521C94 
 187      7BCA0527 
 188 02ff 50EE5FF1 		.ascii	"P\356_\361MVq\301KG\201\232\357\227r\334\264\355\367"
 188      4D5671C1 
 188      4B47819A 
 188      EF9772DC 
 188      B4EDF7
 189 0312 3D026A8F 		.ascii	"=\002j\217\311\260\233\032]\355\003#\247\225\222\213"
 189      C9B09B1A 
 189      5DED0323 
 189      A795928B 
 190 0322 A6B41E5D 		.ascii	"\246\264\036]\345\271\205\217\202\371\247,D\341\354"
 190      E5B9858F 
 190      82F9A72C 
 190      44E1EC
 191 0331 ADAC0E86 		.ascii	"\255\254\016\206(\2015\224\343Q\361\373w\223\011Q@-"
 191      28813594 
 191      E351F1FB 
 191      77930951 
 191      402D
 192 0343 36408D57 		.ascii	"6@\215W\356Xl\030\332\230D\352\017n\2429\340.\366\023"
 192      EE586C18 
 192      DA9844EA 
 192      0F6EA239 
 192      E02EF613 
 193 0357 DD853BE8 		.ascii	"\335\205;\350\271-\265\323xe\335\017|\035\373\266\024"
 193      B92DB5D3 
 193      7865DD0F 
 193      7C1DFBB6 
ARM GAS  C:\Users\Luczia\AppData\Local\Temp\cct6Tf5b.s 			page 15


 193      14
 194 0368 174F3AB3 		.ascii	"\027O:\263\002'\370\207\356/>y\207\220H\270\207\374"
 194      0227F887 
 194      EE2F3E79 
 194      879048B8 
 194      87FC
 195 037a 755EFE5A 		.ascii	"u^\376Z\230\362\200\372\327\034P\277cW\361$\215)\235"
 195      98F280FA 
 195      D71C50BF 
 195      6357F124 
 195      8D299D
 196 038d 57E4FB4C 		.ascii	"W\344\373Ld\263\254\361\223_\366\215\006P\215[\250\306"
 196      64B3ACF1 
 196      935FF68D 
 196      06508D5B 
 196      A8C6
 197 039f 518FA9C6 		.ascii	"Q\217\251\306\204j\2140\270\345\315\341\226\277\300"
 197      846A8C30 
 197      B8E5CDE1 
 197      96BFC0
 198 03ae 0D4CE0AA 		.ascii	"\015L\340\252#\307\232\005\376,\017S\274oW~G\242\307"
 198      23C79A05 
 198      FE2C0F53 
 198      BC6F577E 
 198      47A2C7
 199 03c1 D32475C5 		.ascii	"\323$u\305\226\242\236\334I=\037\353\233]\013\313\256"
 199      96A29EDC 
 199      493D1FEB 
 199      9B5D0BCB 
 199      AE
 200 03d2 D9D30295 		.ascii	"\331\323\002\225}M\227AN\257lY&q\340\027\213/\000Qx"
 200      7D4D9741 
 200      4EAF6C59 
 200      2671E017 
 200      8B2F0051 
 201 03e7 6F4F24D7 		.ascii	"oO$\327\350\237\234\213%w\350OW>\360\027\245\344\216"
 201      E89F9C8B 
 201      2577E84F 
 201      573EF017 
 201      A5E48E
 202 03fa 6F1DCF08 		.ascii	"o\035\317\010\230\262\363\332&\211RY\222\355\016\222"
 202      98B2F3DA 
 202      26895259 
 202      92ED0E92 
 203 040a 4F1DD34D 		.ascii	"O\035\323M\234\212 h\365\236\332\352\177j;;5%=\347\254"
 203      9C8A2068 
 203      F59EDAEA 
 203      7F6A3B3B 
 203      35253DE7 
 204 041f 9A2F934E 		.ascii	"\232/\223N=\275\357\310F\2012\3417{/\227'\031H\024\306"
 204      3DBDEFC8 
 204      468132E1 
 204      377B2F97 
 204      27194814 
 205 0434 883ABC44 		.ascii	"\210:\274D\035\376D\235\214\3101\220\273\227\347\353"
 205      1DFE449D 
 205      8CC83190 
ARM GAS  C:\Users\Luczia\AppData\Local\Temp\cct6Tf5b.s 			page 16


 205      BB97E7EB 
 206 0444 25A24DE9 		.ascii	"%\242M\351U\177\250\221\250\005\373\244\371\345\007"
 206      557FA891 
 206      A805FBA4 
 206      F9E507
 207 0453 FB0BBBC8 		.ascii	"\373\013\273\310f\201]\021\360\300\313\364\300s\323"
 207      66815D11 
 207      F0C0CBF4 
 207      C073D3
 208 0462 7531860C 		.ascii	"u1\206\014\367h\271\212\337\254\334H\"\331\375\324Z"
 208      F768B98A 
 208      DFACDC48 
 208      22D9FDD4 
 208      5A
 209 0473 DC183027 		.ascii	"\334\0300'\007oF\372\256?)\275\224\352H\007*\177\267"
 209      076F46FA 
 209      AE3F29BD 
 209      94EA4807 
 209      2A7FB7
 210 0486 C4E073A9 		.ascii	"\304\340s\251u\263\224z`\016m\221\341\313\203j~\273"
 210      75B3947A 
 210      600E6D91 
 210      E1CB836A 
 210      7EBB
 211 0498 87E5D0C8 		.ascii	"\207\345\320\310\263\014\025e)\305L\322\370}\316T\202"
 211      B30C1565 
 211      29C54CD2 
 211      F87DCE54 
 211      82
 212 04a9 2CA21A7A 		.ascii	",\242\032z_a\241\036\015vi\037\343IM*}\256\366\275G"
 212      5F61A11E 
 212      0D76691F 
 212      E3494D2A 
 212      7DAEF6BD 
 213 04be 69F25E70 		.ascii	"i\362^p\277t\217\322\031\301\243\003\325\243j\351\336"
 213      BF748FD2 
 213      19C1A303 
 213      D5A36AE9 
 213      DE
 214 04cf 1470F9A2 		.ascii	"\024p\371\242<\365 \010\336O\200\372\275\241\217\330"
 214      3CF52008 
 214      DE4F80FA 
 214      BDA18FD8 
 215 04df 951D1D01 		.ascii	"\225\035\035\001\017\245/\240\266>\345\034H\301\301"
 215      0FA52FA0 
 215      B63EE51C 
 215      48C1C1
 216 04ee B83CE3DA 		.ascii	"\270<\343\332U\034$]\272ut{\260\265\276N\025\236\316"
 216      551C245D 
 216      BA75747B 
 216      B0B5BE4E 
 216      159ECE
 217 0501 5A81642D 		.ascii	"Z\201d-\001\366O\302\215l\003\214\3551\204{8\331\225"
 217      01F64FC2 
 217      8D6C038C 
 217      ED31847B 
 217      38D995
ARM GAS  C:\Users\Luczia\AppData\Local\Temp\cct6Tf5b.s 			page 17


 218 0514 75785F6F 		.ascii	"ux_o\240/\272dJ4<\201p\214xX\323\237\033\352[(\272}"
 218      A02FBA64 
 218      4A343C81 
 218      708C7858 
 218      D39F1BEA 
 219 052c B21D940B 		.ascii	"\262\035\224\013\035d\205V\354\271\326\240\234}\210"
 219      1D648556 
 219      ECB9D6A0 
 219      9C7D88
 220 053b 5D0078C9 		.ascii	"]\000x\311\355$\351a\330\232\354\373\222^\345S\230\215"
 220      ED24E961 
 220      D89AECFB 
 220      925EE553 
 220      988D
 221 054d B0E41B63 		.ascii	"\260\344\033c\277\0112\254'\231\300\022\006ry@\317\030"
 221      BF0932AC 
 221      2799C012 
 221      06727940 
 221      CF18
 222 055f E8B873F8 		.ascii	"\350\270s\370q\210\014\272\226\342\001\265{@C\014Tp"
 222      71880CBA 
 222      96E201B5 
 222      7B40430C 
 222      5470
 223 0571 A5F48C2C 		.ascii	"\245\364\214,\316;\270\334{;'5dJe\237{\224\035\226\224"
 223      CE3BB8DC 
 223      7B3B2735 
 223      644A659F 
 223      7B941D96 
 224 0586 3D5BD4BF 		.ascii	"=[\324\277@\212\215\300\325\371F\267C\376o\326\002\270"
 224      408A8DC0 
 224      D5F946B7 
 224      43FE6FD6 
 224      02B8
 225 0598 CE3E5AD2 		.ascii	"\316>Z\322\366\226\277\260/\220l\204\221\275dR=\367"
 225      F696BFB0 
 225      2F906C84 
 225      91BD6452 
 225      3DF7
 226 05aa 089BD7E0 		.ascii	"\010\233\327\340\330\021\344/\354\353\3210\312\204\335"
 226      D811E42F 
 226      ECEBD130 
 226      CA84DD
 227 05b9 71E958DB 		.ascii	"q\351X\333$aG'\011;&\013K\347\267\305\330/bb,6\255i"
 227      24614727 
 227      093B260B 
 227      4BE7B7C5 
 227      D82F6262 
 228 05d1 D906DB52 		.ascii	"\331\006\333R\255\311\376\325\347\272E\032M4\376\351"
 228      ADC9FED5 
 228      E7BA451A 
 228      4D34FEE9 
 229 05e1 E28DAB8C 		.ascii	"\342\215\253\214\026[\314\242\230h\213-z\255\326j\264"
 229      165BCCA2 
 229      98688B2D 
 229      7AADD66A 
 229      B4
ARM GAS  C:\Users\Luczia\AppData\Local\Temp\cct6Tf5b.s 			page 18


 230 05f2 24DAA275 		.ascii	"$\332\242u\011\011\342:\2536!\301`\265E\3336\330tZ\223"
 230      0909E23A 
 230      AB3621C1 
 230      60B545DB 
 230      36D8745A 
 231 0607 C926A257 		.ascii	"\311&\242W\203&|\366\345\362\310O\347\316\215\211\341"
 231      83267CF6 
 231      E5F2C84F 
 231      E7CE8D89 
 231      E1
 232 0618 827D3841 		.ascii	"\202}8A\247\324\305k\255\357\275\2167^k\212\246\320"
 232      A7D4C56B 
 232      ADEFBD8E 
 232      375E6B8A 
 232      A6D0
 233 062a 68AB9DCD 		.ascii	"h\253\235\315\232x.@4\2547\332Uf\213\325`O\264\232\225"
 233      9A782E40 
 233      34AC37DA 
 233      55668BD5 
 233      604FB49A 
 234 063f 2683F6DB 		.ascii	"&\203\366\333@\263\305\036o\265\254[\374\306\271q\201"
 234      40B3C51E 
 234      6FB5AC5B 
 234      FCC6B971 
 234      81
 235 0650 E26A833D 		.ascii	"\342j\203=\301\250\017\024E\374\025\355\261\272\305"
 235      C1A80F14 
 235      45FC15ED 
 235      B1BAC5
 236 065f 718CC766 		.ascii	"q\214\307fO\324\033-qv\213\305d\213[mN\214dO\221Z\353"
 236      4FD41B2D 
 236      71768BC5 
 236      648B5B6D 
 236      4E8C644F 
 237 0676 9A48C39A 		.ascii	"\232H\303\232U\006\275\336\240\217[\250\231\037\271"
 237      5506BDDE 
 237      A08F5BA8 
 237      991FB9
 238 0685 607ECCC2 		.ascii	"`~\314\302\357?\212C\377<\263\305l\230g\320\2562\306"
 238      EF3F8A43 
 238      FF3CB3C5 
 238      6C9867D0 
 238      AE32C6
 239 0698 19CD3A53 		.ascii	"\031\315:S\242\336\020\207\307\305\211\366\015\011\006"
 239      A2DE1087 
 239      C7C589F6 
 239      0D0906
 240 06a7 1BAD801D 		.ascii	"\033\255\200\035\260\342\177?`\202_\374\316h2\005\212"
 240      B0E27F3F 
 240      60825FFC 
 240      CE683205 
 240      8A
 241 06b8 96048359 		.ascii	"\226\004\203Y\264\206\213\242n\275VLH\264\032\304\265"
 241      B4868BA2 
 241      6EBD564C 
 241      48B41AC4 
 241      B5
ARM GAS  C:\Users\Luczia\AppData\Local\Temp\cct6Tf5b.s 			page 19


 242 06c9 46AB3D51 		.ascii	"F\253=Qk\012\322\305\313\332\277\373:\301Pk\231\026"
 242      6B0AD2C5 
 242      CBDABFFB 
 242      3AC1506B 
 242      9916
 243 06db 37289FC1 		.ascii	"7(\237\301j5[\324\242\250\267Y\304x\255Yo2\274\241\320"
 243      6A355BD4 
 243      A2A8B759 
 243      C478AD59 
 243      6F32BCA1 
 244 06f0 F128F4BF 		.ascii	"\361(\364\277\321\326\313\034"
 244      D1D6CB1C 
 245              		.text
 246              		.section	.gnu.lto_.symtab.803e8611,"",%progbits
 247 0000 5F657869 		.ascii	"_exit\000"
 247      7400
 248 0006 00       		.ascii	"\000"
 249 0007 00       		.ascii	"\000"
 250 0008 00       		.ascii	"\000"
 251 0009 00000000 		.ascii	"\000\000\000\000\000\000\000\000"
 251      00000000 
 252 0011 D1000000 		.ascii	"\321\000\000\000"
 253 0015 5F676574 		.ascii	"_getpid\000"
 253      70696400 
 254 001d 00       		.ascii	"\000"
 255 001e 00       		.ascii	"\000"
 256 001f 00       		.ascii	"\000"
 257 0020 00000000 		.ascii	"\000\000\000\000\000\000\000\000"
 257      00000000 
 258 0028 DC000000 		.ascii	"\334\000\000\000"
 259 002c 5F6B696C 		.ascii	"_kill\000"
 259      6C00
 260 0032 00       		.ascii	"\000"
 261 0033 00       		.ascii	"\000"
 262 0034 00       		.ascii	"\000"
 263 0035 00000000 		.ascii	"\000\000\000\000\000\000\000\000"
 263      00000000 
 264 003d E1000000 		.ascii	"\341\000\000\000"
 265 0041 5F6F7065 		.ascii	"_open_r\000"
 265      6E5F7200 
 266 0049 00       		.ascii	"\000"
 267 004a 00       		.ascii	"\000"
 268 004b 00       		.ascii	"\000"
 269 004c 00000000 		.ascii	"\000\000\000\000\000\000\000\000"
 269      00000000 
 270 0054 E4000000 		.ascii	"\344\000\000\000"
 271 0058 5F5F6378 		.ascii	"__cxa_pure_virtual\000"
 271      615F7075 
 271      72655F76 
 271      69727475 
 271      616C00
 272 006b 00       		.ascii	"\000"
 273 006c 00       		.ascii	"\000"
 274 006d 00       		.ascii	"\000"
 275 006e 00000000 		.ascii	"\000\000\000\000\000\000\000\000"
 275      00000000 
 276 0076 E6000000 		.ascii	"\346\000\000\000"
ARM GAS  C:\Users\Luczia\AppData\Local\Temp\cct6Tf5b.s 			page 20


 277 007a 5F5F6473 		.ascii	"__dso_handle\000"
 277      6F5F6861 
 277      6E646C65 
 277      00
 278 0087 00       		.ascii	"\000"
 279 0088 00       		.ascii	"\000"
 280 0089 00       		.ascii	"\000"
 281 008a 00000000 		.ascii	"\000\000\000\000\000\000\000\000"
 281      00000000 
 282 0092 EC000000 		.ascii	"\354\000\000\000"
 283 0096 6572726E 		.ascii	"errno\000"
 283      6F00
 284 009c 00       		.ascii	"\000"
 285 009d 02       		.ascii	"\002"
 286 009e 00       		.ascii	"\000"
 287 009f 00000000 		.ascii	"\000\000\000\000\000\000\000\000"
 287      00000000 
 288 00a7 EA000000 		.ascii	"\352\000\000\000"
 289 00ab 63685379 		.ascii	"chSysHalt\000"
 289      7348616C 
 289      7400
 290 00b5 00       		.ascii	"\000"
 291 00b6 02       		.ascii	"\002"
 292 00b7 00       		.ascii	"\000"
 293 00b8 00000000 		.ascii	"\000\000\000\000\000\000\000\000"
 293      00000000 
 294 00c0 E8000000 		.ascii	"\350\000\000\000"
 295              		.text
 296              		.section	.gnu.lto_.opts,"",%progbits
 297 0000 272D666D 		.ascii	"'-fmath-errno' '-fsigned-zeros' '-ftrapping-math' '"
 297      6174682D 
 297      6572726E 
 297      6F272027 
 297      2D667369 
 298 0033 2D666E6F 		.ascii	"-fno-trapv' '-fno-strict-overflow' '-fno-openmp' '-"
 298      2D747261 
 298      70762720 
 298      272D666E 
 298      6F2D7374 
 299 0066 666E6F2D 		.ascii	"fno-openacc' '-mcpu=cortex-m4' '-mthumb' '-O0' '-fo"
 299      6F70656E 
 299      61636327 
 299      20272D6D 
 299      6370753D 
 300 0099 6D69742D 		.ascii	"mit-frame-pointer' '-falign-functions=16' '-ffuncti"
 300      6672616D 
 300      652D706F 
 300      696E7465 
 300      72272027 
 301 00cc 6F6E2D73 		.ascii	"on-sections' '-fdata-sections' '-fno-common' '-flto"
 301      65637469 
 301      6F6E7327 
 301      20272D66 
 301      64617461 
 302 00ff 2720272D 		.ascii	"' '-fno-exceptions'\000"
 302      666E6F2D 
 302      65786365 
ARM GAS  C:\Users\Luczia\AppData\Local\Temp\cct6Tf5b.s 			page 21


 302      7074696F 
 302      6E732700 
 303              		.text
 304              		.comm	__gnu_lto_v1,1,1
 305              		.comm	__gnu_lto_slim,1,1
 306              		.ident	"GCC: (GNU Tools for Arm Embedded Processors 7-2017-q4-major) 7.2.1 20170904 (release) [ARM
ARM GAS  C:\Users\Luczia\AppData\Local\Temp\cct6Tf5b.s 			page 22


DEFINED SYMBOLS
                            *ABS*:00000000 syscalls_cpp.cpp
                            *COM*:00000001 __gnu_lto_v1
                            *COM*:00000001 __gnu_lto_slim

NO UNDEFINED SYMBOLS
